
gen	nevals	avg    	std    	min    	max    
1  	140   	1592.29	661.736	837.098	4769.77
2  	140   	1622.12	731.877	834.18 	5357.01
3  	140   	1376.4 	460.528	539.225	3400.59
4  	140   	1351.68	458.697	539.225	3389.81
5  	140   	1211.47	507.722	539.225	5509.95
6  	140   	1281.68	549.857	505.426	3719.43
7  	140   	1167.92	546.379	505.426	4816.44
8  	140   	1146.45	632.384	491.575	5424.1 
9  	140   	1163.96	606.88 	410.096	4362.77
10 	140   	999.928	547.322	260.487	6183.4 
11 	140   	975.267	617.934	277.83 	7341.31
12 	140   	1030.2 	509.659	286.62 	4593.98
13 	140   	1007.74	473.25 	208.873	3546.37
14 	140   	926.362	422.344	208.873	2593.09
15 	140   	944.62 	611.911	206.114	5635.57
16 	140   	890.228	496.124	205.076	2904.76
17 	140   	873.426	733.928	205.076	7890.26
18 	140   	878.55 	820.325	196.31 	7890.26
19 	140   	757.075	641.406	178.871	7890.26
20 	140   	691.181	481.34 	178.871	2553.26
21 	140   	718.015	475.211	121.018	2916.26
22 	140   	702.331	469.331	121.018	2553.27
23 	140   	701.389	576.472	121.018	5688.22
24 	140   	700.59 	520.969	121.018	2923.05
25 	140   	627.504	469.813	121.018	2624.05
26 	140   	626.257	440.855	121.018	1922.64
27 	140   	627.458	546.211	120.871	4444.91
28 	140   	597.845	546.801	94.6435	4444.91
29 	140   	630.526	535.882	94.6435	2976.11
30 	140   	570.15 	446.802	94.6435	2899.13
31 	140   	670.285	577.034	93.9972	4199.14
32 	140   	694.646	1070.17	94.6435	15659.4
33 	140   	706.361	1632.93	94.6435	25807.8
34 	140   	616.703	564.087	94.6435	3625.13
35 	140   	512.185	498.718	94.6435	2724.91
36 	140   	566.433	489.848	94.6435	3016.61
37 	140   	524.902	491.917	94.6435	3006.1 
38 	140   	558.547	504.736	91.6226	3404.37
39 	140   	556.11 	570.48 	79.2016	5567.42
40 	140   	498.029	571.327	79.2016	6805.38
41 	140   	511.411	525.796	79.2016	4801.39
42 	140   	558.795	507.11 	76.1312	3008.65
43 	140   	652.294	535.625	79.2016	2753.74
44 	140   	560.954	539.497	79.2016	4210.03
45 	140   	542.851	555.769	74.3488	4219.6 
46 	140   	553.206	998.096	74.3488	14828.5
47 	140   	541.064	495.311	74.3802	3176.69
48 	140   	474.163	411.184	74.3802	2133.58
49 	140   	510.54 	692.424	74.3802	9760.53
50 	140   	451.523	438.691	74.3802	3416.27
51 	140   	501.137	529.261	74.3802	5280.33
52 	140   	446.148	433.82 	72.7528	2059.75
53 	140   	607.808	1548.81	73.8299	24789.2
54 	140   	506.369	512.568	73.8299	3880.87
55 	140   	541.072	552.366	73.8299	2977.62
56 	140   	508.716	471.601	73.8299	2715.43
57 	140   	635.014	582.258	73.8299	4536.98
58 	140   	699.764	1110.6 	73.8299	16159.2
59 	140   	582.086	691.391	73.594 	6162.45
60 	140   	532.178	1444.17	73.594 	23217.8
61 	140   	484.919	493.591	73.8299	3206.23
62 	140   	540.117	716.215	73.8299	7870.3 
63 	140   	518.806	486.342	73.8299	4129.78
64 	140   	746.549	2992.01	73.8299	41192.3
65 	140   	438.625	444.009	73.8299	3164.37
66 	140   	458.811	560.391	73.8299	6334.44
67 	140   	471.154	428.583	73.8856	2886.65
68 	140   	475.663	543.428	73.8856	5130.44
69 	140   	507.667	460.67 	73.8856	3280.04
70 	140   	487.411	557.94 	70.2753	4051.36
71 	140   	478.324	438.023	72.0926	2174.5 
72 	140   	480.067	419.474	70.2781	2153.22
73 	140   	477.953	565.033	70.2781	5600.01
74 	140   	462.216	904.247	70.2781	11678.3
75 	140   	509.567	478.944	70.2781	4062.97
76 	140   	517.056	522.563	70.2781	5172.65
77 	140   	451.494	470.013	70.2781	3161.26
78 	140   	470.211	460.107	69.7234	3055.65
79 	140   	508.869	462.285	74.0954	2757.98
80 	140   	517.319	483.936	74.0954	4199.41
81 	140   	604.451	620.036	74.0954	5953.28
82 	140   	494.969	499.571	74.0954	2649.84
83 	140   	511.893	469.618	74.0954	2805.22
84 	140   	526.497	524.284	74.0954	4179.22
85 	140   	495.279	448.982	78.0416	2175.59
86 	140   	484.026	838.899	79.2302	12740.4
87 	140   	560.976	523.87 	77.6355	3878.3 
88 	140   	470.919	523.775	77.6355	4797.84
89 	140   	509.147	801.088	77.6355	11603.9
90 	140   	571.573	696.367	77.6355	9234.62
91 	140   	558.178	779.23 	84.9205	10107.1
92 	140   	475.158	441.439	84.9205	2794.32
93 	140   	479.761	413.34 	84.9205	2542.77
94 	140   	491.07 	440.05 	84.9205	2443.08
95 	140   	501.45 	544.259	71.9511	4211.89
96 	140   	518.498	509.502	71.9511	3678.52
97 	140   	452.042	436.004	70.7008	2809.19
98 	140   	507.659	430.05 	70.7008	2006.72
99 	140   	523.927	487.167	70.7008	3149.72
100	140   	470.256	494.094	70.7008	2625.36
Time elapsed: 817 seconds.


Batch Job Summary Report (version 21.01.1) for Job "bpopt" (46759435) on daint

Job information (1/2)
-----------------------------------------------------------------------------------------------------
             Submit            Eligible               Start                 End    Elapsed Time limit
------------------- ------------------- ------------------- ------------------- ---------- ----------
2023-05-22T11:25:52 2023-05-22T11:25:52 2023-05-22T11:25:58 2023-05-22T11:40:46   00:14:48   00:59:00
-----------------------------------------------------------------------------------------------------

Job information (2/2)
-------------------------------------------------------------
    Username      Account    Partition   NNodes        Energy
------------ ------------ ------------ -------- -------------
    bp000145       ich030       normal        4    620.936 kJ

