
gen	nevals	avg    	std    	min    	max    
1  	140   	1863.4 	829.137	1084.87	5505.99
2  	140   	1870.09	806.664	982.808	5505.99
3  	140   	1907.33	1542.18	982.808	23508.7
4  	140   	1573.53	551.987	940.858	4384.28
5  	140   	1570.55	556.04 	940.858	4622.38
6  	140   	1484.95	618.686	677.693	6127.32
7  	140   	1313.7 	425.774	520.524	5102.34
8  	140   	1258.82	358.594	465.368	3430.79
9  	140   	1158.69	402.042	359.501	3000.82
10 	140   	1123.17	521.192	270.892	4476.57
11 	140   	958.573	468.908	270.892	3830.49
12 	140   	925.364	464.734	270.892	3464.91
13 	140   	937.092	528.414	270.892	3563.14
14 	140   	868.809	468.222	183.982	2684.04
15 	140   	822.49 	494.853	183.982	2492.61
16 	140   	877.558	542.585	162.365	3980.6 
17 	140   	766.344	495.938	162.365	2546.92
18 	140   	722.584	548.569	89.7213	3057.37
19 	140   	682.629	497.874	89.7213	2464.84
20 	140   	634.223	572.515	89.7213	4325.02
21 	140   	650.603	1531.54	89.7213	24718.4
22 	140   	537.44 	537.943	89.7213	2655.72
23 	140   	611.367	758.062	89.5917	7718.31
24 	140   	546.653	579.749	89.5917	3002.22
25 	140   	518.593	515.368	89.5917	2756.44
26 	140   	631.924	747.811	89.5917	6339.19
27 	140   	494.558	562.2  	89.5917	3144.69
28 	140   	516.445	527.38 	89.5917	2278.17
29 	140   	564.277	688.995	89.5917	6617.65
30 	140   	507.229	593.209	89.5917	4364.87
31 	140   	512.471	547.974	89.7213	3504.81
32 	140   	501.456	564.292	85.9702	3005.28
33 	140   	546.562	560.392	85.9702	2322.98
34 	140   	540.69 	632.519	84.5731	4484.19
35 	140   	520.04 	575.187	85.9702	2172.76
36 	140   	556.936	686.828	84.2643	4945.98
37 	140   	543.072	627.661	85.9702	2835   
38 	140   	506.923	594.878	85.9702	4850.75
39 	140   	537.75 	598.141	85.9702	3012.14
40 	140   	515.255	589.333	85.9702	5597.77
41 	140   	534.322	647.676	85.9702	5614.41
42 	140   	514.228	576.952	85.9702	3406.85
43 	140   	513.897	577.633	85.783 	3474.05
44 	140   	542.592	645.762	85.783 	3459.22
45 	140   	554.428	561.301	85.1466	2540.55
46 	140   	548.815	628.984	87.3845	3701.13
47 	140   	550.438	722.813	87.3845	8183.12
48 	140   	556.524	1209.02	83.9285	18621.6
49 	140   	511.158	571.408	83.9285	2879.85
50 	140   	546.672	555.598	83.9285	3987.35
51 	140   	581.951	889.874	83.9285	10455.4
52 	140   	584.548	647.878	82.7036	4147.89
53 	140   	548.618	781.98 	81.2643	9708.99
54 	140   	572.002	610.853	81.2643	3561.08
55 	140   	567.759	593.627	83.9285	3599.47
56 	140   	596.738	829.571	83.7457	10817.6
57 	140   	556.301	562.522	83.9285	3870.25
58 	140   	525.598	586.08 	83.9285	3652.01
59 	140   	499.305	548.958	83.9285	3061   
60 	140   	837.264	592.41 	83.9285	3107.88
61 	140   	857.82 	500.041	83.9285	3284.4 
62 	140   	722.468	603.378	83.0687	4111.67
63 	140   	625.557	627.335	83.9285	3651.67
64 	140   	584.514	684.936	82.3132	6166.42
65 	140   	477.352	575.171	82.3132	5599.25
66 	140   	550.22 	744.89 	82.3132	7780.3 
67 	140   	510.025	575.406	82.3132	2835.93
68 	140   	491.43 	544.299	82.0821	2422.56
69 	140   	791.97 	620.834	82.0821	3955.78
70 	140   	586.952	619.768	82.0821	3494.34
71 	140   	578.866	707.352	77.6427	6309.31
72 	140   	529.223	572.625	82.0821	3301.25
73 	140   	532.765	614.497	82.0821	3428.19
74 	140   	494.005	532.32 	82.0821	2823.43
75 	140   	539.053	556.234	82.0821	2887.75
76 	140   	540.047	583.724	82.0821	3395.14
77 	140   	569.884	650.17 	82.0821	5742.64
78 	140   	482.018	520.287	82.3132	2514.06
79 	140   	514.212	557.01 	82.3132	2288.28
80 	140   	537.949	536.52 	82.3132	2675.18
81 	140   	589.505	646.873	82.3132	4805.49
82 	140   	511.009	590.264	82.3132	3867.8 
83 	140   	674.622	1687.26	82.3132	26864.3
84 	140   	590.074	656.621	82.3132	3502.55
85 	140   	558.65 	603.885	82.3132	2741.07
86 	140   	479.991	533.06 	83.0307	2302.12
87 	140   	570.309	572.455	83.0307	2484.06
88 	140   	498.196	543.72 	83.7277	2750.78
89 	140   	548.833	608.107	83.2037	4812.51
90 	140   	486.149	519.99 	83.7277	2128.24
91 	140   	543.157	632.471	83.7277	5442.62
92 	140   	551.699	815.738	83.7277	10260.2
93 	140   	526.112	633.773	83.7277	6161.27
94 	140   	531.738	581.709	83.0669	4067.4 
95 	140   	547.189	589.876	83.0669	2909.77
96 	140   	481.421	536.824	83.0669	2155.16
97 	140   	511.471	579.74 	82.0691	2876.72
98 	140   	545.425	592.179	82.0691	3709.81
99 	140   	541.333	609.92 	82.0691	4569.69
100	140   	478.625	719.323	82.0691	7580.8 
Time elapsed: 765 seconds.


Batch Job Summary Report (version 21.01.1) for Job "bpopt" (46761192) on daint

Job information (1/2)
-----------------------------------------------------------------------------------------------------
             Submit            Eligible               Start                 End    Elapsed Time limit
------------------- ------------------- ------------------- ------------------- ---------- ----------
2023-05-22T13:23:11 2023-05-22T13:23:11 2023-05-22T13:23:17 2023-05-22T13:37:16   00:13:59   00:59:00
-----------------------------------------------------------------------------------------------------

Job information (2/2)
-------------------------------------------------------------
    Username      Account    Partition   NNodes        Energy
------------ ------------ ------------ -------- -------------
    bp000145       ich030       normal        4    597.682 kJ

