
gen	nevals	avg    	std    	min    	max        
1  	140   	711.162	528.835	75.5262	3131.08    
2  	140   	733.295	533.766	75.5262	3131.08    
3  	140   	420.33 	308.137	73.6279	2647.26    
4  	140   	357.178	401.308	62.3884	2647.26    
5  	140   	326.514	465.478	52.9643	5564.31    
6  	140   	244.273	249.574	52.9643	2647.26    
7  	140   	287.521	238.887	52.9643	1366.92    
8  	140   	270.699	248.959	52.9643	2291.7     
9  	140   	302.955	354.214	52.8054	4263.2     
10 	140   	262.709	359.159	45.8969	4263.2     
11 	140   	231.984	243.905	45.8969	2400.33    
12 	140   	244.809	228.802	45.8969	1373.2     
13 	140   	267.425	588.139	45.8969	9449.04    
14 	140   	314.254	972.278	45.1138	9449.04    
15 	140   	254.778	592.43 	45.1138	9449.04    
16 	140   	279.507	747.15 	45.8969	9449.04    
17 	140   	211.345	330.697	40.2706	4856.46    
18 	140   	227.119	199.644	40.2706	1157.55    
19 	140   	216.107	197.525	45.8969	1354.7     
20 	140   	215.28 	246.146	45.8969	2540.96    
21 	140   	205.215	193.027	46.5991	1397.6     
22 	140   	246.348	271.737	46.5991	2467.94    
23 	140   	263.597	284.273	45.8805	2467.94    
24 	140   	243.565	265.108	39.0618	1444       
25 	140   	239.079	238.758	39.0618	1291.79    
26 	140   	221.173	216.261	39.0618	1183.58    
27 	140   	242.223	228.878	39.0618	1253.43    
28 	140   	200.768	203.464	39.0618	1302.81    
29 	140   	191.665	191.233	39.0618	1220.39    
30 	140   	192.983	195.568	39.0618	1217.87    
31 	140   	192.807	197.334	34.6954	1387.61    
32 	140   	241.765	297.339	39.3578	3584.24    
33 	140   	202.47 	211.733	36.5264	1501.39    
34 	140   	192.439	175.198	35.5931	1468.95    
35 	140   	196.765	207.702	35.5931	1115.78    
36 	140   	209.731	244.1  	36.5264	1996.44    
37 	140   	205.123	243.026	36.5264	1996.44    
38 	140   	213.006	289.01 	36.5264	3227.92    
39 	140   	188.866	169.79 	36.5264	1192.05    
40 	140   	254.566	677.246	36.5264	10194      
41 	140   	189.93 	260.539	36.5264	2852.36    
42 	140   	317.527	1462.59	35.8835	23919.9    
43 	140   	302.733	1446.17	35.6091	23919.9    
44 	140   	300.729	1466.09	36.5264	23919.9    
45 	140   	372.645	2031.27	36.5264	23919.9    
46 	140   	360.342	1521.58	37.352 	23919.9    
47 	140   	507.395	2151.19	37.352 	23919.9    
48 	140   	359.272	1523.32	35.571 	23919.9    
49 	140   	480.313	2350.05	35.571 	23919.9    
50 	140   	270.602	649.88 	34.2382	9104.5     
51 	140   	348.692	988.204	34.2382	9104.5     
52 	140   	306.969	803.449	34.2382	9104.5     
53 	140   	266.054	600.299	34.2382	9104.5     
54 	140   	270.032	577.799	34.2382	9104.5     
55 	140   	262.495	275.227	34.2382	1461.01    
56 	140   	246.167	279.302	34.2382	1555.66    
57 	140   	260.99 	599.002	34.2382	9521.21    
58 	140   	487.79 	4588.42	34.2382	77045.1    
59 	140   	488.882	4588.21	34.2382	77045.1    
60 	140   	499.051	4587.8 	34.2382	77045.1    
61 	140   	805.209	6485.38	34.2382	77045.1    
62 	140   	5494.12	85257.3	34.2382	1.42901e+06
63 	140   	512.642	3321.55	34.2382	39466.8    
64 	140   	366.282	2356.78	34.2382	39466.8    
65 	140   	361.446	2351.92	34.2382	39466.8    
66 	140   	226.081	238.927	34.2382	1265.26    
67 	140   	223.474	221.458	34.4495	1263.83    
68 	140   	230.475	349.424	35.7514	4694.8     
69 	140   	201.599	208.715	35.7514	1248.26    
70 	140   	216.393	215.047	35.7636	1312.62    
71 	140   	236.671	241.956	35.7636	1189.92    
72 	140   	203.182	245.169	35.7636	2281.13    
73 	140   	207.577	274.659	35.7636	2980.27    
74 	140   	208.949	199.836	35.7636	1118.48    
75 	140   	228.888	271.217	35.7636	3163.57    
76 	140   	230.927	281.104	35.7636	3163.57    
77 	140   	251.336	348.674	35.7636	3163.57    
78 	140   	226.73 	273.869	35.7636	3163.57    
79 	140   	260.781	345.861	35.7636	3163.57    
80 	140   	257.398	655.113	35.7636	9722.38    
81 	140   	216.616	241.306	34.6009	1877.86    
82 	140   	239.518	312.783	33.7019	2300.77    
83 	140   	214.891	251.413	33.7019	1877.86    
84 	140   	233.128	263.238	33.7019	1877.86    
85 	140   	237.08 	222.744	33.7019	1522.45    
86 	140   	232.942	245.156	33.7019	1739.76    
87 	140   	248.901	383.851	33.7019	5003.11    
88 	140   	249.254	296.399	33.7019	1739.76    
89 	140   	275.281	399.288	33.7019	3673.72    
90 	140   	229.672	309.037	33.7019	3673.72    
91 	140   	236.049	255.736	33.7019	1274.45    
92 	140   	240.69 	383.795	33.7019	5180.52    
93 	140   	204.16 	219.721	33.7019	1194.28    
94 	140   	227.44 	267.822	33.7019	2310.31    
95 	140   	209.624	225.767	33.7019	1139.81    
96 	140   	253.429	442.405	33.7019	5758.03    
97 	140   	223.224	263.858	33.7019	1440.21    
98 	140   	202.647	254.41 	33.7019	2914.73    
99 	140   	218.299	271.718	33.7019	2914.73    
100	140   	191.352	253.033	33.7019	2914.73    
Time elapsed: 814 seconds.


Batch Job Summary Report (version 21.01.1) for Job "bpopt" (45999540) on daint

Job information (1/2)
-----------------------------------------------------------------------------------------------------
             Submit            Eligible               Start                 End    Elapsed Time limit
------------------- ------------------- ------------------- ------------------- ---------- ----------
2023-04-14T16:53:19 2023-04-14T16:53:20 2023-04-14T16:53:24 2023-04-14T17:08:09   00:14:45   00:59:00
-----------------------------------------------------------------------------------------------------

Job information (2/2)
-------------------------------------------------------------
    Username      Account    Partition   NNodes        Energy
------------ ------------ ------------ -------- -------------
    bp000145       ich030       normal        4    568.420 kJ

