
gen	nevals	avg    	std    	min    	max    
1  	140   	499.418	654.99 	146.623	4386.17
2  	140   	524.238	733.282	146.623	5247.07
3  	140   	331.529	348.38 	68.8824	2695.01
4  	140   	273.37 	248.213	68.8824	1910.28
5  	140   	250.018	414.978	68.8824	5683.52
6  	140   	296.901	419.332	68.8824	2999.06
7  	140   	261.711	442.687	59.2003	4705.3 
8  	140   	262.161	529.446	58.7591	5468.96
9  	140   	254.477	440.74 	43.1465	3931.48
10 	140   	199.863	596.435	43.1465	9753.51
11 	140   	157.695	177.131	42.0302	1751.94
12 	140   	195.9  	213.901	40.0643	1927.55
13 	140   	179.5  	193.178	40.0643	2643.37
14 	140   	159.518	168.305	39.0166	2046.31
15 	140   	186.74 	231.692	39.0166	2046.31
16 	140   	181.675	295.752	39.0166	4224.51
17 	140   	240.253	967.987	36.6518	13175.1
18 	140   	264.802	1117.37	36.6518	13175.1
19 	140   	193.38 	792.611	36.6518	13175.1
20 	140   	141.745	192.931	36.6518	2237.97
21 	140   	137.498	153.182	42.3349	1888.38
22 	140   	139.864	160.658	42.1756	2094.71
23 	140   	171.082	462.848	41.8381	6984.71
24 	140   	150.484	144.769	42.4663	1056.92
25 	140   	124.358	155.651	43.6455	1609.95
26 	140   	129.865	141.469	35.0236	1048.12
27 	140   	153.336	400.596	37.5983	6330.95
28 	140   	144.96 	398.041	37.5983	6330.95
29 	140   	142.697	197.852	37.004 	2327.59
30 	140   	119.672	122.294	36.9198	1040.55
31 	140   	164.111	414.858	36.9198	5821.68
32 	140   	223.419	1098.36	36.5376	17744.8
33 	140   	316.117	2494.84	39.2715	40764.6
34 	140   	152.248	277.237	39.3903	3020.25
35 	140   	115.414	154.777	38.8483	1380.81
36 	140   	117.437	162.219	37.9419	1815.46
37 	140   	140.822	320.843	35.8367	4261.93
38 	140   	159.003	372.614	36.5061	4261.93
39 	140   	157.993	445.409	35.8185	6936.9 
40 	140   	168.201	599.315	35.8185	9139.98
41 	140   	137.064	361.009	33.9308	4155.91
42 	140   	153.159	302.723	33.9308	4041.92
43 	140   	177.157	332.508	35.8185	3739.15
44 	140   	141.155	195.087	35.8185	1465.92
45 	140   	144.672	316.266	35.8185	3788.72
46 	140   	214.417	1435.16	35.8185	23382.1
47 	140   	135.897	235.252	35.8185	2872.38
48 	140   	114.622	133.108	35.8185	1388.12
49 	140   	164.946	767.974	35.8185	12805.4
50 	140   	114.2  	148.608	35.8185	1224.51
51 	140   	129.823	215.327	35.8185	1864.26
52 	140   	107.005	148.871	35.8185	1581.93
53 	140   	292.483	2410.06	35.8185	39857.9
54 	140   	139.626	369.054	36.2959	5525.78
55 	140   	157.13 	284.432	36.2514	2876.6 
56 	140   	122.621	168.266	36.2959	1721.37
57 	140   	169.491	287.353	36.2959	2802.84
58 	140   	216.823	1170.96	36.2959	19465.3
59 	140   	213.288	706.465	36.2959	7374.05
60 	140   	271.375	2286.34	36.2959	37647.1
61 	140   	115.947	193.953	36.2959	1995.9 
62 	140   	192.6  	786.621	36.1738	12275  
63 	140   	136.145	163.955	36.1738	1439.68
64 	140   	541.606	4630.95	36.1738	63353.4
65 	140   	119.605	195.454	36.2959	1950.53
66 	140   	120.266	188.885	36.2144	1829.8 
67 	140   	131.118	251.508	36.2144	3240.54
68 	140   	137.032	488.594	36.2959	7851.61
69 	140   	130.538	301.903	34.893 	4304.26
70 	140   	133.628	299.053	36.2959	3822.58
71 	140   	120.916	143.818	35.6311	1004.22
72 	140   	115.836	138.756	36.5196	1196.03
73 	140   	150.286	416.875	36.9922	6522.84
74 	140   	112.018	212.123	36.5217	2802.89
75 	140   	122.626	168.53 	36.5246	1665.22
76 	140   	125.02 	197.144	36.0322	2178.66
77 	140   	118.112	221.509	37.0672	3226.19
78 	140   	131.689	193.277	36.813 	2027.88
79 	140   	112.351	134.909	37.3519	1371.24
80 	140   	131.934	154.234	37.3519	1509.95
81 	140   	176.07 	447.676	36.3435	6314.4 
82 	140   	119.444	155.118	35.4443	1881.58
83 	140   	123.575	178.985	35.4443	1673.21
84 	140   	140.066	219.632	35.0493	2078.02
85 	140   	123.212	172.482	35.0493	1840.3 
86 	140   	155.499	841.668	36.687 	14021.1
87 	140   	151.425	361.611	36.687 	5699.66
88 	140   	135.963	370.648	36.687 	5852.26
89 	140   	117.361	183.121	37.604 	2226.44
90 	140   	172.24 	807.491	37.604 	13471.9
91 	140   	222.826	1019.17	38.1932	15621.9
92 	140   	126.503	214.665	38.1932	2684.43
93 	140   	107.672	118.036	34.2861	982.38 
94 	140   	116.193	165.53 	34.2861	2094.41
95 	140   	128.67 	209.291	37.0022	2023.79
96 	140   	125.198	143.297	37.0022	1121.54
97 	140   	124.677	268.335	36.1127	4077.29
98 	140   	123.022	159.964	36.1127	1304.5 
99 	140   	138.578	215.09 	36.2622	1894.07
100	140   	135.435	252.15 	36.2622	2451.56
Time elapsed: 795 seconds.


Batch Job Summary Report (version 21.01.1) for Job "bpopt" (46758544) on daint

Job information (1/2)
-----------------------------------------------------------------------------------------------------
             Submit            Eligible               Start                 End    Elapsed Time limit
------------------- ------------------- ------------------- ------------------- ---------- ----------
2023-05-22T10:04:11 2023-05-22T10:04:11 2023-05-22T10:04:12 2023-05-22T10:18:37   00:14:25   00:59:00
-----------------------------------------------------------------------------------------------------

Job information (2/2)
-------------------------------------------------------------
    Username      Account    Partition   NNodes        Energy
------------ ------------ ------------ -------- -------------
    bp000145       ich030       normal        4    589.002 kJ

