
gen	nevals	avg    	std    	min    	max    
1  	280   	7442.19	3863.93	3860.32	51643.6
2  	280   	7315.17	3009.18	3836.31	51643.6
3  	280   	5487.49	2483.73	3832.42	43523.4
4  	280   	4720.5 	4539.97	3831.89	92740.5
5  	280   	4178.31	980.935	3831.89	8250   
6  	280   	4135.24	961.59 	3830.86	8250   
7  	280   	4142.76	1014.41	3818.64	8250   
8  	280   	4187.92	1099   	3818.64	8250   
9  	280   	4169.3 	1055.81	3818.64	8250   
10 	280   	4225.08	1177.45	3816.09	8250   
11 	280   	4163.04	1057.73	3816.09	8250   
12 	280   	4265.87	1249.36	3816.09	8250   
13 	280   	4185.42	1099.6 	3816.09	8250   
14 	280   	4228.1 	1191.74	3815.04	8250   
15 	280   	4222.89	1163.93	3814.63	8250   
16 	280   	4162.6 	1075.04	3795.75	8250   
17 	280   	4244.27	1215.54	3791.1 	8250   
18 	280   	4158.25	1082.15	3791.1 	8250   
19 	280   	4208.32	1168.87	3791.1 	8250   
20 	280   	4165.91	1090.68	3791.1 	8250   
21 	280   	4217.61	1181.52	3783.25	8250   
22 	280   	4206.63	1155.3 	3783.25	8250   
23 	280   	4293.2 	1297.96	3783.25	8250   
24 	280   	4175.13	1118.44	3782.11	8250   
25 	280   	4209.31	1169.66	3782.11	8250   
26 	280   	4041.44	857.069	3770.06	8250   
27 	280   	4215.92	1176.42	3775.49	8250   
28 	280   	4078.66	945.337	3774.55	8250   
29 	280   	4120.88	1022.2 	3772.2 	8250   
30 	280   	3992.97	742.3  	3771.06	8250   
31 	280   	4012.74	822.466	3771.06	8250   
32 	280   	3932.12	596.947	3770.15	8250   
33 	280   	3926.14	566.477	3770.15	8250   
34 	280   	3920.47	540.478	2800.21	8250   
35 	280   	3971.49	730.956	2674.45	8250   
36 	280   	3998.44	1488.31	2674.45	34940.3
37 	280   	3939.35	1143.88	2627.29	25788.7
38 	280   	4005.71	2196.31	475.437	28768.8
39 	280   	4560.34	4432.42	475.437	42978.2
40 	280   	5352.47	6130.28	479.285	36806.9
41 	280   	8175.14	8828.3 	479.285	48995.3
42 	280   	9381.85	10312  	479.285	55581.1
43 	280   	8945.22	10970.6	454.174	96221.2
44 	280   	7516.45	9406.95	433.247	55581.1
45 	280   	8564.93	10132.6	433.247	51693.1
46 	280   	7433.85	9816.28	433.247	57690.1
47 	280   	7762.91	9287.66	366.766	49630.8
48 	280   	7459.7 	10591.5	366.766	83956.8
49 	280   	7833.39	9586.41	366.766	47789.4
50 	280   	8321.48	10989  	366.766	57224.6
51 	280   	8665.41	10349.8	366.766	54438.2
52 	280   	8978.24	12020.9	366.766	110345 
53 	280   	8392.35	11652.4	366.766	67533  
54 	280   	9622.11	12351.5	365.923	56719.7
55 	280   	8391.51	10597.2	365.923	57699.9
56 	280   	8427.95	10791.6	365.923	77451.3
57 	280   	7848.32	10679.9	329.972	55651.2
58 	280   	7839.93	9780.31	329.972	51756.7
59 	280   	8192.32	10505.4	270.672	55611.5
60 	280   	8084.72	14488.6	270.672	262047 
61 	280   	7424.58	9901.91	270.672	58797  
62 	280   	7340.06	9922.91	270.672	51702.7
63 	280   	9431.63	11676.1	270.672	71563.1
64 	280   	8704.27	11557.2	270.672	71563.1
65 	280   	8605.93	12454.7	270.672	87652.1
66 	280   	8912.83	12080.8	243.02 	54347.7
67 	280   	10513.1	13036.9	243.02 	73594  
68 	280   	8217.77	11547  	243.02 	78425.1
69 	280   	8063.99	11416  	225.941	59399.1
70 	280   	8464.09	12554.6	225.941	59399.1
71 	280   	7205.37	11162.2	225.941	60519.2
72 	280   	8355.42	12429.9	225.941	62562.2
73 	280   	6736.97	10668.1	225.941	49530.9
74 	280   	8074.61	11922.5	225.941	79549.9
75 	280   	8927.93	12326.8	225.941	79549.9
76 	280   	6646.6 	10303  	225.941	72592.5
77 	280   	7990.75	11330.5	225.941	52526.9
78 	280   	7718.2 	11479.1	223.838	68579.7
79 	280   	7846.05	11511.9	223.838	57580.3
80 	280   	7921.48	11008.7	223.838	57759.9
81 	280   	6298.64	9410.9 	223.838	58368.8
82 	280   	6582.51	10019.6	223.838	64868.2
83 	280   	6567.02	10570.6	223.838	87499.2
84 	280   	7755.97	10941.6	223.838	60550.7
85 	280   	7154.44	10524  	209.838	56577  
86 	280   	7455.4 	10860.6	209.838	101869 
87 	280   	7662.32	11308.2	209.838	75690.9
88 	280   	7963.54	10801.9	209.838	57551.1
89 	280   	8207.31	22711.9	208.912	483900 
90 	280   	7778.49	11266.2	208.912	82437.6
91 	280   	7873.18	10758  	208.912	90698.5
92 	280   	6990.13	10128.7	208.912	74534.7
93 	280   	7225.5 	9768.19	208.912	68626.9
94 	280   	6594.09	10042.5	184.2  	70448.6
95 	280   	7490.47	10730.6	184.2  	120708 
96 	280   	6786.72	9175.06	161.877	55631.2
97 	280   	6412.43	9408.09	161.877	53663.1
98 	280   	7069.4 	10290.9	161.877	65679.2
99 	280   	7131.32	11891.5	161.877	158896 
100	280   	8284.54	12891.2	161.877	158896 
101	280   	8454.17	12997  	161.877	158896 
102	280   	6882.77	9097.77	161.877	49431.2
103	280   	6217.73	9417.09	161.877	62391.3
104	280   	7351.11	11025.9	155.699	83749.1
105	280   	8988.38	26245.5	155.699	566404 
106	280   	6984.3 	11549.6	155.699	91451.2
107	280   	7205.94	10751.5	155.699	63619.6
108	280   	7037.85	11703.4	155.699	89761.5
109	280   	8067.35	11964.1	161.877	89180.8
110	280   	6574.57	9532.55	161.877	60656.5
111	280   	7020.77	11006.6	161.877	86601.8
112	280   	7801.97	11541.3	161.877	78672  
113	280   	7806.12	12312  	161.877	94618.8
114	280   	7415.4 	10601.7	161.877	62646.9
115	280   	7627.3 	11560.2	161.877	100570 
116	280   	6241.8 	9276.51	161.877	57798  
117	280   	8511.74	13395.1	126.489	105698 
118	280   	6533   	9980.18	126.489	53596.6
119	280   	7521.44	10528.8	126.489	75464.9
120	280   	6654.39	9987.74	126.489	88765.1
121	280   	6782.26	10405.1	126.489	66593.1
122	280   	6686.09	10476.8	126.489	84518.9
123	280   	5174.87	8399.05	126.489	69424.7
124	280   	6084.94	9413.29	126.489	69447.4
125	280   	6285.02	9105.28	126.489	68386.1
126	280   	5905.19	10124.6	126.489	100586 
127	280   	6241.15	9835.36	126.489	109569 
128	280   	6874.11	10461.4	126.489	84746.6
129	280   	6480.47	11074.5	126.489	99457  
130	280   	6435.62	10659.9	126.489	101667 
131	280   	6973.04	10212.1	126.489	75433.3
132	280   	5843.9 	8420.45	126.489	57639.2
133	280   	5460.18	8506.46	126.489	56483.1
134	280   	6280.62	9748.95	126.489	58485.3
135	280   	6691.25	9561.8 	126.489	46413.8
136	280   	5450.72	8480.65	126.489	51665.1
137	280   	6657.58	9833.21	126.489	81556.2
138	280   	6057.22	9042.65	126.489	65554.4
139	280   	7277.71	11961.6	126.489	117858 
140	280   	6540.8 	9240.79	126.489	51774.2
141	280   	5666.89	8722.99	126.489	54432.6
142	280   	6763.52	10824.9	126.489	82477.4
143	280   	6144.92	9259.99	126.489	63645.8
144	280   	5784.66	9073.24	126.489	58717.6
145	280   	6321.06	9316.44	126.489	67504.4
146	280   	6251.67	9432.91	126.489	65522  
147	280   	6226.56	9793.06	126.489	87805.4
148	280   	7173.19	10850.8	126.489	72543.4
149	280   	6446.37	10314.2	126.489	118722 
150	280   	7395.5 	10717.3	126.489	95811.8
151	280   	5636.81	9514.91	126.489	74589.1
152	280   	6469.55	9827.41	126.489	62498.2
153	280   	6515   	10079.8	119.845	65624  
154	280   	6620.45	10220.2	126.489	98634.2
155	280   	8750.69	11604.7	126.489	68588.9
156	280   	6479.27	9893.38	89.3725	80617.5
157	280   	6976.91	11315.5	89.3725	108581 
158	280   	6815.08	9747.53	89.3725	62561.5
159	280   	6381.52	10191.7	89.3725	66612.9
160	280   	6622.49	10422.3	89.3725	80470.3
161	280   	6716.48	11629.3	89.3725	109803 
162	280   	7741.77	10748.8	89.3725	72608.7
163	280   	7684.86	10463.6	89.3725	67587  
164	280   	6424.18	8788.71	89.3725	55711.5
165	280   	6262.66	8803.98	89.3725	59787.5
166	280   	6967.33	9827.15	89.3725	100497 
167	280   	6944.56	10315.7	89.3725	123873 
168	280   	7251.25	9275.47	89.3725	53675.3
169	280   	6840.5 	9771.32	89.3725	78613.9
170	280   	6317.41	9594.38	89.3725	77677.3
171	280   	6454.98	8916.8 	89.3725	60759.5
172	280   	5662.45	8517.14	89.3725	68489.8
173	280   	6531.45	10144.4	89.3725	114644 
174	280   	8416.62	11774.2	89.3725	88728.7
175	280   	6685.38	11109.2	89.3725	102693 
176	280   	7393.23	10479.2	89.3725	92687.5
177	280   	6417.46	10238.8	89.3725	82540.2
178	280   	6514.79	10468.9	89.3725	74660.4
179	280   	6661.06	11193.5	89.3725	108757 
180	280   	7189.18	11461  	89.3725	82663.9
181	280   	7068.98	10764.4	89.3725	82663.9
182	280   	6943.34	9585.31	81.6622	59917.3
183	280   	5522.27	8343.09	81.6622	52390.3
184	280   	6550.07	9996.49	89.3725	74473.2
185	280   	6305.15	9500.01	89.3725	74473.2
186	280   	5836.82	8446.19	89.3725	68635.9
187	280   	5258.66	8220.89	89.3725	54653.7
188	280   	5029   	7550.89	89.3725	42495.5
189	280   	5416.55	8099.15	89.3725	65483.5
190	280   	5744.34	9064.05	84.5345	67668.3
191	280   	6869.23	10257.6	84.5345	68592.7
192	280   	6419.79	9868.36	84.5345	69565.3
193	280   	5748.11	10329.5	84.5345	85576.8
194	280   	6852.4 	10307.8	82.7891	86436.6
195	280   	5717.89	9107.63	82.7891	57401.2
196	280   	6154.48	9446.61	82.7891	74782.6
197	280   	5349.66	9965.23	82.7891	93606.6
198	280   	6127.79	9349.46	82.7891	78471  
199	280   	6193.99	9945.34	82.7891	63644  
200	280   	5822.53	9590.7 	82.7891	88638.8
Time elapsed: 11637 seconds.


Batch Job Summary Report (version 21.01.1) for Job "bpopt" (48985121) on daint

Job information (1/2)
-----------------------------------------------------------------------------------------------------
             Submit            Eligible               Start                 End    Elapsed Time limit
------------------- ------------------- ------------------- ------------------- ---------- ----------
2023-09-17T16:50:03 2023-09-17T16:50:03 2023-09-17T16:50:03 2023-09-17T20:05:18   03:15:15   23:59:00
-----------------------------------------------------------------------------------------------------

Job information (2/2)
-------------------------------------------------------------
    Username      Account    Partition   NNodes        Energy
------------ ------------ ------------ -------- -------------
    bp000145       ich030       normal        8  13994.977 kJ

