
gen	nevals	avg    	std    	min    	max    
1  	140   	1512.68	3234.55	142.236	33930.3
2  	140   	1408.67	2667.27	128.008	33930.3
3  	140   	598.786	1928.66	114.275	32456.1
4  	140   	423.553	294.567	114.275	2375.34
5  	140   	381.61 	257.9  	54.5649	3008.79
6  	140   	371.378	270.407	54.5649	2444.73
7  	140   	357.481	332.589	41.3541	3213.93
8  	140   	292.183	259.026	41.3541	3182.68
9  	140   	256.611	225.371	41.3541	2041.19
10 	140   	279.35 	596.849	40.3317	9242.74
11 	140   	249.004	212.584	41.3541	1141.1 
12 	140   	214.899	193.901	41.3541	882.757
13 	140   	265.514	225.307	41.3541	1088.69
14 	140   	239.178	248.986	41.3541	2472.12
15 	140   	254.437	299.497	41.3541	3265.14
16 	140   	656.871	7354.31	41.3541	123455 
17 	140   	239.458	233.612	34.6118	1262.15
18 	140   	233.42 	255.715	31.4448	2051.5 
19 	140   	213.844	218.429	31.4448	940.288
20 	140   	289.419	722.224	19.4547	11684.3
21 	140   	213.721	218.151	19.4547	1357.04
22 	140   	189.512	207.014	19.4547	1670.8 
23 	140   	199.368	205.937	19.4547	1287.28
24 	140   	211.272	254.431	19.4547	2718.36
25 	140   	200.056	209.279	19.4547	1197.8 
26 	140   	194.906	220.645	18.9114	1210.9 
27 	140   	193.886	213.07 	18.9114	1263.78
28 	140   	205.31 	240.511	17.279 	1932.23
29 	140   	190.306	271.222	18.9114	2332.27
30 	140   	180.182	217.255	18.9114	1380.95
31 	140   	672.343	8104.84	18.9114	135960 
32 	140   	179.634	225.281	18.3114	1716.45
33 	140   	170.289	193.885	18.3114	1025.93
34 	140   	180.302	246.411	18.5833	2153.33
35 	140   	192.031	220.049	18.5833	837.494
36 	140   	177.788	204.934	17.188 	984.222
37 	140   	158.798	188.943	17.188 	783.082
38 	140   	216.645	351.091	16.7252	3715.61
39 	140   	172.196	205.752	16.7252	1441.53
40 	140   	185.212	295.514	17.188 	3581.64
41 	140   	186.518	222.986	17.188 	1234.95
42 	140   	188.687	226.074	17.188 	1183.32
43 	140   	179.951	228.384	17.188 	1453.5 
44 	140   	182.59 	221.466	17.188 	1234.85
45 	140   	192.744	212.04 	17.188 	1053.99
46 	140   	180.884	222.509	17.188 	1364.42
47 	140   	191.752	272.414	17.188 	2298.67
48 	140   	187.188	220.586	17.188 	1361.24
49 	140   	181.659	214.172	17.0163	1181.92
50 	140   	258.609	1393.45	17.188 	23253  
51 	140   	175.457	259.009	17.0134	2823.53
52 	140   	201.021	245.064	17.0134	1740.4 
53 	140   	172.944	214.587	17.188 	1153.9 
54 	140   	178.55 	223.836	17.188 	1160.08
55 	140   	238.289	763.693	16.6901	12384.3
56 	140   	199.935	220.218	17.0175	979.928
57 	140   	186.079	213.938	17.0175	1098.79
58 	140   	186.441	275.601	17.0175	3134.62
59 	140   	186.996	259.207	17.0175	2344.98
60 	140   	176.519	268.883	17.0175	2331.21
61 	140   	165.706	204.776	17.0175	981.184
62 	140   	180.184	222.781	17.188 	1244.08
63 	140   	172.181	232.394	17.188 	1992.38
64 	140   	206.029	232.956	17.188 	1372.06
65 	140   	195.032	217.475	17.188 	1058.44
66 	140   	185.007	401.05 	17.188 	5945.27
67 	140   	185.026	329.373	17.188 	4201.74
68 	140   	184.782	245.368	17.188 	2056.84
69 	140   	234.589	783.876	17.188 	11601.6
70 	140   	278.682	1813.78	17.188 	30319.4
71 	140   	183.18 	243.727	16.6917	2048.38
72 	140   	171.667	199.075	17.188 	967.641
73 	140   	196.069	240.912	16.8092	2054.92
74 	140   	181.665	237.572	17.188 	1573.21
75 	140   	177.101	208.959	16.585 	1106.06
76 	140   	338.714	2448.75	17.188 	41066.6
77 	140   	194.052	374.516	16.9367	5155.39
78 	140   	185.179	320.061	17.188 	3944.05
79 	140   	184.707	248.98 	17.188 	2242.42
80 	140   	221.899	247.825	18.5833	1296.22
81 	140   	194.877	258.865	16.2558	1876.61
82 	140   	190.81 	299.986	16.2558	3866.58
83 	140   	203.156	353.993	16.2558	3866.58
84 	140   	163.776	196.714	16.2558	902.47 
85 	140   	200.811	236.792	16.2558	1524.36
86 	140   	215.192	519.452	16.2558	8172.21
87 	140   	420.883	3938.73	17.5067	66123.2
88 	140   	182.639	215.826	17.3812	1503.1 
89 	140   	172.303	224.434	18.5748	1535.29
90 	140   	165.71 	229.79 	16.9128	2066.12
91 	140   	205.311	244.569	16.9128	1699.64
92 	140   	172.632	213.341	16.9128	1008.5 
93 	140   	183.921	260.464	16.9128	2530.83
94 	140   	171.51 	236.078	16.0722	2271.23
95 	140   	199.749	255.881	16.9128	2256.66
96 	140   	171.215	261.268	16.9128	2873.92
97 	140   	190.299	325.502	16.9128	3135.44
98 	140   	195.459	257.023	16.0376	2013.34
99 	140   	185.864	246.624	16.0376	1779.48
100	140   	196.912	350.518	16.0376	4881.05
Time elapsed: 2124 seconds.


Batch Job Summary Report (version 21.01.1) for Job "bpopt" (46096028) on daint

Job information (1/2)
-----------------------------------------------------------------------------------------------------
             Submit            Eligible               Start                 End    Elapsed Time limit
------------------- ------------------- ------------------- ------------------- ---------- ----------
2023-04-18T09:19:05 2023-04-18T09:19:05 2023-04-18T09:19:26 2023-04-18T09:56:17   00:36:51   00:59:00
-----------------------------------------------------------------------------------------------------

Job information (2/2)
-------------------------------------------------------------
    Username      Account    Partition   NNodes        Energy
------------ ------------ ------------ -------- -------------
    bp000145       ich030       normal        4   1283.488 kJ

