
gen	nevals	avg    	std    	min    	max    
1  	280   	5459.41	45.6496	5325.89	5531.38
2  	280   	5459.41	45.3968	5325.3 	5531.38
3  	280   	5427.59	60.7927	5322.14	5534.32
4  	280   	5382.08	53.8084	5314.73	5535.16
5  	280   	5354.16	40.5144	5290.22	5530.71
6  	280   	5336.75	22.9886	5283.58	5523.85
7  	280   	5329.87	21.7905	5287.9 	5425.9 
8  	280   	5319.22	21.0565	5284.05	5423.64
9  	280   	5322.63	23.8725	5277.85	5413.24
10 	280   	5310.54	21.0563	5277.85	5393.2 
11 	280   	5313.34	74.0838	3672.96	5411.79
12 	280   	5292.53	155.387	3672.63	5429.88
13 	280   	5279.38	270.515	3656.73	6686.29
14 	280   	5202.55	463.954	732.131	6686.29
15 	280   	5150.7 	642.331	481.789	6686.29
16 	280   	5030.97	918.966	481.789	13612.9
17 	280   	4884.16	1154.16	311.025	8682.08
18 	280   	4617.92	1619.72	311.025	20077.1
19 	280   	4468.1 	1959   	311.025	20077.1
20 	280   	4310.05	2029.39	229.925	20077.1
21 	280   	4152.62	2065.2 	229.925	20077.1
22 	280   	4127.11	2986.27	220.27 	37570.8
23 	280   	4277.78	1997.58	164.601	17185.3
24 	280   	4148.96	2421.68	164.601	17185.3
25 	280   	4105.11	4657.42	164.601	93530.1
26 	280   	4680.73	4507.57	159.294	93530.1
27 	280   	4090.45	3398.73	155.066	38941.3
28 	280   	4453.15	2225.77	155.066	21053.7
29 	280   	4005.35	3052.77	155.066	33961.7
30 	280   	4046.5 	2276.1 	155.066	17314.2
31 	280   	4053.87	2523.97	155.066	17314.2
32 	280   	3867.17	2521.06	155.066	21952.7
33 	280   	5483.07	26103.8	144.031	618646 
34 	280   	4190.85	6670.47	144.031	144832 
35 	280   	4406.4 	2823.92	144.031	27202.9
36 	280   	4427.53	2739.57	144.031	21952.7
37 	280   	4036.81	2855.59	144.031	32696.5
38 	280   	4438.04	3215.69	144.031	26805  
39 	280   	4324.31	3172.5 	144.031	27391.3
40 	280   	4240.43	2585.44	144.031	20271.7
41 	280   	3815.96	2567.32	144.031	19034.3
42 	280   	4107.78	3392.26	144.031	35181  
43 	280   	4282.14	3188.7 	144.031	49440.1
44 	280   	3705.14	3061.05	144.031	33096.9
45 	280   	4286.93	3726.32	154.678	53876.3
46 	280   	5594.87	26268.1	154.678	613087 
47 	280   	4230.31	4361.42	154.678	77526.9
48 	280   	3870.42	3619.08	154.678	33096.9
49 	280   	3898.53	3126.32	154.678	33096.9
50 	280   	4833.15	12680  	154.678	290394 
51 	280   	4134.11	2409.42	154.678	22531.7
52 	280   	4501.47	11609.3	154.678	270554 
53 	280   	3935.11	2781.86	154.678	25366.1
54 	280   	3862.29	2604.12	154.678	20945.5
55 	280   	3591.22	3028.71	154.678	27874.7
56 	280   	4143.69	2221.33	154.678	18669  
57 	280   	4094.74	3954.38	154.678	59485.5
58 	280   	3922.9 	2633.31	154.678	28719.3
59 	280   	3907.51	2719.47	154.678	22848.5
60 	280   	3944.9 	3761.9 	159.396	75554.6
61 	280   	4317.11	13209.3	159.396	307600 
62 	280   	4361.8 	4611.12	164.888	97342.6
63 	280   	4119.99	3275.55	164.364	28713.8
64 	280   	4333.8 	4619.36	164.364	81763.8
65 	280   	5257.34	8924.09	164.364	140458 
66 	280   	4362.9 	10326.6	164.364	225301 
67 	280   	4661.58	4747.71	153.785	94793.4
68 	280   	4107.11	6112.27	153.785	111998 
69 	280   	4203.28	3862.88	153.785	57413.8
70 	280   	4082.55	4288.95	150.517	60280.4
71 	280   	4025.86	3542.4 	153.785	53776.4
72 	280   	4402.63	6284.26	153.785	112651 
73 	280   	4082.49	2307.27	153.785	22795.8
74 	280   	3832.28	2923.01	153.785	22795.8
75 	280   	4203.15	4164.86	153.785	52740.5
76 	280   	3842.83	3112.11	153.785	25467.1
77 	280   	3920.68	3618.66	152.297	37745.1
78 	280   	4345.97	5819.63	152.297	79216.9
79 	280   	4184.06	4440.64	152.297	58072.9
80 	280   	5564.03	31901.9	152.297	748318 
81 	280   	4028.68	4715.14	152.297	58072.9
82 	280   	4526.58	6536.43	152.297	65818.6
83 	280   	4121.33	2466.06	152.297	21611.1
84 	280   	3841.48	4612.5 	152.297	72672.3
85 	280   	3849.95	2590.41	152.297	21234.5
86 	280   	4125.99	4388.69	152.297	60763.8
87 	280   	4391.76	5638.05	167.716	105793 
88 	280   	5411.11	27887.4	167.716	649944 
89 	280   	8496.69	47634  	167.716	649944 
90 	280   	4009.32	2995.4 	157.361	27818.5
91 	280   	3922.65	3312.47	153.102	23539.9
92 	280   	3792.45	2736.81	153.102	26933  
93 	280   	4691.29	8429.2 	153.102	169707 
94 	280   	3984.32	3091.48	153.102	24789.8
95 	280   	3993.5 	4180.26	153.102	43439.8
96 	280   	4145.38	3986   	153.102	55065.7
97 	280   	4089.4 	5148.38	153.102	55065.7
98 	280   	4110.42	3241.3 	153.102	40115.7
99 	280   	4054.28	3628.65	153.102	30696.4
100	280   	3771.13	2416.67	153.102	21087.5
Time elapsed: 5312 seconds.


Batch Job Summary Report (version 21.01.1) for Job "bpopt" (48966963) on daint

Job information (1/2)
-----------------------------------------------------------------------------------------------------
             Submit            Eligible               Start                 End    Elapsed Time limit
------------------- ------------------- ------------------- ------------------- ---------- ----------
2023-09-15T18:01:50 2023-09-15T18:01:50 2023-09-15T18:02:01 2023-09-15T19:31:53   01:29:52   23:59:00
-----------------------------------------------------------------------------------------------------

Job information (2/2)
-------------------------------------------------------------
    Username      Account    Partition   NNodes        Energy
------------ ------------ ------------ -------- -------------
    bp000145       ich030       normal        8   7043.015 kJ

