
gen	nevals	avg    	std    	min    	max    
1  	140   	2765.66	1444.46	988.248	10337.1
2  	140   	2804.43	1611.53	799.978	10701.4
3  	140   	2520.04	1246.64	799.978	6336.8 
4  	140   	2141.54	1023.82	457.75 	5014.26
5  	140   	2185.51	1099.78	336.964	5199.69
6  	140   	1878.96	989.823	302.267	5076.68
7  	140   	1797.6 	1166.71	281.943	5321.78
8  	140   	1470.95	940.408	275.025	5786.06
9  	140   	1203.17	975.317	91.073 	11100.3
10 	140   	989.048	900.698	130.55 	11100.3
11 	140   	1031.74	855.561	76.3334	4818.02
12 	140   	780.217	672.026	65.7914	5500.38
13 	140   	685.569	618.654	72.2157	4125.87
14 	140   	735.544	668.621	72.2157	5058.46
15 	140   	752.555	700.048	72.2157	5328.45
16 	140   	657.632	598.452	50.2705	3505.12
17 	140   	613.967	646.758	50.2705	5254.38
18 	140   	622.616	669.554	50.2705	5767.79
19 	140   	797.09 	3596.4 	50.2705	60048.5
20 	140   	677.623	608.651	50.2705	3662.06
21 	140   	532.804	563.821	59.0996	3373.39
22 	140   	514.679	556.101	61.8737	2961.9 
23 	140   	594.697	599.907	61.8737	4456.25
24 	140   	603.716	607.023	61.8737	3627.09
25 	140   	505.041	540.709	61.8737	2832.04
26 	140   	572.737	560.246	64.8395	2706.76
27 	140   	578.892	581.099	53.2759	4054.44
28 	140   	688.105	890.199	53.2759	9106.44
29 	140   	736.214	1061.93	53.2759	9106.44
30 	140   	603.528	648.781	67.6945	6081.41
31 	140   	636.536	604.999	67.6945	4800.74
32 	140   	664.206	1308.52	50.7297	18960.9
33 	140   	632.989	617.124	50.7297	3849.2 
34 	140   	616.367	628.237	50.7297	4250.96
35 	140   	522.715	561.539	50.7297	3613.79
36 	140   	562.759	571.645	50.7297	2986.2 
37 	140   	517.913	529.151	50.7297	2198   
38 	140   	548.78 	543.319	50.7297	2512.45
39 	140   	576.189	520.628	50.7297	2376.04
40 	140   	599.813	543.945	50.7297	3295.1 
41 	140   	598.918	582.458	50.7297	2897.55
42 	140   	537.043	512.529	50.7297	2204.04
43 	140   	683.864	759.531	55.2278	7398.69
44 	140   	567.569	579.475	53.8792	2743.19
45 	140   	619.19 	797.529	53.8792	10189.3
46 	140   	540.298	539.226	53.8792	2562.04
47 	140   	557.639	685.612	53.8792	7681.07
48 	140   	531.022	517.422	53.8792	2335.17
49 	140   	587.487	674.223	63.9054	6187.46
50 	140   	511.159	513.735	63.9054	3225.51
51 	140   	531.209	557.658	58.5795	2312.8 
52 	140   	593.675	607.79 	58.5795	2905.9 
53 	140   	587.812	624.463	58.5795	3836.1 
54 	140   	606.716	680.028	58.5795	5890.54
55 	140   	607.109	605.826	63.9054	3537.11
56 	140   	589.78 	569.909	63.9054	2923.51
57 	140   	486.963	491.641	69.0611	2389.24
58 	140   	576.046	845.328	69.0611	10815  
59 	140   	672.365	1182.77	50.6707	10815  
60 	140   	529.324	778.696	50.6707	10815  
61 	140   	615.456	679.002	50.6707	5620.39
62 	140   	602    	800.512	50.6707	8963.65
63 	140   	576.469	610.962	50.6707	5877.08
64 	140   	542.07 	597.163	50.6707	4187.23
65 	140   	564.762	769.707	48.5071	6824.07
66 	140   	548.898	554.792	50.6707	2782.35
67 	140   	583.49 	611.088	50.6707	5186.12
68 	140   	543.2  	582.983	50.6707	3439.18
69 	140   	588.519	794.753	50.6707	9598.22
70 	140   	556.672	595.703	50.6707	2682.96
71 	140   	551.155	508.888	50.6707	2630.42
72 	140   	580.169	615.558	50.6707	3804.66
73 	140   	534.525	574.229	50.6707	2902.33
74 	140   	488.243	537.352	50.6707	3001.19
75 	140   	515.438	523.329	50.6707	2476.92
76 	140   	560.381	801.617	50.6707	9644.84
77 	140   	574.424	836.794	50.6707	11172.6
78 	140   	489.58 	530.885	50.6707	2933.81
79 	140   	732.684	2242.57	50.6707	36915.5
80 	140   	598.467	582.304	50.6707	4533.56
81 	140   	617.607	543.215	50.6707	2741.37
82 	140   	639.251	621.311	50.6707	5160.89
83 	140   	600.099	582.906	50.6707	3293.25
84 	140   	627.862	607.306	50.6707	4435.9 
85 	140   	615.485	594.897	50.6707	3709.68
86 	140   	556.439	517.645	50.6707	2603.3 
87 	140   	677.392	668.847	50.6707	3910.62
88 	140   	586.193	640.978	47.8114	3389.62
89 	140   	641.925	779.235	50.6707	8666.73
90 	140   	545.187	531.609	50.6707	2935.25
91 	140   	593.827	550.751	50.6707	2671.49
92 	140   	632.127	571.784	50.6707	3013.22
93 	140   	592.523	711.975	50.6707	8118.76
94 	140   	616.335	760.366	50.6707	8118.76
95 	140   	661.572	742.226	50.6707	8118.76
96 	140   	511.614	510.62 	50.6707	2061.61
97 	140   	539.897	571.31 	50.6707	3698.21
98 	140   	579.076	618.539	50.6707	4271.15
99 	140   	555.175	522.036	50.6707	3698.21
100	140   	552.737	552.373	50.6707	3698.21
Time elapsed: 3566 seconds.


Batch Job Summary Report (version 21.01.1) for Job "bpopt" (47069769) on daint

Job information (1/2)
-----------------------------------------------------------------------------------------------------
             Submit            Eligible               Start                 End    Elapsed Time limit
------------------- ------------------- ------------------- ------------------- ---------- ----------
2023-06-07T12:22:17 2023-06-07T12:22:17 2023-06-07T12:23:34 2023-06-07T13:24:33   01:00:59   05:59:00
-----------------------------------------------------------------------------------------------------

Job information (2/2)
-------------------------------------------------------------
    Username      Account    Partition   NNodes        Energy
------------ ------------ ------------ -------- -------------
    bp000145       ich030       normal        4   1911.991 kJ

