
gen	nevals	avg    	std    	min    	max       
1  	280   	4711.09	45.4529	4579.23	4783.98   
2  	280   	4711.09	45.1866	4578.43	4783.98   
3  	280   	4683.02	61.3997	4572.41	4785.51   
4  	280   	4649.22	65.9981	4548.69	4785.96   
5  	280   	4611.34	51.7318	4538.09	4781.64   
6  	280   	4588.05	25.7502	4538.09	4776.39   
7  	280   	4574.94	61.4493	3779.42	4657.14   
8  	280   	4543.12	162.044	3191.67	5745.79   
9  	280   	4496.86	353.516	2336.68	8715.73   
10 	280   	4462.72	953.044	2336.68	13649.8   
11 	280   	4424.72	1697.49	2336.68	14840.5   
12 	280   	4639.42	2349.76	2150.95	14840.5   
13 	280   	4652.41	2553.3 	2150.95	15425.6   
14 	280   	4698.44	2633.66	2150.95	16292.5   
15 	280   	4666.84	2768.26	1956.08	16292.5   
16 	280   	5140.91	3279.53	1569.37	16724.2   
17 	280   	4800.64	2882.43	1569.37	16936.5   
18 	280   	4929.99	3267.77	1569.37	16333.5   
19 	280   	4932.26	3265.63	1339.49	17355.9   
20 	280   	4576.23	3098.97	1270.29	17355.9   
21 	280   	4355.16	2995.06	1270.29	17773.9   
22 	280   	5441.37	4035.52	1126.49	17915.1   
23 	280   	4636.48	3091.51	1126.49	17348     
24 	280   	4574.43	3106.69	1126.49	18380.2   
25 	280   	4876.79	3565.59	1166.33	18380.2   
26 	280   	4810.09	3653.97	1166.33	18380.2   
27 	280   	4827.96	4487.31	1166.33	68622.4   
28 	280   	4608.23	3218.95	1166.33	18286.6   
29 	280   	4827.19	3397.56	1166.33	18231.6   
30 	280   	4187.84	2845.34	889.791	16009.4   
31 	280   	4631.6 	4150.49	889.791	67209.9   
32 	280   	4868.86	4588.24	889.791	67209.9   
33 	280   	5432.95	6839.84	751.765	67209.9   
34 	280   	5120.16	5264.9 	751.765	67209.9   
35 	280   	4699.11	4352.56	751.765	67209.9   
36 	280   	4752.88	5689.46	751.765	67209.9   
37 	280   	5301.56	4797.93	751.765	67209.9   
38 	280   	4322.75	3046.21	751.765	20135.6   
39 	280   	4910.55	3980.11	751.765	35806.7   
40 	280   	4714.9 	4438.11	751.765	57441.1   
41 	280   	4425.55	3359.37	751.765	23395.8   
42 	280   	4375.65	3427.4 	751.765	29500.8   
43 	280   	4801.92	4977.65	751.765	87539.8   
44 	280   	4492.13	3333.71	751.765	28633.6   
45 	280   	5310.4 	4661.89	656.785	50954.6   
46 	280   	4680.42	3717.46	656.785	26652.5   
47 	280   	4344.83	3062.56	656.785	19169.4   
48 	280   	4793.34	3698.13	656.785	25530.7   
49 	280   	4717.94	3713.81	656.785	32108.9   
50 	280   	4514.64	3381.43	622.574	17945.1   
51 	280   	4632.46	3832.11	622.574	23186.2   
52 	280   	4780.58	4323.96	622.574	40199     
53 	280   	5189.5 	4722.78	448.657	40199     
54 	280   	4635.39	4644.11	448.657	72107.7   
55 	280   	5095.68	6505.51	622.574	80587     
56 	280   	6023.7 	10706  	622.574	158707    
57 	280   	6383.28	29078.3	507.889	682574    
58 	280   	5756.86	5888.05	507.889	51107.1   
59 	280   	4440.86	4793.74	507.889	78498.6   
60 	280   	5403.82	7426.88	507.889	117297    
61 	280   	5743.72	10844.4	517.419	201653    
62 	280   	5568.23	5601.98	517.419	56338.6   
63 	280   	5594.82	5647.43	517.419	49050.9   
64 	280   	6249.73	6565.69	517.419	66927     
65 	280   	5794.73	7096.32	517.419	73520.2   
66 	280   	6597.09	15388.2	517.419	320139    
67 	280   	5389.98	5209.05	517.419	35285.5   
68 	280   	5433.69	6338.07	517.419	73296     
69 	280   	5211.57	9106.05	517.419	138277    
70 	280   	5355.07	5086.6 	430.847	50780.2   
71 	280   	5303.27	5521.6 	430.847	55910.3   
72 	280   	5420.3 	5394.75	430.847	67685.2   
73 	280   	4943.71	5159.26	430.847	67685.2   
74 	280   	5637.01	7504.05	363.779	100674    
75 	280   	5753.61	6126.32	363.779	72269.2   
76 	280   	10564.7	112394 	363.779	2.6646e+06
77 	280   	6108.26	13021.1	363.779	269020    
78 	280   	4864.09	4892.98	363.779	69890.6   
79 	280   	5773.85	5966.85	363.779	84950.7   
80 	280   	5591.21	7289.06	363.779	131258    
81 	280   	7160.07	16029.6	363.779	280956    
82 	280   	6348.57	15552.2	363.779	280956    
83 	280   	5778.73	8181.73	363.779	158701    
84 	280   	5510.21	4877.54	363.779	47259.5   
85 	280   	5610.59	15788.6	363.779	322215    
86 	280   	5850.7 	7444.27	363.779	68786.1   
87 	280   	4789.47	3908.96	363.779	33026.3   
88 	280   	5434.63	5763.83	393.199	74809.1   
89 	280   	5162.7 	6008.14	393.199	56257.8   
90 	280   	5323.96	6148.42	393.199	77299.9   
91 	280   	6101.72	10783.4	393.199	205647    
92 	280   	5329.58	8426.85	393.199	161207    
93 	280   	5438.26	5685.33	393.199	64735.8   
94 	280   	5465.75	5526.06	393.199	70054.1   
95 	280   	4945.51	5514.67	393.199	60528.1   
96 	280   	5709.94	10837.4	393.199	224270    
97 	280   	4620.75	3346.88	393.199	27453.7   
98 	280   	4923.32	5184.83	430.847	96621.2   
99 	280   	4797.7 	4251.84	430.847	33246.1   
100	280   	6058.76	13555.7	430.847	258171    
Time elapsed: 11539 seconds.


Batch Job Summary Report (version 21.01.1) for Job "bpopt" (48930509) on daint

Job information (1/2)
-----------------------------------------------------------------------------------------------------
             Submit            Eligible               Start                 End    Elapsed Time limit
------------------- ------------------- ------------------- ------------------- ---------- ----------
2023-09-13T17:52:40 2023-09-13T17:52:40 2023-09-13T17:52:54 2023-09-13T21:07:33   03:14:39   23:59:00
-----------------------------------------------------------------------------------------------------

Job information (2/2)
-------------------------------------------------------------
    Username      Account    Partition   NNodes        Energy
------------ ------------ ------------ -------- -------------
    bp000145       ich030       normal        8  11304.379 kJ

