
gen	nevals	avg    	std    	min    	max    
1  	280   	10659.8	1737.95	8008.29	13226.2
2  	280   	10633.7	1741.26	8008.29	13226.2
3  	280   	9034.31	1507.67	8008.29	14460.7
4  	280   	8309.64	871.133	8008.29	14244  
5  	280   	8128.21	581.463	8007.1 	12000  
6  	280   	8094.31	504.412	8007.1 	12000  
7  	280   	8152.52	730.289	8006.86	16363.1
8  	280   	8065.5 	355.836	8006.86	12000  
9  	280   	8062.8 	376.114	8006.86	12000  
10 	280   	8056.95	320.215	8006.86	12000  
11 	280   	8060.31	341.43 	8006.86	12000  
12 	280   	8073.31	381.812	8006.86	12000  
13 	280   	8094.56	626.204	8006.86	19057.4
14 	280   	8042.78	292.675	8006.86	12000  
15 	280   	8073.81	419.654	8006.86	12000  
16 	280   	8063.68	378.767	8006.86	12000  
17 	280   	8081.34	473.871	8006.86	12000  
18 	280   	8069.18	381.006	8006.89	12000  
19 	280   	8073.89	415.154	8006.89	12000  
20 	280   	8106.49	547.246	8006.89	12000  
21 	280   	8146.47	664.955	8006.89	12000  
22 	280   	8186.71	773.691	8006.88	12000  
23 	280   	8095.05	481.803	8006.89	12000  
24 	280   	8080.29	451.691	8006.89	12000  
25 	280   	8133.71	629.422	8006.17	12000  
26 	280   	8115.01	581.293	8006.17	12000  
27 	280   	8142.11	664.762	8006.17	12000  
28 	280   	8200.72	795.258	8006.17	12000  
29 	280   	8147.34	686.151	8006.46	12000  
30 	280   	8058.65	346.019	8006.46	12000  
31 	280   	8117.08	575.637	8006.46	12000  
32 	280   	8098.09	528.852	8006.46	12000  
33 	280   	8091.44	502.598	8006.46	12000  
34 	280   	8075.37	444.052	8006.63	12000  
35 	280   	8093.19	506.859	8006.34	12000  
36 	280   	8121.61	604.405	8006.56	12000  
37 	280   	8126.75	628.6  	8006.41	12458.1
38 	280   	8145.93	843.625	8005.64	19584.5
39 	280   	8188.66	790.064	8005.64	12000  
40 	280   	8105.67	554.685	8004.86	12000  
41 	280   	8146.44	677.703	8004.86	12000  
42 	280   	8181.71	759.798	8005.2 	12000  
43 	280   	8195.85	794.085	8005.64	12000  
44 	280   	8186.88	777.947	8005.07	12000  
45 	280   	8320.5 	1038.02	8005.07	12000  
46 	280   	8395.25	1156.07	8005.07	12000  
47 	280   	8225.5 	854.894	8005.07	12000  
48 	280   	8215.49	853.038	8005.07	12000  
49 	280   	8183.44	773.814	8005   	12000  
50 	280   	8158.99	708.015	8005   	12000  
Time elapsed: 531 seconds.


Batch Job Summary Report (version 21.01.1) for Job "bpopt" (45976292) on daint

Job information (1/2)
-----------------------------------------------------------------------------------------------------
             Submit            Eligible               Start                 End    Elapsed Time limit
------------------- ------------------- ------------------- ------------------- ---------- ----------
2023-04-13T14:50:27 2023-04-13T14:50:27 2023-04-13T14:50:46 2023-04-13T15:01:05   00:10:19   13:59:00
-----------------------------------------------------------------------------------------------------

Job information (2/2)
-------------------------------------------------------------
    Username      Account    Partition   NNodes        Energy
------------ ------------ ------------ -------- -------------
    bp000145       ich030       normal        6    681.501 kJ

