
gen	nevals	avg    	std    	min    	max    
1  	280   	6493.44	15519.4	4667.49	264723 
2  	280   	6118.98	11078.8	4561.73	264723 
3  	280   	5001.28	1036.07	4561.73	25958.2
4  	280   	4831.29	540.87 	4557.44	9000   
5  	280   	4791.15	573.559	4541.07	9000   
6  	280   	4781.22	590.917	4541.07	11332.2
7  	280   	4734.76	543.118	4529.67	11332.2
8  	280   	4671.4 	340.324	4525.31	9000   
9  	280   	4679.39	659.891	3588.14	17485.2
10 	280   	4616.47	130.62 	3588.14	5208.9 
11 	280   	4681.91	581.511	1605.47	13690.1
12 	280   	4976.81	1635.54	3140.29	18793.4
13 	280   	5268.5 	2332.7 	515.142	18793.4
14 	280   	6111.31	3429.84	461.051	21880.3
15 	280   	7112.8 	4633.84	461.051	25185.9
16 	280   	5368.28	3641.16	461.051	21706.8
17 	280   	5322.06	3751.38	461.051	20503.3
18 	280   	4831.58	3541.18	454.561	23445.6
19 	280   	4946   	3999.31	431.525	23698.6
20 	280   	5024.75	4310.69	431.525	28759.1
21 	280   	4918.15	3990.02	431.525	22257.8
22 	280   	4516.57	3609.98	431.525	24106.5
23 	280   	4855.72	4110.9 	431.525	26222.9
24 	280   	5144.93	4456.7 	431.525	27897.9
25 	280   	4747.79	4377.78	431.525	26999.3
26 	280   	5338.77	4839.39	374.813	26999.3
27 	280   	4808.59	4266.48	374.813	23782.7
28 	280   	5017.04	5311.88	374.813	70063.1
29 	280   	5731.15	5225.38	368.093	39434.3
30 	280   	6491.51	6828.21	368.093	50429.1
31 	280   	7073.04	7581.6 	368.093	50429.1
32 	280   	9501.57	12220.2	368.093	110796 
33 	280   	8052.8 	9108.62	308.618	76558.5
34 	280   	8476.67	9388.08	308.618	79764.6
35 	280   	7514.41	8208.36	308.618	52371.5
36 	280   	5984.34	6398.39	297.482	56484  
37 	280   	7084.49	8042.4 	216.406	84546.1
38 	280   	6086.25	7782.12	216.406	69521.9
39 	280   	8212.62	10562.7	216.406	97660.8
40 	280   	7591.7 	8577.38	216.406	60408.6
41 	280   	6622.78	7718.83	216.406	89640.9
42 	280   	7074.02	7181.58	216.406	59944.1
43 	280   	5892.38	6619.84	167.946	49593.7
44 	280   	6151.05	6929.87	167.946	66567.3
45 	280   	6126.62	7250.73	167.946	57462.8
46 	280   	5704.49	6145.94	167.946	49593.7
47 	280   	5184.1 	7052.75	129.754	66517.5
48 	280   	5890.09	6109.65	129.754	53440.7
49 	280   	5605.17	6154.45	129.754	47723.8
50 	280   	6333.19	7755.72	129.754	62447.5
51 	280   	5536.71	6750.07	129.754	71111.6
52 	280   	6166.6 	6658.99	129.754	58436.7
53 	280   	5751.31	6872.87	129.754	70623.5
54 	280   	6439.67	6866.61	129.754	65536.2
55 	280   	6048.32	6352.95	129.754	55603.4
56 	280   	5818.67	7101.8 	129.754	96874  
57 	280   	6806.92	8448.31	198.259	80475.1
58 	280   	6554.77	8207.8 	179.485	80135.4
59 	280   	5152.42	7008.03	179.485	77628  
60 	280   	6189.89	8093.69	179.485	84563.7
61 	280   	5597.03	6461.35	179.485	52526.5
62 	280   	5961.12	8006.12	179.485	76875.4
63 	280   	5983.99	8486.17	179.485	118123 
64 	280   	6590.3 	6821.15	198.259	66570.7
65 	280   	6125.3 	8425.71	161.451	111057 
66 	280   	7155.47	9251.28	162.788	102612 
67 	280   	6664.54	8284.7 	180.443	102612 
68 	280   	7128.21	7640.12	180.443	72519.7
69 	280   	7100.79	8165.7 	180.443	65563.9
70 	280   	5994.34	9523.46	130.054	137162 
71 	280   	7430.82	9280.1 	130.054	98552.6
72 	280   	7184.74	10763.7	130.054	146228 
73 	280   	6762.52	6488.63	130.054	42459.3
74 	280   	6215   	7632.73	130.054	90543.4
75 	280   	7425.71	10211.4	178.55 	125105 
76 	280   	6031.52	7451.35	166.857	78442.2
77 	280   	6392.8 	7866.49	166.857	81763.5
78 	280   	6898.57	9703.93	166.857	116469 
79 	280   	5890.01	7143.72	166.857	65575  
80 	280   	5922.73	6812.66	166.857	51474.3
81 	280   	6295.61	7629.66	166.857	68781  
82 	280   	5892.63	7763.87	166.857	92510.4
83 	280   	6286.89	8130.49	87.2845	92510.4
84 	280   	5304.53	5295.74	87.2845	34365.2
85 	280   	4913.5 	7707.22	87.2845	100659 
86 	280   	6003.48	7380.02	87.2845	71535.1
87 	280   	5216.86	5792.62	85.325 	54760.2
88 	280   	4890.15	5287   	85.325 	38608.1
89 	280   	5319.82	6060.41	85.325 	47747  
90 	280   	5451.44	7716.07	85.325 	118030 
91 	280   	6187.84	8018.6 	85.325 	83603.6
92 	280   	5105.62	6308.74	85.325 	77726.5
93 	280   	5576.91	7441.47	85.325 	90636.1
94 	280   	6540.76	12232  	85.325 	194917 
95 	280   	6670.7 	8067.08	85.325 	78513.9
96 	280   	6074.13	6919.59	85.325 	73451.9
97 	280   	5937.54	7386.63	85.325 	72656.4
98 	280   	6516.02	9619.45	85.325 	106582 
99 	280   	6043.22	7299.51	85.325 	79768.2
100	280   	6093.64	7161.52	85.325 	66404.6
101	280   	5249.4 	7131.92	85.325 	76608.3
102	280   	6025.67	8542.58	85.325 	129889 
103	280   	6073.25	6998.94	85.325 	61927.4
104	280   	4976.52	6690.92	85.325 	68802  
105	280   	5248.3 	7112.03	85.325 	107807 
106	280   	4250.31	5282   	85.325 	55698.5
107	280   	5608.44	7451.95	121.077	69487  
108	280   	5519.44	6456.58	121.077	63597.5
109	280   	4800.72	4680.23	121.077	24631.7
110	280   	4988.25	5835.39	121.077	67526.2
111	280   	5552.97	6478.89	121.077	66541.7
112	280   	5039.69	6699.47	121.077	71720.5
113	280   	5163.61	6476.05	113.079	98599.3
114	280   	4639.97	4785.21	96.361 	38470  
115	280   	5114.93	6114.78	96.361 	67865  
116	280   	5369.92	6912.82	96.361 	86530.9
117	280   	4613.71	5209.24	96.361 	76719.2
118	280   	5502.57	6054.04	96.361 	86498.3
119	280   	4838.91	4466.34	96.361 	30616.4
120	280   	4370.36	5084.05	96.361 	46520.8
121	280   	5194.79	7175.17	96.361 	101802 
122	280   	4893.99	5614.2 	96.361 	78491.1
123	280   	4959.26	5321.86	96.361 	40342.4
124	280   	5256.73	7024.55	96.361 	87854.3
125	280   	5812.32	8231.05	96.361 	71459.6
126	280   	5211.18	7356.5 	96.361 	60387  
127	280   	4328.59	4665.24	96.361 	46369.9
128	280   	4753.07	5855.29	96.361 	81470.5
129	280   	5059.34	7737.03	96.361 	126981 
130	280   	6558.43	9867.54	96.361 	126981 
131	280   	5831.79	7263.85	96.361 	65553.4
132	280   	5540.22	7710.89	96.361 	111684 
133	280   	5722.27	8505.99	96.361 	127837 
134	280   	5405.73	7629.83	96.361 	88463.3
135	280   	4987.29	6042.15	96.361 	49538.4
136	280   	5456.78	7623.42	96.361 	88514.5
137	280   	5302.87	8936.88	96.361 	88514.5
138	280   	5369.08	7491.04	96.361 	87566.6
139	280   	5923.44	7844.86	96.361 	80705.1
140	280   	5375.4 	5130.22	96.361 	38315.1
141	280   	4467.2 	5811.8 	96.361 	74451.9
142	280   	4743.59	6914.66	96.361 	104863 
143	280   	5678.9 	7465.91	96.361 	104863 
144	280   	5144.22	6285.8 	96.361 	77554.7
145	280   	4548.67	5998.53	96.361 	74626.1
146	280   	5928.35	25968.4	96.361 	608251 
147	280   	4349.22	4140.39	96.361 	41321.4
148	280   	4207.39	4847.02	96.361 	46398.7
149	280   	5184.05	7347.92	96.361 	82534.9
150	280   	5161.77	7891.97	104.915	133677 
151	280   	4940.06	5853.52	102.895	67544.3
152	280   	5027.33	7252.28	102.895	80765.3
153	280   	4506.65	6937.14	93.463 	69506.8
154	280   	5354.49	8090.51	102.895	121931 
155	280   	5107.85	6242.74	102.895	67512.1
156	280   	5280.54	6752.18	102.895	74644.4
157	280   	4326.48	4978.04	102.895	56409.5
158	280   	4721.78	5874.9 	102.895	69523.7
159	280   	4777.14	5513.66	102.895	76470.4
160	280   	4890.78	5218.12	102.895	39523.7
161	280   	4237.62	6395.83	102.895	74471.4
162	280   	4885.96	6645.74	102.895	71587.5
163	280   	4611.09	6574.42	102.895	66459.9
164	280   	4806.36	6732.26	102.895	78719.7
165	280   	5054.1 	6107.88	102.895	66438.8
166	280   	5149.8 	7372.16	102.895	93590.4
167	280   	4933.05	6618.21	102.895	73431.9
168	280   	4991.65	5531.62	102.895	50384.5
169	280   	4794.1 	4833.84	102.895	33418.1
170	280   	4451.29	5301.66	102.895	53592.6
171	280   	4206.44	4530.71	102.895	55482.4
172	280   	4373.06	5364.17	102.895	77459.6
173	280   	5281.71	8206.55	102.895	117135 
174	280   	4353.06	4943.94	102.895	45354.4
175	280   	5357.15	9990.75	102.895	191911 
176	280   	5947.14	9301.48	102.895	128004 
177	280   	5610.73	7516.87	102.895	73494.2
178	280   	5056.79	6763.93	102.895	73494.2
179	280   	4361.67	5346.01	102.895	63469  
180	280   	4848.16	6072.02	88.8853	69485.8
181	280   	4404.93	5855.35	88.8853	60488.2
182	280   	5064.53	7351.77	88.8853	80532.9
183	280   	5455.23	6642.72	88.8853	67825.9
184	280   	4860.79	6236.4 	88.8853	53643.3
185	280   	5599.15	6796.96	88.8853	56854.6
186	280   	4819.91	9115.61	88.8853	154820 
187	280   	6210.63	9744.88	88.8853	152557 
188	280   	5714.84	6327.16	88.8853	58411.1
189	280   	5235.12	7233.18	88.8853	89693.8
190	280   	5903.36	6697.1 	88.8853	69385.1
191	280   	5212.97	7645.56	88.8853	95577  
192	280   	4585.84	5241.82	88.8853	44713.8
193	280   	5168.15	6026.22	88.8853	49760  
194	280   	4714.69	5775.34	88.8853	46638.4
195	280   	5042.38	6977.15	88.8853	80723.8
196	280   	5213.72	8409.94	88.8853	92650.3
197	280   	5114.92	8490.12	88.8853	113587 
198	280   	5027.64	5750.33	88.8853	52403.4
199	280   	4555.89	5211.66	88.8853	46298.8
200	280   	4610.95	7150.48	88.8853	82525.7
Time elapsed: 13650 seconds.


Batch Job Summary Report (version 21.01.1) for Job "bpopt" (46230853) on daint

Job information (1/2)
-----------------------------------------------------------------------------------------------------
             Submit            Eligible               Start                 End    Elapsed Time limit
------------------- ------------------- ------------------- ------------------- ---------- ----------
2023-04-24T11:18:29 2023-04-24T11:18:29 2023-04-24T11:18:32 2023-04-24T15:07:16   03:48:44   11:59:00
-----------------------------------------------------------------------------------------------------

Job information (2/2)
-------------------------------------------------------------
    Username      Account    Partition   NNodes        Energy
------------ ------------ ------------ -------- -------------
    bp000145       ich030       normal        8  14492.483 kJ

