
gen	nevals	avg    	std    	min    	max        
1  	570   	7555.4 	2335.12	5659.61	47702.3    
2  	570   	7523.75	2014.97	5659.61	47702.3    
3  	570   	6445.57	6498.43	5628.51	183959     
4  	570   	6760.07	9378.63	5619.82	183959     
5  	570   	13375.8	232020 	5595.42	7.84042e+06
6  	570   	6316   	6309.8 	5564.88	183959     
7  	570   	6050.27	2881.01	5436.65	56931.9    
8  	570   	6019.53	7453.41	5399.98	252912     
9  	570   	5966.48	7383.11	5399.98	252912     
10 	570   	10849.4	166787 	5366.07	5.63893e+06
11 	570   	5854.05	1480.85	5331.49	26852.8    
12 	570   	5566.21	316.161	5324.04	10497.2    
13 	570   	6067.59	11756.7	5324.04	372399     
14 	570   	5563.52	528.779	1173.27	14731.4    
15 	570   	5539.97	814.507	1173.27	22123.7    
16 	570   	5515.6 	1187.48	1173.27	26511.9    
17 	570   	5619.82	2014.59	1173.27	26511.9    
18 	570   	5649.04	2701.72	1173.27	26511.9    
19 	570   	5959.59	4004.32	1152.11	25717.7    
20 	570   	6559.95	5611.34	1080.78	30213.7    
21 	570   	6759.07	5698.71	1080.78	31386.2    
22 	570   	7453.05	6572.29	1068.35	60133      
23 	570   	6930.75	6169.33	1054.46	31386.2    
24 	570   	6560.44	5909.45	1054.46	51385.5    
25 	570   	6855.49	6208.3 	878.826	36303.4    
26 	570   	7091.12	6446.45	878.826	36303.4    
27 	570   	7622.88	6864.6 	878.826	36303.4    
28 	570   	7681.67	7179.3 	878.826	47226.3    
29 	570   	7973.74	7338.93	878.826	37401.2    
30 	570   	8186.86	7229.71	738.455	37401.2    
31 	570   	7803.67	7097.65	767.815	49371.1    
32 	570   	7479.22	7413.63	767.815	49371.1    
33 	570   	7503.3 	7261.03	648.351	40256.8    
34 	570   	7516.15	6947.94	648.351	45466.5    
35 	570   	7400.81	6731.94	648.351	36959.2    
36 	570   	8332.14	7410.62	480.965	43294.5    
37 	570   	7762.09	7142.14	480.965	37960.5    
38 	570   	8044.35	7313.55	480.965	36959.2    
39 	570   	7167.92	7357.49	480.965	106611     
40 	570   	7526.71	7122.41	480.965	44247.9    
41 	570   	8432.3 	8016.87	480.965	81150.7    
42 	570   	7291.62	8268.47	480.965	128550     
43 	570   	8772.1 	8830.08	480.965	53136.3    
44 	570   	8421.62	8172.7 	480.965	53136.3    
45 	570   	7873.73	7641.44	480.965	53136.3    
46 	570   	8459.65	8034.06	480.965	63416.4    
47 	570   	8121.19	7659.65	480.965	40766.6    
48 	570   	7095.77	7097.33	480.965	40766.6    
49 	570   	6393.03	7028.92	480.965	40766.6    
50 	570   	7049.24	7225.11	313.084	40766.6    
51 	570   	6499.66	7038.32	313.084	40766.6    
52 	570   	7328.07	7866.64	313.084	56068.4    
53 	570   	7313.06	7220.91	313.084	38979.5    
54 	570   	7174.36	7294.46	313.084	34795.1    
55 	570   	7668.83	9614.42	311.877	189143     
56 	570   	7975.93	8765.25	311.877	42872.1    
57 	570   	7078   	7534.82	311.877	35842.6    
58 	570   	8242.36	13001.2	311.877	346997     
59 	570   	6766.52	7100.99	311.877	44924.2    
60 	570   	7641.44	7711.02	311.877	45900.3    
61 	570   	6919.62	7446.8 	311.877	48251.6    
62 	570   	6941.78	7355.24	311.877	47106.7    
63 	570   	6191.3 	6703.31	311.877	56116.5    
64 	570   	5886.59	6291.02	287.59 	53855.4    
65 	570   	5328.65	6333.22	287.59 	51949.3    
66 	570   	5566.78	6028.64	287.59 	43775.2    
67 	570   	5528.36	6580.77	287.59 	45765.1    
68 	570   	5528.69	6462.41	287.59 	49090.5    
69 	570   	6314.42	7071.44	277.878	47852.8    
70 	570   	5528.83	6887.75	277.878	49277.1    
71 	570   	6686.66	7868.79	277.878	48816.2    
72 	570   	5547.94	7231.33	277.878	50918.4    
73 	570   	6447.41	7843.73	277.878	44897      
74 	570   	5702.89	7050.68	277.878	45726.3    
75 	570   	6313.12	10505.5	277.878	254037     
76 	570   	6120.67	7605.24	277.878	54104.4    
77 	570   	7202.29	8714.7 	277.878	53118.9    
78 	570   	7278.64	9745.71	275.673	60251      
79 	570   	7435.71	10038.4	244.526	69013.3    
80 	570   	9362.89	12588.4	244.526	100469     
81 	570   	7528.36	9826.53	244.526	63847.6    
82 	570   	8066.64	11308.1	244.526	63847.6    
83 	570   	7835.55	10879  	244.526	63847.6    
84 	570   	9692.31	13208.3	244.526	77135.3    
85 	570   	12167  	30657.6	244.526	919815     
86 	570   	8869.38	12155.3	244.526	77135.3    
87 	570   	9611.01	13585.5	244.526	77135.3    
88 	570   	9013.92	12226  	244.526	82465.5    
89 	570   	10088.6	13963.7	244.526	77135.3    
90 	570   	8972.09	12946.1	239.881	77135.3    
91 	570   	10213.6	14132.7	239.881	77135.3    
92 	570   	7794.52	10771.6	239.881	77135.3    
93 	570   	21372  	407128 	239.881	1.37547e+07
94 	570   	8128.27	11142.3	239.881	77135.3    
95 	570   	9974.49	13001.5	239.881	77135.3    
96 	570   	8923.04	18018.8	239.881	489096     
97 	570   	8201.95	10325.4	239.881	63847.6    
98 	570   	9955.77	14845.6	239.881	270001     
99 	570   	8403.42	11046.2	239.881	66187.6    
100	570   	7778.56	10296.6	234.233	82424.7    
101	570   	9204.88	12345.9	239.881	76105      
102	570   	7411.19	9257.86	239.881	66403      
103	570   	7925.77	11502.8	239.881	245050     
104	570   	6876.35	9446.32	239.881	153160     
105	570   	7325.75	8991.01	239.881	76490.4    
106	570   	6742.45	9062.96	233.711	115349     
107	570   	6995.66	10077.6	233.711	115349     
108	570   	7133.03	9517.94	233.711	86345.6    
109	570   	7445.19	10343.4	233.711	94419.7    
110	570   	7482.7 	10322.2	233.711	64996.5    
111	570   	6871.68	8651.35	233.711	64976.1    
112	570   	7261.21	9522.24	233.711	75440.1    
113	570   	7188.03	9527.78	233.711	53809.6    
114	570   	6127.33	8108.58	233.711	53809.6    
115	570   	7773.54	10264.5	228.165	65887.9    
116	570   	6553.8 	9108.7 	207.702	67310.4    
117	570   	6691.66	9039.38	228.165	67310.4    
118	570   	6779.81	9437.43	228.165	81272.4    
119	570   	6967.54	11287.1	228.165	224489     
120	570   	6112.54	10122.3	228.165	214464     
121	570   	7197.29	11898.7	228.165	214464     
122	570   	7166.46	9425.28	228.165	61158.2    
123	570   	6612.7 	10132  	228.165	138891     
124	570   	7381.74	10858.3	228.165	73080.2    
125	570   	7262.64	10262.2	228.165	85861.7    
126	570   	5550.05	7373.45	228.165	53809.6    
127	570   	6102.48	8546.18	228.165	53809.6    
128	570   	6849.84	9423.96	228.165	62276.2    
129	570   	5669.68	8097.85	228.165	78235.4    
130	570   	6678.24	8815.32	233.711	68984.6    
131	570   	5907.02	8510.77	233.711	73048.3    
132	570   	5828.73	8054.65	233.711	73048.3    
133	570   	6449.34	8789.75	233.711	63158.3    
134	570   	6449.53	10400.2	233.711	170086     
135	570   	6181.04	8078.21	205.766	61877.8    
136	570   	6694.96	9183.58	205.766	70234.3    
137	570   	6000.59	7901.99	205.766	93851.4    
138	570   	6055.51	7842.48	205.766	53809.6    
139	570   	6900.7 	9109.83	205.766	61003.1    
140	570   	6603.63	9031.06	205.766	62349.5    
141	570   	7392.69	10067.4	205.766	77037.2    
142	570   	6009   	8012   	205.766	62962.3    
143	570   	5789.34	8144.8 	205.766	82443.4    
144	570   	6492.66	8854.59	205.766	70059      
145	570   	6827.78	9631.18	205.766	70059      
146	570   	5867.36	8119.88	205.766	66754.3    
147	570   	7087.95	10122.7	205.766	160934     
148	570   	5919.41	8174.25	205.766	95800      
149	570   	5972.51	7641.03	205.766	63250.2    
150	570   	6114.32	12975  	188.185	355211     
151	570   	5511.9 	7247.18	205.766	52919.3    
152	570   	6803.82	9190.96	205.766	82401.1    
153	570   	5786.66	8604.04	205.766	82401.1    
154	570   	6008.21	8298.93	205.766	104198     
155	570   	7340.1 	22684  	205.766	635578     
156	570   	6536.01	20548  	205.766	635578     
157	570   	6863.98	20420.5	205.766	635578     
158	570   	5829.32	7630.87	205.766	46884.1    
159	570   	5304.75	6830.44	205.766	54923.5    
160	570   	6128.37	7764.74	205.766	51411.1    
161	570   	5737   	7431.56	205.766	58175.4    
162	570   	6142.68	7679.86	205.766	70040.6    
163	570   	6494.8 	8775.11	205.766	71108.6    
164	570   	5631.46	10677.1	205.766	275918     
165	570   	6008.06	7670.27	205.766	78489.8    
166	570   	5899.35	17401  	205.766	542007     
167	570   	5769.8 	8210.27	205.766	101033     
168	570   	5562.46	7001.83	205.766	59087.8    
169	570   	6430.21	8860.52	205.766	97618      
170	570   	6080.39	8859.24	205.766	137666     
171	570   	5541.42	7756.01	205.766	72316      
172	570   	6929.57	9044.59	205.766	57973.5    
173	570   	5929.65	8567.65	205.766	123025     
174	570   	8502.95	51883.7	205.766	1.72667e+06
175	570   	5757.38	8017.58	205.766	97897.5    
176	570   	5437.59	7605.71	199.827	87235.3    
177	570   	5229.47	6553.11	199.827	48829.8    
178	570   	6011.49	7939.82	199.827	61215.2    
179	570   	6018.22	7313.45	199.827	51732      
180	570   	5672.24	7918.53	199.827	58208.4    
181	570   	6939.35	9702.26	199.827	78405.1    
182	570   	5884.75	8402.7 	199.827	101792     
183	570   	7335.11	9879.39	199.827	90665.5    
184	570   	5602.82	7412.48	199.827	72456.5    
185	570   	6313.92	8348.65	199.827	76745.8    
186	570   	5639.37	7896.65	199.827	70227.6    
187	570   	5882.69	8073.82	195.639	60060.8    
188	570   	6075.78	8123.27	195.639	73317.5    
189	570   	5736.6 	7736.85	195.639	58153.7    
190	570   	6132.03	7804.86	195.639	63199.2    
191	570   	5693.24	7699.87	195.639	69616.3    
192	570   	5382.52	7284.73	195.639	57127.6    
193	570   	6071.63	8070.4 	195.639	88012.4    
194	570   	5477.93	7941.86	195.639	88012.4    
195	570   	5728.24	8071.33	195.639	88012.4    
196	570   	7029.47	9461.71	195.639	91940.9    
197	570   	5761.67	7496.92	195.639	68871.8    
198	570   	6276.01	8373.9 	192.681	95483.1    
199	570   	6364.94	9075.44	192.681	119948     
200	570   	5659.27	7654.48	192.681	68216.4    
Elapsed time: 25549 seconds (7h 5m 49s)


Batch Job Summary Report (version 21.01.1) for Job "bpopt" (50534274) on daint

Job information (1/2)
-----------------------------------------------------------------------------------------------------
             Submit            Eligible               Start                 End    Elapsed Time limit
------------------- ------------------- ------------------- ------------------- ---------- ----------
2023-12-18T16:28:34 2023-12-18T16:28:34 2023-12-18T16:28:46 2023-12-18T23:35:50   07:07:04   23:59:00
-----------------------------------------------------------------------------------------------------

Job information (2/2)
-------------------------------------------------------------
    Username      Account    Partition   NNodes        Energy
------------ ------------ ------------ -------- -------------
    bp000145       ich030       normal        3  28891.058 kJ

