
gen	nevals	avg    	std    	min    	max    
1  	140   	684.711	504.433	113.967	2852.22
2  	140   	731.051	559.007	95.9265	3808.93
3  	140   	335.257	218.849	72.8093	1304.87
4  	140   	403.18 	685.235	72.8093	10825  
5  	140   	245.362	195.893	55.3562	1328.91
6  	140   	277.251	262.676	64.588 	2774.9 
7  	140   	260.727	341.518	58.1814	2774.9 
8  	140   	274.391	367.531	43.6463	4121.87
9  	140   	402.163	2346.11	43.6463	39361.5
10 	140   	233.132	279.895	43.6463	2774.9 
11 	140   	238.888	286.043	43.6463	2774.9 
12 	140   	235.566	336.391	40.9205	3631.14
13 	140   	206.411	243.043	43.6463	2439.36
14 	140   	265.276	320.585	43.6463	2439.36
15 	140   	231.421	273.329	43.6463	2439.36
16 	140   	231.88 	259.003	43.6463	2439.36
17 	140   	242.837	254.308	43.6463	1812.88
18 	140   	215.891	239.833	41.4941	1812.88
19 	140   	232.026	632.614	41.4941	10111.2
20 	140   	181.619	161.698	41.4941	931.621
21 	140   	199.237	180.495	41.4941	1150.19
22 	140   	205.208	195.913	41.4941	1203.35
23 	140   	220.759	427.405	41.4941	6469.35
24 	140   	202.775	255.911	42.6826	2853.37
25 	140   	178.721	192.642	39.3976	1427.78
26 	140   	229.925	238.445	35.7219	1248.47
27 	140   	208.072	258.845	35.7219	2803.81
28 	140   	199.558	222.188	35.7219	1250.68
29 	140   	213.878	259.61 	35.7219	1888.93
30 	140   	214.214	274.192	35.7219	2823.04
31 	140   	325.721	1704.07	35.7219	28526.9
32 	140   	296.661	1716.02	35.7219	28526.9
33 	140   	183.868	250.104	35.7219	3026.12
34 	140   	243.577	246.958	35.7219	1285.57
35 	140   	199.093	171.923	35.7219	1030.49
36 	140   	234.953	298.763	35.7219	3541.36
37 	140   	248.388	376.093	35.7219	4897.08
38 	140   	198.501	228.814	35.7219	1837.41
39 	140   	220.061	256.865	35.7219	1837.41
40 	140   	249.521	256.417	35.256 	1969.23
41 	140   	222.774	228.797	35.256 	1559.35
42 	140   	214.785	231.45 	35.256 	1559.35
43 	140   	214.565	238.884	35.7219	1559.35
44 	140   	213.044	247.694	35.7219	1559.35
45 	140   	273.365	321.812	35.7219	1559.35
46 	140   	217.581	252.094	35.7219	1611.4 
47 	140   	242.717	270.299	35.7219	1559.35
48 	140   	267.96 	286.249	35.7219	1559.35
49 	140   	224.756	291.024	35.7219	3675.1 
50 	140   	195.144	195.448	35.7219	1183.77
51 	140   	196.926	223.697	35.581 	1899.75
52 	140   	203.25 	237.719	35.7219	1899.75
53 	140   	189.378	211.267	35.7219	1217.35
54 	140   	230.639	337.718	35.7219	4491.14
55 	140   	233.791	355.146	35.7219	5025.91
56 	140   	239.679	373.048	35.7219	5025.91
57 	140   	221.384	239.292	35.7219	1591.86
58 	140   	213.497	229.66 	35.285 	1660.96
59 	140   	246.022	297.235	34.4593	2499.45
60 	140   	262.361	320.082	35.7219	1591.86
61 	140   	210.92 	267.818	35.7219	2418.81
62 	140   	198.871	227.014	35.2416	1591.86
63 	140   	244.219	420.784	35.7219	5995.28
64 	140   	208.514	254.588	35.7219	1954.85
65 	140   	188.634	211.21 	35.7219	1442.9 
66 	140   	192.234	237.119	35.7219	2422.93
67 	140   	199.062	256.32 	35.7219	2422.93
68 	140   	252.018	316.009	35.7219	2422.93
69 	140   	311.324	768.976	35.7219	9194.25
70 	140   	242.979	336.777	35.7219	3779.01
71 	140   	201.6  	220.003	35.7219	1174.07
72 	140   	237.139	302.707	35.7219	3048.17
73 	140   	239.847	344.664	35.7219	3954   
74 	140   	1694.02	24717.8	35.9809	414547 
75 	140   	223.967	440.437	34.2495	6529.66
76 	140   	203.559	213.181	34.2495	1174.07
77 	140   	184.368	162.551	34.2495	847.612
78 	140   	196.095	204.173	34.2495	1111.6 
79 	140   	295.909	1301.83	34.2495	21483.2
80 	140   	209.23 	226.964	35.9809	1229.68
81 	140   	228.429	525.02 	35.9809	8156.93
82 	140   	219.771	240.722	35.9809	1215.05
83 	140   	251.413	470.856	35.9809	5082.98
84 	140   	210.129	242.653	35.9809	2134.05
85 	140   	190.678	249.035	35.9809	2134.05
86 	140   	244.463	411.933	35.9809	5061.89
87 	140   	219.479	370.365	35.9809	4791.45
88 	140   	214.688	292.477	35.9809	3191.99
89 	140   	235.103	305.481	35.9809	2134.05
90 	140   	240.032	224.45 	35.9809	1139.1 
91 	140   	201.244	186.675	37.5716	1084.26
92 	140   	225.257	200.451	37.5716	1145.31
93 	140   	217.662	290.188	37.5716	3209.38
94 	140   	219.652	213.187	37.5716	1101.79
95 	140   	212.962	258.926	37.5716	2717.94
96 	140   	220.283	238.315	37.5716	1206.6 
97 	140   	208.237	202.146	40.6549	1233.3 
98 	140   	214.543	209.951	40.7928	1111.05
99 	140   	202.043	211.091	40.7928	1190.7 
100	140   	226.088	235.334	40.7928	1355.33
Time elapsed: 836 seconds.


Batch Job Summary Report (version 21.01.1) for Job "bpopt" (45999535) on daint

Job information (1/2)
-----------------------------------------------------------------------------------------------------
             Submit            Eligible               Start                 End    Elapsed Time limit
------------------- ------------------- ------------------- ------------------- ---------- ----------
2023-04-14T16:53:04 2023-04-14T16:53:04 2023-04-14T16:53:14 2023-04-14T17:08:22   00:15:08   00:59:00
-----------------------------------------------------------------------------------------------------

Job information (2/2)
-------------------------------------------------------------
    Username      Account    Partition   NNodes        Energy
------------ ------------ ------------ -------- -------------
    bp000145       ich030       normal        4    584.773 kJ

