
gen	nevals	avg    	std    	min    	max    
1  	140   	592.458	360.566	69.0308	2555.7 
2  	140   	590.924	395.705	69.0308	3081.05
3  	140   	419.782	1141.16	69.0308	18977.8
4  	140   	318.788	262.961	57.9535	2918.76
5  	140   	320.757	251.372	57.9535	2163.59
6  	140   	288.027	289.414	57.9535	3767.76
7  	140   	248.753	337.622	57.9535	3767.76
8  	140   	218.054	185.308	57.9535	1500.47
9  	140   	212.472	158.559	57.9535	938.896
10 	140   	207.093	197.995	38.6442	2034.53
11 	140   	247.031	375.524	38.6442	5770.3 
12 	140   	221.405	285.29 	38.6442	3700.13
13 	140   	265.418	393.347	37.1562	3700.13
14 	140   	288.538	842.727	37.1562	12999.9
15 	140   	307.233	862.639	37.1562	12999.9
16 	140   	259.331	291.667	37.9348	3700.13
17 	140   	252.851	368.001	37.9348	4137.93
18 	140   	305.342	530.718	38.6442	4137.93
19 	140   	375.841	962.195	36.1158	15151.7
20 	140   	233.674	384.487	34.6148	3700.13
21 	140   	240.233	466.714	34.6148	4360.92
22 	140   	250.77 	389.87 	34.6148	3700.13
23 	140   	322.753	1147.96	34.6148	14340.4
24 	140   	224.656	357.914	34.6148	3700.13
25 	140   	198.1  	322.713	34.6148	4329.63
26 	140   	222.824	299.342	34.6148	4329.63
27 	140   	303.434	1005.7 	32.5772	16680.7
28 	140   	203.835	195.532	33.9438	1979.55
29 	140   	250.222	320.902	33.9438	4199.45
30 	140   	236.593	185.424	33.2024	854.277
31 	140   	288.018	601.273	33.2024	9357.83
32 	140   	245.86 	632.879	32.3701	9357.83
33 	140   	214.262	193.886	33.2024	898.264
34 	140   	279.501	748.503	33.2024	11184.4
35 	140   	276.493	387.802	33.2024	3902.07
36 	140   	335.129	521.402	33.3259	4555.1 
37 	140   	247.885	321.259	33.3259	3505.22
38 	140   	287.495	386.687	33.3259	3505.22
39 	140   	346.625	544.007	33.3259	3729.7 
40 	140   	264.247	295.67 	33.3259	2700.08
41 	140   	244.807	283.69 	33.3259	3082.77
42 	140   	276.706	385.658	33.3259	5242.85
43 	140   	278.898	1338.55	33.3259	22240.5
44 	140   	234.899	218.526	33.037 	1426.91
45 	140   	270.392	326.379	33.037 	3981.75
46 	140   	186.146	176.962	31.8359	989.358
47 	140   	198.963	197.523	31.8359	1481.07
48 	140   	343.023	907.707	32.488 	12409.4
49 	140   	218.135	538.533	31.3631	8753.05
50 	140   	229.27 	391.076	31.3631	4250.04
51 	140   	271.004	333.569	31.3631	3673.3 
52 	140   	220.747	197.797	31.3631	1515.73
53 	140   	199.849	195.313	31.3631	1033.17
54 	140   	281.49 	283.708	31.3631	2938.26
55 	140   	201.56 	220.322	31.3631	1955.14
56 	140   	460.639	4742.66	31.3631	79607.6
57 	140   	532.154	4757.02	31.3631	79607.6
58 	140   	220.007	605.984	31.3631	9139.88
59 	140   	208.121	268.252	31.3631	2156.82
60 	140   	482.903	3556.47	31.3631	56602.3
61 	140   	158.967	197.877	31.3674	1850.08
62 	140   	196.943	272.18 	31.3674	1850.08
63 	140   	166.869	341.033	31.3674	5159.31
64 	140   	206.489	246.085	31.3674	2091.04
65 	140   	306.738	453.206	31.3674	6380.67
66 	140   	199.935	190.428	31.3674	1038.25
67 	140   	275.306	245.435	31.3674	1820.92
68 	140   	255.531	615.722	31.3674	9546.77
69 	140   	189.655	285.321	31.3674	2199.01
70 	140   	235.567	379.863	33.1546	3855.08
71 	140   	266.035	333.848	33.1546	2324.91
72 	140   	435.837	2337.51	33.1546	39121.5
73 	140   	280.513	1107.72	34.0146	18056.2
74 	140   	212.47 	239.211	34.0146	2199.01
75 	140   	309.592	290.185	35.6385	2199.01
76 	140   	273.041	633.891	35.6385	8260.32
77 	140   	233.042	387.619	35.6385	4648.96
78 	140   	303.097	453.606	36.1245	4648.96
79 	140   	198.929	406.767	37.8108	4648.96
80 	140   	219.915	701.677	31.3355	10779.5
81 	140   	169.954	153.891	31.3355	945.75 
82 	140   	197.555	182.661	31.3355	1435.06
83 	140   	176.118	243.877	31.3355	2688.85
84 	140   	198.874	268.476	33.6978	3381.18
85 	140   	222.728	234.506	34.2467	2435.54
86 	140   	198.621	220.264	32.9772	2435.54
87 	140   	252.143	467.597	34.2467	5904.53
88 	140   	281.192	506.7  	34.1834	5904.53
89 	140   	409.967	705.29 	33.1449	5904.53
90 	140   	315.38 	693.373	32.9981	5904.53
91 	140   	236.344	630.104	35.5476	10181.5
92 	140   	182.861	167.514	29.4366	883.614
93 	140   	469.595	4779.31	29.4366	80247.4
94 	140   	235.707	369.83 	32.8182	5042.51
95 	140   	292.526	310.407	33.3845	3398.47
96 	140   	223.437	266.517	33.3845	3475.36
97 	140   	234.36 	207.862	33.3845	1149.55
98 	140   	169.108	193.746	33.3845	1356.92
99 	140   	183.954	222.853	33.4856	2046.64
100	140   	216.743	195.27 	35.4943	1165.73
Time elapsed: 789 seconds.


Batch Job Summary Report (version 21.01.1) for Job "bpopt" (46001626) on daint

Job information (1/2)
-----------------------------------------------------------------------------------------------------
             Submit            Eligible               Start                 End    Elapsed Time limit
------------------- ------------------- ------------------- ------------------- ---------- ----------
2023-04-14T18:48:38 2023-04-14T18:48:38 2023-04-14T18:48:58 2023-04-14T19:03:27   00:14:29   00:59:00
-----------------------------------------------------------------------------------------------------

Job information (2/2)
-------------------------------------------------------------
    Username      Account    Partition   NNodes        Energy
------------ ------------ ------------ -------- -------------
    bp000145       ich030       normal        4    568.439 kJ

