
gen	nevals	avg    	std    	min    	max    
1  	140   	1332.6 	3177.46	90.4367	33543.9
2  	140   	1222.17	2609.15	90.4367	33543.9
3  	140   	416.918	772.809	58.3735	12054.3
4  	140   	275.905	119.58 	58.3735	1171.98
5  	140   	228.224	126.601	58.0406	1296.53
6  	140   	198.419	117.389	58.0406	1215.32
7  	140   	170.603	140.252	49.7015	1615.37
8  	140   	151.951	184.8  	39.1747	2817.42
9  	140   	144.91 	124.477	39.1747	1237.18
10 	140   	144.007	113.933	31.9463	972.123
11 	140   	225.211	1173.92	31.9463	19677.3
12 	140   	138.426	121.017	31.4323	1213.41
13 	140   	144.494	121.325	31.3063	840.726
14 	140   	146.811	197.883	31.3063	2113.24
15 	140   	196.03 	606.137	31.3063	7591.04
16 	140   	130.281	107.908	26.9694	737.235
17 	140   	342.487	3268.63	16.2886	54888.1
18 	140   	230.353	1468.61	20.5014	24657.2
19 	140   	129.3  	121.719	20.5014	826.643
20 	140   	128.215	118.503	15.0774	632.407
21 	140   	198.64 	907.997	15.0774	13852.2
22 	140   	128.672	153.327	15.0774	1461.7 
23 	140   	119.051	114.041	15.0774	571.605
24 	140   	105.773	111.816	15.0774	693.689
25 	140   	114.953	133.606	15.0774	1047.71
26 	140   	105.896	114.613	15.0774	520.098
27 	140   	116.452	141.007	15.0774	1140.25
28 	140   	113.159	130.215	15.0774	572.558
29 	140   	98.0664	111.562	12.0808	861.819
30 	140   	96.7122	127.749	12.0808	951.556
31 	140   	99.5417	112.256	12.0808	600.323
32 	140   	119.904	306.049	11.7181	4108.91
33 	140   	88.5719	111.44 	12.0808	731.409
34 	140   	94.4937	111.808	12.0808	1064.42
35 	140   	108.029	129.035	12.0008	740.11 
36 	140   	113.983	224.679	12.0008	3253.58
37 	140   	113.128	270.583	12.0008	4253.67
38 	140   	106.709	286.098	12.0008	4434.22
39 	140   	100.579	140.629	9.66873	1589.22
40 	140   	103.373	131.568	9.66873	945.623
41 	140   	106.827	133.388	9.66873	1085.08
42 	140   	111.095	140.85 	9.66873	886.677
43 	140   	97.1719	118.178	9.66873	691.105
44 	140   	264.205	2687.47	9.66873	45100.1
45 	140   	104.681	164.691	9.66873	1824.8 
46 	140   	126.793	158.663	11.1161	1272.05
47 	140   	104.086	142.065	11.6975	1123.48
48 	140   	100.016	112.344	11.6975	543.299
49 	140   	94.0453	114.548	10.3708	770.846
50 	140   	111.756	131.662	10.3708	964.975
51 	140   	99.8208	150.389	10.3708	1229.38
52 	140   	117.316	182.127	10.3708	1507.92
53 	140   	104.807	138.159	10.3708	1377.46
54 	140   	110.925	169.738	10.3708	1583.7 
55 	140   	108.29 	172.712	10.3708	2005.97
56 	140   	114.726	142.033	10.3708	1100.29
57 	140   	138.203	353.667	10.3708	4692.24
58 	140   	97.9987	136.577	10.3708	1245.39
59 	140   	99.4248	166.842	10.3708	2131.05
60 	140   	122.652	164.44 	10.3708	1953.96
61 	140   	104.874	142.258	10.3708	1303.07
62 	140   	109.797	135.929	10.3708	916.107
63 	140   	104.508	138.436	10.3708	855.92 
64 	140   	111.026	187.24 	10.3708	1874.85
65 	140   	100.019	257.167	10.3235	3993.95
66 	140   	108.471	184.754	10.3708	1792.85
67 	140   	91.366 	102.969	10.3708	674.028
68 	140   	102.261	160.987	10.3708	1694.78
69 	140   	108.979	174.336	10.3708	1498.02
70 	140   	94.6979	109.202	10.3708	496.599
71 	140   	107.032	207.878	10.3708	2974.84
72 	140   	100.14 	164.352	10.3708	1872.28
73 	140   	111.304	192.503	10.3708	1824.94
74 	140   	109.254	187.999	10.3708	1643.07
75 	140   	102.764	322.638	10.1578	5229.92
76 	140   	101.788	124.236	10.3708	847.176
77 	140   	96.1949	131.437	10.3708	1329.06
78 	140   	91.1202	117.834	10.3708	804.965
79 	140   	92.652 	196.523	10.3708	2276.34
80 	140   	83.122 	103.082	10.0437	623.764
81 	140   	113.883	221.188	10.3708	2815.44
82 	140   	94.3968	153.708	10.3708	1961.85
83 	140   	89.5934	111.754	10.3708	725.958
84 	140   	105.202	207.892	10.4675	2691.31
85 	140   	101.032	150.446	10.4675	1397.9 
86 	140   	86.9838	121.193	10.4675	925.932
87 	140   	92.0583	138.872	10.4675	1212.08
88 	140   	98.1205	159.75 	10.4675	1822.15
89 	140   	105.316	152.24 	10.4675	1279.92
90 	140   	89.6822	108.879	10.4675	678.455
91 	140   	115.042	201.971	10.4675	2649.68
92 	140   	93.6106	139.186	10.4675	1193.26
93 	140   	102.112	165.005	10.4675	2114.57
94 	140   	103.729	139.609	10.4675	1002.04
95 	140   	92.8583	110.718	10.4675	623.297
96 	140   	134.468	517.727	10.4675	6837.19
97 	140   	91.562 	118.56 	10.429 	611.437
98 	140   	88.8761	115.565	10.429 	711.42 
99 	140   	95.1906	97.4116	10.4841	439.604
100	140   	92.3627	106.3  	10.4841	671.932
Time elapsed: 897 seconds.


Batch Job Summary Report (version 21.01.1) for Job "bpopt" (46129415) on daint

Job information (1/2)
-----------------------------------------------------------------------------------------------------
             Submit            Eligible               Start                 End    Elapsed Time limit
------------------- ------------------- ------------------- ------------------- ---------- ----------
2023-04-19T08:22:27 2023-04-19T08:22:27 2023-04-19T08:22:27 2023-04-19T08:38:40   00:16:13   00:59:00
-----------------------------------------------------------------------------------------------------

Job information (2/2)
-------------------------------------------------------------
    Username      Account    Partition   NNodes        Energy
------------ ------------ ------------ -------- -------------
    bp000145       ich030       normal        4    642.311 kJ

