
gen	nevals	avg    	std    	min    	max    
1  	140   	706.164	619.841	121.352	4605.84
2  	140   	775.635	1081.47	121.352	15054.3
3  	140   	535.681	323.843	114.045	2268.58
4  	140   	591.423	481.197	58.976 	4577.78
5  	140   	577.026	312.555	58.976 	1956.23
6  	140   	447.343	352.292	50.0699	2303.55
7  	140   	420.685	340.745	52.0928	2921.58
8  	140   	481.548	1902.58	47.9195	31768.8
9  	140   	396.915	864.815	47.9195	14084.9
10 	140   	333.448	291.53 	37.9138	1595.05
11 	140   	323.695	337.806	37.9138	2269.33
12 	140   	327.094	324.838	40.5612	1639.43
13 	140   	345.143	355.433	34.0988	3445.32
14 	140   	299.069	286.039	40.5612	1578.98
15 	140   	292.712	295.738	41.754 	1892.4 
16 	140   	302.978	531.819	41.754 	7846.52
17 	140   	291.33 	354.164	33.5422	4252.24
18 	140   	328.402	344.04 	33.5422	2987.87
19 	140   	313.814	299.2  	33.5422	1617.1 
20 	140   	299.685	340.197	33.5422	2681.89
21 	140   	261.449	256.351	33.5422	1617.1 
22 	140   	271.52 	268.49 	33.5422	1769.89
23 	140   	256.063	277.185	33.5422	1929.11
24 	140   	255.331	258.91 	33.5422	1155.57
25 	140   	282.516	290.292	33.5422	1343.42
26 	140   	262.183	287.158	33.5422	1441.57
27 	140   	243.831	255.773	33.4598	1098.16
28 	140   	275.926	258.408	33.4598	1256.44
29 	140   	272.734	331.846	33.1722	3313.06
30 	140   	307.121	365.797	33.1722	3457.76
31 	140   	250.716	265.829	33.4598	1463.89
32 	140   	282.274	271.378	33.4598	1351.4 
33 	140   	253.282	252.078	33.4598	1139.12
34 	140   	251.028	267.381	33.4598	1720.31
35 	140   	290.666	343.552	34.3788	2976.66
36 	140   	265.051	309.04 	36.1496	3410.89
37 	140   	280.491	342.231	36.1496	3979.48
38 	140   	272.787	340.325	36.1496	3979.48
39 	140   	278.332	429.794	36.1496	4911.14
40 	140   	243.22 	324.142	32.2923	3979.48
41 	140   	260.773	312.129	34.7934	3979.48
42 	140   	252.149	245.515	34.7934	1640.82
43 	140   	285.718	607.153	34.1871	9669.46
44 	140   	282.591	249.237	34.7934	1247.7 
45 	140   	269.904	268.892	34.7934	2263.89
46 	140   	239.17 	240.444	34.7934	1234.57
47 	140   	241.693	234.897	34.7934	1054.62
48 	140   	224.423	236.402	33.8518	1649.54
49 	140   	239.747	276.439	33.8518	2503.01
50 	140   	240.62 	230.528	33.8518	1255.65
51 	140   	237.12 	233.323	34.7934	1013.76
52 	140   	244.771	253.244	34.7934	1060.39
53 	140   	405.536	2522.48	34.7934	42349  
54 	140   	855.675	5001.86	34.7934	42349  
55 	140   	916.104	5071.97	32.7571	42349  
56 	140   	380.215	2523.9 	32.7571	42349  
57 	140   	249.948	375.703	32.7571	4311.32
58 	140   	303.31 	275.12 	34.7934	2772.56
59 	140   	297.666	255.66 	34.7934	1161.71
60 	140   	295.568	431.675	34.7934	6015.92
61 	140   	307.547	274.762	34.7934	1180.25
62 	140   	268.063	362.364	34.7934	3642.56
63 	140   	229.603	221.93 	34.7934	1013.76
64 	140   	254.502	247.399	33.9559	1068.95
65 	140   	219.166	218.96 	33.9559	1190.15
66 	140   	240.798	235.91 	33.9559	1051.29
67 	140   	272.611	314.711	33.9559	3031.38
68 	140   	226.44 	209.595	33.9559	996.213
69 	140   	293.716	237.957	33.9559	1564.52
70 	140   	261.22 	247.881	33.9559	1852.07
71 	140   	271.829	724.323	33.9559	11803.9
72 	140   	272.446	254.815	33.9559	1166.35
73 	140   	243.415	240.044	33.9559	1225.36
74 	140   	269.2  	368.849	32.8982	4754.62
75 	140   	217.829	232.044	33.9559	1397.52
76 	140   	281.97 	253.328	33.9559	1931.21
77 	140   	285.373	458.77 	33.9559	5514.32
78 	140   	230.805	242.002	33.9559	1403.93
79 	140   	301.256	246.58 	33.9093	1385.75
80 	140   	261.453	261.202	33.9093	1674.22
81 	140   	243.968	271.041	33.9093	1674.22
82 	140   	283.46 	292.584	33.9093	1674.22
83 	140   	294.985	640.851	33.9093	9838.08
84 	140   	255.574	258.824	33.9093	1429.4 
85 	140   	236.712	241.036	31.7451	1167.76
86 	140   	281.109	333.31 	31.7451	3575.53
87 	140   	279.466	425.505	31.7451	3575.53
88 	140   	269.111	411.974	31.7451	3575.53
89 	140   	256.941	335.713	31.7451	3575.53
90 	140   	260.959	290.566	33.9093	2166.36
91 	140   	306.403	336.212	33.9559	2078.84
92 	140   	256.425	249.192	33.9559	1311.71
93 	140   	280.356	256.589	33.9559	1250.02
94 	140   	302.993	465.047	33.9559	5470.43
95 	140   	308.745	410.97 	33.4599	5470.43
96 	140   	244.221	245.042	33.9559	995.937
97 	140   	293.596	643.64 	33.9559	10238.3
98 	140   	339.529	1372.03	33.9559	22778  
99 	140   	286.878	497.329	33.9559	7286.06
100	140   	272.729	481.551	33.9559	7286.06
Time elapsed: 651 seconds.


Batch Job Summary Report (version 21.01.1) for Job "bpopt" (48838841) on daint

Job information (1/2)
-----------------------------------------------------------------------------------------------------
             Submit            Eligible               Start                 End    Elapsed Time limit
------------------- ------------------- ------------------- ------------------- ---------- ----------
2023-09-08T11:50:53 2023-09-08T11:50:53 2023-09-08T11:51:28 2023-09-08T12:03:45   00:12:17   00:59:00
-----------------------------------------------------------------------------------------------------

Job information (2/2)
-------------------------------------------------------------
    Username      Account    Partition   NNodes        Energy
------------ ------------ ------------ -------- -------------
    bp000145       ich030       normal        4 not available kJ

