
gen	nevals	avg    	std    	min    	max    
1  	140   	492.712	305.301	58.8532	2456.33
2  	140   	576.182	1332.62	58.8532	22153  
3  	140   	356.823	342.951	57.4399	3007.87
4  	140   	312.984	391.886	49.2717	3579.24
5  	140   	305.774	333.638	36.4229	3579.24
6  	140   	235.166	188.618	39.976 	1191.6 
7  	140   	213.335	370.445	34.4696	4966.03
8  	140   	159.33 	142.601	28.479 	795.65 
9  	140   	154.896	147.082	28.479 	746.873
10 	140   	143.605	135.775	27.8466	885.707
11 	140   	159.183	157.431	27.8466	1515.08
12 	140   	154.517	452.795	24.562 	7450.13
13 	140   	140.821	163.412	20.64  	1855.62
14 	140   	136.949	125.809	20.64  	827.548
15 	140   	130.784	136.774	20.64  	1187.54
16 	140   	144.092	245.651	20.64  	3600.19
17 	140   	158.664	403.095	20.64  	6039.6 
18 	140   	226.221	242.472	20.64  	2530.99
19 	140   	219.801	591.698	20.64  	7251.8 
20 	140   	143.215	256.859	20.64  	3858.22
21 	140   	236.662	1472.42	20.64  	24613.4
22 	140   	121.995	152.984	20.64  	1357.99
23 	140   	141.384	198.27 	20.64  	2265.66
24 	140   	972.542	14022.9	20.64  	235188 
25 	140   	453.314	5205   	20.64  	87362.4
26 	140   	129.267	141.228	20.64  	1086.08
27 	140   	202.42 	390.883	20.64  	6328.62
28 	140   	138.566	144.542	20.64  	1023.27
29 	140   	124.839	304.828	20.64  	4917.69
30 	140   	130.382	161.102	20.64  	1627.84
31 	140   	119.952	152.7  	20.64  	1478.94
32 	140   	111.183	151.757	20.64  	1676.12
33 	140   	252.758	1823.45	20.64  	29042.4
34 	140   	176.512	635.139	20.64  	9888.31
35 	140   	124.282	150.435	20.64  	1036.72
36 	140   	125.158	211.478	20.64  	2862.37
37 	140   	138.452	139.127	20.64  	637.425
38 	140   	174.546	475.839	20.64  	6347.92
39 	140   	419.498	4527.01	20.64  	75748.2
40 	140   	147.064	159.323	21.6235	826.207
41 	140   	142.704	200.149	21.9716	2470.59
42 	140   	144.066	168.229	21.9716	997.501
43 	140   	249.352	218.361	22.2355	2395.6 
44 	140   	214.41 	163.243	22.2355	997.501
45 	140   	174.569	157.335	22.2355	930.226
46 	140   	180.459	275.196	22.2355	3705.04
47 	140   	135.815	189.865	21.2076	2215.71
48 	140   	126.441	123.571	21.2076	723.808
49 	140   	168.446	148.566	21.2076	816.756
50 	140   	149.44 	168.789	21.2076	1460.83
51 	140   	130.274	152.724	21.2076	1204.19
52 	140   	109.649	122.37 	21.2076	641.891
53 	140   	137.378	150.764	21.2076	1336.33
54 	140   	134.186	161.598	21.1619	1561.86
55 	140   	132.795	180.776	21.1619	2303.98
56 	140   	226.517	328.979	21.1619	5094.69
57 	140   	155.565	157.333	21.1619	1025.61
58 	140   	121.302	132.441	21.1619	1124.44
59 	140   	120.319	144.041	21.1619	1096.71
60 	140   	125.945	177.373	21.1619	1483.39
61 	140   	115.552	150.657	21.1619	1255.34
62 	140   	121.757	142.374	21.9486	1034.03
63 	140   	135.597	159.887	21.9486	1308.96
64 	140   	144.726	341.644	21.6354	5096.2 
65 	140   	115.529	128.949	21.3497	791.83 
66 	140   	164.871	451.941	21.3497	6957.28
67 	140   	231.178	320.404	21.3497	3546.53
68 	140   	182.198	308.449	21.3497	3546.53
69 	140   	141.343	150.658	21.3497	889.244
70 	140   	152.744	206.362	21.3497	2626.11
71 	140   	146.607	152.248	22.3724	916.916
72 	140   	147.541	151.63 	22.3724	916.916
73 	140   	158.157	177.556	22.3724	1120.36
74 	140   	163.521	431.88 	22.2679	6894.8 
75 	140   	159.521	224.385	22.2679	2617.01
76 	140   	182.712	144.992	23.1102	642.887
77 	140   	135.135	143.632	22.0068	1104.21
78 	140   	238.042	202.79 	23.1102	1690.95
79 	140   	178.254	185.578	21.5234	1690.95
80 	140   	202.158	242.457	21.5234	3015.17
81 	140   	157.975	147.71 	21.5234	842.056
82 	140   	144.101	174.606	21.5234	1758.79
83 	140   	131.147	137.559	22.4515	763.891
84 	140   	129.798	135.55 	22.4515	671.816
85 	140   	142.069	338.882	21.8121	5318.32
86 	140   	132.64 	139.049	22.4515	782.561
87 	140   	136.257	155.347	22.0804	1306.08
88 	140   	142.654	138.288	22.4515	644.189
89 	140   	129.691	144.453	22.4515	752.734
90 	140   	136.053	140.676	22.0423	744.991
91 	140   	130.887	135.534	22.0423	642.201
92 	140   	135.48 	146.224	22.0423	678.074
93 	140   	191.219	197.683	20.6777	1813.45
94 	140   	178.069	249.083	20.6777	2882.81
95 	140   	166.203	502.975	20.6777	7431.1 
96 	140   	120.116	139.6  	20.6777	1194.18
97 	140   	127.358	145.244	20.6777	1146.09
98 	140   	129.231	173.355	20.6777	1930.68
99 	140   	141.082	150.613	20.6777	1105.94
100	140   	124.623	149.482	20.6777	947.541
Time elapsed: 2766 seconds.


Batch Job Summary Report (version 21.01.1) for Job "bpopt" (46075282) on daint

Job information (1/2)
-----------------------------------------------------------------------------------------------------
             Submit            Eligible               Start                 End    Elapsed Time limit
------------------- ------------------- ------------------- ------------------- ---------- ----------
2023-04-17T16:40:46 2023-04-17T16:40:46 2023-04-17T16:40:53 2023-04-17T17:31:16   00:50:23   00:59:00
-----------------------------------------------------------------------------------------------------

Job information (2/2)
-------------------------------------------------------------
    Username      Account    Partition   NNodes        Energy
------------ ------------ ------------ -------- -------------
    bp000145       ich030       normal        4   1206.471 kJ

