
gen	nevals	avg    	std    	min    	max        
1  	280   	7232.52	2215.56	4305.97	9000       
2  	280   	7226.14	2215.55	4305.97	9000       
3  	280   	5132.61	1652.5 	4278.73	9000       
4  	280   	4544.74	799.154	4257.89	9000       
5  	280   	4898.6 	8618.19	4231.82	207970     
6  	280   	4941.62	8727.56	4227.29	207970     
7  	280   	4506.44	870.917	4212.97	13217.5    
8  	280   	4630.9 	2107.33	4208.22	46656.6    
9  	280   	4357.78	501.648	4171.73	9000       
10 	280   	4391.9 	636.35 	4189.54	10975      
11 	280   	4561.98	1258.42	4186.41	19498.4    
12 	280   	4339.81	708.369	4164.97	15384.8    
13 	280   	6493.35	51751.2	4158.93	1.22997e+06
14 	280   	6510.18	51752  	4150.14	1.22997e+06
15 	280   	4252.16	273.611	4150.14	8082.83    
16 	280   	4240.11	613.233	4142.7 	18607      
17 	280   	4207.4 	148.648	4142.7 	7251.82    
18 	280   	4208.88	216.662	4140.55	9000       
19 	280   	4194.6 	119.724	3168.88	5565.94    
20 	280   	4181.9 	159.678	3168.88	5701.05    
21 	280   	4473.13	6073.55	2018.08	146965     
22 	280   	5045.38	10487  	2018.08	146965     
23 	280   	5010.73	8711.73	2018.08	146965     
24 	280   	5652.34	9182.22	1468.43	146965     
25 	280   	7801.9 	15595.1	1218.84	146965     
26 	280   	8316.1 	14803.9	1205.02	146965     
27 	280   	7673.77	11252.9	1138.46	146965     
28 	280   	6060.1 	6446.96	1138.46	56654.7    
29 	280   	6312.29	8078.89	1139.67	105960     
30 	280   	5628.12	6837.74	1032.02	105960     
31 	280   	6124.96	7935.71	1032.02	121854     
32 	280   	5725.09	4467.94	1017.99	42206.1    
33 	280   	5465.04	4109.73	874.101	34177.2    
34 	280   	5148.02	3820.25	874.101	37042.6    
35 	280   	5132.87	4130.08	874.101	35461.5    
36 	280   	5006.63	3654.98	874.101	26676.9    
37 	280   	5444.66	4130.78	874.101	35367.1    
38 	280   	5455.65	5803.73	874.101	107602     
39 	280   	5409.99	5672.22	874.101	96140.5    
40 	280   	5074.75	4127.2 	874.101	23916.2    
41 	280   	5143.91	4060.42	874.101	24818.9    
42 	280   	5399.27	4454.35	838.863	47157.3    
43 	280   	4998.69	3899.45	864.785	24818.9    
44 	280   	4894.35	3669.64	864.785	22837.4    
45 	280   	5337.95	4306.87	864.785	24786.7    
46 	280   	4773.84	3631.43	864.785	19994      
47 	280   	5330.05	4287.44	816.767	29834.5    
48 	280   	5513.16	4820.59	680.494	30046.5    
49 	280   	5332.25	4835.14	680.494	33629      
50 	280   	5558.61	5552.77	680.494	32915.9    
51 	280   	5774.39	5246.59	680.494	29834.5    
52 	280   	5060.13	4546   	680.494	29834.5    
53 	280   	5743.38	5269.28	680.494	29834.5    
54 	280   	5563.35	4759.38	680.494	24818.2    
55 	280   	5676.98	5283.37	680.494	31540.8    
56 	280   	5496.64	4725.59	680.494	26737.2    
57 	280   	5645.32	5192.47	544.784	26947.2    
58 	280   	5099.74	4569.16	544.784	28588.1    
59 	280   	6081.77	5728.18	544.784	29215.4    
60 	280   	6783.28	6175.52	544.784	30728.7    
61 	280   	5550.03	5320.82	616.105	31778.6    
62 	280   	6243.92	5737.52	616.105	31778.6    
63 	280   	5233.99	5094.85	616.105	28588.1    
64 	280   	6111.6 	6399.04	511.045	54099.9    
65 	280   	7045.47	7019.48	562.079	34463.7    
66 	280   	6298.01	6568.28	592.834	35821.3    
67 	280   	6165.97	7412.87	536.728	115196     
68 	280   	6285.61	6332.06	536.728	33470.2    
69 	280   	6566.4 	6364.93	536.728	33470.2    
70 	280   	6113.31	6142.88	487.965	35786.7    
71 	280   	6476.3 	6316.62	487.965	35568.1    
72 	280   	6551.8 	6410   	371.118	35568.1    
73 	280   	6076.77	6872.1 	371.118	40638.1    
74 	280   	6369.57	7361.98	371.118	35568.1    
75 	280   	5873.81	6409.4 	371.118	36584      
76 	280   	5910.78	6198.01	371.118	35568.1    
77 	280   	5950.62	6242.99	371.118	35921.8    
78 	280   	5851.7 	5942.25	371.118	33508.8    
79 	280   	5347.54	5930.27	371.118	33398.2    
80 	280   	5744.54	6070.61	345.283	37596.3    
81 	280   	5108.83	5647.47	315.357	38657.9    
82 	280   	5257.8 	5474.65	315.357	36736.7    
83 	280   	5282.56	5739.82	371.118	36736.7    
84 	280   	5261.94	5365.01	319.714	36736.7    
85 	280   	5120.15	5924.98	206.031	43612      
86 	280   	5486.01	6329.1 	206.031	36464      
87 	280   	5413.11	6228.08	206.031	41764.4    
88 	280   	5229.58	5317.66	206.031	38804.5    
89 	280   	4620.11	4891.21	206.031	37484.6    
90 	280   	4975.99	5248.56	206.031	47663.1    
91 	280   	5938.83	6908.43	206.031	43433.2    
92 	280   	6100.77	7431.6 	206.031	43433.2    
93 	280   	6153.3 	6927.98	206.031	42476.1    
94 	280   	5963.82	7183.6 	206.031	50479.4    
95 	280   	5259.99	5782.16	206.031	38334.9    
96 	280   	5995.84	7053.66	206.031	45966.1    
97 	280   	5408.57	5461.28	206.031	38334.9    
98 	280   	5328.69	5539.01	206.031	38334.9    
99 	280   	4574.8 	4805.67	206.031	38334.9    
100	280   	5453.58	5901.73	206.031	39092      
101	280   	4621.22	4725.61	192.215	38334.9    
102	280   	4837.73	5472.23	192.215	41881.9    
103	280   	5069.85	5527.5 	192.215	38334.9    
104	280   	5074.37	6602.08	192.215	89698.9    
105	280   	4254.75	4070.66	192.215	38196.3    
106	280   	4426.1 	5095.43	192.215	58035.1    
107	280   	5020.81	5585.76	192.215	34602.4    
108	280   	4352.08	4312.44	192.215	31286.3    
109	280   	4349.61	4663.35	192.215	53136.6    
110	280   	4888.17	4882.78	192.215	31286.3    
111	280   	4467.78	4338.33	192.215	27358.5    
112	280   	4890.93	7124.33	192.215	138519     
113	280   	5836.98	13371.8	147.766	138519     
114	280   	6389.84	16338.7	192.215	138519     
115	280   	8033.17	23340  	192.215	138519     
116	280   	6575.74	17992.9	192.215	138519     
117	280   	5861.15	15155.7	192.215	138519     
118	280   	5807.27	12343.5	170.879	138519     
119	280   	5010.73	7178.57	170.879	127794     
120	280   	4422.87	5022.96	170.879	37612.3    
121	280   	5158.43	5473.43	170.879	64222.2    
122	280   	4460.33	3638.34	170.879	18520.9    
123	280   	4292.95	4292.59	186.68 	38856.4    
124	280   	4190.47	4507.48	144.343	40322.7    
125	280   	4390.64	7587.69	144.343	152032     
126	280   	4586.57	7136.86	144.343	152032     
127	280   	4032.93	3537.23	144.343	26640.7    
128	280   	4261.69	3886.04	144.343	45604.7    
129	280   	4154.84	4005.15	144.343	27225.4    
130	280   	4056.54	4152.83	144.343	27225.4    
131	280   	4245.77	4887.64	137.594	30168.2    
132	280   	4654.24	5179.66	137.594	33362.6    
133	280   	4537.44	6349.58	137.594	94725.3    
134	280   	5365   	11021.8	137.594	194990     
135	280   	5328.33	14847.8	137.594	194990     
136	280   	5195.46	16727.4	137.594	194990     
137	280   	4289.51	9979.18	137.594	194990     
138	280   	4277.03	4798.5 	137.594	28383.3    
139	280   	4512.09	5161.09	137.594	32466.8    
140	280   	5065.16	6326.15	137.594	96916.3    
141	280   	4392.55	7346.53	137.594	96916.3    
142	280   	4696.05	7924.95	137.594	96916.3    
143	280   	4543.87	7066.38	137.594	96916.3    
144	280   	4428   	4661.25	137.594	27320      
145	280   	3893.83	4054.43	137.594	29335.5    
146	280   	3880.05	3943.75	137.594	29335.5    
147	280   	3550.64	4258.89	137.594	41433.4    
148	280   	4190.85	4716.14	137.594	27455.2    
149	280   	4074.09	4591.3 	137.594	38578.8    
150	280   	4293.39	4999.2 	137.594	60234.7    
151	280   	4001.88	4729.64	137.594	60234.7    
152	280   	4550.19	10160.2	137.594	188662     
153	280   	4340.06	4525.29	137.594	26218.4    
154	280   	3795.1 	3448   	137.594	26448.3    
155	280   	3680.26	3838.06	137.594	41037.5    
156	280   	3658.62	3709.37	137.594	28374.4    
157	280   	3743.86	3772.27	137.594	28374.4    
158	280   	3670.68	3551.86	137.594	25910.5    
159	280   	3617.26	4249.11	137.594	36266.6    
160	280   	3954.88	7401.29	137.594	126972     
161	280   	3900.75	7876.64	137.594	126972     
162	280   	4014.45	9672.16	137.594	171442     
163	280   	3239.4 	3188.2 	137.594	30269.3    
164	280   	3517.99	4207.5 	137.594	38282.5    
165	280   	3376.59	3999.65	137.594	32480.3    
166	280   	3445.58	3548.78	137.594	36643.9    
167	280   	3891.46	5429.88	137.594	93626.8    
168	280   	3398.11	2973.4 	137.594	26344.4    
169	280   	3575.46	4545.43	137.594	70035.7    
170	280   	3204.91	3653.31	137.594	28400.3    
171	280   	3412.07	3945.2 	137.594	43629.2    
172	280   	3129.88	3358.51	137.594	28421.3    
173	280   	3261.16	3531.62	137.594	35367.3    
174	280   	3372.8 	5168.41	137.594	105964     
175	280   	3671.49	12722.5	137.594	295206     
176	280   	4334.58	20671  	137.594	388566     
177	280   	3109.6 	3078.65	137.594	28346.3    
178	280   	3590.61	3199.06	137.594	31518.7    
179	280   	3665.61	3469.19	137.594	26415      
180	280   	3654.42	4579.37	137.594	72702.4    
181	280   	3774.63	9148.32	137.594	200134     
182	280   	3112.94	4923.39	137.594	91692.2    
183	280   	3306.66	3336.98	144.103	26483.1    
184	280   	4372.73	21674.9	144.103	509416     
185	280   	4253.62	21766.6	144.103	509416     
186	280   	6014.03	37186.2	144.103	509416     
187	280   	4630.09	21711  	144.103	509416     
188	280   	3774.19	3643.16	144.103	42171.6    
189	280   	4049.14	4437.32	144.103	42171.6    
190	280   	4504.27	5962.85	144.103	57783.7    
191	280   	4488.7 	9791.65	144.103	169722     
192	280   	3501.07	4311.26	117.005	42171.6    
193	280   	3992.55	5523.91	144.103	42171.6    
194	280   	3420.43	3476.97	134.708	42171.6    
195	280   	3522.18	3407.32	144.103	29463.1    
196	280   	3401.58	3318.38	144.103	28467.9    
197	280   	3456   	3619.85	104.801	46840.1    
198	280   	3254.67	3706.24	104.801	46840.1    
199	280   	3622.44	3931.19	104.801	46840.1    
200	280   	4344.03	17124.9	98.4   	401762     
Time elapsed: 15171 seconds.


Batch Job Summary Report (version 21.01.1) for Job "bpopt" (48690274) on daint

Job information (1/2)
-----------------------------------------------------------------------------------------------------
             Submit            Eligible               Start                 End    Elapsed Time limit
------------------- ------------------- ------------------- ------------------- ---------- ----------
2023-09-01T15:42:22 2023-09-01T15:42:22 2023-09-01T15:44:22 2023-09-01T19:59:43   04:15:21   23:59:00
-----------------------------------------------------------------------------------------------------

Job information (2/2)
-------------------------------------------------------------
    Username      Account    Partition   NNodes        Energy
------------ ------------ ------------ -------- -------------
    bp000145       ich030       normal        8  16509.436 kJ

