
gen	nevals	avg    	std    	min    	max    
1  	510   	4674.99	26.1644	4540.95	4757.41
2  	510   	4674.75	25.868 	4540.95	4762.76
3  	510   	4650.6 	29.8661	4524.41	4727.83
4  	510   	4624.18	53.3247	3328.25	4735.91
5  	510   	4593.74	68.1811	3199.17	4755.39
6  	510   	4585.52	566.334	3190.36	19146  
7  	510   	4517.89	317.228	573.813	6997.59
8  	510   	4423.7 	523.679	573.813	6086.27
9  	510   	4185.2 	867.065	573.813	4987.4 
10 	510   	3660.75	1251.41	573.813	4987.4 
11 	510   	2783.46	1524.21	432.959	4750.37
12 	510   	2215.3 	1535.21	408.956	4815.72
13 	510   	2198.36	1564.19	408.956	7640.3 
14 	510   	2093.79	1583.24	408.956	8204.24
15 	510   	2045.64	1669.63	408.956	15488.4
16 	510   	2043.55	1594.89	408.956	4870.78
17 	510   	1946.05	1649.27	361.357	14974.9
18 	510   	2010.64	1618.67	408.956	4661.82
19 	510   	1907.47	1711.91	408.956	24167.1
20 	510   	1811.45	1717.82	396.483	27105.7
21 	510   	1934.92	1568.34	321.373	5209.28
22 	510   	1967.03	1579.88	341.19 	5209.28
23 	510   	2032.28	3607.76	309.674	105473 
24 	510   	1817.67	1614.86	309.674	12477.3
25 	510   	2012.76	1610.98	307.573	12477.3
26 	510   	2072.24	1807.84	309.674	29403.3
27 	510   	2141.29	1981.26	309.674	29403.3
28 	510   	1987.42	2010.32	309.674	35092.7
29 	510   	2055.64	1623.39	309.674	8957.16
30 	510   	2124.57	1605.21	335.152	8957.16
31 	510   	1900.61	1604.22	300.292	6111.46
32 	510   	1908.74	1629.67	273.984	6042.34
33 	510   	2119.19	1619.47	273.984	6656.68
34 	510   	1895.52	1775.05	273.984	22257  
35 	510   	1987.44	1657.44	273.984	5916.47
36 	510   	1781.55	1622.23	273.984	5916.47
37 	510   	1933.8 	1638.65	254.908	4676.56
38 	510   	1990.39	4425.88	254.908	133491 
39 	510   	1956.64	4448.06	254.908	133491 
40 	510   	2467.76	8468.64	255.005	133491 
41 	510   	2067.65	6056.04	273.984	133491 
42 	510   	2422.22	8386.31	248.038	133491 
43 	510   	2310.89	7415.36	248.038	133491 
44 	510   	1886.37	4763.77	254.064	144641 
45 	510   	1717.09	1665.88	232.6  	4904.73
46 	510   	1981.58	2037.55	232.6  	35528.9
47 	510   	1737.52	1691.92	232.6  	7737.4 
48 	510   	1741.53	1866.62	232.6  	29445.9
49 	510   	2001.07	2743   	232.6  	65614.4
50 	510   	1821.5 	1734.8 	232.6  	16081.3
51 	510   	1766.15	1659.66	232.6  	4741.17
52 	510   	1730.66	1644.35	232.6  	4801.59
53 	510   	2015.31	1705.99	232.6  	4904.49
54 	510   	1843.29	1655.7 	232.6  	6484.15
55 	510   	1827.92	1800.57	232.6  	16284.8
56 	510   	1770.05	2007.91	232.6  	40804.7
57 	510   	1690.16	1643.68	221.556	4824.2 
58 	510   	1897.73	2750.85	221.556	58434.1
59 	510   	1832.15	2489.13	223.96 	58434.1
60 	510   	1932.34	1721.37	223.96 	6077.95
61 	510   	1847.9 	2733.01	223.96 	70925.5
62 	510   	1820.58	1661.71	226.176	4909.05
63 	510   	1725.72	1665.62	226.176	11512.6
64 	510   	1821.29	1883.49	226.176	26414.9
65 	510   	1899.26	1688.66	232.6  	16063.3
66 	510   	1727.25	1531.5 	232.6  	7496.21
67 	510   	1696.54	1570.97	232.6  	6281.76
68 	510   	1785.34	1646.28	232.6  	5388.99
69 	510   	1752.69	1673.83	218.877	8365.62
70 	510   	1845.98	1725.21	218.877	16974.2
71 	510   	1895.08	1636.32	218.877	7784.48
72 	510   	1772.05	1603.28	218.877	4629.23
73 	510   	1699.2 	1603.17	218.877	4666.63
74 	510   	1773   	1559.99	218.877	8704.65
75 	510   	2028.62	7103.19	218.877	217232 
76 	510   	1719.51	1600.8 	218.877	5686.78
77 	510   	1737.21	1659.17	218.877	6436.98
78 	510   	1967.5 	2181.71	218.877	46324  
79 	510   	1684.39	1646.75	218.877	4795.37
80 	510   	1731.84	1658.95	218.877	7266.97
81 	510   	1787.27	1761.11	218.877	21859.3
82 	510   	1705.5 	1669.77	218.877	4789.9 
83 	510   	1847.71	1646.11	218.877	6138.22
84 	510   	1785.07	3190.51	218.877	89426.7
85 	510   	1649.03	1651.05	218.877	5612.79
86 	510   	1688.66	1789.83	218.877	27034.8
87 	510   	1812.83	4105.25	205.876	120448 
88 	510   	1932.2 	2876.25	178.53 	66343.2
89 	510   	1735.22	1741.55	203.819	18243.2
90 	510   	1793.12	1647.02	214.85 	4660.57
91 	510   	1759.58	1814.64	218.877	26195.7
92 	510   	1779.69	1688.88	196.237	11913.2
93 	510   	1814.71	2632.43	196.237	44092.2
94 	510   	1718.88	1788.79	196.237	20913.6
95 	510   	1751.44	1699.71	196.237	9074.05
96 	510   	2093.07	9103.65	182.955	287642 
97 	510   	1801.54	1610.08	182.955	4638.41
98 	510   	1810.48	2434.74	196.237	60318.3
99 	510   	1806.42	2310.48	196.237	37509.3
100	510   	1823.81	1819.84	178.699	16381.5
101	510   	1922.21	1704.36	178.699	11879.3
102	510   	1725.03	1597.11	196.237	5304.93
103	510   	1753.67	1858.98	196.237	29650.1
104	510   	1638.17	1577.19	163.982	4633.61
105	510   	1662.34	2127.91	159.936	34711.8
106	510   	1623.24	1890.79	159.936	32109.4
107	510   	1855.4 	2752.23	163.982	66717.6
108	510   	1645.69	1686.28	163.982	11449.3
109	510   	1668.4 	1884.48	163.982	21744.5
110	510   	1948.14	2137.31	163.982	41507.6
111	510   	1676.34	2507.82	163.982	62278.5
112	510   	1610.22	1687.23	163.982	10783.7
113	510   	1603.3 	1865.62	163.982	30087.9
114	510   	1672.41	1640.47	163.982	9750.41
115	510   	1875.74	4300.82	150.265	114890 
116	510   	1689.45	1683.13	163.982	10213.9
117	510   	1642.14	2256.15	163.982	51192.4
118	510   	1680.54	1747.49	163.982	14392.8
119	510   	1684.22	1821.27	163.982	22192.9
120	510   	1615.34	1668.15	163.982	4647.8 
121	510   	1867.15	2018.31	163.982	37840.3
122	510   	1748.35	2231.42	163.982	37840.3
123	510   	1852.54	4012.75	163.982	94337.6
124	510   	1660.76	2003.99	163.982	37840.3
125	510   	1901.58	7794.4 	163.982	244756 
126	510   	1653.75	1918.25	158.321	30201.7
127	510   	1665.12	1680.59	158.321	10699.4
128	510   	1998.04	5808.22	158.321	128270 
129	510   	1730.8 	2771.29	175.031	71717.3
130	510   	1688.61	3250.85	175.031	90676.2
131	510   	1608.61	1666.59	175.031	7371.67
132	510   	1598.16	1725.03	175.031	20134.9
133	510   	1712.36	1719.43	133.052	9570.94
134	510   	1662.51	1768.03	133.052	10417  
135	510   	1751.31	3717.03	133.052	106808 
136	510   	1613.36	1741.21	133.052	10792.1
137	510   	1811.75	4326.3 	133.052	128561 
138	510   	1770.39	1880.15	133.052	18773.1
139	510   	1654.38	1726.68	118.259	4993.78
140	510   	1664.52	1736.07	151.855	6999.62
141	510   	1855.09	5736.53	151.855	172121 
142	510   	1832.96	4108.89	151.855	121169 
143	510   	1612.89	1796.33	151.855	20392.2
144	510   	1594.72	1786.25	151.855	18300.9
145	510   	1702.62	1706.75	151.855	11049.7
146	510   	1873.84	1751.91	151.855	10710.3
147	510   	1736.73	2261.26	151.855	48603.9
148	510   	1563.56	1782.43	151.855	19272.5
149	510   	1736.61	1784.69	151.855	14150.8
150	510   	1879.08	4651.52	151.855	101045 
151	510   	1754.13	1646.7 	156.113	6053.86
152	510   	1667.94	1739.97	156.113	17152.9
153	510   	1718.1 	1710.26	156.113	14688.2
154	510   	1666.56	1763.83	155.465	14688.2
155	510   	1707.46	1757.64	155.465	9893.18
156	510   	2123.3 	1707.19	155.465	5031.03
157	510   	1691.14	1781.71	155.465	25709.2
158	510   	1797.59	2064.78	155.465	38621.4
159	510   	1744.17	1941.19	155.465	29772.2
160	510   	2059.51	1713.78	155.465	10278.1
161	510   	1784.11	3729.81	155.465	103791 
162	510   	1691.27	2655.03	135.184	66924.1
163	510   	1794.22	1809.11	135.184	21050.9
164	510   	1880.68	4051.55	135.184	118045 
165	510   	1797.64	1703.99	135.184	5371.2 
166	510   	1750.43	1844.54	135.184	24447.1
167	510   	1909.19	7267.61	135.184	227828 
168	510   	1895.81	7568.31	135.184	227828 
169	510   	1604.06	1695.33	135.184	6556.83
170	510   	1537.05	1637.37	135.184	6617.78
171	510   	1594.53	1643.93	135.184	9854.93
172	510   	1575.66	1626.71	135.184	4636.09
173	510   	1636.49	1652.56	135.184	7326.53
174	510   	1645.82	1644.87	135.184	8972.11
175	510   	1615.19	1652.14	109.66 	4746.94
176	510   	1561.27	1973.16	109.66 	36192.4
177	510   	1565.5 	1678.4 	109.66 	11411.2
178	510   	1599.88	1764.35	109.66 	22132.7
179	510   	1631.25	1572.68	109.66 	4793.75
180	510   	1680.75	1729.94	109.66 	14465.7
181	510   	1580.86	2101.43	109.66 	32987.4
182	510   	1675.77	2757.52	109.66 	64232.2
183	510   	1794.86	3883.68	109.66 	95537.8
184	510   	1783.27	3789.37	97.7665	95537.8
185	510   	1826.54	2728.86	97.7665	54252.9
186	510   	1486.56	1657.23	109.66 	11968.4
187	510   	1552.91	1704.8 	109.66 	9273.15
188	510   	1594.87	1676.85	109.66 	8076.58
189	510   	1811.21	4585.35	109.66 	117395 
190	510   	1964.37	8678.63	109.66 	266733 
191	510   	1519.79	1703.17	109.66 	16634.7
192	510   	1673.26	2443.48	109.66 	53030.8
193	510   	1628.49	1772.36	109.66 	15995.9
194	510   	1767.28	1835.95	109.66 	20716.3
195	510   	1733.07	2221.6 	109.612	34875.6
196	510   	1630.83	1629.9 	109.612	11028.6
197	510   	2084.45	11660.9	109.612	358735 
198	510   	1685.88	2263.63	109.612	49754.1
199	510   	1801.36	1887.93	109.66 	24196.5
200	510   	1463.83	1609.05	109.66 	15697.2
Elapsed time: 9159 seconds (2h 32m 39s)
