
gen	nevals	avg    	std    	min    	max    
1  	140   	1321.7 	1657.4 	99.7494	11783.8
2  	140   	1392.06	1793.99	99.7494	11783.8
3  	140   	852.332	1650.12	91.3344	15879.1
4  	140   	463.411	323.52 	91.3344	3009.71
5  	140   	351.266	246.093	69.5611	1474.81
6  	140   	290.995	200.809	51.7577	1313.53
7  	140   	332.122	767.682	51.7577	12617.9
8  	140   	336.369	561.21 	60.4981	7131.44
9  	140   	253.551	300.308	62.6371	2769.34
10 	140   	224.069	209.726	55.5437	1429.71
11 	140   	252.737	290.039	55.5437	3456.24
12 	140   	256.449	310.321	61.4342	3456.24
13 	140   	313.219	720.609	62.6371	9173.02
14 	140   	256.522	230.143	62.6371	1114.86
15 	140   	265.859	245.78 	59.7834	1159.1 
16 	140   	241.177	240.625	50.7194	1645.88
17 	140   	246.092	265.715	44.5507	1737.52
18 	140   	264.841	358.039	44.5507	4689.18
19 	140   	247.677	362.046	44.5507	4689.18
20 	140   	264.486	283.539	43.547 	2210.28
21 	140   	274.558	288.712	43.547 	1382.11
22 	140   	281.504	268.549	43.547 	1330.72
23 	140   	283.985	246.778	44.5507	1094.48
24 	140   	312.801	678.746	44.5507	9955.32
25 	140   	379.657	1114.46	44.5507	14624.3
26 	140   	309.245	640.342	43.8744	9955.32
27 	140   	258.752	265.423	42.5385	1239.25
28 	140   	268.248	250.76 	43.9875	1141.4 
29 	140   	329.894	724.499	43.9875	11333.1
30 	140   	321.283	810.525	43.5544	11333.1
31 	140   	340.494	511.86 	43.5544	7156.65
32 	140   	315.976	499.042	43.5544	7156.65
33 	140   	303.44 	318.642	39.8581	2038.17
34 	140   	294.161	315.056	40.6718	1526.67
35 	140   	313.568	306.617	43.5544	1465.08
36 	140   	289.612	368.522	42.1181	4058.84
37 	140   	306.309	367.794	42.1181	4058.84
38 	140   	363.978	1239.94	43.5544	20346.5
39 	140   	470.386	1720.24	43.5544	20346.5
40 	140   	307.903	372.637	43.9875	2041.78
41 	140   	310.798	345.606	37.278 	2416.04
42 	140   	256.76 	298.814	37.278 	2041.78
43 	140   	262.327	323.718	36.194 	2041.78
44 	140   	297.127	334.507	36.194 	2041.78
45 	140   	287.357	333.636	36.194 	2041.78
46 	140   	281.027	281.012	36.194 	1165.73
47 	140   	307.277	540.477	36.194 	7953.2 
48 	140   	268.967	516.529	36.194 	7953.2 
49 	140   	249.182	248.847	36.194 	1256.13
50 	140   	268.737	257.762	36.194 	1051.5 
51 	140   	251.766	263.988	34.6763	1175.99
52 	140   	240.855	267.187	34.6763	1269.92
53 	140   	343.907	1437.3 	34.6763	23950.5
54 	140   	247.86 	282.343	34.6763	2447.71
55 	140   	249.602	276.308	34.6763	2447.71
56 	140   	218.323	276.613	34.6763	2103.09
57 	140   	227.38 	291.956	34.6763	3295.84
58 	140   	269.16 	262.486	34.6763	1112.97
59 	140   	272.11 	269.286	34.6763	1502.55
60 	140   	270.185	410.239	34.6763	5655.31
61 	140   	253.566	259.763	34.6763	1133.88
62 	140   	231.435	269.369	34.6763	2485.9 
63 	140   	286.085	320.98 	34.6763	3735.87
64 	140   	272.04 	315.815	34.6763	3735.87
65 	140   	257.018	318.625	34.6763	3735.87
66 	140   	275.92 	331.263	34.6763	3735.87
67 	140   	253.125	248.688	34.6763	1178.49
68 	140   	262.985	334.823	34.6763	4351.57
69 	140   	272.191	435.48 	34.6763	4600.14
70 	140   	412.369	1579.72	34.6763	25134.6
71 	140   	280.416	524.43 	34.6763	4351.57
72 	140   	270.091	434.008	34.6763	4351.57
73 	140   	232.142	257.041	34.6763	1179.85
74 	140   	240.427	230.626	34.6763	1107.19
75 	140   	264.648	284.712	38.4964	2406.02
76 	140   	266.362	340.004	38.4964	4345.41
77 	140   	255.449	354.53 	35.4554	4345.41
78 	140   	305.793	504.329	35.4554	4693.87
79 	140   	345.859	578.04 	35.4554	4693.87
80 	140   	257.467	365.977	35.4554	4693.87
81 	140   	309.883	441.63 	34.5982	4693.87
82 	140   	385.078	1072.6 	34.5982	16369.5
83 	140   	276.177	468.82 	34.5982	4693.87
84 	140   	378.188	749.917	34.5982	5026.34
85 	140   	397.99 	742.467	34.5982	4693.87
86 	140   	435.686	895.11 	35.7174	4693.87
87 	140   	290.213	530.391	36.4697	4693.87
88 	140   	351.076	744.735	35.3919	4693.87
89 	140   	280.925	310.287	36.4697	1811.09
90 	140   	247.16 	245.511	36.4697	1142.34
91 	140   	277.848	278.286	36.4697	1142.34
92 	140   	238.221	246.544	36.4697	1211.59
93 	140   	233.963	254.466	36.4697	1177.39
94 	140   	272.774	263.469	36.4697	1309.59
95 	140   	233.645	250.324	36.4697	1998.43
96 	140   	245.825	260.8  	36.4697	1100.1 
97 	140   	206.68 	237.268	36.4697	1169.81
98 	140   	235.389	303.948	36.4697	2495.7 
99 	140   	267.104	323.783	36.4697	2495.7 
100	140   	292.848	280.727	38.1529	1218.01
Time elapsed: 571 seconds.


Batch Job Summary Report (version 21.01.1) for Job "bpopt" (45992114) on daint

Job information (1/2)
-----------------------------------------------------------------------------------------------------
             Submit            Eligible               Start                 End    Elapsed Time limit
------------------- ------------------- ------------------- ------------------- ---------- ----------
2023-04-14T11:05:38 2023-04-14T11:05:38 2023-04-14T11:06:12 2023-04-14T11:17:02   00:10:50   00:59:00
-----------------------------------------------------------------------------------------------------

Job information (2/2)
-------------------------------------------------------------
    Username      Account    Partition   NNodes        Energy
------------ ------------ ------------ -------- -------------
    bp000145       ich030       normal        4    467.306 kJ

