
gen	nevals	avg    	std    	min    	max    
1  	280   	6334.55	1679.64	3878.24	7500   
2  	280   	6341.37	1676.62	3877.02	7500   
3  	280   	4813.32	1558.63	3875.62	7500   
4  	280   	4089.01	811.634	3874.05	7500   
5  	280   	4120.95	885.747	3873.28	7500   
6  	280   	4087.57	826.159	3873.28	7500   
7  	280   	4053.31	760.625	3873.04	7500   
8  	280   	3996.38	620.105	3869.99	7500   
9  	280   	3962.67	523.655	3873.02	7500   
10 	280   	3928.7 	402.015	3871.78	7500   
11 	280   	3909.97	304.852	3868.73	7500   
12 	280   	3901.55	264.446	3867.45	7500   
13 	280   	3894.3 	216.271	3865.75	7500   
14 	280   	3888.09	153.448	3859.69	7500   
15 	280   	3887.75	153.478	3855.54	7500   
16 	280   	3880.07	15.6891	3855.54	3939.18
17 	280   	3887.55	153.781	3854.92	7500   
18 	280   	3884.69	153.883	3851.54	7500   
19 	280   	3890.55	216.968	3841.14	7500   
20 	280   	3873.21	19.5232	3837.17	3939.2 
21 	280   	3877.26	154.915	3837.17	7500   
22 	280   	3893.59	306.867	3821.96	7500   
23 	280   	3902.99	375.275	3821.96	7500   
24 	280   	3886.21	307.929	3802.42	7500   
25 	280   	3874.31	267.669	3801.09	7500   
26 	280   	3864.07	220.089	3799.4 	7500   
27 	280   	3858.94	220.973	3793.15	7500   
28 	280   	3848.19	159.553	3790.63	7500   
29 	280   	3868.58	347.456	3784.55	7500   
30 	280   	3857.29	312.099	3784.55	7500   
31 	280   	3863.7 	348.154	3781.73	7500   
32 	280   	3854.53	314.771	3779.42	7595.29
33 	280   	3866.49	388.99 	2728.05	7595.29
34 	280   	3836.58	313.634	738.519	7595.29
35 	280   	3846.21	653.082	738.519	17705.6
36 	280   	3950.36	1196.1 	738.519	17705.6
37 	280   	4041.07	1600.41	607.179	17705.6
38 	280   	4304.41	2322.52	607.179	17705.6
39 	280   	4965.24	3345.42	591.87 	23788  
40 	280   	5408.86	4189.94	539.29 	25741.4
41 	280   	5218.65	4071.34	539.29 	24693  
42 	280   	4909.68	4029.78	539.29 	24693  
43 	280   	4330.29	3858.47	539.29 	24761  
44 	280   	3655.58	3341.94	539.29 	21748.7
45 	280   	3658.46	3385.05	539.29 	24778.9
46 	280   	3839   	3655.36	539.29 	27737.8
47 	280   	3931.99	3994.37	509.593	24750.3
48 	280   	4771.96	4857.3 	539.29 	25756.3
49 	280   	3976.95	4308.29	539.29 	25669.1
50 	280   	4735.27	5169.95	430.882	26696.1
51 	280   	4531.97	5146.74	383.369	25683.3
52 	280   	5376.94	5936.58	383.369	28729.4
53 	280   	3905.49	4335.15	383.369	25683.3
54 	280   	4705.47	5278.28	378.765	29665.7
55 	280   	3908.82	4203.96	378.765	25683.3
56 	280   	4132.68	4290   	358.9  	27685.5
57 	280   	4043.01	4377.45	358.9  	25669.1
58 	280   	3889.58	4239.66	358.9  	26697.3
59 	280   	4425.69	4932.48	358.9  	30676.5
60 	280   	3354.91	3712.4 	358.9  	22690.2
61 	280   	3247.95	4059.2 	333.071	31722.1
62 	280   	3047.88	3809.47	333.071	23646.8
63 	280   	3037.23	3858.43	333.071	31680.7
64 	280   	3345.45	4635.18	333.071	31680.7
65 	280   	3609.24	5019.44	333.071	27677.5
66 	280   	3220.94	4239.76	333.071	27677.5
67 	280   	3608.74	4821.77	333.071	29627.1
68 	280   	3451.27	4866.67	323.521	32721.6
69 	280   	3417.25	4274.54	323.521	27646.3
70 	280   	3440.21	4767.9 	323.521	31690.9
71 	280   	3672.99	5304.9 	323.521	31690.9
72 	280   	3540.69	4950.37	323.521	27644.6
73 	280   	3695.48	5078.63	323.521	32691.1
74 	280   	3100.73	4185.99	323.521	31674.3
75 	280   	3110.71	4270.33	323.521	33722.7
76 	280   	3349.35	4759.41	302.693	32712  
77 	280   	3107.16	4158.84	302.693	29760.1
78 	280   	3287.2 	4450.1 	302.693	31660.7
79 	280   	3845.77	3807.16	302.693	29662.2
80 	280   	4080.32	4649.85	302.693	29662.2
81 	280   	4092.16	4989.87	302.693	35718.7
82 	280   	3579.54	4490.86	302.693	23760.8
83 	280   	4160.79	3920.08	302.693	29713.8
84 	280   	4529.94	5075.28	302.693	33728.3
85 	280   	4571.62	5573.07	302.693	33728.3
86 	280   	4857.02	5574.56	277.444	28706.3
87 	280   	4039.02	5062.79	277.444	30676.9
88 	280   	4217.93	5131.56	277.444	28758.1
89 	280   	3770.18	4804.36	262.826	27730.2
90 	280   	4493.25	5470.11	277.444	28674  
91 	280   	3914.75	4058.24	277.444	28674  
92 	280   	3932.41	4445.72	277.444	28671.3
93 	280   	4245.74	4744.3 	277.444	30688.5
94 	280   	3870.2 	4892   	277.444	30637.9
95 	280   	3937.29	4887.58	234.697	30563.9
96 	280   	4243.45	5236.28	277.444	34737.2
97 	280   	4928.02	5461.22	277.444	30563.9
98 	280   	3996.76	5121.67	277.444	34671.2
99 	280   	5028.49	5896.75	277.444	32633.9
100	280   	5739.23	6006.95	277.444	34673.6
101	280   	4756.78	5778.6 	277.444	31623.3
102	280   	5375.77	6043.33	244.796	30675.5
103	280   	4754.38	4830.68	244.796	27594.2
104	280   	4770.96	4905.96	244.796	27594.2
105	280   	4464.38	5007.42	244.796	29612.5
106	280   	4315.1 	5374.7 	244.796	34602.6
107	280   	4342.17	5043.47	244.796	32702  
108	280   	4588.46	5495.19	229.835	33628.9
109	280   	4294.55	5614.52	229.835	33628.9
110	280   	4541.57	5477.41	229.835	33628.9
111	280   	4626.15	5461.47	229.835	33628.9
112	280   	4140.07	4830.32	229.835	26631.8
113	280   	4127.41	5233.39	229.835	30577.3
114	280   	4632.86	5614.59	229.835	33613.8
115	280   	4356.96	5657.48	218.529	34633.6
116	280   	4801.22	5935.45	218.529	30546.6
117	280   	4960.22	5507.54	218.529	28574.4
118	280   	4402.3 	5469.57	218.529	28775.5
119	280   	5519.87	6127.23	218.529	30596.5
120	280   	5069.59	6076.48	218.529	31577.2
121	280   	5775.99	6735.88	218.529	34560.8
122	280   	4588.44	5766.39	218.529	33606  
123	280   	5461.77	6817.11	218.529	34525.4
124	280   	4780.39	6263.78	218.529	33641.3
125	280   	4637.27	6184.65	144.762	31654.7
126	280   	6172.8 	7810.83	144.762	41585.8
127	280   	4624.67	5661.62	144.762	39529.7
128	280   	4533.34	5989.97	144.762	39529.7
129	280   	4426.61	6239.11	144.762	39529.7
130	280   	4805.7 	7473.06	144.762	42620.1
131	280   	5484.7 	8337.27	144.762	43575.9
132	280   	6417.99	9173.81	144.762	40587.1
133	280   	5326.59	7249.89	144.762	39529.7
134	280   	5614.64	7533.98	144.762	41667  
135	280   	4895.95	6619.91	144.762	37564.3
136	280   	5977.85	7928.11	144.762	41698.4
137	280   	4914.97	6591.79	138.054	36629.7
138	280   	5065.84	7121.27	144.762	38584.6
139	280   	5088.02	7210.72	144.762	47587.3
140	280   	5491.88	8125.06	113.037	46643.3
141	280   	4171.21	6455.08	113.037	46643.3
142	280   	5671.19	8622.11	113.037	43703.7
143	280   	5085.49	7594.04	113.037	43703.7
144	280   	4959.12	7417.05	113.037	40579.8
145	280   	4327.93	7292.58	113.037	43581.5
146	280   	5525.9 	7100.76	113.037	39529.6
147	280   	6921.45	8197.54	113.037	37583.7
148	280   	6939.56	7887.06	113.037	39610.2
149	280   	5785.22	6200.32	113.037	39610.2
150	280   	5497.87	6660.23	113.037	39610.2
151	280   	5424.54	5727.91	113.037	34463.2
152	280   	4650.82	5483.07	113.037	36565.3
153	280   	4821.73	5553.78	113.037	31507.5
154	280   	4887.29	6174.49	113.037	38558  
155	280   	4446.92	5986.05	113.037	46591.5
156	280   	4699.85	7778.87	106.528	60938.3
157	280   	5521.59	6719.33	113.037	39604.3
158	280   	5709.93	7730.68	113.037	62807.9
159	280   	5737.43	8290.83	113.037	62807.9
160	280   	5091.41	7428.73	113.037	41572.6
161	280   	5462.75	7992.85	113.037	40531.3
162	280   	5622.95	7013.51	116.406	64034.5
163	280   	5443.23	6946.16	116.406	43728  
164	280   	5563.76	6908.1 	116.406	77006.4
165	280   	5216.78	6436.22	116.406	54789.6
166	280   	4894.48	6567.35	116.406	54898.2
167	280   	5609.17	7206.83	116.406	51739.7
168	280   	4228.71	6065   	116.406	49689.3
169	280   	4890   	6650.77	116.406	51852.5
170	280   	4876.76	6707.7 	116.406	44663.2
171	280   	5609.38	7136.28	116.406	38627.3
172	280   	4735.75	5996.71	116.406	38616.9
173	280   	5255.34	6810.7 	116.406	47655.5
174	280   	6148.23	8706.88	116.406	54714.8
175	280   	5595.81	7876.42	116.406	56806.6
176	280   	5979.48	7277.9 	116.406	61274.2
177	280   	5436.31	7027.22	116.406	61274.2
178	280   	4916.86	6839.47	116.406	61274.2
179	280   	5595.79	7035.3 	116.406	51894.7
180	280   	4441.9 	6841.13	92.3826	65913.4
181	280   	4207.71	5846.5 	92.3826	43669.3
182	280   	5099.66	5837.18	92.3826	52710  
183	280   	5207.96	6895.04	92.3826	52710  
184	280   	4454.96	7829.14	92.3826	118902 
185	280   	5027.21	7271.35	80.7792	60978.6
186	280   	4288.39	6101.37	80.7792	47695.3
187	280   	5515.65	7200.64	80.7792	47695.3
188	280   	3925.9 	5482.67	80.7792	40664.7
189	280   	5199.98	7298.15	80.7792	48919  
190	280   	4839.94	6223.18	80.7792	45594.4
191	280   	3856.69	6154.67	80.7792	69159.4
192	280   	5265.23	6894.23	80.7792	44858.4
193	280   	4346.16	6238.4 	80.7792	39783.8
194	280   	5091.82	5532.05	80.7792	43714.5
195	280   	4976.71	5541.45	80.7792	37583.1
196	280   	4863.12	5921.17	80.7792	38532.8
197	280   	5263.25	5933.03	80.7792	39767.4
198	280   	4874.19	5480.56	80.7792	40599.3
199	280   	4968.36	6489.57	80.7792	48663  
200	280   	4929.86	5725.94	80.7792	48663  
201	280   	4594.58	5619.16	80.7792	48663  
202	280   	4727.04	7120.83	80.7792	60886.5
203	280   	4060.33	6351.21	80.7792	60886.5
204	280   	4675.25	5333.42	80.7792	32448.9
205	280   	4119.95	5527.48	80.7792	47689.1
206	280   	4331.06	6980.34	80.7792	68939.2
207	280   	4401.13	6191.44	80.7792	39590.9
208	280   	3734.92	5142.79	80.7792	51949.6
209	280   	4131.86	7247.04	80.7792	79200.4
210	280   	4442.42	6567.44	80.7792	50637.5
211	280   	3993.73	5944.66	80.7792	40692  
212	280   	4139.58	5743.59	80.7792	40603  
213	280   	4785.29	5653.53	80.7792	36504.3
214	280   	4248.45	5882.17	80.7792	60944.8
215	280   	4576.89	4890.08	80.7792	34597.6
216	280   	4235.66	5041.42	80.7792	36561  
217	280   	3838.83	4954.28	80.7792	35571.1
218	280   	3785.69	5437.61	80.7792	52801.7
219	280   	3702.72	5477.07	80.7792	56811.4
220	280   	4502.69	5092.43	80.7792	35565.1
221	280   	4437.32	5866.18	80.7792	45790.1
222	280   	4256.76	5989.16	69.5619	60781.3
223	280   	4052.86	5904.87	69.5619	60781.3
224	280   	4287.57	6236.68	69.5619	51868.9
225	280   	4236.64	5756.66	69.5619	38657.3
226	280   	3698.72	5156.88	69.5619	36643  
227	280   	4029.36	6572.57	69.5619	78244.6
228	280   	3971.29	4774.46	69.5619	36527.6
229	280   	4492.99	5930.78	69.5619	43668  
230	280   	4206.79	5857.48	69.5619	44404.4
231	280   	5071.15	6523.53	69.5619	60653.1
232	280   	5261.08	6494.25	69.5619	34626.4
233	280   	4273.19	6248.47	69.5619	41706  
234	280   	4691.9 	6887   	69.5619	51639.9
235	280   	4018.61	6378.5 	69.5619	62841.3
236	280   	4095.93	5863.28	69.5619	50853.5
237	280   	3990.77	6023.67	69.5619	42698.1
238	280   	4280.41	6461.53	69.5619	56791.2
239	280   	4494.41	6381.9 	69.5619	56791.2
240	280   	3895.2 	5738.82	69.5619	55697.1
241	280   	3496.42	5080.38	69.5619	43562.5
242	280   	3944.24	4662.57	69.5619	35543.5
243	280   	3956.72	5768.74	69.5619	48788.1
244	280   	4042.82	5667.18	69.5619	39601.9
245	280   	3995.1 	5739.01	69.5619	63034.8
246	280   	3537.43	4492.37	69.5619	31527.6
247	280   	3399.53	4474.1 	69.5619	45738  
248	280   	3667.47	5507.14	69.5619	54678.9
249	280   	3838.32	5477.3 	69.5619	50689.6
250	280   	3711.18	5352.07	69.5619	40655.7
251	280   	4073.33	6148.15	69.5619	47634.4
252	280   	4457.66	6388.58	69.5619	47634.4
253	280   	4521.12	6986.67	69.5619	57837.5
254	280   	4955.57	6360.62	69.5619	55690.1
255	280   	4693.86	6290.77	69.5619	63060.9
256	280   	4034.03	6112.12	69.5619	63060.9
257	280   	4357.31	6478.91	69.5619	55690.1
258	280   	3869.82	6017.97	69.5619	50708.2
259	280   	3782.31	6029.8 	69.5619	56728.9
260	280   	4163.15	6286.96	69.5619	53828.2
261	280   	4008.29	5998.66	69.5619	44687  
262	280   	4085.88	5310.39	69.5619	40607.9
263	280   	4451.24	7183.85	69.5619	77908.7
264	280   	4124.18	4850.02	69.5619	33503  
265	280   	4088.58	5880.66	69.5619	46670  
266	280   	3769.35	5516.44	69.5619	36576.5
267	280   	3992.4 	5269.06	69.5619	53675.5
268	280   	4483.12	6475.87	69.5619	39705.5
269	280   	4616.49	7083.75	69.5619	57828.4
270	280   	4019   	6076.66	69.5619	37573.4
271	280   	4632.2 	6152.14	69.5619	42667.5
272	280   	4645.45	6491.35	69.5619	38616.3
273	280   	4039.72	5924.96	69.5619	38514.4
274	280   	4132.27	6280.97	69.5619	44579.9
275	280   	3687.25	5029.55	69.5619	36558.9
276	280   	3839.38	6258.63	69.5619	61800.1
277	280   	4048.5 	5720.45	69.5619	52932.3
278	280   	3654.67	5936.65	69.5619	52740.8
279	280   	3949.61	6362.16	69.5619	75236.2
280	280   	4534.84	7205.15	69.5619	64838.7
281	280   	3391.58	4375.42	69.5619	25425.3
282	280   	4398.19	5382.11	69.5619	41699.5
283	280   	4334.61	6194.22	69.5619	54724.4
284	280   	4746.1 	6070.16	69.5619	54724.4
285	280   	4900.07	7038.81	69.5619	55698.1
286	280   	4059.3 	5737.64	69.5619	36612.3
287	280   	3997.76	6051.97	69.5619	48628.9
288	280   	3572.44	5246.35	69.5619	46645  
289	280   	3819.78	6038.48	69.5619	40737.2
290	280   	4960.25	6722.03	69.5619	37525.9
291	280   	4837.6 	6492.98	69.5619	46632.2
292	280   	5987.39	9147.68	69.5619	83336.7
293	280   	4694.51	6990.45	69.5619	48760.1
294	280   	3838.47	6174.31	69.5619	53779.1
295	280   	5362.73	7552.07	69.5619	56743  
296	280   	4662.7 	6484.58	69.5619	56743  
297	280   	4514.09	6146.33	69.5619	37603.1
298	280   	5136.78	6984.35	69.5619	44679.1
299	280   	4477.93	6322.33	69.5619	45645.1
300	280   	4324.57	6574.26	69.5619	53809.4
301	280   	4607.62	6888.32	69.5619	50679.9
302	280   	4081.65	5997.87	69.5619	51706.1
303	280   	4639.81	7119.7 	69.5619	60794.3
304	280   	3960.69	6321.43	69.5619	58752.7
305	280   	4639.43	6962.73	69.5619	58752.7
306	280   	4328.63	5555.02	69.5619	27559.1
307	280   	4673.5 	5643.57	69.5619	37530.1
308	280   	4371.33	5080.83	69.5619	45644.2
309	280   	4269.28	5682.73	69.5619	42608.8
310	280   	3855.72	6191.16	69.5619	65818.3
311	280   	4216.8 	6354.61	69.5619	43727.2
312	280   	5182.89	6736.27	69.5619	51721  
313	280   	5154.48	7215.54	69.5619	62834.7
314	280   	4880.3 	7594.35	69.5619	77027.8
315	280   	4607.81	7273.99	69.5619	77027.8
316	280   	4128.49	6552.03	69.5619	54839.6
317	280   	4262.58	6326.31	69.5619	38507  
318	280   	4264.56	5935.71	69.5619	37625.3
319	280   	4738.14	6584.48	69.5619	45638.9
320	280   	4017.63	5726.58	69.5619	42676.3
321	280   	3868.12	6234.37	69.5619	64889.6
322	280   	4969.21	6783.55	69.5619	38546.8
323	280   	4657.67	5863.43	69.5619	54663  
324	280   	4065.66	5654.84	69.5619	45737.8
325	280   	4418.94	6660.01	69.5619	72914.3
326	280   	4893.72	6528.53	69.5619	64017.3
327	280   	4422.78	6682.54	69.5619	60897.1
328	280   	4185.39	6245.62	69.5619	49650.3
329	280   	4289.02	6200.17	69.5619	49650.3
330	280   	3148.88	4582.54	69.5619	34564.3
331	280   	4251.93	6116.71	69.5619	40676.3
332	280   	4521.79	6757.8 	69.5619	49663.8
333	280   	4451.91	7252.05	69.5619	61005.9
334	280   	5225.35	7391.62	69.5619	61005.9
335	280   	3980.29	5649.07	69.5619	29529.8
336	280   	5543.19	8822.74	69.5619	75951.8
337	280   	4637.4 	6644.6 	69.5619	50667  
338	280   	4519.93	7467.33	69.5619	64002.2
339	280   	5309.45	8076.15	69.5619	76157  
340	280   	4363.46	6839.35	69.5619	52786.1
341	280   	4372.56	6416.64	69.5619	42633  
342	280   	4268.41	6451.12	69.5619	44598.5
343	280   	5256.44	7571.32	69.5619	64882.9
344	280   	3776.53	5380.28	69.5619	42655.5
345	280   	3765.88	5262.28	69.5619	30514.6
346	280   	4279.59	5549.55	69.5619	48626.7
347	280   	3995.14	4646.73	69.5619	36553.5
348	280   	4635.28	6450.82	69.5619	49774  
349	280   	4345.76	7038.28	69.5619	73199  
350	280   	4758.58	6716.39	69.5619	53718  
351	280   	4761.76	6333.7 	69.5619	40606.2
352	280   	4389.77	6672.98	69.5619	55670.3
353	280   	4777.71	6614.14	69.5619	44648.4
354	280   	3873.98	6119.72	69.5619	44648.4
355	280   	3979.41	5716.04	69.5619	38574  
356	280   	4833.33	7280.13	69.5619	46757.3
357	280   	4136.91	6990.93	69.5619	57699.6
358	280   	4944.93	7560.41	69.5619	57699.6
359	280   	4734.64	6540.14	75.8584	44721.5
360	280   	4800.18	7130.97	75.8584	58712.6
361	280   	4683.4 	7150.44	75.8584	38603.7
362	280   	4388.42	6802.69	75.8584	62786.4
363	280   	4739.46	7814.03	75.8584	68633.6
364	280   	4802.85	7003.46	75.8584	52762.9
365	280   	3408.68	5761.64	75.8584	75933.2
366	280   	4674.98	6880.93	75.8584	52772.3
367	280   	4574.22	7026.01	75.8584	57662.6
368	280   	4728.79	6833.39	75.8584	54883.9
369	280   	4465.23	6245.74	75.8584	40691.8
370	280   	4006.1 	5933.39	75.8584	43630.4
371	280   	5143.55	6940.8 	75.8584	43630.4
372	280   	4291.91	6830.09	75.8584	55706.7
373	280   	4850.81	7141.49	75.8584	50663.8
374	280   	4285.91	6548.48	75.8584	46592.4
375	280   	5145.51	8032.75	75.8584	85849.5
376	280   	3954.49	6456.88	75.8584	48683.7
377	280   	4609.45	6782.76	75.8584	52842.2
378	280   	4610.34	6749.62	75.8584	56831.2
379	280   	4843.81	7003.36	75.8584	58750.6
380	280   	4002.26	6839.61	75.8584	71912.8
381	280   	4223.25	6792.52	75.8584	50633.6
382	280   	4608.24	6587.7 	75.8584	41574.8
383	280   	3563.64	6017.46	72.762 	69852.5
384	280   	4467.89	7635.65	72.762 	74952  
385	280   	3966.15	6909.76	72.762 	63815.1
386	280   	4409.38	7573.68	72.762 	53716.7
387	280   	4272.91	7241.1 	72.762 	49705.9
388	280   	4397.97	6385.08	72.762 	49705.9
389	280   	3958.36	6845.83	72.762 	64794.4
390	280   	3826.12	6696.56	72.762 	61779.9
391	280   	4299   	6679.84	72.762 	48743.6
392	280   	3828.15	6446.42	72.762 	56736.2
393	280   	3881.41	5947.88	72.762 	47599.7
394	280   	3729.87	5570.63	72.762 	38591.1
395	280   	4552.12	7253.48	72.762 	49634  
396	280   	4099.28	6921.35	72.762 	51704.1
397	280   	4441.55	6577.89	72.762 	50678.5
398	280   	3261.35	4857.18	72.762 	42615.5
399	280   	3986.71	6366.83	72.762 	62941  
400	280   	4742.53	6430.34	72.762 	33663.9
401	280   	4808.48	7146.57	72.762 	51662.7
402	280   	3873.66	6439.44	72.762 	55904.2
403	280   	3521.71	5850.27	72.762 	58742.9
404	280   	4011.32	6955.27	72.762 	73178.5
405	280   	4286.77	7382.55	72.762 	56895.9
406	280   	4514.23	6962.7 	72.762 	50831.9
407	280   	3906   	6451.77	72.762 	55861.3
408	280   	3852.66	6482.09	76.1861	50738.9
409	280   	3730.47	5876.81	74.2784	48754.9
410	280   	4294.38	5615.21	74.2784	50646.3
411	280   	4629.55	6551.46	74.2784	49629.1
412	280   	4313.7 	6920.98	74.2784	55752.7
413	280   	3517.27	5853.78	74.2784	46607.4
414	280   	3933.92	6589.01	74.2784	56937.4
415	280   	3869.52	6334.44	74.2784	50619.8
416	280   	4029.82	5948.77	74.2784	34517.8
417	280   	3247.08	5659.06	65.7185	54836.8
418	280   	3864.85	6641.11	65.7185	54836.8
419	280   	4433.57	7481.03	65.7185	68897.8
420	280   	3547.74	5547.17	65.7185	33502.3
421	280   	3367.81	5513.6 	65.7185	54713.9
422	280   	4038.16	7198.66	65.7185	80905.6
423	280   	3703.73	6250.48	65.7185	53681  
424	280   	3607.11	6125.06	65.7185	45653.2
425	280   	3754.51	6668.71	65.7185	48618.7
426	280   	3485.66	6237.82	65.7185	48665.5
427	280   	3075.51	5424.04	65.7185	57776.8
428	280   	3309.87	5478.93	65.7185	45611.4
429	280   	3528.16	6494.38	65.7185	62891.2
430	280   	4111.43	6809.85	65.7185	66849.3
431	280   	4651.82	7700.84	65.7185	46643.1
432	280   	3711.6 	6319.76	65.7185	46650.4
433	280   	4762.48	8143.68	65.7185	53668.4
434	280   	4151.26	7038.89	65.7185	50671.3
435	280   	4874.67	7793.99	65.7185	45627  
436	280   	3973.43	6471.78	65.7185	40620.9
437	280   	4959.6 	7219.17	65.7185	38561.6
438	280   	4944.77	6354.7 	65.7185	32505.6
439	280   	4607.67	6784.47	65.7185	63811.3
440	280   	4134.62	6722.21	65.7185	49685.2
441	280   	4188.05	6430.95	65.7185	57768.5
442	280   	4301.86	6710.56	65.7185	35535.8
443	280   	4790.58	7651.95	65.7185	65775.5
444	280   	5321.14	7355.09	65.7185	54735.1
445	280   	4487.04	6831.96	65.7185	48636.3
446	280   	4642.11	7793.6 	65.7185	80896.8
447	280   	4678.38	7573.79	65.7185	64796.7
448	280   	3670.76	6814.9 	65.7185	65745.3
449	280   	4276.27	6929.21	65.7185	65745.3
450	280   	4462.67	7005.19	65.7185	55682.1
451	280   	3781.26	5801.66	65.7185	36536.7
452	280   	4471.16	7296.12	65.7185	68817.9
453	280   	4415.36	6450.18	65.7185	44654.1
454	280   	4722.07	7159.72	65.7185	57764.5
455	280   	4257.79	6590.06	65.7185	57764.5
456	280   	3854.64	6138.1 	65.7185	39616.5
457	280   	3822.78	6211.85	65.7185	57678.1
458	280   	3851.03	5734.36	65.7185	34528.5
459	280   	3907.75	6136.36	65.7185	61727.3
460	280   	3307.46	5267.18	65.7185	39647.2
461	280   	4443.72	6816.3 	65.7185	51649.9
462	280   	3507.58	5926.19	65.7185	42550.9
463	280   	3656.01	5285.71	65.7185	30535.2
464	280   	4835.43	6101.25	65.7185	39610  
465	280   	4566.22	6888.74	65.7185	62793.2
466	280   	3960.86	6541.65	65.7185	62793.2
467	280   	3451.12	5238.37	65.7185	38557.9
468	280   	3455.08	6085.27	65.7185	60802.7
469	280   	4139.65	7038.79	65.7185	68842  
470	280   	3912.46	6558.84	65.7185	65843.7
471	280   	4090.4 	6196.08	65.7185	34523.4
472	280   	3485.19	5767.77	65.7185	58760.1
473	280   	3765.72	5857.92	65.7185	61726.4
474	280   	3318.59	5552.76	65.7185	64841.5
475	280   	3474.5 	5373.57	65.7185	32582.5
476	280   	3974.06	6408.09	65.7185	54668.1
477	280   	3069.95	5557.1 	65.7185	78921.3
478	280   	3390.38	5698.16	65.7185	52679.5
479	280   	3298.27	5459.58	65.7185	51633.3
480	280   	3466.58	6594.89	65.7185	73152.6
481	280   	3535.67	5445.46	65.7185	38550.6
482	280   	3871.9 	6655.46	65.7185	52764.4
483	280   	3317.49	5813.89	65.7185	53710.3
484	280   	3560.48	6578.96	65.7185	65779.6
485	280   	3101.97	5343.96	65.7185	53710.3
486	280   	2990.46	4853.97	65.7185	36552.5
487	280   	3741.45	6299.1 	65.7185	42570.4
488	280   	3366.53	6326.79	65.7185	56740  
489	280   	3204.29	5184.39	65.7185	38596.6
490	280   	3099.06	5047.78	65.7185	44720.6
491	280   	3318.94	6253.04	65.7185	55915  
492	280   	3737.96	6779.6 	65.7185	49674.7
493	280   	3170.7 	5209.17	65.7185	43615.6
494	280   	3681.83	6384.3 	65.7185	46641.9
495	280   	3451.52	6010.77	65.7185	46641.9
496	280   	4415.99	6054.66	65.7185	54701.6
497	280   	4020.24	5682.9 	65.7185	43591.1
498	280   	3219.71	5200.71	65.7185	45776.5
499	280   	3676.84	5869.93	65.7185	59768.7
500	280   	3421.47	6281.08	65.7185	80949.8
Time elapsed: 46759 seconds.


Batch Job Summary Report (version 21.01.1) for Job "bpopt" (46534771) on daint

Job information (1/2)
-----------------------------------------------------------------------------------------------------
             Submit            Eligible               Start                 End    Elapsed Time limit
------------------- ------------------- ------------------- ------------------- ---------- ----------
2023-05-09T09:00:10 2023-05-09T09:00:10 2023-05-09T09:00:10 2023-05-09T22:00:46   13:00:36   23:59:00
-----------------------------------------------------------------------------------------------------

Job information (2/2)
-------------------------------------------------------------
    Username      Account    Partition   NNodes        Energy
------------ ------------ ------------ -------- -------------
    bp000145       ich030       normal        2  51318.111 kJ

