
gen	nevals	avg    	std    	min    	max        
1  	510   	7475.42	1643.05	5688.22	15128.9    
2  	510   	7444.48	1611.74	5668.02	15128.9    
3  	510   	6331.78	5056.29	5646.51	163644     
4  	510   	6575.44	13805.3	5616.51	417264     
5  	510   	6009.82	1462.32	5604.72	32321.5    
6  	510   	8505.23	79919.8	5582   	2.55876e+06
7  	510   	5782.09	964.471	5538.11	32876.6    
8  	510   	5883.16	1351.74	5522.99	32876.6    
9  	510   	5816.22	2022.06	5488.62	58628.4    
10 	510   	5979.06	1974.12	5420.48	36744.3    
11 	510   	6302.06	6154.44	5420.48	166073     
12 	510   	6350.46	12115.2	5395.18	324580     
13 	510   	5699.45	928.715	5390.59	20804      
14 	510   	5712.27	1384.18	5360.68	38505.4    
15 	510   	5745.95	3377.29	5356.65	104227     
16 	510   	5703.91	1639.85	4115.71	38505.4    
17 	510   	5803.9 	5244.88	4109.66	164411     
18 	510   	5507.57	579.859	3792.25	19269.4    
19 	510   	5472.34	729.905	1867.58	19269.4    
20 	510   	5439.5 	1169.98	1796.03	19420.8    
21 	510   	5481.95	1988.37	1796.03	19420.8    
22 	510   	5850.23	3180.88	1687.53	21854.2    
23 	510   	6245.86	4000.27	1687.53	21060.6    
24 	510   	6284.38	4838.73	1687.53	78099.7    
25 	510   	6035.41	3938.91	1687.53	35188.9    
26 	510   	6133.71	4200.06	1670.21	33623.2    
27 	510   	6480.41	6248.37	1514.08	144321     
28 	510   	6634.67	5120.23	1514.08	36673.3    
29 	510   	7229.91	6292.25	1514.08	32056.1    
30 	510   	7785.28	11383.6	1438.06	309773     
31 	510   	7371.07	6233.28	1470.08	36148      
32 	510   	7264.34	5535.52	1449.19	30647.4    
33 	510   	6569.86	5101.09	1449.19	35807.5    
34 	510   	6445.79	5069.11	1410.29	35807.5    
35 	510   	6926.78	5135.75	1410.29	41762.4    
36 	510   	6665.85	5072.72	1410.29	28641.9    
37 	510   	6460.45	5256.56	1375.24	41816.8    
38 	510   	6573.07	4889.61	1375.24	30812.8    
39 	510   	6730.08	5228.3 	1375.24	31616      
40 	510   	7147.01	5852.89	1375.24	34619      
41 	510   	6664   	5454.59	1358.45	34619      
42 	510   	6824.42	5743.78	1300.35	39627.2    
43 	510   	7369.62	16567.9	1122.27	495545     
44 	510   	7114.57	5876.41	1291.19	32771.9    
45 	510   	6718.04	5574.06	1234.39	34578.9    
46 	510   	6286.1 	5357.36	1234.39	57323.7    
47 	510   	6051.15	5126.91	1234.39	36794.8    
48 	510   	6501.06	5367.47	1220.61	32518.5    
49 	510   	5793.66	4786.31	1220.61	27505.4    
50 	510   	6093.45	4934.51	1207.46	27505.4    
51 	510   	6118.07	4990.41	1207.46	33613.4    
52 	510   	6133.47	5383.28	1207.46	43573.4    
53 	510   	6545.18	6019.07	1207.46	48946.5    
54 	510   	6341.15	7840.72	1207.46	185129     
55 	510   	6145.37	5626.79	1105.13	35501.1    
56 	510   	6230.4 	5631.73	1105.13	34492.4    
57 	510   	6376.79	6169.19	1105.13	36544      
58 	510   	6501.81	5806.76	1105.13	38591.5    
59 	510   	6646.65	6394.13	1105.13	41478.5    
60 	510   	6731.63	6364.41	1099.24	41478.5    
61 	510   	6320.2 	5919.79	1099.24	41478.5    
62 	510   	5810.99	5435.92	1090.13	37488.9    
63 	510   	6479.88	6143.36	1090.13	43818.9    
64 	510   	5851.2 	5714.12	1090.13	37488.9    
65 	510   	6659.52	6921.49	1090.13	62218      
66 	510   	5784.09	5696.35	1090.13	43578.3    
67 	510   	5849.33	5471.2 	1083.49	42810.2    
68 	510   	5502.71	5295.85	1083.49	54317.3    
69 	510   	6060.69	5858.69	1083.49	49598.1    
70 	510   	5389.71	5317.79	1083.07	43707.9    
71 	510   	5519.65	5180.1 	1083.07	37535.6    
72 	510   	5527.64	5719.54	1083.07	37535.6    
73 	510   	6146.33	6505.3 	1083.07	41649.8    
74 	510   	6489.01	7318.19	1083.07	40807.8    
75 	510   	5877.29	6001.46	1083.07	37535.6    
76 	510   	6240.33	7264.61	1083.07	55072.8    
77 	510   	6661.94	7615.65	1062.78	47828      
78 	510   	7450.31	8615.29	1054.56	49733      
79 	510   	6161.52	6933.91	1054.56	53654.5    
80 	510   	7033.98	8419.08	1054.56	57895.7    
81 	510   	8310.97	10042.3	1054.56	77094.5    
82 	510   	7618.77	12319.1	1054.56	296460     
83 	510   	8255.02	8898.87	1054.56	53654.5    
84 	510   	6676.71	7351.6 	1054.56	53654.5    
85 	510   	7469.85	9120.11	1054.56	53654.5    
86 	510   	7070.56	8604.48	1054.56	55805      
87 	510   	7176.99	8933.95	1054.56	54620.9    
88 	510   	8552.3 	10314.6	1054.56	60953.1    
89 	510   	7570.15	9198.48	1054.56	48561      
90 	510   	8087.64	10865.9	1054.56	146028     
91 	510   	8939.21	11388.5	1054.56	53654      
92 	510   	7636.15	9973.8 	1042.77	53654      
93 	510   	8800.8 	10811.9	1042.77	52908.4    
94 	510   	9538.97	11983.2	1042.77	63222.4    
95 	510   	8578.22	10852.5	1042.77	101321     
96 	510   	8677.45	10312.6	1042.77	52850.3    
97 	510   	8528.04	9955.33	1042.77	51963.8    
98 	510   	7304   	8786.56	1042.77	52905.9    
99 	510   	8145.72	9893.34	1042.77	61996.1    
100	510   	8051.26	9454.59	1042.77	48486.1    
101	510   	7782.33	9876.42	1042.77	116956     
102	510   	6863.93	8075.35	1042.77	48486.1    
103	510   	7663.91	9102.46	1042.77	48486.1    
104	510   	7052.98	8398.74	1042.77	48486.1    
105	510   	6568.72	7439.2 	1027.16	48770.8    
106	510   	6365.06	7313.44	1027.16	55562.1    
107	510   	6502.91	7306.92	1027.16	50691.9    
108	510   	6157.01	6343.86	1027.16	46436      
109	510   	5920.34	6612.56	1027.16	46436      
110	510   	6322.97	7336.29	1027.16	46436      
111	510   	5950.25	6747.23	1027.16	46436      
112	510   	7514.5 	8818.34	1027.16	97739.1    
113	510   	6638.31	7925.19	1027.16	97739.1    
114	510   	7612.92	8769.13	1012.06	50743.4    
115	510   	6851.22	7255.28	1012.06	46436      
116	510   	5689.86	5654.53	983.857	59917.8    
117	510   	5886.8 	6144.05	983.857	58911.9    
118	510   	6382.3 	7588.52	1012.06	83577.7    
119	510   	6184.24	7179.77	1012.06	53689.3    
120	510   	7100.24	7998.09	1012.06	38424.6    
121	510   	6022.03	6849.99	1012.06	46930.5    
122	510   	6577.07	7600.37	1012.06	42802.2    
123	510   	6297.08	7279.25	1012.06	39464.7    
124	510   	5922.62	6952.28	1012.06	39464.7    
125	510   	7557.26	9103.07	1012.06	75442.4    
126	510   	7200.34	8472.31	1012.06	63058.1    
127	510   	8046.99	11966.5	1012.06	201620     
128	510   	7223.15	8264.33	1012.06	50615.8    
129	510   	6716.65	7662.73	1012.06	42553.1    
130	510   	5873.04	6896.15	989.044	40385.8    
131	510   	6836.44	8299.56	989.044	40385.8    
132	510   	8129.1 	43503.7	989.044	1.37122e+06
133	510   	7483.4 	9019.65	989.044	48571.3    
134	510   	6095.36	7410.8 	989.044	43505.9    
135	510   	7831.36	9401.29	989.044	57644.2    
136	510   	5886.87	6821.84	989.044	42715.6    
137	510   	6351.44	7724.4 	989.044	42715.6    
138	510   	7875.05	9478.68	989.044	57273.2    
139	510   	6330.22	7320.49	989.044	40385.8    
140	510   	6004.36	7254.85	989.044	51690.8    
141	510   	7039.01	8521.65	989.044	40621.8    
142	510   	5821.72	6815.01	989.044	38409.7    
143	510   	6035.58	7584.85	989.044	54631.6    
144	510   	7524.13	12705.2	989.044	291006     
145	510   	6278.74	7868.34	989.044	79639.9    
146	510   	7053.55	8564.77	989.044	92562.6    
147	510   	6563.09	8029.15	989.044	105121     
148	510   	5603.33	6339.07	989.044	44541.5    
149	510   	6307.03	7606.33	989.044	60498.6    
150	510   	5668.34	6454.12	989.044	60498.6    
151	510   	6488.85	7957.03	989.044	49289.5    
152	510   	5980.58	7334.23	989.044	43508      
153	510   	7156.54	8907.67	981.57 	51711      
154	510   	6240.95	7274.06	981.57 	43500      
155	510   	5832.38	6634.07	981.57 	58617.8    
156	510   	6191.77	7729.99	981.57 	42480.8    
157	510   	6551.96	8062.47	981.57 	46630.6    
158	510   	6545.44	8211.71	981.57 	46630.6    
159	510   	7153.54	8702.57	981.57 	56714.1    
160	510   	6524.67	8087.53	981.57 	50563.1    
161	510   	5895.23	6952.94	981.57 	55605.6    
162	510   	6853.48	8382.09	981.57 	53691.3    
163	510   	7126.77	8737.77	981.57 	53770.5    
164	510   	6418.37	7606.91	981.57 	49559.7    
165	510   	5561.56	6482   	981.57 	43428.2    
166	510   	6967.63	14327.5	975.059	391363     
167	510   	6332.99	7835.24	975.059	64418.7    
168	510   	6786.44	8284.11	975.059	43428.2    
169	510   	5396.47	6292.55	975.059	43428.2    
170	510   	6272.09	7549.19	975.059	56738.7    
171	510   	7801.71	9516.78	975.059	55956.3    
172	510   	5989.4 	6637.48	975.059	43428.2    
173	510   	5935.9 	7044.59	975.059	77960.5    
174	510   	6737.13	8249.71	975.059	55899.6    
175	510   	5234.81	6123.49	975.059	52641.2    
176	510   	5897.79	7010.84	975.059	51608.1    
177	510   	6138.13	7650.63	975.059	84607.7    
178	510   	6605.98	8228.88	975.059	82220      
179	510   	6767.53	11414.1	981.57 	268213     
180	510   	6766.1 	7806.5 	981.57 	51050.9    
181	510   	6639.52	8004.47	963.166	54647.3    
182	510   	5748.45	7077.17	981.57 	54647.3    
183	510   	6925.37	8502.16	977.553	54647.3    
184	510   	6382.03	7567.65	977.553	47851.2    
185	510   	7234.98	8343.7 	977.553	49678.2    
186	510   	6114.71	6875.59	977.553	54726.4    
187	510   	5651.39	6133.14	977.553	40443.3    
188	510   	5738.18	6798.2 	977.553	74905.7    
189	510   	5666.29	6041.8 	977.553	51712.6    
190	510   	4889.63	5014.48	977.553	36408.6    
191	510   	5229.29	6210.45	977.553	83712      
192	510   	5466.75	6422.59	977.553	83712      
193	510   	6098.23	6618.58	977.553	43681.3    
194	510   	5254.22	5935.13	977.553	55656.6    
195	510   	5628.65	5714.38	977.553	63821      
196	510   	5263.2 	5203.82	965.348	49269      
197	510   	4795.91	4668.84	977.553	75920.2    
198	510   	5159.88	5072.73	977.553	49911.1    
199	510   	5385.66	5875.3 	977.553	77083.3    
200	510   	5784.66	6417.36	977.553	53649.3    
Elapsed time: 7081 seconds (1h 58m 1s)
