
gen	nevals	avg    	std    	min    	max    
1  	280   	8192.19	3863.93	4610.32	52393.6
2  	280   	8065.17	3009.18	4586.31	52393.6
3  	280   	6237.49	2483.73	4582.42	44273.4
4  	280   	5470.5 	4539.97	4581.89	93490.5
5  	280   	4928.31	980.935	4581.89	9000   
6  	280   	4885.24	961.59 	4580.86	9000   
7  	280   	4892.76	1014.41	4568.64	9000   
8  	280   	4937.92	1099   	4568.64	9000   
9  	280   	4919.3 	1055.81	4568.64	9000   
10 	280   	4975.08	1177.45	4566.09	9000   
11 	280   	4913.04	1057.73	4566.09	9000   
12 	280   	5015.87	1249.36	4566.09	9000   
13 	280   	4935.42	1099.6 	4566.09	9000   
14 	280   	4978.1 	1191.74	4565.04	9000   
15 	280   	4972.89	1163.93	4564.63	9000   
16 	280   	4912.6 	1075.04	4545.75	9000   
17 	280   	4994.27	1215.54	4541.1 	9000   
18 	280   	4908.25	1082.15	4541.1 	9000   
19 	280   	4958.32	1168.87	4541.1 	9000   
20 	280   	4915.91	1090.68	4541.1 	9000   
21 	280   	4967.61	1181.52	4533.25	9000   
22 	280   	4956.63	1155.3 	4533.25	9000   
23 	280   	5043.2 	1297.96	4533.25	9000   
24 	280   	4925.13	1118.44	4532.11	9000   
25 	280   	4959.31	1169.66	4532.11	9000   
26 	280   	4791.44	857.069	4520.06	9000   
27 	280   	4965.92	1176.42	4525.49	9000   
28 	280   	4828.66	945.337	4524.55	9000   
29 	280   	4870.88	1022.2 	4522.2 	9000   
30 	280   	4742.97	742.3  	4521.06	9000   
31 	280   	4762.74	822.466	4521.06	9000   
32 	280   	4682.12	596.947	4520.15	9000   
33 	280   	4676.14	566.477	4520.15	9000   
34 	280   	4670.03	541.478	3306.31	9000   
35 	280   	4720.19	733.331	3182.28	9000   
36 	280   	4744.54	1491.9 	3182.28	35690.3
37 	280   	4676.97	1134.09	3137.2 	25868  
38 	280   	4715.09	2149.7 	513.841	28903.5
39 	280   	5273.05	4697.37	411.114	38797.6
40 	280   	6009.24	6492.94	513.841	38797.6
41 	280   	8255.21	9362.28	513.841	47742  
42 	280   	10256.1	11182.9	491.082	53573.1
43 	280   	9913.15	11449  	491.082	54981.6
44 	280   	9338.13	11186.2	450.854	54981.6
45 	280   	7119.84	8612.07	381.398	53573.1
46 	280   	8702.65	10320.6	381.398	97782.9
47 	280   	9112.75	12075  	381.398	97782.9
48 	280   	8146.11	10020.4	381.398	93973.4
49 	280   	6227.94	8753.36	381.398	60856.4
50 	280   	9214.04	11653.5	381.398	60856.4
51 	280   	8256.43	10298  	381.398	59565.7
52 	280   	8612.09	11715.4	370.962	79178.6
53 	280   	10138.1	13250.5	381.398	95739.2
54 	280   	10181.3	12899  	295.515	72623.5
55 	280   	8048.12	10386.2	295.515	66579  
56 	280   	9929.65	11358.7	295.515	75661.4
57 	280   	10858.6	12828.4	295.515	100752 
58 	280   	10795.2	13266.6	295.515	100752 
59 	280   	12285.1	15730.8	295.515	105430 
60 	280   	11622.9	14598.7	292.677	95818.9
61 	280   	10650.3	14566.3	292.677	95818.9
62 	280   	12103.9	16487.4	292.677	122790 
63 	280   	13494.9	16276.4	295.515	117766 
64 	280   	10149.5	14796  	277.259	117766 
65 	280   	11432.4	13807.1	277.259	113745 
66 	280   	9156.05	11673  	277.259	83608.5
67 	280   	11952  	14080.9	277.259	83608.5
68 	280   	11371.2	18197.3	277.259	233213 
69 	280   	12516.8	16374.6	277.259	110661 
70 	280   	11494.5	15778.1	277.259	104493 
71 	280   	12578.4	14680  	269.988	69627.2
72 	280   	11218.3	14460.8	269.988	81381.9
73 	280   	10979.8	14852.9	236.567	113668 
74 	280   	11865.6	14996.3	236.567	99833.8
75 	280   	8945.7 	13084.6	207.072	96558.2
76 	280   	8588.12	12252  	207.072	70749.2
77 	280   	10153.9	14224.1	207.072	95557.7
78 	280   	10626.1	14731.8	207.072	105233 
79 	280   	9291.18	13704.4	207.072	105233 
80 	280   	10115.4	14385.3	207.072	94519.3
81 	280   	7255.07	10017.7	200.974	65783.6
82 	280   	9116.89	14133.1	200.974	102579 
83 	280   	9302.97	14600.1	200.974	104599 
84 	280   	10334.6	13753.4	200.974	102579 
85 	280   	9765.32	12964.6	200.974	102579 
86 	280   	9228.6 	13658.9	200.974	116766 
87 	280   	7427.64	10791.6	200.974	78639.4
88 	280   	7728.98	10672.9	200.974	68754.7
89 	280   	6449.96	9730.26	200.974	65713.9
90 	280   	7334.51	10480.4	200.974	82441.1
91 	280   	7208.02	9829.01	194.671	82441.1
92 	280   	6047.13	8236.7 	200.974	47519.8
93 	280   	6648.44	9142.49	194.118	47608.7
94 	280   	6914.86	9294.74	200.974	52505.8
95 	280   	5408.96	7455.95	182.051	49533.5
96 	280   	5639.29	8222.81	182.051	47110.6
97 	280   	6246.66	10065.5	182.051	93709.7
98 	280   	6029.25	8953.48	182.051	54789  
99 	280   	6098.19	8673.77	182.051	80646.8
100	280   	5793.29	8881.48	175.11 	60413.7
101	280   	7242.13	10328.4	175.11 	104634 
102	280   	6481.18	9624.38	175.11 	116692 
103	280   	6621.96	8368.86	175.11 	45449  
104	280   	6379.2 	22997.2	175.11 	512461 
105	280   	5432.52	8252.78	148.26 	75583.8
106	280   	6084.09	10131  	148.26 	92625.1
107	280   	5992.44	9400.81	148.26 	94791.1
108	280   	5739.62	8770.42	148.26 	61537.3
109	280   	5562.37	8417.2 	131.813	56556.2
110	280   	5681.6 	8176.55	131.813	52429.7
111	280   	5818.61	8768.34	131.813	77669.4
112	280   	5421.43	7943.53	131.813	77669.4
113	280   	5871.61	8797.66	131.813	66544.6
114	280   	6276.77	9774.45	131.813	76472.3
115	280   	6456.9 	9687.07	131.813	70754.2
116	280   	6000.94	8934.05	131.813	96525.7
117	280   	6352.87	8532.28	131.813	64734.7
118	280   	5704.01	7850.42	131.813	44397  
119	280   	6201.64	9007.01	131.813	64658.9
120	280   	8441.45	10337.5	131.813	58462.4
121	280   	6060.69	9609.08	131.813	108907 
122	280   	5864.38	8071.11	131.813	49547.1
123	280   	4945.89	7360.64	131.813	70432.4
124	280   	4722.22	7415.33	131.813	76700.7
125	280   	6304.9 	8947.29	131.813	84615.2
126	280   	6651.85	10320.8	131.813	102734 
127	280   	6108.7 	8828.81	131.813	61489.5
128	280   	5379.38	7644.76	131.813	47346.1
129	280   	5709.14	8588.85	131.813	63717.2
130	280   	6622.36	9366.05	131.813	107779 
131	280   	6267.03	9247.01	95.5097	117690 
132	280   	5840.77	8026.45	95.5097	77892.6
133	280   	5570.49	8884.15	95.5097	92002.6
134	280   	5824.1 	8600.32	95.5097	65456  
135	280   	6438.36	8949.64	95.5097	64757.4
136	280   	5321.37	8489.91	95.5097	98555.5
137	280   	4917.07	7714.87	95.5097	65313.5
138	280   	6138.54	9418.73	95.5097	69531.9
139	280   	6233.39	9297.97	95.5097	48774.5
140	280   	4621.45	7413.52	95.5097	69623  
141	280   	4977.16	7375.42	95.5097	55447.8
142	280   	4986.67	8964.62	95.5097	79208.6
143	280   	5368.46	8771.36	95.5097	92646.2
144	280   	5793.95	9118.66	95.5097	62429.6
145	280   	5903.67	9068.02	95.5097	60306.6
146	280   	6681.52	10549.4	95.5097	110589 
147	280   	6277.41	10617.3	95.5097	103718 
148	280   	6812.43	10162.3	95.5097	66383.4
149	280   	5929.21	10013.3	95.5097	84307.7
150	280   	6198.03	10807.6	95.5097	104157 
151	280   	7343.6 	11639.6	95.5097	161223 
152	280   	5432.15	8623.62	89.3869	65560.3
153	280   	6237.98	9292.91	89.3869	67718.2
154	280   	6295.97	9152.96	89.3869	53386.9
155	280   	6780.4 	9559.43	89.3869	82885.1
156	280   	5320.81	9554.85	89.3869	122574 
157	280   	6026.97	12245  	89.3869	154613 
158	280   	5894.9 	10873.6	89.3869	122574 
159	280   	6221.42	8965.22	89.3869	60637.1
160	280   	6114.06	8339.21	89.3869	54528  
161	280   	5412.1 	8352.4 	89.3869	56470.5
162	280   	5650.21	8289.16	89.3869	59566.5
163	280   	5022.6 	7836.16	89.3869	55400.9
164	280   	5108.81	7310.39	89.3869	47381.4
165	280   	5357.43	9239.21	89.3869	89627.3
166	280   	5636.2 	8707.21	86.0626	62521.1
167	280   	5443.84	8294.23	86.0626	59446  
168	280   	5396.24	8851.08	86.0626	87348.8
169	280   	5750.52	9114.38	85.6395	69557.5
170	280   	5127.68	8476.56	85.6395	58731.1
171	280   	5010.28	8415.61	85.6395	76580.4
172	280   	5644.35	8824.04	85.6395	46858.4
173	280   	4530.25	7587.52	85.6395	40552  
174	280   	5568.5 	9218.33	85.6395	98589.6
175	280   	6070.05	10278  	85.6395	104992 
176	280   	5335.59	8764.57	85.6395	53519.5
177	280   	5352.65	8461.22	85.6395	59803.6
178	280   	5467.13	8666   	85.6395	58341.3
179	280   	5311   	8042.27	85.6395	58516.3
180	280   	5127.56	9321.16	85.6395	114249 
181	280   	5322.07	10170.5	82.8141	106710 
182	280   	5482.04	10803.2	82.8141	163645 
183	280   	5136.65	8298.38	82.8141	60811.6
184	280   	5245.4 	8318.16	82.8141	60811.6
185	280   	5407.07	8793.78	82.8141	64401.5
186	280   	5511.74	8739.24	82.8141	61355.2
187	280   	4611.13	7654.8 	82.8141	48221.4
188	280   	4788.77	8241.68	82.8141	60832.4
189	280   	5134.66	8495.39	78.5741	68049.6
190	280   	4606.73	7190.93	78.5741	42412.3
191	280   	4241.92	7162.61	78.5741	70755.4
192	280   	4829.51	8051.09	82.8141	74868.6
193	280   	3612.18	5305.26	82.8141	37267.8
194	280   	4236.21	6841.61	82.8141	47471.1
195	280   	4928.11	7745.7 	82.8141	45797.2
196	280   	3990.88	6819.15	82.8141	73537.1
197	280   	4153.52	6848.54	82.8141	84686.7
198	280   	4342.4 	7144.08	82.8141	58626.2
199	280   	4582.53	7301.76	82.8141	64462.6
200	280   	4533.73	7332.5 	82.7999	48271.2
Time elapsed: 12685 seconds.


Batch Job Summary Report (version 21.01.1) for Job "bpopt" (48966656) on daint

Job information (1/2)
-----------------------------------------------------------------------------------------------------
             Submit            Eligible               Start                 End    Elapsed Time limit
------------------- ------------------- ------------------- ------------------- ---------- ----------
2023-09-15T17:25:35 2023-09-15T17:25:35 2023-09-15T17:25:35 2023-09-15T20:58:23   03:32:48   23:59:00
-----------------------------------------------------------------------------------------------------

Job information (2/2)
-------------------------------------------------------------
    Username      Account    Partition   NNodes        Energy
------------ ------------ ------------ -------- -------------
    bp000145       ich030       normal        1  15061.041 kJ

