
gen	nevals	avg    	std    	min    	max    
1  	140   	707.471	620.77 	121.987	4605.91
2  	140   	727.699	665.095	121.987	4718.74
3  	140   	567.344	399.016	121.987	2876.13
4  	140   	562.888	344.271	109.239	1771.9 
5  	140   	544.263	354.366	79.9004	3494.7 
6  	140   	541.942	448.128	54.6237	5402.94
7  	140   	440.285	308.938	44.6622	1923.21
8  	140   	358.259	272.337	39.8122	1373.77
9  	140   	310.116	288.503	39.8122	2800.98
10 	140   	288.377	255.136	39.8122	1620.18
11 	140   	314.368	325.341	38.2279	2791.6 
12 	140   	315.259	313.788	38.2279	2791.6 
13 	140   	278.143	354.811	38.2279	2791.6 
14 	140   	302.862	349.394	38.2279	2791.6 
15 	140   	351.688	421.265	39.8122	3643.49
16 	140   	268.406	287.282	36.9539	1741.83
17 	140   	308.287	417.771	36.1589	5549.6 
18 	140   	330.948	424.158	36.1589	5549.6 
19 	140   	341.995	722.434	36.1589	10024.2
20 	140   	361.251	708.604	36.1589	6126.04
21 	140   	515.775	1091.47	39.8122	6126.04
22 	140   	472.409	961.999	39.8122	5549.6 
23 	140   	567.962	1140.46	39.8122	5549.6 
24 	140   	598.673	1286.09	39.8122	5549.6 
25 	140   	426.521	865.428	31.693 	5549.6 
26 	140   	364.583	612.888	39.8122	5549.6 
27 	140   	702.692	4122.98	37.5167	67645.1
28 	140   	363.095	630.257	30.8199	5549.6 
29 	140   	435.257	911.647	30.8199	5549.6 
30 	140   	403.324	2157.36	30.8199	35750.4
31 	140   	289.413	294.123	36.011 	1499.16
32 	140   	297.389	291.012	34.9716	1430.54
33 	140   	280.841	309.58 	29.5548	2391.68
34 	140   	306.311	346.466	29.5548	3254.35
35 	140   	312.7  	387.694	29.5548	3254.35
36 	140   	332.884	935.668	29.5548	15310.8
37 	140   	344.608	338.526	29.5548	2192.61
38 	140   	310.286	337.288	29.5548	2837.96
39 	140   	332.202	422.94 	29.5548	2837.96
40 	140   	288.639	300.455	29.5548	2302.43
41 	140   	305.304	640.773	29.5548	9905.3 
42 	140   	314.577	321.732	29.5548	2460.33
43 	140   	298.058	322.647	29.5548	1994.88
44 	140   	449.96 	2426.05	29.5548	40644.5
45 	140   	256.325	274.746	29.5548	1887.18
46 	140   	294.708	292.519	29.5548	1736.38
47 	140   	336.343	337.205	29.5548	2580.43
48 	140   	301.952	327.877	29.5548	2006.64
49 	140   	305.303	341.427	29.5548	2581.66
50 	140   	238.534	281.626	29.5548	2691.99
51 	140   	237.856	254.059	29.5548	1510.26
52 	140   	282.568	306.478	29.5548	2613.52
53 	140   	354.936	709.896	29.5548	11198.5
54 	140   	733.871	6547.32	32.5692	108003 
55 	140   	780.137	6546.88	32.5692	108003 
56 	140   	415.745	1777   	32.5692	21137  
57 	140   	300.828	299.276	32.5692	1420.76
58 	140   	281.713	267.632	32.5692	1627.8 
59 	140   	253.691	242.967	32.5692	1199.38
60 	140   	236.563	230.602	32.5692	1097.61
61 	140   	293.42 	314.574	32.5692	2930.76
62 	140   	264.108	255.157	32.5692	1795.55
63 	140   	298.25 	317.975	32.5692	2897.63
64 	140   	282.371	280.114	32.5692	2039.38
65 	140   	315.8  	296.692	32.5692	1641.89
66 	140   	312.8  	351.759	32.5692	3584   
67 	140   	252.487	259.775	32.5692	1951.75
68 	140   	258.389	261.018	32.5692	1937.02
69 	140   	342.275	1523.46	32.5692	25441.4
70 	140   	276.318	296.845	32.5692	1775.7 
71 	140   	257.447	290.06 	32.5692	1738.78
72 	140   	310.659	376.417	33.8551	3336.33
73 	140   	284.631	317.166	33.8551	1738.78
74 	140   	266.844	301.918	33.8551	1738.78
75 	140   	283.144	319.695	33.8551	2391.59
76 	140   	273.675	305.126	33.8551	1867.1 
77 	140   	280.886	310.133	31.9665	2889.98
78 	140   	277.965	307.597	33.8551	2274.51
79 	140   	306.755	352.172	33.8551	2178.98
80 	140   	256.679	301.918	33.8551	2490.25
81 	140   	275.332	323.375	33.2466	3120.81
82 	140   	272.375	282.244	33.8551	1249.62
83 	140   	277.595	318.921	33.8551	2523.05
84 	140   	294.921	292.998	33.8551	1672.73
85 	140   	307.486	307.269	33.8551	1984.17
86 	140   	295.873	293.093	33.8551	1639.04
87 	140   	292.502	321.569	33.8551	2265.16
88 	140   	316.463	345.061	33.8551	2604.52
89 	140   	328.58 	301.316	33.8551	1711.53
90 	140   	305.582	290.93 	33.8551	1827.17
91 	140   	285.585	323.369	31.1011	1973.2 
92 	140   	258.372	257.199	33.8551	1344.57
93 	140   	276.651	294.516	33.8551	1917.09
94 	140   	330.432	426.119	33.8551	4134.75
95 	140   	286.587	342.594	33.8551	4134.75
96 	140   	353.496	967.963	33.8551	15916.2
97 	140   	322.759	292.17 	33.8551	2245.59
98 	140   	290.752	277.699	33.8551	1411   
99 	140   	2184.75	31271.4	33.8551	524497 
100	140   	2137.03	31273.8	33.8551	524497 
Time elapsed: 440 seconds.


Batch Job Summary Report (version 21.01.1) for Job "bpopt" (49128728) on daint

Job information (1/2)
-----------------------------------------------------------------------------------------------------
             Submit            Eligible               Start                 End    Elapsed Time limit
------------------- ------------------- ------------------- ------------------- ---------- ----------
2023-09-26T12:28:50 2023-09-26T12:28:50 2023-09-26T12:29:08 2023-09-26T12:37:50   00:08:42   00:59:00
-----------------------------------------------------------------------------------------------------

Job information (2/2)
-------------------------------------------------------------
    Username      Account    Partition   NNodes        Energy
------------ ------------ ------------ -------- -------------
    bp000145       ich030       normal        4    394.006 kJ

