
gen	nevals	avg    	std    	min    	max        
1  	280   	6816.41	2243.46	3888.21	21379      
2  	280   	6836.25	2310.33	3885.44	25682.3    
3  	280   	5012.5 	2415.81	3885.44	25682.3    
4  	280   	4114.64	862.909	3885.1 	8250       
5  	280   	4065.95	765.696	3883.27	8336.93    
6  	280   	4119.92	859.25 	3883.27	10380      
7  	280   	4003.87	604.098	3883.58	8250       
8  	280   	4084.36	800.501	3883.58	8250       
9  	280   	4540   	10803.7	3883.58	259188     
10 	280   	4086.06	862.99 	3877.96	8250       
11 	280   	4053.35	765.976	3877.94	8250       
12 	280   	4050.56	767.399	3877.94	8250       
13 	280   	4077.59	825.11 	3877.96	8250       
14 	280   	4072.12	825.579	3877.96	8250       
15 	280   	4023.99	659.71 	3875.91	8250       
16 	280   	4056.82	797.693	3874.36	11653.8    
17 	280   	4004.34	550.389	3871.88	8250       
18 	280   	4080.1 	844.299	3871.88	8250       
19 	280   	4018.12	655.453	3868.76	8250       
20 	280   	4014.46	1170.1 	3868.76	30043.3    
21 	280   	4034.14	735.172	3866.69	10915.9    
22 	280   	4068.28	780.724	3864.34	9126.79    
23 	280   	4032.91	1310.05	3864.34	32218.5    
24 	280   	4106.49	1395.08	3862.61	32218.5    
25 	280   	4018.92	1276.84	3844.5 	32218.5    
26 	280   	3946.41	400.237	3844.5 	8250       
27 	280   	4097.93	2951.16	3839.42	72627.2    
28 	280   	3908.79	214.147	3819.84	8250       
29 	280   	3955.86	736.21 	3819.84	19399.6    
30 	280   	5358.92	32405.2	3816.05	770998     
31 	280   	3906.32	236.95 	3810.14	8274.83    
32 	280   	3924.87	394.05 	3804.15	8577.06    
33 	280   	3923.75	565.141	3797.63	12614.8    
34 	280   	3868.58	212.886	3788.78	8250       
35 	280   	3985.97	2343.37	3787.8 	57378.2    
36 	280   	3902.78	807.678	3785.26	22172.4    
37 	280   	3877.01	612.359	2667.36	18007.9    
38 	280   	3956.47	1303.07	515.333	24024.6    
39 	280   	4156.66	2082.25	2666.97	24024.6    
40 	280   	4924.31	4039.93	520.896	29999.1    
41 	280   	5695.88	5064.89	520.896	30981.4    
42 	280   	8132.11	58075.6	509.628	1.37632e+06
43 	280   	5546.81	5002.91	509.628	30294.4    
44 	280   	5069.72	4435.57	509.628	29824.5    
45 	280   	4788.14	4029.04	481.608	29892.7    
46 	280   	4827.21	4683.5 	481.608	31875.9    
47 	280   	5033.52	5781.58	481.608	36833.9    
48 	280   	4241.57	5405.15	409.566	36833.9    
49 	280   	4968.32	5610.23	409.566	36833.9    
50 	280   	5094.91	5761.09	409.566	30736      
51 	280   	4995.03	5533.31	409.566	29708.7    
52 	280   	5144.45	5597.52	409.566	31767.7    
53 	280   	4750.86	5337.42	378.692	33683.3    
54 	280   	5044.07	5562.62	378.692	33683.3    
55 	280   	5786.28	6292.73	378.692	33664.5    
56 	280   	4770.61	5667.89	378.692	35721.5    
57 	280   	6438.92	7267.37	378.692	35721.5    
58 	280   	6073.94	7038.18	400.108	41729.5    
59 	280   	5941.91	7084.35	400.108	39727.4    
60 	280   	6905.77	7895.3 	341.695	41692.2    
61 	280   	6090.82	7408.57	333.439	44612.3    
62 	280   	5633   	6393.24	332.023	41692.2    
63 	280   	5408.5 	9152.41	293.302	168570     
64 	280   	5647.21	6691.63	305.208	36642.7    
65 	280   	5230.95	6136.07	305.208	38774      
66 	280   	5583.83	6887.55	279.498	41691.3    
67 	280   	4685.4 	5395.4 	279.498	38668      
68 	280   	4990.29	6437.02	279.498	38651.3    
69 	280   	4725.49	5551.47	279.498	45744.9    
70 	280   	5027.41	5538.88	279.498	45744.9    
71 	280   	5205.66	6234.62	266.704	45744.9    
72 	280   	5559   	6742.69	266.704	42609.9    
73 	280   	5246.13	7042.94	264.687	54768.9    
74 	280   	4811.74	5945.29	264.687	54768.9    
75 	280   	5601.68	6999.22	264.687	39604.7    
76 	280   	4505.42	5773.76	264.687	44654.5    
77 	280   	5560.54	7463.64	264.687	44654.5    
78 	280   	5038.32	6131.38	264.687	40686      
79 	280   	4839.63	5775.68	264.687	40686      
80 	280   	5644.01	7985.99	264.687	64838      
81 	280   	6280.56	8519.58	264.687	64838      
82 	280   	6818.46	9172.1 	264.687	64838      
83 	280   	6766.27	9477.52	156.007	66856.3    
84 	280   	7687.95	10237.9	156.007	64838      
85 	280   	7396.47	9524.4 	156.007	64838      
86 	280   	6848.9 	8137.56	156.007	48711.4    
87 	280   	6240.97	7553.11	156.007	44799.8    
88 	280   	6166.11	7926.47	156.007	53892.1    
89 	280   	6399.8 	7444.41	156.007	47767.5    
90 	280   	6191.25	7113.91	156.007	47767.5    
91 	280   	5725.82	6174.19	156.007	41781.7    
92 	280   	5598.91	7089.07	156.007	69876.6    
93 	280   	5227.52	7398.25	156.007	67964.6    
94 	280   	5054.72	7482.97	156.007	60896.3    
95 	280   	6507.19	8580.34	156.007	71052.1    
96 	280   	5279.69	7228.04	156.007	60786.1    
97 	280   	7389.57	8741.65	156.007	48672.1    
98 	280   	5905.19	7591.23	156.007	48672.1    
99 	280   	7512.22	8553.21	156.007	43642.9    
100	280   	6527.09	8603.19	156.007	48643.2    
101	280   	5495.01	7390.62	156.007	43595.4    
102	280   	4841.84	6915.42	156.007	50754.3    
103	280   	4702.98	7205.08	156.007	49650.4    
104	280   	5518.71	8459.5 	156.007	61807.1    
105	280   	4068.66	5735.75	141.105	41611.3    
106	280   	3735.18	5328.85	141.105	38615.7    
107	280   	4462.45	6749.02	141.105	46645.2    
108	280   	5550.26	7614.07	141.105	52723.3    
109	280   	6370.78	9439.57	141.105	71906.1    
110	280   	6123.3 	9079.6 	141.105	56756      
111	280   	6423.96	8687.37	141.105	56756      
112	280   	6801.76	8853.71	141.105	56756      
113	280   	6366.2 	9337.47	141.105	56756      
114	280   	5033.82	6909.68	141.105	44700.4    
115	280   	5896.18	7241.35	141.105	44674.2    
116	280   	5683.14	7925.17	141.105	72848.3    
117	280   	4669.42	6212.36	141.105	58817.8    
118	280   	5423.32	18264.4	141.105	405513     
119	280   	8046.72	30239.4	141.105	405513     
120	280   	6131.37	18476.8	141.105	405513     
121	280   	4968.11	7157.15	141.105	69874.5    
122	280   	4871   	8011.54	141.105	105363     
123	280   	5336.76	7392.83	141.105	59864.9    
124	280   	6093.67	8811.2 	141.105	63101.6    
125	280   	6790.11	10072.9	141.105	63101.6    
126	280   	6971.4 	11039.1	141.105	145717     
127	280   	6352.88	8755.35	141.105	73098.6    
128	280   	5744.03	8494.33	141.105	73098.6    
129	280   	4356.73	6190.94	141.105	45696.2    
130	280   	3562.31	5953.3 	141.105	56203.8    
131	280   	4401.54	6890.97	141.105	51708.9    
132	280   	5397.98	8090.13	141.105	61833.9    
133	280   	4141.58	6436.52	141.105	54745.9    
134	280   	4390.11	6798.17	141.105	56872.6    
135	280   	4354.38	6380.38	141.105	51770.2    
136	280   	5255.11	7829.27	141.105	75934.8    
137	280   	5360.28	8491.36	141.105	75934.8    
138	280   	6084.02	9922.46	141.105	75934.8    
139	280   	6205.45	9964.9 	141.105	75934.8    
140	280   	6362.52	9229.16	134.484	61818      
141	280   	5837.44	8423.66	134.484	61818      
142	280   	5322.12	7631.86	134.484	44741.1    
143	280   	7469   	73018.6	134.484	1.72707e+06
144	280   	4278.75	6256.52	134.484	52839.9    
145	280   	4256.53	5721.19	134.484	52839.9    
146	280   	4658.57	7099.15	134.484	70866.1    
147	280   	4283.32	6163.95	134.484	44701.5    
148	280   	4335.37	6697.12	134.484	70877.1    
149	280   	4564.02	7064.02	134.484	51687.4    
150	280   	3771.36	5391.03	134.484	42758.7    
151	280   	4406.82	6306.08	134.484	50701.5    
152	280   	4836.51	5789.08	134.484	39642.7    
153	280   	4687.74	5959.18	134.484	39642.7    
154	280   	4133.17	6249.01	134.484	49734.1    
155	280   	4445.37	6377.52	134.484	52992      
156	280   	4267.35	6364.4 	134.484	51823.6    
157	280   	4434.64	7570.17	134.484	60781.5    
158	280   	4550.08	10161.7	134.484	186017     
159	280   	3588.82	5238.69	134.484	49740.7    
160	280   	3712.75	5964.49	134.484	66849      
161	280   	3995.21	7079.51	134.484	63038.1    
162	280   	4107.75	7291.96	127.605	77033.2    
163	280   	4448.08	8095.43	123.363	130765     
164	280   	5132.56	7714.15	123.363	52769.6    
165	280   	4332.24	6781.61	123.363	52769.6    
166	280   	4618.66	7808.43	123.363	88148.6    
167	280   	4490.44	6287.99	123.363	44490.6    
168	280   	9950.37	124015 	123.363	2.93829e+06
169	280   	4497.13	6600.41	123.363	55733.5    
170	280   	4544.37	7646.58	123.363	80057.4    
171	280   	5113.95	13118.1	123.363	257144     
172	280   	5046.02	8341.28	123.363	103245     
173	280   	5534.37	7586.48	123.363	59990.1    
174	280   	5193.42	6329.29	123.363	51801.5    
175	280   	5185.57	6200.46	123.363	56833.8    
176	280   	4523.03	6325.38	123.363	53716.3    
177	280   	4849.92	8276   	123.363	105434     
178	280   	4957.41	7350.55	123.363	56933.7    
179	280   	5238.49	7323.46	123.363	48868.4    
180	280   	5133.2 	9732.18	123.363	162577     
181	280   	5301.24	9096.36	123.363	108742     
182	280   	4016.22	6249.83	123.363	60975.4    
183	280   	4304.18	6995.18	123.363	73975.2    
184	280   	4563.74	7076.31	123.363	55705.3    
185	280   	4870.49	7811.16	123.363	66992.9    
186	280   	4217.42	6172.95	123.363	62936.3    
187	280   	4510.15	6049.04	123.363	49810.3    
188	280   	4114.88	6496.77	123.363	92015.8    
189	280   	4436.3 	8414.65	123.363	110794     
190	280   	4541.97	8112.3 	123.363	100765     
191	280   	4621.39	7853.81	123.363	100765     
192	280   	4340.8 	6544.82	123.363	60889.2    
193	280   	3744.17	5593.84	123.363	57945.3    
194	280   	4379.67	6216.57	123.363	55915.7    
195	280   	4456.35	6732.88	123.363	47781.3    
196	280   	4381.09	6136.3 	116.139	49742      
197	280   	3619.64	5771.07	123.363	54966.2    
198	280   	4251.77	9871.84	123.363	184834     
199	280   	4313.13	9979.04	116.174	184834     
200	280   	4157.73	5567.12	116.174	52673.6    
201	280   	5430.49	7677.21	116.174	63870.8    
202	280   	5607.33	8337.74	116.174	65098.2    
203	280   	5042.61	7283.52	116.174	67851.2    
204	280   	4657.61	6223.82	116.174	63870.8    
205	280   	4707.76	6968.25	116.174	58793.6    
206	280   	4102.61	5911.76	116.174	50678.9    
207	280   	4815.49	6874.28	116.174	94469.5    
208	280   	4897.84	6871.62	116.174	42863.7    
209	280   	5348.46	7585.1 	116.174	48940      
210	280   	5684.69	8615.42	116.174	73128.2    
211	280   	5670.63	8012.62	116.174	64864.5    
212	280   	5810.52	8700.88	116.174	94407.9    
213	280   	4246.47	5714.79	116.174	60733.2    
214	280   	5199.96	7397.09	116.174	67964.1    
215	280   	8524.34	76180.9	116.174	1.80168e+06
216	280   	5497.1 	7338.17	116.174	50879.7    
217	280   	4333.1 	8324.86	112.102	142748     
218	280   	5073.82	6979.15	112.102	64022.1    
219	280   	6279.04	9823.75	112.102	142394     
220	280   	5495.4 	7459.21	112.102	58519.4    
221	280   	4518.4 	6783.12	112.102	67817.1    
222	280   	5167.71	6938.19	112.102	41573.6    
223	280   	5272.14	6806.23	112.102	37659.3    
224	280   	4852.11	6251.85	112.102	37533.6    
225	280   	4838.07	6634.82	112.102	49751      
226	280   	5055.45	6574.47	112.102	56715.9    
227	280   	4898.49	6777.92	112.102	53878.4    
228	280   	5549.24	8142.38	112.102	64959.9    
229	280   	5479.36	6598.98	112.102	39480.2    
230	280   	4877.22	6681.28	116.174	55718.1    
231	280   	5561.06	8890.96	116.174	73272.9    
232	280   	5703.48	8198.84	116.174	54745.2    
233	280   	5687.86	7866.7 	116.174	43562.5    
234	280   	5812.37	7626.13	116.174	43562.5    
235	280   	6443.78	13521.7	116.174	267689     
236	280   	4606.94	6896.6 	116.174	63835.7    
237	280   	8172.42	57710.2	108.661	1.35744e+06
238	280   	5059.74	6629.32	116.174	42588.3    
239	280   	5143.11	6879.6 	116.174	46737      
240	280   	5802.69	8261.73	116.174	57837.8    
241	280   	4971.49	7745.69	116.174	76372.1    
242	280   	5735.9 	9264.85	116.174	97698.7    
243	280   	5121.85	6196.5 	116.174	36562.6    
244	280   	4493.63	6766.41	116.174	54041.1    
245	280   	5054.75	7969.32	116.174	71847.2    
246	280   	5924.75	8124.79	116.174	73886.4    
247	280   	5620.27	6975.51	116.174	52830.3    
248	280   	5748.49	7425.86	116.174	73140.6    
249	280   	5202.14	7442.68	116.174	87852.2    
250	280   	4762.43	6128.92	116.174	46642.8    
251	280   	5655.72	9118.68	116.174	114488     
252	280   	6404.48	9926.28	116.174	114488     
253	280   	6556.58	7517.06	116.174	47712.5    
254	280   	4834.14	6440.7 	131.516	45786.3    
255	280   	4316.99	5367.96	131.516	49796.6    
256	280   	4837.43	8420.6 	97.2132	102797     
257	280   	4281.81	5662.4 	97.2132	50698.8    
258	280   	4102.71	7121.12	97.2132	94395.3    
259	280   	4608.72	6782.79	97.2132	49656.2    
260	280   	4305.1 	6640.82	97.2132	45785      
261	280   	5025.97	8548.12	97.2132	92198.5    
262	280   	4963.8 	9006.53	97.2132	88238.5    
263	280   	4582.45	6476.79	97.2132	55774.7    
264	280   	3801.82	4799.51	97.2132	30536.3    
265	280   	4204.41	6618.2 	97.2132	63786.3    
266	280   	3817.88	6308.27	97.2132	60861.4    
267	280   	4136.03	6442.5 	97.2132	53695.4    
268	280   	4542.49	6737.67	97.2132	47829.5    
269	280   	4722.97	7190.34	97.2132	55847.3    
270	280   	4801.55	8262.68	97.2132	60793      
271	280   	4431.32	6538.47	97.2132	56803.5    
272	280   	4742.27	7181.38	97.2132	65122.8    
273	280   	4586.53	7504.79	97.2132	66490.9    
274	280   	5288.78	7938.41	97.2132	70614.8    
275	280   	4474.64	7112.48	97.2132	56769.1    
276	280   	4686.09	7718.73	97.2132	82205      
277	280   	4958.25	7599.49	97.2132	82205      
278	280   	5092.02	8378.9 	97.2132	119968     
279	280   	4381.09	7216.98	97.2132	96222.2    
280	280   	4932.83	6143.93	97.2132	48667.1    
281	280   	4919.96	8005.55	97.2132	137399     
282	280   	5266.2 	9514.37	97.2132	137399     
283	280   	4929.79	7054.11	97.2132	47651.7    
284	280   	4963.69	6546.25	97.2132	46613      
285	280   	4192.19	6276.07	97.2132	43876.1    
286	280   	4373.86	7105.82	97.2132	114230     
287	280   	4796.37	7499.36	97.2132	73335      
288	280   	4584.67	6087.14	97.2132	48695.2    
289	280   	4515.97	5815.15	97.2132	57780.1    
290	280   	4041.45	5172.66	97.2132	47724.1    
291	280   	3892.4 	5683.62	97.2132	47673.5    
292	280   	4235.91	6926.12	97.2132	89206.2    
293	280   	4074.97	5924.18	97.2132	58757.1    
294	280   	5173.81	6988.18	97.2132	50733.2    
295	280   	4993.76	10706.3	97.2132	170423     
296	280   	4231.18	5098.36	97.2132	37639.5    
297	280   	4045.47	6039.36	97.2132	51734.7    
298	280   	4509.57	6710.47	97.2132	79002.1    
299	280   	7754.6 	56809.2	97.2132	1.30668e+06
300	280   	7070.03	27954.9	95.3125	313086     
301	280   	3791.07	5850.59	97.2132	50843.9    
302	280   	3981.16	5980.63	97.2132	67141      
303	280   	4670.64	5571.77	97.2132	34556.2    
304	280   	4282.88	6151.5 	97.2132	60226.1    
305	280   	4125.39	5264.55	97.2132	46611.3    
306	280   	4393.36	6074.67	97.2132	37630.1    
307	280   	4267.59	6473.79	97.2132	89008.9    
308	280   	5116.03	7669.32	97.2132	65711      
309	280   	4275.77	5997.03	97.2132	63822.6    
310	280   	4881.88	8095.25	97.2132	63822.6    
311	280   	4603.6 	6304.68	97.2132	59541.9    
312	280   	4075.07	6255.09	97.2132	67111.8    
313	280   	4833.95	7040.44	97.2132	55822.4    
314	280   	4119.09	6611.06	97.2132	64813.8    
315	280   	4355.78	5872.64	97.2132	39551.2    
316	280   	4562.18	7034.9 	97.2132	64034.4    
317	280   	5349.76	7631.95	97.2132	64034.4    
318	280   	4982.86	13937.8	97.2132	298426     
319	280   	4373.71	7566.65	97.2132	100558     
320	280   	5131.66	8604.6 	96.3165	100558     
321	280   	5878.78	12200.8	98.652 	219299     
322	280   	5601.7 	7818.08	98.652 	73118.5    
323	280   	4754.24	14599.2	98.652 	317670     
324	280   	4563.96	6015.89	98.652 	48605.3    
325	280   	4123.57	6105.71	98.652 	54976.6    
326	280   	4510.45	6675.82	98.652 	55736.4    
327	280   	4386.31	5966.65	98.652 	48777.2    
328	280   	4181.17	6023   	98.652 	66889.6    
329	280   	4263.45	6618.68	98.652 	66889.6    
330	280   	5037.72	7139.74	98.652 	61053.7    
331	280   	5003.42	7171.68	98.652 	48877      
332	280   	4640.35	6516.81	98.652 	52719.3    
333	280   	5241.18	7942.72	98.652 	68099.3    
334	280   	4378.58	6441.96	98.652 	42696.8    
335	280   	3948.06	6673.25	98.652 	60014      
336	280   	4836.93	9147.89	98.652 	132663     
337	280   	4810.8 	8529.1 	98.652 	132663     
338	280   	4547.62	6329.46	98.652 	63814      
339	280   	4641.97	5615.01	98.652 	41598.6    
340	280   	4111.9 	5637.27	98.652 	54944.3    
341	280   	3915.83	6413.59	98.652 	69796.6    
342	280   	3891.02	5153.69	98.652 	36818.4    
343	280   	4426.85	5682.89	98.652 	40800.5    
344	280   	3944.29	5373.1 	98.652 	40733.3    
345	280   	4515.37	7132.54	98.652 	61809.4    
346	280   	4421.82	8056.85	98.652 	83833.1    
347	280   	4677.58	7399.73	98.652 	74436.9    
348	280   	4784.07	6094.39	98.652 	46782.6    
349	280   	4172.01	5960.96	98.652 	68055.2    
350	280   	4004.78	5978.16	98.652 	63783.4    
351	280   	3845.28	6635.15	98.652 	79796.9    
352	280   	3930.54	6105.78	98.652 	50614.1    
353	280   	3733.5 	5641.81	98.652 	48770.1    
354	280   	4300.08	5953.77	98.652 	49690.1    
355	280   	4252.01	5415.37	98.652 	38862.9    
356	280   	4129.52	5381   	98.652 	38862.9    
357	280   	3977.93	5458.61	98.652 	34614.8    
358	280   	3872.86	5376.41	98.652 	44669.5    
359	280   	3638.45	6033.36	98.652 	56932.1    
360	280   	3693.78	6479.46	98.652 	61166.7    
361	280   	3724.97	6136.62	98.652 	70125.8    
362	280   	3628.94	5463.02	98.652 	51677      
363	280   	3701.65	5498.44	98.652 	49884.1    
364	280   	5098.95	31309.5	98.652 	726264     
365	280   	3877.84	5662.76	98.652 	38760.2    
366	280   	4149.46	6753.61	98.652 	66854.3    
367	280   	3770.33	5715.57	97.0654	71288.2    
368	280   	3822.73	5083.65	97.0654	39649.2    
369	280   	3688.03	4651.95	90.4773	32524      
370	280   	3230.97	4388.92	90.4773	44815.1    
371	280   	3310.72	4640.77	90.4773	46768.4    
372	280   	4082.42	6003.07	90.4773	63006.3    
373	280   	3828.34	6258.21	90.4773	58779      
374	280   	4357.1 	6414.55	90.4773	46633.9    
375	280   	4570.76	6265.35	90.4773	51304      
376	280   	4310.99	6404.12	90.4773	47824.4    
377	280   	3871.96	6378.86	90.4773	48775.4    
378	280   	3844.08	6169.47	90.4773	57415.4    
379	280   	5060.5 	9020.18	90.4773	91799.1    
380	280   	4049.92	6385.35	90.4773	68907.3    
381	280   	4805.13	7311.14	90.4773	56801.5    
382	280   	4761.46	8889.33	90.4773	103772     
383	280   	4995.27	7217.26	90.4773	62899.9    
384	280   	4370.01	9170.67	90.4773	165191     
385	280   	4263.57	6164.98	90.4773	45656.7    
386	280   	7526.5 	67991.1	90.4773	1.56146e+06
387	280   	4129.89	6054.8 	90.4773	57729.5    
388	280   	4991.5 	6856.54	90.4773	63800.2    
389	280   	4603.12	6614.14	90.4773	71802.3    
390	280   	3945.93	5658.75	90.4773	71802.3    
391	280   	3972.29	6093.97	90.4773	71802.3    
392	280   	4222.92	4945.37	137.276	71802.3    
393	280   	5154.04	7613.67	130.059	71802.3    
394	280   	5985.87	8918.66	137.276	105304     
395	280   	5911.28	8584.48	137.276	105304     
396	280   	5228.67	7469.66	98.0388	49665.3    
397	280   	4909.98	6104.32	98.0388	57795.4    
398	280   	4678.88	5873.27	98.0388	32533      
399	280   	5454.03	6682.12	98.0388	62952.8    
400	280   	5120.6 	7485.79	98.0388	62952.8    
401	280   	5186.25	6992.18	98.0388	61044.5    
402	280   	4587.47	6578.12	98.0388	61044.5    
403	280   	5118.09	6846.26	98.0388	75978.8    
404	280   	5112.76	6634.6 	98.0388	40569.2    
405	280   	4182.39	5605.9 	98.0388	40569.2    
406	280   	4456.87	6161.92	98.0388	48692.7    
407	280   	4489.76	7144.71	98.0388	48692.7    
408	280   	5251.3 	9470.17	98.0388	118567     
409	280   	5572.58	9828.4 	98.0388	123318     
410	280   	4455.99	7058.27	98.0388	62047.1    
411	280   	5234.31	7636.37	98.0388	62047.1    
412	280   	4996.18	6475.42	98.0388	50600.8    
413	280   	4438.57	6449.11	98.0388	54966.1    
414	280   	4697.17	6918.92	98.0388	54966.1    
415	280   	4643.84	6804.18	98.0388	48852.5    
416	280   	4221.64	6197.18	98.0388	57768.4    
417	280   	4635.29	15641.7	98.0388	350291     
418	280   	3383.62	4536.37	98.0388	33555.3    
419	280   	3704.26	5713.94	98.0388	73181.5    
420	280   	3857.87	5426.02	98.0388	44746.5    
421	280   	3996.66	5234.22	98.0388	40682.5    
422	280   	3990.47	5884.22	98.0388	53740.7    
423	280   	4865.01	7352.35	98.0388	67164.9    
424	280   	5405.92	7519.06	98.0388	80000.9    
425	280   	5353.53	7605.66	98.0388	80000.9    
426	280   	4839.47	7348.47	98.0388	80000.9    
427	280   	4849.02	7852.17	98.0388	80000.9    
428	280   	4293.63	6853.26	98.0388	64838.1    
429	280   	4028.44	6600.89	98.0388	64838.1    
430	280   	3929.95	5750.24	98.0388	44242.3    
431	280   	4000.46	6038.84	98.0388	34542.5    
432	280   	3939.95	6318.29	98.0388	42691.6    
433	280   	7484.82	79224  	97.8228	1.87458e+06
434	280   	4417.57	6394.76	98.0388	43639.7    
435	280   	4304.54	6782.29	98.0388	82967.7    
436	280   	4241.67	5456.19	98.0388	40570.4    
437	280   	4074.92	6066.45	98.0388	46725.9    
438	280   	4237.14	6043.44	98.0388	41620.8    
439	280   	4006.29	6293.67	98.0388	63810.3    
440	280   	3545.47	4982.9 	98.0388	34638.9    
441	280   	3724.38	5655.75	98.0388	53665.4    
442	280   	5337.02	23500.7	102.158	546094     
443	280   	4872.44	7667.09	102.158	76097.6    
444	280   	4540.15	6414.86	102.158	76097.6    
445	280   	3551.94	4830.91	102.158	48833.5    
446	280   	4187.81	6145.09	102.158	49678.7    
447	280   	4799.08	7428.77	102.158	49709.8    
448	280   	4371.74	6238.87	102.158	48649.4    
449	280   	6833.66	69752  	102.158	1.65139e+06
450	280   	4129.59	6782.1 	102.158	76278.5    
451	280   	4501.06	7321.45	102.158	76200.2    
452	280   	4874.36	9720.03	102.158	146358     
453	280   	10866  	154443 	102.158	3.65862e+06
454	280   	5031.46	7704.45	99.6239	67909.2    
455	280   	4151.89	6892.91	99.6239	67909.2    
456	280   	4786.28	10147.1	99.6239	172465     
457	280   	5201.35	15009.2	99.6239	303950     
458	280   	3570.89	5539.74	99.6239	57975.8    
459	280   	4441.35	6482.02	99.6239	65988.1    
460	280   	4618.05	8600.78	99.6239	89521.3    
461	280   	3789.55	5531.6 	99.6239	46832.5    
462	280   	4598.76	6598.02	99.6239	48844.3    
463	280   	4133.66	5834.3 	99.6239	71078.6    
464	280   	4364.47	6675.44	99.6239	71078.6    
465	280   	4584.44	7357.62	99.6239	71078.6    
466	280   	4371.53	6195.22	99.6239	58745.9    
467	280   	5066.88	7451.93	99.6239	51911.7    
468	280   	4793.23	9609.9 	99.6239	164701     
469	280   	5561.37	13743.9	99.6239	208639     
470	280   	7061.69	31135.9	99.6239	717853     
471	280   	5393.82	10771.1	89.5746	171754     
472	280   	7092.97	20079.4	89.5746	381307     
473	280   	4793.84	7085.39	89.5746	61889.5    
474	280   	5601.45	7553.81	89.5746	53744.9    
475	280   	5660.47	16054  	89.5746	337223     
476	280   	4432.01	6438.35	89.5746	49630.6    
477	280   	4481.16	7129.05	89.5746	72880.8    
478	280   	5168.53	7263.23	89.5746	54165.7    
479	280   	4630.68	9413.11	89.5746	166540     
480	280   	6085.36	47051.4	89.5746	1.10893e+06
481	280   	4445.92	6631.77	89.5746	69756.1    
482	280   	8261.35	87797.3	89.5746	2.07298e+06
483	280   	4605.51	8733.85	89.5746	116337     
484	280   	4657.34	7326.24	89.5746	79003.5    
485	280   	5597.98	21455.8	89.5746	486826     
486	280   	5400.59	10194.3	89.5746	150680     
487	280   	4877.46	7974.71	89.5746	111457     
488	280   	4150.18	6307.88	89.5746	63785.2    
489	280   	4438.61	6476.57	89.5746	72223.7    
490	280   	4364.49	5566.16	88.7352	36602.9    
491	280   	4242.16	6470.09	88.7352	57957.7    
492	280   	4053.94	6873.25	88.7352	72208.1    
493	280   	4481.22	10360.4	88.7352	192418     
494	280   	4309.06	7380.03	89.5746	102510     
495	280   	4563.91	9385.5 	89.5746	176655     
496	280   	3935.11	6154.38	89.5746	48741      
497	280   	3890.33	7103.28	89.5746	97236.2    
498	280   	4750.67	9533.85	89.5746	131468     
499	280   	4933.15	6990.19	89.5746	50677.8    
500	280   	4148.57	7187.64	89.5746	84481.9    
Time elapsed: 60856 seconds.


Batch Job Summary Report (version 21.01.1) for Job "bpopt" (46658079) on daint

Job information (1/2)
-----------------------------------------------------------------------------------------------------
             Submit            Eligible               Start                 End    Elapsed Time limit
------------------- ------------------- ------------------- ------------------- ---------- ----------
2023-05-16T09:25:02 2023-05-16T09:25:02 2023-05-16T09:25:07 2023-05-17T02:20:43   16:55:36   23:59:00
-----------------------------------------------------------------------------------------------------

Job information (2/2)
-------------------------------------------------------------
    Username      Account    Partition   NNodes        Energy
------------ ------------ ------------ -------- -------------
    bp000145       ich030       normal        3  64090.594 kJ

