
gen	nevals	avg    	std        	min    	max        
1  	510   	7787.51	16040.2    	4580.67	280215     
2  	510   	8462.78	25305.3    	4580.67	660272     
3  	510   	6177.78	19075      	4580.67	603473     
4  	510   	4819.74	384.615    	4575.06	10559.9    
5  	510   	4743.19	256.067    	4545.94	10443      
6  	510   	5069.94	11211.8    	4545.94	362907     
7  	510   	4731.34	326.505    	4545.94	9485.04    
8  	510   	4721.8 	320.524    	4545.94	11740.6    
9  	510   	4718.27	429.855    	4538.73	13367.5    
10 	510   	4798.45	2672.71    	4538.2 	86504.4    
11 	510   	4760.92	1259       	4537.96	36447.5    
12 	510   	4832.6 	4094.06    	4537.96	132414     
13 	510   	4772.81	2695.86    	4535.94	88878.6    
14 	510   	4705.91	853.086    	3203.78	30308.8    
15 	510   	4744.2 	2146.22    	3202.8 	72206.9    
16 	510   	5069.3 	10661.3    	3202.8 	340368     
17 	510   	4663.58	1335.55    	1995.97	26916.6    
18 	510   	4772.08	2438.63    	809.666	26916.6    
19 	510   	5301.01	4193.87    	753.257	38963.8    
20 	510   	6386.1 	5882.76    	738.083	38963.8    
21 	510   	7875.3 	7401.37    	687.207	64528.5    
22 	510   	7659.93	7145.6     	687.207	62100.5    
23 	510   	6998.79	7459.29    	687.207	87483.4    
24 	510   	7245.53	6943.02    	583.099	51098.4    
25 	510   	7233.67	7089.35    	583.099	46696.3    
26 	510   	6837.15	6965.47    	583.099	40777.3    
27 	510   	6493.17	6733.72    	514.873	47907.6    
28 	510   	6859.18	7208.28    	514.873	47907.6    
29 	510   	6649.14	7436.25    	514.873	74442.6    
30 	510   	5470.96	5798.78    	514.873	43081.5    
31 	510   	5812.06	5989.88    	514.873	39864.5    
32 	510   	5927.83	6333.14    	514.873	35676      
33 	510   	6681.26	7969.97    	514.873	137288     
34 	510   	6409.47	6807.93    	511.293	52247.6    
35 	510   	6922.85	7059.81    	467.052	45709.3    
36 	510   	7355.36	9494.17    	467.052	183158     
37 	510   	6521.37	6863.4     	396.93 	45709.3    
38 	510   	6745.89	6922.45    	311.99 	40906      
39 	510   	6459.34	6662.87    	311.99 	42781      
40 	510   	7242.44	7249.61    	311.99 	42731.1    
41 	510   	7172.7 	7541.25    	311.99 	44960.2    
42 	510   	7408.23	7332.77    	311.99 	42731.1    
43 	510   	7081.79	7240.62    	311.99 	43498.4    
44 	510   	6754.2 	7274.39    	311.99 	42731.1    
45 	510   	7621.44	8176.49    	311.99 	53298      
46 	510   	6964.2 	7471.99    	311.99 	46680.1    
47 	510   	7103.72	7979.98    	311.99 	75038.9    
48 	510   	6935.74	7536.9     	311.99 	49619.6    
49 	510   	6869.93	8223.36    	311.99 	49619.6    
50 	510   	7781.2 	12239.1    	311.99 	256755     
51 	510   	6792.8 	8645.02    	311.99 	49619.6    
52 	510   	7523.93	9164.55    	311.99 	54506.9    
53 	510   	7628.16	9479.44    	311.99 	56516.1    
54 	510   	8646.13	10824.8    	311.99 	49619.6    
55 	510   	7423.56	9681.76    	311.99 	53301.7    
56 	510   	9043.95	11188.9    	311.99 	55701      
57 	510   	8303.26	10110.3    	311.99 	55701      
58 	510   	6335.5 	7370.46    	311.99 	46539.1    
59 	510   	6852.77	7958.14    	311.99 	52687.3    
60 	510   	7464.01	14787.9    	311.99 	388314     
61 	510   	6473.84	7866.74    	311.99 	51527.2    
62 	510   	6994.97	8160.69    	290.192	43381.2    
63 	510   	6079.45	7768.53    	311.99 	58683      
64 	510   	7588.45	9217.24    	311.99 	64813.1    
65 	510   	7169.58	8806.22    	311.99 	64813.1    
66 	510   	6692.02	8387.61    	281.961	51650.2    
67 	510   	7212.09	10923.3    	281.961	238485     
68 	510   	7018.58	8762.94    	281.961	111956     
69 	510   	7747.37	9408.05    	281.961	152447     
70 	510   	7918.51	9410.64    	281.961	44591.8    
71 	510   	7171.44	8813.07    	205.082	55658      
72 	510   	7848.46	9619.23    	281.961	67788.1    
73 	510   	9048.97	10069.8    	281.961	67788.1    
74 	510   	7936.17	9412.39    	281.961	67788.1    
75 	510   	7567.11	8927.48    	253.2  	67788.1    
76 	510   	7715.57	9284.3     	253.2  	114365     
77 	510   	7319.05	8465.65    	253.2  	64636.9    
78 	510   	7689.01	8664.96    	253.2  	54000.9    
79 	510   	6497.36	7840.98    	253.2  	42503.2    
80 	510   	6412   	7974.87    	253.2  	48637      
81 	510   	6845.81	8466       	253.2  	43623.8    
82 	510   	6173.5 	9989.94    	253.2  	217293     
83 	510   	7041.31	9303.4     	253.2  	117271     
84 	510   	7913.11	9699.67    	253.2  	52518.3    
85 	510   	6264.69	7941.73    	253.2  	46758      
86 	510   	7144.25	8493.95    	253.2  	54119.4    
87 	510   	7261.89	7748.1     	253.2  	50927.8    
88 	510   	7063.1 	8017.33    	253.2  	45600.1    
89 	510   	6762.34	7967.05    	253.2  	50682.5    
90 	510   	6709.2 	9578.14    	238.883	160378     
91 	510   	7507.6 	9334.81    	253.2  	47558.6    
92 	510   	7258.02	10437.9    	253.2  	166849     
93 	510   	7026.86	9065.17    	253.2  	51378.5    
94 	510   	6868.88	8501.04    	253.2  	51417.4    
95 	510   	6568.55	8173.96    	253.2  	55597.8    
96 	510   	6889.27	10050.9    	239.908	179603     
97 	510   	7915.76	10075.3    	239.908	93224.1    
98 	510   	7921.2 	11097.3    	239.908	169222     
99 	510   	8602.28	10446.1    	239.908	55597.8    
100	510   	7311.09	8932.97    	239.908	47360.5    
101	510   	6229.93	8515.96    	239.908	106037     
102	510   	7498.37	9446.95    	239.908	115237     
103	510   	7385.13	8627.89    	239.908	54157.2    
104	510   	6314.44	7835.96    	217.449	39389.2    
105	510   	6777.26	9191.14    	239.908	65299.4    
106	510   	7910.19	10664.4    	239.908	127902     
107	510   	7222.13	9810.58    	239.908	127902     
108	510   	5420.88	6390.93    	204.024	35955.3    
109	510   	5387.39	6665.04    	204.024	46574.3    
110	510   	6351.86	7692.31    	204.024	53206.2    
111	510   	5793.06	8529.09    	204.024	171478     
112	510   	5859.22	8286.15    	189.054	101082     
113	510   	5439.02	7079.52    	189.054	70570.6    
114	510   	5010.52	7949.28    	204.024	153182     
115	510   	5694.41	7510.73    	204.024	53489.7    
116	510   	6172.26	9031.71    	204.024	152168     
117	510   	5675.64	7394.54    	204.024	55809.1    
118	510   	5964.7 	8924.05    	204.024	144792     
119	510   	5911.8 	7915.77    	204.024	44678.5    
120	510   	5513.42	7409.46    	204.024	54876.8    
121	510   	5651.63	7909.11    	204.024	54876.8    
122	510   	11878.7	194209     	204.024	6.20634e+06
123	510   	7089.13	9712.27    	204.024	128834     
124	510   	5471.03	7946.57    	204.024	128834     
125	510   	5261.39	7519.48    	204.024	128834     
126	510   	6312.88	11021      	204.024	179239     
127	510   	5739.86	8497.37    	204.024	152994     
128	510   	10335.1	154916     	204.024	4.95111e+06
129	510   	5477.37	6992.09    	204.024	46268.2    
130	510   	5441.4 	8205.7     	204.024	112792     
131	510   	5794.29	7254.66    	204.024	51167      
132	510   	5662.67	7012.33    	204.024	44678.5    
133	510   	5415.04	7689.14    	204.024	86840.2    
134	510   	6108.08	8208.45    	204.024	62284.7    
135	510   	6066.91	8246.74    	204.024	103206     
136	510   	4927.91	8223.54    	204.024	156868     
137	510   	6190.37	31305.8    	204.024	981420     
138	510   	5375   	8434.7     	204.024	95103.9    
139	510   	6910.37	30040.2    	204.024	823940     
140	510   	5562.28	9721.25    	204.024	185327     
141	510   	5442.14	7846.03    	204.024	81678.7    
142	510   	6470.89	9642.22    	204.024	149836     
143	510   	6760.97	9307.47    	204.024	71534.5    
144	510   	5950.11	11014.3    	204.024	257787     
145	510   	7405.92	12660.3    	204.024	257787     
146	510   	4895.88	6586.71    	204.024	44678.5    
147	510   	5901.09	8347.64    	187.281	61427.8    
148	510   	8291.02	77004.8    	187.281	2.44934e+06
149	510   	6085.02	12735.7    	204.024	313211     
150	510   	7543.47	10317.7    	183.618	94846.7    
151	510   	6179.38	8835.64    	204.024	72886.6    
152	510   	6028.57	8838.42    	204.024	145610     
153	510   	5831.15	9357.03    	204.024	145610     
154	510   	5400.59	10051.7    	200.706	246017     
155	510   	5472.63	7014.55    	200.706	44495.1    
156	510   	5622.23	8282.89    	200.706	114570     
157	510   	5468.68	7492.01    	200.706	68188.9    
158	510   	5198.91	6940.07    	204.024	63149      
159	510   	4839.05	6034.29    	204.024	44495.1    
160	510   	4548.93	6614.46    	204.024	127711     
161	510   	5263.34	8566.32    	204.024	158849     
162	510   	5632.72	14994.7    	192.823	411813     
163	510   	5986.33	10505.8    	171.629	170039     
164	510   	4651.03	7227.61    	192.823	140606     
165	510   	5297.86	7809.9     	191.957	109770     
166	510   	4412.96	5667.87    	192.823	58525.2    
167	510   	4981.96	7284.8     	204.024	125408     
168	510   	5098.06	7221.98    	204.024	58200.4    
169	510   	4528.97	5748.97    	204.024	44495.1    
170	510   	5165.69	8784.33    	199.506	178706     
171	510   	4558.3 	6228.12    	199.506	44495.1    
172	510   	4841.46	6579.25    	199.506	70887.8    
173	510   	8981.48	124555     	199.506	3.97758e+06
174	510   	4457.33	6554.37    	199.506	67816.7    
175	510   	5071.75	8079.73    	199.506	94533.3    
176	510   	5465.68	9011.63    	199.506	130177     
177	510   	4838.45	6980.77    	199.506	59837.1    
178	510   	5305.92	14811.2    	199.506	409908     
179	510   	4919.41	7273.62    	199.506	44495.1    
180	510   	4822.71	8188.11    	199.506	129817     
181	510   	4776.86	8764.2     	199.506	144719     
182	510   	5173.17	8547.1     	199.506	144719     
183	510   	5731.63	10176.6    	199.506	144719     
184	510   	4930.48	6876.27    	173.584	47904.6    
185	510   	4301.42	5503.72    	173.584	47904.6    
186	510   	4563.49	5549.94    	173.584	47904.6    
187	510   	4279.24	7061.68    	173.584	152859     
188	510   	4271.05	6494.68    	173.584	138916     
189	510   	4418.97	13416.7    	173.584	403331     
190	510   	4329.32	4896.76    	173.584	38799.6    
191	510   	4481.72	8872.88    	173.584	210946     
192	510   	4833.49	9915.11    	173.584	210946     
193	510   	4952.89	9708.66    	173.584	199803     
194	510   	4202.8 	5676.04    	173.584	60797.7    
195	510   	4470.85	5542.61    	173.584	51405.7    
196	510   	4268.4 	5171.21    	173.584	51914.4    
197	510   	4141.93	5648.54    	173.584	100641     
198	510   	4109.12	5191.1     	173.584	61064.5    
199	510   	4245.73	5288.66    	173.584	48097.2    
200	510   	4570.49	6776.15    	173.584	96536.5    
201	510   	4553.23	6025.56    	173.584	111370     
202	510   	4675.86	7891.59    	173.584	176951     
203	510   	4628.55	6084.26    	173.584	66224.7    
204	510   	4618.71	7362.49    	173.584	153740     
205	510   	4318.83	6581.73    	173.584	112927     
206	510   	4304.37	5484.83    	173.584	62049.7    
207	510   	4700.05	12844.2    	173.584	310517     
208	510   	4304.51	7468.06    	173.584	176596     
209	510   	4318.68	5250.46    	173.584	43510      
210	510   	4509.68	6101.92    	173.584	66042.6    
211	510   	4640.44	6264.16    	173.584	71357.1    
212	510   	4475.39	5412.07    	173.584	55564.5    
213	510   	11008.7	216852     	173.584	6.93077e+06
214	510   	4679.12	7775.75    	173.584	118471     
215	510   	4466.44	6125.41    	173.584	89983.6    
216	510   	4632.19	7221.18    	173.584	127780     
217	510   	4925.13	8179.53    	173.584	148772     
218	510   	4087.47	5435.19    	173.584	50408.7    
219	510   	4470.78	8226.34    	173.584	152177     
220	510   	3847.45	5994.33    	173.584	122686     
221	510   	4108.7 	6391.37    	173.584	122107     
222	510   	3989.17	5542.85    	173.584	61628.8    
223	510   	4295.82	6146.97    	173.584	98240.9    
224	510   	4102.64	5939.14    	173.584	98240.9    
225	510   	4482.41	6525.8     	173.584	70598.5    
226	510   	5168.99	7270.84    	173.584	85525.9    
227	510   	5766.27	21521.4    	173.584	474900     
228	510   	4320.56	5542.37    	173.584	61638.4    
229	510   	4348.6 	7593.42    	173.584	126568     
230	510   	4179.12	7484.31    	173.584	144508     
231	510   	4569.3 	7870.35    	173.584	105786     
232	510   	4662.67	8266.93    	173.584	135763     
233	510   	5198.2 	7440.81    	173.584	77891.3    
234	510   	4835.12	7593.7     	173.584	147431     
235	510   	4166.24	7406.35    	173.584	147079     
236	510   	4092.68	5430.08    	173.584	61814.5    
237	510   	3966.03	5107.16    	173.584	53821.3    
238	510   	4182.33	7509.55    	173.584	164657     
239	510   	4372.84	6041.57    	173.584	99727.6    
240	510   	4440.25	7708.63    	173.584	150797     
241	510   	4860.57	6252.93    	173.584	49839.8    
242	510   	4273.63	5847.3     	173.584	50348.2    
243	510   	4412.37	5513.24    	173.584	53673.2    
244	510   	5236.79	14602.5    	173.584	427973     
245	510   	4326.65	5116.12    	173.584	41319.5    
246	510   	4200.32	5216.1     	173.584	43608.5    
247	510   	3894.15	5254.28    	173.085	59433.7    
248	510   	4738.22	16503.1    	173.584	316916     
249	510   	3937.5 	7331.39    	144.228	153074     
250	510   	3733.46	4964.47    	144.228	57268.1    
251	510   	4141.67	5721.86    	144.228	51657.8    
252	510   	3880.39	7191.65    	144.228	142971     
253	510   	4040.81	10320.3    	144.228	247654     
254	510   	3834.88	9324.35    	144.228	247654     
255	510   	4190.17	5754.62    	144.228	76732.8    
256	510   	4139.43	9609.8     	144.228	252561     
257	510   	4166.73	7007.51    	144.228	116047     
258	510   	4263.37	7000.62    	144.228	139764     
259	510   	3958.16	5815.14    	144.228	92354.1    
260	510   	3857.34	5630.74    	144.228	59548.4    
261	510   	3857.67	5486.82    	144.228	90951.9    
262	510   	3723.88	6048.94    	144.228	113253     
263	510   	3530.13	4633.17    	144.228	40959.8    
264	510   	3751.2 	4972.99    	144.228	48812.6    
265	510   	3877.11	5337.95    	144.228	55783.7    
266	510   	3832.71	5440.69    	144.228	72357.4    
267	510   	3900.85	6504.25    	144.228	148968     
268	510   	4088.34	12402.3    	144.228	369574     
269	510   	3423.44	4056.41    	144.228	33751.1    
270	510   	3824.11	8176.99    	144.228	213375     
271	510   	4076.01	7934.81    	144.228	147905     
272	510   	3709.15	4469.98    	144.228	41444.4    
273	510   	3750.42	5887.1     	144.228	68818.4    
274	510   	3836.54	5082.02    	144.228	53710.4    
275	510   	4015.28	8529.08    	144.228	162948     
276	510   	3983.93	7005.51    	144.228	165116     
277	510   	4280.98	7688.91    	144.228	165116     
278	510   	3596.73	4602.17    	144.228	54089.9    
279	510   	3454.77	4816.66    	144.228	57620      
280	510   	3504.43	4241.05    	144.228	45226      
281	510   	3894   	5139.26    	144.228	48762      
282	510   	4029.73	7474.8     	144.228	169078     
283	510   	4096.25	8194.42    	144.228	111579     
284	510   	3752.18	4965.63    	144.228	50286.5    
285	510   	3590.59	4715.52    	144.228	40761.3    
286	510   	3964.45	5475.01    	144.228	68379.6    
287	510   	4208.05	13376.3    	144.228	376568     
288	510   	4107.41	6820.04    	144.228	123940     
289	510   	3642.53	6356.17    	144.228	131221     
290	510   	3827.19	5651.73    	144.228	70862.3    
291	510   	3627.08	4954.82    	144.228	74798      
292	510   	3956.01	7550.61    	144.228	194371     
293	510   	3936.06	8232.5     	144.228	194371     
294	510   	4106.65	7864.03    	144.228	188488     
295	510   	3766.01	4720.68    	144.228	56816.4    
296	510   	4551.9 	19371.1    	144.228	598285     
297	510   	3881.94	5380.85    	144.228	72718.7    
298	510   	3857.26	5435.07    	144.228	85637.6    
299	510   	3994.53	5624.32    	144.228	67040.3    
300	510   	4149.03	5961.6     	144.228	60575.6    
301	510   	3752.2 	4803.91    	144.228	51267.1    
302	510   	3891.37	6239.96    	144.228	118954     
303	510   	3993.68	7006.62    	144.228	130796     
304	510   	4089.61	10220.8    	144.228	265409     
305	510   	3971.9 	5472.53    	144.228	62353.9    
306	510   	3596.86	4644.07    	144.228	55943.2    
307	510   	3934.69	5910.01    	144.228	93473      
308	510   	4179.48	7158.41    	144.228	121164     
309	510   	3955.04	7739.95    	144.228	127387     
310	510   	4682.74	20156.9    	144.228	625905     
311	510   	3767.54	5279.71    	144.228	61372.1    
312	510   	4695.96	18500.1    	144.228	562099     
313	510   	3753.91	5796.76    	144.228	78349      
314	510   	4677.26	23339.7    	144.228	720605     
315	510   	4125.83	5807.55    	144.228	78349      
316	510   	3948.16	5617.73    	144.228	78349      
317	510   	3743.57	4648.74    	144.228	35692.2    
318	510   	3891.09	5412.59    	144.228	78935.4    
319	510   	3602.97	4935.57    	144.228	78935.4    
320	510   	3753.6 	4930.73    	144.228	50953.5    
321	510   	3798.38	5219.41    	144.228	74021.9    
322	510   	4082.05	5738.31    	144.228	81053      
323	510   	3756.7 	5818.96    	144.228	86781.9    
324	510   	3653.65	5568.07    	144.228	77859.9    
325	510   	3743.14	5098.84    	144.228	50649.5    
326	510   	4237.96	6739.82    	144.228	106235     
327	510   	3912.05	6881.33    	144.228	143656     
328	510   	3635.38	5043.08    	144.228	62491      
329	510   	3993.73	5668.63    	144.228	62672.1    
330	510   	4021.27	5657.97    	144.228	95322      
331	510   	4334.72	7944.54    	144.228	198584     
332	510   	3860.73	5867.99    	144.228	97618.6    
333	510   	4250.93	9413.36    	144.228	229923     
334	510   	3998.89	8664.03    	144.228	229923     
335	510   	4746.15	17775.7    	144.228	465965     
336	510   	3920.72	5346.76    	144.228	49697.6    
337	510   	3513.66	4643.57    	144.228	53094.3    
338	510   	3857.64	5605.39    	144.228	60872.3    
339	510   	4192.92	9742.73    	144.228	219003     
340	510   	3481.46	4612.83    	144.228	45649.1    
341	510   	3482.17	5613.9     	144.228	122317     
342	510   	3939.22	10437.2    	144.228	302127     
343	510   	4065.55	10416.8    	144.228	302127     
344	510   	3595.37	4904.83    	144.228	48683.5    
345	510   	4192.31	8838.42    	144.228	165057     
346	510   	3441.89	4490.99    	144.228	33061.1    
347	510   	4453.94	21815.9    	144.228	678715     
348	510   	7462.34	124647     	144.228	3.98387e+06
349	510   	3645.05	4760.25    	144.228	42549.9    
350	510   	3648.16	4958.44    	144.228	65914.1    
351	510   	3952.14	6570.95    	144.228	121566     
352	510   	4133.94	7873.5     	144.228	158864     
353	510   	3602.41	4618.48    	144.228	42075.6    
354	510   	4173.03	4977.85    	144.228	43709.7    
355	510   	4068.92	7913.65    	144.228	185836     
356	510   	4030.96	7267.34    	144.228	128712     
357	510   	4725.95	31355.2    	144.228	994004     
358	510   	4117.55	5513.81    	144.228	45360.9    
359	510   	4028.26	6720.92    	144.228	136048     
360	510   	4588.77	7689.24    	144.228	127872     
361	510   	4035.79	13603.6    	144.228	402753     
362	510   	3762.95	5169.41    	144.228	57531.3    
363	510   	4061.07	6413.46    	144.228	99228.3    
364	510   	4123.77	6023.48    	144.228	87181.4    
365	510   	4826.84	10587.1    	144.228	192715     
366	510   	4275.03	6967.1     	144.228	115352     
367	510   	4463.97	7574.49    	144.228	124224     
368	510   	4276.08	6395.23    	144.228	104633     
369	510   	4200.22	6851.03    	144.228	104633     
370	510   	4542.81	6677.21    	144.228	83885.1    
371	510   	3795.65	5723.4     	144.228	83885.1    
372	510   	4135.18	7263.83    	144.228	120675     
373	510   	3839.74	4770.58    	144.228	49375.2    
374	510   	4270.28	11019.3    	144.228	279611     
375	510   	3969.78	7398.99    	144.228	160055     
376	510   	4323.87	8306.82    	144.228	171521     
377	510   	4246.05	6770.07    	144.228	122505     
378	510   	3981.27	5312.61    	144.228	70592.3    
379	510   	3642.93	5378.99    	144.228	70592.3    
380	510   	3837.64	5541.4     	144.228	84880.4    
381	510   	4117.69	6691.99    	144.228	141655     
382	510   	4403.17	7717.03    	144.228	169446     
383	510   	4509.78	15416.4    	144.228	465865     
384	510   	4557.23	9384.2     	144.228	201214     
385	510   	4141.62	6134.32    	144.228	83224.3    
386	510   	3887.33	5062.56    	144.228	48861.4    
387	510   	4169.7 	6684.16    	138.147	135398     
388	510   	3996.14	5431.18    	144.228	65707.2    
389	510   	3898.09	4958.33    	144.228	48569.7    
390	510   	4349.65	11475.6    	144.228	314737     
391	510   	3885.98	4888.41    	144.228	41831.8    
392	510   	4169.32	5813.04    	144.228	88753.2    
393	510   	3796.71	5023.52    	144.228	54654.4    
394	510   	3904.1 	6230.44    	144.228	128304     
395	510   	4159   	5839.05    	144.228	84761.9    
396	510   	3919.5 	5189.6     	144.228	75964.1    
397	510   	3955.23	9286.57    	144.228	205984     
398	510   	4633.16	18630.7    	144.228	403874     
399	510   	4444.42	16207.9    	144.228	494810     
400	510   	3940.55	5700.34    	144.228	46815.5    
401	510   	4414.31	10526.8    	144.228	244554     
402	510   	3841.21	6340.14    	144.228	114466     
403	510   	3703.59	7422.54    	152.119	185521     
404	510   	3864.38	5002.46    	152.119	44464.8    
405	510   	3974.09	6037.27    	152.119	82919.3    
406	510   	3831.74	5730.56    	115.307	84885.1    
407	510   	3564.92	4559.52    	152.119	34678.6    
408	510   	3736.59	5010.16    	152.119	37419.6    
409	510   	4383.76	10827.6    	152.119	258146     
410	510   	4232.07	7138.07    	152.119	109112     
411	510   	4237.9 	8387.64    	152.119	174078     
412	510   	4100.34	5269.18    	141.019	41365.2    
413	510   	4058.23	5520.08    	141.019	70101.2    
414	510   	4058.22	5748.24    	141.019	49721.1    
415	510   	3995.2 	5975.2     	141.019	89557.5    
416	510   	3831.69	5198.81    	141.019	62059.4    
417	510   	4504.12	14678.5    	141.019	389564     
418	510   	3951.17	5336.03    	141.019	53711      
419	510   	4038.2 	6184.89    	141.019	102927     
420	510   	3937.59	6571.47    	152.119	134614     
421	510   	3978.6 	6300.19    	136.029	124895     
422	510   	4228.96	7967.5     	138.55 	152667     
423	510   	5699.65	59533.5    	138.55 	1.89807e+06
424	510   	4170.13	6485.66    	138.55 	88665.8    
425	510   	4362.37	14131.4    	138.55 	420463     
426	510   	3807.63	6661.31    	138.55 	156400     
427	510   	4358.99	7953.11    	138.55 	128385     
428	510   	8674.64	147415     	138.55 	4.71121e+06
429	510   	8637.11	147482     	138.55 	4.71121e+06
430	510   	4027.4 	5280.37    	138.55 	56658.7    
431	510   	3886.17	5872.4     	138.55 	91285.4    
432	510   	3782.51	4710.47    	138.55 	40792.1    
433	510   	127879 	3.93778e+06	138.55 	1.25825e+08
434	510   	5003.63	30596.6    	138.55 	951424     
435	510   	4827.59	30210.6    	138.55 	951424     
436	510   	4544.59	7797.86    	138.55 	98688.6    
437	510   	4219.34	5683.99    	138.55 	67127.7    
438	510   	4436.13	8056.31    	136.243	168346     
439	510   	3841.8 	5512.58    	136.243	67127.7    
440	510   	3945.07	5729.4     	136.243	56514.5    
441	510   	3736.53	5402.11    	136.243	92804.4    
442	510   	4346.82	7932.83    	136.243	178704     
443	510   	5725.49	45667      	136.243	1.44559e+06
444	510   	4137.24	6017.35    	136.243	87753.6    
445	510   	4136.44	8008.42    	136.243	196194     
446	510   	4050.52	5157.13    	136.243	36339.5    
447	510   	4173.11	5931.43    	136.243	62814.4    
448	510   	3883.84	5609.85    	136.243	88554.7    
449	510   	4194.21	7740.97    	136.243	112981     
450	510   	4053.16	5260.48    	136.243	40518.4    
451	510   	4173.26	8673.02    	136.243	189657     
452	510   	3994.79	8186.38    	136.243	172220     
453	510   	3811.08	4898.56    	136.243	52973.8    
454	510   	3986.25	5966.79    	136.243	67552.2    
455	510   	3949.11	4881.08    	136.243	51709.2    
456	510   	4118.79	5784.17    	136.243	77730.1    
457	510   	4534.51	10315.7    	136.243	256471     
458	510   	4469.3 	8529.25    	136.243	179345     
459	510   	4003.13	5924.3     	136.243	95430.4    
460	510   	3997.35	6783.59    	136.243	116615     
461	510   	4262.78	6601.07    	136.243	89695      
462	510   	4581.18	10109.5    	136.243	251590     
463	510   	3788.87	4707.24    	136.243	46898.8    
464	510   	3914.62	4774.48    	136.243	54331.7    
465	510   	3853.04	5309.34    	136.243	68634.2    
466	510   	4254.1 	5130.18    	136.243	39033.9    
467	510   	4217.33	7029.97    	136.243	94555.6    
468	510   	4290.9 	11704.1    	136.243	313544     
469	510   	4252.26	6061.33    	136.243	80764.6    
470	510   	4122.4 	6822.82    	136.243	124658     
471	510   	3869.96	5414.94    	136.243	88277.6    
472	510   	3900.28	4749.61    	136.243	37394.5    
473	510   	3732.39	5938.95    	136.243	134479     
474	510   	3790.04	4945.19    	136.243	55771.2    
475	510   	3886.57	5225.59    	136.243	54646.8    
476	510   	4071.01	9504.48    	136.243	249297     
477	510   	4379.84	6129.19    	136.243	103322     
478	510   	4149.87	11666.9    	136.243	247292     
479	510   	3875.66	5130.75    	136.243	49524.6    
480	510   	3820.66	5402.24    	136.243	102251     
481	510   	3865.79	9044.62    	136.243	246897     
482	510   	3837.97	6609.5     	136.243	144106     
483	510   	3820.95	5338.52    	136.243	61642      
484	510   	4495.41	8791.25    	136.243	139174     
485	510   	4071.4 	9757.3     	136.243	269343     
486	510   	4170.87	7308.21    	136.243	152733     
487	510   	3737.92	5420.57    	136.243	86182.9    
488	510   	5667.52	60934.4    	136.243	1.94512e+06
489	510   	3827.47	11181.6    	136.243	338154     
490	510   	4203.06	10681.6    	136.243	274131     
491	510   	4326.79	9854.98    	136.243	241236     
492	510   	4748.05	17541.7    	136.243	464314     
493	510   	4013.58	5248.84    	136.243	37517.7    
494	510   	3967.19	5334.75    	136.243	57462.6    
495	510   	4179.97	7685.51    	136.243	153217     
496	510   	4250.34	7391.01    	136.243	119301     
497	510   	4600.44	8034.15    	136.243	108723     
498	510   	4004.37	5404.23    	136.243	48901      
499	510   	4152.02	6033.81    	136.243	98828.1    
500	510   	3750.7 	5823.09    	136.243	98828.1    
Elapsed time: 21693 seconds (6h 1m 33s)
