
gen	nevals	avg    	std    	min    	max        
1  	120   	1175.46	1155.52	206.344	8641.76    
2  	120   	1213.99	1247.58	183.635	12730      
3  	120   	1005.9 	610.864	179.327	3435.11    
4  	120   	920.881	589.499	179.327	4003.54    
5  	120   	926.865	583.263	151.28 	4466.34    
6  	120   	928.76 	524.027	151.28 	3496.56    
7  	120   	766.033	491.941	144.224	3717.39    
8  	120   	751.317	467.625	170.255	2516       
9  	120   	770.113	493.919	93.5877	2606.53    
10 	120   	810.105	542.472	111.311	3337.63    
11 	120   	807.846	554.247	90.1163	2777.24    
12 	120   	998.299	599.528	90.1163	4889.29    
13 	120   	945.594	733.027	72.0426	8011.64    
14 	120   	934.651	567.953	69.4742	2606.53    
15 	120   	877.626	552.07 	69.4742	2927.25    
16 	120   	880.199	592.289	69.4742	4286.64    
17 	120   	760.358	790.826	69.4742	9875.96    
18 	120   	768.373	595.678	61.6299	3175.45    
19 	120   	769.511	675.397	61.6299	6380.81    
20 	120   	698.594	662.942	61.6299	5971.78    
21 	120   	677.577	649.661	61.6299	5073.41    
22 	120   	687.214	602.455	61.6299	5129.03    
23 	120   	724.235	673.325	47.918 	6790.82    
24 	120   	606.143	543.272	47.918 	2662.34    
25 	120   	673.3  	499.578	47.918 	3322.11    
26 	120   	640.405	564.783	47.918 	3596.12    
27 	120   	507.439	497.839	47.918 	2619.5     
28 	120   	659.077	649.146	47.918 	4676.59    
29 	120   	529.003	523.737	47.918 	3409.88    
30 	120   	615.419	740.916	47.918 	6629.94    
31 	120   	482.723	450.004	47.918 	2310.98    
32 	120   	675.305	658.912	56.4636	6005.44    
33 	120   	517.731	734.847	56.4636	9335.96    
34 	120   	859.719	6264.11	48.4749	97376.1    
35 	120   	857.402	6260.76	48.4749	97376.1    
36 	120   	445.254	629.976	39.1978	7091.79    
37 	120   	455.404	545.509	39.1978	4575.8     
38 	120   	450.07 	552.957	39.1978	3336.12    
39 	120   	495.447	640.416	39.1978	6884.25    
40 	120   	442.143	515.422	39.1978	3731.43    
41 	120   	567.553	552.653	39.1978	4354.24    
42 	120   	465.73 	507.565	39.1978	2621.39    
43 	120   	460.355	668.343	41.518 	7697.3     
44 	120   	335.554	427.447	36.738 	2586.85    
45 	120   	499.569	798.665	36.738 	10106.6    
46 	120   	374.182	436.957	36.738 	2282.68    
47 	120   	453.309	606.74 	34.8129	4962.93    
48 	120   	387.308	547.646	34.6213	5740.94    
49 	120   	377.224	446.515	34.8129	2972.73    
50 	120   	387.899	479.249	27.1091	2486.5     
51 	120   	418.767	560.234	27.1091	3446.38    
52 	120   	424.585	723.213	27.1091	8594.08    
53 	120   	1908.91	23350.7	27.1091	362819     
54 	120   	378.84 	466.414	27.1091	2614.89    
55 	120   	378.704	526.76 	26.6599	4344.39    
56 	120   	352.092	409.478	26.6599	2388.19    
57 	120   	325.405	412.009	26.6599	1855.73    
58 	120   	382.286	389.701	27.1091	2409.7     
59 	120   	375.819	460.594	27.1091	4418.26    
60 	120   	376.139	493.151	24.8878	4145.08    
61 	120   	382.702	741.575	24.8878	8602.1     
62 	120   	348.183	422.103	24.8878	2593.3     
63 	120   	354.337	425.809	24.8878	2566.55    
64 	120   	360.857	453.519	24.8878	2324.66    
65 	120   	439.061	1188.42	24.8878	17330.1    
66 	120   	362.77 	435.465	24.8878	1895.89    
67 	120   	392.465	432.176	24.8878	2109.87    
68 	120   	404.137	1030.59	24.8878	14555.3    
69 	120   	341.694	773.583	24.8878	10979.1    
70 	120   	427.41 	358.157	24.8878	1438.6     
71 	120   	506.291	503.126	24.8878	4749.58    
72 	120   	468.922	472.797	24.8878	2292.48    
73 	120   	457.871	437.252	24.8878	1917.58    
74 	120   	375.462	425.605	24.8878	2640.08    
75 	120   	346.83 	442.191	24.2155	2216.09    
76 	120   	340.406	444.29 	24.2155	3950.66    
77 	120   	455.43 	864.251	24.2155	9752.39    
78 	120   	341.69 	482.567	24.2155	4575.72    
79 	120   	392.833	611.317	24.2155	6881.25    
80 	120   	330.007	408.165	24.2155	2225.28    
81 	120   	342.695	526.071	24.2155	5364.73    
82 	120   	309.897	445.63 	24.2155	3163.68    
83 	120   	333.25 	446.968	23.826 	3253.17    
84 	120   	358.902	487.862	23.826 	3708.51    
85 	120   	343.163	433.586	24.2155	2819.22    
86 	120   	402.463	678.946	24.2155	8141.23    
87 	120   	289.004	357.615	24.2155	1940.26    
88 	120   	380.401	593.6  	24.2155	6192.52    
89 	120   	332.979	380.428	24.2155	1895.48    
90 	120   	373.281	641.311	24.2155	5961.86    
91 	120   	308.525	390.085	24.2155	1979.42    
92 	120   	346.593	396.8  	24.2155	2487.17    
93 	120   	369.1  	729.842	24.2155	9339.55    
94 	120   	342.904	397.963	24.2155	2227.38    
95 	120   	344.597	539.825	24.2155	5938.27    
96 	120   	313.314	392.208	24.2155	1544.75    
97 	120   	575.563	536.785	24.2155	5275.24    
98 	120   	436.174	394.739	24.2155	2039.2     
99 	120   	382.644	385.869	24.2155	1524.5     
100	120   	347.494	429.238	24.037 	3025.97    
101	120   	341.318	439.679	24.2155	3514.85    
102	120   	350.897	439.043	24.2155	1958.4     
103	120   	352.707	428.393	24.2155	2598.27    
104	120   	339.89 	382.617	24.2155	1753.88    
105	120   	332.321	394.112	24.2155	1934.32    
106	120   	318.068	402.373	24.2155	2383.16    
107	120   	510.419	421.408	24.2155	2055.78    
108	120   	432.711	446.09 	26.5721	2421.74    
109	120   	390.885	460.794	26.5721	2380.31    
110	120   	385.021	581.897	26.5721	5510.17    
111	120   	339.224	417.74 	26.5721	2147.48    
112	120   	399.843	785.369	26.836 	10437.7    
113	120   	337.204	481.184	25.9862	3275.19    
114	120   	382.701	511.369	26.836 	3016.05    
115	120   	374.51 	551.042	26.836 	6051.1     
116	120   	367.534	472.514	26.836 	3081.03    
117	120   	310.246	440.894	26.836 	3349.65    
118	120   	332.225	454.882	24.767 	2478.96    
119	120   	319.875	460.313	24.767 	2908       
120	120   	329.016	438.922	24.767 	2370.68    
121	120   	344.542	556.524	24.767 	6007.66    
122	120   	336.906	394.511	24.767 	1706.51    
123	120   	351.692	429.926	24.767 	2902.67    
124	120   	389.473	518.343	24.767 	4495.75    
125	120   	355.824	475.427	24.767 	3002.07    
126	120   	425.005	1367.17	24.767 	20505.2    
127	120   	380.45 	544.741	24.767 	4050.32    
128	120   	319.453	440.992	24.767 	4023.62    
129	120   	386.071	576.019	26.836 	4899.2     
130	120   	325.53 	456.916	26.836 	4573.09    
131	120   	323.696	432.249	26.836 	3081.93    
132	120   	375.395	467.792	25.4766	2867.44    
133	120   	346.518	529.197	25.4766	4585.93    
134	120   	326.012	407.764	26.836 	2083.56    
135	120   	410.835	535.587	26.836 	4336.7     
136	120   	370.753	432.086	26.836 	2830.15    
137	120   	404.659	580.901	26.836 	4489.41    
138	120   	1026.45	10344.5	24.3578	160806     
139	120   	386.359	557.307	26.836 	5465.56    
140	120   	317.244	391.53 	26.836 	1699.36    
141	120   	504.204	958.813	26.6152	12014.7    
142	120   	355.303	448.543	26.0966	3914.18    
143	120   	336.527	427.781	26.0966	2390.07    
144	120   	375.034	523.107	26.6152	4606.41    
145	120   	343.374	482.517	26.6152	3869.23    
146	120   	365.649	470.557	26.6152	3083.92    
147	120   	335.202	397.233	26.6152	1696.63    
148	120   	346.315	495.545	26.6152	3525.19    
149	120   	20090.1	305454 	26.6152	4.74228e+06
150	120   	345.264	466.836	24.4389	2624.76    
151	120   	353.198	597.411	24.4389	6555.3     
152	120   	396.241	576.47 	24.4389	3760.53    
153	120   	311.891	429.457	24.4389	3464.64    
154	120   	326.561	423.645	24.4389	2786.79    
155	120   	337.127	425.468	24.4389	2686.82    
156	120   	359.676	472.876	24.4389	2527.86    
157	120   	306.475	378.017	24.4389	2705.61    
158	120   	282.136	414.777	24.4389	3407.29    
159	120   	347.4  	495.101	24.4389	4348.32    
160	120   	373.907	591.357	24.4389	6433.43    
161	120   	376.271	552.758	24.4389	6419.38    
162	120   	361.903	499.014	24.4389	4020.75    
163	120   	334.64 	404.808	24.4389	2155.26    
164	120   	322.357	427.473	24.4389	2206.96    
165	120   	326.346	390.226	23.9711	1785.35    
166	120   	366.803	590.287	23.9711	6892.62    
167	120   	400.794	511.016	24.4389	3143.72    
168	120   	413.534	981.103	24.4389	13414.7    
169	120   	427.936	536.295	24.2548	5272.39    
170	120   	418.356	702.991	24.2548	8194.9     
171	120   	379.026	490.666	24.4389	3405.63    
172	120   	375.617	439.389	25.621 	2472.13    
173	120   	342.288	441.363	27.2934	3028.69    
174	120   	320.415	424.689	26.6361	2810.25    
175	120   	334.719	455.286	26.6361	3023.44    
176	120   	372.077	535.789	24.2075	3756.69    
177	120   	366.338	716.409	24.2075	9236.48    
178	120   	351.442	458.698	24.7536	2845.35    
179	120   	362.288	904.695	24.7536	12601.5    
180	120   	310.873	383.897	24.7536	1702.22    
181	120   	420.168	411.372	24.7536	2030.57    
182	120   	406.479	444.979	24.7536	1945.58    
183	120   	401.53 	520.823	26.5607	3508.86    
184	120   	407.041	734.342	26.5607	7491.95    
185	120   	345.885	444.61 	26.5607	2360.19    
186	120   	339.951	449.057	24.3357	3291.94    
187	120   	347.588	389.386	24.3357	1726.06    
188	120   	539.413	439.842	26.5607	2368.38    
189	120   	480.433	856.66 	26.5607	11953.7    
190	120   	408.878	563.042	26.5607	5961.86    
191	120   	304.68 	360.631	27.9498	1639.85    
192	120   	325.254	430.579	26.9755	2754.05    
193	120   	358.512	484.682	27.9498	3951.63    
194	120   	400.86 	514.896	27.9498	3244.27    
195	120   	354.581	446.242	27.9498	3234.97    
196	120   	331.843	489.266	27.1814	5052.69    
197	120   	351.654	489.775	26.9118	3311.58    
198	120   	364.3  	637.79 	26.4896	7985.44    
199	120   	322.772	465.43 	26.4896	2802.73    
200	120   	361.378	921.439	25.3823	13466.6    
Elapsed time: 724 seconds (0h 12m 4s)
