
gen	nevals	avg    	std    	min    	max    
1  	510   	4645.53	35.2393	4566.91	5334.86
2  	510   	4645.55	32.3392	4566.91	5334.86
3  	510   	4629.71	54.5206	4566.91	5334.86
4  	510   	4615.42	62.3838	4562.68	5334.86
5  	510   	4594.47	29.1165	4548.52	5334.86
6  	510   	4583.19	15.6742	4547.26	4690.85
7  	510   	4578.53	16.1543	4532.69	4653.63
8  	510   	4574.97	21.3409	4530.29	4911.97
9  	510   	4569.73	59.5991	3246.82	4682.42
10 	510   	4558.44	99.4225	3205.98	4687.85
11 	510   	4529.7 	277.754	678.894	4652.06
12 	510   	4445.86	521.243	540.065	4691.23
13 	510   	4269.96	800.52 	540.065	4693.96
14 	510   	3925.61	1169.97	470.223	4693.62
15 	510   	3256.85	1508.17	392.344	4694.68
16 	510   	2604.65	1662.56	392.344	4691.84
17 	510   	2310.87	1660.45	392.344	4681.61
18 	510   	2200.75	1615.76	286.552	4661.17
19 	510   	1947.74	1599.36	270.367	4656.49
20 	510   	1940.98	1642.35	270.367	4678.39
21 	510   	1928.25	1653.83	247.372	4723.41
22 	510   	1880.8 	1655.06	247.372	4700.08
23 	510   	1802.72	1681.23	211.578	4664.64
24 	510   	1784.56	1674.55	211.578	8404.35
25 	510   	1829.84	1742.38	213.102	4672.69
26 	510   	1837.79	1724.32	213.102	4757.39
27 	510   	1674.15	1693.9 	213.102	4790.44
28 	510   	1662.77	1694.81	213.102	4693.6 
29 	510   	1710.53	1717.28	212.262	4657.14
30 	510   	1677.28	1690.94	168.39 	7047.74
31 	510   	1624.86	1726.28	147.048	4647.54
32 	510   	1922.85	7401.5 	147.048	231480 
33 	510   	1771.38	1782.1 	147.048	13669.3
34 	510   	1718.26	1666.76	147.048	6530.72
35 	510   	1679.93	1673.98	147.048	4677.86
36 	510   	1629.03	1650.18	147.048	5834.55
37 	510   	1646.13	1685.65	147.048	8982.12
38 	510   	1694.2 	1737.84	147.048	4671.93
39 	510   	1620.71	1732.06	147.048	4778.89
40 	510   	1599.13	1660   	138.857	4654.54
41 	510   	1609.8 	1696.52	138.857	4657.09
42 	510   	1745.43	1770.09	138.857	4668.7 
43 	510   	1982.63	9008.76	124.851	277382 
44 	510   	1639.59	1697.83	138.857	4661.57
45 	510   	1712.57	1708.96	138.857	4649.39
46 	510   	1538.11	1632.91	138.857	4657.64
47 	510   	1641.45	1690.73	138.857	4656.45
48 	510   	1630.09	1879.48	138.857	23738.2
49 	510   	1647.95	1713.33	138.857	4682.12
50 	510   	1567.91	1794.13	138.857	23052.2
51 	510   	1622.64	1837.55	138.857	23052.2
52 	510   	1451.02	1655.59	138.857	14976  
53 	510   	1834.11	1964.28	138.857	23932.1
54 	510   	1816.23	4046.19	138.857	118225 
55 	510   	1727.89	2060.49	138.857	37370.2
56 	510   	1744.26	2543.03	138.857	61498.7
57 	510   	1792.52	2738.58	138.857	63822.1
58 	510   	2057.8 	1834.16	138.857	4670.84
59 	510   	1739.02	1759.98	138.857	6266.64
60 	510   	1757.48	1787.19	138.857	6266.64
61 	510   	2324.74	1984.13	138.857	22923.7
62 	510   	1803.8 	1810.47	138.857	18948.8
63 	510   	1649.82	1713.71	138.857	4697.01
64 	510   	1648   	1758.17	138.857	11452.5
65 	510   	1548.92	1774.78	138.857	12960.8
66 	510   	2077.47	1901.17	138.857	4680.17
67 	510   	1720.29	2165.43	138.857	41211.5
68 	510   	1781.77	2013.32	138.857	27943.3
69 	510   	1904.48	1844.86	138.857	4669.94
70 	510   	1810.64	3745.86	138.857	107231 
71 	510   	2383.3 	5015.88	138.857	107231 
72 	510   	1925.41	1811.25	143.713	4856.82
73 	510   	1805.92	1817.28	143.713	4979.09
74 	510   	1761.7 	1807.48	143.713	10947.4
75 	510   	1717.2 	1741.32	143.713	4649.1 
76 	510   	1672.14	1796.18	143.713	14701.3
77 	510   	1572.11	1697.11	143.362	4712.69
78 	510   	1717.41	1737.71	143.362	4683.55
79 	510   	1710.8 	1836.16	143.713	22194.5
80 	510   	1538.02	1731.45	143.713	22194.5
81 	510   	1846.33	1789.94	143.713	13626.1
82 	510   	1705.25	2628.91	143.713	58663.6
83 	510   	1642.64	1766.71	143.713	5968.45
84 	510   	1619.91	1732.2 	143.713	8908.63
85 	510   	2124.91	3090.03	143.713	80204.1
86 	510   	2007.19	3973.13	143.713	80204.1
87 	510   	1718.58	1915.74	143.713	28663.4
88 	510   	1730.42	1760.94	143.713	7836.01
89 	510   	2213.66	9947.2 	143.713	309676 
90 	510   	2554.24	6874.68	143.713	213804 
91 	510   	1872.83	1759.27	127.455	4823.95
92 	510   	1739.04	1759.58	127.455	4670.18
93 	510   	1608.69	1698.47	143.713	4690.87
94 	510   	1499.58	1639.55	143.713	7812.97
95 	510   	1754.72	5566.79	142.599	170020 
96 	510   	1851.8 	1776.7 	142.599	5789.3 
97 	510   	1647.93	1757.15	143.713	8220.55
98 	510   	1600.24	1768.64	143.713	13358.3
99 	510   	1586.13	1679.72	143.713	4647.97
100	510   	1585.3 	1695.69	143.713	4660.85
101	510   	1881.27	1751.62	143.713	4690.77
102	510   	1726.27	1766.13	143.713	11827.9
103	510   	1896.13	1922.97	134.055	25907.1
104	510   	1554.05	1720.59	134.055	13745.1
105	510   	1704.02	1711.95	127.097	4741.65
106	510   	1557.38	1694.02	127.097	4648.37
107	510   	1601.42	1684.4 	127.097	4658.47
108	510   	1656.82	1758   	127.097	9956.97
109	510   	1839.21	1856.77	127.097	18168.2
110	510   	2235.2 	9266.36	127.097	289613 
111	510   	2481.77	12940  	127.097	289613 
112	510   	2021.95	1921.28	123.38 	18614  
113	510   	1960.12	1816.74	123.38 	4726.55
114	510   	1756.51	1886.84	123.38 	22178.2
115	510   	1760.72	1805.06	123.38 	4650.52
116	510   	2105.99	1853.17	123.38 	5386.19
117	510   	1828.64	1754.01	123.38 	8998.68
118	510   	1734.16	1777.24	123.38 	4819.7 
119	510   	1929.28	1806.22	123.38 	4659.78
120	510   	1987.67	2216.55	123.38 	38072.7
121	510   	1780.83	1737.91	123.38 	7086.05
122	510   	1717.32	1759.2 	123.38 	4691.76
123	510   	2087.18	2001.55	123.38 	27099.4
124	510   	1787.63	1766.15	123.38 	6990.17
125	510   	1729.62	1776.66	123.38 	12097.8
126	510   	1736   	1742   	123.38 	4716.86
127	510   	1741.81	1789.45	123.38 	4707.04
128	510   	2016.24	1832.16	123.38 	6069.01
129	510   	1924.53	4033.96	123.38 	115965 
130	510   	1973.19	4240.68	123.38 	124363 
131	510   	1877.23	1953.04	123.38 	24697.9
132	510   	1876.94	6263.16	123.38 	193650 
133	510   	1749.57	2184.51	123.38 	42149.6
134	510   	1681.76	2458.98	123.38 	42149.6
135	510   	1749.66	3461.95	123.38 	98166.4
136	510   	1555.77	1680.13	123.38 	6252.06
137	510   	1623.93	5509.04	123.38 	131501 
138	510   	1762.11	3294.81	123.38 	89843.5
139	510   	1597.2 	1711.87	123.38 	9658.97
140	510   	1775.06	2395.32	123.38 	53766.8
141	510   	1982.3 	1802.3 	123.38 	4705.49
142	510   	1860.13	4177.24	123.38 	121220 
143	510   	2206.33	4178.69	123.38 	121220 
144	510   	1769.38	1818.39	123.38 	4804.92
145	510   	2298.68	2547.4 	123.38 	56691.2
146	510   	2065.58	1915.13	123.38 	10274.2
147	510   	2103.9 	1949.94	123.38 	21357.4
148	510   	1701.98	1752.65	123.38 	4687.5 
149	510   	1953.35	6743.65	123.38 	203228 
150	510   	2110.63	1912.45	123.38 	5751.48
151	510   	1854.33	2140.97	123.38 	36125.7
152	510   	1896.05	1999.52	121.228	18660.9
153	510   	1841.78	1823.73	121.228	7845.1 
154	510   	1875.04	1876.4 	121.228	4695.67
155	510   	1729.18	2232.39	121.228	44721.3
156	510   	2463.92	4934.04	113.08 	144492 
157	510   	1989.04	2312.9 	121.228	48719.2
158	510   	1847.3 	1849.95	100.266	14803.3
159	510   	2007.52	2814.06	121.228	70001.7
160	510   	1806.16	1768.29	121.228	5189.42
161	510   	1660.4 	2241.88	121.228	49404  
162	510   	2055.57	2807.2 	121.228	49404  
163	510   	2072.75	1865.17	121.228	4649.02
164	510   	1864.33	3400.93	121.228	93137.4
165	510   	2516.96	3407.94	121.228	93137.4
166	510   	1936.9 	4898.35	121.228	114260 
167	510   	1647.94	1749.53	121.228	16094.2
168	510   	1627.35	1878.66	121.228	23213  
169	510   	1844.73	2048.05	121.228	32970  
170	510   	1729.56	1902.65	121.228	23569.6
171	510   	1684.3 	1800.75	121.228	12148.9
172	510   	1870.32	1865.33	129.764	7596.66
173	510   	1927.83	1870.09	129.764	17229.9
174	510   	1782.14	2009.19	129.764	37410.2
175	510   	1793.69	1995.46	129.764	27976.7
176	510   	1812.86	1999.49	166.877	35147.7
177	510   	1693.25	1702.15	166.877	11144.8
178	510   	1752.81	5539.19	166.877	170233 
179	510   	1625.39	1702.16	166.877	9287.95
180	510   	1775.71	1743.08	166.877	4665.65
181	510   	1561.73	1644.74	166.877	4672.72
182	510   	1623.89	1708.76	154.914	4666.66
183	510   	1503.1 	1609.07	154.914	4684.01
184	510   	1598.58	1670.03	153.722	4673.41
185	510   	1593.26	1681.54	153.722	4670.06
186	510   	1728.26	4325.97	153.722	127458 
187	510   	1783.06	5801.34	153.722	127458 
188	510   	1731.1 	4301.6 	153.722	127458 
189	510   	1593.23	1655.43	153.722	4724.57
190	510   	1761.52	1774.14	153.722	5434.36
191	510   	1939.67	2377.74	166.877	51539.7
192	510   	1947.79	7585.15	166.877	237890 
193	510   	1842.86	3155.73	166.877	85451.5
194	510   	1902.64	6782.44	166.877	211316 
195	510   	1826   	2375.56	166.877	53942.3
196	510   	2225.03	9899.15	166.877	288418 
197	510   	2135.53	3646.9 	143.639	56542.6
198	510   	1713.85	2064.03	143.639	35877.1
199	510   	1810.66	1904.1 	143.639	15757.7
200	510   	1744.31	2102.72	143.639	37192.3
Elapsed time: 11497 seconds (3h 11m 37s)
