
gen	nevals	avg    	std    	min    	max    
1  	280   	19301.6	10789.6	12129.6	187361 
2  	280   	18969  	8097.7 	12129.6	187361 
3  	280   	14946.2	4900.48	12129.6	85780.5
4  	280   	13227.6	6299.01	12112.7	151012 
5  	280   	12771.2	2105.88	12112.7	21000  
6  	280   	12567.6	1761.83	12095.1	21000  
7  	280   	12345.1	1193.32	8314.91	21000  
8  	280   	12412.2	3321.56	8314.91	88255.2
9  	280   	12225.8	1090.18	8314.91	21000  
10 	280   	12104.4	1118.33	1977.82	21000  
11 	280   	11887.7	1553.86	1374.02	21000  
12 	280   	11459  	4519.45	1268.47	94170.7
13 	280   	9930.39	4947.76	1180.29	94170.7
14 	280   	7906.15	4046.34	1128.16	21000  
15 	280   	6421.37	4524.33	1128.16	21000  
16 	280   	5298.04	4773.73	1012.79	38773.5
17 	280   	5015.88	4636.96	946.998	21000  
18 	280   	4779.88	4560   	917.672	21000  
19 	280   	5182.15	4788.22	878.558	23603.1
20 	280   	5107.9 	5444.87	749.759	65454  
21 	280   	4767.64	4712.85	749.759	21000  
22 	280   	4680.54	4563.77	749.759	21000  
23 	280   	4769.48	4873.09	749.759	21000  
24 	280   	4813.59	4836.17	749.759	21000  
25 	280   	4526.57	4812.23	677.934	21000  
26 	280   	4688.1 	4997.48	719.165	21000  
27 	280   	4593   	4991.52	719.165	21000  
28 	280   	4722.39	4976.1 	719.165	22092.2
29 	280   	4493.57	4913.87	719.165	21000  
30 	280   	4352.69	4723.9 	715.108	21000  
31 	280   	4475.02	4971.25	715.108	21000  
32 	280   	4668.03	5112.56	715.108	40496.5
33 	280   	4528.11	5026.96	713.905	21000  
34 	280   	4702.58	4957.53	713.905	21000  
35 	280   	4492.82	4972.99	713.905	21000  
36 	280   	4450.63	4864.2 	713.905	21000  
37 	280   	4572.02	5137.38	713.905	21000  
38 	280   	4316.78	4848.26	671.35 	21000  
39 	280   	4487.2 	4851.74	671.35 	22177.9
40 	280   	4296.95	4799.66	671.35 	21000  
41 	280   	4875.92	6624.22	671.35 	95339.9
42 	280   	4931.29	5332.29	671.35 	41283.9
43 	280   	4501.51	5098.41	671.35 	22904  
44 	280   	4853.98	5236.41	671.35 	24953.4
45 	280   	4792.1 	5036.25	671.35 	21000  
46 	280   	5050.39	9588.5 	670.124	178754 
47 	280   	4743.66	5043.14	664.704	21000  
48 	280   	5031.58	5266.31	670.124	21000  
49 	280   	5076.69	5225.14	670.124	21336.4
50 	280   	4913.4 	5358.8 	670.124	41415.7
Time elapsed: 2877 seconds.


Batch Job Summary Report (version 21.01.1) for Job "bpopt" (48945123) on daint

Job information (1/2)
-----------------------------------------------------------------------------------------------------
             Submit            Eligible               Start                 End    Elapsed Time limit
------------------- ------------------- ------------------- ------------------- ---------- ----------
2023-09-14T11:17:56 2023-09-14T11:17:56 2023-09-14T11:17:59 2023-09-14T12:07:13   00:49:14   23:59:00
-----------------------------------------------------------------------------------------------------

Job information (2/2)
-------------------------------------------------------------
    Username      Account    Partition   NNodes        Energy
------------ ------------ ------------ -------- -------------
    bp000145       ich030       normal        8   3692.749 kJ

