
gen	nevals	avg    	std    	min    	max    
1  	140   	1768.2 	758.173	1054.17	6025.71
2  	140   	1794.4 	872.014	1002.42	7388.12
3  	140   	1597.83	483.543	960.963	5130.22
4  	140   	1613.57	508.675	891.185	5672.24
5  	140   	1512.02	449.956	891.185	4186.19
6  	140   	1493.98	462.448	487.406	4391.19
7  	140   	1409.51	664.531	529.778	8686.85
8  	140   	1337.24	592.591	472.843	5395.86
9  	140   	1271.1 	588.086	436.189	5145.49
10 	140   	1211.27	725.282	292.2  	6632.09
11 	140   	1097.08	531.796	322.004	3977.81
12 	140   	1035.21	488.114	230.059	2862.8 
13 	140   	915.995	495.687	316.307	3624.81
14 	140   	908.992	525.665	241.147	3959.45
15 	140   	862.719	511.491	211.745	2852.59
16 	140   	896.85 	1184.35	211.745	18902.9
17 	140   	796.487	504.611	198.201	2572.55
18 	140   	793.726	542.353	187.689	3299.64
19 	140   	771.132	553.894	187.689	4157.47
20 	140   	688.274	540.605	187.689	4775.64
21 	140   	685.919	482.422	187.689	2375.36
22 	140   	683.135	461.245	196.21 	2243.52
23 	140   	753.477	613.55 	196.21 	6537.31
24 	140   	747.266	558.866	189.181	3750.72
25 	140   	678.365	490.485	189.181	2765.94
26 	140   	749.27 	560.925	189.181	3204.88
27 	140   	669.541	454.407	185.429	2565.73
28 	140   	718.38 	456.387	189.181	3078.27
29 	140   	714.186	530.434	189.181	2859.86
30 	140   	699.864	456.318	189.181	2210.78
31 	140   	1016.72	4856.03	189.181	81693.9
32 	140   	746.069	524.598	189.181	3666.26
33 	140   	861.09 	1583.84	189.181	26011.6
34 	140   	727.856	488.72 	189.538	2487.27
35 	140   	747.912	498.644	198.2  	2367.83
36 	140   	719.783	511.911	198.2  	2407.03
37 	140   	707.16 	484.176	194.711	2005.5 
38 	140   	723.591	464.77 	191.409	2488.81
39 	140   	775.811	519.87 	191.409	2744.79
40 	140   	761.151	495.1  	191.409	3360.98
41 	140   	730.822	509.024	191.409	3126.43
42 	140   	733.877	510.943	191.409	3145.41
43 	140   	834.604	802.124	191.409	9912.78
44 	140   	713.339	502.554	191.409	2876.77
45 	140   	682.228	522.745	191.409	2484.08
46 	140   	683.888	509.799	191.409	2357.4 
47 	140   	768.149	562.686	191.409	4643.25
48 	140   	708.679	471.741	191.409	2117.8 
49 	140   	685.997	551.606	191.409	5391.8 
50 	140   	689.535	476.67 	191.409	2606.56
51 	140   	718.447	544.22 	191.409	3453.62
52 	140   	788.376	574.304	191.409	5476.41
53 	140   	739.701	494.033	191.409	2029.68
54 	140   	776.448	567.147	192.962	5618.85
55 	140   	733.575	531.003	194.123	4650.48
56 	140   	740.813	810.295	190.638	11371.9
57 	140   	747.041	537.419	194.123	4188.4 
58 	140   	691.346	516.228	194.123	3313.51
59 	140   	701.169	534.143	194.123	3606.41
60 	140   	659.811	432.645	189.698	2219.68
61 	140   	826.119	557.289	189.698	2988.26
62 	140   	752.798	540.191	189.403	3363.3 
63 	140   	776.262	1172.52	187.723	18403.6
64 	140   	711.501	504.125	187.723	2518.83
65 	140   	661.364	518.737	189.698	4250.54
66 	140   	719.631	566.246	189.698	3309.96
67 	140   	726.148	464.106	190.116	2467.93
68 	140   	750.879	530.568	190.116	2861.9 
69 	140   	702.716	533.16 	193.495	3687.23
70 	140   	735.626	534.902	192.565	3628.9 
71 	140   	697.607	559.237	192.565	3400.67
72 	140   	650.559	519.541	193.495	3400.67
73 	140   	670.829	504.892	200.414	2960.32
74 	140   	665.605	502.183	200.414	2574.75
75 	140   	660.863	551.054	200.414	3556.09
76 	140   	658.438	538.244	195.355	3130.05
77 	140   	730.488	554.276	189.846	3430.13
78 	140   	694.666	529.97 	189.846	2890.76
79 	140   	697.156	552.884	195.355	3320.67
80 	140   	765.859	544.478	195.355	2745.69
81 	140   	743.565	598.389	156.989	4654.66
82 	140   	662.013	641.083	156.989	7843.62
83 	140   	717.826	543.289	191.984	2944.8 
84 	140   	739.804	559.528	191.984	2887.55
85 	140   	736.217	588.661	191.984	4185.7 
86 	140   	657.354	524.077	187.872	3447.05
87 	140   	725.46 	511.437	187.872	2805.87
88 	140   	669.485	541.621	189.39 	3602.21
89 	140   	740.797	604.879	189.39 	4462.73
90 	140   	771.316	512.625	181.005	2516.79
91 	140   	682.637	546.891	189.39 	4946.05
92 	140   	718.829	514.253	189.39 	2983.13
93 	140   	681.508	512.211	185.496	2329.46
94 	140   	818.517	549.024	185.496	3362.2 
95 	140   	741.556	577.649	185.496	3116.21
96 	140   	691.317	549.518	185.496	4381.92
97 	140   	757.995	624.928	177.836	4165.04
98 	140   	776.684	1197.86	177.836	18678.9
99 	140   	755.347	564.737	177.836	3378.57
100	140   	752.577	702.876	176.226	6947.04
Time elapsed: 827 seconds.


Batch Job Summary Report (version 21.01.1) for Job "bpopt" (46759871) on daint

Job information (1/2)
-----------------------------------------------------------------------------------------------------
             Submit            Eligible               Start                 End    Elapsed Time limit
------------------- ------------------- ------------------- ------------------- ---------- ----------
2023-05-22T11:52:45 2023-05-22T11:52:45 2023-05-22T11:52:51 2023-05-22T12:07:47   00:14:56   00:59:00
-----------------------------------------------------------------------------------------------------

Job information (2/2)
-------------------------------------------------------------
    Username      Account    Partition   NNodes        Energy
------------ ------------ ------------ -------- -------------
    bp000145       ich030       normal        4    634.296 kJ

