
gen	nevals	avg    	std    	min    	max    
1  	140   	534.222	324.119	64.5156	1954.35
2  	140   	526.371	393.164	58.3223	4514.69
3  	140   	319.549	325.112	47.8585	4514.69
4  	140   	263.081	310.33 	47.8585	4514.69
5  	140   	255.239	271.682	38.1621	2953.65
6  	140   	232.363	225.533	29.6385	1895.38
7  	140   	231.209	207.322	29.6385	1175.91
8  	140   	228.796	431.658	29.3166	6638.97
9  	140   	158.853	154.179	27.5339	1276.34
10 	140   	145.101	132.107	25.3382	779.552
11 	140   	171.272	164.55 	23.9689	1699.33
12 	140   	141.592	127.617	25.9982	610.217
13 	140   	146.755	147.076	22.7533	921.694
14 	140   	192.578	989.617	22.7533	16604.1
15 	140   	236.443	1088.69	22.7533	16604.1
16 	140   	138.182	150.199	22.7533	1191.7 
17 	140   	133.816	151.052	21.2375	946.794
18 	140   	141.844	150.469	21.4231	684.365
19 	140   	201.134	193.955	21.4231	1390.55
20 	140   	171.334	133.014	21.4231	728.701
21 	140   	137.353	132.362	21.4231	835.73 
22 	140   	137.307	140.642	21.4231	935.869
23 	140   	228.363	208.519	22.8562	2167.15
24 	140   	164.999	184.587	21.9505	1947.17
25 	140   	172.771	263.051	21.8417	3159.84
26 	140   	128.81 	123.965	21.8187	577.174
27 	140   	122.479	118.499	21.8417	638.206
28 	140   	117.298	129.574	21.8417	896.985
29 	140   	193.689	598.574	21.4786	9874.31
30 	140   	134.643	131.649	22.7655	662.168
31 	140   	160.495	258.373	21.9242	3730.38
32 	140   	165.077	200.074	22.7655	1910.6 
33 	140   	147.963	299.108	22.756 	3717.28
34 	140   	159.858	283.222	22.756 	3494.02
35 	140   	126.559	179.821	22.756 	2119.11
36 	140   	117.647	131.081	23.5115	866.163
37 	140   	132.301	179.482	23.5115	1752.98
38 	140   	188.917	221.395	23.5115	1752.98
39 	140   	143.558	150.647	21.6814	775.592
40 	140   	139.298	201.219	21.6814	2612.97
41 	140   	141.117	130.463	21.6814	632.224
42 	140   	137.584	164.329	21.6814	1601.05
43 	140   	222.461	181.886	21.7103	1601.05
44 	140   	155.084	141.627	21.7103	717.66 
45 	140   	138.19 	143.176	21.7103	832.577
46 	140   	162.112	159.377	21.7103	963.731
47 	140   	133.996	158.491	21.5704	1329.81
48 	140   	125.731	145.598	21.4869	828.438
49 	140   	133.305	177.345	21.4869	2477.68
50 	140   	149.913	334.746	21.1909	5238.47
51 	140   	132.083	131.343	21.1909	728.439
52 	140   	128.372	155.504	21.1909	1859.66
53 	140   	150.018	425.591	21.4331	6935.19
54 	140   	161.952	194.924	21.4331	1819.64
55 	140   	129.738	137.224	21.4331	709.175
56 	140   	127.393	135.782	21.2179	1002.58
57 	140   	173.605	322.002	21.2179	4645.87
58 	140   	128.086	143.114	21.2179	1021.83
59 	140   	133.245	131.539	21.2179	653.809
60 	140   	127.332	203.957	20.8786	2354.09
61 	140   	173.627	426.767	20.9794	6203.46
62 	140   	120.191	137.829	20.9794	908.241
63 	140   	122.522	125.436	20.9794	600.843
64 	140   	162.539	255.58 	20.9794	3422.79
65 	140   	106.777	127.11 	21.2179	757.938
66 	140   	121.411	144.174	21.2179	1248.97
67 	140   	134.802	151.366	21.1994	1248.97
68 	140   	152.77 	362.458	21.1548	5629.09
69 	140   	204.493	232.369	21.1994	2079.38
70 	140   	136.126	130.541	21.7761	768.33 
71 	140   	210.993	955.937	21.0213	15957.4
72 	140   	127.471	148.419	21.0213	1132.67
73 	140   	121.473	121.403	21.0213	728.394
74 	140   	212.127	372.33 	21.0213	6054.66
75 	140   	197.14 	565.627	21.0213	6275.49
76 	140   	152.872	377.375	21.0213	6054.66
77 	140   	131.135	155.131	21.0213	1459.17
78 	140   	129.43 	147.61 	21.0213	1051.29
79 	140   	120.864	193.306	21.0213	2605.69
80 	140   	121.66 	125.408	20.8672	617.719
81 	140   	131.765	137.308	21.0213	1034.61
82 	140   	135.107	133.346	21.0213	786.307
83 	140   	182.222	641.694	21.0213	10574.9
84 	140   	131.861	210.393	21.0213	2905.55
85 	140   	128.971	137.874	21.0213	1021.82
86 	140   	179.987	765.196	21.0213	12731.6
87 	140   	144.138	147.812	21.0213	1045.7 
88 	140   	146.515	159.981	21.0213	1190.7 
89 	140   	151.097	129.74 	21.0213	651.343
90 	140   	157.054	378.891	21.0213	5705.99
91 	140   	135.09 	129.513	21.0213	702.078
92 	140   	135.263	222.071	21.0213	2667.27
93 	140   	133.916	122.256	21.0213	597.266
94 	140   	133.547	160.207	21.0213	1182.58
95 	140   	134.883	152.539	21.0213	1524.31
96 	140   	141.909	158.217	21.0213	1053.1 
97 	140   	210.229	213.031	21.0213	1442.99
98 	140   	149.258	242.937	21.0213	3505.62
99 	140   	128.909	234.87 	20.5731	3505.62
100	140   	129.369	240.062	20.5731	3505.62
Time elapsed: 2845 seconds.


Batch Job Summary Report (version 21.01.1) for Job "bpopt" (46075269) on daint

Job information (1/2)
-----------------------------------------------------------------------------------------------------
             Submit            Eligible               Start                 End    Elapsed Time limit
------------------- ------------------- ------------------- ------------------- ---------- ----------
2023-04-17T16:40:14 2023-04-17T16:40:14 2023-04-17T16:40:15 2023-04-17T17:31:04   00:50:49   00:59:00
-----------------------------------------------------------------------------------------------------

Job information (2/2)
-------------------------------------------------------------
    Username      Account    Partition   NNodes        Energy
------------ ------------ ------------ -------- -------------
    bp000145       ich030       normal        4   1237.102 kJ

