
gen	nevals	avg    	std    	min    	max        
1  	280   	6876.28	1599.48	4836.41	8250       
2  	280   	6879.64	1597.6 	4836.41	8250       
3  	280   	5412.33	1337.88	4798.9 	24554.8    
4  	280   	5218.28	2859.82	4766.51	66965.7    
5  	280   	5480.54	7624.93	4701.95	183608     
6  	280   	5051.09	786.127	4677.28	13154.2    
7  	280   	5111.72	951.057	4582.37	13154.2    
8  	280   	4881.1 	1308.13	4563.34	34299.8    
9  	280   	4889.87	1310.64	3840.25	30404.2    
10 	280   	4827.54	1148.35	3102.33	30404.2    
11 	280   	4721.92	687.501	3290.76	17883      
12 	280   	4635.41	650.625	3090.26	17883      
13 	280   	4523.82	880.088	1831.53	17883      
14 	280   	4373.32	1330.31	1831.53	18164.3    
15 	280   	4351.01	2224.42	951.865	18273.1    
16 	280   	4578.31	3184.97	951.865	20455.1    
17 	280   	5208.45	4228.49	951.865	31872.4    
18 	280   	5047.24	4380.96	951.865	31872.4    
19 	280   	4507.7 	3600.82	678.687	30413.5    
20 	280   	4791.02	3816.91	678.687	22226.8    
21 	280   	4896.81	3973.23	678.687	18223      
22 	280   	4880.32	4134.59	678.687	21021.7    
23 	280   	4645.98	3714.48	678.687	20396.5    
24 	280   	5171.98	4300.09	678.687	23782      
25 	280   	4834.99	4300.21	678.687	23782      
26 	280   	4846.01	4173.1 	678.687	19636.4    
27 	280   	4920.33	4319.22	624.626	22748.8    
28 	280   	5359.02	4663.33	624.626	22880.8    
29 	280   	5335.18	4572.17	568.275	32174.6    
30 	280   	4970.84	4333.81	568.275	25714.3    
31 	280   	5819.18	4952.52	568.275	20778.6    
32 	280   	5131.1 	4510.09	561.414	18177.6    
33 	280   	5755.99	5029.54	568.275	24918.5    
34 	280   	5748.32	5114.93	565.067	24918.5    
35 	280   	5546.92	4954.79	565.067	22526.3    
36 	280   	6022.31	5249.64	565.067	25986.6    
37 	280   	5891.33	5315.8 	565.067	22928.5    
38 	280   	6221.99	5931.87	565.067	56166.1    
39 	280   	5939.99	5193.46	565.067	22413.8    
40 	280   	5525.67	5021.98	565.067	23009.8    
41 	280   	5798   	5431.05	543.172	23009.8    
42 	280   	6632.94	5984.6 	506.709	26490.1    
43 	280   	6885.61	5930.7 	506.709	22749.4    
44 	280   	6484.82	5862.24	506.709	26795.2    
45 	280   	6978.7 	6351.81	506.709	32727.1    
46 	280   	6881.32	6522.25	506.709	36615      
47 	280   	6439.49	6276.06	506.709	36615      
48 	280   	6263.97	6183.57	506.709	28532.3    
49 	280   	6814.75	6967.82	426.246	55732.3    
50 	280   	6022.33	6203.1 	426.246	41510.2    
51 	280   	6631.65	6649.67	426.246	56996.3    
52 	280   	6338.03	6208.29	426.246	41510.2    
53 	280   	6452.05	6135.99	426.246	30495.2    
54 	280   	5226.84	5195.37	421.857	30747.5    
55 	280   	5775.14	5457.9 	411.495	23421      
56 	280   	6084.78	5679.53	411.495	43544.2    
57 	280   	5940.89	5549.26	426.246	29555.6    
58 	280   	5983.98	6060.39	426.246	47711.1    
59 	280   	6494.78	6459.45	426.246	54980.4    
60 	280   	6204.36	5804.15	426.246	26952.3    
61 	280   	5687.49	5946.56	426.246	51763      
62 	280   	6221.11	6323.41	426.246	48622.1    
63 	280   	5865.02	5909.74	426.246	29836.5    
64 	280   	6004.93	6162.14	426.246	39556      
65 	280   	6605.35	6039.49	409.638	35049.5    
66 	280   	5902.34	5738.17	409.638	34293.5    
67 	280   	6369.62	6124.83	409.638	31509      
68 	280   	6177.12	6447.11	409.638	48043.4    
69 	280   	5797.28	6962.93	409.638	68031.4    
70 	280   	5269.22	5926.17	351.378	57500.9    
71 	280   	5232.6 	5422.37	351.378	29795.8    
72 	280   	5869.94	6072.93	351.378	49727.5    
73 	280   	5387.58	5606.74	351.378	44950.3    
74 	280   	5862.83	5785.77	351.378	30781.1    
75 	280   	5506.71	6485.37	351.378	72769.1    
76 	280   	5269.14	6344.09	351.378	66555.9    
77 	280   	5178.82	6580.67	351.378	72859.5    
78 	280   	5522.46	6350.05	351.378	60995.6    
79 	280   	4762.66	5912.68	315.663	73727      
80 	280   	4949.23	5518.52	315.663	58660.1    
81 	280   	5118.39	6500.09	315.663	58660.1    
82 	280   	4764.46	5645.01	315.663	57775.7    
83 	280   	5458.14	7645.16	315.663	78652.7    
84 	280   	6414.49	9481.17	315.663	71903.5    
85 	280   	6453.59	9275.03	315.663	83687.6    
86 	280   	5471.78	7256.03	315.663	69844.3    
87 	280   	5089.91	7037.44	315.663	71785.8    
88 	280   	5649.07	8165.77	315.663	81945      
89 	280   	6123.11	8002.79	315.663	76764      
90 	280   	7763.53	10860.6	315.663	94951.6    
91 	280   	5835.59	6898.8 	315.663	62559.6    
92 	280   	5406.96	6441.92	315.663	51747.3    
93 	280   	6558.57	8673.9 	315.663	74924.5    
94 	280   	5922.09	8294.85	315.663	86779.2    
95 	280   	5767.85	6739.4 	315.663	56565.2    
96 	280   	6157.36	8347.51	315.663	86256.4    
97 	280   	5866.44	8508.57	315.663	96260.1    
98 	280   	6521.44	9539.87	315.663	82819.7    
99 	280   	7070.35	10199.8	315.663	92601.1    
100	280   	7860.49	10673.9	315.663	92601.1    
101	280   	7129.22	10975.1	315.663	92601.1    
102	280   	8542.9 	12765.7	315.663	92601.1    
103	280   	8526.15	13616.4	315.663	104124     
104	280   	7489.42	10024.2	315.663	92601.1    
105	280   	7279.76	11082.6	315.663	132084     
106	280   	6911.83	8538.85	315.663	82694.1    
107	280   	6788.72	9163.91	315.663	96847.7    
108	280   	6379.44	8487.22	315.663	85695.9    
109	280   	6890.11	9152.84	315.663	96516.6    
110	280   	8242.2 	10942.8	315.663	108931     
111	280   	7255.82	8213.61	315.663	65874.1    
112	280   	7523.85	9151.85	315.663	86973.3    
113	280   	8252.33	10457.5	315.663	86973.3    
114	280   	7993.46	10573.7	315.663	95888.4    
115	280   	8648.28	11323.1	315.663	107983     
116	280   	8052.8 	10148.7	315.663	107983     
117	280   	8665.37	12666.3	315.663	115131     
118	280   	8989.51	13364.3	315.663	115131     
119	280   	8135.93	10681.7	315.663	99918.4    
120	280   	8960.64	12968.6	315.663	99923.4    
121	280   	7517.87	9869.74	315.663	98695.3    
122	280   	9023.76	12313.6	307.917	98695.3    
123	280   	8755.96	12487.5	307.917	87798.6    
124	280   	9929.87	15220.5	307.917	124012     
125	280   	11121.5	14964.7	307.917	124012     
126	280   	10627.8	15327.2	307.917	91534.8    
127	280   	9688.01	14988.9	307.917	97004.9    
128	280   	11718.2	17616.2	307.917	105831     
129	280   	10686.7	16805.2	307.917	97299.9    
130	280   	9444.79	15200.9	307.917	100969     
131	280   	8644.57	11781.6	307.917	91534.8    
132	280   	8979.08	14005.1	307.917	91534.8    
133	280   	8308.24	14103.8	307.917	110950     
134	280   	10959.9	17662  	307.917	141860     
135	280   	12196.5	18765.4	307.917	117699     
136	280   	9588.47	14268.6	307.917	108530     
137	280   	10831.9	16491  	307.917	96856.3    
138	280   	12106.1	17385.7	307.917	109496     
139	280   	10539.2	17858.8	307.917	128139     
140	280   	12622.4	19437.1	307.917	118718     
141	280   	15627.6	20631.1	307.917	95929.1    
142	280   	8576.09	12329.9	307.917	101814     
143	280   	9679.18	14205.3	307.917	110686     
144	280   	10521.3	14593.4	307.917	86849.7    
145	280   	10009.9	13651.8	286.645	102936     
146	280   	10497.1	14839.9	286.645	98770.9    
147	280   	8720.39	14436.6	286.645	105943     
148	280   	9411.09	13739  	286.645	98825.1    
149	280   	11595.1	20011.8	286.645	145127     
150	280   	11624.7	18957.5	286.645	150369     
151	280   	12060.4	16026.5	282.466	124773     
152	280   	9925.94	13981.6	282.466	116719     
153	280   	10833.9	16987.6	286.645	149257     
154	280   	11397.1	16188.1	286.645	145467     
155	280   	11944.7	16707.8	286.645	135233     
156	280   	12577.3	17777.4	286.645	128683     
157	280   	11227.5	15892.1	286.645	131080     
158	280   	10331.5	16029.6	286.645	159687     
159	280   	12816  	17961.2	252.378	115772     
160	280   	10410.6	17173.2	252.378	140581     
161	280   	9129.03	13589.9	252.378	156705     
162	280   	9067.92	14451.8	252.378	132715     
163	280   	9136.12	15078.1	252.378	133104     
164	280   	7501.44	13598.2	252.378	114183     
165	280   	9176.93	14790.4	252.378	98805.5    
166	280   	9657.17	16648.3	252.378	98805.5    
167	280   	9826.49	18621.2	252.378	247739     
168	280   	10658.3	17249.2	252.378	129035     
169	280   	7896.55	12870.1	252.378	151363     
170	280   	9545.81	13791.8	252.378	107647     
171	280   	10989  	17721.7	252.378	128121     
172	280   	10624.9	15809.7	252.378	130958     
173	280   	9833.04	15733.2	252.378	130958     
174	280   	9590.32	17294  	252.378	191608     
175	280   	11736.5	18176.2	252.378	120238     
176	280   	8713.18	14846.1	252.378	149990     
177	280   	9223.3 	13353.7	252.378	149077     
178	280   	10384.1	12785.3	252.378	93711.6    
179	280   	9803.79	14206.8	252.378	101848     
180	280   	9826.35	17105.2	252.378	205809     
181	280   	8845.88	12907.1	252.378	117926     
182	280   	6791.71	10664.2	252.378	122827     
183	280   	8939.62	14209  	252.378	191809     
184	280   	8828.47	11968  	252.378	118249     
185	280   	9664.43	14299.8	252.378	137272     
186	280   	9571.15	17944  	252.378	261834     
187	280   	10656.3	16527.7	252.378	203660     
188	280   	9427.59	13365.2	252.378	105007     
189	280   	7308.06	10419.6	252.378	100594     
190	280   	9729.18	15026.3	251.06 	118719     
191	280   	11052.3	18728.2	251.06 	141364     
192	280   	8947.54	14329.8	251.06 	132944     
193	280   	10490  	17322.4	237.36 	138096     
194	280   	7486.49	11994.5	237.36 	105808     
195	280   	8615.7 	17116.2	237.36 	269865     
196	280   	9255.44	14097.3	237.36 	177416     
197	280   	7323.15	11630.7	237.36 	114720     
198	280   	7338.16	11136.2	222.269	82834.7    
199	280   	6622.7 	12026  	222.269	131552     
200	280   	7504.47	13358.8	222.269	176720     
201	280   	7995.48	11153.5	222.269	79670.1    
202	280   	6608.77	11931.6	222.269	107785     
203	280   	8390.34	13243.7	222.269	99596.6    
204	280   	8391.26	13414.6	222.269	132938     
205	280   	7238.91	13129.1	222.269	158451     
206	280   	8567.83	17512.5	222.269	211620     
207	280   	7601.88	11317  	213.326	109793     
208	280   	7738.79	12792  	213.326	110090     
209	280   	7704.24	15517.7	213.326	258785     
210	280   	8211.2 	11187.5	213.326	86200.8    
211	280   	8603.95	18799.7	213.326	285195     
212	280   	8242.72	12119.4	170.979	88471.2    
213	280   	6543.7 	13186.7	170.979	151399     
214	280   	7289.05	13931.9	170.979	140438     
215	280   	6811.04	12267.8	170.979	134560     
216	280   	6581.19	12134.3	170.979	144335     
217	280   	7083.13	12048.1	170.979	94791.8    
218	280   	7457.22	15206.4	170.979	198599     
219	280   	7411.96	12187.2	170.979	107904     
220	280   	7899.53	12619.3	170.979	118947     
221	280   	7379.11	12940.5	170.979	109642     
222	280   	7668.81	13041.3	170.979	103772     
223	280   	6615.45	11036  	170.979	118919     
224	280   	6476.14	11660.6	170.979	115684     
225	280   	8558.07	14513.9	170.979	115684     
226	280   	7317.69	15303.4	170.979	193435     
227	280   	7944.3 	13945.9	170.979	196102     
228	280   	6600.66	9678.15	170.979	97736.4    
229	280   	6047.44	10356.3	170.979	124500     
230	280   	6786.49	10169.3	170.979	87780.3    
231	280   	4997.29	6756.46	170.979	58583.5    
232	280   	6029.92	12877.2	170.979	186481     
233	280   	5884.44	8572.29	170.979	87902.8    
234	280   	4995.49	8814.37	170.979	103886     
235	280   	5907.57	11760.8	170.979	137566     
236	280   	6224.62	9669.63	170.979	96521.2    
237	280   	5502.3 	10091.2	170.979	94994.6    
238	280   	6263.57	10808.4	170.979	97568.8    
239	280   	5177.68	9477.12	170.979	93961.9    
240	280   	5339.96	9903.44	170.979	118478     
241	280   	5396.76	8759.12	170.979	82867.7    
242	280   	5009.84	8769.17	170.979	108623     
243	280   	6256.44	12636.5	170.979	136318     
244	280   	6211.33	11012.7	170.979	108623     
245	280   	6628.98	13586.5	170.979	125237     
246	280   	6524.15	12891.5	170.979	131433     
247	280   	6215.77	14426.8	128.868	191431     
248	280   	6462.2 	14872.7	128.868	137079     
249	280   	6956.7 	15166.9	128.868	137079     
250	280   	6004.04	13643.1	128.868	127006     
251	280   	6268.99	12477.6	128.868	118533     
252	280   	8082.06	16244.5	128.868	128279     
253	280   	9234.63	19060.6	128.868	108623     
254	280   	7649.88	15736.7	128.868	108623     
255	280   	7918.07	16973.8	128.868	108623     
256	280   	9523.15	20717.2	128.868	122053     
257	280   	8848.15	18363.8	128.868	135804     
258	280   	8992.96	18969.8	128.868	108623     
259	280   	8583.2 	17162  	128.868	112847     
260	280   	7170.89	13298.1	128.868	110795     
261	280   	8287.77	15536.2	128.868	132796     
262	280   	7432.3 	14634.2	128.868	121769     
263	280   	7437.88	15270.1	128.868	120826     
264	280   	7277.3 	16483.4	128.868	136444     
265	280   	8723.11	19373  	128.868	109590     
266	280   	7624.88	16415.4	114.942	157435     
267	280   	9479.96	21839.2	114.942	249772     
268	280   	10374  	21214.6	114.942	134528     
269	280   	8361.68	16899  	114.942	117891     
270	280   	8401.97	17770.7	114.942	150049     
271	280   	8484.33	17111.3	114.942	111728     
272	280   	7261.88	12749.3	114.942	108623     
273	280   	8331.07	17792.7	114.942	229857     
274	280   	8161.39	16194.8	114.942	208521     
275	280   	7508.44	13636.5	114.942	108623     
276	280   	6155.18	11536.5	114.942	115886     
277	280   	6909.5 	10813  	114.942	85822.2    
278	280   	6045.74	12414.5	114.942	167373     
279	280   	7014.59	12556.8	114.942	114970     
280	280   	5951.62	10915.9	114.942	119856     
281	280   	7142.91	12759.2	114.942	105940     
282	280   	6089.79	10953.2	114.942	117785     
283	280   	6173.21	11054.6	114.942	117785     
284	280   	6592.6 	13619.7	114.942	128841     
285	280   	6241.67	13351.2	114.942	116067     
286	280   	5361.14	10780.3	114.942	87397.1    
287	280   	6676.79	15226.4	114.942	128962     
288	280   	6640.87	14004.2	114.942	87397.1    
289	280   	6720.43	14199.4	114.942	141915     
290	280   	6727.33	13527.2	114.942	94791.3    
291	280   	5367.37	10264  	114.942	101836     
292	280   	5755.88	10952.3	114.942	97753      
293	280   	6139.25	16134  	114.942	242930     
294	280   	6428.55	12537  	114.942	95821.3    
295	280   	6578.41	14386.6	114.942	115655     
296	280   	7478.44	14541.1	99.1303	104941     
297	280   	6566.15	16226.3	99.1303	196087     
298	280   	6326.03	12609.2	99.1303	87397.1    
299	280   	6715.02	13702.9	99.1303	88694.7    
300	280   	6327.98	11297.7	99.1303	93660.1    
301	280   	4830.02	8292.72	99.1303	86739      
302	280   	5853.13	11578.9	99.1303	124763     
303	280   	5916.33	14703.4	99.1303	263774     
304	280   	6059.2 	11700.5	99.1303	95761.2    
305	280   	5431.11	11944.1	99.1303	132261     
306	280   	5689.54	10640.5	99.1303	106668     
307	280   	6846.65	12220.8	99.1303	106668     
308	280   	5983.91	11007.6	99.1303	106668     
309	280   	4751.03	8568.39	99.1303	105849     
310	280   	6097.94	14808  	99.1303	195327     
311	280   	5733.67	11289.6	99.1303	77666.6    
312	280   	6857.38	11907.2	99.1303	103750     
313	280   	6760.32	15017.1	99.1303	209528     
314	280   	8172.08	16356.8	99.1303	242211     
315	280   	8373.69	14629.4	99.1303	123975     
316	280   	8027.26	13981.2	99.1303	101236     
317	280   	10968.4	17894.8	99.1303	99840.7    
318	280   	7863.47	16814.5	99.1303	194553     
319	280   	11097.2	19726.3	99.1303	194553     
320	280   	10477.8	18098.7	99.1303	116067     
321	280   	10018.5	18327.6	99.1303	129068     
322	280   	9686.61	18144.1	99.1303	167593     
323	280   	8752.61	16466.4	99.1303	109134     
324	280   	9419.13	16730.2	99.1303	131404     
325	280   	9222.65	15392.6	99.1303	98605.7    
326	280   	8832.38	17392  	82.5939	239583     
327	280   	9170.25	16867.1	82.5939	179441     
328	280   	9235.98	15532.3	82.5939	98880.1    
329	280   	7984.91	15097.1	82.5939	125868     
330	280   	9444.75	17497.4	82.5939	163838     
331	280   	6399.47	12572.6	82.5939	115910     
332	280   	5899.21	10945.2	82.5939	101815     
333	280   	6012.13	11521.6	82.5939	97726.1    
334	280   	6077.9 	10894.8	82.5939	86778.9    
335	280   	7055.72	18739.4	82.5939	246699     
336	280   	7524.24	14819.4	82.5939	159239     
337	280   	7378.77	15688.5	82.5939	159239     
338	280   	8828.68	20957.3	82.5939	247054     
339	280   	6970.01	14475.8	82.5939	101740     
340	280   	9162.57	20046.2	82.5939	222582     
341	280   	7726.59	16015.8	82.5939	124970     
342	280   	6711.24	14480.7	82.5939	137860     
343	280   	7261.09	16480.5	82.5939	199369     
344	280   	8279.64	19562.6	82.5939	276716     
345	280   	8903.22	53382.5	82.5939	1.22215e+06
346	280   	6170.8 	11370.2	82.5939	85786.4    
347	280   	6715.15	13324.8	82.5939	112707     
348	280   	7700.94	15646  	82.5939	115845     
349	280   	6116.04	13563.1	82.5939	178561     
350	280   	5975.17	12097.5	82.5939	115051     
351	280   	5136.56	10909.6	82.5939	104943     
352	280   	4587.74	8855.17	82.5939	91409.6    
353	280   	5881.98	9749.29	82.5939	91409.6    
354	280   	5282.56	10916.1	82.5939	154097     
355	280   	5428.01	12670.1	82.5939	154097     
356	280   	6792.48	17035.9	82.5939	161532     
357	280   	6674.29	14302.7	79.9868	141289     
358	280   	6046.67	16520.3	82.5939	263749     
359	280   	5145.3 	9619.88	82.5939	88723.2    
360	280   	5062.55	15158.5	82.5939	286692     
361	280   	5207.91	10365.2	82.5939	118280     
362	280   	4016.93	6621.63	82.5939	64593.1    
363	280   	4540.86	10254.8	82.5939	168520     
364	280   	5629.27	11410  	82.5939	110729     
365	280   	3942.99	8488.53	82.5939	110729     
366	280   	4817.6 	12732.9	82.5939	213096     
367	280   	5546.81	14056.6	82.5939	211078     
368	280   	6156.76	12917.5	82.5939	130096     
369	280   	5369.04	10690  	82.5939	111953     
370	280   	5564.05	12249.1	82.5939	117461     
371	280   	4301.1 	8377.01	82.5939	81496.8    
372	280   	5418.21	12227.9	82.5939	124988     
373	280   	4562.48	9226.66	82.5939	106469     
374	280   	4035.88	7822.85	82.5939	101976     
375	280   	5357.78	12445.8	82.5939	113859     
376	280   	4377.44	9348.3 	82.5939	91670.1    
377	280   	4832.55	9574.45	82.5939	88645.6    
378	280   	4888.32	10220.8	82.5939	100883     
379	280   	4933.63	9748.11	82.5939	93596.3    
380	280   	4339.99	10105.7	82.5939	126415     
381	280   	5508.22	12440.3	82.5939	151921     
382	280   	5110.6 	9515.86	82.5939	106044     
383	280   	4369.77	10794.1	82.5939	118134     
384	280   	4914.37	10504.6	82.5939	94786.6    
385	280   	4373.91	8715.29	82.5939	137614     
386	280   	4649.62	10598.9	82.5939	135211     
387	280   	4836.75	9782.52	82.5939	147424     
388	280   	4585.36	9779.9 	82.5939	147424     
389	280   	4606.09	9751.96	82.5939	123413     
390	280   	4596.85	9310.32	82.5939	95051.1    
391	280   	4820.15	9710.22	82.5939	98708.1    
392	280   	4971.76	8510.48	82.5939	67633.5    
393	280   	4099.8 	7791.5 	82.5939	96024      
394	280   	4637.68	11745.2	82.5939	148423     
395	280   	5755.42	15797.4	82.5939	221561     
396	280   	5177.43	10911.2	82.5939	101865     
397	280   	4519.62	10385.6	82.5939	104054     
398	280   	4603.73	8944.92	82.5939	107256     
399	280   	4600.41	11787.2	82.5939	186537     
400	280   	4170.51	8718.36	82.5939	91840.1    
401	280   	4734.69	11337.3	82.5939	156085     
402	280   	4822.88	11073.4	82.5939	107156     
403	280   	4086.42	9005.01	82.5939	145576     
404	280   	4756.06	12551.3	82.5939	145576     
405	280   	4979.76	13644.3	82.5939	206692     
406	280   	4609.32	9923.56	82.5939	110066     
407	280   	4290.1 	9660.28	82.5939	116417     
408	280   	4250.2 	9223.38	82.5939	91866      
409	280   	4931.09	12281.8	81.419 	162407     
410	280   	5239.51	12251.3	81.419 	130873     
411	280   	4848.27	11389.4	81.419 	140849     
412	280   	4530.09	9042.64	81.419 	96208.5    
413	280   	4451.1 	10259.9	81.419 	103378     
414	280   	4356.28	9976.92	81.419 	92830.7    
415	280   	5288.7 	12075.9	81.419 	104771     
416	280   	4231.32	8442.25	81.419 	88742.1    
417	280   	5092.48	11765.9	81.419 	121113     
418	280   	4949.95	13803.1	81.419 	214809     
419	280   	5361.88	13654.1	81.419 	170480     
420	280   	4522.17	10773.4	81.419 	120279     
421	280   	4691.98	11331.4	81.419 	137957     
422	280   	5455.14	12663.4	81.419 	136273     
423	280   	5493.35	11008  	81.419 	98271.6    
424	280   	4408.29	9578.5 	81.2582	98271.6    
425	280   	5308.56	13129.7	81.419 	185432     
426	280   	5263.91	12901.7	81.419 	159963     
427	280   	5749.1 	13640  	81.419 	120076     
428	280   	5080.79	11906.3	81.419 	100652     
429	280   	4228.4 	12305.1	81.419 	189449     
430	280   	4505.39	10924.6	81.419 	160332     
431	280   	4185.69	9160.66	81.419 	92822.6    
432	280   	5046.58	11553.6	81.419 	87096.9    
433	280   	4824.19	11586.4	81.419 	114930     
434	280   	4653.83	9707.81	81.419 	90905.5    
435	280   	5157.67	12618.4	81.419 	190991     
436	280   	5466.58	14946.1	81.419 	246741     
437	280   	4116.51	8947.65	81.419 	116461     
438	280   	3715.47	6624.11	81.419 	60770.2    
439	280   	4138.07	10511.6	81.419 	161486     
440	280   	4318.38	9564.38	81.419 	112769     
441	280   	4118.77	8562.21	81.419 	94960.2    
442	280   	4672.55	10723.9	81.419 	127002     
443	280   	4611.64	8764.03	81.419 	88701.5    
444	280   	4030.53	9677.82	81.419 	133998     
445	280   	3831.16	8557.75	81.419 	113763     
446	280   	4826.08	11870.2	81.419 	111782     
447	280   	4638.21	12114.1	81.419 	160389     
448	280   	4076.9 	8707.58	81.419 	113807     
449	280   	4136.86	8888.53	81.419 	111180     
450	280   	4398.03	10724.5	81.419 	127291     
451	280   	4962.17	15026.4	81.419 	288527     
452	280   	4526.15	10141.6	81.419 	99947      
453	280   	4142.75	11801.9	81.419 	207054     
454	280   	4276.6 	10173.1	81.419 	159278     
455	280   	4201.05	9089.47	81.419 	97718.8    
456	280   	4561.25	11731.6	81.419 	199671     
457	280   	5588.18	16402.2	81.419 	197469     
458	280   	4692.9 	14518.3	81.419 	283806     
459	280   	5213.48	12040  	81.419 	116349     
460	280   	4547.46	10941.5	81.419 	129205     
461	280   	4549.14	10847.1	81.419 	139261     
462	280   	5126.51	10352  	81.419 	86585.5    
463	280   	4754.4 	10014.1	81.419 	97543.6    
464	280   	4325.01	8422.65	81.419 	70460      
465	280   	4751.85	12952.6	81.419 	165613     
466	280   	4707.14	10397.1	81.419 	113836     
467	280   	5559.37	19132.4	81.419 	284642     
468	280   	4821.38	11376  	81.419 	118801     
469	280   	4336.57	8019.92	81.419 	79924.1    
470	280   	3986.05	10448.4	81.419 	146110     
471	280   	5013   	11458.7	81.419 	103771     
472	280   	4501.96	12578.1	81.419 	156259     
473	280   	4979.98	12037.6	81.419 	129072     
474	280   	4267.58	9467.59	81.419 	80682.5    
475	280   	4756.12	10936.7	82.5939	102026     
476	280   	3612.05	6935.87	82.5939	88629      
477	280   	3966.67	7864.18	82.5939	93263.4    
478	280   	4170.55	12441.1	82.5939	190959     
479	280   	4414.53	12776.6	82.5939	218550     
480	280   	4704.38	10606.3	82.5939	138874     
481	280   	3910.32	8378.67	82.5939	93056.4    
482	280   	4189.82	9219.16	82.5939	98765      
483	280   	5313.58	12712.2	82.5939	98102.5    
484	280   	5200.15	19822.4	82.5939	414021     
485	280   	3891.8 	10806.6	82.5939	213198     
486	280   	3818.42	7501.91	82.5939	78310.9    
487	280   	5142.03	12358.8	82.5939	151890     
488	280   	4342.05	11746.6	82.5939	193657     
489	280   	5582.51	13704.9	82.5939	137387     
490	280   	4400.2 	11128.6	82.5939	110908     
491	280   	4520.92	11051.1	82.5939	139203     
492	280   	4214.98	8582.06	82.5939	82637.7    
493	280   	4192.14	8234.76	82.5939	79702.1    
494	280   	3952.23	8383.25	82.5939	130120     
495	280   	4235.55	10210.4	82.5939	123743     
496	280   	4709.8 	11668.7	82.5939	136400     
497	280   	4004.29	8030.52	82.5939	113993     
498	280   	4448.31	11459.8	82.5939	157945     
499	280   	3843.96	8281.31	82.5939	94580      
500	280   	3743.72	8479.27	82.5939	126386     
Time elapsed: 38226 seconds.


Batch Job Summary Report (version 21.01.1) for Job "bpopt" (46872275) on daint

Job information (1/2)
-----------------------------------------------------------------------------------------------------
             Submit            Eligible               Start                 End    Elapsed Time limit
------------------- ------------------- ------------------- ------------------- ---------- ----------
2023-05-27T13:02:39 2023-05-27T13:02:40 2023-05-27T13:02:41 2023-05-27T23:40:58   10:38:17   23:59:00
-----------------------------------------------------------------------------------------------------

Job information (2/2)
-------------------------------------------------------------
    Username      Account    Partition   NNodes        Energy
------------ ------------ ------------ -------- -------------
    bp000145       ich030       normal        8  39196.057 kJ

