
gen	nevals	avg    	std    	min    	max 
1  	510   	8520.74	1080.71	6000.39	9000
2  	510   	8531.03	1069.87	6000.39	9000
3  	510   	7879.77	1416.93	6000.39	9000
4  	510   	7058.08	1403.92	6000.31	9000
5  	510   	6606.54	1172.51	6000.31	9000
6  	510   	6532.93	1072.31	6000.31	9000
7  	510   	6501.99	1029.83	6000.31	9000
8  	510   	6444.57	930.408	6000.3 	9000
9  	510   	6504.82	948.115	6000.3 	9000
10 	510   	6576.84	997.644	6000.3 	9000
11 	510   	6566.52	938.816	6000.3 	9000
12 	510   	6669.44	1007.21	6000.3 	9000
13 	510   	6720.9 	1010.03	6000.3 	9000
14 	510   	6713.57	974.204	6000.3 	9000
15 	510   	6713.64	978.694	6000.3 	9000
16 	510   	6679.75	956.336	6000.3 	9000
17 	510   	6718.02	994.5  	6000.3 	9000
18 	510   	6715.04	965.169	6000.3 	9000
19 	510   	6728.3 	981.408	6000.3 	9000
20 	510   	6744.46	1014.79	6000.3 	9000
21 	510   	6697.39	952.865	6000.3 	9000
22 	510   	6700.35	978.142	6000.3 	9000
23 	510   	6725.33	1012.32	6000.3 	9000
24 	510   	6756.24	1021.31	6000.28	9000
25 	510   	6723.88	979.066	6000.28	9000
26 	510   	6684.19	974.911	6000.28	9000
27 	510   	6691.55	964.022	6000.28	9000
28 	510   	6694.51	952.724	6000.28	9000
29 	510   	6656.34	979.463	6000.28	9000
30 	510   	6703.35	987.295	6000.28	9000
31 	510   	6701.83	971.426	6000.28	9000
32 	510   	6697.42	977.984	6000.28	9000
33 	510   	6697.43	975.737	6000.28	9000
34 	510   	6710.63	962.714	6000.28	9000
35 	510   	6784.16	1033.63	6000.28	9000
36 	510   	6735.63	992.737	6000.28	9000
37 	510   	6718   	960.695	6000.28	9000
38 	510   	6715.09	985.496	6000.28	9000
39 	510   	6729.76	974.694	6000.28	9000
40 	510   	6656.23	942.692	6000.28	9000
41 	510   	6713.75	969.815	6000.28	9000
42 	510   	6729.75	965.608	6000.28	9000
43 	510   	6707.68	960.307	6000.28	9000
44 	510   	6666.6 	975.883	6000.28	9000
45 	510   	6682.71	968.001	6000.28	9000
46 	510   	6697.4 	957.485	6000.28	9000
47 	510   	6735.62	994.953	6000.28	9000
48 	510   	6725.36	981.354	6000.28	9000
49 	510   	6715.04	955.994	6000.28	9000
50 	510   	6712.11	974.154	6000.28	9000
51 	510   	6729.75	997.051	6000.28	9000
52 	510   	6740.03	981.626	6000.28	9000
53 	510   	6720.92	976.725	6000.28	9000
54 	510   	6710.64	946.548	6000.28	9000
55 	510   	6709.17	948.811	6000.28	9000
56 	510   	6718   	972.095	6000.28	9000
57 	510   	6729.77	956.414	6000.28	9000
58 	510   	6715.06	942.064	6000.28	9000
59 	510   	6715.1 	1016.34	6000.28	9000
60 	510   	6709.2 	974.012	6000.28	9000
61 	510   	6738.63	990.522	6000.28	9000
62 	510   	6741.54	1019.1 	6000.28	9000
63 	510   	6693.02	973.213	6000.28	9000
64 	510   	6722.43	976.771	6000.28	9000
65 	510   	6726.84	1010.16	6000.28	9000
66 	510   	6706.24	948.673	6000.28	9000
67 	510   	6725.37	963.236	6000.28	9000
68 	510   	6720.96	1020.87	6000.28	9000
69 	510   	6728.3 	1005.82	6000.28	9000
70 	510   	6756.23	1003.86	6000.28	9000
71 	510   	6676.86	981.136	6000.28	9000
72 	510   	6688.93	959.148	6000.28	9000
73 	510   	6741.53	986.11 	6000.28	9000
74 	510   	6698.94	1022.13	6000.28	9000
75 	510   	6734.2 	1008.13	6000.28	9000
76 	510   	6744.49	1010.43	6000.28	9000
77 	510   	6662.16	964.056	6000.28	9000
78 	510   	6718.03	994.535	6000.28	9000
79 	510   	6669.49	939.231	6000.28	9000
80 	510   	6720.97	949.253	6000.28	9000
81 	510   	6713.59	976.474	6000.28	9000
82 	510   	6718.02	978.879	6000.28	9000
83 	510   	6773.89	1023.2 	6000.28	9000
84 	510   	6743.04	1023.43	6000.28	9000
85 	510   	6773.97	1001.44	6000.28	9000
86 	510   	6750.36	961.246	6000.28	9000
87 	510   	6737.12	997.18 	6000.28	9000
88 	510   	6769.48	1029.73	6000.28	9000
89 	510   	6731.24	1001.51	6000.28	9000
90 	510   	6757.72	1016.96	6000.28	9000
91 	510   	6743   	961.222	6000.28	9000
92 	510   	6753.3 	1003.89	6000.28	9000
93 	510   	6750.39	988.417	6000.28	9000
94 	510   	6744.51	1001.68	6000.28	9000
95 	510   	6725.38	972.319	6000.28	9000
96 	510   	6773.88	1016.71	6000.28	9000
97 	510   	6740.08	1008.22	6000.28	9000
98 	510   	6750.44	1008.32	6000.28	9000
99 	510   	6725.39	981.35 	6000.28	9000
100	510   	6740.12	997.26 	6000.28	9000
101	510   	6732.71	970.213	6000.28	9000
102	510   	6743.03	1008.22	6000.28	9000
103	510   	6709.2 	985.298	6000.28	9000
104	510   	6732.74	1005.93	6000.28	9000
105	510   	6728.33	988.156	6000.28	9000
106	510   	6712.21	987.709	6000.28	9000
107	510   	6747.41	988.391	6000.28	9000
108	510   	6763.59	999.4  	6000.28	9000
109	510   	6715.07	953.699	6000.28	9000
110	510   	6707.75	973.993	6000.28	9000
111	510   	6729.79	990.402	6000.28	9000
112	510   	6751.82	988.394	6000.27	9000
113	510   	6712.16	992.108	6000.27	9000
114	510   	6728.34	1012.4 	6000.27	9000
115	510   	6716.56	998.918	6000.28	9000
116	510   	6768.03	1012.47	6000.28	9000
117	510   	6725.39	976.846	6000.28	9000
118	510   	6728.32	988.136	6000.28	9000
119	510   	6762.12	988.331	6000.28	9000
120	510   	6744.48	1001.66	6000.28	9000
121	510   	6729.79	999.245	6000.28	9000
122	510   	6744.48	997.261	6000.28	9000
123	510   	6723.89	956.278	6000.28	9000
124	510   	6762.2 	1008.16	6000.28	9000
125	510   	6728.3 	1003.65	6000.28	9000
126	510   	6723.89	963.175	6000.28	9000
127	510   	6757.7 	1032.03	6000.28	9000
128	510   	6718   	967.564	6000.28	9000
129	510   	6725.37	985.835	6000.28	9000
130	510   	6750.36	988.388	6000.28	9000
131	510   	6779.76	1012.2 	6000.28	9000
132	510   	6766.55	972.514	6000.28	9000
133	510   	6746.14	999.61 	6000.28	9000
134	510   	6781.25	1016.51	6000.28	9000
135	510   	6759.18	1010.42	6000.28	9000
136	510   	6734.18	1005.95	6000.28	9000
137	510   	6732.71	974.745	6000.28	9000
138	510   	6769.47	999.296	6000.28	9000
139	510   	6798.88	1043.66	6000.28	9000
140	510   	6726.83	990.334	6000.28	9000
141	510   	6741.53	1014.77	6000.28	9000
142	510   	6781.35	996.901	6000.28	9000
143	510   	6748.91	1001.69	6000.28	9000
144	510   	6750.35	1006.09	6000.28	9000
145	510   	6784.19	1009.9 	6000.28	9000
146	510   	6748.91	995.063	6000.28	9000
147	510   	6768.02	1016.84	6000.28	9000
148	510   	6720.95	965.38 	6000.28	9000
149	510   	6748.91	1006.1 	6000.28	9000
150	510   	6754.77	1014.8 	6000.28	9000
151	510   	6734.19	994.923	6000.28	9000
152	510   	6778.36	1031.65	6000.28	9000
153	510   	6740.07	992.79 	6000.28	9000
154	510   	6751.81	1012.63	6000.28	9000
155	510   	6787.12	1035.65	6000.28	9000
156	510   	6766.53	1031.92	6000.28	9000
157	510   	6740.08	1034.13	6000.28	9000
158	510   	6745.95	1003.87	6000.28	9000
159	510   	6744.54	970.419	6000.28	9000
160	510   	6743   	979.406	6000.28	9000
161	510   	6719.48	974.43 	6000.28	9000
162	510   	6741.56	1006.06	6000.28	9000
163	510   	6745.96	979.417	6000.28	9000
164	510   	6672.45	939.469	6000.28	9000
165	510   	6738.63	979.374	6000.28	9000
166	510   	6757.84	997.342	6000.28	9000
167	510   	6779.76	1003.46	6000.28	9000
168	510   	6740.06	999.436	6000.28	9000
169	510   	6690.13	968.545	6000.28	9000
170	510   	6738.61	974.855	6000.28	9000
171	510   	6756.32	1001.74	6000.28	9000
172	510   	6726.85	983.625	6000.28	9000
173	510   	6751.85	992.827	6000.28	9000
174	510   	6737.17	970.317	6000.28	9000
175	510   	6743.12	992.893	6000.28	9000
176	510   	6734.18	963.404	6000.28	9000
177	510   	6734.19	1008.13	6000.28	9000
178	510   	6766.53	1029.79	6000.28	9000
179	510   	6700.36	969.095	6000.28	9000
180	510   	6747.43	1001.68	6000.28	9000
181	510   	6772.44	992.615	6000.28	9000
182	510   	6756.25	1042.65	6000.28	9000
183	510   	6725.36	983.601	6000.28	9000
184	510   	6734.23	994.909	6000.28	9000
185	510   	6744.49	995.042	6000.28	9000
186	510   	6734.2 	970.263	6000.28	9000
187	510   	6747.42	988.388	6000.28	9000
188	510   	6753.3 	1006.08	6000.28	9000
189	510   	6741.53	958.909	6000.28	9000
190	510   	6766.56	1016.87	6000.28	9000
191	510   	6710.69	974.119	6000.28	9000
192	510   	6747.43	977.165	6000.28	9000
193	510   	6738.59	986.081	6000.28	9000
194	510   	6757.75	1001.69	6000.28	9000
195	510   	6781.24	1007.8 	6000.28	9000
196	510   	6729.77	979.211	6000.28	9000
197	510   	6759.19	1001.64	6000.28	9000
198	510   	6754.81	1034.18	6000.28	9000
199	510   	6768   	1010.3 	6000.28	9000
200	510   	6716.56	960.64 	6000.28	9000
Elapsed time: 2797 seconds (0h 46m 37s)
