
gen	nevals	avg    	std    	min    	max        
1  	280   	7917.32	16721.5	4816.87	285852     
2  	280   	7393.28	11889.6	4816.87	285852     
3  	280   	6493.62	16768.4	4816.65	285852     
4  	280   	7217.33	27110.8	4770.06	507648     
5  	280   	5250.55	2903.38	4603.94	53623      
6  	280   	5044.92	2119.05	4603.94	53623      
7  	280   	4890.02	516.21 	3429.45	11931.6    
8  	280   	4835.34	956.524	3429.45	25715.7    
9  	280   	4901.73	5070.87	899.483	124599     
10 	280   	5215.49	7468.3 	899.483	124599     
11 	280   	4756.15	3252.61	850.222	40279.9    
12 	280   	5818.1 	6979.83	798.302	40279.9    
13 	280   	7599.09	10015.3	649.805	45993.8    
14 	280   	10486.7	12507.3	551.744	45993.8    
15 	280   	10859.5	12768  	471.724	65584.6    
16 	280   	8719.19	10843.6	551.744	43037.9    
17 	280   	9051.7 	10980.4	551.744	57119.4    
18 	280   	9044.5 	11108.3	551.744	52041      
19 	280   	9951.3 	11651.6	551.744	53974      
20 	280   	10109.8	11916.3	446.871	48915.6    
21 	280   	10862.5	12142.8	446.871	48915.6    
22 	280   	9493.26	11293.4	446.871	57113.1    
23 	280   	7180.76	9237.23	446.871	49094      
24 	280   	12495.6	130581 	446.871	3.09193e+06
25 	280   	7468.72	9163.78	432.822	45857      
26 	280   	7868.77	9802.42	328.587	51865.1    
27 	280   	7163.72	9713.44	328.587	57624.1    
28 	280   	7516.82	9934.29	328.587	58231.4    
29 	280   	8334.72	10121  	328.587	58231.4    
30 	280   	7804.94	10406.9	328.587	58231.4    
31 	280   	7673.06	9835.08	328.587	47941.8    
32 	280   	7255.3 	9049.7 	328.587	43806.8    
33 	280   	6857.81	9132.21	325.464	44824.5    
34 	280   	7040.33	9564.17	325.464	46724.5    
35 	280   	7904.18	10025.8	325.464	46724.5    
36 	280   	8479.94	10483.3	325.464	46724.5    
37 	280   	7472.91	9139.15	325.464	55020.5    
38 	280   	7603.72	10457  	325.464	44844.4    
39 	280   	7950.44	10114  	325.464	48962.4    
40 	280   	7436.46	9854.42	325.464	48968.1    
41 	280   	6984.33	9779.86	325.464	48431.7    
42 	280   	7971.59	10669  	325.464	48431.7    
43 	280   	8397.17	10658.1	325.464	52716.1    
44 	280   	7764.29	10025.9	325.464	48431.7    
45 	280   	7754.06	9750.48	325.464	48431.7    
46 	280   	8348.84	10349  	325.464	48431.7    
47 	280   	9035.83	11080.9	325.464	48431.7    
48 	280   	8598.04	10886.4	325.464	46067      
49 	280   	7841.22	10059  	325.464	45704.5    
50 	280   	7634.74	9649.31	325.464	43080.9    
51 	280   	7666.07	10252.8	328.587	55636.9    
52 	280   	9148.7 	10704.6	270.177	51799.7    
53 	280   	7183.91	9593.07	328.587	45953.1    
54 	280   	7927.88	10277.4	328.587	51896.3    
55 	280   	7668.65	9630.45	328.587	44619.7    
56 	280   	7263.36	9584.89	328.587	41871.9    
57 	280   	7037.32	9688.85	318.638	42720.6    
58 	280   	8183.26	10484.1	318.638	46731.5    
59 	280   	7614.46	9991.86	318.638	43939.3    
60 	280   	8087.04	10411.7	318.638	47011.4    
61 	280   	6150.45	8274.03	318.638	43789.9    
62 	280   	7214.94	9626.87	318.638	49507.1    
63 	280   	7408.94	10098  	284.548	49507.1    
64 	280   	7314.77	10322.4	284.548	49507.1    
65 	280   	7140.19	9664.08	284.548	48982.9    
66 	280   	7288.59	10210.6	284.548	47780.4    
67 	280   	8504.56	11378.6	318.638	50582.1    
68 	280   	7654.1 	10241.9	318.638	49680.6    
69 	280   	7395.22	10008.9	318.638	59938.8    
70 	280   	7296.68	9752.46	318.638	50642.5    
71 	280   	7164.14	9621.32	318.638	46414.7    
72 	280   	7690.94	10739.4	318.638	60786      
73 	280   	7095.83	10407.4	278.108	60786      
74 	280   	7846.23	10632.9	278.108	51731.6    
75 	280   	8938.63	15643.1	278.108	253271     
76 	280   	7585.72	10259.3	278.108	49536.9    
77 	280   	7842.52	10714.3	278.108	52836.1    
78 	280   	8433.49	11225  	278.108	57526.1    
79 	280   	6815.37	9525.98	278.108	63950.8    
80 	280   	6975.48	9488.58	278.108	55059.7    
81 	280   	7018.26	9459.44	278.108	46414.7    
82 	280   	7159.55	9167.53	278.108	48830.4    
83 	280   	7358.32	10075.1	262.242	62693.5    
84 	280   	7526.53	10184.9	262.242	56586.9    
85 	280   	7852.23	10175.5	262.242	51802.3    
86 	280   	6493.07	9143.51	262.242	53632.2    
87 	280   	6185.41	8731.87	262.242	43049.8    
88 	280   	6261.86	8335.48	262.242	42721.7    
89 	280   	5875.43	7990.51	262.242	44710      
90 	280   	7031.14	9432.86	262.242	47440.5    
91 	280   	6657.16	9310.25	262.242	57580.4    
92 	280   	6898.06	9543.42	262.242	57580.4    
93 	280   	7083.52	9314.04	262.242	41730.2    
94 	280   	7248.88	9538.2 	262.242	44971.8    
95 	280   	7060.34	9117.87	262.242	42863.9    
96 	280   	7627.83	9874.32	262.242	42490.3    
97 	280   	7045.08	11940.2	262.242	158981     
98 	280   	6753.77	9413.75	262.242	54778.2    
99 	280   	7125.22	10425.6	262.242	56738.8    
100	280   	6431.75	9065.04	262.242	43429.8    
101	280   	7370.45	9888.72	262.242	57891.7    
102	280   	8107.89	10903.8	262.242	49899.3    
103	280   	7098.61	9891.65	262.242	48515.7    
104	280   	7745.77	10672.8	262.242	54454.8    
105	280   	7212.45	10528.3	262.242	54454.8    
106	280   	9293.31	12348.5	262.242	54454.8    
107	280   	10125.8	13396.8	262.242	110866     
108	280   	10306.4	38178.2	262.242	867615     
109	280   	8192.42	10804.8	262.242	45409.7    
110	280   	8968.98	11528.1	262.242	47760      
111	280   	9308.37	11336  	262.242	50774.7    
112	280   	8403.4 	11319.4	262.242	59587.3    
113	280   	9413.13	12919.7	262.242	79856.9    
114	280   	8962.04	12352.9	262.242	61598.3    
115	280   	8770.8 	12937.1	262.242	62768.5    
116	280   	8786.58	12223  	262.242	58412.5    
117	280   	8154.88	11802.1	262.242	58412.5    
118	280   	7763.93	11982.8	262.242	58412.5    
119	280   	10035.3	13742.5	262.242	103104     
120	280   	8177.35	11992.1	262.242	63775.4    
121	280   	8712.71	11856.4	262.242	58412.5    
122	280   	9760.16	13250.2	262.242	80691.8    
123	280   	11980.2	16551.6	262.242	91879.1    
124	280   	10240.8	14413.6	262.242	91879.1    
125	280   	10147.4	14521  	262.242	92768.8    
126	280   	9363.05	13074.2	262.242	75526.4    
127	280   	9913.84	14707.6	262.242	93253.3    
128	280   	11341.6	15637.2	262.242	75526.4    
129	280   	11289.3	15982.6	262.242	78659.4    
130	280   	9575.48	13293.7	262.242	75526.4    
131	280   	8715.84	11926.1	262.242	83705.5    
132	280   	7902.23	11615  	262.242	75526.4    
133	280   	8915.71	11789.4	262.242	75526.4    
134	280   	9693.67	13454.6	262.242	129234     
135	280   	7603.93	11135.2	262.242	75526.4    
136	280   	10472.5	13767.9	262.242	75526.4    
137	280   	10395.8	13103.7	262.242	75526.4    
138	280   	11622.4	15379.4	262.242	99736.8    
139	280   	7621.1 	11987.7	262.242	75526.4    
140	280   	9365.12	13062.4	262.242	75526.4    
141	280   	10189.9	14786.3	260.842	138403     
142	280   	7575.95	11169.1	262.242	78825.7    
143	280   	8638.7 	11988.2	262.242	109666     
144	280   	8366.64	11131.1	262.242	81124.4    
145	280   	8364.04	11071.3	262.242	73711      
146	280   	8592.28	12739.2	262.242	79721.5    
147	280   	8647.52	11047.6	262.242	72651.5    
148	280   	7797.21	10209.1	262.242	56554.3    
149	280   	8309   	11848  	262.242	91858.4    
150	280   	8494.47	13169.6	262.242	85797.1    
151	280   	8992.17	13240.3	262.242	91033      
152	280   	10045.4	14737.2	262.242	88616.2    
153	280   	12115.8	18397.2	262.242	126255     
154	280   	11275  	16948.9	262.242	120163     
155	280   	8944.95	13013.3	262.242	100995     
156	280   	11568.9	17567.6	262.242	129147     
157	280   	10365.3	16525.5	262.242	111926     
158	280   	12719.5	17859.7	262.242	122991     
159	280   	12284.1	18805.8	262.242	107799     
160	280   	11505.9	16737  	262.242	99232.2    
161	280   	11066.9	15652.4	262.242	131999     
162	280   	12740.6	16269.2	262.242	91793      
163	280   	11836.8	16944.7	262.242	123358     
164	280   	12159.6	17590.3	262.242	118100     
165	280   	13890.2	18021.4	262.242	101664     
166	280   	10862.8	15596.6	262.242	148597     
167	280   	11292.9	15087.7	262.242	100854     
168	280   	9581.2 	14341.8	262.242	132032     
169	280   	10779.2	16027.7	262.242	109929     
170	280   	9303.41	14553.8	262.242	106106     
171	280   	11286.1	15800.3	262.242	75908.6    
172	280   	9960.56	14709.8	262.242	117285     
173	280   	9998.38	15738.8	262.242	135163     
174	280   	11475.2	16839.2	262.242	108030     
175	280   	12460.3	18677.1	262.242	113009     
176	280   	11385.5	17708.5	262.242	105008     
177	280   	12376.8	18807.2	262.242	125355     
178	280   	13122.6	19922  	262.242	121902     
179	280   	10364.5	15502.4	177.577	86707.3    
180	280   	12884.7	17806.8	177.577	121126     
181	280   	10239.9	16067.2	262.242	133383     
182	280   	10999  	17030.7	267.389	117030     
183	280   	10602.1	15899.2	252.073	98756.5    
184	280   	10141.8	14642.9	267.389	76480      
185	280   	10453.5	14905.5	267.389	92479      
186	280   	9775.73	15761.8	267.389	122962     
187	280   	9831.34	15436.1	163.366	115781     
188	280   	9683.59	14601.2	163.366	117940     
189	280   	11708.1	16577.2	163.366	117940     
190	280   	11632  	16867  	163.366	92702.4    
191	280   	10029  	14278.9	163.366	85679.5    
192	280   	8386.01	12397.7	163.366	82629.9    
193	280   	9538.44	14560.8	163.366	108682     
194	280   	8144.63	14294.5	163.366	146125     
195	280   	9940.59	14685.4	163.366	86748.4    
196	280   	7355.62	11698.4	163.366	81782.5    
197	280   	7905.74	12675.3	163.366	99014.2    
198	280   	7356.64	11554.4	163.366	85891.9    
199	280   	6873.39	10609.4	163.366	85891.9    
200	280   	7229.37	12345.8	163.366	122955     
201	280   	6620.43	10372.6	163.366	72623.2    
202	280   	7926.06	14473.3	163.366	154270     
203	280   	7480.23	12963.5	163.366	133905     
204	280   	7325.1 	13620.7	159.527	133905     
205	280   	7179.04	11894.5	159.527	100755     
206	280   	7866.47	13647.5	140.499	114952     
207	280   	7098.48	12236  	140.499	118135     
208	280   	6041.45	10972.9	140.499	110901     
209	280   	6688.97	11419.8	135.778	130859     
210	280   	7281.36	11525.2	135.778	83834.1    
211	280   	6489.9 	12519.6	135.778	104794     
212	280   	5918.35	11115.7	135.778	94894.4    
213	280   	5733.8 	11054.1	129.334	99664.1    
214	280   	6767.32	11676.7	129.334	80727      
215	280   	6058.65	9912.56	129.334	71498.3    
216	280   	6303.25	11045.6	129.334	131111     
217	280   	7212.89	12448.7	129.334	91907.3    
218	280   	6617.59	11103.9	129.334	83862.1    
219	280   	7308.59	10898.2	129.334	74490.2    
220	280   	6055.01	9924.61	129.334	78696.2    
221	280   	7568.59	13034.3	129.334	91799.8    
222	280   	6210.3 	10756.5	129.334	96759.8    
223	280   	5964.68	9700.51	129.334	61504.1    
224	280   	6071.64	9395.78	129.334	67584.4    
225	280   	6054.13	9919.06	129.334	90577.8    
226	280   	6587.85	10398.5	129.334	86864      
227	280   	6369.07	9216.18	129.334	65418.4    
228	280   	6550.84	11762.5	129.334	103684     
229	280   	6305.04	11083.5	129.334	114740     
230	280   	5817.81	9811.86	129.334	81810.5    
231	280   	7086.35	11864.1	129.334	128629     
232	280   	6507.39	9948.56	129.334	56621.2    
233	280   	6597.58	11119.4	129.334	112908     
234	280   	6667.14	10281.3	129.334	77094.5    
235	280   	7511.8 	10581.9	129.334	63663.2    
236	280   	6883.31	10105.4	129.334	75575.2    
237	280   	6628.22	10088.3	129.334	73670.8    
238	280   	6285.1 	9074.85	129.334	62727.3    
239	280   	6518.04	10384.7	129.334	119999     
240	280   	5427.58	9147.4 	129.334	75847.7    
241	280   	6014.72	9721.5 	129.334	75731.7    
242	280   	6395.52	10387.6	129.334	90721.8    
243	280   	7352.27	11719.4	129.334	90721.8    
244	280   	5697.55	8812.37	129.334	72697.5    
245	280   	5833.07	9941.02	129.334	74905.6    
246	280   	5880.06	8905.98	129.334	67628.2    
247	280   	6332.35	10553.8	129.334	92577.1    
248	280   	6385.32	9637.49	129.334	61426.1    
249	280   	5842.99	10115.5	129.334	112836     
250	280   	5988.28	9583.74	129.334	80638.5    
251	280   	5374.89	7461.56	129.334	47511      
252	280   	5269.74	7986.63	129.334	53379.4    
253	280   	5625.69	8621.11	129.334	63746.4    
254	280   	4525.1 	7467.81	129.334	57621.9    
255	280   	5746.31	9417.34	129.334	54024.1    
256	280   	6008.63	10389.6	129.334	69505.2    
257	280   	6269.14	11305.3	129.334	87681.2    
258	280   	5966.13	10324  	129.334	64587.7    
259	280   	5957.12	10501.7	129.334	68639.5    
260	280   	5856.17	10970.6	129.334	70560.1    
261	280   	7212.52	12486.3	129.334	83727.6    
262	280   	5745.1 	10420.9	129.334	83727.6    
263	280   	5851.13	10585.9	129.334	130118     
264	280   	6840.13	11791.7	129.334	86623.8    
265	280   	6723.93	11712.8	129.334	88586.3    
266	280   	5736.38	9532.03	126.045	66584.1    
267	280   	6618.52	10818  	126.045	70810.3    
268	280   	6478.88	10156.9	126.045	54725.2    
269	280   	5725.65	9878.62	126.045	60726.8    
270	280   	4981.74	8488.9 	126.045	75540.2    
271	280   	7202.34	23651.3	126.045	495721     
272	280   	5779.76	9549.75	126.045	73850.9    
273	280   	6200.05	10546  	126.045	73850.9    
274	280   	4595.75	8428.11	126.045	73850.9    
275	280   	5273.8 	10144.8	126.045	87621.8    
276	280   	6088.08	10657.8	126.045	77510.1    
277	280   	5661.32	10167.5	126.045	72941.5    
278	280   	5621.12	10618.3	126.045	79933.3    
279	280   	5627.3 	10453.8	126.045	86495.8    
280	280   	5667.06	11104.1	126.045	132029     
281	280   	6803.9 	11180.8	115.504	65724.6    
282	280   	6174.13	16945.4	117.083	330461     
283	280   	6411.65	11161.6	117.083	87579.3    
284	280   	5844.3 	9685.65	117.083	58499.6    
285	280   	6997.62	11167  	117.083	60676      
286	280   	5869.59	10337.4	117.083	77628      
287	280   	5629.81	9186.15	117.083	70617      
288	280   	5501.5 	10909.6	117.083	103742     
289	280   	5874.33	12068.7	117.083	107786     
290	280   	5759.72	10717.1	117.083	107786     
291	280   	5798.47	10361.5	117.083	92803.9    
292	280   	5350.73	9783.62	117.083	94780.1    
293	280   	6824.56	19935.5	117.083	409415     
294	280   	6026.45	10338.8	117.083	70829.1    
295	280   	5166.38	9278.32	117.083	76812.9    
296	280   	5573.52	10069.3	117.083	87622      
297	280   	6846.15	11562.7	117.083	64381.1    
298	280   	6203.22	10555.8	117.083	60814.7    
299	280   	5681.65	10109.7	117.083	71539.6    
300	280   	4970.06	8561.61	117.083	60614.6    
301	280   	5548.04	9022.15	117.083	60614.6    
302	280   	5482.84	10513.4	117.083	84575.6    
303	280   	5797.96	10309.2	117.083	84575.6    
304	280   	5390.63	10684.5	117.083	87861.8    
305	280   	5472.15	10628.6	117.083	90877.1    
306	280   	6807.78	11650.7	117.083	98707.7    
307	280   	5475.53	9249.27	117.083	66624.4    
308	280   	4900.79	8537.97	117.083	55605.2    
309	280   	5341.54	9623.87	117.083	65517.4    
310	280   	4595.3 	8277.71	113.735	70730.2    
311	280   	3851.18	7064.54	116.129	71535.7    
312	280   	4749.04	7709.43	116.129	67756.8    
313	280   	5191.53	9648.82	116.129	90829.3    
314	280   	5867.08	10485.7	116.129	90829.3    
315	280   	6826.48	11083  	116.129	70591.8    
316	280   	4975.21	8582.4 	116.129	67615.9    
317	280   	4953.35	9448.3 	116.129	81650.5    
318	280   	4279.22	7711.86	116.129	95871.2    
319	280   	4984.87	9648.15	116.129	95871.2    
320	280   	5673.56	10670.7	116.129	137460     
321	280   	4210.91	6767.75	116.129	52522.2    
322	280   	5129.47	8656.65	116.129	66674.8    
323	280   	5767.19	19372.5	116.129	404732     
324	280   	5220.89	9381.45	116.129	93873.4    
325	280   	5080.16	8870   	116.129	68431.7    
326	280   	4545.26	8151.11	116.129	63861.8    
327	280   	4685.68	8546.08	116.129	63624.3    
328	280   	4771.02	8450.02	116.129	72628      
329	280   	4773.56	8146.33	116.129	76746.9    
330	280   	4603.62	8346.08	116.129	52687.2    
331	280   	4736.68	8541.9 	116.129	62624.2    
332	280   	4101.17	7121.04	116.129	47665.5    
333	280   	4316.76	8037.89	116.129	82808.1    
334	280   	4062.04	7124.52	116.129	80804      
335	280   	4762.85	7146.48	116.129	52381.2    
336	280   	4878.18	7478.89	116.129	50450.9    
337	280   	5117.82	10940.3	116.129	125063     
338	280   	5085.68	9067.49	116.129	73477.1    
339	280   	4243.58	6717.76	116.129	47640.6    
340	280   	5316.3 	11042.6	116.129	139874     
341	280   	5196.34	10312.7	116.129	109775     
342	280   	5486.76	10515.5	116.129	164665     
343	280   	4014.49	6512.28	116.129	69625.9    
344	280   	4865.18	8138.27	116.129	59821.4    
345	280   	4955.04	9364.44	116.129	94658      
346	280   	4741.19	8340.14	116.129	64721.7    
347	280   	4317.51	7139.28	116.129	63493      
348	280   	4977.27	8966.64	116.129	73683      
349	280   	5533.78	10193.8	116.129	89747.7    
350	280   	5984.65	11475.4	116.129	114949     
351	280   	6584.05	12493.7	116.129	134349     
352	280   	5258.16	9815.61	116.129	85800.9    
353	280   	4742.73	8133.38	116.129	60535.8    
354	280   	4395.61	7071.57	116.129	64506.3    
355	280   	4429.82	8551.95	116.129	101711     
356	280   	4420.05	8611.73	109.384	83713.1    
357	280   	4650.29	7710.58	109.384	50616.7    
358	280   	4614.83	8910.38	109.384	111672     
359	280   	3826.18	6222.57	109.384	63801.9    
360	280   	4807.59	8730.03	109.384	85766.6    
361	280   	4779.58	7852.04	109.384	65672      
362	280   	4446.8 	7403.34	109.384	54523.2    
363	280   	5531.2 	9789.51	109.384	92602.6    
364	280   	4840.72	13165.3	109.384	272023     
365	280   	5901.04	10624.3	109.384	94793.6    
366	280   	5208.41	10052.8	109.384	88913.8    
367	280   	5330.46	8920.72	109.384	69446.6    
368	280   	5264.72	10086.4	109.384	128727     
369	280   	5392.7 	9277.13	109.384	95720.1    
370	280   	5667.12	11366.1	109.384	114773     
371	280   	5525.98	8662.46	109.384	61579.1    
372	280   	5122.63	9602.12	109.384	100828     
373	280   	5087.18	8461.3 	109.384	71431.6    
374	280   	4857.54	8573.88	109.384	72739.6    
375	280   	4891   	9140.59	109.384	66501.6    
376	280   	4364.26	7520.51	109.384	83758.5    
377	280   	4090.34	7247.64	109.384	68463.6    
378	280   	4432.3 	12248.7	109.384	242744     
379	280   	3723.01	6271.56	109.384	64586.8    
380	280   	4095.49	7056.01	109.384	66527.7    
381	280   	4183.23	7728.08	109.384	64552.2    
382	280   	4817.54	8506.39	109.384	59528      
383	280   	5333.66	10168.4	109.384	80462      
384	280   	4888.91	8822.97	109.384	90669.5    
385	280   	3826.39	6292.35	109.384	49436.4    
386	280   	4686.27	7918.19	109.384	70399.2    
387	280   	4119.89	7169.25	109.384	67760.7    
388	280   	4459.9 	8318.78	109.384	102581     
389	280   	4658.25	7571.11	109.384	56517.9    
390	280   	4287.26	8844.12	105.593	126874     
391	280   	4627.84	9982.58	105.593	116798     
392	280   	5212.2 	10320  	105.593	104814     
393	280   	5025.03	9158.37	105.593	64557.6    
394	280   	4940.33	9276.19	105.593	90589.1    
395	280   	4769.33	8197.89	105.593	77751.2    
396	280   	4601.81	7440.81	105.593	51537.1    
397	280   	5197.39	9173.87	101.565	81644.6    
398	280   	4190.37	7248.41	101.565	62661      
399	280   	4885.96	9882.94	105.593	89694.7    
400	280   	4689.35	9159.41	105.593	109752     
401	280   	5287.18	8473.33	105.593	85745.9    
402	280   	5151.44	9772.16	105.593	85745.9    
403	280   	5334.58	8538.71	105.593	70663.6    
404	280   	4735.1 	7501.14	105.593	64524.6    
405	280   	4724.68	10098.6	105.593	157195     
406	280   	5438.9 	11188  	105.593	157195     
407	280   	5199.09	8157.23	105.593	61670.9    
408	280   	5051.41	9175.61	105.593	76899.2    
409	280   	5416.65	10766.9	105.593	109823     
410	280   	4074.74	6484.18	105.593	46401.7    
411	280   	4858.69	7974.22	105.593	84505.6    
412	280   	4698.01	8855.98	105.593	96844.4    
413	280   	5230.15	8550.13	109.384	107898     
414	280   	5676.87	10092.7	109.384	92645.1    
415	280   	5152.96	9115.62	109.384	80774      
416	280   	4945.37	8344.81	109.384	69664.3    
417	280   	4358.83	7211.33	109.384	52770.8    
418	280   	4593.39	8029.85	109.384	78841      
419	280   	4285.97	7097.09	109.384	53382.2    
420	280   	4646.87	9184.79	109.384	94741      
421	280   	4847.91	8854.89	109.384	55347.7    
422	280   	4792.59	8278.07	109.384	62617.5    
423	280   	4918.07	9360.84	109.384	77597.9    
424	280   	4972.67	8901.55	109.384	70675.4    
425	280   	4765.8 	9151.26	109.384	102877     
426	280   	4124.35	7661.41	109.384	89839.3    
427	280   	4055.74	6962.99	109.384	68609.5    
428	280   	4490.91	8382.45	109.384	77571.4    
429	280   	4736.65	8894.92	109.384	88709.4    
430	280   	4340.08	8753.75	109.384	94837.7    
431	280   	4095.31	7730.15	109.384	80539.1    
432	280   	4553.54	6827.25	109.384	55451.3    
433	280   	4338.17	7360.28	109.384	62639.1    
434	280   	4019   	7316.95	109.384	71738.4    
435	280   	3757.53	5843.01	109.384	44461      
436	280   	4351.85	8376.05	109.384	78549.6    
437	280   	4706.5 	9495.03	109.384	115974     
438	280   	4744.93	9105.41	109.384	87725.9    
439	280   	5034.08	8576.74	109.384	62654.6    
440	280   	4672.86	8402   	109.384	62658      
441	280   	5016.13	9842.49	109.384	111866     
442	280   	5599.81	9329.55	109.384	75591.1    
443	280   	4634.46	8252.06	109.384	68921.3    
444	280   	4768.9 	9070.76	109.384	79582.8    
445	280   	10134.8	137318 	109.384	3.25154e+06
446	280   	4477.7 	7955.14	109.384	71504.5    
447	280   	4638.78	9075.72	109.384	103811     
448	280   	4340.94	7487.13	109.384	71504.5    
449	280   	5034.05	9268.49	109.384	71644.7    
450	280   	5091.93	8304.73	109.384	71504.5    
451	280   	5825.04	10216.1	95.8864	71976.9    
452	280   	5414.85	9177.52	95.8864	71504.5    
453	280   	6009.53	10151.9	95.8864	71504.5    
454	280   	5212.4 	8775.29	95.8864	92549.3    
455	280   	6143.69	10568.2	109.384	78840.7    
456	280   	5850.6 	10503.3	109.384	92502.1    
457	280   	6059.66	10139.2	109.384	91511.3    
458	280   	6291.99	11252.8	109.384	94647.1    
459	280   	5747.05	9876.21	109.384	107775     
460	280   	4693.35	9333.91	109.384	107775     
461	280   	6065.01	10287.4	109.384	93902.4    
462	280   	5653.19	10604  	109.384	103723     
463	280   	6110.93	9503.81	109.384	61562.5    
464	280   	5664.23	10752.9	109.384	122682     
465	280   	6552.19	11282.9	109.384	100811     
466	280   	4624.8 	8077.17	109.384	100879     
467	280   	5016.3 	9630.17	109.384	100879     
468	280   	5480.77	8929.2 	109.384	52569.2    
469	280   	5460.53	9271.4 	109.384	93777.6    
470	280   	5716.66	9384.47	109.384	59875.3    
471	280   	6193.64	9859.2 	109.384	77756.6    
472	280   	5675.12	9665.75	109.384	77756.6    
473	280   	6006.33	9967.25	109.384	105936     
474	280   	4812.15	8397.75	109.384	54372.1    
475	280   	4496.05	8325.24	109.384	57360.2    
476	280   	6006.22	9978.6 	109.384	61687.8    
477	280   	5368.8 	9470.08	109.384	61687.8    
478	280   	5956.9 	10907.1	109.384	74622.2    
479	280   	5459.77	9511.62	109.384	62460.1    
480	280   	4948.55	9060.39	109.384	73583.3    
481	280   	6971.62	12268  	109.384	111564     
482	280   	5777.1 	9933.54	109.384	75558.8    
483	280   	5920.27	11192.6	109.384	122126     
484	280   	5514.11	9770.21	105.041	70436.2    
485	280   	6379.35	10658  	105.041	82788      
486	280   	5267.5 	9606.31	105.041	64732.4    
487	280   	5764.94	10544.2	105.041	85818.5    
488	280   	4743.89	9222.61	105.041	96741.1    
489	280   	5061.65	9224.39	105.041	83524.3    
490	280   	6156.97	11728.3	105.041	84690.1    
491	280   	5264.06	10049  	105.041	92411.9    
492	280   	6631.57	10743.9	105.041	87545.1    
493	280   	5115.77	10144.8	105.041	114974     
494	280   	5685.08	11586  	105.041	96779      
495	280   	4552.92	8147.22	105.041	83579.2    
496	280   	5320.31	9769.07	105.041	72739.5    
497	280   	5376.22	9364.06	105.041	81698.1    
498	280   	6040.69	10432.5	105.041	81698.1    
499	280   	4131.36	7684.69	105.041	81698.1    
500	280   	5399.88	10084.1	105.041	86627.1    
Time elapsed: 30260 seconds.


Batch Job Summary Report (version 21.01.1) for Job "bpopt" (46866249) on daint

Job information (1/2)
-----------------------------------------------------------------------------------------------------
             Submit            Eligible               Start                 End    Elapsed Time limit
------------------- ------------------- ------------------- ------------------- ---------- ----------
2023-05-26T22:40:11 2023-05-26T22:40:11 2023-05-26T22:40:23 2023-05-27T07:05:59   08:25:36   23:59:00
-----------------------------------------------------------------------------------------------------

Job information (2/2)
-------------------------------------------------------------
    Username      Account    Partition   NNodes        Energy
------------ ------------ ------------ -------- -------------
    bp000145       ich030       normal        8  33395.006 kJ

