
gen	nevals	avg    	std    	min    	max    
1  	140   	575.802	290.556	242.588	2349.63
2  	140   	594.858	388.58 	242.588	3625.7 
3  	140   	511.57 	366.353	227.397	3912.16
4  	140   	425.331	227.167	169.156	3022.09
5  	140   	551.118	3075.52	169.156	51785.8
6  	140   	322.815	130.884	113.206	1215.34
7  	140   	278.728	194.923	79.5234	3113.87
8  	140   	249.776	123.741	79.1988	1321.77
9  	140   	225.169	116.009	27.1478	1008.65
10 	140   	202.509	120.908	37.2904	854.141
11 	140   	194.924	140.545	33.1123	967.866
12 	140   	193.881	325.459	33.1123	4668.31
13 	140   	174.516	148.733	33.1123	1113.51
14 	140   	218.82 	948.512	24.1473	15715.3
15 	140   	159.352	191.825	24.1473	1969.07
16 	140   	143.59 	127.496	27.7452	913.185
17 	140   	195.254	258.355	27.7452	2787.39
18 	140   	163.935	171.205	26.8296	1285.18
19 	140   	134.622	133.213	27.7452	863.917
20 	140   	146.635	162.983	27.7452	1443.95
21 	140   	196.611	726.424	27.7452	11937.8
22 	140   	141.141	154.088	27.7452	1243.56
23 	140   	169.551	430.74 	25.4083	6527.34
24 	140   	151.549	162.985	25.4083	1686.71
25 	140   	215.726	1215.41	25.4083	20350.7
26 	140   	142.098	144.57 	27.7452	1448.16
27 	140   	164.297	331.952	27.7452	4075.5 
28 	140   	142.041	161.413	22.9238	1343.53
29 	140   	182.239	572.659	22.9238	9252.88
30 	140   	129.951	143.088	21.0032	1173.55
31 	140   	126.751	137.888	20.6199	1373.73
32 	140   	142.487	134.983	20.6199	696.939
33 	140   	121.498	112.772	20.6199	543.721
34 	140   	162.24 	352.321	20.6199	4791.26
35 	140   	133.526	178.572	19.1814	1526.95
36 	140   	133.193	160.736	19.1814	1560.06
37 	140   	126.952	124.451	20.8468	785.099
38 	140   	142.98 	146.099	20.8468	933.801
39 	140   	137.27 	154.156	20.8468	1345.45
40 	140   	139.964	144.592	19.7586	897.847
41 	140   	136.82 	134.445	19.7586	782.921
42 	140   	131.058	137.595	20.8468	895.81 
43 	140   	136.872	195.319	20.8468	2330.4 
44 	140   	140.07 	172.229	20.4659	1445.97
45 	140   	138.739	153.705	20.8468	1216.52
46 	140   	131.405	162.731	20.8468	1812.31
47 	140   	139.956	142.637	20.8468	733.718
48 	140   	128.797	171.869	19.3053	1762.5 
49 	140   	142.878	152.916	19.3053	896.121
50 	140   	145.619	174.458	19.3053	1409.89
51 	140   	151.491	237.882	19.3053	3168.01
52 	140   	128.327	239.115	19.3053	3590.6 
53 	140   	146.283	166.104	19.3053	1084.74
54 	140   	115.826	126.811	19.0563	683.16 
55 	140   	154.052	224.327	19.0563	2210.17
56 	140   	144.611	172.873	19.0563	1413.63
57 	140   	133.466	161.568	19.0563	1269.43
58 	140   	116.388	145.642	19.0563	1139.1 
59 	140   	148.597	231.656	19.0563	2210.06
60 	140   	131.811	157.223	19.0563	1128   
61 	140   	114.548	163.365	19.0563	1761.39
62 	140   	131.002	151.477	19.0563	1295.76
63 	140   	145.229	336.863	19.0563	4970.97
64 	140   	133.584	151.545	19.0563	992.496
65 	140   	151.116	260.835	19.0563	3471.73
66 	140   	115.368	123.913	19.0563	734.142
67 	140   	160.257	312.646	19.0563	3721.47
68 	140   	125.893	151.754	19.0563	1446.37
69 	140   	118.947	144.129	19.0563	991.379
70 	140   	129.48 	135.474	19.0563	783.3  
71 	140   	124.706	140.382	19.0563	1057.07
72 	140   	123.068	142.536	19.0563	1100.82
73 	140   	117.74 	130.317	14.7751	894.461
74 	140   	121.912	145.331	14.7751	1113.26
75 	140   	143.676	235.002	14.7751	3083.99
76 	140   	121.375	206.043	14.7751	2964.25
77 	140   	119.046	158.988	13.8431	1885.4 
78 	140   	134.851	156.86 	13.8431	1103.57
79 	140   	125.38 	141.38 	14.7751	1184.08
80 	140   	119.338	145.753	14.7751	1387.08
81 	140   	125.354	139.761	14.7751	994.551
82 	140   	125.89 	137.215	14.7751	770.472
83 	140   	121.479	146.047	14.7751	1113.17
84 	140   	135.767	185.489	14.7751	1544.53
85 	140   	176.004	1122.1 	14.7751	18642  
86 	140   	138.919	214.016	14.7751	2754.9 
87 	140   	125.773	147.689	14.7751	855.501
88 	140   	110.933	148.515	14.7751	1469.16
89 	140   	140.959	251.211	14.7751	2642.44
90 	140   	122.359	144.082	14.7751	961.536
91 	140   	117.187	152.974	14.7751	1173.96
92 	140   	128.144	170.907	15.6605	1244.95
93 	140   	132.331	310.393	15.6605	4856.04
94 	140   	143.028	204.597	15.6605	1664.49
95 	140   	162.27 	533.416	15.6605	8637.12
96 	140   	151.71 	528.716	15.6605	8637.12
97 	140   	132.372	184.186	15.6605	1729.52
98 	140   	141.711	298.574	15.6605	4094.96
99 	140   	116.859	166.313	15.6605	1493.29
100	140   	144.305	459.475	15.6605	7387.87
101	140   	113.187	143.409	15.6605	972.561
102	140   	110.318	146.695	15.6605	1510.85
103	140   	120.835	169.319	15.6605	1789.3 
104	140   	135.371	184.83 	15.6605	1807.49
105	140   	121.041	129.41 	15.6605	822.178
106	140   	118.627	148.697	15.6605	1348.31
107	140   	147.889	219.721	15.6605	2160.4 
108	140   	116.584	144.062	15.6605	1352.04
109	140   	112.51 	134.515	15.6605	925.897
110	140   	110.825	145.535	15.6605	1431.93
111	140   	143.998	208.304	15.6605	2149.35
112	140   	134.81 	157.438	15.6605	1422.08
113	140   	117.513	187.007	15.6605	1996.29
114	140   	117.216	121.461	15.6605	596.509
115	140   	153.642	222.688	15.6605	2378.35
116	140   	138.594	186.588	13.877 	1850.8 
117	140   	134.707	291.463	13.877 	4333.53
118	140   	131.352	287.601	13.877 	4362.45
119	140   	135.251	215.92 	13.877 	2154.91
120	140   	169.562	775.179	13.877 	12720.9
121	140   	163.838	775.451	13.877 	12750.1
122	140   	182.968	822.914	13.877 	10861.2
123	140   	119.778	185.294	13.877 	2291.05
124	140   	161.349	549.46 	13.877 	8766.82
125	140   	130.182	151.948	13.877 	1148.25
126	140   	130.176	156.018	13.877 	1134.76
127	140   	128.112	147.271	13.877 	1241.26
128	140   	129.529	360.755	13.877 	5695.21
129	140   	124.544	194.675	13.877 	1768.07
130	140   	113.78 	137.204	13.877 	1077.1 
131	140   	120.088	142.884	13.877 	1081.66
132	140   	181.748	718.059	13.877 	11875.2
133	140   	311.894	3006   	13.877 	50453.2
134	140   	133.733	195.56 	13.877 	2054.09
135	140   	118.133	148.163	13.877 	1402.21
136	140   	122.862	142.474	15.6605	1036.47
137	140   	144.992	228.017	15.8674	3170.42
138	140   	143.379	203.278	15.8674	1791.23
139	140   	122.718	142.886	15.8674	1339.86
140	140   	114.147	138.103	15.8674	864.908
141	140   	116.639	127.074	15.8674	679.774
142	140   	94.6866	105.48 	15.8674	855.695
143	140   	126.151	160.051	15.8674	1233.31
144	140   	120.103	133.937	15.8674	767.189
145	140   	133.656	170.617	15.8674	992.567
146	140   	122.514	149.555	15.8674	1074.02
147	140   	131.18 	220.305	15.8674	2672.7 
148	140   	124.03 	159.91 	13.4159	1295.08
149	140   	108.364	145.478	13.4159	1153.04
150	140   	118.56 	163.305	13.4159	1510.84
151	140   	131.306	254.191	13.4159	2807   
152	140   	122.675	145.057	13.4159	1076.28
153	140   	122.192	136.845	13.4159	771.086
154	140   	111.231	129.138	13.4159	970.388
155	140   	120.522	134.393	13.1045	773.831
156	140   	127.484	201.889	13.1045	1633.34
157	140   	227.505	1886.92	13.1045	31663  
158	140   	143.358	192.168	13.1045	2263.01
159	140   	131.408	152.521	13.1045	1030.11
160	140   	150.524	146.357	13.4159	919.974
161	140   	146.841	300.506	13.4159	4710.8 
162	140   	119.514	128.219	13.6157	789.495
163	140   	100.686	106.778	13.6157	542.652
164	140   	125.407	143.94 	13.6157	1037.81
165	140   	125.259	203.865	13.6157	2681.3 
166	140   	114.762	127.085	13.6157	593.688
167	140   	154.815	640.81 	13.6157	10475.2
168	140   	132.715	217.204	13.6157	1768.56
169	140   	115.04 	140.516	13.6157	800.414
170	140   	138.729	196.751	13.6157	1841.19
171	140   	124.303	141.883	13.6157	1237.43
172	140   	122.506	174.809	14.623 	1717.49
173	140   	120.323	176.585	14.623 	1570.15
174	140   	124.137	167.754	13.9126	1093.16
175	140   	122.148	188.647	13.6877	2307.79
176	140   	118.321	151    	14.623 	1133.76
177	140   	143.298	418.687	14.4959	6650.51
178	140   	121.007	137.294	14.4959	953.724
179	140   	128.232	200.618	14.4959	1989.97
180	140   	119.974	135.423	14.623 	846.711
181	140   	125.493	169.765	14.623 	1384.42
182	140   	135.655	201.078	14.623 	2006.36
183	140   	121.975	150.917	14.623 	1026.15
184	140   	120.631	142.945	14.623 	728.221
185	140   	111.513	129.065	14.623 	755.74 
186	140   	122.967	156.873	14.623 	921.468
187	140   	109.496	127.831	14.623 	808.309
188	140   	109.571	123.643	14.623 	791.554
189	140   	125.025	156.94 	14.623 	1370.9 
190	140   	138.727	190.862	14.623 	1221.49
191	140   	107.157	147.564	14.623 	1070.43
192	140   	126.775	342.561	14.623 	5424.4 
193	140   	127.05 	173.726	14.623 	1517.4 
194	140   	125.857	143.4  	14.623 	854.574
195	140   	119.139	152.501	14.623 	1339.08
196	140   	99.5557	124.659	14.623 	728.818
197	140   	148.531	202.966	14.623 	2155.04
198	140   	130.371	169.528	14.623 	1483.63
199	140   	131.753	152.684	14.623 	875.53 
200	140   	141.763	217.734	14.623 	2223.22
Time elapsed: 1426 seconds.


Batch Job Summary Report (version 21.01.1) for Job "bpopt" (46430097) on daint

Job information (1/2)
-----------------------------------------------------------------------------------------------------
             Submit            Eligible               Start                 End    Elapsed Time limit
------------------- ------------------- ------------------- ------------------- ---------- ----------
2023-05-04T11:53:35 2023-05-04T11:53:35 2023-05-04T11:53:55 2023-05-04T12:18:57   00:25:02   00:59:00
-----------------------------------------------------------------------------------------------------

Job information (2/2)
-------------------------------------------------------------
    Username      Account    Partition   NNodes        Energy
------------ ------------ ------------ -------- -------------
    bp000145       ich030       normal        4   1055.621 kJ

