
gen	nevals	avg    	std    	min    	max        
1  	140   	1452.03	4039.18	102.538	47332.3    
2  	140   	1463.53	3845.06	102.538	47332.3    
3  	140   	650.329	757.329	97.6294	10137.9    
4  	140   	507.73 	392.214	64.1986	3411.86    
5  	140   	390.013	262.957	52.2412	1640.22    
6  	140   	328.827	240.243	52.2412	1301.78    
7  	140   	308.355	242.743	52.2412	1179.46    
8  	140   	253.876	248.691	52.2412	1428.54    
9  	140   	267.932	239.443	52.2412	1261.3     
10 	140   	352.753	644.582	52.2412	8496.9     
11 	140   	240.631	254.535	52.2412	2396.13    
12 	140   	233.654	226.098	52.2412	1146.43    
13 	140   	281.911	349.578	52.0497	4333.75    
14 	140   	267.967	266.467	38.6757	2244.62    
15 	140   	281.061	299.776	44.8449	2257.15    
16 	140   	291.531	352.866	40.0072	2257.15    
17 	140   	261.512	293.534	45.6111	2257.15    
18 	140   	253.216	276.95 	45.6111	2257.15    
19 	140   	8396.91	136040 	36.1768	2.28068e+06
20 	140   	226.102	228.502	36.1768	1342.74    
21 	140   	323.358	1657.02	36.1768	27781.5    
22 	140   	235.618	232.592	35.9024	1295.57    
23 	140   	247.353	241.301	35.9024	1205.57    
24 	140   	240.146	327.938	35.9024	3702.93    
25 	140   	247.342	290.214	35.9024	3063.35    
26 	140   	243.772	223.751	35.9024	1313.54    
27 	140   	293.881	253.286	35.9024	1303.53    
28 	140   	234.142	256.954	35.9024	2039.84    
29 	140   	225.018	222.826	35.9024	1147.35    
30 	140   	221.389	215.713	35.9024	1084.18    
31 	140   	232.16 	229.785	35.9024	1143.66    
32 	140   	244.802	257.728	35.9024	2162.68    
33 	140   	255.297	425.132	35.9024	6354.05    
34 	140   	229.046	223.597	35.9024	1211.08    
35 	140   	240.238	248.603	35.9024	1256.25    
36 	140   	243.756	258.258	35.9024	1258.28    
37 	140   	351.671	1637.43	35.9024	27350.5    
38 	140   	264.24 	261.961	35.9024	1102.1     
39 	140   	241.673	245.035	35.9024	1087.26    
40 	140   	258.545	260.38 	35.9024	1199.89    
41 	140   	235.072	255.692	35.9024	1211.29    
42 	140   	236.163	258.373	35.9024	1155.82    
43 	140   	241.602	255.772	35.9024	1213.03    
44 	140   	364.002	1877.62	35.9024	31467.8    
45 	140   	232.863	227.763	35.9024	1114.17    
46 	140   	268.177	550.445	35.9024	8616.13    
47 	140   	264.742	233.878	35.9024	1246.57    
48 	140   	244.191	245.5  	35.9024	1141.99    
49 	140   	259.361	340.969	35.9024	4186.85    
50 	140   	266.68 	377.142	35.1767	4186.85    
51 	140   	281.201	373.82 	35.1767	4186.85    
52 	140   	269.012	282.487	37.3536	2009.18    
53 	140   	254.487	283.189	37.3536	2009.18    
54 	140   	247.156	252.607	37.3536	1207.82    
55 	140   	293.754	447.052	37.3536	6155.69    
56 	140   	244.723	273.171	37.3536	1750.14    
57 	140   	272.878	300.657	37.3536	1776.18    
58 	140   	235.486	234.258	37.169 	1149.8     
59 	140   	295.111	266.68 	37.169 	1126.34    
60 	140   	279.092	370.176	37.169 	4332.82    
61 	140   	310.926	904.358	37.169 	14650.2    
62 	140   	253.346	269.486	37.169 	1273.09    
63 	140   	242.016	259.994	37.169 	1129.1     
64 	140   	259.851	280.239	37.1514	1163.52    
65 	140   	276.267	285.565	36.6656	1291.66    
66 	140   	258.768	266.496	37.169 	1158.92    
67 	140   	234.423	254.638	37.169 	2208.34    
68 	140   	239.151	233.249	37.169 	1103.33    
69 	140   	266.406	402.387	37.169 	4917.54    
70 	140   	277.3  	473.305	37.169 	4917.54    
71 	140   	254.722	244.964	35.6441	1277.71    
72 	140   	251.387	265.792	35.6441	2430.26    
73 	140   	245.002	245.798	35.6441	1360.36    
74 	140   	250.616	271.038	35.3486	1711.65    
75 	140   	246.164	272.933	35.3486	1711.65    
76 	140   	263.548	280.556	35.6441	1360.36    
77 	140   	253.699	251.315	35.6441	1360.36    
78 	140   	262.857	300.227	35.6441	2142.77    
79 	140   	285.068	649.342	35.6441	10345.3    
80 	140   	223.228	240.06 	35.6441	1448.42    
81 	140   	262.037	234.626	39.6617	1250.96    
82 	140   	240.249	231.288	39.6617	1139.23    
83 	140   	223.623	239.149	35.3411	1139.23    
84 	140   	249.605	257.192	35.3411	1109.07    
85 	140   	293.756	336.769	35.3411	2805.94    
86 	140   	279.913	334.979	35.3411	2805.94    
87 	140   	242.908	306.304	35.3411	3091.77    
88 	140   	251.66 	375.288	35.3411	4938.29    
89 	140   	220.715	255.667	35.3411	2039.82    
90 	140   	221.658	225.634	35.0819	1100.28    
91 	140   	288.378	280.273	35.0819	1433.95    
92 	140   	239.022	266.718	35.0819	1245.6     
93 	140   	238.593	282.623	35.3411	2144.54    
94 	140   	258.348	269.289	35.2906	1235.03    
95 	140   	245.039	282.467	34.7831	1778       
96 	140   	285.807	379.18 	33.8444	3968.27    
97 	140   	265.832	293.228	33.8444	1595.16    
98 	140   	242.708	248.959	33.8444	1595.16    
99 	140   	245.836	280.734	33.8444	1595.16    
100	140   	261.343	311.535	33.8444	1652.42    
Time elapsed: 758 seconds.


Batch Job Summary Report (version 21.01.1) for Job "bpopt" (45992336) on daint

Job information (1/2)
-----------------------------------------------------------------------------------------------------
             Submit            Eligible               Start                 End    Elapsed Time limit
------------------- ------------------- ------------------- ------------------- ---------- ----------
2023-04-14T11:23:18 2023-04-14T11:23:18 2023-04-14T11:25:45 2023-04-14T11:39:41   00:13:56   00:59:00
-----------------------------------------------------------------------------------------------------

Job information (2/2)
-------------------------------------------------------------
    Username      Account    Partition   NNodes        Energy
------------ ------------ ------------ -------- -------------
    bp000145       ich030       normal        4    562.454 kJ

