
gen	nevals	avg    	std    	min    	max    
1  	140   	1019.05	1087.93	45.6938	7192.31
2  	140   	1079.67	1684.08	45.6938	22056.8
3  	140   	411.949	262.989	45.6938	2251.34
4  	140   	314.285	606.798	41.13  	9710.12
5  	140   	260.375	207.55 	24.4225	1213.19
6  	140   	219.743	197.77 	24.4225	1576.45
7  	140   	205.683	175.674	24.4225	868.357
8  	140   	219.295	323.303	24.4225	4656.39
9  	140   	195.367	199.044	24.4225	1380.59
10 	140   	184.373	165.598	24.4225	735.728
11 	140   	198.39 	192.173	23.7298	1257.22
12 	140   	207.023	198.02 	23.7298	930.535
13 	140   	181.632	191.994	22.6281	1353.73
14 	140   	146.254	138.98 	22.6281	877.372
15 	140   	166.613	160.087	24.4225	903.807
16 	140   	181.217	202.246	24.4225	2065.01
17 	140   	176.002	173.325	20.093 	849.675
18 	140   	163.926	159.595	20.093 	866.557
19 	140   	156.761	194.945	20.093 	2077.96
20 	140   	140.717	152.847	20.093 	1065.25
21 	140   	154.953	180.757	20.093 	1749.6 
22 	140   	142.383	167.024	19.7355	1288.32
23 	140   	126.229	143.847	19.7355	842.524
24 	140   	142.873	207.534	19.7355	1917.38
25 	140   	155.689	278.128	19.3366	3291.81
26 	140   	157.326	214.422	19.0808	1826.97
27 	140   	124.533	172.078	19.3366	1683.11
28 	140   	143.801	164.915	19.3366	1043.55
29 	140   	131.933	155.683	19.3366	831.581
30 	140   	155.046	205.705	19.3366	1645.26
31 	140   	131.413	174.053	19.7355	1289.83
32 	140   	128.581	152.234	19.7355	1083.93
33 	140   	143.242	187.968	19.7355	1977.57
34 	140   	202.553	183.464	19.9618	1609.42
35 	140   	171.29 	320.05 	19.9618	4867.53
36 	140   	234.456	1751.41	19.9618	29394.4
37 	140   	139.639	154.359	19.9618	964.579
38 	140   	147.697	182.675	19.0496	1509.2 
39 	140   	177.704	646.167	19.0496	10638  
40 	140   	166.043	646.017	19.0496	10638  
41 	140   	251.565	1089.21	19.9618	10638  
42 	140   	181.149	156.048	20.034 	662.607
43 	140   	149.472	149.006	20.034 	783.071
44 	140   	170.936	172.285	20.034 	1481.03
45 	140   	158.506	170.668	19.7437	1481.03
46 	140   	144.184	161.895	19.7437	1051.61
47 	140   	189.882	229.953	17.845 	2181.59
48 	140   	151.193	164.841	17.845 	757.347
49 	140   	213.954	221.687	17.845 	879.438
50 	140   	162.36 	204.309	17.845 	1377.18
51 	140   	158.656	178.903	17.845 	881.586
52 	140   	199.908	197.169	17.845 	1133.93
53 	140   	144.915	157.393	17.845 	953.656
54 	140   	180.966	559.807	17.845 	9096.43
55 	140   	127.95 	147.403	19.7437	907.123
56 	140   	146.994	228.499	19.7437	2865.32
57 	140   	127.382	147.68 	19.7437	880.994
58 	140   	120.656	139.175	19.7437	842.042
59 	140   	123.341	152.87 	19.7437	1249.1 
60 	140   	134.947	161.019	19.1389	1096.15
61 	140   	123.745	147.288	19.25  	871.714
62 	140   	135.771	208.819	19.25  	2525.95
63 	140   	122.726	164.38 	19.25  	1508.34
64 	140   	155.314	185.057	19.25  	1794.44
65 	140   	137.98 	159.65 	19.7437	906.354
66 	140   	128.227	162.833	19.7437	1398.11
67 	140   	302.661	2877.1 	19.7437	48285.2
68 	140   	128.462	183.863	19.7437	1913.23
69 	140   	139.974	210.306	19.365 	2669.72
70 	140   	130.655	143.128	19.365 	648.108
71 	140   	146.899	208.154	19.365 	2095.47
72 	140   	159.453	244.15 	18.6354	3195.76
73 	140   	126.383	167.249	18.9006	1733.26
74 	140   	124.484	160.873	19.365 	1619.67
75 	140   	143.342	169.251	19.365 	1349.96
76 	140   	154.712	158.446	19.365 	1209   
77 	140   	136.971	146.773	19.365 	714.218
78 	140   	132.249	243.732	19.365 	3545.19
79 	140   	202.04 	1161.54	19.365 	19341.8
80 	140   	129.714	186.426	19.365 	2319.77
81 	140   	120.847	136.661	19.365 	942.202
82 	140   	142.062	379.944	19.365 	5764.72
83 	140   	131.936	224.965	19.365 	3069.62
84 	140   	106.335	129.319	19.365 	579.954
85 	140   	130.727	141.567	19.365 	712.05 
86 	140   	124.07 	135.952	19.365 	696.416
87 	140   	134.502	187.346	19.365 	1772.11
88 	140   	133.015	158.296	19.365 	782.919
89 	140   	119.469	157.194	19.365 	1225.43
90 	140   	124.017	147.965	19.365 	805.003
91 	140   	134.14 	309.844	19.365 	4701.64
92 	140   	135.688	187.071	19.365 	2111.4 
93 	140   	126.046	267.35 	19.365 	3960.8 
94 	140   	256.115	896.546	19.365 	11713.2
95 	140   	183.06 	584.699	20.093 	6804.82
96 	140   	119.026	138.042	20.093 	785.338
97 	140   	126.166	149.099	20.093 	892.819
98 	140   	127.782	148.589	20.093 	957.96 
99 	140   	198.964	153.409	20.093 	947.518
100	140   	184.146	183.171	22.7983	1352.35
Time elapsed: 2328 seconds.


Batch Job Summary Report (version 21.01.1) for Job "bpopt" (46101053) on daint

Job information (1/2)
-----------------------------------------------------------------------------------------------------
             Submit            Eligible               Start                 End    Elapsed Time limit
------------------- ------------------- ------------------- ------------------- ---------- ----------
2023-04-18T10:39:38 2023-04-18T10:39:38 2023-04-18T10:39:42 2023-04-18T11:20:40   00:40:58   00:59:00
-----------------------------------------------------------------------------------------------------

Job information (2/2)
-------------------------------------------------------------
    Username      Account    Partition   NNodes        Energy
------------ ------------ ------------ -------- -------------
    bp000145       ich030       normal        4   1421.102 kJ

