
gen	nevals	avg    	std    	min    	max        
1  	140   	495.073	339.22 	103.721	2380.58    
2  	140   	501.615	408.634	103.721	3700.17    
3  	140   	373.938	363.083	89.2055	3634.68    
4  	140   	287.809	217.262	60.487 	1900.48    
5  	140   	264.929	230.84 	32.9638	1461.11    
6  	140   	199.799	215.314	32.9638	1962.66    
7  	140   	199.057	241.136	32.9638	2618.96    
8  	140   	158.527	147.589	32.9638	1080.4     
9  	140   	137.981	135.684	32.9638	1080.4     
10 	140   	157.054	239.866	32.1928	3127.3     
11 	140   	134.162	121.057	29.9442	1080.4     
12 	140   	161.861	169.571	29.9442	1144.26    
13 	140   	166.55 	174.789	29.9998	1144.26    
14 	140   	147.919	155.597	32.5241	1080.4     
15 	140   	147.347	141.978	32.9638	963.03     
16 	140   	186.273	406.531	32.9638	6490.91    
17 	140   	175.617	185.729	32.9638	1301.51    
18 	140   	160.334	140.515	28.9102	787.709    
19 	140   	140.92 	154.008	26.2022	1635.65    
20 	140   	138.673	150.336	25.7995	1411.82    
21 	140   	144.483	159.847	20.7665	1074.6     
22 	140   	160.015	777.255	20.7665	12971.4    
23 	140   	186.928	797.326	20.7665	13111      
24 	140   	127.388	166.764	20.7665	1764.56    
25 	140   	202.053	1077.28	20.7665	17977.7    
26 	140   	137.358	134.267	20.7665	853.625    
27 	140   	129.317	150.301	20.7665	1215.97    
28 	140   	118.047	148.463	17.3271	1411.62    
29 	140   	123.064	169.966	20.7665	1774.19    
30 	140   	125.516	182.036	20.7665	1774.19    
31 	140   	121.411	141.322	20.7665	886.008    
32 	140   	139.636	217.611	20.7665	2651.18    
33 	140   	124.925	157.729	20.7665	1197.53    
34 	140   	115.467	260.275	20.7665	3526.52    
35 	140   	111.704	115.458	20.7665	1041.04    
36 	140   	109.505	105.241	20.7665	842.631    
37 	140   	105.397	122.484	19.8467	956.321    
38 	140   	188.581	1290.39	17.9864	21646.5    
39 	140   	102.592	113.703	17.9864	1047.56    
40 	140   	112.815	116.629	20.7665	678.167    
41 	140   	110.999	112.846	20.7665	694.844    
42 	140   	112.743	123.782	19.5083	822.213    
43 	140   	132.561	211.933	19.5083	1860.45    
44 	140   	109.249	113.322	19.5083	710.33     
45 	140   	111.305	124.487	19.5083	844.898    
46 	140   	125.281	171.58 	19.5083	1494.25    
47 	140   	132.494	211.415	19.5083	1516.05    
48 	140   	122.426	164.866	19.5083	1494.25    
49 	140   	113.262	147.782	18.7089	1109.36    
50 	140   	121.323	220.274	18.7089	3060.02    
51 	140   	105.454	164.558	18.7089	2165.17    
52 	140   	96.3118	113.431	18.7089	758.424    
53 	140   	112.372	128.884	18.7089	1148.19    
54 	140   	107.399	136.579	18.7089	1497.1     
55 	140   	117.456	229.099	18.7089	3323.92    
56 	140   	107.239	127.02 	18.7089	1046.56    
57 	140   	110.94 	143.326	18.7089	1402.73    
58 	140   	114.642	171.736	16.2221	1594.38    
59 	140   	144.617	503.432	16.2221	6528.04    
60 	140   	114.737	130.667	16.2221	1038.63    
61 	140   	106.531	128.875	16.2221	1120.93    
62 	140   	103.178	131.594	16.2221	1143.92    
63 	140   	107.712	150.731	16.2221	1625.32    
64 	140   	102.378	149.606	16.2221	1644.7     
65 	140   	92.6644	100.909	16.2221	504.293    
66 	140   	95.9423	106.493	16.2221	791.037    
67 	140   	105.179	118.338	16.2221	653.773    
68 	140   	91.1062	113.98 	16.2221	806.926    
69 	140   	95.6549	110.566	16.2221	868.69     
70 	140   	103.643	128.49 	16.2221	1131.79    
71 	140   	114.222	134.711	16.2221	1551.2     
72 	140   	103.998	120.01 	16.2221	1341.47    
73 	140   	96.4887	135.3  	16.2221	1925.96    
74 	140   	90.6234	83.2641	16.2221	505.101    
75 	140   	95.8483	137.947	16.2221	1825.75    
76 	140   	96.6577	116.873	16.2221	1005.87    
77 	140   	92.6033	100.002	16.2221	881.139    
78 	140   	116.943	114.486	16.2221	881.139    
79 	140   	297.19 	2803.23	16.2221	47043.2    
80 	140   	124.313	283.943	16.2221	3780.53    
81 	140   	397.716	4800.4 	15.7479	80459.5    
82 	140   	97.1439	107.529	16.2221	749.538    
83 	140   	104.064	118.943	16.2221	833.841    
84 	140   	124.075	296.461	16.2221	4617.07    
85 	140   	109.629	106.093	16.0779	850.899    
86 	140   	96.9005	100.073	16.0779	713.924    
87 	140   	107.754	99.3377	16.0779	782.458    
88 	140   	108.227	109.902	16.0779	799.447    
89 	140   	101.689	111.401	16.0779	797.294    
90 	140   	95.9767	89.6735	16.0779	508.713    
91 	140   	103.965	110.752	16.0779	794.223    
92 	140   	98.3298	106.859	16.0779	587.809    
93 	140   	118.875	286.2  	16.0779	4350.72    
94 	140   	108.578	272.802	16.0779	4362.03    
95 	140   	123.28 	123.292	16.0779	982.207    
96 	140   	162.846	905.586	16.0779	14975.5    
97 	140   	104.904	118.721	16.0779	1016.74    
98 	140   	104.514	105.358	16.0779	573.371    
99 	140   	99.1542	117.489	13.8065	880.898    
100	140   	117.101	287.663	13.8065	4311.49    
101	140   	96.5796	95.1303	15.9659	490.033    
102	140   	116.501	104.083	16.0779	828.73     
103	140   	104.197	102.745	16.0779	904.911    
104	140   	107.443	141.736	16.0779	1395.88    
105	140   	102.175	110.515	16.0779	745.808    
106	140   	112.145	219.43 	16.0779	3374.64    
107	140   	107.215	154.24 	16.0779	1899.24    
108	140   	110.701	222.611	13.5729	3247.01    
109	140   	108.669	173.683	16.0779	2107.58    
110	140   	106.469	219.914	16.0779	3452.29    
111	140   	95.6951	96.4903	16.0779	643.855    
112	140   	108.935	213.328	16.0779	3155.87    
113	140   	97.8319	112.496	16.0779	1094.75    
114	140   	106.106	123.904	16.0779	940.971    
115	140   	106.842	135.631	16.0779	1017.62    
116	140   	301.297	3314.41	16.0779	55604.8    
117	140   	102.351	120.73 	16.0779	915.075    
118	140   	105.146	120.782	16.0779	805.399    
119	140   	114.42 	172.811	16.0779	1737.78    
120	140   	101.745	128.891	16.0779	1237.61    
121	140   	124.121	284.073	16.0779	3681.09    
122	140   	99.8337	152.687	16.0779	1769.84    
123	140   	102.638	180.028	14.983 	2621.31    
124	140   	97.4295	111.947	16.0779	1160.32    
125	140   	101.178	131.331	16.0779	1698.43    
126	140   	119.527	264.208	16.0779	4060.13    
127	140   	114.646	231.612	16.0779	3554.49    
128	140   	111.782	145.7  	16.0779	1369.61    
129	140   	96.5012	117.917	16.0779	1247.24    
130	140   	283.797	2983.47	16.0779	49974.9    
131	140   	104.349	161.729	16.0779	2088.47    
132	140   	92.246 	107.373	16.0366	1096.89    
133	140   	101.874	110.035	16.0366	585.037    
134	140   	105.776	93.3107	16.0366	717.744    
135	140   	109.501	109.925	16.0366	698.575    
136	140   	97.2343	138.706	16.0366	1794.46    
137	140   	128.51 	348.862	16.0366	4332.77    
138	140   	107.354	122.871	15.3706	821.901    
139	140   	108.224	130.683	14.2362	1297.65    
140	140   	127.893	540.028	14.2362	8953.32    
141	140   	110.665	199.07 	14.2362	2091.02    
142	140   	148.763	739.422	14.2362	12115.1    
143	140   	93.6797	134.583	14.2362	1637.63    
144	140   	96.2157	107.467	14.2362	603.908    
145	140   	97.6119	119.839	14.2362	1009.78    
146	140   	97.2427	132.225	14.2362	1540.17    
147	140   	85.3873	100.15 	14.2362	816.874    
148	140   	95.6246	110.167	14.2362	690.13     
149	140   	92.4024	100.454	14.2362	710.358    
150	140   	133.259	494.025	14.2362	8097.14    
151	140   	98.0583	103.608	13.5842	627.426    
152	140   	104.57 	125.539	13.5842	970.606    
153	140   	123.836	360.658	13.5842	5599.13    
154	140   	95.5172	104.174	13.5842	616.044    
155	140   	86.3445	90.6833	14.077 	653.696    
156	140   	100.154	118.083	14.077 	960.18     
157	140   	98.8093	124.949	14.077 	1302.23    
158	140   	103.378	168.903	14.077 	2162.55    
159	140   	93.4073	96.3053	14.077 	533.537    
160	140   	121.027	187.574	14.2362	2586.61    
161	140   	104.169	145.072	14.2362	1755.77    
162	140   	95.0774	96.436 	14.2362	540.444    
163	140   	91.1041	108.779	14.2362	949.575    
164	140   	123.81 	365.012	14.2362	5913.57    
165	140   	179.325	1117.77	14.2362	18022.7    
166	140   	253.427	1562.99	14.2362	18889.6    
167	140   	99.8655	142.375	14.2362	1414.11    
168	140   	93.8523	133.246	14.2362	1669.17    
169	140   	96.9436	122.851	14.2362	1350.28    
170	140   	96.3288	91.5193	14.2362	579.831    
171	140   	92.9415	90.6017	14.2362	418.616    
172	140   	95.8318	89.0719	14.2362	418.197    
173	140   	108.861	156.647	14.2362	2080.67    
174	140   	90.216 	89.1465	14.2362	774.34     
175	140   	121.309	134.005	14.2362	1189.07    
176	140   	115.797	118.742	14.2362	722.429    
177	140   	135.071	114.345	14.2362	721.809    
178	140   	116.744	111.433	14.2362	732.286    
179	140   	114.489	126.153	14.2362	943.945    
180	140   	102.556	106.171	14.2362	721.809    
181	140   	119.206	378.716	14.2362	6136.88    
182	140   	118.262	280.057	13.58  	4300.52    
183	140   	121.747	94.8637	13.58  	921.101    
184	140   	124.239	216.112	13.58  	3170.98    
185	140   	123.126	263.663	13.58  	3165.9     
186	140   	106.331	119.241	13.58  	870.847    
187	140   	84.7051	104.734	13.58  	992.499    
188	140   	4178.09	68145.4	13.58  	1.14243e+06
189	140   	12481.1	117614 	13.58  	1.14243e+06
190	140   	12351.5	117606 	13.58  	1.14243e+06
191	140   	2246.56	35630.5	13.58  	597385     
192	140   	115.47 	175.995	13.58  	2143.22    
193	140   	100.795	125.24 	13.58  	1071.85    
194	140   	95.2637	112.694	14.2362	636.099    
195	140   	90.4878	106.778	14.2362	783.265    
196	140   	98.943 	168.775	13.6549	2291.33    
197	140   	100.792	139.866	13.6549	1568.94    
198	140   	91.622 	122.988	14.2362	1005.54    
199	140   	113.992	135.404	14.2362	901.932    
200	140   	133.1  	647.847	14.2362	10801.1    
Time elapsed: 1410 seconds.


Batch Job Summary Report (version 21.01.1) for Job "bpopt" (46425920) on daint

Job information (1/2)
-----------------------------------------------------------------------------------------------------
             Submit            Eligible               Start                 End    Elapsed Time limit
------------------- ------------------- ------------------- ------------------- ---------- ----------
2023-05-04T09:07:55 2023-05-04T09:07:55 2023-05-04T09:08:27 2023-05-04T09:33:13   00:24:46   00:59:00
-----------------------------------------------------------------------------------------------------

Job information (2/2)
-------------------------------------------------------------
    Username      Account    Partition   NNodes        Energy
------------ ------------ ------------ -------- -------------
    bp000145       ich030       normal        4   1000.840 kJ

