
gen	nevals	avg    	std    	min    	max        
1  	280   	7626.29	1599.46	5586.48	9000       
2  	280   	7629.64	1597.59	5586.48	9000       
3  	280   	6171.07	1334.1 	5546.48	24945.5    
4  	280   	5819.9 	675.265	5431.17	17878.5    
5  	280   	5752.82	1067.09	5454.61	30339.2    
6  	280   	5837.01	3405.23	5397.49	85687.5    
7  	280   	5919.37	3938   	5397.49	85687.5    
8  	280   	5927.01	3948.33	5359.23	85687.5    
9  	280   	5926.97	4084.34	5350.15	90169.7    
10 	280   	5640.63	2031.29	3869.84	36452.6    
11 	280   	5852.81	3198.96	2715.64	36452.6    
12 	280   	6241.66	4320.82	2715.64	36452.6    
13 	280   	7208.95	6700.42	1046.78	37742      
14 	280   	8849.36	9200.67	982.954	49194.3    
15 	280   	8581.62	9312.13	935.928	49194.3    
16 	280   	10267.6	11211.5	935.928	49194.3    
17 	280   	9180.75	11134.3	935.928	89545.6    
18 	280   	9463.16	11439  	935.928	89545.6    
19 	280   	10141.9	11696.1	831.726	51005.4    
20 	280   	9665.45	11977.7	831.726	51005.4    
21 	280   	9948.56	11995.6	831.726	55150.8    
22 	280   	10514.8	12830.3	831.726	55189.1    
23 	280   	10412.3	11879.6	831.726	50877.9    
24 	280   	9340.98	11011.3	690.591	54521.2    
25 	280   	10076.2	11282.8	610.223	45319.9    
26 	280   	9556.86	10575.1	610.223	48350.3    
27 	280   	9933.48	11194.2	610.223	52737.4    
28 	280   	9711.46	10462.9	610.223	46243.8    
29 	280   	10220.3	11225.9	610.223	63169.7    
30 	280   	9775.51	11157.2	610.223	51086.8    
31 	280   	9970.25	11009.5	610.223	51086.8    
32 	280   	9428.32	11220.6	610.223	51086.8    
33 	280   	10989.3	11925.7	610.223	51086.8    
34 	280   	9183.65	10535.7	610.223	51086.8    
35 	280   	10467.5	12368.7	610.223	108572     
36 	280   	11068.4	12322.6	610.223	59799.5    
37 	280   	9991.39	11563.6	610.223	53275.3    
38 	280   	10665  	12220.4	559.34 	59034.3    
39 	280   	9989.6 	12528.2	559.34 	78086.7    
40 	280   	11091.4	12761.5	559.34 	78086.7    
41 	280   	10545.6	13056.5	559.34 	78086.7    
42 	280   	10830.7	13346.1	559.34 	78086.7    
43 	280   	10705.6	12499  	559.34 	65318.9    
44 	280   	10091.5	12302.8	496.069	66091.8    
45 	280   	11267.5	15542.2	496.069	193054     
46 	280   	11312.1	12963.1	496.069	52251.8    
47 	280   	11870.3	14631.3	496.069	123733     
48 	280   	11406.7	14172.9	496.069	94544.7    
49 	280   	10748  	13659.5	496.069	74936.6    
50 	280   	9895.33	12677.2	496.069	65051.5    
51 	280   	10851.7	14526.9	496.069	84286.1    
52 	280   	12814.7	16189.4	496.069	91975.3    
53 	280   	11181.4	14507.1	496.069	91975.3    
54 	280   	11560.1	15878.7	496.069	91975.3    
55 	280   	11684.7	15869.8	496.069	91975.3    
56 	280   	13200.6	16856.9	496.069	91975.3    
57 	280   	13491.9	17583.6	496.069	91975.3    
58 	280   	11724.4	16192  	496.069	91975.3    
59 	280   	11829.9	16113.9	496.069	86020.3    
60 	280   	11934.7	15756.2	496.069	101988     
61 	280   	11327.4	15239.5	496.069	101988     
62 	280   	10951.2	14566.3	496.069	69832.7    
63 	280   	9389.09	13039.7	496.069	58820.8    
64 	280   	8940.23	12816.8	496.069	96090.3    
65 	280   	9221.35	13255  	441.216	118449     
66 	280   	8613.77	12467.9	441.216	73154.1    
67 	280   	9745.79	13846.6	441.216	85123      
68 	280   	8992.74	13796.2	441.216	96937.5    
69 	280   	10160.9	14683  	441.216	96937.5    
70 	280   	9094.77	14316  	441.216	96937.5    
71 	280   	13069.7	17209.6	441.216	96937.5    
72 	280   	13549.7	17113.9	441.216	121202     
73 	280   	12626.5	17388.1	441.216	121202     
74 	280   	13100.4	17311  	441.216	125350     
75 	280   	11175.7	16003.6	441.216	128964     
76 	280   	12688  	17984.5	441.216	124456     
77 	280   	14340.7	20748.8	441.216	160082     
78 	280   	15609.1	18519.6	441.216	98863      
79 	280   	12777  	16995.1	441.216	130719     
80 	280   	14144.8	17953.5	441.216	155097     
81 	280   	13005  	17305.1	441.216	149493     
82 	280   	11770.2	16372.7	441.216	152512     
83 	280   	12917  	15673.7	441.216	64867.7    
84 	280   	12592.4	15304  	441.216	73129.3    
85 	280   	10228.9	13748.5	423.753	87366.4    
86 	280   	10061.3	13264.6	423.753	77060.7    
87 	280   	11345.7	14700.5	423.753	96191.1    
88 	280   	10136.8	14281.5	381.917	96191.1    
89 	280   	12559.7	15906.8	381.917	114771     
90 	280   	10210.3	13568.2	381.917	84264.6    
91 	280   	9590.92	14037.4	381.917	97264      
92 	280   	12106.9	19012.1	381.917	119295     
93 	280   	10827.3	14163.3	381.917	78307      
94 	280   	11043.2	14697.5	381.917	143561     
95 	280   	11953  	16214.5	363.919	153656     
96 	280   	11047.9	15120.2	363.919	87993.1    
97 	280   	12720.5	15560.7	363.919	106177     
98 	280   	9622.64	13473.8	363.919	86417.2    
99 	280   	11894.7	17889.4	363.919	147375     
100	280   	11914.7	16952.6	328.884	135369     
101	280   	10953.1	16111.8	328.884	125448     
102	280   	10082.9	15201.7	328.884	118219     
103	280   	10458.6	16995.4	328.884	150295     
104	280   	11332.1	18042.6	328.884	144412     
105	280   	10626.3	16637.3	328.884	109179     
106	280   	10694.8	15840  	328.884	107322     
107	280   	9781.26	16724  	328.884	136440     
108	280   	11078.5	16574.4	279.991	128189     
109	280   	9822.5 	14652  	279.991	108238     
110	280   	9965.29	16995.2	279.991	145533     
111	280   	10160.1	15656.5	279.991	122475     
112	280   	8902.08	14317.4	279.991	130248     
113	280   	8202.4 	13089.9	270.731	94828.7    
114	280   	9711.48	15685.4	270.731	122047     
115	280   	8516.91	13085.9	270.731	128554     
116	280   	8798.1 	14979  	270.731	137455     
117	280   	8809.03	14450.7	270.731	110368     
118	280   	7136.97	12476.9	270.731	102854     
119	280   	8894.68	14418.4	270.731	128649     
120	280   	7289.44	12898.5	270.731	106215     
121	280   	9033.5 	15671.7	270.731	118682     
122	280   	8352.06	14502.9	270.731	128459     
123	280   	8924.17	14040.6	270.731	116221     
124	280   	9830.44	16804.9	270.731	123158     
125	280   	8912.82	14849.1	270.731	129384     
126	280   	10892.9	18824.6	270.731	143866     
127	280   	8343.66	14288  	270.731	117137     
128	280   	9640.48	15654.1	270.731	115957     
129	280   	6664.88	11752.5	270.731	101090     
130	280   	8368.73	16335.7	260.603	135518     
131	280   	9702.57	17887.8	260.603	123230     
132	280   	8577.93	15972.3	242.411	118353     
133	280   	9156.56	14944.7	242.411	117513     
134	280   	7061.32	11210.1	242.411	80704.3    
135	280   	6964.81	12461.2	242.411	133437     
136	280   	7545.95	11197.1	242.411	124180     
137	280   	7807.96	13274.8	242.411	134076     
138	280   	8121.63	11973.9	242.411	89796.8    
139	280   	7284.24	11688.4	242.411	107190     
140	280   	6954.87	11385.6	242.411	99151.8    
141	280   	6990.59	9945.53	242.411	66574.7    
142	280   	6499.7 	10123.3	242.411	92183.2    
143	280   	7774.86	14122.7	242.411	129066     
144	280   	9211.74	16993.8	242.411	137764     
145	280   	6495.17	11546.4	242.411	109298     
146	280   	6568.98	9869   	242.411	87691.9    
147	280   	7358.79	11993.7	242.411	92180.5    
148	280   	6831.67	12341.3	242.411	128302     
149	280   	6550.76	9790.25	242.411	57982.7    
150	280   	7381.64	12424  	237.848	100362     
151	280   	6628.02	9821.9 	237.848	70041.7    
152	280   	7039.78	13889.3	237.848	135955     
153	280   	7516.69	12511.6	237.848	125265     
154	280   	6683.42	13359.9	237.848	134338     
155	280   	7401.9 	14207.5	217.829	128131     
156	280   	7349.52	15020.6	217.829	169075     
157	280   	7681.68	14102.7	217.829	125361     
158	280   	6495.19	12517.5	217.829	141090     
159	280   	8786.62	17819.8	217.829	141090     
160	280   	7845.3 	15333.4	217.829	144552     
161	280   	7617.33	13780.2	217.829	141090     
162	280   	7530.81	17213.2	217.829	158042     
163	280   	8613.7 	18396.6	217.829	141090     
164	280   	8013.21	14756.9	217.829	141090     
165	280   	7586.88	13833.4	217.829	141090     
166	280   	9313.8 	20102.7	217.829	162650     
167	280   	8742.46	17246.5	217.829	141090     
168	280   	8398.96	19176.6	217.829	141090     
169	280   	12449.3	25931.3	217.829	153374     
170	280   	11611.4	25334.3	217.829	141090     
171	280   	9477.32	22110.4	217.829	148253     
172	280   	11826.8	26424.3	217.829	148253     
173	280   	10761.2	23178  	217.829	149408     
174	280   	9281.19	18205.7	217.829	141090     
175	280   	8314.58	15212.7	217.829	141090     
176	280   	9085.08	17156.3	217.829	141090     
177	280   	9225.82	19926.7	217.829	152908     
178	280   	11164.7	24597.2	217.829	156523     
179	280   	12852.5	27971.2	217.829	179115     
180	280   	11945.9	23559.7	217.829	164079     
181	280   	9038.88	19892.4	217.829	156967     
182	280   	8666.83	19491.6	217.829	141090     
183	280   	8641.62	19270  	217.829	178708     
184	280   	9479.08	18032.2	217.829	175866     
185	280   	6457.41	12838.8	217.829	141090     
186	280   	6969.04	12382  	217.829	141090     
187	280   	7460.89	14244.8	217.829	141090     
188	280   	8154.16	15263.5	217.829	141090     
189	280   	7230.53	14021  	217.829	141090     
190	280   	7007.78	14308.7	217.829	141090     
191	280   	11911.1	24632.9	220.977	143569     
192	280   	9957.7 	20001.2	220.977	141090     
193	280   	11824.6	26564.1	220.977	141090     
194	280   	9394.53	19877.5	220.977	153285     
195	280   	8327.61	15991.7	220.977	141090     
196	280   	8554.95	17499  	220.977	148227     
197	280   	9191.22	21178.9	220.977	161404     
198	280   	11480.1	25093.2	220.977	142484     
199	280   	9859.4 	21406.4	220.977	156996     
200	280   	12874.8	26556.9	179.288	169994     
201	280   	10067.6	20849.2	179.288	141090     
202	280   	13003.8	26828.7	179.288	179153     
203	280   	10632.5	22074.6	179.288	144694     
204	280   	11795.2	27372.6	179.288	166497     
205	280   	10692  	22130.2	179.288	141090     
206	280   	6815.72	13038.3	178.123	141090     
207	280   	7029.55	10485.2	178.123	73035      
208	280   	6902.31	11110.8	178.123	97066.2    
209	280   	6943.61	11112.1	178.123	97007.1    
210	280   	7387.56	12254.2	178.123	122230     
211	280   	6779.74	10724.8	178.123	90257.9    
212	280   	8346.82	13459  	178.123	186118     
213	280   	7475.24	10407.4	178.123	74879.1    
214	280   	5929.05	9249.16	178.123	84057.9    
215	280   	5736.69	8304.07	178.123	67319.5    
216	280   	5558.94	11766.1	178.123	139374     
217	280   	6011.29	9109.98	178.123	66978.5    
218	280   	5748.24	9277.42	178.123	75939.3    
219	280   	7022.38	10301.2	178.123	75939.3    
220	280   	5714.65	9456.17	178.123	85859.9    
221	280   	6196.99	11406.8	178.123	140072     
222	280   	7123.2 	13100.3	178.123	107120     
223	280   	6032   	10139.4	178.123	95818.8    
224	280   	6382.14	10359.4	178.123	120517     
225	280   	6994.07	11084.6	178.123	90930.4    
226	280   	8581.37	14127  	178.123	132139     
227	280   	6539.06	11090.3	178.123	110090     
228	280   	7083.45	12097.8	178.123	122326     
229	280   	7823.17	12853.8	178.123	131182     
230	280   	7141.85	12094.5	178.123	131182     
231	280   	7196.96	11094.5	178.123	97038.4    
232	280   	5964.5 	9948.1 	178.123	97038.4    
233	280   	6592.16	10636.7	178.123	90145.2    
234	280   	6399.03	9805.78	178.123	61746.7    
235	280   	5537.56	8842.59	178.123	50457.1    
236	280   	6094.83	9732.9 	178.123	82842.5    
237	280   	8201.61	12282.4	178.123	78096.9    
238	280   	6197.18	11112.9	178.123	117966     
239	280   	7917.16	11834.4	178.123	75999.6    
240	280   	17108.2	255838 	178.123	6.06123e+06
241	280   	6689.86	11144  	178.123	86048.8    
242	280   	6567.95	11812.8	178.123	115002     
243	280   	10389  	82978.9	178.123	1.95583e+06
244	280   	6015.39	10407.2	178.123	76894.3    
245	280   	6229.34	10955.9	178.123	104204     
246	280   	6584.41	11818.8	178.123	144566     
247	280   	6973.08	11174.4	178.123	102088     
248	280   	5825.17	8863.02	178.123	62047      
249	280   	7185.12	11847.1	178.123	135140     
250	280   	5876.71	10154.2	178.123	140521     
251	280   	5364.95	8222.18	178.123	80046.3    
252	280   	5342.2 	7588.17	178.123	60825      
253	280   	6004.27	9243.88	178.123	71810.9    
254	280   	7438.97	12482  	178.123	152608     
255	280   	7096.01	10511.3	178.123	89864.4    
256	280   	6381.64	9814.39	178.123	96024.3    
257	280   	6683.41	10417.7	178.123	81972.5    
258	280   	6944.99	10836.4	178.123	78875.2    
259	280   	8479.71	13326.2	178.123	105038     
260	280   	7685.51	13190.1	178.123	119062     
261	280   	8729.04	13897.2	178.123	104017     
262	280   	7640.5 	11538.5	178.123	81167.2    
263	280   	7498.96	12158.6	178.123	70878.3    
264	280   	8105.12	12666.9	178.123	103044     
265	280   	8533.76	12212.5	178.123	60660      
266	280   	6783.14	10233.7	178.123	85801.2    
267	280   	9162.57	13272.6	178.123	79665.5    
268	280   	8545.98	12416.8	178.123	98955.8    
269	280   	9496.57	14078  	178.123	110948     
270	280   	6177.62	9956.26	178.123	110948     
271	280   	7495.41	11112.4	178.123	89883      
272	280   	6344.79	9994.8 	178.123	80622.9    
273	280   	7235.48	12347.6	178.123	93059.2    
274	280   	8325.22	12678.5	178.123	80622.9    
275	280   	7184.13	11332.6	178.123	82803.1    
276	280   	7600.43	11880.2	178.123	105000     
277	280   	5531.9 	8872.58	178.123	60556.5    
278	280   	6739.64	12277.6	178.123	163011     
279	280   	6556.19	10446.9	178.123	73897.2    
280	280   	6542.18	9824.06	178.123	93141.4    
281	280   	6176.24	8864.73	178.123	59824.2    
282	280   	6763.19	10456.5	178.123	82738.9    
283	280   	8011.09	12155.8	178.123	82738.9    
284	280   	6089.44	10515.7	178.123	89038.7    
285	280   	7641.35	12307.9	178.123	98151.5    
286	280   	8183.42	13337.1	178.123	98151.5    
287	280   	6655.27	10788.2	178.123	93040.6    
288	280   	7927.99	12909.4	178.123	108160     
289	280   	7892.59	12722.2	178.123	88871.2    
290	280   	6928.35	10928.2	178.123	83895.7    
291	280   	6944.44	10702.6	178.123	64810.9    
292	280   	6189.2 	9682.9 	178.123	54497.1    
293	280   	7869.25	11530.3	178.123	78959.6    
294	280   	6601.36	10531.4	178.123	83925.6    
295	280   	7124.34	11542.3	178.123	100019     
296	280   	5648.79	9143.79	178.123	108708     
297	280   	6828.1 	11134.9	178.123	108708     
298	280   	6279.51	11287.9	178.123	108708     
299	280   	8048.07	15779.1	178.123	122981     
300	280   	7675.6 	15706.5	178.123	119080     
301	280   	7461.47	17734.2	178.123	169564     
302	280   	8512.66	17649.4	178.123	108708     
303	280   	8631.64	20018.5	178.123	108708     
304	280   	8513.69	17962.9	178.123	108708     
305	280   	8527.57	17458.5	178.123	134469     
306	280   	9990.37	20159.1	178.123	108708     
307	280   	9837.51	20496  	178.123	130223     
308	280   	9354.29	19974.8	178.123	139315     
309	280   	12566.3	25351.1	178.123	196229     
310	280   	9297.04	20597.5	178.123	115155     
311	280   	14091  	27814.4	178.123	147461     
312	280   	9419.61	18900.6	178.123	119005     
313	280   	10730.8	22398.4	178.123	147282     
314	280   	13305.1	27266.9	178.123	147282     
315	280   	15438.6	28539.4	178.123	131489     
316	280   	12608.1	25156.4	178.123	122276     
317	280   	8840.83	18879.7	178.123	116238     
318	280   	11122.7	24101.1	178.123	130161     
319	280   	11623.9	22558.7	178.123	108708     
320	280   	12793.8	25173.9	178.123	140286     
321	280   	11491.6	23689.5	178.123	142900     
322	280   	9700.52	21016.3	178.123	108708     
323	280   	13559.3	25661.9	178.123	119179     
324	280   	12821.9	24884.8	178.123	108708     
325	280   	9921.03	21448.8	178.123	108708     
326	280   	17056.6	31201.6	178.123	167120     
327	280   	11529.6	21982.6	178.123	117140     
328	280   	11315.4	22305.1	178.123	119138     
329	280   	15664  	29106.9	178.123	124926     
330	280   	10699.9	22798.2	178.123	124926     
331	280   	13713.6	28122.4	178.123	162656     
332	280   	15803.7	28539.5	178.123	150805     
333	280   	13129.5	25150.8	178.123	127112     
334	280   	11906.6	23988.8	178.123	141406     
335	280   	11532.3	22980.1	178.123	122989     
336	280   	8806.78	17834.8	178.123	106780     
337	280   	9718.94	19886.2	178.123	129068     
338	280   	10853  	21591.4	178.123	107132     
339	280   	8511.01	17846  	178.123	113205     
340	280   	9488.51	20110.4	178.123	123322     
341	280   	11582.6	23538.1	178.123	153376     
342	280   	9640.21	18920  	178.123	118280     
343	280   	10264  	20827.2	178.123	126144     
344	280   	10833.6	21326.5	176.202	107826     
345	280   	12979.8	25555.6	176.202	166672     
346	280   	13640.8	25135.1	178.123	121637     
347	280   	7837.56	16631.9	178.123	101947     
348	280   	7016.74	14601.5	178.123	92616.6    
349	280   	9029.22	18057.1	178.123	92616.6    
350	280   	11799.6	23133  	178.123	118087     
351	280   	13200.2	22893.7	178.123	107083     
352	280   	8464.02	15285.6	178.123	92616.6    
353	280   	8825.23	18303.5	178.123	146396     
354	280   	10423  	20276.3	178.123	128156     
355	280   	9075.45	16508.2	178.123	111973     
356	280   	9894.2 	19419.4	178.123	109044     
357	280   	9030.13	18175.8	178.123	92616.6    
358	280   	8067.67	15589.9	178.123	115159     
359	280   	10209.1	18754  	178.123	99923.8    
360	280   	10305.1	19884.6	178.123	92616.6    
361	280   	9516.45	17007.1	178.123	92801.1    
362	280   	9916.43	17820.3	178.123	107770     
363	280   	10801.5	18403.1	178.123	104952     
364	280   	9031.8 	17941.7	178.123	106701     
365	280   	10231  	19300.8	178.123	111031     
366	280   	14237.6	23627.1	178.123	128269     
367	280   	9882.73	17843.5	178.123	124262     
368	280   	8661.04	16011.4	178.123	92616.6    
369	280   	8903.77	16422.7	178.123	120119     
370	280   	12052.9	20515.6	178.123	133685     
371	280   	10119.7	18806.9	178.123	116979     
372	280   	10596.8	20357.6	178.123	142168     
373	280   	12613.4	21825.6	178.123	142168     
374	280   	12191.5	21331.7	173.739	124003     
375	280   	10025.4	18753.9	173.739	136144     
376	280   	13479.1	22963.7	173.739	97230.8    
377	280   	10029.2	18395.6	173.739	100145     
378	280   	11284  	20811.4	173.739	124287     
379	280   	10699.7	19771.4	173.739	95968.4    
380	280   	12379.6	20897.4	173.739	97653.3    
381	280   	10016.2	18864.4	178.123	132115     
382	280   	10365.3	19032.9	178.123	95675.2    
383	280   	10288.3	18873.8	178.123	109167     
384	280   	11186.4	21192.3	178.123	127082     
385	280   	14114.1	23774  	178.123	116052     
386	280   	13685.8	24257.3	178.123	127193     
387	280   	12000.7	21325.9	178.123	97246.2    
388	280   	12164.8	22276.9	178.123	130454     
389	280   	11887  	22022.8	178.123	126166     
390	280   	11009  	20047.5	178.123	96968.1    
391	280   	13095.3	24328.4	178.123	142526     
392	280   	14004.3	25054.1	178.123	107057     
393	280   	12093  	22971.2	178.123	141337     
394	280   	9901.78	19260.1	178.123	140206     
395	280   	14415.9	24540.8	178.123	114180     
396	280   	12721.7	23305.2	178.123	112985     
397	280   	11048.2	19781.9	178.123	103938     
398	280   	12922.4	22683.7	178.123	118244     
399	280   	11849.2	21437.1	178.123	123273     
400	280   	12771.1	23786.6	178.123	121376     
401	280   	9942.54	19253.7	178.123	98631.7    
402	280   	13769.7	24700.6	178.123	120946     
403	280   	10260.6	20300.3	178.123	166803     
404	280   	13143.8	22990.7	178.123	92616.6    
405	280   	13693.5	23429.6	178.123	102736     
406	280   	11515  	21646.3	178.123	109937     
407	280   	16528.8	27310.3	178.123	109943     
408	280   	12414.7	22030.9	178.123	117089     
409	280   	11167.4	20267.9	178.123	93881.6    
410	280   	12218.7	21173.2	178.123	93725.4    
411	280   	13152.9	23561.9	178.123	122103     
412	280   	17165.3	28071.9	178.123	135277     
413	280   	13690.7	24105.9	178.123	124043     
414	280   	13607.3	24012.1	178.123	158770     
415	280   	16965.9	26344.5	178.123	117074     
416	280   	11630.5	21119.4	178.123	128599     
417	280   	14113.5	22716.8	178.123	147400     
418	280   	12330.3	18999.2	178.123	99819.1    
419	280   	9350.5 	16827  	178.123	92616.6    
420	280   	9525.18	18598.4	178.123	130156     
421	280   	12373.5	22443.8	176.982	130156     
422	280   	11274  	20313.7	173.556	120945     
423	280   	10936  	19849.7	176.982	121152     
424	280   	14102.7	24138  	176.982	129206     
425	280   	10510.7	19842.4	176.982	129206     
426	280   	12963.4	22523.1	176.982	129206     
427	280   	9717.71	18735.6	176.982	124394     
428	280   	12034.3	20516.4	176.982	145485     
429	280   	13786.9	22156.6	176.982	121597     
430	280   	9317.98	17301.8	176.982	116053     
431	280   	12367.9	19835.8	176.982	95020.6    
432	280   	12980.3	20800.2	176.982	110154     
433	280   	9942.41	18099.5	176.982	92616.6    
434	280   	11373.3	19417  	176.982	155872     
435	280   	13588.3	23440  	176.982	119175     
436	280   	11473.6	21465.5	176.982	127991     
437	280   	10907.6	20013.4	176.982	127991     
438	280   	12963.2	20864.2	176.982	127991     
439	280   	11520.2	20864.6	176.982	115169     
440	280   	11313.8	18546.4	176.982	92616.6    
441	280   	11281.9	19860.2	176.982	131981     
442	280   	15376.9	23290.3	176.982	111027     
443	280   	10207.4	17125.6	176.982	98993.9    
444	280   	10311.2	18286.9	176.982	122177     
445	280   	12297.2	20659  	176.982	114419     
446	280   	11768.4	19753.5	176.982	114419     
447	280   	13995.8	22400.2	176.982	92616.6    
448	280   	10942.5	18342.3	176.982	108945     
449	280   	11445.6	19992.2	176.982	114341     
450	280   	9937.89	18409.6	176.982	106036     
451	280   	11442.1	19713.1	176.982	140143     
452	280   	13471  	21233.8	176.982	108326     
453	280   	12942.8	21780.3	176.982	127188     
454	280   	12628  	21892.3	176.982	129446     
455	280   	8596.98	15752.3	176.982	92616.6    
456	280   	9202.88	15978.8	176.982	126120     
457	280   	10741.5	18357  	176.982	144259     
458	280   	10174.5	17926.4	176.982	92616.6    
459	280   	12001.3	20579  	176.982	155428     
460	280   	14498.8	23332.8	176.982	97915.7    
461	280   	10705.1	19783.9	176.982	97915.7    
462	280   	11346.3	20622.4	176.982	113047     
463	280   	13049.2	21737.1	176.982	99876.5    
464	280   	10207.4	17881.3	176.982	92616.6    
465	280   	11718.7	20186.9	176.982	115028     
466	280   	12259.6	21602.9	166.024	126273     
467	280   	11944.4	20486.9	166.024	92616.6    
468	280   	10976.6	19087.1	166.024	102010     
469	280   	13997.7	23503.7	166.024	116085     
470	280   	13031.1	23234.8	166.024	138347     
471	280   	10713.5	18273.8	166.024	92616.6    
472	280   	11730.6	20143.7	166.024	120045     
473	280   	12386.4	21817.2	166.024	115992     
474	280   	10165.9	18743  	166.024	92616.6    
475	280   	10317.5	17724.8	166.024	116259     
476	280   	11799.1	25068  	166.024	399688     
477	280   	11082.4	20671  	166.024	127325     
478	280   	8837.13	17570.3	166.024	143232     
479	280   	11422.3	21114  	166.024	143232     
480	280   	12303  	22937.6	166.024	144405     
481	280   	8763.4 	16420.6	166.024	103855     
482	280   	11513.4	19853.6	166.024	112020     
483	280   	9937.59	18900.4	166.024	104380     
484	280   	11866.8	21771.2	166.024	102150     
485	280   	8188.73	15031.5	166.024	106235     
486	280   	8803.03	16688.1	166.024	113897     
487	280   	11422.1	21765.2	166.024	134178     
488	280   	12217.8	22424.9	166.024	123342     
489	280   	11813.9	21565  	166.024	141192     
490	280   	14082.8	24979.7	166.024	137120     
491	280   	13605.4	23625  	166.024	110192     
492	280   	15395.7	26880.5	166.024	143348     
493	280   	12740.6	23804.7	166.024	108719     
494	280   	11274.5	21178  	166.024	113042     
495	280   	15255.7	28022.6	166.024	126481     
496	280   	11791.4	23048.3	166.024	117911     
497	280   	14200.8	25818.9	166.024	128882     
498	280   	16629.2	28308.6	166.024	123176     
499	280   	12993.5	24768.9	166.024	108719     
500	280   	16047.2	28436.7	166.024	255911     
Time elapsed: 36313 seconds.


Batch Job Summary Report (version 21.01.1) for Job "bpopt" (46955395) on daint

Job information (1/2)
-----------------------------------------------------------------------------------------------------
             Submit            Eligible               Start                 End    Elapsed Time limit
------------------- ------------------- ------------------- ------------------- ---------- ----------
2023-06-02T11:04:06 2023-06-02T11:04:06 2023-06-02T11:04:12 2023-06-02T21:10:43   10:06:31   23:59:00
-----------------------------------------------------------------------------------------------------

Job information (2/2)
-------------------------------------------------------------
    Username      Account    Partition   NNodes        Energy
------------ ------------ ------------ -------- -------------
    bp000145       ich030       normal        8  39366.295 kJ

