
gen	nevals	avg    	std    	min    	max    
1  	280   	18699.6	3398.55	13189  	22057  
2  	280   	18986  	6277   	13183.7	144278 
3  	280   	16438  	8816.2 	13082.9	144278 
4  	280   	14540.8	3533.16	13082.9	71210.8
5  	280   	14946  	4726.73	13091.6	64992.4
6  	280   	14488.6	15706.5	13074.8	383250 
7  	280   	13865.4	2898.19	13073.5	63770.9
8  	280   	14440.4	7283.65	13072.5	170111 
9  	280   	14084.5	3193.29	7335.38	66383.4
10 	280   	13220.3	772.694	7335.38	21699.7
11 	280   	13214.1	1062.56	7335.38	32446.3
12 	280   	13193.3	835.924	7335.38	21000  
13 	280   	13145.9	885.122	7335.38	21000  
14 	280   	13083  	846.106	7335.38	21000  
15 	280   	12859.3	1485.03	6890.8 	21000  
16 	280   	12352.3	1957.22	6889.06	21000  
17 	280   	11554.3	2380.83	6671   	21000  
18 	280   	10529  	2681.4 	6537.85	21000  
19 	280   	9934.22	2796.64	6352.99	21000  
20 	280   	9763.53	3017.11	6362.54	35436.9
21 	280   	9721.82	2839.79	6362.54	21000  
22 	280   	9458.2 	2948.9 	6255.9 	21000  
23 	280   	9632.52	2975.97	5970.92	21000  
24 	280   	9331.98	3166.63	5970.92	21581.1
25 	280   	9223.41	3629.25	5902.91	54695.5
26 	280   	9155.07	3122.4 	5902.91	21000  
27 	280   	9017.17	3087.85	5902.91	21000  
28 	280   	9110.88	3132.12	5902.91	21000  
29 	280   	9200.92	3223.42	5902.91	21000  
30 	280   	9406.88	3678.91	5902.91	46421.2
31 	280   	8933.38	3204.18	5902.91	21000  
32 	280   	9131.36	3258.24	5902.91	21000  
33 	280   	9292.14	3233.78	5902.91	21000  
34 	280   	9027.13	3086.63	5902.91	21000  
35 	280   	9167.02	3220.02	5902.91	23991.6
36 	280   	9031.26	3689.66	5902.91	58295.7
37 	280   	10042.2	4827.57	5902.91	58295.7
38 	280   	9357.67	4800.2 	5902.91	58295.7
39 	280   	9922.18	7239.3 	5902.91	58295.7
40 	280   	9995.4 	6969.08	5902.91	58295.7
41 	280   	9902.13	6788.36	5902.91	58295.7
42 	280   	9948.98	6970.03	5902.91	58295.7
43 	280   	11018  	9033.86	5902.91	58295.7
44 	280   	10156.2	15454.2	5795.03	358380 
45 	280   	11608.6	26717.6	5795.03	520975 
46 	280   	9631.98	12165.7	5795.03	284676 
47 	280   	10825.5	20716.9	5795.03	284676 
48 	280   	13641.6	30940.5	5795.03	336385 
49 	280   	12186.2	21182  	5795.03	284676 
50 	280   	12950  	19774.2	5795.03	183335 
Time elapsed: 3106 seconds.


Batch Job Summary Report (version 21.01.1) for Job "bpopt" (47079513) on daint

Job information (1/2)
-----------------------------------------------------------------------------------------------------
             Submit            Eligible               Start                 End    Elapsed Time limit
------------------- ------------------- ------------------- ------------------- ---------- ----------
2023-06-07T18:27:52 2023-06-07T18:27:52 2023-06-07T18:28:35 2023-06-07T19:21:54   00:53:19   23:59:00
-----------------------------------------------------------------------------------------------------

Job information (2/2)
-------------------------------------------------------------
    Username      Account    Partition   NNodes        Energy
------------ ------------ ------------ -------- -------------
    bp000145       ich030       normal        8   3830.322 kJ

