
gen	nevals	avg    	std    	min    	max        
1  	510   	4650.88	35.8526	4571.15	5338.15    
2  	510   	4650.92	33.0057	4571.15	5338.15    
3  	510   	4633.53	54.9097	4571.15	5338.15    
4  	510   	4617.97	62.6743	4567.74	5338.15    
5  	510   	4596.7 	28.9104	4559.03	5338.15    
6  	510   	4586.59	14.7652	4559.03	4694.51    
7  	510   	4583.85	15.1139	4550.63	4662.8     
8  	510   	4582.59	20.4663	4547.83	4915.03    
9  	510   	4580.3 	55.5498	3338.94	4698.57    
10 	510   	4569.98	92.497 	3293.87	4696.98    
11 	510   	4544.56	262.507	842.733	4659.43    
12 	510   	4466.3 	489.999	727.315	4698.59    
13 	510   	4303.11	752.628	727.315	4689.31    
14 	510   	4003.41	1173.76	601.113	17945.9    
15 	510   	3443.17	2185.6 	545.066	48260.3    
16 	510   	2801.76	2157.06	545.066	17945.9    
17 	510   	2458.76	2072.62	545.066	17945.9    
18 	510   	2217.17	1573.09	545.066	4689.16    
19 	510   	2019.27	1640.12	426.258	21743.8    
20 	510   	2016.63	1580.38	378.561	5218.91    
21 	510   	1943.55	2010.93	378.561	41255.9    
22 	510   	1916.67	1569.51	378.561	4680.88    
23 	510   	1748.09	1546.53	378.561	4747.36    
24 	510   	1816.81	1572.57	378.561	4687.77    
25 	510   	1831.38	1552.69	378.561	4687.92    
26 	510   	1835.83	1598.93	358.213	4847.48    
27 	510   	1802.89	1930.33	358.213	32991.9    
28 	510   	1718.35	1542.5 	358.213	5634.4     
29 	510   	1785.35	1511.54	391.822	5634.4     
30 	510   	1877.89	1626.27	379.587	5634.4     
31 	510   	1711.77	1496.2 	346.107	4698.25    
32 	510   	1732.06	1582.01	346.107	13737.8    
33 	510   	1806.34	1647.42	346.107	13737.8    
34 	510   	2100.06	1713.06	346.107	14886.6    
35 	510   	1887.95	1640.24	346.107	13737.8    
36 	510   	1929.93	2402.16	309.75 	50721.4    
37 	510   	2117.69	5097.27	309.75 	144067     
38 	510   	2637.89	8575.31	309.75 	144067     
39 	510   	3572.14	12402.9	356.187	144067     
40 	510   	3750.1 	15526.6	364.728	310968     
41 	510   	3639.79	11954.2	351.565	173441     
42 	510   	4217.76	16085.2	351.565	323109     
43 	510   	5348.37	17855.1	318.629	155281     
44 	510   	5397.55	19195.6	318.629	234096     
45 	510   	5581.47	17118.3	318.629	144067     
46 	510   	5523.71	15176.9	323.507	246079     
47 	510   	7186.89	21983.1	323.507	246079     
48 	510   	9877.96	30524.9	323.507	246079     
49 	510   	13413.2	48250.3	323.507	790686     
50 	510   	7695.85	19359.5	323.507	295999     
51 	510   	9051.58	26284.9	301.207	295999     
52 	510   	10617.8	37421.3	301.207	799445     
53 	510   	8619.21	27380.1	270.784	246079     
54 	510   	6710.46	24729.3	270.784	246079     
55 	510   	12659.9	84683.6	270.784	2.49889e+06
56 	510   	9567.39	29569.2	270.784	246079     
57 	510   	11885.8	42971.6	270.784	867401     
58 	510   	8820.02	28224.8	270.784	366779     
59 	510   	8689.55	37665.7	270.784	893192     
60 	510   	8014.52	23110.1	270.784	218098     
61 	510   	8946.91	61836.5	267.832	1.45565e+06
62 	510   	7476.04	24540.3	267.832	372915     
63 	510   	8273.45	33613.4	267.832	821255     
64 	510   	8585.34	23525  	235.979	216254     
65 	510   	5764.57	14090.6	235.979	138065     
66 	510   	8353.03	47820.8	235.979	1.05947e+06
67 	510   	24013  	545532 	235.979	1.74293e+07
68 	510   	6046.19	19823.3	235.979	306547     
69 	510   	6155.17	22089.9	235.979	306547     
70 	510   	5457.81	20529.4	235.979	361356     
71 	510   	6567.59	26103.1	235.979	361356     
72 	510   	4008.47	16925.8	235.979	306547     
73 	510   	19146.5	401012 	235.979	1.27903e+07
74 	510   	3931.82	11694.7	235.979	142802     
75 	510   	4091.36	11448.2	235.979	138065     
76 	510   	4607.01	14162.5	235.979	138065     
77 	510   	6949.37	63927  	235.979	1.96697e+06
78 	510   	4700.18	18739.8	235.979	468731     
79 	510   	4868.29	14067.1	235.979	138065     
80 	510   	4877.44	15509.9	235.979	208336     
81 	510   	3815.48	10662.2	235.979	170154     
82 	510   	3326.49	6312.66	233.971	100840     
83 	510   	3495.81	11702  	233.971	314198     
84 	510   	3634.73	9435.39	233.971	122738     
85 	510   	3548.5 	8690.3 	233.971	109670     
86 	510   	3561.92	11138.9	233.971	243071     
87 	510   	3304   	9838.23	217.518	196273     
88 	510   	3600.1 	12432.9	217.518	265215     
89 	510   	3507.87	13848.1	217.518	290269     
90 	510   	3437.84	9777.09	217.518	241503     
91 	510   	3527.94	10308.3	217.518	146863     
92 	510   	3911.16	22798  	217.518	670612     
93 	510   	4060.9 	23779.3	217.518	670612     
94 	510   	2967   	7311.05	217.518	125611     
95 	510   	3547.47	9115.66	217.518	107265     
96 	510   	4652.02	45408.8	217.518	1.41344e+06
97 	510   	3452.53	25045.9	217.518	744554     
98 	510   	3083.48	7048.15	217.518	127175     
99 	510   	4469.23	34633.3	217.518	1.06589e+06
100	510   	5475.43	37424.5	217.518	963036     
Elapsed time: 7044 seconds (1h 57m 24s)
