
gen	nevals	avg    	std    	min    	max        
1  	280   	7686.2 	1918.15	4715.21	9000       
2  	280   	7780.46	2323.61	4715.21	39326      
3  	280   	13902  	185471 	4668.53	4.39871e+06
4  	280   	13176.6	185506 	4635.17	4.39871e+06
5  	280   	5441.76	3192   	4635.84	37941.6    
6  	280   	4988.38	843.534	4625.06	11093.4    
7  	280   	4974.04	1230.31	4575.04	21329.9    
8  	280   	4777.19	600.554	4570.68	9392.4     
9  	280   	4701.27	413.934	4570.68	9000       
10 	280   	4691.29	455.581	3442.3 	9000       
11 	280   	4659.88	377.953	3442.3 	10734.7    
12 	280   	4656.15	569.829	3442.3 	17726.8    
13 	280   	4786.23	1541.15	3336.44	19725.5    
14 	280   	5231.75	2770.2 	2422.71	19725.5    
15 	280   	6552.71	4569.05	2422.71	28393.2    
16 	280   	7362.22	5057.56	2422.71	27643.1    
17 	280   	6837.43	4829.9 	2422.71	27643.1    
18 	280   	6591.64	4565.79	2361.94	22033.9    
19 	280   	6680.72	4769.28	2361.94	19925      
20 	280   	7004.99	4816   	2361.94	19275      
21 	280   	6750.44	4667.39	2361.94	20455.1    
22 	280   	6438.64	4408.19	2278.08	19677.9    
23 	280   	6589.78	4691.23	2256.38	21332      
24 	280   	6455.69	4835.03	2168.55	20967.9    
25 	280   	6753.07	5106.51	2168.55	25276.3    
26 	280   	7416.54	5801.7 	2168.55	31024      
27 	280   	6699.57	5217.68	2168.55	25278.4    
28 	280   	6770.73	5185.01	2168.55	22664.8    
29 	280   	6483.44	5075.86	2168.55	29314.5    
30 	280   	6850.47	6326.95	2128.61	68451.2    
31 	280   	7176.06	6702.06	2128.61	52502.7    
32 	280   	7189.93	6020.63	2128.61	47278.4    
33 	280   	7499.73	6229.83	2128.61	47278.4    
34 	280   	7829.71	7620.62	2128.61	64059.5    
35 	280   	8035.38	8138.24	2088.78	64059.5    
36 	280   	9083.28	8108.79	2088.78	64059.5    
37 	280   	7303.15	6754.01	2088.78	88526.4    
38 	280   	7743.62	7190.27	2073.02	71166      
39 	280   	7828.64	7615.34	2073.02	83305.4    
40 	280   	7766.42	8350.14	2073.02	71166      
41 	280   	7508.1 	7383.55	2073.02	71166      
42 	280   	7968.19	9550.78	2073.02	93648      
43 	280   	8785.89	11312.1	2073.02	84358.3    
44 	280   	8303.31	9647.13	1990.24	71408.8    
45 	280   	8661.97	12482.4	2073.02	77171.3    
46 	280   	10075.9	13188.9	2073.02	74273.8    
47 	280   	9329.29	12927.5	2073.02	89252.6    
48 	280   	10711  	13556.7	2073.02	83479.1    
49 	280   	8519.6 	10919.9	2073.02	72324.3    
50 	280   	10436.1	14301.9	2073.02	97418.6    
51 	280   	10901.9	16252.7	2073.02	212602     
52 	280   	10742.8	15595.5	2073.02	98416.7    
53 	280   	12530.1	18527.2	2073.02	92250.7    
54 	280   	11577.8	16595.8	1962.91	94426.4    
55 	280   	11267.5	15946.8	1962.91	105398     
56 	280   	10841.2	15615.3	1962.91	124613     
57 	280   	11218.5	15416.8	1962.91	81196.7    
58 	280   	9197.64	11898.4	1962.91	109426     
59 	280   	10840  	15080.8	1962.91	116397     
60 	280   	9549.42	12383.8	1962.91	90396.2    
61 	280   	8044   	10018.4	1962.91	86302.6    
62 	280   	8635.71	10612  	1962.91	83282.9    
63 	280   	8076.29	11682.5	1962.91	100566     
64 	280   	8300.48	9814.02	1962.91	83282.9    
65 	280   	6936.51	8561.19	1962.91	94329.2    
66 	280   	7979.39	10150.5	1962.91	94329.2    
67 	280   	7193.01	7958.4 	1930.33	83419.7    
68 	280   	6465.47	7942.77	1930.33	89521.7    
69 	280   	7257.92	7382.98	1930.33	62232.4    
70 	280   	6730.97	8283.72	1930.33	68200.4    
71 	280   	7845.84	9427.82	1930.33	71252.8    
72 	280   	7166.36	9488.73	1930.33	103489     
73 	280   	7381.13	9758.03	1929.87	112405     
74 	280   	7049.08	8958.08	1929.87	84402.4    
75 	280   	7017.65	10463.2	1929.87	92267.5    
76 	280   	6746.43	8529.9 	1930.33	89181.2    
77 	280   	7305.43	10762.5	1930.33	102528     
78 	280   	6915.43	8875.9 	1930.33	85285.8    
79 	280   	7819.02	10433.4	1930.33	85285.8    
80 	280   	7057.96	8905.07	1930.33	79249.5    
81 	280   	7200.68	9133.09	1930.33	79249.5    
82 	280   	7461.98	10099.1	1930.33	118665     
83 	280   	8156.37	9604.25	1930.33	78267      
84 	280   	7241.7 	10387.2	1924.69	126583     
85 	280   	8296.88	10406.7	1924.69	93517.8    
86 	280   	7537.26	10252.9	1930.33	78286.7    
87 	280   	7602.17	8657.62	1930.33	78286.7    
88 	280   	6413.23	7945.39	1930.33	60064.2    
89 	280   	6612.76	7350.7 	1930.33	79550      
90 	280   	7086.22	10623.1	1930.33	108882     
91 	280   	7501.41	10467.2	1930.33	108882     
92 	280   	6036.06	7031.83	1919.44	67195.3    
93 	280   	6510.09	7780.85	1919.44	94765.6    
94 	280   	6799.01	7565.94	1921.74	66192.2    
95 	280   	6734.13	7000.32	1907.88	60282.9    
96 	280   	7068.52	9274.05	1907.88	85235.8    
97 	280   	6887.17	7773.42	1907.88	55073.2    
98 	280   	7230.37	8720.06	1907.88	81347.4    
99 	280   	6148.11	6163.2 	1907.88	72285      
100	280   	6888.94	8083.61	1898.18	82357.2    
101	280   	6452.54	7572.49	1898.18	83139.6    
102	280   	7877.46	8681.29	1871.38	83139.6    
103	280   	6138.57	6626.36	1871.38	63104.6    
104	280   	6544.07	6868.98	1871.38	58135.3    
105	280   	6031.69	7050.91	1871.38	73155.7    
106	280   	6608.11	8575.93	1830.37	78193.5    
107	280   	5899.24	7628.79	1830.37	73155.7    
108	280   	6025.05	6988.97	1830.37	73155.7    
109	280   	6480.3 	9272.94	1830.37	91205.1    
110	280   	6182.41	7887.93	1830.37	77278      
111	280   	6154.63	8502.33	1830.37	104432     
112	280   	5964.67	6701.62	1830.37	67275      
113	280   	5189.55	6088.41	1830.37	69324.9    
114	280   	5903.45	6061.97	1830.37	72371.7    
115	280   	5638.32	8142.61	1830.37	94287.1    
116	280   	5962.52	5988.36	1830.37	66247.6    
117	280   	5713.67	6723.11	1830.37	74250      
118	280   	5816.41	7955.81	1830.37	88300.5    
119	280   	5891.5 	6741.91	1830.37	70268.1    
120	280   	5492.54	6955.05	1830.37	101456     
121	280   	5639.42	5553.59	1830.37	60111.5    
122	280   	5177.59	6270.19	1830.37	63131.2    
123	280   	5902.15	5844.26	1830.37	54109.8    
124	280   	7468.32	7262.35	1830.37	60119.9    
125	280   	6728.42	7759.39	1830.37	100458     
126	280   	7639.65	7174.49	1830.37	45142.5    
127	280   	6552.51	6358.83	1830.37	62346.7    
128	280   	5281.15	4487.4 	1830.37	30273.6    
129	280   	5916.78	5864.05	1830.37	84841.8    
130	280   	6082.94	7859.24	1830.37	84841.8    
131	280   	5662.29	6844.79	1830.37	66092.8    
132	280   	5119.61	5774.49	1830.37	64207.2    
133	280   	5118.94	6031.93	1830.37	67338.7    
134	280   	7224.14	9001.35	1830.37	97457.9    
135	280   	6595.76	8610.79	1830.37	71361.8    
136	280   	5972.81	7068.72	1830.37	70114.5    
137	280   	5360.79	6187.21	1830.37	61031.4    
138	280   	5115.91	6082.21	1830.37	59220.3    
139	280   	5342.81	6783.85	1830.37	86333.4    
140	280   	5279.43	6982.08	1830.37	84336.9    
141	280   	5152.93	5747.63	1830.37	76282.6    
142	280   	5794.92	8620.92	1830.37	97341.7    
143	280   	5463.39	6844.09	1830.37	72135.5    
144	280   	5163.34	5476.2 	1830.37	54073.7    
145	280   	5440.02	7738.02	1828.43	107335     
146	280   	6396.38	5490.5 	1828.43	73129.2    
147	280   	6633.74	7910.21	1828.43	78564.8    
148	280   	6343.59	6414.91	1828.43	57282.1    
149	280   	6102.19	5752.77	1828.43	68094      
150	280   	5185.71	5583.17	1828.43	81225.2    
151	280   	5588.06	6889.41	1828.43	82388.7    
152	280   	6545.11	7102.57	1828.43	69132.7    
153	280   	5992.83	6399.01	1828.43	69132.7    
154	280   	5632.05	6929.03	1828.43	88326.4    
155	280   	5517.43	7226.77	1828.43	90235.4    
156	280   	5726.19	8093.63	1828.43	79459.7    
157	280   	5808.35	7743.54	1828.43	79459.7    
158	280   	5174.26	6496.54	1828.43	61172.5    
159	280   	5620.34	5344.67	1828.43	70262      
160	280   	5304.08	4944.37	1822.56	46048.5    
161	280   	5349.82	6604.3 	1822.56	102281     
162	280   	5688.79	7398.75	1822.56	102281     
163	280   	5423.63	6378.38	1822.56	69332.8    
164	280   	5275.89	6963.95	1822.56	91368.4    
165	280   	5069.25	6568.91	1822.56	76358.1    
166	280   	5092.66	7578.56	1822.56	84329.1    
167	280   	5521.93	7846.86	1822.56	84247.9    
168	280   	4956.11	5985.69	1822.56	90262.6    
169	280   	4866.88	6209.76	1822.56	72164.1    
170	280   	5013.35	6468.76	1822.56	92355.6    
171	280   	4840.05	5748.43	1822.56	58124.9    
172	280   	6017.83	7009.81	1822.56	58124.9    
173	280   	7065.84	8816.63	1822.56	77103      
174	280   	6102.05	7449.41	1822.56	67178.6    
175	280   	5538.66	7786.6 	1822.56	92390.7    
176	280   	5124.75	7471.38	1822.56	92390.7    
177	280   	5259.03	7696.57	1822.56	73113.3    
178	280   	5272.27	7888.45	1822.56	78188.8    
179	280   	5979.36	9351.59	1822.56	90260.5    
180	280   	5068.19	7002.3 	1822.56	94007.3    
181	280   	5319.05	7503.18	1822.56	100333     
182	280   	5604.4 	6507.45	1822.56	66233.8    
183	280   	4693.41	6919.53	1820.43	95285.1    
184	280   	5203.79	8005.67	1820.43	119328     
185	280   	4888.06	6347.54	1820.43	110315     
186	280   	5428.29	7514.67	1820.43	110315     
187	280   	5066.95	5822.09	1819.73	63153.8    
188	280   	4938.75	6715.43	1819.73	72173.4    
189	280   	5916.36	9219.37	1819.73	98225.3    
190	280   	5653.19	7308.47	1819.73	72173.4    
191	280   	5389.39	8400.55	1819.73	112744     
192	280   	5462.16	6151.17	1819.73	73229.2    
193	280   	5968.12	5183.34	1820.43	64376.6    
194	280   	6074.46	6914.24	1820.43	89239      
195	280   	6533.7 	6943.75	1820.43	73284.6    
196	280   	7090.61	14186.7	1820.43	285620     
197	280   	8461.46	21888.5	1820.43	285620     
198	280   	6300.56	7612.48	1820.43	86188.4    
199	280   	6263.47	7577.11	1820.43	83250.9    
200	280   	6183.98	6891.35	1820.43	83250.9    
Time elapsed: 11011 seconds.


Batch Job Summary Report (version 21.01.1) for Job "bpopt" (47442803) on daint

Job information (1/2)
-----------------------------------------------------------------------------------------------------
             Submit            Eligible               Start                 End    Elapsed Time limit
------------------- ------------------- ------------------- ------------------- ---------- ----------
2023-06-24T15:17:35 2023-06-24T15:17:35 2023-06-24T15:48:48 2023-06-24T18:53:44   03:04:56   23:59:00
-----------------------------------------------------------------------------------------------------

Job information (2/2)
-------------------------------------------------------------
    Username      Account    Partition   NNodes        Energy
------------ ------------ ------------ -------- -------------
    bp000145       ich030       normal        8  11321.328 kJ

