
gen	nevals	avg    	std    	min    	max    
1  	140   	600.593	341.511	96.4101	2073.99
2  	140   	654.668	669.589	96.4101	9915.29
3  	140   	383.752	603.921	67.4099	9915.29
4  	140   	341.735	225.547	67.4099	1758.93
5  	140   	373.442	578.369	60.5144	9054.18
6  	140   	312.017	209.553	65.8294	1463.56
7  	140   	229.65 	197.34 	65.8294	1510.33
8  	140   	197.816	168.59 	51.6179	1199.56
9  	140   	252.22 	306.889	51.6179	4444.87
10 	140   	241.43 	376.873	51.6179	5753.31
11 	140   	240.119	273.718	51.6179	3587.76
12 	140   	239.231	590.588	40.7202	8981.77
13 	140   	299.953	836.818	40.7202	8981.77
14 	140   	208.617	318.756	40.7202	3603.43
15 	140   	187.397	146.761	40.7202	1157.58
16 	140   	165.11 	153.623	40.7202	1505.62
17 	140   	178.723	172.944	40.7202	1864.77
18 	140   	256.169	1014.88	40.7202	16917.6
19 	140   	191.898	163.593	40.7202	1602.52
20 	140   	3009.81	47080.7	40.7202	789408 
21 	140   	187.554	202.504	40.7202	1357.98
22 	140   	225.53 	233.724	40.7202	1612.08
23 	140   	246.754	517.585	40.7202	7736.07
24 	140   	340.526	1989.68	40.7202	32887.1
25 	140   	245.77 	382.564	42.2768	2950.11
26 	140   	267.191	434.124	41.7175	2950.11
27 	140   	266.024	494.336	44.118 	2829.37
28 	140   	199.416	302.807	44.118 	2829.37
29 	140   	214.354	311.78 	46.029 	2829.37
30 	140   	180.069	215.128	44.388 	2829.37
31 	140   	185.849	391.751	43.918 	6080.9 
32 	140   	196.824	397.863	43.9196	6080.9 
33 	140   	192.301	236.106	44.388 	1636.44
34 	140   	203.9  	305.274	40.0728	3733.95
35 	140   	239.451	387.17 	40.0728	5035.29
36 	140   	182.93 	145.217	40.0728	964.621
37 	140   	242.841	1095.09	43.0073	18365.4
38 	140   	177.057	162.117	43.0073	1069.09
39 	140   	207.733	546.32 	43.0073	9038.8 
40 	140   	235.325	628.834	43.0073	9038.8 
41 	140   	208.511	352.142	43.0073	5357.97
42 	140   	237.244	393.269	45.0925	5357.97
43 	140   	206.408	239.946	45.0925	2215.45
44 	140   	225.442	268.61 	45.0925	2215.45
45 	140   	248.643	307.796	45.1066	2215.45
46 	140   	269.063	347.785	47.5021	2215.45
47 	140   	225.849	289.718	45.1045	2215.45
48 	140   	256.91 	383.992	41.3369	3506.75
49 	140   	190.142	195.813	41.3369	2215.45
50 	140   	200.712	171.69 	41.3369	1241   
51 	140   	193.954	208.178	41.3369	1653.31
52 	140   	173.48 	152.853	40.9483	1001.54
53 	140   	200.34 	163.243	41.3369	1297.67
54 	140   	473.244	4169.33	41.3369	69230.3
55 	140   	684.371	5819.11	41.3369	69230.3
56 	140   	1477.79	9142.84	41.3369	69230.3
57 	140   	230.343	234.656	41.3369	2577.8 
58 	140   	194.127	333.856	41.3369	5008.71
59 	140   	178.907	332.523	41.3369	5008.71
60 	140   	213.027	427.238	41.3369	5389.02
61 	140   	253.001	510.971	41.3369	5389.02
62 	140   	202.131	301.507	41.4236	4452.98
63 	140   	331.266	790.65 	41.4236	11899.6
64 	140   	169.974	214.616	41.4236	2654.11
65 	140   	203.769	334.983	41.4236	4563.87
66 	140   	213.145	188.516	41.4236	1000.97
67 	140   	297.802	805.905	41.4236	13001.4
68 	140   	186.191	220.489	41.4236	2089.27
69 	140   	185.346	376.212	41.2165	5342.43
70 	140   	182.768	213.146	41.2165	2681.12
71 	140   	168.077	149.276	41.4236	801.066
72 	140   	175.72 	218.441	41.4236	2806.11
73 	140   	206.688	302.768	36.4716	3270.59
74 	140   	222.702	326.197	36.4716	2806.11
75 	140   	208.106	324.989	44.0244	2806.11
76 	140   	178.992	227.895	44.0244	2806.11
77 	140   	202.505	321.872	40.4237	4240.87
78 	140   	294.01 	1580.08	40.4237	26387.9
79 	140   	348.734	1584.95	29.4599	26387.9
80 	140   	190.292	216.204	29.4599	1469.7 
81 	140   	176.994	220.483	29.4599	2261.5 
82 	140   	166.82 	157.464	29.4599	1469.7 
83 	140   	206.375	321.596	29.4599	4726.06
84 	140   	169.994	168.167	29.4599	1103.6 
85 	140   	197.118	195.547	29.4599	1151.2 
86 	140   	278.003	973.136	29.4599	15973.3
87 	140   	228.275	209.595	42.7388	1160.86
88 	140   	241.749	452.035	40.9927	7044.82
89 	140   	216.647	225.108	42.7388	1905.27
90 	140   	219.159	273.107	33.9284	3630   
91 	140   	184.237	162.559	33.9284	906.794
92 	140   	190.072	184.033	33.9284	1260.76
93 	140   	228.98 	391.813	33.9284	5762.38
94 	140   	253.636	286.806	33.9284	2995.2 
95 	140   	325.433	917.185	33.9284	11924.4
96 	140   	223.023	723.907	33.9284	11924.4
97 	140   	228.444	755.828	33.9284	11924.4
98 	140   	238.141	731.477	33.9284	11924.4
99 	140   	176.544	152.039	33.9284	703.655
100	140   	349.62 	2514.36	33.9284	41321.1
Time elapsed: 769 seconds.


Batch Job Summary Report (version 21.01.1) for Job "bpopt" (46001644) on daint

Job information (1/2)
-----------------------------------------------------------------------------------------------------
             Submit            Eligible               Start                 End    Elapsed Time limit
------------------- ------------------- ------------------- ------------------- ---------- ----------
2023-04-14T18:49:10 2023-04-14T18:49:10 2023-04-14T18:51:32 2023-04-14T19:05:43   00:14:11   00:59:00
-----------------------------------------------------------------------------------------------------

Job information (2/2)
-------------------------------------------------------------
    Username      Account    Partition   NNodes        Energy
------------ ------------ ------------ -------- -------------
    bp000145       ich030       normal        4    560.086 kJ

