
gen	nevals	avg    	std    	min    	max    
1  	120   	1693.44	655.002	926.384	4355.51
2  	120   	1727.36	667.667	910.821	4653   
3  	120   	1454.9 	516.905	838.222	4355.51
4  	120   	1366.05	469.687	770.951	3148.88
5  	120   	1360.15	714.026	738.36 	8169.45
6  	120   	1409.83	897.169	465.288	8169.45
7  	120   	1183.02	541.076	335.966	3763.62
8  	120   	1047.97	493.573	301.443	3918.6 
9  	120   	881.985	375.942	301.443	2114.83
10 	120   	827.262	476.46 	236.469	3950.77
11 	120   	790.82 	475.221	236.469	3950.77
12 	120   	864.822	1493.66	193.268	19514.5
13 	120   	699.167	448.637	153.235	4261.2 
14 	120   	685.761	453.666	193.268	4152.42
15 	120   	631.617	502.195	193.268	5265.29
16 	120   	651.665	484.725	63.1986	4864.99
17 	120   	619.346	482.111	63.1986	4342.51
18 	120   	625.828	471.439	63.1986	3327.61
19 	120   	668.619	688.74 	63.1986	7940.02
20 	120   	592.054	516.195	63.1986	4087.21
21 	120   	572.62 	492.244	63.1986	2835.33
22 	120   	574.654	494.685	58.9149	4717.59
23 	120   	503.915	394.777	58.9149	1854.14
24 	120   	551.568	462.916	58.9149	3471.77
25 	120   	460.376	418.483	58.9149	2569.61
26 	120   	445.695	442.938	58.9149	2344.17
27 	120   	472.697	706.17 	57.0392	7802.28
28 	120   	405.524	411.424	57.0392	2693.69
29 	120   	423.641	437.666	57.0392	3240.59
30 	120   	458.31 	606.77 	49.61  	5642.75
31 	120   	374.949	391.483	49.61  	2175.44
32 	120   	448.818	443.874	49.61  	2248.48
33 	120   	402.802	397.386	49.61  	2066.23
34 	120   	420.261	560.696	49.61  	4992.07
35 	120   	444.698	434.68 	49.61  	3459.46
36 	120   	386.867	404.008	49.61  	1972.49
37 	120   	449.904	472.983	49.61  	2185.47
38 	120   	421.704	406.683	49.61  	2031.94
39 	120   	391.23 	512.158	49.61  	4740.43
40 	120   	421.543	459.641	49.61  	2370.57
41 	120   	450.644	450.274	49.61  	2330.99
42 	120   	470.153	489.879	49.61  	3023.48
43 	120   	434.536	528.297	49.61  	5254.47
44 	120   	400.644	437.692	49.61  	2227.91
45 	120   	452.289	560.286	49.61  	6549.93
46 	120   	426.921	434.884	49.61  	2814.63
47 	120   	429.692	450.68 	49.61  	2126.53
48 	120   	406.695	465.105	49.61  	2352.83
49 	120   	383.108	486.512	49.61  	3781.55
50 	120   	376.577	479.055	49.61  	3276.18
51 	120   	418.334	462.796	49.61  	2683.95
52 	120   	407.367	440.818	49.61  	2142.02
53 	120   	411.503	527.355	49.61  	4609.56
54 	120   	411.975	479.219	49.61  	2636.83
55 	120   	437.097	647.742	49.61  	5767.4 
56 	120   	422.208	446.294	49.61  	1927.37
57 	120   	403.718	433.894	49.61  	1885.23
58 	120   	392.903	494.637	49.61  	3146.26
59 	120   	414.646	459.452	50.7037	2510.48
60 	120   	460.895	640.766	50.7037	7310.45
61 	120   	391.056	449.379	50.7037	3135.29
62 	120   	393.784	406.935	50.7037	1843.07
63 	120   	469.844	467.58 	46.9247	2271.81
64 	120   	435.088	439.98 	50.7037	2783.3 
65 	120   	430.405	455.691	50.7037	2176.05
66 	120   	432.64 	509.94 	50.7037	3850.89
67 	120   	390.669	448.553	50.7037	2430.51
68 	120   	422.743	524.301	50.7037	4908.18
69 	120   	353.182	436.762	50.7037	2813.81
70 	120   	357.879	385.058	50.7037	1749.61
71 	120   	413.773	564.463	50.7037	5448.42
72 	120   	430.08 	762.029	50.7037	9452.16
73 	120   	459.203	444.161	50.7037	2833.03
74 	120   	414.204	427.345	50.574 	2142.18
75 	120   	419.38 	488.334	50.574 	3073.54
76 	120   	409.396	413.337	52.4182	2172.8 
77 	120   	504.726	487.196	52.4182	2366.18
78 	120   	419.625	422.587	52.4182	1792.09
79 	120   	413.849	448.073	49.5203	1932.14
80 	120   	454.918	1003.28	52.4182	14624.2
81 	120   	466.763	678.342	52.4182	7948.36
82 	120   	402.981	468.954	46.7966	2023.6 
83 	120   	438.051	568.173	48.4377	5559.76
84 	120   	382.209	441.704	50.4495	2409.45
85 	120   	414.6  	526.809	50.4495	3843.58
86 	120   	382.755	429.108	48.931 	2443.34
87 	120   	373.046	429.466	52.4182	3593.89
88 	120   	447.664	491.294	52.4182	2294.27
89 	120   	434.578	532.617	52.4182	4135.34
90 	120   	438.353	616.032	52.4182	5780.96
91 	120   	412.668	413.167	52.4182	1877.29
92 	120   	432.314	517.852	46.4763	4720.11
93 	120   	400.652	409.731	46.4763	2121.85
94 	120   	406.463	480.556	45.0561	3538.64
95 	120   	429.311	449.699	53.0801	1833.99
96 	120   	438.239	816.233	53.0801	11531  
97 	120   	365.588	415.566	53.0801	2096.85
98 	120   	458.031	524.295	53.0801	3523.59
99 	120   	442.882	470.422	45.4416	3083.4 
100	120   	476.445	504.141	45.4416	3478.76
101	120   	396.502	398.295	45.4416	2513.27
102	120   	419.633	431.823	45.4416	2026.48
103	120   	410.786	463.369	45.4416	3523.35
104	120   	444.735	594.711	45.4416	6583.26
105	120   	413.112	426.93 	45.4416	2135.98
106	120   	452.257	456.9  	45.4416	2858.8 
107	120   	399.446	407.613	45.4416	1971.81
108	120   	450.034	420.049	51.5084	2147.99
109	120   	403.306	394.568	51.5084	1843.04
110	120   	383.95 	404.526	51.5084	1951.68
111	120   	420.873	444.758	51.5084	2148.79
112	120   	450.137	471.996	49.6903	2995.08
113	120   	462.618	499.527	49.6903	2882.9 
114	120   	398.24 	409.08 	49.6903	1718.72
115	120   	465.353	407.138	49.6903	1966.27
116	120   	413.316	444.628	49.6903	2230.71
117	120   	362.01 	427.819	47.3444	2070.01
118	120   	461.051	553.032	47.3444	3704.59
119	120   	498.902	504.357	49.6903	2882.81
120	120   	400.667	391.608	50.894 	1690.65
121	120   	485.485	501.475	50.894 	3464.41
122	120   	502.127	840.211	50.894 	9927.48
123	120   	514.823	504.716	50.894 	2464.05
124	120   	561.132	2095   	54.3274	32160.5
125	120   	403.405	471.232	54.3274	2437.92
126	120   	391.183	430.421	54.3274	2234.95
127	120   	450.035	484.412	49.6103	2481.68
128	120   	451.472	552.78 	48.8048	4941.21
129	120   	381.858	479.039	49.6103	4486.37
130	120   	412.384	494.956	49.6103	3251.07
131	120   	421.208	580.301	49.6103	4323   
132	120   	433.136	456.16 	49.2968	2005.93
133	120   	376.114	401.677	47.7297	1737.46
134	120   	423.554	419.861	49.2968	2750.62
135	120   	376.885	438.798	49.2968	2344.13
136	120   	405.456	422.657	49.2968	2408.44
137	120   	433.833	634.216	49.2968	7078.3 
138	120   	481.095	561.98 	49.2968	3792.63
139	120   	411.791	576.447	47.0558	4709.09
140	120   	384.447	526.141	47.0558	5021.07
141	120   	425.028	494.958	47.0558	3200.36
142	120   	442.048	396.043	47.0558	2489.69
143	120   	426.644	471.931	47.0558	3799.86
144	120   	463.416	532.837	47.0558	5229.34
145	120   	391.458	454.049	47.0558	2453.2 
146	120   	424.933	412.497	47.0558	1884.27
147	120   	409.735	437.826	47.0558	1915.59
148	120   	421.608	455.463	47.0558	2636.08
149	120   	414.949	537.264	47.0558	4896.59
150	120   	402.083	658.901	47.0558	7275.47
151	120   	377.514	413.86 	47.0558	1852.94
152	120   	399.359	443.922	47.0558	3434.72
153	120   	414.806	452.291	47.0558	1793.83
154	120   	423.891	560.593	47.0558	3710.22
155	120   	437.914	588.705	47.0558	5023.32
156	120   	665.848	4471.78	47.0558	69464.1
157	120   	715.966	4473.37	46.979 	69464.1
158	120   	400.387	470.449	47.0558	3614.88
159	120   	432.277	550.209	47.0558	4956.6 
160	120   	394.475	491.904	47.0558	3555.16
161	120   	398.817	476.15 	47.0558	3336.27
162	120   	365.681	423.239	47.0558	2360.39
163	120   	397.495	468.803	46.6288	3100.21
164	120   	419.372	461.558	47.0558	2442.89
165	120   	427.8  	424.181	47.7288	2215.71
166	120   	409.319	438.104	47.2721	2063.2 
167	120   	445.914	508.205	46.9812	4191.11
168	120   	427.895	410.706	47.2721	1786.42
169	120   	416.96 	422.401	46.5191	2020.23
170	120   	474.225	641.887	46.5191	6235.41
171	120   	417.755	441.553	46.5191	1939.79
172	120   	411.869	470.135	46.5191	3309.49
173	120   	454.867	513.043	46.5191	2448.04
174	120   	415.664	468.48 	46.5191	2183.33
175	120   	395.189	416.174	46.5191	1721.04
176	120   	391.018	464.709	46.5191	2768.02
177	120   	435.842	466.509	46.5191	2055.55
178	120   	430.93 	437.852	46.5191	2798.4 
179	120   	383.909	448.728	46.5191	2222.48
180	120   	403.174	445.016	46.5191	2057.15
181	120   	431.375	488.255	46.5191	2245.59
182	120   	441.341	461.423	46.5191	2571.81
183	120   	467.952	555.796	46.5191	3003.13
184	120   	401.629	541.256	46.5191	4749.4 
185	120   	358.203	449.598	46.5191	2397.58
186	120   	400.638	559.829	46.5191	5206.63
187	120   	505.31 	749.864	46.5191	7989.68
188	120   	404.907	540.811	46.5191	3874.96
189	120   	399.917	501.577	46.5191	2321.6 
190	120   	404.946	481.306	46.5191	2376.86
191	120   	381.877	456.555	46.5191	2316.69
192	120   	403.816	426.559	46.5191	2338.21
193	120   	420.437	486.874	46.5191	2160.64
194	120   	453.354	627.172	46.5191	4486.17
195	120   	386.45 	453.043	46.5191	3134.97
196	120   	407.583	666.849	46.5191	8195.96
197	120   	422.118	775.034	46.5191	7815.63
198	120   	421.204	528.729	46.5191	4715.86
199	120   	451.171	604.441	46.5191	6428.03
200	120   	402.518	537.185	46.5191	4090.07
Elapsed time: 752 seconds (0h 12m 32s)
