
gen	nevals	avg    	std    	min    	max    
1  	140   	813.17 	646.67 	197.206	4867.05
2  	140   	833.253	782.647	187.822	6972.44
3  	140   	625.21 	368.088	162.307	4542.88
4  	140   	607.868	495.081	162.307	4542.88
5  	140   	508.626	266.929	126.306	1680.48
6  	140   	452.87 	237.408	126.306	1676.05
7  	140   	517.972	448.683	90.1333	4439.65
8  	140   	467.095	326.2  	85.8459	2485.94
9  	140   	536.89 	435.814	73.2248	5622.42
10 	140   	520.195	350.338	71.389 	1956.57
11 	140   	464.11 	342.18 	52.9344	2116.12
12 	140   	479.605	428.425	52.9344	5349.08
13 	140   	477.353	358.006	52.9344	2229.86
14 	140   	370.413	278.67 	52.9344	1460.8 
15 	140   	377.655	291.405	51.3184	1293.11
16 	140   	387.217	284.564	45.1598	1196.84
17 	140   	370.339	295.518	45.9036	1547.21
18 	140   	348.439	285.902	51.3184	1640.31
19 	140   	342.81 	361.273	35.7117	3641.74
20 	140   	358.922	309.848	35.7117	1872.77
21 	140   	330.94 	285.165	35.7117	1848.38
22 	140   	401.942	383.899	33.6098	3523.79
23 	140   	374.848	409.799	33.6098	4051.16
24 	140   	443.681	2563.69	33.6098	43013  
25 	140   	276.969	249.887	33.6098	1029.89
26 	140   	342.548	268.553	33.6098	1980.8 
27 	140   	283.727	281.769	33.6098	2255.25
28 	140   	263.202	304.978	33.6098	3306.09
29 	140   	329.614	257.463	33.6098	1393.96
30 	140   	344.105	289.118	33.6098	2434.48
31 	140   	293.548	261.036	33.6098	1920.98
32 	140   	265.091	272.13 	33.6098	1829.99
33 	140   	262.323	243.726	33.6098	1055.63
34 	140   	268.894	252.559	33.6098	968.991
35 	140   	382.147	264.913	33.6098	1759.21
36 	140   	364.839	245.757	33.6098	1169.6 
37 	140   	317.494	238.335	33.6098	1090.53
38 	140   	279.365	258.349	33.6098	2509.88
39 	140   	297.965	277.433	33.6098	1930.9 
40 	140   	245.219	215.47 	32.4043	868.51 
41 	140   	269.865	257.506	32.3513	1634.3 
42 	140   	254.071	240.65 	32.0704	1233.94
43 	140   	266.23 	258.632	32.3513	1143.25
44 	140   	299.049	268.044	33.6098	1968.48
45 	140   	258.295	302.004	33.6098	3119.59
46 	140   	318.321	345.045	33.6098	3119.59
47 	140   	294.058	237.338	33.6098	1327.15
48 	140   	267.41 	259.192	33.6098	2348.5 
49 	140   	267.688	241.005	33.6098	1066.71
50 	140   	294.548	232.442	33.6098	1225.5 
51 	140   	288.673	257.523	33.6098	1574.67
52 	140   	238.958	246.99 	33.6098	1749.67
53 	140   	270.381	233.597	33.6098	1065.89
54 	140   	275.891	259.946	33.6098	1457.97
55 	140   	270.7  	261.222	33.6098	1128.46
56 	140   	333.713	303.03 	33.6098	2824.83
57 	140   	227.279	221.878	33.6098	995.337
58 	140   	289.495	267.2  	33.6098	1926.15
59 	140   	292.72 	270.337	33.6098	1242.47
60 	140   	294.427	236.713	33.6098	1115.88
61 	140   	289.807	240.178	33.6098	1330.63
62 	140   	287.936	261.445	33.6098	1565.16
63 	140   	274.267	257.636	33.6098	1151.4 
64 	140   	257.682	246.936	33.6098	1276.33
65 	140   	270.211	237.236	33.6098	1114.63
66 	140   	292.37 	257.718	33.6098	1245.92
67 	140   	284.333	260.018	33.6098	1645.22
68 	140   	269.141	292.495	33.6098	2922.49
69 	140   	241.32 	228.414	33.6098	1431.51
70 	140   	258.958	259.736	33.6098	1259.03
71 	140   	304.539	637.942	33.1277	9951.71
72 	140   	256.686	245.926	33.1277	1266.99
73 	140   	276.567	279.728	33.1277	1862.47
74 	140   	232.662	232.415	33.1277	1116.27
75 	140   	258.444	237.915	33.1277	1233.01
76 	140   	288.937	264.065	33.1277	2027.41
77 	140   	279.512	260.252	33.1277	1893.22
78 	140   	268.717	258.373	31.781 	1550.44
79 	140   	339.994	371.491	33.1277	4908.52
80 	140   	298.024	299.323	33.1277	3531.47
81 	140   	260.527	235.655	33.1277	1108.79
82 	140   	256.731	243.27 	33.1277	1256.18
83 	140   	295.528	295.501	33.1277	1868.6 
84 	140   	262.752	238.779	33.1277	1026.01
85 	140   	288.983	253.838	33.1277	1291.3 
86 	140   	307.616	255.967	33.1277	1377.72
87 	140   	321.907	295.913	33.1277	1493.68
88 	140   	310.53 	303.162	33.1277	1470.88
89 	140   	466.99 	2206.47	36.1516	36958.3
90 	140   	266.928	233.295	36.1516	975.232
91 	140   	297.913	268.888	36.1516	2176.14
92 	140   	266.742	217.738	36.1516	1077.44
93 	140   	263.793	230.361	36.1516	2200.55
94 	140   	282.655	320.075	36.1516	3359.2 
95 	140   	270.035	245.129	36.1516	1419.22
96 	140   	253.828	238.365	36.1516	1783.67
97 	140   	288.118	284.698	36.1516	2300.55
98 	140   	270.322	300.43 	36.1516	2724.77
99 	140   	278.898	484.151	36.1516	7048.8 
100	140   	282.126	279.829	36.1516	2033.99
Time elapsed: 535 seconds.


Batch Job Summary Report (version 21.01.1) for Job "bpopt" (48887723) on daint

Job information (1/2)
-----------------------------------------------------------------------------------------------------
             Submit            Eligible               Start                 End    Elapsed Time limit
------------------- ------------------- ------------------- ------------------- ---------- ----------
2023-09-11T11:50:30 2023-09-11T11:50:30 2023-09-11T11:50:32 2023-09-11T12:00:43   00:10:11   00:59:00
-----------------------------------------------------------------------------------------------------

Job information (2/2)
-------------------------------------------------------------
    Username      Account    Partition   NNodes        Energy
------------ ------------ ------------ -------- -------------
    bp000145       ich030       normal        4    451.762 kJ

