
gen	nevals	avg    	std    	min    	max    
1  	140   	1160.44	1992.87	53.1915	17162.8
2  	140   	1070.83	1765.23	43.3037	17162.8
3  	140   	281.363	257.126	43.3037	2045.57
4  	140   	174.658	155.919	43.3037	1958.97
5  	140   	145.948	142.517	22.0222	1851.07
6  	140   	129.822	99.7526	22.0222	932.941
7  	140   	142.978	143.899	22.0222	1475.21
8  	140   	131.644	97.0635	22.0222	633.275
9  	140   	120.702	107.222	19.603 	1176.68
10 	140   	136.594	296.52 	19.603 	4760.6 
11 	140   	105.652	112.82 	19.603 	1332.96
12 	140   	103.708	86.07  	18.1775	529.287
13 	140   	110.689	81.2236	19.603 	687.664
14 	140   	104.786	86.0338	19.603 	554.741
15 	140   	109.27 	117.772	19.603 	974.649
16 	140   	106.456	130.557	19.603 	1527   
17 	140   	121.557	327.83 	19.603 	5059.65
18 	140   	89.2117	84.5173	19.603 	544.385
19 	140   	93.2937	99.5171	19.603 	819.555
20 	140   	97.8097	116.931	19.603 	989.576
21 	140   	98.1493	258.497	18.3833	4175.6 
22 	140   	91.4777	101.957	13.7991	1022.88
23 	140   	101.548	314.401	17.9923	5193.53
24 	140   	87.3233	97.5481	14.4948	762.8  
25 	140   	95.9831	134.566	14.4948	1845.48
26 	140   	100.553	152.382	14.4948	1774.51
27 	140   	83.0374	94.9141	14.4948	1024.04
28 	140   	78.5494	79.0874	14.4948	543.04 
29 	140   	88.4767	109.858	14.4948	1369.73
30 	140   	121.919	537.169	14.4948	8991.41
31 	140   	84.3072	96.9945	14.4948	931.513
32 	140   	91.9305	160.985	14.4948	2379.44
33 	140   	84.1012	76.3987	14.4948	476.375
34 	140   	93.0894	206.121	14.4948	3294.45
35 	140   	90.2385	128.306	14.4948	1422.44
36 	140   	79.1101	83.5057	14.4948	447.644
37 	140   	80.5339	115.358	14.4948	1075.25
38 	140   	82.7314	91.8757	14.4948	623.73 
39 	140   	91.7561	107.532	14.4948	1211.33
40 	140   	79.542 	73.1064	14.4948	368.368
41 	140   	85.9152	130.171	14.4948	1716.83
42 	140   	93.5759	239.856	14.4948	3872.56
43 	140   	116.691	89.1305	14.7747	609.592
44 	140   	93.8391	91.0116	13.3925	662.175
45 	140   	103.138	224.788	13.3925	3548.17
46 	140   	93.8994	134.934	13.3925	1715.81
47 	140   	94.0013	185.329	13.3925	2637.88
48 	140   	89.4269	140.114	13.3925	2002.75
49 	140   	79.6779	78.2755	13.3925	428.901
50 	140   	94.475 	126.656	13.3925	1657.4 
51 	140   	81.8894	78.5161	13.3925	824.263
52 	140   	187.838	1544.86	13.3925	25930.1
53 	140   	89.4621	130.738	13.3925	1893.05
54 	140   	99.3674	309.567	13.3925	5062.93
55 	140   	76.4389	74.4775	13.3925	421.607
56 	140   	92.7018	222.391	13.3925	3513.54
57 	140   	85.9057	96.0465	13.3925	709.242
58 	140   	89.2257	85.2041	13.3925	574.622
59 	140   	89.6118	87.5434	15.1835	514.666
60 	140   	90.8364	91.1416	15.1835	642.745
61 	140   	91.2585	178.072	14.9082	2400.99
62 	140   	78.6707	88.2762	14.9082	466.709
63 	140   	103.218	406.071	14.9082	6732.1 
64 	140   	116.951	444.896	14.5809	6732.1 
65 	140   	82.6631	92.2234	14.9082	581.96 
66 	140   	94.802 	235.576	14.9082	3044.2 
67 	140   	82.297 	103.752	14.9082	1025.53
68 	140   	90.4285	129.692	14.9082	1240.56
69 	140   	1545.11	23356.7	14.9082	391376 
70 	140   	1500.38	23342.1	14.9082	391376 
71 	140   	88.7907	153.286	14.9082	2268   
72 	140   	81.9434	95.4599	14.9082	673.75 
73 	140   	96.1843	165.795	14.9082	1983.11
74 	140   	98.5181	221.629	14.9082	3476.16
75 	140   	94.1757	108.87 	14.9082	839.781
76 	140   	86.5867	101.6  	14.9082	800.773
77 	140   	113.145	493.754	14.9082	8175.88
78 	140   	81.9143	110.079	14.9082	1285.85
79 	140   	73.3651	73.9843	14.9082	341.897
80 	140   	87.8971	132.964	15.5729	1554.71
81 	140   	88.686 	178.457	15.5729	2742.72
82 	140   	241.441	2390.22	15.275 	40062.3
83 	140   	89.9389	237.012	15.275 	3805.56
84 	140   	96.3458	151.071	15.275 	1494.05
85 	140   	106.664	366.44 	15.2656	5949.65
86 	140   	75.3122	78.5754	15.2656	422.108
87 	140   	92.954 	209.796	15.2656	3243.29
88 	140   	90.5256	205.537	15.275 	3243.29
89 	140   	72.9759	77.6485	15.275 	441.812
90 	140   	90.8142	193.334	14.1895	2715.34
91 	140   	102.323	104.255	14.1895	801.295
92 	140   	79.4196	74.878 	14.1895	434.829
93 	140   	101.807	213.766	14.1895	3075.48
94 	140   	89.1512	147.614	14.1895	1905.15
95 	140   	99.4695	244.061	15.275 	3619.86
96 	140   	86.0993	94.8907	15.2208	593.701
97 	140   	91.0557	142.373	15.275 	1802.63
98 	140   	81.7933	96.1029	15.275 	816.125
99 	140   	84.0417	88.8057	14.8748	482.61 
100	140   	85.8962	153.459	14.8748	2297.01
Time elapsed: 1054 seconds.


Batch Job Summary Report (version 21.01.1) for Job "bpopt" (46128882) on daint

Job information (1/2)
-----------------------------------------------------------------------------------------------------
             Submit            Eligible               Start                 End    Elapsed Time limit
------------------- ------------------- ------------------- ------------------- ---------- ----------
2023-04-19T07:53:26 2023-04-19T07:53:26 2023-04-19T07:53:28 2023-04-19T08:12:19   00:18:51   00:59:00
-----------------------------------------------------------------------------------------------------

Job information (2/2)
-------------------------------------------------------------
    Username      Account    Partition   NNodes        Energy
------------ ------------ ------------ -------- -------------
    bp000145       ich030       normal        4    720.806 kJ

