
gen	nevals	avg    	std    	min    	max    
1  	280   	5459.38	45.668 	5325.62	5531.36
2  	280   	5459.38	45.4158	5325.09	5531.36
3  	280   	5428.68	61.0328	5318.29	5533.66
4  	280   	5389.5 	60.6338	5299.99	5530.82
5  	280   	5352   	35.5734	5299.99	5528.64
6  	280   	5333.4 	66.7824	3843.9 	5523.16
7  	280   	5301.06	236.979	2453.26	5417.8 
8  	280   	5235.56	491.728	944.28 	9121.31
9  	280   	5069.12	911.138	944.28 	12076.2
10 	280   	4713.16	1512.36	897.485	12076.2
11 	280   	4388.01	2109.93	890.413	12921.7
12 	280   	4365.3 	2571.07	890.413	13670.6
13 	280   	4334.26	2680.03	841.271	13670.6
14 	280   	4343.91	2979.4 	830.091	13914.1
15 	280   	4644.21	3118.56	830.091	14037.7
16 	280   	4473.3 	3131.04	830.091	15099.7
17 	280   	4639.36	3461.01	813.571	21373  
18 	280   	4823.26	3434.15	813.571	13974.9
19 	280   	4859.17	3412.71	813.571	14910  
20 	280   	4383.57	3116.54	807.949	16839.9
21 	280   	4352.91	3224.61	811.115	18068.8
22 	280   	4668.79	3716.7 	807.619	18068.8
23 	280   	4145.62	2682.98	795.8  	14003.2
24 	280   	3939.88	2826.32	795.8  	13913.4
25 	280   	4346.5 	3206.97	795.8  	13913.4
26 	280   	4103.9 	2897.04	772.075	14895.6
27 	280   	4151.33	3043.24	772.075	14895.6
28 	280   	4335.43	3225.72	746.298	14895.6
29 	280   	4476.36	3520.21	746.298	16087.4
30 	280   	4947.14	3823.42	361.853	16123  
31 	280   	5273.13	3882.74	361.853	20089  
32 	280   	5354.47	4100.01	361.853	26786.2
33 	280   	5835.31	4565.13	361.801	30909.8
34 	280   	5514.18	4865.49	255.326	30909.8
35 	280   	5987.68	5078.01	255.326	30909.8
36 	280   	6020.97	13347.8	249.333	298017 
37 	280   	5727.03	5229.38	249.333	57131.4
38 	280   	5438.03	4985.29	249.333	29739  
39 	280   	5855.96	5935.2 	249.333	59438  
40 	280   	5931.26	6177.45	200.301	88393.5
41 	280   	4936.7 	4411.62	223.388	66788.2
42 	280   	5011.53	4698.44	254.37 	53648.9
43 	280   	5139.99	4490.18	247.871	56126.2
44 	280   	4435.16	3411.27	254.37 	26150.2
45 	280   	4991.28	4754.84	254.37 	46156.5
46 	280   	4732.2 	4759.91	254.37 	46156.5
47 	280   	5055.67	5493.61	241.91 	68252.8
48 	280   	5010.5 	5860.41	261.095	90135.3
49 	280   	4944.92	3961.15	230.694	41830.5
50 	280   	4753.4 	3700.28	203.447	27266.9
51 	280   	4188.3 	3250.48	203.447	32550.1
52 	280   	4733.02	5568.37	203.447	81330.4
53 	280   	5217.64	6160.01	184.25 	107277 
54 	280   	5892.27	8399.9 	184.25 	125006 
55 	280   	5180.49	4824.95	184.25 	70568.4
56 	280   	4477.56	5019.42	184.25 	87817.7
57 	280   	5073.59	4921.83	191.736	53912.3
58 	280   	6468.38	37400.8	191.736	800697 
59 	280   	5788.71	16908.7	164.402	383503 
60 	280   	8608.6 	33663.1	164.402	383503 
61 	280   	7281.36	24066.2	164.402	383503 
62 	280   	7448.47	32379.9	164.402	383503 
63 	280   	5687.02	7283.86	191.736	98433.4
64 	280   	5267.13	13379.2	191.736	289614 
65 	280   	6430.77	18918.1	191.736	289614 
66 	280   	4501.83	4844.39	191.736	61836.2
67 	280   	5593.45	6570.88	191.736	61836.2
68 	280   	6328.6 	7745.61	181.739	86205.8
69 	280   	5384.37	5140.64	181.739	34629.7
70 	280   	5759.53	16426.8	181.739	369716 
71 	280   	6050.93	22591.6	181.739	506730 
72 	280   	5726.38	15189  	181.739	272360 
73 	280   	5235.99	12100  	181.739	272360 
74 	280   	4572.13	11780.7	181.739	272360 
75 	280   	5034.04	12469.5	181.739	272360 
76 	280   	4631.3 	11856.7	194.294	272360 
77 	280   	5417.83	9547.32	194.294	182770 
78 	280   	4722.97	3658.19	184.54 	22483  
79 	280   	4593.33	8050.27	184.54 	155985 
80 	280   	5767.85	9757.57	194.294	147343 
81 	280   	6122.52	9591.47	194.294	147343 
82 	280   	4764.58	5049.31	194.294	81209.6
83 	280   	5117.46	5044.2 	194.294	46907.7
84 	280   	5060.75	4740.72	194.294	52007.3
85 	280   	5443.29	5059.18	194.294	40641.3
86 	280   	4761.71	5080.81	166.101	38353.4
87 	280   	6530.5 	11428.6	166.101	197913 
88 	280   	4820.7 	4597.13	151.589	43104.1
89 	280   	6051.12	9935.36	151.589	200918 
90 	280   	4434.27	4860.42	151.589	65184.7
91 	280   	6006.34	8881.4 	151.589	112891 
92 	280   	6478.34	10397  	177.906	113093 
93 	280   	5636.48	11454  	177.906	133915 
94 	280   	5151.33	8283.33	177.906	123536 
95 	280   	5858.2 	8003.69	177.906	151332 
96 	280   	4503.02	5207.7 	177.906	93052.2
97 	280   	5907.57	7637.63	177.906	93052.2
98 	280   	6103.46	8704.6 	177.906	124755 
99 	280   	5872.29	7093.39	177.906	95742.1
100	280   	6003.46	17566.3	177.906	375638 
Time elapsed: 12067 seconds.


Batch Job Summary Report (version 21.01.1) for Job "bpopt" (48963395) on daint

Job information (1/2)
-----------------------------------------------------------------------------------------------------
             Submit            Eligible               Start                 End    Elapsed Time limit
------------------- ------------------- ------------------- ------------------- ---------- ----------
2023-09-15T12:42:06 2023-09-15T12:42:06 2023-09-15T12:42:07 2023-09-15T16:04:36   03:22:29   23:59:00
-----------------------------------------------------------------------------------------------------

Job information (2/2)
-------------------------------------------------------------
    Username      Account    Partition   NNodes        Energy
------------ ------------ ------------ -------- -------------
    bp000145       ich030       normal        8  12236.234 kJ

