
gen	nevals	avg    	std    	min    	max        
1  	280   	7086.65	2014.85	3862.17	19402      
2  	280   	7032.07	1969.55	3860.06	19402      
3  	280   	5375.14	2091.19	3847.03	17807.3    
4  	280   	4462.84	1574.02	3839.27	22404.8    
5  	280   	4260.22	1199.34	3798.3 	8250       
6  	280   	4245.72	1188.91	3798.3 	8250       
7  	280   	4312.43	1284.99	3798.3 	8250       
8  	280   	4152.09	1056.18	3796.4 	10526.4    
9  	280   	4044.58	887.767	3780.67	10526.4    
10 	280   	3899.01	460.179	2694.9 	8250       
11 	280   	3910.38	535.558	2694.9 	8250       
12 	280   	3918.64	587.68 	2694.9 	8250       
13 	280   	3899.86	586.349	1690.73	8250       
14 	280   	3875.17	773.966	1690.73	19688      
15 	280   	4022.79	2258.37	1690.73	45044      
16 	280   	4165.01	3429.76	1620.66	45044      
17 	280   	5189.85	6178.91	544.26 	45801      
18 	280   	15234.9	164978 	515.817	3.90856e+06
19 	280   	10364.1	10696.5	522.251	45044      
20 	280   	9342.04	10544.9	516.47 	59660.5    
21 	280   	7640.39	9231.31	490.119	55605.2    
22 	280   	7058.29	9543.38	490.119	52322.3    
23 	280   	5904.63	8442.41	490.119	55083.4    
24 	280   	6693.83	10612.2	490.119	136928     
25 	280   	7810.85	13729.8	486.668	136928     
26 	280   	10254  	18079.2	300.645	136928     
27 	280   	11633.5	22115.4	300.645	136928     
28 	280   	9506.05	17507.7	300.645	136928     
29 	280   	10365.6	17279.5	300.645	136928     
30 	280   	8793.91	16203.7	255.096	112762     
31 	280   	8011.28	14630.3	248.128	104401     
32 	280   	8091.87	14141.7	248.128	94292      
33 	280   	10837.7	17740.8	248.128	122670     
34 	280   	8283.05	14210.1	248.128	94327.8    
35 	280   	11888.2	18481.6	248.128	120900     
36 	280   	9315.19	14292.8	235.315	90113.8    
37 	280   	10562.8	17552  	235.315	142805     
38 	280   	9537.72	15298  	235.315	115848     
39 	280   	9169.17	17244.4	235.315	138706     
40 	280   	7369.79	12368  	235.315	77109.5    
41 	280   	8208.33	15221.9	235.315	105520     
42 	280   	7775.5 	15041.9	235.315	128670     
43 	280   	8148.45	14366.6	175.406	93530.2    
44 	280   	6989.32	13266.7	175.406	87218.1    
45 	280   	6560   	12890.3	175.406	104404     
46 	280   	7357.25	14015.1	175.406	138783     
47 	280   	6538.15	12287.8	175.406	98374.5    
48 	280   	6102.23	12464.8	175.406	103408     
49 	280   	5350.66	10711.3	175.406	75998.4    
50 	280   	5902.37	11027.5	175.406	70881.7    
51 	280   	5708.81	12198.9	175.406	114464     
52 	280   	5650.1 	9720.09	175.406	60777.5    
53 	280   	6212.92	11815.1	175.406	81145.1    
54 	280   	5474.95	10934.7	167.616	86199.4    
55 	280   	5825.01	12477.6	175.406	137712     
56 	280   	6591.77	13480.9	159.925	119677     
57 	280   	6552.02	14484.8	175.406	131715     
58 	280   	5926.58	13054.3	175.406	131715     
59 	280   	5787.08	10486.7	175.406	77078.4    
60 	280   	4687.91	9946.43	165.885	105421     
61 	280   	6060.73	12753  	165.885	97468.8    
62 	280   	5668.47	10092  	111.997	73977.9    
63 	280   	5793.47	11746.1	111.997	122550     
64 	280   	6171.41	12810.2	111.997	120558     
65 	280   	5003.75	10768.4	111.997	86123.3    
66 	280   	4143.06	8281.41	111.997	66887.2    
67 	280   	5866.31	13538.7	111.997	128737     
68 	280   	4536.91	8916.71	111.997	70165.3    
69 	280   	5366.92	9981.74	111.997	62870.5    
70 	280   	5951.26	11653.9	111.997	79112.7    
71 	280   	4649.17	10032.3	111.997	88273.3    
72 	280   	4862.32	9743.28	111.997	98221.1    
73 	280   	4883.85	9119.96	111.997	80147.2    
74 	280   	4831.78	9516.63	111.997	82187.6    
75 	280   	5242.65	9967.44	111.997	88607.5    
76 	280   	5351.84	10484.9	111.997	73085.1    
77 	280   	4403.3 	7517.43	111.997	57047.6    
78 	280   	4111.36	7525.7 	111.997	59878.6    
79 	280   	5180.46	9927.91	111.997	80089.9    
80 	280   	4820.76	8766.5 	111.997	90314      
81 	280   	4983.91	11122.6	79.2281	96237.2    
82 	280   	4622.26	9237.97	98.3246	85102.3    
83 	280   	5087.66	9425.2 	98.3246	75034.2    
84 	280   	5228.77	10399  	98.3246	108503     
85 	280   	4482.39	9058.99	98.3246	90192.3    
86 	280   	4071.41	7437.73	98.3246	114431     
87 	280   	4578.29	8762.99	98.3246	101443     
88 	280   	4014.19	6217.26	98.3246	55930.4    
89 	280   	4861.89	8872.79	98.3246	62916.3    
90 	280   	4397.03	8329.25	97.2299	78230.1    
91 	280   	5295   	10940.3	98.3246	99209.2    
92 	280   	5069.49	9593.11	95.6606	73877.8    
93 	280   	4950.1 	10698.4	98.3246	139579     
94 	280   	4552.57	9342.02	98.3246	96296.6    
95 	280   	4682.62	9466.12	98.3246	75977.2    
96 	280   	4261.33	8108.22	98.3246	78227.4    
97 	280   	4208.2 	7271   	98.3246	66233.5    
98 	280   	5040.58	9903.66	98.3246	78412.6    
99 	280   	5091.36	10032  	98.3246	85230.7    
100	280   	5205.38	10485.6	98.3246	76032.7    
101	280   	4027.09	7676.75	91.8983	76051.7    
102	280   	4016.96	7271.48	91.8983	62939.7    
103	280   	4658.51	11628.7	91.8983	199143     
104	280   	3612.73	7393.3 	91.8983	114488     
105	280   	3793.55	6704.04	91.8983	60829.7    
106	280   	3858.94	6472.37	91.8983	43817.7    
107	280   	3757.21	7002.31	91.8983	55797      
108	280   	3681.45	6952.07	91.8983	51758.1    
109	280   	4039.14	7787.4 	91.8983	78206.4    
110	280   	3689.23	6643.65	91.425 	59874.7    
111	280   	3922.49	7246   	91.8983	55791.7    
112	280   	3834.61	7559.02	91.8983	82074      
113	280   	4070   	8706.25	91.8983	66980.7    
114	280   	4093.76	8842.73	91.8983	100329     
115	280   	4274.65	10563.6	91.8983	104269     
116	280   	4335.53	10907  	91.8983	130620     
117	280   	4247.47	7961.54	91.8983	56952.7    
118	280   	3516.61	6963.35	91.8983	66008.7    
119	280   	3602.15	7451.53	91.8983	89217.4    
120	280   	3625.75	7223.55	91.8983	69942.3    
121	280   	3995.35	7736.44	99.7932	73982.6    
122	280   	3923.53	8841.88	87.7305	87146.2    
123	280   	4110.82	7876.94	87.7305	81008.5    
124	280   	4040.85	8004.52	87.7305	79995.9    
125	280   	3851.99	8259.83	87.7305	102253     
126	280   	4036.87	8070.72	87.7305	58868      
127	280   	4630.15	12475.9	84.0467	222413     
128	280   	4182.04	8697.59	84.0467	83124.3    
129	280   	4422.28	10571.3	84.0467	111506     
130	280   	4428.75	10657.2	84.0467	104540     
131	280   	3994.25	7920.03	84.0467	79106      
132	280   	3597.17	6235.7 	84.0467	45701.3    
133	280   	3737.2 	7582.4 	84.0467	79991.4    
134	280   	3778.63	8378.54	84.0467	83331.7    
135	280   	4536.13	9686.71	84.0467	93240      
136	280   	3610.09	7116.7 	84.0467	66919.5    
137	280   	3598.93	7325.92	84.0467	100386     
138	280   	3228.84	6075.18	84.0467	59936.4    
139	280   	3692.12	7676.85	84.0467	81034.7    
140	280   	3822.49	8010.82	84.0467	78997.6    
141	280   	3810.18	7375.39	84.0467	59993.7    
142	280   	3594.27	8050.22	84.0467	94187.5    
143	280   	4217.55	11283.7	84.0467	134703     
144	280   	3640.5 	6907.9 	84.0467	78069.2    
145	280   	3716.3 	8778.66	84.0467	120566     
146	280   	3501.91	5992.25	84.0467	52833.2    
147	280   	3697.78	7977.89	84.0467	107302     
148	280   	3738.56	7002.53	71.8314	80128.3    
149	280   	3908.59	7210.25	71.8314	47855.8    
150	280   	3856.34	8334.81	71.8314	95306.8    
151	280   	3905.61	9607.09	71.8314	103309     
152	280   	3626.28	7373.08	71.8314	69316.5    
153	280   	3495.02	5896.04	71.8314	54830.2    
154	280   	3448.08	7055.78	71.8314	97213.2    
155	280   	3592.29	7247.89	71.8314	64885.4    
156	280   	3891.46	7922.67	71.8314	64882.2    
157	280   	3484.42	6930.62	71.8314	76252.4    
158	280   	3650.87	8852.5 	71.8314	111511     
159	280   	3563.99	8082.38	71.8314	99322.7    
160	280   	3444.65	8295.75	71.8314	99983.3    
161	280   	4441.08	10328.6	71.8314	108434     
162	280   	3545.17	7206.47	71.8314	74972      
163	280   	4645.94	9799.2 	71.8314	95260.9    
164	280   	5451.57	8661.38	71.8314	122557     
165	280   	5052.59	8343   	71.8314	74232.9    
166	280   	4514.32	8329.71	71.8314	63922.7    
167	280   	4022.28	7875   	71.8314	87298.1    
168	280   	3725.13	7149.56	71.8314	64108.8    
169	280   	3250.7 	5756.02	71.8314	57843      
170	280   	3724.48	7126.82	71.8314	65873.7    
171	280   	3950.57	8100.45	71.8314	82131.5    
172	280   	3578.52	7090.43	71.8314	81180.4    
173	280   	3050.33	5328.06	71.8314	45752.4    
174	280   	3896.91	7368.51	71.8314	57947.5    
175	280   	3639.65	6194.19	71.8314	42711.6    
176	280   	3220.09	5878.32	71.8314	61834.5    
177	280   	3655.49	7426.52	71.8314	82190.2    
178	280   	3777.21	7446.67	71.8314	67958.1    
179	280   	4209.75	9347.57	71.8314	97334.1    
180	280   	3988.09	6715.18	71.8314	52783.1    
181	280   	3613.95	7413.95	71.8314	101459     
182	280   	4025.2 	8242.12	71.8314	70138.4    
183	280   	3708.36	6807.93	71.8314	59918.9    
184	280   	3564.72	6958.19	71.8314	59918.9    
185	280   	8453.43	102201 	71.8314	2.41668e+06
186	280   	3743.39	6914.58	71.8314	65943.4    
187	280   	4225.64	8751.27	71.8314	119520     
188	280   	4060.79	7396.7 	71.8314	63004.5    
189	280   	5956.67	8390.33	71.8314	51764      
190	280   	5368.47	9276.12	71.8314	70988.6    
191	280   	4216.92	8227.57	71.8314	70988.6    
192	280   	3952.87	7176.99	71.8314	69045.7    
193	280   	4060.19	8430.63	71.8314	102365     
194	280   	3751.44	7425.52	71.8314	79063.1    
195	280   	4734.15	10801.4	71.8314	126594     
196	280   	3993.24	7038.59	71.8314	44632.8    
197	280   	4044.46	7770.28	71.8314	75035.9    
198	280   	4011.78	7936.48	71.8314	81205.8    
199	280   	3764.83	7724.28	71.8314	62909.8    
200	280   	3868.03	8341.1 	71.8314	112469     
201	280   	3547.16	7373.93	71.8314	79081.5    
202	280   	5702.54	9658.03	71.8314	73991.9    
203	280   	4806.96	8775.25	71.8314	73269.9    
204	280   	4840.49	8734.65	71.8314	62862.8    
205	280   	4298.53	8568.72	71.8314	98586.8    
206	280   	4293.78	9054.33	71.8314	75970.2    
207	280   	3778.16	6964.54	71.8314	56694.2    
208	280   	4154.84	9170.18	71.8314	125491     
209	280   	4904.78	11090.9	85.439 	125491     
210	280   	4173.17	7940.05	85.439 	81086.9    
211	280   	3197.32	5600.7 	85.439 	51687.4    
212	280   	3863.13	7833.25	85.439 	87336.8    
213	280   	3622.57	6619.3 	85.439 	54854.2    
214	280   	3790.09	8822.7 	85.439 	116499     
215	280   	4602.19	9679.07	85.439 	83025.8    
216	280   	3981.34	9423.09	85.439 	83025.8    
217	280   	3592.34	7223.6 	85.439 	70029.9    
218	280   	3778.09	6996.9 	85.439 	57745.2    
219	280   	3850.14	8098.46	85.439 	59887.5    
220	280   	3877.44	7763.15	85.439 	79174.7    
221	280   	4073   	7879.65	85.439 	64864.3    
222	280   	3713.75	7102.71	85.439 	64857.9    
223	280   	3741.54	7164.53	77.0006	52789.2    
224	280   	3683.26	7697.26	77.0006	71037.8    
225	280   	3447.98	7521.26	77.0006	64952.5    
226	280   	4092.72	8680.96	77.0006	78184.1    
227	280   	3768.81	6971.14	77.0006	58794.1    
228	280   	4206.58	9231.11	77.0006	98243.6    
229	280   	4237.5 	8672.98	77.0006	98243.6    
230	280   	3680.07	6529.94	77.0006	49619.3    
231	280   	3552.98	6615.81	77.0006	54850.7    
232	280   	4441.51	8764.44	77.0006	89160.9    
233	280   	3765.67	6604.57	77.0006	47681.8    
234	280   	3956.56	8349.84	77.0006	65890.7    
235	280   	3432.35	7026.09	77.0006	86163.5    
236	280   	4004.68	7592.21	77.0006	54787.6    
237	280   	3549.21	7626.78	77.0006	64935.6    
238	280   	3476.55	6837.17	77.0006	61962.6    
239	280   	3570.03	6939.6 	77.0006	59927.3    
240	280   	3586.21	8184.49	77.0006	84357.9    
241	280   	4374.83	10283.6	77.0006	89326.4    
242	280   	3790.26	7666.68	77.0006	71950.5    
243	280   	4290.44	10398.7	77.0006	117530     
244	280   	3875.32	9812.85	77.0006	117530     
245	280   	4495.49	9161.21	77.0006	78058.8    
246	280   	4108.89	8230.85	77.0006	71992.4    
247	280   	4048.7 	7819.47	77.0006	63964      
248	280   	3445.54	5929.98	77.0006	53862.8    
249	280   	3530.54	6949.43	77.0006	65965      
250	280   	4168.24	8978.2 	77.0006	84115.4    
251	280   	3758.37	8248.24	77.0006	86250.1    
252	280   	3756.71	7719.55	77.0006	90190.5    
253	280   	3808.8 	7389.73	77.0006	76022.4    
254	280   	3199.77	5908.88	77.0006	51697.1    
255	280   	3736.16	7338.92	77.0006	62045.6    
256	280   	3667.89	7289.62	77.0006	80032.7    
257	280   	3729.85	8639.26	77.0006	94112.5    
258	280   	4404.3 	8890.88	77.0006	67914.8    
259	280   	3885.42	7730.49	77.0006	75943.1    
260	280   	4002.21	8404.22	77.0006	83094.4    
261	280   	4251.83	10294  	77.0006	129668     
262	280   	4113.79	10266.9	77.0006	145750     
263	280   	3892.23	8801.34	77.0006	84206      
264	280   	4571.03	9441.04	77.0006	95261.9    
265	280   	3702.53	7988.09	77.0006	112465     
266	280   	3810.06	7462.76	77.0006	70000.4    
267	280   	3979.74	8144.02	77.0006	98359      
268	280   	3466.46	6349.64	77.0006	65913.7    
269	280   	4278.67	9339.1 	77.0006	105463     
270	280   	4057.99	8593.23	77.0006	102286     
271	280   	4175.62	8142.47	77.0006	81052.8    
272	280   	4119.85	7941.85	77.0006	72204.7    
273	280   	3809.32	8004.27	77.0006	95164      
274	280   	3582.64	7428.74	77.0006	93159.4    
275	280   	3855.17	9019.88	77.0006	110361     
276	280   	3730.59	7066.59	77.0006	54718.8    
277	280   	3815.66	7695.59	77.0006	82107.2    
278	280   	3936.69	8120.3 	77.0006	71979.5    
279	280   	3902.82	7705.79	77.0006	91147      
280	280   	3647.75	6567.22	77.0006	57794.4    
281	280   	3930.83	7633.45	77.0006	59352.3    
282	280   	3944.67	8227.22	77.0006	85128.7    
283	280   	3897.05	8386.08	77.0006	96254.1    
284	280   	3662.8 	7225.29	77.0006	66936      
285	280   	3289.41	5983.67	77.0006	65951.3    
286	280   	3310.19	6352.75	77.0006	57844.2    
287	280   	3590.48	7047.24	77.0006	81123.6    
288	280   	3777.53	7669.1 	77.0006	83053.9    
289	280   	3483.58	6544.61	77.0006	50846      
290	280   	2992.34	6293.48	77.0006	89331      
291	280   	3887.46	9184.54	77.0006	122487     
292	280   	3648.14	7561.44	77.0006	73191.1    
293	280   	3717.13	7131.86	77.0006	62926.8    
294	280   	3894.77	7361.9 	77.0006	66077.2    
295	280   	3921.31	7976.45	77.0006	70009.3    
296	280   	3789.31	8675.04	77.0006	90106.8    
297	280   	3904.31	8909.58	77.0006	122556     
298	280   	3900.27	7332.3 	77.0006	75005.4    
299	280   	4064.47	8348.9 	77.0006	74008.7    
300	280   	3760.53	9078.28	74.4354	139840     
301	280   	3510.61	6552.02	74.4354	58957.8    
302	280   	4670.94	8601.02	74.4354	81057      
303	280   	4338.13	11640.9	74.4354	169735     
304	280   	4300.64	11101.9	74.4354	169735     
305	280   	4003.24	8504.2 	74.4354	97213.4    
306	280   	4394.7 	7982.82	74.4354	63936.6    
307	280   	3753.59	8404.16	74.4354	92294.3    
308	280   	4319.07	8591.25	74.4354	92294.3    
309	280   	3732.85	8511.08	74.4354	115526     
310	280   	4569.94	9867.92	74.4354	95267.6    
311	280   	3958.95	7607.4 	74.4354	88214.3    
312	280   	4250.64	8692.82	74.4354	101314     
313	280   	3936.77	8131.22	74.4354	66856.5    
314	280   	4016.73	8476.69	74.4354	110691     
315	280   	4490.95	8849.59	74.4354	65989.9    
316	280   	3928.95	8226.83	74.4354	91141.5    
317	280   	3485.81	6314.79	74.4354	57749.3    
318	280   	3519.29	6245.06	74.4354	56956.4    
319	280   	3292.31	5595.9 	74.4354	54803.9    
320	280   	4525.79	8563.81	74.4354	67889.4    
321	280   	3870.4 	7092.03	74.4354	56785.3    
322	280   	3769.65	6722.52	74.4354	57839.5    
323	280   	4811.8 	10039.4	74.4354	89172.5    
324	280   	4229.07	9647.23	74.4354	105381     
325	280   	3633.93	7346.78	74.4354	90205.8    
326	280   	3975.64	7273.18	74.4354	81018.9    
327	280   	3755.13	6721.66	74.4354	49792.6    
328	280   	3659.39	8240.65	74.4354	111412     
329	280   	3557.08	6698.9 	74.4354	77114.8    
330	280   	4159.63	8471.48	74.4354	77114.8    
331	280   	3567.87	7052.67	74.4354	75965.7    
332	280   	3603.18	6800.67	74.4354	75999.1    
333	280   	4242.81	7278.91	74.4354	50832      
334	280   	3623.47	6498.66	74.4354	64894.5    
335	280   	4012.75	9568.21	74.4354	128599     
336	280   	3640.28	6926.23	74.4354	57843      
337	280   	4039.81	9698.38	74.4354	113613     
338	280   	3897.38	8396.37	74.4354	101361     
339	280   	3771.12	8193.75	74.4354	106388     
340	280   	3420.89	6745.17	74.4354	71082.3    
341	280   	4247.21	9089.58	74.4354	85141      
342	280   	4063.15	9167.51	74.4354	110361     
343	280   	4010.93	8080.24	74.4354	73235.9    
344	280   	3721.25	7531.9 	74.4354	88124.1    
345	280   	3520.53	7085.1 	74.4354	86121.6    
346	280   	3982.72	9141.19	74.4354	107460     
347	280   	3842.36	8611.54	74.4354	99406.5    
348	280   	3301.55	6028.99	74.4354	53742      
349	280   	3610.52	6898.08	74.4354	86115.8    
350	280   	3460.48	6949.47	74.4354	67923.6    
351	280   	3702.72	8779.71	74.4354	104302     
352	280   	3573.7 	7884.58	74.4354	111331     
353	280   	3940.42	9181.88	74.4354	100285     
354	280   	4027.45	7916.96	74.4354	79003.6    
355	280   	3485.22	6600.6 	74.4354	64008.6    
356	280   	3833.78	8281.67	74.4354	79000.9    
357	280   	3472.31	7656.24	74.4354	93146.1    
358	280   	3250.15	5620.85	74.4354	52930      
359	280   	3633.77	7436.88	74.4354	78007.4    
360	280   	4627.64	10286.3	74.4354	78086.6    
361	280   	3203.47	6354.58	74.4354	75140.6    
362	280   	3587.81	7332.1 	74.4354	73919.5    
363	280   	3679.42	7750.75	74.4354	98213.8    
364	280   	4008.69	9360.42	74.4354	90231.8    
365	280   	4005.64	7536.76	74.4354	61008.3    
366	280   	4538.8 	9477.57	74.4354	83084.5    
367	280   	3594.99	7809.56	74.4354	83084.5    
368	280   	4028.02	9164.62	74.4354	111694     
369	280   	3075.94	5113.69	74.4354	49882.4    
370	280   	3763.95	8346.16	74.4354	94202.4    
371	280   	4209.23	9017.88	74.4354	94171.3    
372	280   	3616.91	7153.63	74.4354	71190.6    
373	280   	3961.27	8300.72	74.4354	92124.3    
374	280   	3391.45	6552.32	74.4354	59845.9    
375	280   	3470.82	7435.17	74.4354	95175.8    
376	280   	4133.04	10278.5	74.4354	111341     
377	280   	3955.02	10111.5	74.4354	146763     
378	280   	3349.49	6920.66	74.4354	103428     
379	280   	3519.45	6005.57	74.4354	44803.8    
380	280   	3394.58	8014.36	74.4354	125519     
381	280   	3632.85	7764.96	74.4354	73998      
382	280   	9948.09	149079 	74.4354	3.52915e+06
383	280   	4072.16	9426.21	74.4354	121641     
384	280   	3783.24	8851.79	74.4354	99295.6    
385	280   	3664.89	8401.4 	74.4354	99295.6    
386	280   	3682.15	9407.47	74.4354	99295.6    
387	280   	4032.19	9174.13	74.4354	93211.1    
388	280   	4665.32	9970.57	74.4354	80021.4    
389	280   	3485.58	6443.42	74.4354	60928.5    
390	280   	3992.67	7612.39	74.4354	60825.1    
391	280   	3938.18	7617.13	74.4354	55816.5    
392	280   	3458.24	6217.3 	74.4354	44750.6    
393	280   	3686.6 	6791.04	74.4354	52954.1    
394	280   	3741.78	7758.66	74.4354	80008.1    
395	280   	4285.09	8674.9 	74.4354	94251      
396	280   	3888.62	7211.71	74.4354	71970.9    
397	280   	3778.17	9945.98	74.4354	152845     
398	280   	3974.16	8976.03	74.4354	75991.8    
399	280   	3584.92	7807.5 	74.4354	89214.3    
400	280   	3737.89	7618.75	74.4354	83084.1    
401	280   	4465.57	9773.73	74.4354	86101.4    
402	280   	4097.13	7451.82	74.4354	57947.7    
403	280   	3478.44	6530.16	74.4354	73095.6    
404	280   	3168.72	5733.76	74.4354	63068.7    
405	280   	3373.81	6634.09	74.4354	67929.8    
406	280   	3750.68	6569.22	74.4354	43751.5    
407	280   	3662.14	7612.03	74.4354	97272.9    
408	280   	3540.65	7769.54	74.4354	90209.7    
409	280   	3680.58	7478.31	74.4354	71286.2    
410	280   	3727.32	8147.01	73.9777	92266.6    
411	280   	3788.17	8217.06	74.4354	98281.1    
412	280   	3829.59	7233.79	74.4354	62877.1    
413	280   	3511.37	6913.98	74.4354	64953      
414	280   	3924.7 	8218.36	74.4354	83167.6    
415	280   	4040.66	7802.64	74.4354	56998.1    
416	280   	3565.13	7054.33	74.4354	56843.8    
417	280   	3393.21	6698.96	74.4354	76063.1    
418	280   	3824.59	8868.21	74.4354	128551     
419	280   	3821.73	8928.72	74.4354	128551     
420	280   	3468.69	6958.16	74.4354	76094      
421	280   	3924.81	7411.14	74.4354	68026.6    
422	280   	3688.3 	7456.37	74.4354	88296.2    
423	280   	3584.04	8333.71	74.4354	114513     
424	280   	3523.73	7323.79	74.4354	75052.5    
425	280   	4289.77	9247.09	74.4354	86246.7    
426	280   	3555.46	7068.53	74.4354	51904.7    
427	280   	3334.44	6687.38	74.4354	64564.3    
428	280   	3652.96	7830.89	74.4354	105419     
429	280   	3739.36	7305.73	74.4354	75137.9    
430	280   	4255.43	8155.99	74.4354	75137.9    
431	280   	4669.43	8928.7 	74.4354	75137.9    
432	280   	3861.09	8075.22	74.4354	99337.7    
433	280   	3459.49	7490.42	74.4354	99337.7    
434	280   	3672.02	7836.11	74.4354	108826     
435	280   	3932.1 	7477.35	74.4354	63897.1    
436	280   	4144.25	8377.84	74.4354	102409     
437	280   	3848.6 	6360.29	74.4354	47879.9    
438	280   	3343.51	6354.57	74.4354	73997.5    
439	280   	3446.37	6587.98	74.4354	58808.1    
440	280   	3715.08	7734.72	74.4354	75106.6    
441	280   	3663.26	8267.76	74.4354	98374.9    
442	280   	3738.04	7680.38	74.4354	68948.2    
443	280   	3681.09	7336.12	66.1183	56931.9    
444	280   	3559.35	6663.57	74.4354	46788.9    
445	280   	3591.81	6622.69	74.4354	55816.6    
446	280   	4071.85	8710.54	74.4354	84113      
447	280   	3849.29	7863.07	74.4354	59801.3    
448	280   	4161.19	9262.47	74.4354	105498     
449	280   	3865.35	7234.09	74.4354	64966.7    
450	280   	4025.48	8883.1 	74.4354	93153.8    
451	280   	3118.37	5602.83	74.4354	67157.9    
452	280   	3592.41	7308.88	74.4354	91137      
453	280   	3736.96	7990.12	74.4354	81073.1    
454	280   	3653.8 	7613.27	74.4354	76104.2    
455	280   	3289.26	6456.42	74.4354	89143.8    
456	280   	4015.1 	7829.78	74.4354	79077.2    
457	280   	3420.58	6523.41	74.4354	71985      
458	280   	3719.48	7740.13	74.4354	94204.7    
459	280   	4300.2 	10595  	74.4354	121611     
460	280   	3666.56	6323.13	74.4354	50763.5    
461	280   	3802.98	7325.79	74.4354	71944      
462	280   	3953.25	8540.67	74.4354	108446     
463	280   	4336.25	9103.5 	74.4354	112354     
464	280   	3450.14	6630.64	83.3903	69553.6    
465	280   	3254.91	5932.72	83.3903	46703.1    
466	280   	3836.07	8094.78	83.3903	81196.3    
467	280   	3342.43	6622.43	83.3903	67923.3    
468	280   	3484   	6999.62	83.3903	69019.4    
469	280   	3567.69	7468   	83.3903	87253.4    
470	280   	3768.61	8799.57	83.3903	89292.5    
471	280   	3679.41	7687.48	83.3903	72088.5    
472	280   	3256.2 	5812.08	83.3903	49814.4    
473	280   	3980.68	8265.21	83.3903	80544.1    
474	280   	3349.94	6734.14	83.3903	85385.1    
475	280   	3798.8 	9602.68	83.3903	116653     
476	280   	3589.39	7709.13	83.3903	119440     
477	280   	3724.54	9159.6 	83.3903	125472     
478	280   	3584.62	7759.38	83.3903	84229.9    
479	280   	3473.3 	6633.29	83.3903	69997.4    
480	280   	3635.25	7393.7 	83.3903	69997.4    
481	280   	4022.78	8232.17	83.3903	69997.4    
482	280   	3970.33	8622.43	83.3903	82308.9    
483	280   	3818.3 	8508.79	77.1154	97208.3    
484	280   	3775.72	7565.97	77.1154	74173.1    
485	280   	3940.91	8882.98	77.1154	107367     
486	280   	4283.26	8809.84	77.1154	73798      
487	280   	3757.45	7704.16	83.3903	85120.1    
488	280   	3427.09	6787.22	83.3903	84107.8    
489	280   	3705.53	7081.18	82.2684	66934.4    
490	280   	3548.84	6539.33	82.2684	68105.8    
491	280   	4237.23	9804.24	82.2684	123466     
492	280   	3821.36	7125.58	82.2684	57840.5    
493	280   	3639.92	6950.15	82.2684	56038.6    
494	280   	3458.32	7130.12	82.2684	85188.5    
495	280   	3648.31	6878.62	83.3903	67977.6    
496	280   	3325.5 	6836.77	83.0166	82047.9    
497	280   	3541.78	6452.48	83.0166	60863.1    
498	280   	3545.39	7010.28	83.0166	72240.5    
499	280   	4255.99	9291.24	83.0166	106329     
500	280   	4394.76	10381.4	83.0166	126557     
501	280   	4118.19	8835.96	83.0166	102286     
502	280   	3775.57	7953.63	83.0166	74023.8    
503	280   	3887.74	8336.76	83.0166	75052.8    
504	280   	3192.2 	6120.11	83.0166	57723      
505	280   	4006.06	9136.06	83.0166	111746     
506	280   	3929.69	7337.69	83.0166	53754.3    
507	280   	3934.54	8053.25	83.0166	69018.9    
508	280   	3863.58	7686.94	80.5334	69018.9    
509	280   	3393.34	6405.32	80.5334	56744.2    
510	280   	3056.43	6084.58	80.5334	56827.1    
511	280   	3402.08	6967.48	83.0166	76081.3    
512	280   	3669.45	8337.3 	83.0166	66095.3    
513	280   	4289.89	9480.84	83.0166	94233      
514	280   	3824.81	9433.33	80.559 	104360     
515	280   	3271.42	5761.06	80.559 	42768.8    
516	280   	3678.12	6487.98	80.4281	53720      
517	280   	3529.56	6630.07	80.4281	53790.1    
518	280   	3537.62	7719.97	80.4281	97363.9    
519	280   	3392.74	7503.78	80.4281	83221.2    
520	280   	3675.06	7315.86	81.2566	100424     
521	280   	3756.77	8396.31	81.2566	118456     
522	280   	4866.37	32323.3	81.2566	750443     
523	280   	3790.83	8278.82	81.2566	93323.5    
524	280   	4303.79	9140.6 	81.2566	79185.7    
525	280   	3737.38	6782.63	81.2566	48851.6    
526	280   	3593.38	8294.99	81.2566	119536     
527	280   	4375.72	9636.22	83.0166	82047.6    
528	280   	5044.21	11652.1	81.3556	115438     
529	280   	3143.34	6283.08	83.0166	80103.1    
530	280   	3567.21	7094.58	83.0166	72152.4    
531	280   	4172.84	9153.08	83.0166	118472     
532	280   	4156.83	8799.18	83.0166	74985.8    
533	280   	4222.75	8369.22	83.0166	84114.2    
534	280   	4438.86	10370.6	83.0166	109373     
535	280   	4090.96	9185.88	83.0166	84068.7    
536	280   	3975.52	8233.58	83.0166	69935.1    
537	280   	3387.59	6979.56	83.0166	69935.1    
538	280   	4180.56	9843.86	83.0166	107538     
539	280   	3732.76	7677.12	83.0166	85359.4    
540	280   	3584.63	7899.58	83.0166	99244.5    
541	280   	3682.3 	7812.97	83.0166	95454.2    
542	280   	3952.97	7850.54	83.0166	72121.9    
543	280   	3694.89	7648.52	83.0166	75021.5    
544	280   	3038.15	6712.57	83.0166	76058.5    
545	280   	3666.4 	7580.6 	83.0166	77148.4    
546	280   	4467.72	9249.15	83.0166	73019.4    
547	280   	3805.39	9260.29	83.0166	120441     
548	280   	4219.42	9166.91	83.0166	91169.6    
549	280   	4258.97	9818.93	83.0166	113407     
550	280   	4502.49	11151.4	83.0166	149787     
551	280   	4261.73	9397.9 	83.0166	107439     
552	280   	4008.54	8043.82	81.5962	68130.9    
553	280   	3856.49	8218.27	81.5962	75029.9    
554	280   	3354.38	6795.67	81.5962	58025.5    
555	280   	3915.05	8568.67	80.8225	84149      
556	280   	4035.01	7914.5 	83.0166	76080.4    
557	280   	4136.65	8028.84	83.0166	69036.2    
558	280   	3864.47	7323.61	83.0166	61979.2    
559	280   	3386.01	7585.63	83.0166	96197.1    
560	280   	3313.72	6845.97	83.0166	70014.7    
561	280   	3594.31	7284.49	83.0166	76213.4    
562	280   	3546.27	7073.02	83.0166	53864.4    
563	280   	3682.04	7562.36	83.0166	97309.7    
564	280   	3731.14	7320.33	83.0166	57907.6    
565	280   	4279.43	10529.8	83.0166	116443     
566	280   	3620.47	8449.76	79.742 	104565     
567	280   	4235.3 	10320.4	79.742 	104565     
568	280   	4018.08	8911.97	79.742 	101417     
569	280   	3193.01	6103.09	79.742 	49866.8    
570	280   	3419.09	6435.14	79.742 	41739.2    
571	280   	3824.96	8066.55	79.742 	82136.6    
572	280   	4392.82	10319.7	79.742 	99277.3    
573	280   	3835.56	9150.46	79.742 	123632     
574	280   	3609.15	7781.15	79.742 	75040.8    
575	280   	3501.52	6697.57	79.742 	58953.7    
576	280   	3730.57	7026.34	79.742 	63882.6    
577	280   	4202.79	9887.61	79.742 	109421     
578	280   	3635.81	6989.56	79.742 	59016.3    
579	280   	3981.08	8347.71	74.0785	70047.8    
580	280   	3950.6 	8711.4 	74.0785	81113.5    
581	280   	3800.87	8357.82	79.742 	100380     
582	280   	3789.4 	8046.87	79.742 	77048      
583	280   	3629.76	7472.47	78.614 	85190.3    
584	280   	3794.96	7915.99	78.614 	98339      
585	280   	3745.04	8037.59	78.614 	84126.7    
586	280   	3681.62	7511.82	78.614 	75114      
587	280   	4136.18	8824.22	78.614 	91218.9    
588	280   	4078.63	8902.94	78.614 	97280.4    
589	280   	3751.6 	8998.04	78.614 	116541     
590	280   	4198.68	7984.66	78.614 	85195.1    
591	280   	4315.59	10108.8	78.614 	90504.9    
592	280   	3828.65	7170.12	71.2786	49988.6    
593	280   	3707.9 	7282.83	71.2786	66878.4    
594	280   	3787.17	7619.2 	71.2786	79024.2    
595	280   	3753.86	7792.53	71.2786	90152      
596	280   	4044.26	8038.68	71.2786	79017.8    
597	280   	4163.6 	9418.69	71.2786	102324     
598	280   	4078.4 	8910.66	71.2786	102318     
599	280   	3504.02	7748.84	71.2786	101288     
600	280   	3498.52	6756.65	71.2786	54758.8    
601	280   	3571.85	6401.58	71.2786	53905.4    
602	280   	3723.31	6604.27	71.2786	48772.9    
603	280   	3274.61	7140.41	71.2786	74980.6    
604	280   	3314.1 	7086.98	71.2786	78123.6    
605	280   	3250.51	5645.97	71.2786	51965.1    
606	280   	3103.69	6463.35	71.2786	73002.3    
607	280   	3682.66	7940.94	71.2786	77070.5    
608	280   	3852.19	9827.94	71.2786	158811     
609	280   	3694.67	7518.56	71.2786	63909      
610	280   	4004.16	8310.48	71.2786	76121.1    
611	280   	3502.78	6728.01	71.2786	54866.5    
612	280   	3576.99	7403.75	71.2786	74006.4    
613	280   	3595.87	6734.44	71.2786	56859.8    
614	280   	3689.5 	6937.74	71.2786	61837.4    
615	280   	3390.98	6220.43	71.2786	77039.8    
616	280   	3371.43	6689.23	78.614 	61883      
617	280   	3642.06	7202.86	78.614 	61974      
618	280   	3954.77	9514.16	78.614 	113514     
619	280   	4105.73	8271.49	78.614 	89201.8    
620	280   	3658.5 	8215.79	78.614 	94211      
621	280   	4126.42	10241.8	78.614 	113400     
622	280   	4077.61	9299   	78.614 	103422     
623	280   	4584.24	10753.3	78.614 	96309.4    
624	280   	4336.53	9630.4 	78.614 	100397     
625	280   	3550.56	6822.85	78.614 	60766      
626	280   	3704.01	8106.1 	78.614 	98288.7    
627	280   	4212.98	11821.9	78.614 	164020     
628	280   	3976.13	10505  	78.614 	164020     
629	280   	3748.72	8331.33	78.614 	83348.8    
630	280   	3867.49	8751.88	78.614 	86246      
631	280   	3408.65	6372.72	78.614 	62148.8    
632	280   	3847.68	9342.7 	78.614 	110419     
633	280   	3723.29	7912.03	78.614 	88283.7    
634	280   	4618.69	10684  	78.614 	142032     
635	280   	3480.86	6150.38	78.614 	51736.8    
636	280   	4436.77	9480.24	78.614 	97413      
637	280   	4024.17	7851.32	78.614 	77322      
638	280   	4010.65	7598.07	78.614 	65056.7    
639	280   	3683.42	7571.68	78.614 	97303.5    
640	280   	3308.39	6530.34	78.614 	85137.5    
641	280   	3718.39	7449.13	78.614 	62968.5    
642	280   	3680.89	8991.09	78.614 	106399     
643	280   	3451.1 	7665.57	78.614 	94293.4    
644	280   	3921.08	7357.72	78.614 	68282.6    
645	280   	4254   	14425.8	78.614 	293028     
646	280   	3288.97	6342.71	78.614 	73044.2    
647	280   	3356.06	6044.35	78.614 	59910.2    
648	280   	3535.76	6886.64	78.614 	63906.6    
649	280   	3366.33	5661.32	78.614 	41578.2    
650	280   	3776.87	7316.9 	78.614 	81125.2    
651	280   	3852.49	7586.92	78.614 	82084.2    
652	280   	4069.6 	8880.58	78.614 	82084.2    
653	280   	3328.2 	5966.47	78.614 	56846      
654	280   	3305.16	5926.72	78.614 	54765.9    
655	280   	4782.75	11118.3	78.614 	146956     
656	280   	4370.51	10378.3	78.614 	111373     
657	280   	4006.11	10372.9	78.614 	127570     
658	280   	3085.64	5104.72	78.614 	48834.5    
659	280   	3239.62	5872.83	78.614 	52830.6    
660	280   	3660.85	7937   	79.742 	87192.5    
661	280   	3680.86	8252.87	79.742 	113629     
662	280   	3825.34	7364.3 	79.742 	81071.4    
663	280   	3947.32	8082.58	79.742 	98320.5    
664	280   	3011.78	6179.67	79.742 	82105.4    
665	280   	3673.4 	7035.87	79.742 	68918.2    
666	280   	4057.33	10646.3	79.742 	118678     
667	280   	3956.63	9725.89	79.742 	118678     
668	280   	3451.96	6807.52	79.742 	75132.8    
669	280   	4271.46	10121.9	79.742 	126592     
670	280   	4074.31	8094.37	79.742 	75048      
671	280   	3979.47	9213.95	79.742 	111495     
672	280   	3746.76	8169.72	79.742 	84342.1    
673	280   	4352.5 	8264.08	79.742 	68931      
674	280   	4083.46	8088.08	79.742 	94201.8    
675	280   	3997.19	8370.23	79.742 	73952.9    
676	280   	3766.27	7929.25	79.742 	98355.1    
677	280   	3544.93	7308.99	79.742 	70058.3    
678	280   	4086.12	8870.74	79.742 	86054.4    
679	280   	4385.16	10149.8	79.742 	97247.9    
680	280   	3834.94	7764.66	79.742 	84267      
681	280   	3656.4 	7342.04	79.742 	92204.6    
682	280   	3818.15	8651.77	79.742 	106305     
683	280   	3765.77	7418.07	79.742 	61004.4    
684	280   	3765.27	8555.55	79.742 	103269     
685	280   	3846.97	8322.68	79.742 	89183.6    
686	280   	3181.2 	5455.34	79.5153	44724.1    
687	280   	2972.89	5428.87	79.5153	61038.9    
688	280   	3632.88	7443.42	79.742 	68898.7    
689	280   	3673.14	8911.49	79.742 	129656     
690	280   	3755.22	7776.53	79.742 	107483     
691	280   	3705.05	8465.61	78.301 	124468     
692	280   	3685.45	6173.67	78.301 	44728.8    
693	280   	3711.19	8035.28	78.301 	102322     
694	280   	3533.86	5965.86	78.301 	51813.9    
695	280   	3849.44	8456.68	78.301 	94649.7    
696	280   	4248.38	9277.6 	78.301 	74159.1    
697	280   	4012.25	9390.89	78.301 	100257     
698	280   	3980.81	8771.35	78.301 	100257     
699	280   	3868.79	9258.88	78.301 	133590     
700	280   	3634.63	6650.7 	78.301 	64956.5    
701	280   	3552.56	6812.82	78.301 	59926.4    
702	280   	3416.26	6723.99	78.301 	83080.3    
703	280   	3563.06	7103.79	78.301 	71995.6    
704	280   	3612.99	7168.57	78.301 	83294.5    
705	280   	3606.4 	7392.97	78.301 	100378     
706	280   	3837.31	8145.48	78.301 	95305.1    
707	280   	3523.72	7128.17	78.301 	76252.3    
708	280   	3269.85	6224.48	78.301 	71135.2    
709	280   	3728.42	7578.57	78.301 	115398     
710	280   	4008.85	8910.17	78.301 	128545     
711	280   	3796.22	8738.86	78.301 	128677     
712	280   	4045.27	8353.28	78.301 	62839.1    
713	280   	3572.37	7046.86	78.301 	61883.3    
714	280   	4622.88	11035.2	78.301 	95186.3    
715	280   	4094.16	8379.05	78.301 	74036.4    
716	280   	3748.48	7146.42	78.301 	92191.8    
717	280   	3826.82	8406.23	77.1232	116612     
718	280   	3799.24	7281.7 	77.1232	70094.4    
719	280   	3602.66	6767.76	77.1232	71949.5    
720	280   	3136.05	5814.05	77.1232	65726.4    
721	280   	3014.46	5798.5 	78.301 	79011.6    
722	280   	3644   	6662.49	78.301 	51815      
723	280   	4008.53	7924.38	78.301 	77194.6    
724	280   	3405.07	6745.65	78.301 	66116.1    
725	280   	3730.55	7380.51	78.301 	66611.7    
726	280   	3094.63	6160.92	78.301 	63875.2    
727	280   	4210.69	7249.62	78.301 	58795.5    
728	280   	3591.42	6651.69	78.301 	47815.7    
729	280   	4327.15	9185.24	78.301 	104455     
730	280   	4198.23	9527.91	78.301 	101387     
731	280   	3718.4 	6441.11	78.301 	55938.3    
732	280   	3597.61	6397.07	78.301 	64899.9    
733	280   	3383.96	5793.08	78.301 	54717.8    
734	280   	3448.97	7961.35	78.301 	126612     
735	280   	3983.6 	8351.66	78.301 	77144.2    
736	280   	3707.22	8873.14	78.301 	124582     
737	280   	4212.23	9767.44	78.301 	124582     
738	280   	4602.69	10584.6	78.301 	99297.4    
739	280   	3954.83	9418.37	78.301 	107339     
740	280   	4492.92	10883.1	78.301 	108394     
741	280   	3728.62	7841.3 	78.301 	76005.1    
742	280   	4352.01	9224.39	78.301 	88239      
743	280   	4588.48	9116.66	78.301 	88239      
744	280   	3997.95	8288.19	78.301 	85271.7    
745	280   	3621.39	6667.73	78.301 	58794      
746	280   	3392.85	5855.21	78.301 	45669.4    
747	280   	3789.39	8318.17	78.301 	125515     
748	280   	4070.38	8469.96	78.301 	100281     
749	280   	4238.69	8224.58	73.5632	59348.4    
750	280   	3621.86	8350.59	73.5632	114454     
751	280   	3534   	7802.72	78.301 	100324     
752	280   	3579.02	7275.4 	78.301 	68960.3    
753	280   	4021.62	9210.55	78.301 	123559     
754	280   	4311.13	9802.2 	78.301 	89240.1    
755	280   	4241.35	8882.63	78.301 	93239.3    
756	280   	3944.54	8167.12	78.301 	101346     
757	280   	3521.55	7928.72	78.301 	101346     
758	280   	3647.54	7826.1 	78.301 	77097      
759	280   	3965.58	8768.82	78.301 	80165.1    
760	280   	3692.26	7940.59	78.301 	103578     
761	280   	3814.38	7363.72	78.301 	63205.6    
762	280   	4222.08	8711.56	78.301 	90455      
763	280   	3515.39	7076.07	78.301 	68112.7    
764	280   	3412.57	6716.24	78.301 	62846.8    
765	280   	3729.29	8097.07	78.301 	113512     
766	280   	4148.43	9112.95	78.301 	113512     
767	280   	3792.88	6672.82	78.301 	43757.7    
768	280   	3369.45	6618.66	78.301 	78119.6    
769	280   	4035.67	8476.49	78.301 	80050.3    
770	280   	4181.19	8528.62	78.301 	120898     
771	280   	3960.16	7980.81	78.301 	78082.6    
772	280   	3620.34	7171.19	78.301 	77010.9    
773	280   	4343.56	8504.47	78.301 	91121.7    
774	280   	3437.36	6144.68	78.301 	68926.2    
775	280   	3541.08	6338.77	78.301 	61139.9    
776	280   	3186.33	6373.81	78.301 	71908.4    
777	280   	3851.48	7713.55	78.301 	72000.1    
778	280   	3785.29	7827.85	78.301 	81146.9    
779	280   	3637.46	8796.82	78.301 	84165      
780	280   	3226.26	5586.28	78.301 	61938.6    
781	280   	3480.73	7341.61	79.742 	99501.3    
782	280   	3805.8 	10714.9	79.742 	160882     
783	280   	3757.58	8757.5 	79.742 	104445     
784	280   	3431.04	6666.07	79.742 	66916.1    
785	280   	4368.84	9324.7 	79.742 	98553.2    
786	280   	4294.83	8602.42	79.742 	69121.3    
787	280   	4508.41	9527.3 	79.2839	83087.2    
788	280   	3907.84	7608.02	79.2839	67981      
789	280   	3795.27	7100.03	79.742 	67951.5    
790	280   	3603.7 	6781.01	79.742 	60822.6    
791	280   	3980.56	7540.79	79.742 	52886.2    
792	280   	4158.1 	9276.99	79.742 	97272.6    
793	280   	3960.34	7110.7 	79.742 	53972.5    
794	280   	3443.07	8100.45	79.742 	95244.9    
795	280   	3716.45	8041.86	79.742 	110569     
796	280   	4022.69	8906.98	79.742 	107471     
797	280   	4181.56	9407.19	79.742 	93151.5    
798	280   	3560.84	7314.97	79.742 	70074.9    
799	280   	3749.17	7652.79	79.742 	76962.2    
800	280   	4572.85	10905  	79.742 	95159.2    
Time elapsed: 64846 seconds.


Batch Job Summary Report (version 21.01.1) for Job "bpopt" (46439273) on daint

Job information (1/2)
-----------------------------------------------------------------------------------------------------
             Submit            Eligible               Start                 End    Elapsed Time limit
------------------- ------------------- ------------------- ------------------- ---------- ----------
2023-05-04T19:58:23 2023-05-04T19:58:23 2023-05-04T19:58:25 2023-05-05T14:00:28   18:02:03   23:59:00
-----------------------------------------------------------------------------------------------------

Job information (2/2)
-------------------------------------------------------------
    Username      Account    Partition   NNodes        Energy
------------ ------------ ------------ -------- -------------
    bp000145       ich030       normal        5  69676.037 kJ

