
gen	nevals	avg    	std    	min    	max        
1  	280   	8000.13	1908.46	4622.54	18432.7    
2  	280   	7975.12	2143.29	4612.46	31166.8    
3  	280   	6418.12	2516.62	4602.9 	39469.1    
4  	280   	5256.17	2041.76	4592.78	40593.5    
5  	280   	4958.78	1108.27	4577.54	9000       
6  	280   	4976.74	1161.6 	4574   	9000       
7  	280   	4877.96	1022.17	4556.54	12370.6    
8  	280   	4811.31	888.216	4543.02	9000       
9  	280   	4698.25	581.676	4543.02	9000       
10 	280   	4675.23	507.09 	4528.25	9000       
11 	280   	4672.88	569.31 	4526.41	9000       
12 	280   	4665.24	773.689	933.069	15599.6    
13 	280   	4969.07	3063.64	1909.12	36164.6    
14 	280   	6103.29	6367.74	430.146	62342.9    
15 	280   	9660.85	11501.3	731.364	62342.9    
16 	280   	11891.8	11921.3	508.425	57373.2    
17 	280   	13007.1	12941.7	508.425	113227     
18 	280   	10892  	13084.7	423.499	113227     
19 	280   	11746.6	13118.9	423.499	66186.7    
20 	280   	11328.4	14934.3	423.499	166862     
21 	280   	9663.45	12230.1	423.499	68595      
22 	280   	9146.33	12159.5	368.012	65224.1    
23 	280   	10716.4	14207.1	368.012	64010.7    
24 	280   	9571.88	13926.4	372.853	65118.4    
25 	280   	10306.4	13159.2	372.853	64010.7    
26 	280   	9427.97	12437  	367.374	64010.7    
27 	280   	9280.76	12014.6	277.535	60000.6    
28 	280   	9328.86	12185  	204.147	60000.6    
29 	280   	8432.77	12003.4	204.147	68907.4    
30 	280   	8797.94	11832.7	204.147	68907.4    
31 	280   	7654.26	11033.1	204.147	93206.4    
32 	280   	7605.31	11103.4	204.147	82311.6    
33 	280   	7312.78	11546.9	204.147	72076.3    
34 	280   	6552.74	10816.4	204.147	59090.1    
35 	280   	6667.97	10656  	175.589	57866.8    
36 	280   	6941.75	11710.4	175.589	97303      
37 	280   	5492.65	8649.82	175.589	55020.9    
38 	280   	5993.4 	11597.9	175.589	142976     
39 	280   	5425.89	9474.14	175.589	77075.2    
40 	280   	4945.76	9077.24	175.589	116544     
41 	280   	5152.28	8663.86	165    	101417     
42 	280   	4852.91	8104.48	175.589	57885.5    
43 	280   	5187.77	8544.53	175.589	61053.6    
44 	280   	5022.59	8050.77	160.393	67991.7    
45 	280   	5183.55	7937.07	175.589	59940      
46 	280   	5728.58	9752.58	158.415	81316.8    
47 	280   	5036.89	8733.05	158.415	85715.7    
48 	280   	5332.47	9305.84	158.415	66072.6    
49 	280   	5409.58	9705.57	158.415	64020.5    
50 	280   	4733.77	7801.05	128.727	60895.3    
51 	280   	5022.45	8789.33	128.727	133775     
52 	280   	6596.77	13854.2	107.34 	137817     
53 	280   	5826.52	10045.3	107.34 	88078.5    
54 	280   	5295.94	8637.44	107.34 	88078.5    
55 	280   	5299.83	10002.1	107.34 	108365     
56 	280   	5969.47	10191.7	107.34 	69983.6    
57 	280   	5058.47	9638.54	107.34 	78971.1    
58 	280   	4650.7 	7707.22	101.441	67934.8    
59 	280   	5627.71	10752.7	107.34 	160834     
60 	280   	6150.78	10748.7	107.34 	131712     
61 	280   	6150.37	10798.7	107.34 	88204.7    
62 	280   	6089.32	10361.3	107.34 	64028.9    
63 	280   	4865.3 	8643.85	107.34 	93365      
64 	280   	5194.29	9844.04	107.34 	116599     
65 	280   	5867.74	12170  	107.34 	130780     
66 	280   	5826.94	10551.5	107.34 	110476     
67 	280   	5863.22	10393  	104.881	130651     
68 	280   	5419.83	8982.04	104.881	63389.1    
69 	280   	5521.21	9590.08	104.881	108457     
70 	280   	5592.27	10198.8	104.881	75066      
71 	280   	5447.3 	9929.75	104.881	92387.7    
72 	280   	4384.61	7991.59	104.881	97447.2    
73 	280   	5534.61	10381.1	104.881	108420     
74 	280   	5386.64	10963.8	91.1824	134233     
75 	280   	6117.83	13159.5	91.1824	108420     
76 	280   	6397.56	12903.3	91.1824	116123     
77 	280   	5118.31	10872.2	91.1824	108926     
78 	280   	5200.36	8357.43	91.1824	62830.4    
79 	280   	5366.8 	9390.22	91.1824	73054.2    
80 	280   	4982.79	8151.04	91.1824	54882.3    
81 	280   	5395.43	10466.5	91.1824	77187.6    
82 	280   	5036.95	9468.67	91.1824	67059.6    
83 	280   	5288.25	10528.3	91.1824	117567     
84 	280   	5059.98	10086.6	84.1751	145051     
85 	280   	5162.78	10436.1	84.1751	121642     
86 	280   	5804.85	10644.6	91.1824	83340.4    
87 	280   	5086.23	10096.4	91.1824	127615     
88 	280   	5188.99	10172.2	91.1824	103330     
89 	280   	4743.2 	9357.13	91.1824	102286     
90 	280   	4751.92	9324.68	91.1824	99380.1    
91 	280   	5114.51	10277  	91.1824	108504     
92 	280   	5150.43	10280.7	91.1824	112557     
93 	280   	5740.17	13404.3	91.1824	167141     
94 	280   	5522.45	11900  	91.1824	140758     
95 	280   	5361.91	10147.8	91.1824	85055.8    
96 	280   	4549.46	7891.33	91.1824	63976.2    
97 	280   	5184.68	11043.9	91.1824	140816     
98 	280   	5134.06	9063.74	91.1824	68156.7    
99 	280   	5255.5 	9117.73	91.1824	71230.8    
100	280   	5126.17	9688.82	91.1824	80208.3    
101	280   	5353.71	10514.2	91.1824	93290.5    
102	280   	4848.22	9544.2 	91.1824	77260.9    
103	280   	5478.68	10644.7	91.1824	102541     
104	280   	4998.91	10554.5	91.1824	108572     
105	280   	4609.99	9936.19	91.1824	111362     
106	280   	4781.72	9595.27	91.1824	111362     
107	280   	5238.17	9867.48	91.1824	93173.6    
108	280   	5714.82	10823.1	91.1824	87257.5    
109	280   	5054.32	9000.7 	91.1824	67118.5    
110	280   	5523.5 	11268  	91.1824	122584     
111	280   	5459.09	11909.8	91.1824	122718     
112	280   	5210.12	11087  	91.1824	146801     
113	280   	5516.59	10071.3	103.124	122500     
114	280   	5478.76	10993.6	103.389	110512     
115	280   	5718.82	12341.7	103.389	117556     
116	280   	4844.52	9132.88	103.389	81127.9    
117	280   	5133.16	12142.5	103.389	186334     
118	280   	6229.24	13848.3	103.389	149884     
119	280   	4653.77	8812.44	103.389	98515.8    
120	280   	4983.87	9394.87	103.389	85177.9    
121	280   	5151.27	10133.2	103.389	87257.3    
122	280   	5590.03	11052  	103.389	100391     
123	280   	5453.98	10244.4	103.389	86312      
124	280   	5657.24	12055.4	103.389	145687     
125	280   	4495.61	8661.41	103.389	95170.8    
126	280   	5202.15	10297.9	103.389	108465     
127	280   	5307.34	10603.3	103.389	106335     
128	280   	4507.26	8341.97	102.893	74238.2    
129	280   	5253.61	11185.4	102.893	94200.6    
130	280   	5473.54	9872.5 	100.03 	76192.4    
131	280   	4825.34	9306.85	100.03 	98376.7    
132	280   	5550.28	13329.2	100.03 	202342     
133	280   	5910.97	15833.4	100.03 	212231     
134	280   	6156.35	12750.8	100.03 	116448     
135	280   	5027.61	10756.5	100.03 	148833     
136	280   	4752.17	8817.49	100.03 	90430.5    
137	280   	9577.73	101511 	100.03 	2.39609e+06
138	280   	9881.28	101575 	100.03 	2.39609e+06
139	280   	5153.37	11264.6	100.03 	145944     
140	280   	4804.18	11346.9	100.03 	145944     
141	280   	5284.93	10399.4	100.03 	77137.2    
142	280   	4419.49	8520.68	82.8637	79104.7    
143	280   	4696.66	10950.9	82.8637	141815     
144	280   	4571.6 	9553.7 	82.8637	98369.5    
145	280   	4386.24	8316.31	82.8637	65963.9    
146	280   	4643.08	9552.98	82.8637	104172     
147	280   	4490.31	8908.54	82.8637	85225.3    
148	280   	4466.49	8935.79	82.8637	95554.4    
149	280   	4937.88	10758.9	82.8637	145811     
150	280   	5204.79	10705  	82.8637	93306.4    
151	280   	5104.34	11352.7	82.8637	95367.6    
152	280   	5028.41	11286  	82.8637	111314     
153	280   	5273.83	11513.4	82.8637	102541     
154	280   	5272.51	10561.6	82.8637	93889.4    
155	280   	4526.67	9124.81	82.8637	69209.1    
156	280   	4560.34	8787.64	82.8637	69201      
157	280   	4949.16	10224.6	82.8637	111176     
158	280   	5254.45	12921.3	82.8637	156017     
159	280   	5090.67	10152.7	82.8637	74164      
160	280   	4755.72	11340.4	82.8637	136718     
161	280   	4516.42	9615.76	82.8637	107392     
162	280   	4824.18	10177.6	82.8637	122686     
163	280   	4087.35	7628.61	82.8637	75211.6    
164	280   	4924.95	10558.7	82.8637	109308     
165	280   	5214.86	11359.5	82.8637	133771     
166	280   	4530.7 	9629.87	82.8637	86243.6    
167	280   	5088.17	11391.4	82.8637	127698     
168	280   	3940.18	8253.77	82.8637	110708     
169	280   	4267.99	7907.69	82.2577	71084.7    
170	280   	4279.31	8243.08	82.8637	73003.7    
171	280   	4215.08	8414.45	82.8637	99254      
172	280   	4445.38	7632.88	82.8637	51848      
173	280   	3900.72	6592.37	82.8637	50719      
174	280   	4796.29	10768.4	82.8637	122583     
175	280   	5895.35	14190.1	82.8637	128691     
176	280   	4665.48	10721.4	82.8637	100313     
177	280   	4227.64	7900.7 	82.8637	72027.4    
178	280   	4123.56	7979.61	66.0503	57949.2    
179	280   	4437.37	8792.55	66.0503	72076.2    
180	280   	3744.81	6764.86	66.0503	58981.2    
181	280   	3302.08	6921.98	66.0503	72994.1    
182	280   	4737.32	10765  	66.0503	98365.5    
183	280   	4871.58	11182.2	66.0503	138558     
184	280   	4618.21	11444.5	66.0503	138558     
185	280   	5381.18	12875.6	66.0503	118656     
186	280   	4488.78	11140.8	66.0503	126663     
187	280   	5052.49	12277.3	66.0503	123680     
188	280   	4545.24	9654.5 	66.0503	77663.7    
189	280   	4081.65	9507.82	66.0503	116465     
190	280   	3629.59	6223.94	66.0503	52000.9    
191	280   	4255.42	8108.37	66.0503	68036.1    
192	280   	4584.09	11011.8	66.0503	139947     
193	280   	4474.57	9334.04	66.0503	82164.5    
194	280   	4488.24	8651.52	66.0503	64178.1    
195	280   	4750.14	9748.92	66.0503	87245.8    
196	280   	4279.11	8178.88	66.0503	69953.8    
197	280   	4093.08	8932.89	66.0503	141756     
198	280   	5125.9 	12728.1	66.0503	134776     
199	280   	5187.08	12555.6	66.0503	134678     
200	280   	4652.93	10532.7	66.0503	125561     
201	280   	5146.02	13094.7	66.0503	153292     
202	280   	4078.97	9045.17	66.0503	103428     
203	280   	3534.07	6125.12	66.0503	63070.5    
204	280   	4328.87	8574.03	62.062 	61993.4    
205	280   	5769.81	16151.5	62.062 	257923     
206	280   	4594.34	11375.6	62.062 	155948     
207	280   	4133.62	8733.1 	62.062 	82041.5    
208	280   	4107.33	9644.8 	62.062 	128602     
209	280   	4001.94	8024.46	62.062 	107413     
210	280   	4701.03	11206.2	62.062 	113534     
211	280   	5081.86	13548.8	62.062 	160871     
212	280   	3556.3 	6906.69	62.062 	60871.6    
213	280   	4383.45	9880.68	62.062 	90422.8    
214	280   	4170.41	9505.1 	62.062 	116452     
215	280   	4643   	12651.3	62.062 	159946     
216	280   	4082.17	9076.65	62.062 	123607     
217	280   	4680.34	10335.9	62.062 	111361     
218	280   	4446.47	11523.3	62.062 	134677     
219	280   	4776.39	11048  	62.062 	144946     
220	280   	4321.5 	10124.3	65.0045	129711     
221	280   	4770.12	10379.9	65.0045	124642     
222	280   	4158.96	8652.7 	65.0045	81137.2    
223	280   	4549.42	8648.66	65.0045	60859.7    
224	280   	3984.73	8115.6 	65.0045	76139.1    
225	280   	4250.46	9091.74	65.0045	108415     
226	280   	3776.36	7212.94	65.0045	85497.7    
227	280   	4079.72	8296.39	65.0045	109443     
228	280   	3294.41	5367.19	65.0045	52840.1    
229	280   	4035.66	8549.85	65.0045	90204.8    
230	280   	4282.98	8251.51	65.0045	63938.5    
231	280   	4230.16	9809.78	65.0045	130766     
232	280   	4120.3 	7589.84	65.0045	63099.5    
233	280   	4358.18	8324.81	65.0045	69917.3    
234	280   	4536.73	9885.61	65.0045	111473     
235	280   	3579.15	6562.18	65.0045	63104.6    
236	280   	4003.4 	7770.74	65.0045	79163.1    
237	280   	4294.49	10272.8	65.0045	135732     
238	280   	4394.93	9322.32	65.0045	90206.4    
239	280   	4437.02	9293.89	65.0045	84170      
240	280   	3773.92	8234.86	65.0045	119724     
241	280   	3836.31	7404.26	65.0045	53824.6    
242	280   	4101.95	9034.03	65.0045	103329     
243	280   	3905.71	7485.43	65.0045	62026.6    
244	280   	4773.06	9700.04	65.0045	105358     
245	280   	3999.61	9734.81	65.0045	160963     
246	280   	4268.35	9229.94	65.0045	128597     
247	280   	4276.55	8909.23	65.0045	66069.5    
248	280   	5077.99	10635.6	65.0045	88273.9    
249	280   	4390.68	9508.4 	65.0045	116667     
250	280   	4603.93	9758.39	66.0503	93245.7    
251	280   	4855.11	9726.65	66.0503	107452     
252	280   	4378.78	7740.39	66.0503	65976.1    
253	280   	4404.62	11748.2	66.0503	155916     
254	280   	5121.6 	12903.7	66.0503	137621     
255	280   	3889.87	6599.58	66.0503	58258.4    
256	280   	4106.91	9021.51	66.0503	137834     
257	280   	4150.28	9348.85	66.0503	137834     
258	280   	3947.51	7398.36	66.0503	68154.7    
259	280   	4298.86	9987.1 	66.0503	155969     
260	280   	4777.57	10629  	66.0503	138885     
261	280   	4463.36	8552.31	66.0503	90343.2    
262	280   	4286.28	8288.93	66.0503	91171.6    
263	280   	3982.74	7225.92	66.0503	59810.9    
264	280   	5554.23	9499.71	66.0503	71168.3    
265	280   	5233.8 	9417.89	66.0503	81108.3    
266	280   	4141.16	7449.91	66.0503	68217.9    
267	280   	4443.88	8109.62	66.0503	64003.3    
268	280   	4346.68	9211.19	66.0503	94294.3    
269	280   	4124.27	8690.8 	66.0503	83350.5    
270	280   	4024.08	7951.42	66.0503	85221.5    
271	280   	4460.16	10155.3	66.0503	126085     
272	280   	3828.13	6940.05	66.0503	49886.4    
273	280   	3467.62	6417.37	66.0503	74060.5    
274	280   	3789.9 	7765.01	66.0503	77219.8    
275	280   	3432.85	6548.76	66.0503	77219.8    
276	280   	4004.44	7939.96	66.0503	96208.6    
277	280   	3799.01	6737.75	66.0503	70926.6    
278	280   	3642.04	8056.27	66.0503	93384.1    
279	280   	4238.6 	9168.44	66.0503	79291.1    
280	280   	4035.3 	7529.64	66.0503	65836.1    
281	280   	3879.36	7292.25	65.1792	79036      
282	280   	4417.52	10121.6	66.0503	98328.3    
283	280   	4293.04	9772.95	66.0503	112520     
284	280   	3776.64	8302.26	66.0503	112520     
285	280   	3980.44	7915.17	64.4621	76979.4    
286	280   	4430.14	11547  	64.4621	136700     
287	280   	4008.49	8193.09	64.4621	81251.4    
288	280   	4200.23	8603.25	64.4621	84167.8    
289	280   	3528.39	7199.5 	64.4621	106289     
290	280   	3792.22	6244.57	64.4621	60172      
291	280   	4039.76	12731.7	64.4621	227657     
292	280   	3869.96	11649.7	64.4621	227657     
293	280   	3785.96	5791.66	64.4621	43692.2    
294	280   	4036.13	10942.5	64.4621	193095     
295	280   	4406.89	8959.28	64.4621	92188.3    
296	280   	3675.46	6494.97	64.4621	57968.2    
297	280   	4212.81	9837.14	64.4621	92075.6    
298	280   	3698.33	8237.07	64.4621	108486     
299	280   	4250.26	10561.4	64.4621	136779     
300	280   	3898.11	8512.5 	64.4621	108486     
301	280   	4274.18	10336.1	61.5771	109359     
302	280   	4270.44	10063.9	61.5771	114510     
303	280   	3871.81	7518.83	61.5771	66102.6    
304	280   	3625.11	6578.38	61.5771	62937.3    
305	280   	4004.04	10305.9	61.5771	177707     
306	280   	3971.68	8505.05	61.5771	82230.1    
307	280   	3570.85	8050.03	61.5771	93302.7    
308	280   	3537.36	7336.73	61.5771	75989.8    
309	280   	4285.45	10034.6	61.5771	80224.8    
310	280   	3610.86	6418.15	61.5771	58895      
311	280   	4139.57	10264.6	61.5771	134653     
312	280   	4389.35	9578.92	61.5771	111459     
313	280   	4135.22	9434.72	61.5771	112441     
314	280   	3967.82	7687.27	61.5771	62090.9    
315	280   	4233.63	7634.54	61.5771	72047.6    
316	280   	3988.91	8278.58	61.5771	113424     
317	280   	4601.99	10205.8	61.5771	118606     
318	280   	3785.28	8473.77	61.5771	112486     
319	280   	3755.02	7584.92	61.5771	63921.7    
320	280   	3741.12	7995.87	61.5771	81064.5    
321	280   	3673.67	6650.88	61.5771	71225.5    
322	280   	4033.62	7563.12	61.5771	61977.8    
323	280   	3910.15	7803.84	61.5771	62923.3    
324	280   	3681.8 	6518.99	61.5771	63877.7    
325	280   	4871.11	7044.87	61.5771	71042.3    
326	280   	4526.71	8415.87	61.5771	98503.5    
327	280   	3761.48	6908.4 	64.4621	92227.8    
328	280   	4810.71	7778.39	64.4621	92227.8    
329	280   	5194.59	9670.88	64.4621	92227.8    
330	280   	4324.19	9642.16	64.4621	93366.7    
331	280   	4298.93	9272.78	64.4621	119632     
332	280   	3853.03	8246.38	64.4621	106700     
333	280   	3583.81	5896.32	64.4621	46666.4    
334	280   	3661.04	7480.83	64.4621	92218.7    
335	280   	4252.31	9875.7 	64.4621	125561     
336	280   	3432.47	6035.09	64.4621	65022.4    
337	280   	4218.89	8155.71	64.4621	58027.2    
338	280   	4452.83	9589.06	64.4621	107577     
339	280   	4340.91	8427.44	64.4621	72179.8    
340	280   	3948.18	7778.62	64.4621	67965.9    
341	280   	3542.21	6463.84	64.4621	47744.7    
342	280   	3625.76	7195.82	64.4621	62061.3    
343	280   	3741.7 	7308.21	64.4621	97281.6    
344	280   	4026.07	8833.35	64.4621	97281.6    
345	280   	4366.54	10147.4	64.4621	114495     
346	280   	4123.81	9588.72	64.4621	106594     
347	280   	4519.53	10273.5	64.4757	106594     
348	280   	4449.95	10694.7	64.4757	113027     
349	280   	4361.4 	8822.06	64.4757	101367     
350	280   	3695.83	6448.46	64.4757	78061.6    
351	280   	4058.47	8011.7 	64.4757	78061.6    
352	280   	4726.13	12103.5	64.4757	141819     
353	280   	3727.88	7786.49	64.4757	95270      
354	280   	3658.88	7770.62	64.4757	103301     
355	280   	3455.29	6579.05	64.4757	75096.8    
356	280   	4001.64	9401.39	64.4757	112399     
357	280   	4099.61	9052.78	64.4757	108511     
358	280   	4618.05	10087.4	64.4757	108511     
359	280   	5284.45	13106.1	64.4757	132736     
360	280   	5073.64	11781.5	64.4757	120497     
361	280   	3841.28	7740.65	64.4757	80062.4    
362	280   	4929.87	10860.5	64.4757	93285.1    
363	280   	3440.75	6353.46	64.4757	68939.3    
364	280   	4288.74	10137.5	64.4757	112583     
365	280   	4674.24	10705.2	64.4757	112583     
366	280   	4218.59	9807.23	64.4757	120579     
367	280   	4278.01	9366.2 	64.4757	130700     
368	280   	4401.62	8070.23	64.4757	73241.9    
369	280   	4210.72	10822.2	64.4757	123519     
370	280   	4505.69	12486.5	62.5449	174075     
371	280   	4235.56	10116.2	62.5449	174075     
372	280   	3794.34	7563.03	62.5449	89176      
373	280   	3585.94	6161.53	62.5449	57821.9    
374	280   	4006.04	7759.88	62.5449	68188.6    
375	280   	3528.22	6098.51	62.1276	53846.8    
376	280   	4341.27	8914.79	62.1276	88475.2    
377	280   	4497.1 	11272  	62.1276	127529     
378	280   	4487.11	13160.5	62.1276	230648     
379	280   	3626.1 	7079.94	62.1276	89166      
380	280   	4488.45	11692.5	62.1276	166127     
381	280   	4171.34	7775.99	62.1276	62886.5    
382	280   	3739.67	6711.88	62.1276	58809.1    
383	280   	3988.96	9149.98	62.1276	127664     
384	280   	3779.49	7055.77	62.1276	65939      
385	280   	4327.58	9701.47	62.1276	89183.1    
386	280   	4538.35	9853.72	62.1276	114403     
387	280   	4730.04	9862.92	62.1276	78988.5    
388	280   	4304.71	8164.13	62.1276	78988.5    
389	280   	3550.66	6479.48	62.1276	67875.1    
390	280   	3570.1 	5981.42	62.1276	67875.1    
391	280   	5366.75	8504.83	62.1276	76150.3    
392	280   	4634.5 	9626.41	62.1276	136684     
393	280   	4685.39	10368.5	62.1276	147645     
394	280   	6797.44	11207  	62.1276	67970.3    
395	280   	6124.51	12170.8	62.1276	136760     
396	280   	5049.42	11141.4	62.1276	118764     
397	280   	3587.16	6573.35	62.1276	104387     
398	280   	4122.12	7884.65	62.1276	67119.9    
399	280   	3398.64	7082.12	62.1276	89592.8    
400	280   	3399.41	6614.81	62.1276	56974      
401	280   	3560.91	8706.49	62.1276	118552     
402	280   	3616.65	7142.33	62.1276	98551.6    
403	280   	3457.62	6210.12	62.1276	65160.5    
404	280   	3418.68	6576.28	62.1276	86247      
405	280   	3512.41	6885.81	62.1276	60766.4    
406	280   	3661.63	7800.33	62.1276	85204.2    
407	280   	4024.83	8676.93	62.1276	92457.8    
408	280   	3870.04	6781.31	62.1276	53468.2    
409	280   	3442.7 	6155.9 	62.1276	70993.1    
410	280   	4112.24	7781.74	62.1276	87205.7    
411	280   	3604.51	7095.35	62.1276	59988.8    
412	280   	4057.95	7900.28	62.1276	87132.2    
413	280   	4257.67	9276.43	62.1276	94282      
414	280   	4019.25	8484.08	62.1276	89204.6    
415	280   	3939.31	7701.54	62.1276	79123.7    
416	280   	4597.53	10528.9	62.1276	122489     
417	280   	3631.07	7375.3 	62.1276	87227.4    
418	280   	3989.04	7278.52	62.1276	87227.4    
419	280   	3253.82	5650.02	62.1276	63092.5    
420	280   	3438.89	6713.54	62.1276	70416.2    
421	280   	3544.52	7130.84	62.1276	101303     
422	280   	3990.45	8863.14	62.1276	103622     
423	280   	4030.19	9262.41	62.1276	133588     
424	280   	3862.81	9463   	62.1276	133588     
425	280   	3993.17	7820.59	62.1276	68724      
426	280   	3661.98	6667.23	62.1276	51903.1    
427	280   	3723.57	8639   	62.1276	115617     
428	280   	3661.09	7549   	62.1276	81303.8    
429	280   	3937.8 	8865.02	62.1276	127596     
430	280   	3558.78	6178.92	62.1276	58851.9    
431	280   	3935.15	8331.42	62.1276	83133.7    
432	280   	4426.29	6438.95	62.1276	63177.4    
433	280   	4718.92	10205.5	62.1276	120645     
434	280   	4416.99	9222.43	62.1276	102244     
435	280   	4174.87	8070.29	62.1276	65820.8    
436	280   	4554.82	9929.19	62.1276	104480     
437	280   	3770.13	6664.05	62.1276	55901.6    
438	280   	3633.26	7118.1 	62.1276	61031.1    
439	280   	3674.59	7842.61	62.1276	81353      
440	280   	4186.35	9858.83	62.1276	115503     
441	280   	3619.93	7573.39	62.1276	75402.1    
442	280   	4445.77	10882  	62.1276	116591     
443	280   	4085.59	8562.76	62.1276	73096.4    
444	280   	3734.8 	7824   	62.1276	81230.6    
445	280   	4245.3 	10424.4	62.1276	131754     
446	280   	3412.91	6479.1 	62.1276	79347.8    
447	280   	3393.45	6239.1 	62.1276	75244.3    
448	280   	3317.45	6819.73	62.1276	87233.1    
449	280   	3543.47	7401.3 	62.1276	89389.9    
450	280   	4145.09	8760   	62.1276	100268     
451	280   	3794.45	6363.24	62.1276	48822.9    
452	280   	3758.05	7785.31	62.1276	90355.6    
453	280   	4244.07	13444.7	64.4757	237660     
454	280   	4093.09	8675.54	64.4757	84127.3    
455	280   	3424.02	5709.33	64.4757	67089.6    
456	280   	4456.6 	10703.5	64.4757	128546     
457	280   	4237.38	8675.43	64.4757	115546     
458	280   	5376.47	8718.42	64.4757	70390.2    
459	280   	4607.09	9238.01	64.4757	118418     
460	280   	4447.1 	10354.4	64.4757	118418     
461	280   	3989.98	8486.61	64.4757	114416     
462	280   	4460.42	9508.75	64.4757	86213.7    
463	280   	4050.91	8410.72	64.4757	76105.8    
464	280   	4503.44	10758  	64.4757	142358     
465	280   	4001.79	8444.86	64.4757	102429     
466	280   	4472.75	10487.4	64.4757	146940     
467	280   	4623.22	10886.6	64.4757	92379.2    
468	280   	4306.98	8850.42	64.4757	88175.1    
469	280   	4083.26	8118.44	64.4757	90188.5    
470	280   	3791.6 	7080.6 	64.4757	60943.1    
471	280   	3384.18	5601.65	64.4757	49963.5    
472	280   	3739.65	7778.01	64.4757	99335.8    
473	280   	4310.32	11129.6	64.4757	181087     
474	280   	4551.95	9292.03	64.4757	116539     
475	280   	4063.75	7383.85	64.4757	65996.1    
476	280   	3777.93	7421.79	64.4757	66988.3    
477	280   	3740.18	8211.19	64.4757	129693     
478	280   	4909.98	12888.3	64.4757	162971     
479	280   	4526.24	15607.4	64.4757	311401     
480	280   	4131.85	8389.5 	64.4757	89310.8    
481	280   	4158.9 	9267.49	64.4757	121655     
482	280   	3805.91	7349.94	64.4757	80154.6    
483	280   	3878.07	7157.82	64.4757	80154.6    
484	280   	4193.16	11538.8	64.4757	190241     
485	280   	4294.2 	9110.84	64.4757	105318     
486	280   	4198.17	10045  	64.4757	150888     
487	280   	3749.47	8924.25	64.4757	150888     
488	280   	3652.79	6614.02	64.4757	73267.1    
489	280   	3579.66	6307.73	64.4757	73267.1    
490	280   	4056.15	8549.76	64.4757	110519     
491	280   	4371.56	10031.5	64.4757	115557     
492	280   	6178.44	11673.5	64.4757	115557     
493	280   	4759.01	8501.58	64.4757	98331.1    
494	280   	4468.69	7633.81	64.4757	56814.3    
495	280   	4069.99	9354.04	64.4757	120560     
496	280   	3993.34	9262.18	64.4757	150208     
497	280   	3602.08	6939.5 	64.4757	65893.7    
498	280   	3601.22	8808.19	64.4757	112548     
499	280   	3915.14	7861.62	64.4757	82048.6    
500	280   	4512.98	9638.8 	64.4757	90137.9    
Time elapsed: 42428 seconds.


Batch Job Summary Report (version 21.01.1) for Job "bpopt" (46342114) on daint

Job information (1/2)
-----------------------------------------------------------------------------------------------------
             Submit            Eligible               Start                 End    Elapsed Time limit
------------------- ------------------- ------------------- ------------------- ---------- ----------
2023-04-30T13:29:10 2023-04-30T13:29:10 2023-04-30T13:29:13 2023-05-01T01:17:35   11:48:22   23:59:00
-----------------------------------------------------------------------------------------------------

Job information (2/2)
-------------------------------------------------------------
    Username      Account    Partition   NNodes        Energy
------------ ------------ ------------ -------- -------------
    bp000145       ich030       normal        3  41790.357 kJ

