
gen	nevals	avg    	std    	min    	max        
1  	510   	16048  	182524 	4602.5 	4.12634e+06
2  	510   	11671.3	129312 	4602.5 	4.12634e+06
3  	510   	10425.3	129040 	4575.74	4.12634e+06
4  	510   	6128.95	10757.4	4568.6 	264384     
5  	510   	5765.65	21780.7	4568.6 	682841     
6  	510   	4762.79	433.621	4568.6 	10365.9    
7  	510   	4850.97	2340.24	4567.65	71254.5    
8  	510   	4712.27	348.533	4564.46	10273.5    
9  	510   	4741.15	670.193	4562.95	23152.3    
10 	510   	4729.13	225.204	4561.6 	7936.73    
11 	510   	4770.46	439.547	4561.6 	12062.7    
12 	510   	4870.98	2048.09	3404.53	48430.3    
13 	510   	4799.82	952.673	2332.15	30639.7    
14 	510   	4761.79	794.88 	2113.5 	22113.8    
15 	510   	4946.9 	2082.97	2113.5 	28065.4    
16 	510   	5261.89	3173.54	691.838	32560.1    
17 	510   	6341.98	5426.36	611.445	53292.6    
18 	510   	7494.57	7253.18	611.445	95486.7    
19 	510   	8646.75	7782.42	611.445	40042.2    
20 	510   	8874.22	8146.52	611.445	37974.9    
21 	510   	8149.79	8343.61	611.445	37974.9    
22 	510   	9142.34	9507.41	464.626	43757      
23 	510   	10903.1	10565.6	464.626	43757      
24 	510   	12777  	12384.5	464.626	96707.6    
25 	510   	13726.6	12425.7	464.626	52819.5    
26 	510   	13555.2	16481.2	464.626	352086     
27 	510   	14090.2	13562.9	449.607	58796.4    
28 	510   	13595.2	14246.1	440.012	59828.3    
29 	510   	14888.2	14888.5	440.012	59828.3    
30 	510   	16339.2	16533.3	384.171	61883.7    
31 	510   	17395.3	16009  	390.576	77168.1    
32 	510   	18959.2	17542  	390.576	77168.1    
33 	510   	18071.2	17469.4	390.576	72807.9    
34 	510   	17706.2	18069.3	390.576	77155.4    
35 	510   	20187.4	19657.3	390.576	201789     
36 	510   	18174.4	17840.7	390.576	74994.2    
37 	510   	18470.1	21233.1	390.576	326897     
38 	510   	20685.9	19631.5	390.576	179319     
39 	510   	20926.8	19087.8	378.927	69835      
40 	510   	12733.1	13864.1	378.927	83926.8    
41 	510   	16210.1	16117.8	378.927	83926.8    
42 	510   	19192.4	21399.2	378.927	369887     
43 	510   	18975.2	18852.4	378.927	70977.3    
44 	510   	21874.6	20123.2	378.927	72948.9    
45 	510   	22516.2	20533.1	378.927	76826      
46 	510   	20745.3	19575.5	378.927	76826      
47 	510   	22413.4	20808.7	264.073	74855.5    
48 	510   	23616.1	20441.4	264.073	75024.4    
49 	510   	21834.9	20265.6	264.073	74130.1    
50 	510   	23411.6	21399.2	264.073	76789.1    
51 	510   	24177.3	22114.5	264.073	82010      
52 	510   	22120  	21209.6	264.073	211396     
53 	510   	25154.5	22256.1	264.073	86941.8    
54 	510   	22070.7	20863.3	264.073	85139      
55 	510   	24578.2	21575.1	264.073	89026.7    
56 	510   	25046.8	21677.4	264.073	72637.5    
57 	510   	24613.6	22354.1	264.073	80136.7    
58 	510   	24387.4	21295.4	264.073	86949      
59 	510   	23743.4	21767.4	264.073	89964.2    
60 	510   	26211.3	22317.6	365.198	96985.2    
61 	510   	21457.7	21536.1	365.198	118944     
62 	510   	25236.2	21357.2	365.198	85015.3    
63 	510   	20704  	21178.6	365.198	165487     
64 	510   	22984.9	21371.6	302.211	165487     
65 	510   	22703.2	21273.2	302.211	77017.7    
66 	510   	25635.2	22377  	302.211	76765.1    
67 	510   	24375.3	21198.5	282.417	74814.6    
68 	510   	24565.2	32282.7	282.417	783011     
69 	510   	22022.5	20856.9	282.417	80944.3    
70 	510   	23322.4	21419.9	282.417	121138     
71 	510   	23764.1	22672.2	282.417	221578     
72 	510   	13722.4	15591.7	282.417	81019.5    
73 	510   	19907.6	19534  	282.417	81019.5    
74 	510   	23600.5	21204.3	298.771	87010.4    
75 	510   	22732.5	20985.9	298.771	181312     
76 	510   	14716.7	15497.5	298.771	70747.5    
77 	510   	20207.6	18402.6	298.771	94925.5    
78 	510   	23021.4	20608.6	298.771	74044.8    
79 	510   	21850.6	20955.4	302.211	81041.5    
80 	510   	24017  	20940.5	302.211	84153.1    
81 	510   	22462.7	20539.8	302.211	90845.9    
82 	510   	12396.2	14063  	302.211	72789.8    
83 	510   	17845.5	16962.3	284.467	75902.7    
84 	510   	20286.4	19602.7	302.211	117962     
85 	510   	25560  	20833.3	302.211	83905.8    
86 	510   	22034.7	22203.5	300.673	292693     
87 	510   	25344.3	21510.9	300.673	81025.7    
88 	510   	23546.8	21342.9	288.439	79078.2    
89 	510   	12353.3	16011.2	288.439	211354     
90 	510   	18768.2	20105.6	288.439	227661     
91 	510   	23528.2	21816.7	300.673	227661     
92 	510   	22919.5	22471.1	300.673	227661     
93 	510   	28615.9	22593.9	302.211	78820.5    
94 	510   	16902.5	18119.6	302.211	78820.5    
95 	510   	21546.5	20407.7	302.211	81006.1    
96 	510   	25518.6	21633.1	302.211	90875.5    
97 	510   	22156.3	21034.6	302.211	85010.9    
98 	510   	27139.3	22248.2	321.542	88617.3    
99 	510   	15522  	16859.8	296.959	91910.1    
100	510   	21306.8	19313.2	298.313	91910.1    
101	510   	20157.7	20396.1	276.536	86971.8    
102	510   	23457.1	21048.7	276.536	73816.2    
103	510   	12519.1	14075  	276.536	66952.6    
104	510   	9286.13	11611.9	256.698	90995.1    
105	510   	13443.5	14967  	276.536	90995.1    
106	510   	9166.06	11065.6	285.875	64668.3    
107	510   	12778.4	14195.2	298.313	64668.3    
108	510   	15471.3	17082.7	298.313	65566.6    
109	510   	17740.3	18438.1	298.313	71667.6    
110	510   	17526.8	19327.3	298.313	71667.6    
111	510   	23370.4	20817.8	298.313	84261.3    
112	510   	19966.7	19899.2	298.313	78519.1    
113	510   	24765.6	21427.8	269.035	81865.8    
114	510   	12855.3	14199.8	269.035	76354.7    
115	510   	17599.2	17633.7	269.035	74765.9    
116	510   	19002.7	18531.5	269.035	72718.9    
117	510   	20040.5	19724.2	269.035	80884.9    
118	510   	10067.7	12041.4	269.035	71939.2    
119	510   	13200.8	14697.9	269.035	71939.2    
120	510   	18034  	17339.9	269.035	71939.2    
121	510   	17342.7	18522.2	269.035	100503     
122	510   	21680.7	20714.5	269.035	82040.7    
123	510   	27205.4	184493 	269.035	5.87976e+06
124	510   	23245.5	21086.9	269.035	81995.1    
125	510   	12274.2	14300.2	269.035	69925.9    
126	510   	17461.9	17384.2	269.035	71800.5    
127	510   	9560.91	11487.4	269.035	73725.4    
128	510   	13973  	15580.8	269.035	73725.4    
129	510   	17616.2	17442  	269.035	78133.2    
130	510   	17888.4	18267.4	269.035	75876.8    
131	510   	11149.2	13252.9	269.035	69895.9    
132	510   	14540.2	15413.3	269.035	72770.6    
133	510   	17747.7	17856.2	269.035	76115.8    
134	510   	18500.7	19402.7	269.035	72847.3    
135	510   	9056.42	11727.7	269.035	72005.1    
136	510   	13994.9	16835.7	269.035	221032     
137	510   	18228.4	18906.7	269.035	87382.5    
138	510   	18610.9	19403.6	269.035	82956.6    
139	510   	20975.1	20251.8	269.035	148496     
140	510   	17835.5	19094.1	269.035	148496     
141	510   	20967.2	20060.2	269.035	87219.9    
142	510   	18249.7	19276.4	269.035	79934.7    
143	510   	22000.6	19995.5	269.035	81994.5    
144	510   	19121  	19866.9	269.035	91591.7    
145	510   	20265.1	19007.2	269.035	112798     
146	510   	19724  	18806.5	269.035	78806      
147	510   	20527.4	19024.2	269.035	84014.9    
148	510   	19762.6	19175.5	269.035	97288.6    
149	510   	21022.7	20446.1	269.035	162936     
150	510   	20356.7	19096.2	269.035	114072     
151	510   	18615  	19140.2	269.035	82869.1    
152	510   	10746.2	13059.6	269.035	82869.1    
153	510   	15575.4	16816.1	269.035	75964.2    
154	510   	18365.7	17929.8	269.035	75964.2    
155	510   	20261  	20108.9	269.035	92088.7    
156	510   	19480  	18481.1	270.114	74748.1    
157	510   	17905.5	18994.9	296.425	112053     
158	510   	21007.2	20881.2	296.425	172709     
159	510   	21047.1	20220.7	296.425	82812      
160	510   	23462.8	21153.2	296.425	89060      
161	510   	18833.3	20276.9	296.425	103170     
162	510   	23736.9	21422  	296.425	81867.7    
163	510   	20073.4	19659.7	345.571	123687     
164	510   	18738.7	19500.6	255.655	83740.5    
165	510   	21579.2	20251.7	255.655	96025.7    
166	510   	20632.8	20587.7	255.655	76775      
167	510   	22235.5	27492.2	255.655	587631     
168	510   	19259.7	19861.1	255.655	86857.8    
169	510   	24707.1	22279.7	255.655	94085.7    
170	510   	19822.4	19558.4	255.655	94941.3    
171	510   	20391.4	20468.7	255.655	86827.3    
172	510   	21217  	20660.6	255.655	91730      
173	510   	12710.9	15227.6	255.655	75918.1    
174	510   	18279.7	19199  	255.655	85002.3    
175	510   	11459.1	15343.1	255.655	238266     
176	510   	15715.1	17100  	255.655	85033.6    
177	510   	18579.2	22897.2	255.655	440204     
178	510   	18682.3	19034.3	255.655	81883.9    
179	510   	19228.7	19044.7	291.49 	69599.3    
180	510   	21644.9	20520.8	291.49 	88898.4    
181	510   	18965.8	19579.9	290.616	95887      
182	510   	22545.3	20710.9	290.616	79096.4    
183	510   	12122.7	13879.4	290.616	74682.2    
184	510   	17119.2	23848.3	290.616	534412     
185	510   	17897.8	20025.2	290.616	84790.6    
186	510   	19115.6	18693.1	290.616	79056.3    
187	510   	22010.8	21175  	290.616	96321.9    
188	510   	18362.4	19247.2	265.089	73059.7    
189	510   	19919.9	19359.5	290.616	73059.7    
190	510   	21057.8	21062.7	290.616	112538     
191	510   	22898.5	20406.6	290.616	98082.7    
192	510   	12361.8	13910.2	226.072	91865      
193	510   	9973.78	11722.8	226.072	67020.7    
194	510   	7498.8 	9867.36	226.072	69445.6    
195	510   	5562.63	7768.68	226.072	71929.1    
196	510   	5212.89	6926.05	226.072	63113.8    
197	510   	7604.77	9816.06	226.072	63113.8    
198	510   	6279.44	10070  	226.072	228438     
199	510   	8023.59	10068  	226.072	65723.3    
200	510   	11284.9	14619  	226.072	209802     
201	510   	16330.4	16327.9	290.616	72729.1    
202	510   	15082.8	17307  	290.616	72729.1    
203	510   	8764.93	12098.8	290.616	72729.1    
204	510   	7178.01	10031  	290.616	66295      
205	510   	10607.3	12554.6	290.616	64786.1    
206	510   	15102.3	16557.9	290.616	77849.9    
207	510   	20439.6	19644  	293.945	90423.6    
208	510   	18083.2	18331.5	293.945	78821.1    
209	510   	20619.2	19601.8	293.945	88909.9    
210	510   	18319.1	19250.1	256.118	81810.1    
211	510   	21638.1	19486.4	293.945	82868.3    
212	510   	19825.2	19233.9	293.945	84772.9    
213	510   	22719.1	20180.8	293.945	85762.1    
214	510   	19584.5	19015  	293.945	80823.8    
215	510   	22156.2	20316  	317.674	76743.9    
216	510   	18918.2	18465.3	299.122	71795.4    
217	510   	22388.8	20317.4	291.419	86791.1    
218	510   	19759.3	18918.5	291.419	85996.7    
219	510   	10954.5	13219.9	291.419	75766.3    
220	510   	16994.3	17315.3	299.122	86106.8    
221	510   	19577.3	18574.2	299.122	90897.6    
222	510   	21132.6	20050.4	299.122	82972.4    
223	510   	18572.5	17892.7	308.02 	89838.9    
224	510   	18586.7	19154.6	308.02 	82017.5    
225	510   	19471.2	20083.2	308.02 	90049.4    
226	510   	24272.8	21532.9	308.02 	93003.2    
227	510   	21315.4	19993.5	308.02 	82691.9    
228	510   	20383.8	19599.5	308.02 	86975.1    
229	510   	11670.5	13827  	292.494	81866.2    
230	510   	16598.9	17270.9	263.433	84678.2    
231	510   	19367.1	19462.4	263.433	81840.3    
232	510   	18445.4	20236.8	263.433	82842.5    
233	510   	22465.6	21651.5	263.433	75778.3    
234	510   	18390.4	20023.8	263.433	82124.7    
235	510   	20178.4	20323.3	263.433	84979.2    
236	510   	10516.5	12567.6	263.433	72927.9    
237	510   	14737.6	16667.7	308.02 	86121.6    
238	510   	18626.5	19518.5	308.02 	80968.1    
239	510   	19803.9	20115.6	308.02 	97208.1    
240	510   	20403.6	19359.6	308.02 	104245     
241	510   	19827.4	20196.5	308.02 	82097.2    
242	510   	22661  	21133.9	282.087	104142     
243	510   	20040.6	19901.7	282.087	94582.1    
244	510   	12587.9	14579.4	282.087	82048.2    
245	510   	17974.8	18224.6	238.121	93998.9    
246	510   	20311.4	21381.5	238.121	225189     
247	510   	21974.1	20715.1	238.121	89086      
248	510   	19098.3	19092  	238.121	144649     
249	510   	20789.9	20875.6	238.121	149652     
250	510   	18736.7	20441.4	238.121	117825     
251	510   	23804  	21696.1	238.121	76012      
252	510   	25929.2	193996 	238.121	6.18507e+06
253	510   	21929.1	21846.7	238.121	92895.8    
254	510   	21997.6	21032.7	238.121	84420.8    
255	510   	18349.6	20164.6	238.121	84061.9    
256	510   	23101.6	21627.3	238.121	77750.5    
257	510   	22010.7	21070.3	238.121	78834.5    
258	510   	18138.1	19719.7	238.121	87608.5    
259	510   	19802.7	20680.4	238.121	108360     
260	510   	21709.3	21806  	238.121	98385.1    
261	510   	18637.5	20224.3	270.022	84273.6    
262	510   	16725.9	19873.3	270.022	94041.6    
263	510   	20369.9	20935  	270.022	77934.8    
264	510   	18874.9	21253.4	270.022	91204.8    
265	510   	20630.2	21329.4	224.89 	81124      
266	510   	10747.2	13753.8	224.89 	87869.4    
267	510   	8763.84	11618.9	224.89 	66994.3    
268	510   	13005  	16008.2	224.89 	73797.6    
269	510   	17380.6	19034.8	224.89 	96571.3    
270	510   	17529.3	19265  	224.89 	144947     
271	510   	17116.8	25460.5	224.89 	566608     
272	510   	19600.5	20000.1	224.89 	128271     
273	510   	16455.4	18544  	224.89 	108165     
274	510   	10002.1	18383.8	224.89 	447026     
275	510   	12859  	15885.6	224.89 	88052.1    
276	510   	16413.5	32942.7	224.89 	894241     
277	510   	16929.2	19041  	224.89 	124947     
278	510   	18350.8	47891.4	224.89 	1.36471e+06
279	510   	17157.7	18934.8	224.89 	88117.9    
280	510   	10894.2	19695.2	224.89 	489310     
281	510   	13449.5	16023.1	224.89 	75676.2    
282	510   	15633  	18689.2	224.89 	183751     
283	510   	15144.9	17362.3	224.89 	80782      
284	510   	17254.6	18874.9	224.89 	105540     
285	510   	10905  	16668.5	224.89 	357082     
286	510   	8599.08	12295.7	224.89 	203206     
287	510   	11461.7	14812.4	224.89 	122061     
288	510   	14214.6	17296.3	224.89 	99013.8    
289	510   	16337.9	19481.3	224.89 	130712     
290	510   	17365.3	18100.6	224.89 	85364.8    
291	510   	16722  	18739.1	224.89 	94012.6    
292	510   	18648.7	19519.8	224.89 	96012.1    
293	510   	17063  	20656.1	224.89 	276307     
294	510   	9744.75	13712.4	224.89 	191712     
295	510   	11767.7	15069.4	224.89 	163555     
296	510   	16561.8	36015.1	224.89 	974894     
297	510   	13104.1	16129.2	224.89 	160123     
298	510   	17038.6	19198.8	224.89 	196721     
299	510   	14245  	16537.6	224.89 	107219     
300	510   	17804.4	57646  	206.415	1.75757e+06
301	510   	19506.8	62937.7	206.415	1.75757e+06
302	510   	15427.8	17807  	206.415	73675      
303	510   	12714.8	17806.9	206.415	227841     
304	510   	15184.1	17846.8	206.415	105906     
305	510   	16724.1	20606.8	206.415	180938     
306	510   	14012.5	17072.4	206.415	114127     
307	510   	14309.7	17097.9	206.415	114127     
308	510   	12454.6	17415.1	206.415	186976     
309	510   	16450.1	40424  	206.415	1.14001e+06
310	510   	12602.7	20711.1	206.415	432394     
311	510   	13266.2	24891.9	206.415	535356     
312	510   	11690.9	14486.3	202.021	93104.4    
313	510   	12694.3	17578.1	202.021	285874     
314	510   	12963.6	16520.1	202.021	138748     
315	510   	13692.5	16558.1	202.021	117988     
316	510   	11581  	14646.3	202.021	123138     
317	510   	11536.5	15290.3	202.021	115224     
318	510   	15525.8	138626 	202.021	4.41848e+06
319	510   	11411.9	14182.7	202.021	85132.2    
320	510   	10993.2	16775.4	202.021	280804     
321	510   	6929.93	9848.1 	202.021	104103     
322	510   	6497.71	16898.3	202.021	437314     
323	510   	7353.52	9982.11	202.021	70566.7    
324	510   	9822.92	16141.3	202.021	237873     
325	510   	10015.2	13377.1	202.021	85790.7    
326	510   	10071.8	20158.3	202.021	475780     
327	510   	8320.69	13569.8	202.021	196799     
328	510   	9500.93	27908.1	202.021	809519     
329	510   	8866.76	12416.5	202.021	87848.8    
330	510   	9419.23	14101  	202.021	207639     
331	510   	9421.37	19796.1	202.021	419081     
332	510   	13007.4	96911.9	193.779	3.06251e+06
333	510   	8640.8 	11544.8	193.779	81350.5    
334	510   	17647.8	223980 	193.779	7.10204e+06
335	510   	12888.4	105388 	193.779	3.34885e+06
336	510   	10796.1	15502.9	193.779	198130     
337	510   	9076.36	18589.4	193.779	373986     
338	510   	13080.8	73141.6	176.044	2.25328e+06
339	510   	9361.35	19353.9	176.044	461345     
340	510   	9024.77	13417.3	176.044	135174     
341	510   	8688.22	16956.7	176.044	317650     
342	510   	10165.6	15741  	176.044	222638     
343	510   	10792.4	14314.4	176.044	62475      
344	510   	10430.5	21332.9	176.044	419441     
345	510   	9112.54	14396.1	176.044	183836     
346	510   	10821.3	18991.3	176.044	327903     
347	510   	12847.8	23867.4	176.044	424687     
348	510   	9755.42	15805.5	176.044	165437     
349	510   	7012.62	13140.7	176.044	244684     
350	510   	5801.61	14308.8	176.044	389167     
351	510   	15469.5	290625 	176.044	9.28722e+06
352	510   	7456.78	12415.1	176.044	148104     
353	510   	8493.75	17669.9	176.044	357075     
354	510   	9125.38	18401.7	176.044	295932     
355	510   	8588.77	19215  	176.044	388602     
356	510   	10553.7	19222.8	176.044	317467     
357	510   	8852.81	14070.8	176.044	88573.8    
358	510   	13916.3	87913.3	176.044	2.56584e+06
359	510   	12331.6	24707.1	176.044	565447     
360	510   	8186.96	14359.2	176.044	89352.6    
361	510   	11772.9	18586.6	176.044	216628     
362	510   	12239.7	18690.5	155.579	168492     
363	510   	12568.9	19619.5	155.579	204477     
364	510   	11715  	16977.3	155.579	102273     
365	510   	12939  	43521.5	155.579	835108     
366	510   	9240.57	40893.9	155.579	1.2466e+06 
367	510   	9940.94	16533  	155.579	181311     
368	510   	22413.1	298586 	155.579	8.06466e+06
369	510   	15984.9	162240 	155.579	4.76679e+06
370	510   	6254.7 	15126.6	155.579	360555     
371	510   	7093.39	42909.8	155.579	1.20969e+06
372	510   	4626.85	11125.3	155.579	242437     
373	510   	5290.49	14587.2	155.579	398067     
374	510   	5390.84	9991.68	155.579	181667     
375	510   	5972.91	11627.8	155.579	181667     
376	510   	7387.49	17368.1	155.579	280378     
377	510   	6248.51	8513.78	155.579	97697.4    
378	510   	6879.02	11111.1	155.579	211793     
379	510   	6983.8 	10226.8	155.579	168883     
380	510   	7427.21	13731.7	175.237	326028     
381	510   	6292.46	20224.8	175.237	418707     
382	510   	5906.24	9240.21	175.237	157679     
383	510   	14228.7	228338 	175.237	7.28978e+06
384	510   	5979.67	8400   	175.237	126223     
385	510   	13162.1	167050 	175.237	4.84515e+06
386	510   	6147.93	36167  	175.237	1.10906e+06
387	510   	5367.8 	10097.5	175.237	181299     
388	510   	5307.14	9067.89	175.237	123007     
389	510   	4993.13	8358.62	175.237	121354     
390	510   	5740.3 	8281.15	175.237	122922     
391	510   	5639.04	17514.1	175.237	534689     
392	510   	6119.35	22781  	175.237	699699     
393	510   	6243.29	9000.68	175.237	137498     
394	510   	5182.05	8174.1 	175.237	152558     
395	510   	4402.76	6307.67	175.237	101960     
396	510   	5177.39	7603.7 	175.237	108810     
397	510   	5015.63	7484.37	175.237	158596     
398	510   	4958.97	8887.46	175.237	192866     
399	510   	4962.93	7209.6 	175.237	106246     
400	510   	5307.45	7853.38	175.237	97107.8    
401	510   	12522.1	208082 	175.237	6.64786e+06
402	510   	18199.7	293950 	175.237	6.64786e+06
403	510   	26641.2	361982 	175.237	6.64786e+06
404	510   	70791.4	654501 	175.237	6.64786e+06
405	510   	44534.5	507998 	175.237	6.64786e+06
406	510   	17693.4	294335 	175.237	6.64786e+06
407	510   	24343.5	359879 	175.237	6.64786e+06
408	510   	10668.7	207977 	175.237	6.64786e+06
409	510   	4261.72	15575.1	175.237	445157     
410	510   	4724.57	10828.7	166.761	297699     
411	510   	5248.79	12388.4	166.761	327491     
412	510   	4379.93	5677.27	166.761	92151.6    
413	510   	7034.22	92221.6	166.761	2.94779e+06
414	510   	4952.07	7756.17	162.64 	114803     
415	510   	5534.79	12307.1	166.761	278338     
416	510   	33557.4	930031 	166.761	2.97212e+07
417	510   	4502.23	4928.11	166.761	51175.2    
418	510   	4580.53	16457  	166.761	499817     
419	510   	4705.9 	6911.04	166.761	160254     
420	510   	5580.47	15303.9	166.761	428747     
421	510   	5296.85	8822.59	158.793	183801     
422	510   	6276.85	10520.5	158.793	152488     
423	510   	5796.7 	7308.59	158.793	71536.2    
424	510   	6087.94	9741.04	158.793	149897     
425	510   	6353.13	31887  	158.793	850742     
426	510   	5593.22	8539.09	158.793	125759     
427	510   	4864   	4955.58	158.793	44274      
428	510   	4751.69	11931.6	158.793	349678     
429	510   	5074.38	10660.5	158.793	244871     
430	510   	4324.73	4558.37	158.793	39335      
431	510   	4973.46	8641.54	158.793	189729     
432	510   	4419.24	6577.49	158.793	114609     
433	510   	4493.03	10694.1	158.793	215258     
434	510   	4755.36	9473.99	158.793	189839     
435	510   	4969.39	6961.46	158.793	86955      
436	510   	5127.13	7233.68	158.793	86955      
437	510   	4547   	7556.88	158.793	129543     
438	510   	4335.59	6162.46	158.793	109370     
439	510   	4403.2 	6536.37	158.793	98031.1    
440	510   	5171.06	9206.47	158.793	224914     
441	510   	5617.52	12010.2	158.793	266650     
442	510   	5515.9 	15471.2	158.793	435401     
443	510   	6097.5 	15648.9	158.793	435401     
444	510   	6239.55	14750.2	158.793	373389     
445	510   	7482.11	29718.5	158.793	756340     
446	510   	6393.07	36639  	158.793	1.12526e+06
447	510   	9956.81	118907 	158.793	3.73421e+06
448	510   	5864.45	22031.7	158.793	616559     
449	510   	4305.77	6073.27	158.793	100989     
450	510   	4379.94	4874.7 	158.793	58185      
451	510   	5161.71	7246.59	158.793	119843     
452	510   	4216.69	5440.71	158.793	80956.8    
453	510   	6044.93	51034.2	158.793	1.62151e+06
454	510   	4033.28	4386.53	158.793	49161.5    
455	510   	4703.48	8326.05	158.793	159061     
456	510   	4837   	11101.2	158.793	204574     
457	510   	4978.27	10658.1	158.793	276364     
458	510   	4770.74	7393.84	158.793	140680     
459	510   	5124.21	17135  	158.793	521621     
460	510   	5551.71	16043.8	158.793	362891     
461	510   	4122.33	6029.42	158.793	104100     
462	510   	5049.44	7177.07	158.793	122384     
463	510   	5356.84	8437.59	158.793	164923     
464	510   	5101.87	7384.51	158.793	98956.9    
465	510   	4298.93	4472   	158.793	46828.6    
466	510   	3689.44	4841.28	158.793	76545.8    
467	510   	4750.84	8106.68	158.793	150252     
468	510   	5044.72	7834.78	158.793	150252     
469	510   	4776.01	9434.83	158.793	179001     
470	510   	10853.4	178272 	158.793	5.69191e+06
471	510   	11124.5	178392 	158.793	5.69191e+06
472	510   	4236.05	5478.06	158.793	83150.5    
473	510   	4558.23	5590.84	158.793	45275.2    
474	510   	5580.52	7395.92	158.793	107579     
475	510   	6345.87	10612.5	158.793	194454     
476	510   	6345.13	26058.7	158.793	800801     
477	510   	4596.33	7622.92	158.793	161228     
478	510   	5031.22	20460.3	158.793	641186     
479	510   	5082.82	9584.42	158.793	192443     
480	510   	5734.74	20890.6	158.793	635381     
481	510   	6995.32	34800.2	158.793	635381     
482	510   	7105.81	28994.9	158.793	635381     
483	510   	7406.51	28875.4	158.793	635381     
484	510   	9119.01	46673.7	158.793	635381     
485	510   	6547.19	34876  	158.793	635381     
486	510   	4978   	20908.8	158.793	635381     
487	510   	6787.63	29263.5	158.793	635381     
488	510   	8808.07	45406.5	158.793	635381     
489	510   	6767.64	29480.5	158.793	635381     
490	510   	8680.9 	42016.4	158.793	635381     
491	510   	7767.22	40225  	158.793	635381     
492	510   	5597.2 	20739.5	158.793	635381     
493	510   	4494.32	7014.82	158.793	138361     
494	510   	4545.67	6463.32	158.793	91303      
495	510   	6108.62	38204.4	158.793	1.15186e+06
496	510   	4342.77	4553.15	158.793	48435.3    
497	510   	4070.02	5575.32	158.793	112647     
498	510   	4233.04	6323.01	158.793	108432     
499	510   	4744.69	6920.31	158.793	143021     
500	510   	5444.1 	9135.53	158.793	160650     
Elapsed time: 34454 seconds (9h 34m 14s)
