
gen	nevals	avg    	std    	min    	max    
1  	510   	4651.26	23.4467	4577.22	4858.48
2  	510   	4650.68	22.9947	4563.39	4858.48
3  	510   	4631.7 	32.8575	4561.51	5123.7 
4  	510   	4612.68	20.4465	4552.75	4856.93
5  	510   	4597.81	16.4523	4544.76	4826.91
6  	510   	4587.07	15.5127	4537.94	4654.4 
7  	510   	4580.87	16.1122	4543.62	4642.12
8  	510   	4577.01	18.6374	4528.99	4670.96
9  	510   	4571.59	20.1498	4528.99	4655.15
10 	510   	4568.49	21.2695	4527.95	4674.17
11 	510   	4556.97	126.85 	812.137	4639.58
12 	510   	4546.73	211.533	684.632	5614.76
13 	510   	4493.36	424.346	684.061	4646.07
14 	510   	4407.43	683.346	684.061	4875.28
15 	510   	4184.31	1016.68	535.966	4662.03
16 	510   	3647.66	1427.38	514.675	4667.81
17 	510   	2950.25	1710.72	514.675	17254.6
18 	510   	2461.06	1683.54	426.513	7128.49
19 	510   	2171.54	1766.89	397.499	22744.1
20 	510   	2117.69	1971.71	397.499	36962.8
21 	510   	2080.41	1706.49	372.054	5382.12
22 	510   	2009.32	1669.42	342.86 	4664.91
23 	510   	1994.19	1676.58	342.86 	4648.31
24 	510   	1907.36	1671.35	313.969	4658.47
25 	510   	1893.7 	1750.64	275.722	18606.7
26 	510   	1880.3 	1652.32	220.945	4650.5 
27 	510   	1909.46	1686.49	220.945	4665.36
28 	510   	1976.86	1709.32	220.945	4751.17
29 	510   	1697.6 	1591.7 	220.945	4645.23
30 	510   	1846.47	1717.01	220.945	4868.5 
31 	510   	2015.01	1792.38	202.924	4790.35
32 	510   	2396.18	6010.53	141.079	184472 
33 	510   	1924.28	1769.81	141.079	4711.76
34 	510   	2040.21	2556.95	140.17 	59755.5
35 	510   	1961.48	2533.36	140.17 	59755.5
36 	510   	1870.68	1732.27	140.17 	4657.56
37 	510   	1857.29	1797.58	140.17 	4725.18
38 	510   	2120.11	1858.15	140.17 	4650.49
39 	510   	1825.38	1732.51	140.17 	8922.6 
40 	510   	1730.1 	1730.25	140.17 	8922.6 
41 	510   	1902.83	1858.15	140.17 	8922.6 
42 	510   	2059.69	1890.12	138.816	8922.6 
43 	510   	1919.85	1817.52	138.816	8922.6 
44 	510   	2107.15	1867.57	138.816	8922.6 
45 	510   	1868.88	1819.66	138.816	8922.6 
46 	510   	1816.36	1747.47	138.816	4784.37
47 	510   	2145.44	2422.64	138.816	51774.5
48 	510   	2260.22	1852.78	138.816	4670.8 
49 	510   	1919.31	1793.46	138.816	4664.58
50 	510   	1842.41	1801.35	138.816	4811.97
51 	510   	2066.53	2490.2 	138.816	56321.8
52 	510   	1805.53	1700.84	140.17 	4663.09
53 	510   	1588.34	1668.98	140.17 	4817.12
54 	510   	1674.15	1733.85	140.17 	4709.26
55 	510   	1743.92	1884.76	140.17 	22948.2
56 	510   	1685.51	1767.8 	140.17 	4665.8 
57 	510   	1646.38	1735.38	140.17 	4680.71
58 	510   	1606.41	1723.56	140.17 	4646.03
59 	510   	1926.05	1835.23	140.17 	5209.42
60 	510   	1944.59	1800.14	140.17 	4664.03
61 	510   	1809.77	1760.84	140.17 	4651.41
62 	510   	1736.71	1746.36	140.17 	13727.3
63 	510   	2242.95	1888.84	140.17 	13727.3
64 	510   	1571.22	1644.18	140.17 	4668.91
65 	510   	1778.56	1772.49	140.17 	4662.38
66 	510   	1684.68	1728   	140.17 	5132.18
67 	510   	1826.23	1838.49	140.17 	16636.7
68 	510   	1874.43	1794.69	140.17 	4941.69
69 	510   	1692.99	1715.15	140.17 	4660.71
70 	510   	1999.14	1833.24	140.17 	4660.01
71 	510   	1927.54	1832.45	140.17 	8272.92
72 	510   	1964.94	1838.62	140.17 	4658.02
73 	510   	1616.3 	1680.73	140.17 	4651.95
74 	510   	1920.66	1847.16	140.17 	4707.78
75 	510   	1733.12	1768.99	140.17 	9385.5 
76 	510   	1725.05	5245.79	140.17 	159886 
77 	510   	2055.42	1869.76	140.17 	11253.2
78 	510   	1833.8 	1856.44	161.187	13189.4
79 	510   	1773.31	1806.19	161.187	5585.1 
80 	510   	1529.92	1671.66	161.187	6091.37
81 	510   	1781.68	1936.34	161.187	27189.8
82 	510   	1673.37	2641.94	161.187	66662.2
83 	510   	1566.06	1689.76	161.187	4690.63
84 	510   	1538.19	2003.78	161.187	38609.8
85 	510   	1932.58	1815.56	161.187	4905.22
86 	510   	1620.07	1663   	157.65 	4653.97
87 	510   	1644.9 	1687.02	161.187	5104.1 
88 	510   	1630.32	1698.01	161.187	5985   
89 	510   	1578.31	1651.72	148.798	4823.76
90 	510   	1665.65	1759.61	148.798	4661.15
91 	510   	1571.76	2110.12	154.132	43098.4
92 	510   	1626.41	1706.63	154.132	5007.38
93 	510   	1935.95	1861.08	154.132	8430.69
94 	510   	1779.5 	2649.52	149.262	61588.2
95 	510   	2142.74	1856.52	148.508	4648.05
96 	510   	1794.14	1790.53	148.508	4657.46
97 	510   	1754.7 	1758.38	148.508	9528.95
98 	510   	1900.07	2340.51	148.508	48875.4
99 	510   	1562.23	1723.14	142.894	4664.72
100	510   	2027.37	1831.96	142.894	4676.71
101	510   	1576.22	1794.72	142.894	17502.3
102	510   	1569.35	1661.04	142.894	4947.83
103	510   	1543   	1660.6 	142.894	4660.62
104	510   	1495.43	1616.99	142.894	4863.18
105	510   	1638.63	1699.72	142.894	6348.11
106	510   	1678.92	1713.26	154.132	6348.11
107	510   	1623.39	2318.71	154.132	53655.6
108	510   	1476.08	1588.85	174.593	4660.26
109	510   	1536.08	1736.62	174.593	21765.4
110	510   	1584.94	1669.08	174.593	4699.36
111	510   	1540.14	1745.48	148.484	18743.7
112	510   	1513.01	1656.06	148.484	4959.51
113	510   	1792.72	1774.5 	148.484	4659.62
114	510   	1823.62	1763.38	148.484	4824.37
115	510   	1733.23	4356.53	165.151	129379 
116	510   	1705.04	1717.15	165.151	4663.75
117	510   	1729.16	1727.07	174.593	5690.09
118	510   	1734.39	1756.24	176.573	15505.2
119	510   	1852.19	3450.82	145.506	97117.8
120	510   	1929.17	6777.61	145.506	188471 
121	510   	2302.04	9004.95	176.573	284063 
122	510   	1773.24	1701.09	172.563	4666.92
123	510   	1601.87	1626.27	176.573	4659.92
124	510   	1505.09	1613.81	176.573	4665.66
125	510   	1456.31	1602.25	176.573	5350.92
126	510   	1443.06	1563.56	176.573	5546.59
127	510   	1642.87	1665.15	168.894	4662.53
128	510   	1496.65	1619.92	176.573	4706.9 
129	510   	1789.93	2374.83	176.573	54817.7
130	510   	1508.67	1621.02	176.573	4638.67
131	510   	1522.92	1636.87	176.573	4830   
132	510   	1537.65	1628.34	176.573	4661.32
133	510   	1450.42	2353.89	175.919	57919.9
134	510   	1875.33	1815.84	175.919	4682.54
135	510   	1693.97	1729.44	175.919	4766.04
136	510   	1611.54	1705.31	175.297	4654.16
137	510   	1614.8 	1686.54	175.297	4732.79
138	510   	1604.25	1731.92	175.297	10997.8
139	510   	1614.48	1716.41	168.519	15678.3
140	510   	1709.81	1701.26	179.402	4778.22
141	510   	1560.09	1669.69	179.402	4689.45
142	510   	1522.91	1695.33	179.402	12459.3
143	510   	1593.7 	1711.71	179.402	4657.34
144	510   	1610.55	1702.8 	173.56 	4675.45
145	510   	1535.94	1676.07	141.477	6067.73
146	510   	1623.85	1698.54	173.56 	4671.73
147	510   	1506.35	1694.01	173.56 	15167.6
148	510   	1645.46	2584.86	177.298	65776  
149	510   	1517.39	1656.86	173.416	4672.08
150	510   	1725.39	1774.96	177.298	4662.86
151	510   	2148.79	1866.06	177.298	4682.87
152	510   	2091.22	3070.12	177.298	81079.9
153	510   	1765.3 	1720.58	163.519	4665.88
154	510   	1607.53	1860.01	177.298	26442  
155	510   	1674.78	4968.83	169.395	150609 
156	510   	1668.44	1773.24	155.715	21474.3
157	510   	1760.12	1786.64	155.715	12832.9
158	510   	1748.36	1730.94	155.715	4661.73
159	510   	1657.84	3810.01	155.715	112193 
160	510   	1360.72	1504.52	155.715	4664.71
161	510   	1667.61	1685.51	155.715	4800.43
162	510   	1900.4 	1802.83	155.715	4671.98
163	510   	1804.64	1721.85	155.715	4777.47
164	510   	1672.57	1706.31	133.611	5125.09
165	510   	1634.53	1790.82	155.715	19436.2
166	510   	2296.86	1819.17	155.715	5300.49
167	510   	1863.49	1787.94	155.715	4668.14
168	510   	1836   	1821.23	155.715	6388.51
169	510   	2087.03	1868.98	170.525	15590.7
170	510   	1825.16	1750.63	170.525	4725.32
171	510   	1630.28	1684.84	138.04 	4660.08
172	510   	1700.28	2131.17	138.04 	42389.7
173	510   	1611.46	1693.21	138.04 	4655.4 
174	510   	1713.64	1757.53	138.04 	4661.82
175	510   	1646.43	2352.05	138.04 	48357.2
176	510   	1485.48	1692.21	138.04 	14331.9
177	510   	1860.72	1836.05	138.04 	15337.2
178	510   	1836.22	2132.29	138.04 	40583.9
179	510   	1546.71	1644.85	138.04 	4741.58
180	510   	1798.22	1772.95	138.04 	6144.63
181	510   	1709.16	1781.46	138.04 	4661.84
182	510   	2021.63	1820.95	138.04 	4898.4 
183	510   	1615.32	1703.88	138.04 	5003.31
184	510   	1569.1 	1701.77	138.04 	12343.2
185	510   	1634.73	1713.14	138.04 	4649.98
186	510   	1605.19	1675.1 	138.04 	4660.43
187	510   	1635.5 	1721.49	138.04 	4659.57
188	510   	1723.13	1853.68	138.04 	20502.4
189	510   	1632.98	1954.5 	132.659	31535.6
190	510   	1700.11	1720.65	120.63 	4742.34
191	510   	1654.69	1714.53	120.63 	4661.21
192	510   	1819.83	1771.45	120.63 	5797.11
193	510   	1682.93	1733.69	120.63 	4761.05
194	510   	1815.14	1746.38	120.63 	4673.11
195	510   	1675.22	1714.74	120.63 	4640.17
196	510   	2029.26	1833.05	120.63 	7824.38
197	510   	1877.27	2149.4 	120.63 	34882  
198	510   	1489.52	1742.49	120.63 	23698.4
199	510   	1700.5 	1908.42	120.63 	26571  
200	510   	1557.13	1651.92	120.63 	4639.6 
Elapsed time: 10264 seconds (2h 51m 4s)
