
gen	nevals	avg    	std    	min    	max        
1  	280   	7232.53	2215.55	4306.04	9000       
2  	280   	7226.15	2215.54	4306.04	9000       
3  	280   	5135.09	1653.72	4281.76	9000       
4  	280   	4626.5 	1156.17	4257.82	19650.4    
5  	280   	4717.51	1685.55	4236.06	33668.3    
6  	280   	4821.29	1498.9 	4200.72	19650.4    
7  	280   	4747.34	2310.94	4200.72	40702.7    
8  	280   	4353.94	1254.62	4196.55	33888.1    
9  	280   	4437.42	1819.99	4183.55	33888.1    
10 	280   	4377.31	1787.24	4162.02	33888.1    
11 	280   	4297.82	475.39 	4162.02	11075.3    
12 	280   	4355.01	1502.43	4159.75	35670.4    
13 	280   	4305.06	783.969	4155.68	20170.4    
14 	280   	4292.88	561.839	4146.74	10736.8    
15 	280   	4224.75	110.113	4146.74	5393.14    
16 	280   	4228.5 	238.883	4140.07	9000       
17 	280   	4204.88	79.4998	4140.07	4981.26    
18 	280   	4210.23	218.382	4128.19	9000       
19 	280   	4197.23	106.283	3130.27	5262.46    
20 	280   	4186.13	145.115	3130.27	4856.61    
21 	280   	4216.76	747.612	3130.27	21423.3    
22 	280   	4181.66	802.637	2099.47	21423.3    
23 	280   	4193.43	1235.44	1147.98	21423.3    
24 	280   	4534.35	2843.77	1147.98	24149.1    
25 	280   	5117.58	4023.89	1147.98	24149.1    
26 	280   	6034.33	5312.95	1062.17	24149.1    
27 	280   	5870.45	5240.76	998.35 	34575.3    
28 	280   	5882.31	4959.44	998.35 	34575.3    
29 	280   	5276.53	4371.99	998.35 	22638.5    
30 	280   	5536.46	4998.97	994.821	22302      
31 	280   	5829.73	5117.63	994.821	24725.9    
32 	280   	5454   	4812.79	832.649	24433.1    
33 	280   	5553.79	4847.76	737.317	23835.5    
34 	280   	5528.73	4707.11	823.445	24170.3    
35 	280   	6202.02	5529.36	783.372	24911.7    
36 	280   	5364.67	4636.86	823.445	23835.5    
37 	280   	6146.75	5579.65	757.455	28845.7    
38 	280   	5433.5 	4940.07	757.455	23835.5    
39 	280   	6159.13	5351.87	756.03 	23764.7    
40 	280   	5374.41	4597.37	757.455	21887.8    
41 	280   	5412.75	4698.54	757.455	25855.8    
42 	280   	4659.85	4139.55	757.455	25855.8    
43 	280   	5134.42	4598.03	757.455	25855.8    
44 	280   	5212.9 	4157.92	757.455	23890.6    
45 	280   	4784.36	4078.32	757.455	21962.3    
46 	280   	5057.56	4145.78	757.455	22902.9    
47 	280   	4824.48	4389.4 	700.112	26907.7    
48 	280   	4922.36	4310.34	700.112	24915.8    
49 	280   	4910.67	4431.17	699.258	26160.1    
50 	280   	4947.11	4582.6 	699.258	22766.1    
51 	280   	4820.6 	4398.55	595.988	26623.3    
52 	280   	5028.99	5380.07	595.988	70590.6    
53 	280   	5236.63	5231.21	595.988	46806.4    
54 	280   	4743.65	4416.95	595.988	23728.4    
55 	280   	4721.8 	4017.76	595.988	24238.4    
56 	280   	4370.19	3812.26	595.988	27669.4    
57 	280   	5295.86	5430.94	595.988	34687.8    
58 	280   	4904.84	4529.39	595.988	26667.5    
59 	280   	5465.69	5168.36	595.988	26667.5    
60 	280   	5475.91	5490.36	595.988	31292.1    
61 	280   	4823.87	4338.59	595.988	24526.9    
62 	280   	5144.71	4814.51	595.988	24879      
63 	280   	5403.34	4750.41	595.988	24729.3    
64 	280   	4688.33	4341.28	595.988	24627.2    
65 	280   	4888.49	4522.62	595.988	24627.2    
66 	280   	4527.5 	4140.2 	487.919	26946.7    
67 	280   	4912.24	4574.71	487.919	36845.8    
68 	280   	5069.04	5069.36	487.919	36845.8    
69 	280   	4882.09	4559.02	487.919	28643      
70 	280   	4645.98	4352.42	458.379	34886.2    
71 	280   	4655.63	4504.91	487.919	36730.9    
72 	280   	4876.54	4749.37	487.919	34207.8    
73 	280   	4369.27	4380.05	487.919	34207.8    
74 	280   	4386.14	4174.29	485.538	28545.7    
75 	280   	4280.68	3913.34	485.538	28545.7    
76 	280   	4484.85	4322.24	462.053	35867.6    
77 	280   	4548.9 	4134.22	419.533	27286.9    
78 	280   	4245.53	3893.04	419.533	25589.6    
79 	280   	4587.09	4580.52	432.545	34785.6    
80 	280   	4099.11	3408.91	432.545	22481.7    
81 	280   	4773.54	4072.24	462.053	25431.2    
82 	280   	4764.8 	4314.97	462.053	25927.6    
83 	280   	5347.61	6279.35	368.194	101073     
84 	280   	4956.61	4538.84	368.194	26636      
85 	280   	5415.98	4943.56	368.194	29443.9    
86 	280   	5502.01	4875.15	250.132	32562.9    
87 	280   	5809.29	5179.94	250.132	31435.7    
88 	280   	4995.14	4543.63	250.132	29443.9    
89 	280   	5525.49	4977.95	250.132	28514.2    
90 	280   	5491.85	4681.2 	250.132	27858.5    
91 	280   	5317.62	4518.15	250.132	23586.9    
92 	280   	5164.97	4584.42	250.132	23999.7    
93 	280   	5163.82	4564.02	250.132	31587.2    
94 	280   	5020.7 	4472.55	250.132	27656.1    
95 	280   	5114.92	4489.47	250.132	28436.8    
96 	280   	5461.02	5167.21	250.132	30620.7    
97 	280   	5658.57	5242.78	250.132	26596.4    
98 	280   	5380.79	5327.35	250.132	32343.9    
99 	280   	5633.93	5561.98	250.132	34517      
100	280   	5368.68	5472.8 	250.132	32343.9    
101	280   	6243.05	5935.62	250.132	39773.7    
102	280   	6394.63	6040.35	250.132	38596.2    
103	280   	5599.53	5474.15	248.573	27447.8    
104	280   	5591.82	7905.13	214.755	141741     
105	280   	4998.85	5050.83	211.943	25233.7    
106	280   	5346.47	5736.79	211.943	31287.7    
107	280   	5005.13	5372.42	211.943	31287.7    
108	280   	4559.94	4796.75	211.943	25344.4    
109	280   	4927.25	4812.69	211.943	24754      
110	280   	4442.83	4472   	211.943	24754      
111	280   	4777.36	5071.1 	211.943	33316.4    
112	280   	5313.9 	5629.51	211.943	24754      
113	280   	5633.65	6184.92	211.943	26320      
114	280   	5574.77	6006.14	193.838	27360.8    
115	280   	5341.86	5555.7 	193.838	28048.5    
116	280   	5639   	5865.41	193.838	46513.1    
117	280   	5093.63	5161.44	211.943	27990.9    
118	280   	4604.1 	4722.27	211.943	42584.9    
119	280   	4772.64	4966.05	211.943	29554.8    
120	280   	5035.49	5032.43	211.943	26391.7    
121	280   	4922.57	4485.33	197.615	21872.2    
122	280   	4886.92	4636.4 	197.615	27080.7    
123	280   	4810.11	4374.07	197.615	35642.6    
124	280   	4869.87	4776.56	197.615	35642.6    
125	280   	4516.89	4635.34	197.615	23349.3    
126	280   	4624.97	4726   	197.615	26308.5    
127	280   	4572.91	8462.14	197.615	181104     
128	280   	5094.56	5617.87	197.615	58507.2    
129	280   	4934.81	4767.75	197.615	27315.3    
130	280   	5070.88	4893.19	197.615	30313.6    
131	280   	5056.69	4718.9 	197.615	25549      
132	280   	5200.95	5184.6 	197.615	30368.3    
133	280   	5372.28	5086   	197.615	28869      
134	280   	5722.94	5816.41	197.615	46409.3    
135	280   	5139.79	5350.83	197.615	32326.9    
136	280   	5197.15	5798.66	197.615	49432.5    
137	280   	4732.38	5134.33	197.615	28255      
138	280   	4610.02	4786.89	197.615	28255      
139	280   	5246.59	5831.74	197.615	42598.5    
140	280   	5053.17	5277.18	197.615	36639.5    
141	280   	5557.84	6457.84	197.615	36639.5    
142	280   	4719.55	5953.76	197.615	36639.5    
143	280   	5127.39	6703.77	197.615	63066.3    
144	280   	5371.82	6565.52	197.615	63066.3    
145	280   	5352.98	6561.33	197.615	36639.5    
146	280   	4939.38	6110.99	197.615	36639.5    
147	280   	4819.42	6433.89	146.966	36639.5    
148	280   	5366.82	6814   	146.966	47436      
149	280   	5393.82	7143.31	146.966	43575.2    
150	280   	7072.68	25357.7	146.966	577574     
151	280   	6227.35	25064.2	146.966	577574     
152	280   	7610.63	34954.4	146.966	577574     
153	280   	15136.8	72326  	146.966	577574     
154	280   	13148.8	68232.4	146.966	577574     
155	280   	8270.46	42317.7	146.966	577574     
156	280   	13289.6	68340.5	146.966	577574     
157	280   	9037.48	42751.8	146.966	577574     
158	280   	11175  	54405  	146.966	577574     
159	280   	5718.17	9705.29	146.966	64187.4    
160	280   	5157.58	7330.65	146.966	64187.4    
161	280   	5213.52	7378.1 	146.966	64187.4    
162	280   	5402.11	7567.88	146.966	64187.4    
163	280   	4675.57	5090.23	146.966	36639.5    
164	280   	5271.08	6477.72	146.966	36639.5    
165	280   	4737.31	5589.58	146.966	36639.5    
166	280   	4694.36	5489.35	146.966	36639.5    
167	280   	4877.1 	5980.23	146.966	36639.5    
168	280   	4545.03	5214.94	146.966	36639.5    
169	280   	4392.98	5133.37	146.966	36639.5    
170	280   	4263.46	4881.69	146.966	36639.5    
171	280   	4361.1 	4761.24	146.966	28255      
172	280   	4402.24	4770.14	146.966	34025      
173	280   	4699.7 	5980.26	146.966	42351      
174	280   	4231.05	4809.78	146.966	35968.4    
175	280   	4309.52	5156.35	167.789	40391.6    
176	280   	4392.88	5137.67	167.789	35968.4    
177	280   	3963.47	4089.48	167.789	35117.6    
178	280   	4705.54	5556.77	167.789	35117.6    
179	280   	4193.73	5151.08	167.789	46310.6    
180	280   	3928.15	4101.51	167.789	28255      
181	280   	3965.83	4473.52	167.789	28255      
182	280   	4345.32	4811.02	167.789	28255      
183	280   	3778.48	3884.15	167.789	28255      
184	280   	4046.86	5760.83	167.789	90917.2    
185	280   	4248.15	4746.62	167.789	34362.7    
186	280   	4362.36	5145.92	167.789	40210.2    
187	280   	4323.72	5389.16	167.789	40210.2    
188	280   	4370.77	5833.42	167.789	62494.7    
189	280   	4280   	5388.22	167.789	51518.8    
190	280   	4687.52	5546.96	193.055	31515.4    
191	280   	4040.39	4248.37	193.055	28255      
192	280   	3882.62	3871.05	193.055	21544.4    
193	280   	4123.17	4266.58	193.055	34379.7    
194	280   	4078.51	4453.59	193.055	45682.7    
195	280   	3857.3 	3994.54	193.055	31609.2    
196	280   	3706.44	3755.31	193.055	31609.2    
197	280   	4328.61	4215.6 	193.055	25592.2    
198	280   	3889.69	4034.6 	193.055	31538.6    
199	280   	4218.15	4069.67	193.055	27574.5    
200	280   	3454.77	3372.65	193.055	30373.9    
201	280   	3315.94	3468.99	193.055	52872.8    
202	280   	3490.35	3726.59	193.055	52872.8    
203	280   	3589.29	4215.19	193.055	52872.8    
204	280   	3629.03	4100.89	193.055	52872.8    
205	280   	3922.59	5115.99	193.055	52872.8    
206	280   	4255.23	5537.04	193.055	52872.8    
207	280   	4480.91	6477   	193.055	52872.8    
208	280   	4486.29	6892.15	193.055	52872.8    
209	280   	3811.68	4683.35	193.055	52872.8    
210	280   	4174.55	4765.86	193.055	44435      
211	280   	4573.21	5782.92	193.055	44435      
212	280   	4395.05	5702.14	193.055	44435      
213	280   	3626.37	4302.95	193.055	44435      
214	280   	3569.35	4040.49	193.055	34326.4    
215	280   	4042.89	4681.11	136.007	34326.4    
216	280   	4644.47	6277.4 	136.007	37382.7    
217	280   	4748.1 	5927.22	136.007	34326.4    
218	280   	3955.31	4938.33	136.007	34326.4    
219	280   	3788.84	3703.45	136.007	34326.4    
220	280   	3570.12	3777.45	136.007	34326.4    
221	280   	3965.31	4216.15	136.007	34326.4    
222	280   	3507.36	3075.81	136.007	20681.7    
223	280   	5923.37	56695.9	136.007	1.34434e+06
224	280   	5968.29	56713.9	136.007	1.34434e+06
225	280   	5824.1 	56698.5	136.007	1.34434e+06
226	280   	3441.84	3507.53	136.007	28391.2    
227	280   	3366.94	3050.03	136.007	25356.1    
228	280   	3494.33	2895.21	136.007	17852.3    
229	280   	3483.03	4007.24	136.007	65811.4    
230	280   	3560.31	4791.41	136.007	65811.4    
231	280   	3693.63	5585.54	136.007	65811.4    
232	280   	3374.85	4473.16	136.007	65811.4    
233	280   	3695.39	5034   	136.007	68112.5    
234	280   	8161.11	89491.6	136.007	2.11409e+06
235	280   	3946.02	5013.4 	136.007	42452.9    
236	280   	3975.64	4437.84	136.007	42452.9    
237	280   	3178.35	3235.89	136.007	23573.3    
238	280   	3844.93	3972.91	136.007	45293.7    
239	280   	3708.71	4171.67	136.007	45293.7    
240	280   	4288.66	5310.04	136.007	45293.7    
241	280   	4320.48	6753.52	133.12 	45293.7    
242	280   	4019.46	5300.35	136.007	45293.7    
243	280   	4159.01	5996   	136.007	45293.7    
244	280   	3992.69	5495.61	136.007	45293.7    
245	280   	4198.05	6126.87	116.833	45293.7    
246	280   	4581.12	7539.89	116.833	45293.7    
247	280   	3798.44	5444.75	116.833	49380.8    
248	280   	4296.43	7487.59	116.833	112500     
249	280   	4478.84	6924.36	116.833	45293.7    
250	280   	4397.06	6509.86	116.833	45293.7    
251	280   	4017.5 	5890.36	116.833	45293.7    
252	280   	3978.81	5239   	116.833	45293.7    
253	280   	3650.63	4743.78	116.833	45293.7    
254	280   	4028.93	6172.57	116.833	45293.7    
255	280   	3974.43	5576.95	116.833	45293.7    
256	280   	4078.84	5782.49	116.833	45293.7    
257	280   	4274.29	6506.97	116.833	45293.7    
258	280   	3668.37	5199.57	136.007	45293.7    
259	280   	3660.15	4209.38	136.007	45293.7    
260	280   	3662.98	4146.74	136.007	45293.7    
261	280   	3826.56	4470.43	136.007	45293.7    
262	280   	3802.45	3602.66	136.007	22200.3    
263	280   	3686.65	3680.45	125.734	21401.3    
264	280   	3759.24	3724   	125.734	37666.8    
265	280   	3585.35	4225.31	125.734	68867.9    
266	280   	35518.4	756426 	125.734	1.79196e+07
267	280   	3660.88	3418.12	125.734	23381.2    
268	280   	3927.3 	4184.61	122.094	29398.6    
269	280   	3620.1 	3733.98	122.094	22540.9    
270	280   	3434.02	3774.78	100.351	19349.5    
271	280   	3513.68	3131.76	100.351	18550.9    
272	280   	3324.93	3366.64	100.351	20359.9    
273	280   	3844.93	10873.4	100.351	249087     
274	280   	3466.47	3810.73	100.351	24340.6    
275	280   	3467.64	3373.57	100.351	20471.7    
276	280   	3742.56	3418.5 	100.351	19364.4    
277	280   	4187.94	13339.2	100.351	305906     
278	280   	4000.95	13263.2	100.351	305906     
279	280   	3344.46	3445.84	100.351	21367.2    
280	280   	3222.16	2833.47	100.351	24269.2    
281	280   	3289.07	2981.41	100.351	24269.2    
282	280   	3585.47	3839.73	100.351	31279.9    
283	280   	3242.42	3661.45	100.351	37949.2    
284	280   	3412.94	3370.05	100.351	32808.1    
285	280   	3643.42	3817.91	100.351	37036.7    
286	280   	3483.85	3268.07	100.351	37036.7    
287	280   	3445.15	2962.04	100.351	37036.7    
288	280   	3377.89	2923.97	100.351	37036.7    
289	280   	3368.58	3458.16	100.351	37036.7    
290	280   	3375.16	3390.57	100.351	37036.7    
291	280   	3197.07	3223.84	100.351	24872.8    
292	280   	3238.92	3848.26	100.351	66483.7    
293	280   	3468.75	4905.7 	100.351	83024.4    
294	280   	3234.33	2783.16	100.351	21328      
295	280   	3186.18	3151.42	100.351	18285.8    
296	280   	3416.92	3281.29	100.351	23405      
297	280   	3454.11	3347.27	100.351	25318.1    
298	280   	3770.95	9043.58	100.351	202869     
299	280   	4067.4 	9074.73	100.351	202869     
300	280   	3817.37	3934.05	100.351	23351.4    
301	280   	3429.74	3143.53	100.351	20603.1    
302	280   	3686.04	5718.5 	100.351	110317     
303	280   	3363.03	2998.41	100.351	21192.9    
304	280   	3210.87	2856.1 	100.351	19691.6    
305	280   	3175.11	2980.78	100.351	22281      
306	280   	3366.9 	3110.16	100.351	26418.6    
307	280   	3392.08	3073.7 	100.351	19875.8    
308	280   	3198.04	3016.27	100.351	18258.8    
309	280   	3368.56	3098.49	100.351	21466      
310	280   	3620.64	3307.29	100.351	32907.2    
311	280   	3713.78	3723.82	100.351	27247.9    
312	280   	3351.2 	2971.32	91.1053	18893.1    
313	280   	3404.45	3313.9 	90.4583	30965.5    
314	280   	3203.77	3138.52	90.4583	23905.1    
315	280   	3306.71	3383.29	90.4583	23905.1    
316	280   	3178.04	3243.21	90.4583	23905.1    
317	280   	3313.91	3130.1 	90.4583	28666.9    
318	280   	3404.07	4070.36	90.4583	45557.9    
319	280   	3663.89	3386.22	91.1053	19553      
320	280   	3577.61	3537.44	91.1053	23510      
321	280   	3611.83	3532.79	91.1053	23510      
322	280   	3678.9 	3717.63	91.1053	23510      
323	280   	3360.44	4256.24	91.1053	73277      
324	280   	3511.67	6528.55	91.1053	132739     
325	280   	3474.25	8020.23	91.1053	132739     
326	280   	3911.05	9979.49	91.1053	132739     
327	280   	4405.31	11461.7	91.1053	108421     
328	280   	5255.23	13886.4	91.1053	108421     
329	280   	4459.98	11027.9	91.1053	108421     
330	280   	4520.15	11286.2	91.1053	108421     
331	280   	6050.76	37618.9	91.1053	854021     
332	280   	6269.95	16768.7	91.1053	108421     
333	280   	4042.87	10234.2	91.1053	108421     
334	280   	3706.26	7009.29	91.1053	108421     
335	280   	3395.94	5205.77	91.1053	108421     
336	280   	3418.39	3353.53	91.1053	21463.4    
337	280   	3495.22	3296.28	91.1053	21463.4    
338	280   	3250.36	3243.73	91.1053	22348.9    
339	280   	2989.25	3186.99	91.1053	22348.9    
340	280   	3037.94	3483.48	91.1053	38486.1    
341	280   	3116.7 	2602.92	91.1053	15290.2    
342	280   	3145.74	3106.34	91.1053	32006.5    
343	280   	3243   	3223.81	91.1053	28363      
344	280   	3105.01	3600.65	91.1053	31406.8    
345	280   	3207.19	3188.45	91.1053	31406.8    
346	280   	2985.69	2966.39	91.1053	33477.6    
347	280   	3018.83	3263.3 	91.1053	33477.6    
348	280   	3298.92	3087.59	91.1053	23250      
349	280   	3419.96	3864.64	91.1053	26211.8    
350	280   	2989.63	3639.85	91.1053	35830.2    
351	280   	3085.07	2985.03	91.1053	35830.2    
352	280   	3229.6 	2849.53	91.1053	19503.5    
353	280   	3197.06	3552.19	91.1053	22801.6    
354	280   	3483.15	3545.17	91.1053	21321.3    
355	280   	3765.58	3839.23	91.1053	36265.7    
356	280   	3918.69	3756.56	91.1053	22825.5    
357	280   	4348.3 	19386.1	91.1053	456702     
358	280   	3468.58	3502.18	91.1053	25341.1    
359	280   	3661.69	3315.13	91.1053	23052.8    
360	280   	3709.18	4855.79	91.1053	75686.5    
361	280   	10279.1	123335 	91.1053	2.82775e+06
362	280   	3613.88	4688.16	91.1053	75686.5    
363	280   	3229.81	3462.7 	91.1053	24440.5    
364	280   	2882.11	3154.73	91.1053	20262.3    
365	280   	3000.4 	3420.04	91.1053	39514.3    
366	280   	3800.38	3410.28	91.1053	20283.4    
367	280   	3665.69	3259.24	91.1053	19930.8    
368	280   	3414.73	3482.48	91.1053	29478.7    
369	280   	3583.04	3024.89	91.1053	24275.7    
370	280   	3592.37	2799.46	91.1053	29579.4    
371	280   	3883.27	4107.62	91.1053	47139.9    
372	280   	4190.95	5044.2 	91.1053	61382.3    
373	280   	3673.2 	5142.59	91.1053	61382.3    
374	280   	3682.13	4094.7 	91.1053	47139.9    
375	280   	3461.88	3499.86	91.1053	25526      
376	280   	3002.93	3119.14	91.1053	19137.5    
377	280   	3240.09	3004.01	91.1053	17333.4    
378	280   	3438.14	2854.8 	91.1053	18542.2    
379	280   	3476.37	3741.35	91.1053	41763.1    
380	280   	3586.62	3601.33	91.1053	41763.1    
381	280   	3506.45	6222.19	91.1053	121063     
382	280   	3937.81	7011.6 	91.1053	121063     
383	280   	3970.37	15222.4	91.1053	354223     
384	280   	3322.78	3404.55	91.1053	48078.6    
385	280   	3381.61	3706.84	91.1053	48078.6    
386	280   	3601.37	3660.62	91.1053	48078.6    
387	280   	3327.98	2984.37	91.1053	17621.4    
388	280   	3328   	3139.65	91.1053	25797.7    
389	280   	3844.76	7232.08	91.1053	113199     
390	280   	3206.48	3181.89	91.1053	21414.3    
391	280   	3308.35	3750.9 	91.1053	30403.8    
392	280   	3508.62	7309.44	91.1053	141625     
393	280   	3571.89	7554.7 	91.1053	156561     
394	280   	3454.79	9616.54	91.1053	156605     
395	280   	3237.8 	7453.69	91.1053	156561     
396	280   	3752.5 	4201.25	91.1053	45124.6    
397	280   	3894.8 	3507.3 	91.1053	38194      
398	280   	3916.69	4656.72	91.1053	69653.9    
399	280   	3337.53	3531.71	91.1053	25297.6    
400	280   	3025.48	3512.87	91.1053	33158.8    
401	280   	3154.06	2772.32	91.1053	24320.3    
402	280   	2928.69	2861.92	91.1053	17351.5    
403	280   	3533.03	3048.94	91.1053	24315.1    
404	280   	3780.25	3586.94	91.1053	42457.2    
405	280   	3311.5 	3153.87	91.1053	24704.4    
406	280   	4209.41	13488.3	91.1053	314184     
407	280   	5631.18	38711.7	91.1053	892568     
408	280   	3385.81	3021.09	91.1053	20261.1    
409	280   	3440.19	3385.59	91.1053	56537.5    
410	280   	3365.4 	4112.01	91.1053	56537.5    
411	280   	3564.06	3013.62	91.1053	22406.8    
412	280   	3236.47	2669.43	91.1053	19015.7    
413	280   	3056.28	3075.25	91.1053	23189.9    
414	280   	3184.19	3778.43	91.1053	37658.7    
415	280   	3520.42	7839.54	91.1053	146966     
416	280   	3356.8 	7582.41	91.1053	146966     
417	280   	3096.42	2802.75	91.1053	21188.3    
418	280   	3336.1 	2919.86	91.1053	25608.9    
419	280   	3452.14	4780.79	91.1053	81632.4    
420	280   	3583.69	4118.43	91.1053	36684      
421	280   	3988.36	5134.17	91.1053	36684      
422	280   	4000.57	4888.15	91.1053	36684      
423	280   	3978.59	4631.31	91.1053	36684      
424	280   	3767.35	5009.37	91.1053	71319.1    
425	280   	3545.69	3981.67	91.1053	36684      
426	280   	3202.37	3343.87	91.1053	29023.5    
427	280   	3384.71	3068.18	91.1053	16395.1    
428	280   	3415.71	3132.25	91.1053	33356.5    
429	280   	3496.08	3239.71	91.1053	34458.6    
430	280   	3349.41	3030.94	91.1053	34458.6    
431	280   	3373.01	3340.83	91.1053	26020.6    
432	280   	3286.01	2880.21	91.1053	18395      
433	280   	3325.4 	4564.53	91.1053	72701.6    
434	280   	3642.06	3347.72	91.1053	25368.1    
435	280   	3337.84	3326.82	91.1053	25368.1    
436	280   	3396.85	3233.34	91.1053	35637.5    
437	280   	3649.85	3307.26	91.1053	28343.8    
438	280   	4233.83	11718.8	91.1053	267606     
439	280   	3786.97	6927.29	91.1053	144270     
440	280   	3569.14	3896.5 	91.1053	40782.7    
441	280   	3617.31	4133.84	91.1053	40782.7    
442	280   	3554.46	4553.22	87.155 	40782.7    
443	280   	3473.73	5334.38	87.155 	67451.3    
444	280   	3159.34	4937.88	87.155 	64287.7    
445	280   	3526.41	4870.79	87.155 	64287.7    
446	280   	3597.28	5831.11	87.155 	64287.7    
447	280   	4030.74	9875.03	87.155 	171630     
448	280   	3522.26	5698.39	87.155 	64287.7    
449	280   	3699.74	4932.78	87.155 	64287.7    
450	280   	3567.91	4788.77	87.155 	64287.7    
451	280   	3414.28	4301.77	87.155 	64287.7    
452	280   	3506.33	4758.79	87.155 	64287.7    
453	280   	3571.53	4183.23	87.155 	40782.7    
454	280   	3723.05	4742.23	87.155 	40782.7    
455	280   	3515.61	4649.13	87.155 	40782.7    
456	280   	2970.22	2615.59	87.155 	16762.8    
457	280   	2916.9 	2768.53	87.155 	21548.7    
458	280   	3035.18	2857.27	87.155 	29892      
459	280   	3106.7 	3721.61	87.155 	39355.2    
460	280   	3027.42	3565.11	87.155 	20504.7    
461	280   	2873.47	3405.59	87.155 	23356.7    
462	280   	4129.14	24403.1	87.155 	576152     
463	280   	2950.97	3484.27	87.155 	52204.1    
464	280   	3316.33	3062.46	91.1053	17422.8    
465	280   	3229.36	3166.69	91.1053	31834.4    
466	280   	3096.27	3227.24	91.1053	27695.5    
467	280   	3437.94	3330.95	91.1053	27695.5    
468	280   	3557.37	3304.73	91.1053	19558.5    
469	280   	3191.14	3380.74	91.1053	21379.9    
470	280   	2847.59	3156.97	91.1053	24117      
471	280   	3241.61	3729.07	91.1053	43562      
472	280   	3391.08	6056.91	91.1053	124522     
473	280   	3083.03	3298.83	91.1053	20277.4    
474	280   	3351.05	3737.72	91.1053	53257.9    
475	280   	3015.79	3081.97	91.1053	20418.5    
476	280   	3152.24	2988.23	91.1053	21562.4    
477	280   	3188.93	3269.53	91.1053	20543.2    
478	280   	3383.17	3533.43	91.1053	21591.8    
479	280   	3448.83	7869.63	91.1053	176446     
480	280   	3409.49	3014.72	112.561	17383.4    
481	280   	3006.06	2718.99	112.561	20318.8    
482	280   	3359.09	4976.5 	112.561	82235.5    
483	280   	2829.46	3150.65	112.561	21912.9    
484	280   	3537.52	6546.91	112.561	139365     
485	280   	3167.96	6434.8 	112.561	139365     
486	280   	2928.88	3059.12	112.561	20466.8    
487	280   	2978.43	3420.73	112.561	25310.5    
488	280   	3082.86	3050.69	112.561	24740.7    
489	280   	3107.45	2986.22	112.561	20466.8    
490	280   	3307.9 	3640.26	112.561	24268.2    
491	280   	2990.82	2941.17	112.561	21406.4    
492	280   	2870.4 	3469.35	112.561	50173      
493	280   	3250.9 	5147.82	114.061	84881.9    
494	280   	3230.15	3639.22	114.061	50173      
495	280   	3069.48	3048.78	114.061	22575.1    
496	280   	2930.16	2624.15	114.061	19734.2    
497	280   	3138.33	3380.09	114.061	44100.7    
498	280   	3036.57	2835.94	114.061	22035.5    
499	280   	3517.73	3472.29	114.061	23813.6    
500	280   	3008.97	3411.83	114.061	23813.6    
Time elapsed: 38039 seconds.


Batch Job Summary Report (version 21.01.1) for Job "bpopt" (47503819) on daint

Job information (1/2)
-----------------------------------------------------------------------------------------------------
             Submit            Eligible               Start                 End    Elapsed Time limit
------------------- ------------------- ------------------- ------------------- ---------- ----------
2023-06-27T22:14:20 2023-06-27T22:14:20 2023-06-27T22:14:23 2023-06-28T08:50:44   10:36:21   23:59:00
-----------------------------------------------------------------------------------------------------

Job information (2/2)
-------------------------------------------------------------
    Username      Account    Partition   NNodes        Energy
------------ ------------ ------------ -------- -------------
    bp000145       ich030       normal        6  42755.170 kJ

