
gen	nevals	avg    	std    	min    	max        
1  	280   	7626.28	1599.48	5586.4 	9000       
2  	280   	7629.64	1597.6 	5586.4 	9000       
3  	280   	6163.82	1337.96	5546.42	25315.6    
4  	280   	5874.09	1201.26	5546.42	25315.6    
5  	280   	5964.05	1874.83	5469.29	36063      
6  	280   	5940.71	2138.89	1014.18	36063      
7  	280   	6011.26	2115.4 	1014.18	36063      
8  	280   	5647.98	1716.24	1014.18	27234.5    
9  	280   	5276.84	2074.42	1014.18	27234.5    
10 	280   	5424.19	3531.26	976.929	40402.5    
11 	280   	6429.19	6930.03	976.929	40402.5    
12 	280   	7868.71	9073.77	976.929	41286      
13 	280   	8820.48	9837.83	923.961	46470.4    
14 	280   	8814.89	9826.36	903.055	40452.8    
15 	280   	8767.18	10251.3	903.055	42052.2    
16 	280   	7976.06	9833.78	892.447	41620.1    
17 	280   	8799.46	10271.9	892.447	42648.2    
18 	280   	7745.14	9458.01	892.447	49342.5    
19 	280   	7430.29	9265.84	854.759	49342.5    
20 	280   	8376.69	9782.72	854.759	46149.8    
21 	280   	7352.22	9106.3 	854.759	69524.6    
22 	280   	8040.6 	9682.34	761.429	46483.2    
23 	280   	8014.01	10798.1	761.429	149871     
24 	280   	8308.4 	10039.8	631.37 	46017      
25 	280   	8025.71	9833.3 	631.37 	56229.2    
26 	280   	9342.41	11246  	631.37 	56229.2    
27 	280   	9692.92	11980.7	631.37 	64504.9    
28 	280   	10132.7	12460.4	631.37 	56229.2    
29 	280   	9823.04	11760.9	631.37 	56229.2    
30 	280   	10375.1	12559.2	631.37 	56229.2    
31 	280   	10324.8	12636.7	631.37 	56229.2    
32 	280   	8744.87	11569.1	631.37 	56135.7    
33 	280   	9989.65	13628.1	631.37 	82578.8    
34 	280   	10662.6	13837.9	631.37 	82578.8    
35 	280   	10128.2	13883  	631.37 	82578.8    
36 	280   	10471.9	13654.1	631.37 	82578.8    
37 	280   	11658.8	14918  	631.37 	88377.5    
38 	280   	12756.4	14816.9	579.732	82578.8    
39 	280   	11213.7	14632.5	562.427	63112.3    
40 	280   	10920.7	13947.4	562.427	58972.9    
41 	280   	11207.4	14144.2	562.427	58972.9    
42 	280   	11852.2	14619.3	562.427	66108.5    
43 	280   	11873.7	14652.2	562.427	73214      
44 	280   	10529  	14075.3	562.427	73214      
45 	280   	12364.7	16240.2	562.427	81091.5    
46 	280   	12623.8	16424.3	562.427	81091.5    
47 	280   	12896.7	16535.2	562.427	81091.5    
48 	280   	11281.2	15506.8	562.427	65913.8    
49 	280   	10109  	14266.5	524.191	67983.8    
50 	280   	12005.9	16115  	524.191	68316.2    
51 	280   	13027.7	16199.7	524.191	68316.2    
52 	280   	11441  	15203.1	500.762	64274.5    
53 	280   	12078.5	15309.4	500.762	64274.5    
54 	280   	11924.7	16083  	500.762	66144.1    
55 	280   	11403.8	16883.3	500.762	123643     
56 	280   	9962.8 	13972.8	500.762	66144.1    
57 	280   	11392  	15144.9	489.382	85476.7    
58 	280   	10848.1	15476.3	489.382	66144.1    
59 	280   	13577.1	20767  	489.382	148557     
60 	280   	11794.5	17861  	458.561	148557     
61 	280   	10208.1	16386.6	458.561	148557     
62 	280   	11820.7	16915.1	458.561	79142      
63 	280   	11547.8	18061.3	458.561	77652.2    
64 	280   	11683.2	16314.7	458.561	101541     
65 	280   	10772.4	15997.8	458.561	101541     
66 	280   	9970.17	15173.9	458.561	66144.1    
67 	280   	10924.5	15389.6	458.561	78281.9    
68 	280   	9909.08	15756  	458.561	71403.5    
69 	280   	9833.34	13838.6	458.561	66347.2    
70 	280   	9609.36	13700.8	458.561	66144.1    
71 	280   	8154.59	12323.3	458.561	66144.1    
72 	280   	10156.5	14836.7	458.561	81977.9    
73 	280   	7339.24	11619.2	458.561	76392.4    
74 	280   	8139.47	11651.3	458.561	62063.8    
75 	280   	9008.94	13323.8	478.915	77908.5    
76 	280   	9101.47	13067.9	487.349	80415      
77 	280   	9086.42	12601.6	501.879	92598      
78 	280   	8531.41	12269.4	501.879	67926.3    
79 	280   	8705.31	11961.5	501.879	53837.5    
80 	280   	8490.93	12334.2	501.879	99111.8    
81 	280   	9207.57	12128.1	501.879	56825.3    
82 	280   	8084.1 	11475  	501.879	68156.6    
83 	280   	9298.91	12530.8	319.88 	68208.6    
84 	280   	8967.04	13240.8	319.88 	95277.9    
85 	280   	8954.76	12347.6	501.879	85096.8    
86 	280   	9000.67	12520.7	501.879	98944.1    
87 	280   	9059.56	12511.2	486.467	80261.3    
88 	280   	8102.22	11719.3	486.467	84860.7    
89 	280   	9559.86	13086  	486.467	89391.3    
90 	280   	9905.33	13974.3	473.362	110776     
91 	280   	8591.41	12722.2	473.362	69133      
92 	280   	9104.54	13017.1	473.362	74822.6    
93 	280   	8950.72	12599.7	473.362	81151.5    
94 	280   	8965.1 	13205.8	473.362	100983     
95 	280   	8102.81	11520.3	473.362	54737.2    
96 	280   	8207.76	11560.4	473.362	60858      
97 	280   	9065.02	12672.5	473.362	77943      
98 	280   	9637.38	13260.4	473.362	87035.5    
99 	280   	9599.09	12984.3	452.227	63134      
100	280   	10397.2	14382.7	452.227	95170.8    
101	280   	9386.94	15523.5	452.227	141638     
102	280   	9537.67	14658.8	452.227	95170.8    
103	280   	9778.43	13891.6	452.227	85158.6    
104	280   	10480.8	14607.7	452.227	76003.4    
105	280   	11021.5	14757.3	447.606	92156.4    
106	280   	10315.4	14101.5	447.606	86852.6    
107	280   	11281.4	15244.3	447.606	101046     
108	280   	10119.9	13383.3	447.606	77840      
109	280   	11414.3	24467.6	447.606	483088     
110	280   	10699  	14071.6	447.606	93262      
111	280   	9399.91	12325.9	447.606	64166.1    
112	280   	9836.73	13704.2	447.606	82912.1    
113	280   	10810.6	13336.9	447.606	59828.9    
114	280   	10277.4	13563.9	447.606	83034.2    
115	280   	9998.31	13546.4	447.606	116372     
116	280   	10910.9	14174.3	430.564	100876     
117	280   	10673.4	13468.5	430.564	100876     
118	280   	11683.7	15007.1	430.564	145464     
119	280   	11558.3	14445.6	430.564	92176.3    
120	280   	10677.7	13297.8	430.564	72600.8    
121	280   	10320.3	13798  	430.564	80117.4    
122	280   	12569.8	16015.7	430.564	130355     
123	280   	9827.07	13301.3	425.893	86113.1    
124	280   	9804.19	13861.6	425.893	105232     
125	280   	11247.6	14802.9	425.893	87076.2    
126	280   	9623.8 	14043.5	381.439	80986.5    
127	280   	10696.1	16314.8	317.666	119696     
128	280   	11013.4	15418  	425.893	131363     
129	280   	9201.78	13490.7	368.17 	80854.6    
130	280   	9839.73	14767.1	368.17 	118032     
131	280   	10212  	14038.4	368.17 	108829     
132	280   	9507.93	13439.7	368.17 	108829     
133	280   	10018.8	13492.6	368.17 	92869      
134	280   	9323.34	12385.7	368.17 	65607.5    
135	280   	8619.18	12292.4	368.17 	106339     
136	280   	9577.61	13033.7	368.17 	101069     
137	280   	8639.42	12489.6	368.17 	100105     
138	280   	9335.15	12696.8	368.17 	83042.9    
139	280   	9408.34	13627.5	368.17 	100067     
140	280   	8224.3 	12087.1	368.17 	100089     
141	280   	7712.9 	10588.9	353.092	71607.6    
142	280   	7734.76	11138.3	353.092	96348.4    
143	280   	8840.5 	12738.1	353.092	107024     
144	280   	8436.36	12208.1	353.092	107024     
145	280   	8904.38	12475.7	353.092	107024     
146	280   	6828.07	9798.34	353.092	62846.4    
147	280   	7986.93	11606.7	289.428	73726.8    
148	280   	7935.35	12312.5	353.092	116171     
149	280   	7904.44	12288.5	353.092	93936.7    
150	280   	7251.07	10508  	353.092	75092.9    
151	280   	8246.35	12849.8	353.092	123483     
152	280   	8010.03	11905.3	353.092	83049.2    
153	280   	7948.03	12012.8	353.092	112937     
154	280   	7297.43	10799.1	353.092	102247     
155	280   	6954.8 	10876.6	353.092	79978.8    
156	280   	7740.35	12210.3	353.092	114583     
157	280   	8535.07	13406.2	353.092	113113     
158	280   	6917.34	11224.6	353.092	100950     
159	280   	7483.92	12467.7	353.092	100950     
160	280   	8830.08	13819  	353.092	110819     
161	280   	6682.34	9855.29	293.542	72768.1    
162	280   	7531.47	11111.7	293.542	76988.7    
163	280   	6886.24	12956.4	293.542	188553     
164	280   	7361.96	12560.5	293.542	116070     
165	280   	7359.24	11704  	293.542	105104     
166	280   	6968.92	11830  	293.542	124369     
167	280   	6740.17	10669.4	272.614	125469     
168	280   	6251.48	10765  	272.614	146498     
169	280   	6952.82	10711.3	272.614	85810.5    
170	280   	6821.11	11396.9	272.614	88012.8    
171	280   	7084.13	12807.3	272.614	113229     
172	280   	6236.15	10584.5	272.614	97093.4    
173	280   	6482.43	10350.5	272.614	104055     
174	280   	5942.7 	9689.06	272.614	85871.6    
175	280   	7146.74	13034.4	241.437	108563     
176	280   	7821.44	13414.9	272.614	130656     
177	280   	7210.97	12299.4	272.614	121278     
178	280   	7430.69	13393.8	272.614	124299     
179	280   	8473.18	15013  	272.614	124299     
180	280   	8209.43	14823.4	272.614	152402     
181	280   	9136.69	14020.9	272.614	118220     
182	280   	8120.09	12621.9	272.614	77687.2    
183	280   	9448.16	14875.5	258.135	94045.9    
184	280   	9698.09	16329.7	258.135	139131     
185	280   	10734.7	16001.9	258.135	116230     
186	280   	7649.38	12830.5	258.135	80353.9    
187	280   	7962.82	13545.6	258.135	120367     
188	280   	7368.34	12848  	258.135	97985.4    
189	280   	7134.77	11173.1	247.195	73666.4    
190	280   	7831.91	13400  	247.195	117152     
191	280   	8541.82	14023.4	247.195	107993     
192	280   	7450.43	11912.8	247.195	72856.4    
193	280   	7602.54	13853.6	247.195	136311     
194	280   	6830.11	10432.9	229.788	102309     
195	280   	6777.94	10381.9	235.209	77030.4    
196	280   	6997.91	11527.8	235.209	139329     
197	280   	6840.32	10169.7	235.209	82876.2    
198	280   	6200.83	9700.71	235.209	86167.9    
199	280   	6482.8 	10652.5	235.209	102661     
200	280   	5534.55	7310.02	235.209	49679      
201	280   	5169.5 	8302.52	235.209	79892.4    
202	280   	6174.67	10605.2	214.925	97695.1    
203	280   	6997.29	12074.4	214.925	160999     
204	280   	5928.37	9451.44	214.925	90794.4    
205	280   	5875.26	10686.8	214.925	111332     
206	280   	5349.33	8846.17	211.776	86081.1    
207	280   	5416.28	9016.19	203.468	78985.3    
208	280   	5272.51	8112.43	203.468	78985.3    
209	280   	5468.35	7837.98	203.468	50733.8    
210	280   	5390.18	8591.29	137.831	79801.3    
211	280   	6307.01	11480.4	137.831	104091     
212	280   	5789.5 	9585.68	137.831	91991      
213	280   	5325.36	9292.93	137.831	89080.7    
214	280   	5201.14	9963.8 	137.831	143423     
215	280   	4931.31	7590.15	137.831	54808.7    
216	280   	5106.32	8491.24	137.831	97913.9    
217	280   	4885.64	9840.94	137.831	96913.8    
218	280   	4811.51	8651.1 	137.831	96913.8    
219	280   	5533.93	9600.87	137.831	79958.5    
220	280   	4962.32	8563.1 	137.831	81812.3    
221	280   	5279.21	10811.6	137.831	134284     
222	280   	5851.45	12556.2	137.831	152418     
223	280   	5843.49	10990.4	137.831	119190     
224	280   	5712   	10690.8	137.831	101544     
225	280   	5734.58	10671.9	137.831	112379     
226	280   	5216.22	8422.94	137.831	59944.9    
227	280   	5583.1 	8910.61	137.831	58682.2    
228	280   	5572.67	9455.95	137.831	86048.1    
229	280   	5610.27	10114  	137.831	144357     
230	280   	5125.94	8115.95	137.831	52825.6    
231	280   	5066.46	9254.99	137.831	77987.6    
232	280   	4980.51	7924.11	137.831	56581      
233	280   	6039.96	10000.5	137.831	79881.6    
234	280   	4889.77	8141.64	137.831	75032.1    
235	280   	4601.09	7387.41	137.831	55711.5    
236	280   	4178.71	7773.29	137.831	121151     
237	280   	4696.58	7315.18	137.831	59667.7    
238	280   	4731.1 	9355.64	137.831	113169     
239	280   	4762.03	8128.09	137.831	68719.8    
240	280   	4579.99	7742.35	137.831	101016     
241	280   	5391.88	8792.88	137.831	83765      
242	280   	5274.04	8797.55	137.831	94383.9    
243	280   	5624.35	10770.6	137.831	153706     
244	280   	5297.22	8943.04	137.831	83700      
245	280   	4900.38	8038.3 	137.831	73362.5    
246	280   	5879.49	9799.57	137.831	86837      
247	280   	4993.59	7472.26	137.831	50557.5    
248	280   	4673.46	7620.03	137.831	88951.4    
249	280   	4887.53	7369.41	137.831	61068.6    
250	280   	4597.75	6642.12	137.831	49739.1    
251	280   	5204.73	8000.25	137.831	82963.2    
252	280   	6576.48	9940.69	137.831	81965.2    
253	280   	5300.91	8437.85	137.831	56925.8    
254	280   	5113.44	8600.09	137.831	74667.3    
255	280   	4897.14	8652.57	137.831	93672.1    
256	280   	4595.5 	7120.98	137.831	93672.1    
257	280   	4947.69	9573.11	137.831	124120     
258	280   	4395.6 	6773.62	137.831	69689.2    
259	280   	4861.74	7970.98	137.831	69689.2    
260	280   	4921.22	7374.34	137.831	74744.2    
261	280   	5197.87	8651.65	137.831	79673.8    
262	280   	5485.82	9244.66	137.831	109021     
263	280   	5086.2 	9264.84	137.831	117520     
264	280   	5052.14	8085.92	137.831	95006.5    
265	280   	4494.08	7475.84	137.831	72846.6    
266	280   	4899.79	7373.98	137.831	52539      
267	280   	5544.93	16550.7	137.831	353167     
268	280   	5206.19	9444.39	137.831	86064.8    
269	280   	5284.31	9855.11	137.831	110055     
270	280   	4816.71	7843.58	137.831	79787      
271	280   	6594.59	11727.4	137.831	100170     
272	280   	5139.48	9460.71	137.831	103332     
273	280   	5571.09	16672.8	137.831	358836     
274	280   	5201.18	7635.28	137.831	60795      
275	280   	4693.38	8790.68	137.831	84437.6    
276	280   	4484.23	7268.69	137.831	66849      
277	280   	4156.48	6974.55	137.831	75000.8    
278	280   	4442.35	8511.62	137.831	82548.1    
279	280   	5031.84	8113.2 	137.831	91083.6    
280	280   	5622.04	8708.09	137.831	69821.2    
281	280   	4517.35	7045.95	137.831	61784      
282	280   	5013.08	8283.11	137.831	96446.1    
283	280   	4662.29	7423.2 	137.831	68723      
284	280   	4916.39	8177.8 	137.831	77935.9    
285	280   	4699.11	8483.76	137.831	78216.5    
286	280   	4297.68	6923.52	137.831	81798.1    
287	280   	5051.04	9305.77	137.831	92875.1    
288	280   	4816.96	9876.95	137.831	92875.1    
289	280   	5588.99	12919.9	137.831	92875.1    
290	280   	6070.61	13370.1	137.831	129108     
291	280   	5207.72	11074  	137.831	101016     
292	280   	5210.81	10857.2	137.831	82938.5    
293	280   	4513.6 	7855.51	137.831	81798.1    
294	280   	5587.56	9580.36	137.831	81798.1    
295	280   	5499.73	10984.1	137.831	124215     
296	280   	5973.77	13039.7	137.831	124215     
297	280   	4936.39	10266.9	137.831	136429     
298	280   	4241.92	7864.13	137.831	78906.7    
299	280   	5114.94	10067  	137.831	78906.7    
300	280   	4405.09	8839.79	137.831	88305.8    
301	280   	4533.47	7992.05	137.831	86016.9    
302	280   	4147.11	7956.9 	137.831	126266     
303	280   	4763.21	7479.08	137.831	58008.3    
304	280   	5115.95	9516.93	137.831	98383.2    
305	280   	4148.31	7683.92	137.831	82067.8    
306	280   	4154.41	6443.35	137.831	69759.3    
307	280   	4731.15	9012.76	137.831	105803     
308	280   	4610.38	8166.36	137.831	86887.7    
309	280   	4730.77	8553.83	137.831	80369.3    
310	280   	4494.38	7719.93	137.831	74873.9    
311	280   	5476.01	9610.17	137.831	113335     
312	280   	5469.8 	9029.28	137.831	81795.6    
313	280   	4577.24	7480.01	137.831	50654.3    
314	280   	5123.39	9875.88	137.831	96324.4    
315	280   	5655.18	10275.3	137.831	125145     
316	280   	5460.51	9082.08	120.823	77807.5    
317	280   	5373.02	11493.9	120.823	166226     
318	280   	4756.4 	7856.29	120.823	54059.8    
319	280   	5128.23	7721.49	120.823	59804      
320	280   	5110.44	8722.38	120.823	84958.5    
321	280   	4347.41	7445.03	120.823	60899.5    
322	280   	4626.34	7518.34	120.823	73711.4    
323	280   	4832.31	8849.71	120.823	78000.5    
324	280   	5171.63	9104.63	120.823	78000.5    
325	280   	5324.34	9272.9 	120.823	94872.4    
326	280   	5187.24	8744.26	120.823	65668.7    
327	280   	5787.88	10469.6	120.823	87199.6    
328	280   	5131.24	8292.79	120.823	64244.8    
329	280   	5355.34	10399.7	120.823	151209     
330	280   	5234.06	8799.9 	120.823	64028.2    
331	280   	6540.9 	22364.1	120.823	465084     
332	280   	5896.5 	10340.6	120.823	93881      
333	280   	5820.31	9186.27	120.823	69673      
334	280   	5077.22	9180.61	120.823	102544     
335	280   	5506.77	10158.8	120.823	107025     
336	280   	5251.21	8427.62	120.823	71746.4    
337	280   	5653.93	10439.5	120.823	111390     
338	280   	5616.7 	9905.07	120.823	84932.9    
339	280   	4391.81	6837.59	120.823	50760.3    
340	280   	5793.63	11606  	120.823	101018     
341	280   	5077.8 	8763.27	120.823	68723.5    
342	280   	4915.58	8358.94	120.823	69827.5    
343	280   	4866.89	8922.49	120.823	90693.9    
344	280   	4731.55	9175.65	120.823	89120.4    
345	280   	5015.84	10309.6	120.823	135327     
346	280   	5115.64	9440.91	120.823	98817.8    
347	280   	5077.64	9046.94	120.823	104192     
348	280   	5082.25	8320.14	120.823	47835.7    
349	280   	5587.18	10292.6	120.823	101121     
350	280   	5867.25	10302.1	120.823	96079.5    
351	280   	4919.03	9195.07	120.823	120360     
352	280   	5201.1 	9393.97	120.823	96777      
353	280   	4803.42	8281.47	120.823	69945.5    
354	280   	4719.09	8435.97	120.823	100927     
355	280   	5059.94	9176.9 	120.823	72763.9    
356	280   	4444.28	8030.17	120.823	75700.8    
357	280   	5025.79	8589.03	120.823	52149.8    
358	280   	5980.17	10566  	120.823	72068.9    
359	280   	4689.04	7594.51	120.823	45756.4    
360	280   	5145.52	8335.92	120.823	46742      
361	280   	4697.58	8221.32	120.823	67846.1    
362	280   	5204.35	10298.4	120.823	119119     
363	280   	4554.27	8008.25	120.823	60798.6    
364	280   	4568.53	9378.64	120.823	114639     
365	280   	5098.79	10343.8	120.823	114639     
366	280   	4496.8 	8623.86	120.823	104088     
367	280   	5263.97	10439.1	120.823	98025.6    
368	280   	4517.74	8592.96	120.823	90889.2    
369	280   	4369.05	7653.02	120.823	54489.9    
370	280   	5018.35	9584.48	120.823	92816.7    
371	280   	5167.51	9266.96	120.823	91985.1    
372	280   	5265.91	8966.14	120.823	60921.1    
373	280   	5102.03	9235.01	120.823	97084.7    
374	280   	4338.81	7469.9 	120.823	88019.1    
375	280   	9123.31	82997  	120.823	1.95448e+06
376	280   	4791.47	8797.14	120.823	84164.4    
377	280   	4718.41	8029.08	120.823	57639.5    
378	280   	5738.26	17594.1	120.823	355282     
379	280   	5110.02	9533.15	120.823	79881.2    
380	280   	4763.54	8136.12	120.823	90941      
381	280   	4561.37	7182.46	120.823	67059.8    
382	280   	4781.56	8960.66	120.823	93091.6    
383	280   	4374.04	7925.57	120.823	85982.9    
384	280   	4172.99	7369.2 	120.823	65919.5    
385	280   	5414.85	10161.8	137.819	93870.3    
386	280   	5241.1 	8512.12	137.819	54651.7    
387	280   	4296.02	7477.96	137.819	63918.9    
388	280   	4790.06	10180.8	137.819	154799     
389	280   	4977.7 	8981.35	137.819	83934.7    
390	280   	4859.24	8089.2 	137.819	70687.9    
391	280   	5190.51	8393.48	137.819	60940      
392	280   	4069.02	6131.09	137.819	45793.1    
393	280   	4278.72	7964.01	137.819	76771      
394	280   	4321.47	7463.35	137.819	67927.7    
395	280   	4403.23	7466   	137.819	87885.5    
396	280   	4359.39	7364.13	137.819	78219.4    
397	280   	4662.43	9833.76	137.819	125240     
398	280   	4431.52	8409.46	137.819	102359     
399	280   	4608   	9456.42	137.819	102359     
400	280   	4460.95	7522.18	137.819	73962.3    
401	280   	4838.46	7955.1 	137.819	49133.8    
402	280   	5261.73	9707.08	137.819	89077.1    
403	280   	5149.19	9608.83	137.819	116535     
404	280   	4953.19	9224.41	137.819	121101     
405	280   	5513.71	11013.6	137.819	121101     
406	280   	4641.82	8807.16	137.819	104820     
407	280   	4276.52	7399.13	137.819	72833.3    
408	280   	5043.18	9253.22	137.819	101112     
409	280   	4359.59	7842.94	137.819	75908.2    
410	280   	4556.93	7624.48	137.819	66813.3    
411	280   	4381.64	7117.69	137.819	59542.3    
412	280   	4755.64	7769.8 	137.819	57694.7    
413	280   	5135.32	9598.84	137.819	102238     
414	280   	4657.37	8317   	137.819	64049      
415	280   	4332.86	8101.97	137.819	62785.8    
416	280   	4267.2 	7653.26	137.819	66845.7    
417	280   	4153.64	6732.02	137.819	54678.2    
418	280   	4719.48	7567.69	137.819	63932.9    
419	280   	4975.01	9878.93	137.819	170928     
420	280   	4585.16	8945.49	137.819	108907     
421	280   	5090.89	8533.87	137.819	108202     
422	280   	4482.04	8575.2 	137.819	130260     
423	280   	5276.96	10598.2	137.819	130260     
424	280   	5049.42	10270.4	137.819	130260     
425	280   	4995.3 	9019.22	137.819	62633.2    
426	280   	4529.45	8392.56	137.819	102917     
427	280   	5073.44	9059.06	137.819	108023     
428	280   	4706.57	8431.32	137.819	120480     
429	280   	5038.16	8230.49	137.819	59802.2    
430	280   	5275.23	9499.69	137.819	113092     
431	280   	5182.33	8532.02	137.819	69701.1    
432	280   	4527.88	7791.17	137.819	80929.7    
433	280   	5021.71	8339.96	137.819	72876.8    
434	280   	4863.3 	7903.51	137.819	85165.3    
435	280   	5209.85	11653.3	137.819	181407     
436	280   	5231.76	9182.5 	137.819	77980.6    
437	280   	4958.95	8369.04	137.819	73909      
438	280   	5561.45	11947.8	137.819	132040     
439	280   	4411.39	7470.92	137.819	69803.6    
440	280   	5547.33	9805.63	137.819	115212     
441	280   	5002.29	8504.87	137.819	85897.7    
442	280   	5800.82	10310.4	137.819	94916.4    
443	280   	4934.42	7261.92	137.819	47666.2    
444	280   	5225.17	8101.42	137.819	61764.3    
445	280   	4434.57	7553.6 	137.819	96212.9    
446	280   	5290.72	10556.4	137.819	164224     
447	280   	4381.21	7345.42	137.819	74631.9    
448	280   	4398.52	7050.39	137.819	65009.3    
449	280   	6208.22	10733.4	137.819	82874.4    
450	280   	4600.16	8407.9 	137.819	90668.1    
451	280   	4528.63	7759.25	137.819	73862.5    
452	280   	4822.52	7691.52	136.355	63882.7    
453	280   	4863.41	8547.71	136.355	82009.1    
454	280   	5887.1 	10440.3	136.355	112945     
455	280   	4656.24	8078.04	136.355	71846.4    
456	280   	4776.77	7511.22	136.355	47733.7    
457	280   	4479.72	7962.05	136.355	78042.5    
458	280   	5129.04	9352.97	136.355	99980.2    
459	280   	4887.49	10986.4	136.355	190103     
460	280   	5706.75	10527.6	136.355	107122     
461	280   	4674.53	8649.36	136.355	73769.5    
462	280   	4819.38	8371.64	136.523	81806.3    
463	280   	5045.15	9513.32	136.523	81806.3    
464	280   	5126.71	8445.94	136.523	74713      
465	280   	5511.99	9729.02	136.523	73194.2    
466	280   	5210.15	8314.23	136.523	73896.5    
467	280   	4813.38	9113.37	136.523	86853      
468	280   	4867.02	8643.41	136.523	90189.3    
469	280   	5362.29	10064.2	136.523	108966     
470	280   	4907.94	7880.19	136.523	71849.9    
471	280   	5495.88	8977.93	136.523	91879.1    
472	280   	5286.3 	8572.95	136.523	84856.4    
473	280   	4911.39	8181.5 	136.523	70949.4    
474	280   	5090.86	8182.2 	136.523	71776.3    
475	280   	5182.49	10184.7	136.523	118161     
476	280   	5106.13	8264.29	137.819	66738.8    
477	280   	5425.02	9431.14	137.819	101999     
478	280   	6050.26	9404   	137.819	94105.1    
479	280   	4973.18	8554.37	137.819	81780.7    
480	280   	5969.24	9628.22	137.819	98189.1    
481	280   	4788.98	7020.75	137.819	58619.3    
482	280   	4648.99	7418.53	137.819	53574      
483	280   	5160.33	8710.94	137.819	82079.9    
484	280   	5710.21	8686.52	137.819	62855.7    
485	280   	6157.66	12160.8	137.819	127249     
486	280   	4741.46	7511.28	137.819	65746.7    
487	280   	5814.75	9181.27	137.819	65746.7    
488	280   	4817.49	7920.81	137.819	90109.1    
489	280   	4966.39	9124.7 	137.819	116027     
490	280   	5272.45	9810.01	137.819	119006     
491	280   	5140.68	7191.03	137.819	58852.6    
492	280   	5101.76	7348.2 	137.819	67850.7    
493	280   	5012.02	8581.47	137.819	115275     
494	280   	5004.11	8679.49	137.819	107860     
495	280   	5085.05	8999.24	137.819	108239     
496	280   	5036.85	9032.95	137.819	122212     
497	280   	4463.27	6287.91	137.819	41811.3    
498	280   	5134.85	8656.79	137.819	77038.6    
499	280   	6349.2 	9765.16	137.819	95769.6    
500	280   	5265.76	7426.27	137.819	47660.1    
Time elapsed: 31057 seconds.


Batch Job Summary Report (version 21.01.1) for Job "bpopt" (46955434) on daint

Job information (1/2)
-----------------------------------------------------------------------------------------------------
             Submit            Eligible               Start                 End    Elapsed Time limit
------------------- ------------------- ------------------- ------------------- ---------- ----------
2023-06-02T11:06:35 2023-06-02T11:06:35 2023-06-02T11:20:56 2023-06-02T19:59:46   08:38:50   23:59:00
-----------------------------------------------------------------------------------------------------

Job information (2/2)
-------------------------------------------------------------
    Username      Account    Partition   NNodes        Energy
------------ ------------ ------------ -------- -------------
    bp000145       ich030       normal        8  34553.998 kJ

