
gen	nevals	avg    	std    	min    	max        
1  	510   	4675.54	162.842	4567.06	7834.14    
2  	510   	4673.8 	132.615	4565.8 	7834.14    
3  	510   	4615.65	42.2521	4565.49	5161.69    
4  	510   	4611.03	34.6351	4565.49	4778.12    
5  	510   	4615.08	38.7411	4565.49	4995.16    
6  	510   	4618.57	55.9907	3392.06	4766.91    
7  	510   	4616.13	96.3521	3357.2 	4766.91    
8  	510   	4599.49	155.044	3357.2 	4835.75    
9  	510   	4586.84	208.807	3348.54	4772.7     
10 	510   	4546.48	296.889	3335.65	4772.7     
11 	510   	4507.65	427.901	2337.34	10459.6    
12 	510   	4418.78	545.565	1026   	10459.6    
13 	510   	4284.95	791.946	1026   	10459.6    
14 	510   	4340.54	1009.67	874.489	11493.9    
15 	510   	4165.58	1444.76	874.489	12447.9    
16 	510   	4278.75	1569.84	868.359	15435.6    
17 	510   	3970.81	1595.89	868.359	13477.2    
18 	510   	4305.24	1435.71	868.359	18195.5    
19 	510   	4063.51	1574.48	868.359	15454.2    
20 	510   	4123.63	1582.31	868.359	13716.2    
21 	510   	3976.58	1626.9 	868.359	16254.5    
22 	510   	4115.56	2219.01	827.748	38489.3    
23 	510   	4175.99	2206.19	827.748	38213.1    
24 	510   	4367.79	2350.21	829.063	38213.1    
25 	510   	4330   	3672.2 	829.063	61440.4    
26 	510   	5388.47	20347.6	800.927	640711     
27 	510   	4727.52	7266.92	800.927	148463     
28 	510   	4630.28	3936.38	800.927	38213.1    
29 	510   	5671.12	37347.6	800.927	1.18181e+06
30 	510   	5161.21	9236.48	800.927	271256     
31 	510   	5183.76	13362.5	800.927	271256     
32 	510   	5126.28	7307.12	800.927	162993     
33 	510   	6105.44	23234.8	800.927	653078     
34 	510   	6123.73	37343.8	799.976	1.17529e+06
35 	510   	6539.27	38422.8	799.976	1.17529e+06
36 	510   	6481.88	14037.8	777.063	150255     
37 	510   	5133.15	7587.98	777.063	150255     
38 	510   	6022   	26109.4	777.063	801891     
39 	510   	6406.93	17472.7	763.633	423352     
40 	510   	6112.51	12810.2	756.488	255975     
41 	510   	7583.47	19764.8	740.099	382441     
42 	510   	5744.92	16037.3	719.873	472470     
43 	510   	6130.79	20650.7	719.873	567008     
44 	510   	4992.54	6834.31	719.873	97970.6    
45 	510   	5450.57	8406.21	740.099	97970.6    
46 	510   	6431.27	14951.9	771.04 	281807     
47 	510   	7555.52	17601  	771.04 	281807     
48 	510   	6773.11	27546.2	706.042	793623     
49 	510   	6484.71	11927.9	682.306	156254     
50 	510   	5814.04	12471.3	654.24 	262526     
51 	510   	5724.41	11764.3	682.306	248794     
52 	510   	5450.22	8812.27	682.306	87349      
53 	510   	5376.62	8228.77	682.306	93124.9    
54 	510   	5825.83	9548.58	682.306	111055     
55 	510   	5617.61	8414.34	672.992	87349      
56 	510   	6160.17	11662.1	672.992	213422     
57 	510   	6240.91	12358.4	637.715	200210     
58 	510   	6081.62	11382.3	637.715	164335     
59 	510   	6019.5 	8834.79	637.715	87349      
60 	510   	6750.94	14175.5	629.577	246639     
61 	510   	8350.58	74876.2	629.577	2.36647e+06
62 	510   	6407.58	12359.4	600.509	233667     
63 	510   	10685.4	116243 	629.577	3.69201e+06
64 	510   	5878.45	11443.8	629.577	181998     
65 	510   	7259.36	15702.2	629.577	206786     
66 	510   	5995.99	15254.8	629.577	309521     
67 	510   	6598.46	19189.8	629.577	465321     
68 	510   	6925.13	14208.7	629.577	181998     
69 	510   	8015.25	27032.1	634.865	644249     
70 	510   	6546.25	12895  	634.865	181998     
71 	510   	6706.91	14518  	634.865	270763     
72 	510   	6359.29	12785.1	634.865	270763     
73 	510   	6078.58	7641.83	634.865	82906      
74 	510   	6155.52	7909.66	634.865	88285.1    
75 	510   	6109.17	8512.2 	634.865	100344     
76 	510   	5967.49	8548.09	634.865	179939     
77 	510   	6650.13	51387  	634.865	1.64007e+06
78 	510   	5775.95	18506.9	639.153	549098     
79 	510   	6225.09	18605.7	639.153	478974     
80 	510   	5625.29	10134  	639.153	209319     
81 	510   	6081.93	16030.7	639.153	410963     
82 	510   	7709.55	31579.1	639.153	806330     
83 	510   	4890.74	7250.17	648.099	197600     
84 	510   	5458.1 	11177.1	648.12 	197600     
85 	510   	5701.28	12728.7	648.12 	197600     
86 	510   	6198.4 	16574.3	648.12 	239636     
87 	510   	6147.02	15429  	648.12 	197600     
88 	510   	6077.28	15086.2	648.12 	240203     
89 	510   	6927.79	18385.2	648.12 	320012     
90 	510   	6369.53	15804.6	635.363	197600     
91 	510   	6948.59	34503.3	635.363	1.0349e+06 
92 	510   	7213.22	23866.3	635.363	545976     
93 	510   	8044.75	22492.7	635.363	197600     
94 	510   	6226.4 	14980.6	635.363	197600     
95 	510   	6336.91	14815.1	635.363	247723     
96 	510   	8466.61	81302.3	635.363	2.57115e+06
97 	510   	6496.67	12920.9	635.363	215840     
98 	510   	5707.91	9827.77	635.363	214013     
99 	510   	5878.98	8580.76	635.363	142185     
100	510   	5627.49	5971.35	635.363	76418.6    
101	510   	5551.95	6898.54	632.468	100620     
102	510   	5704.69	8396.53	635.363	162437     
103	510   	5950.74	11402.9	635.363	194429     
104	510   	7200.95	17589.6	635.363	323242     
105	510   	5895.04	10280.7	635.363	162437     
106	510   	6804.92	10999.3	635.363	162437     
107	510   	6399.24	13364.9	635.363	228886     
108	510   	6620.14	23121.9	635.363	683370     
109	510   	6423.45	12776.2	635.363	202182     
110	510   	6294.19	9173.67	619.352	135422     
111	510   	6532.92	11304.4	619.352	220585     
112	510   	8375.8 	40115.1	619.352	1.20356e+06
113	510   	6228.83	13585.6	619.352	340679     
114	510   	6725   	28406.4	619.231	877279     
115	510   	5788.74	10213.2	619.231	220777     
116	510   	6539.55	12589.7	599.812	249733     
117	510   	5853.96	11757.9	585.43 	238926     
118	510   	5957.39	8389.42	585.43 	76418.6    
119	510   	6144.71	10323.7	539.865	175009     
120	510   	6154.85	8978.48	585.43 	102036     
121	510   	6996.21	15159.2	585.43 	336945     
122	510   	6982.9 	17943.9	585.43 	351057     
123	510   	7273.38	15677.9	585.43 	352832     
124	510   	5501.08	7452.72	585.43 	96797.3    
125	510   	6219.54	8432.63	585.43 	63635.9    
126	510   	5853.43	9312.81	585.43 	196738     
127	510   	6038.12	25768.4	585.43 	808289     
128	510   	6529.99	12478.8	585.43 	240429     
129	510   	6439.14	12551.1	585.43 	278422     
130	510   	7552.51	43897.2	585.43 	1.38066e+06
131	510   	7005.96	43513.9	585.43 	1.38066e+06
132	510   	9168.21	61589.7	585.43 	1.38066e+06
133	510   	7609.14	44135.8	599.812	1.38066e+06
134	510   	9162.5 	62574  	598.139	1.38066e+06
135	510   	12742.6	96592.5	598.139	1.38066e+06
136	510   	12241.1	96229.2	598.139	1.38066e+06
137	510   	7310.26	46494.7	598.139	1.38066e+06
138	510   	8989.99	63094.7	598.139	1.38066e+06
139	510   	6986.35	43664.6	598.139	1.38066e+06
140	510   	9934.09	64903.8	617.436	1.38066e+06
141	510   	12715  	96440.5	617.436	1.38066e+06
142	510   	10199.4	76275.5	617.436	1.38066e+06
143	510   	14554.1	105816 	617.436	1.38066e+06
144	510   	12147  	87382.5	617.436	1.38066e+06
145	510   	14772.6	105365 	617.436	1.38066e+06
146	510   	7724.08	45939.9	617.436	1.38066e+06
147	510   	7611.01	44590.4	617.436	1.38066e+06
148	510   	10163.2	75249  	617.436	1.38066e+06
149	510   	12312.3	87937.2	617.436	1.38066e+06
150	510   	13421.9	97364.5	617.436	1.38066e+06
151	510   	9531.61	64235.6	617.436	1.38066e+06
152	510   	9172.27	63401.1	617.436	1.38066e+06
153	510   	10064.8	63467.7	617.436	1.38066e+06
154	510   	10450.6	64570  	617.436	1.38066e+06
155	510   	9073.14	62453.4	617.436	1.38066e+06
156	510   	8742.16	46312.8	617.436	1.38066e+06
157	510   	7550.23	45287.9	617.436	1.38066e+06
158	510   	13229  	87776.2	617.436	1.38066e+06
159	510   	8163.74	20817.3	657.765	221009     
160	510   	5761.48	7061.17	657.765	107452     
161	510   	6197.64	10017.1	678.439	220098     
162	510   	5790.29	7451.99	678.439	108187     
163	510   	6211.44	7212.14	679.278	91530.7    
164	510   	5660.79	8096.45	646.929	164200     
165	510   	7052.52	17985.3	646.929	417610     
166	510   	7030.47	22807.8	646.929	417610     
167	510   	6702.59	15905.2	646.929	251530     
168	510   	5581.99	6369.6 	646.929	44682.6    
169	510   	7064.02	21245.6	646.929	465094     
170	510   	5265.65	5447.77	646.929	67301      
171	510   	5113.08	5552.53	608.883	76950.1    
172	510   	5401.69	5474.62	608.883	44682.6    
173	510   	5425.28	10136.7	608.883	281590     
174	510   	5102.44	6179.57	575.515	137417     
175	510   	5389.21	5494.07	575.515	39502      
176	510   	8129.68	69352.6	572.383	2.08963e+06
177	510   	5295.91	9601.28	572.383	233454     
178	510   	5564.97	8254.44	572.383	179255     
179	510   	6730.23	25136.1	572.383	666477     
180	510   	5165.56	6315.98	575.515	159623     
181	510   	5139.18	8770.22	575.515	168732     
182	510   	5015.64	4203.56	614.942	60317.9    
183	510   	5366.39	6188.11	614.942	103198     
184	510   	4882.44	3278.64	614.942	39502      
185	510   	5053.05	7910.2 	614.942	142615     
186	510   	4896.31	3761.21	614.942	46297      
187	510   	4998.28	5313.95	614.942	86734.9    
188	510   	5083.51	6301.29	614.942	137477     
189	510   	5492.34	7858.9 	641.991	128435     
190	510   	5393.96	6270.02	641.991	108820     
191	510   	4951.85	6199.19	641.991	162043     
192	510   	4951.08	5081.95	641.991	68925.3    
193	510   	5036.69	7782.81	641.991	173064     
194	510   	5143.49	6396.6 	641.991	129291     
195	510   	5682.73	9024.24	641.991	154731     
196	510   	5088.1 	6132.25	641.991	133288     
197	510   	5403.91	8355.04	641.991	179574     
198	510   	5828.08	14105  	641.991	381666     
199	510   	4456.89	3297.37	641.991	56323.6    
200	510   	5113.02	6097.57	641.991	79373.4    
201	510   	5249.38	9157.14	641.991	235805     
202	510   	5370.26	7101.74	641.991	166223     
203	510   	4842.67	4594.32	641.991	62000.5    
204	510   	5559.99	7206.43	635.883	86659.6    
205	510   	6113.52	13004.6	635.883	272383     
206	510   	7660.61	21134  	635.883	315229     
207	510   	5298.1 	8349.72	635.883	222204     
208	510   	5487.52	9752.68	635.883	222204     
209	510   	5403.62	11443.4	635.883	270728     
210	510   	5375.95	8929.02	635.883	222204     
211	510   	7403.13	36874  	635.883	1.00951e+06
212	510   	6272.89	15446.6	612.613	282019     
213	510   	6141.18	21789.9	612.613	646631     
214	510   	5529.24	8181.87	612.613	212398     
215	510   	4850.05	5695.49	635.883	112885     
216	510   	5210.16	5248.99	635.883	69818.4    
217	510   	6529.93	29757.8	635.883	864392     
218	510   	6008.37	8114.65	635.883	131858     
219	510   	6765.28	22635.1	635.883	620281     
220	510   	5885.85	9052.61	633.027	131858     
221	510   	5850.78	10171.3	633.027	131858     
222	510   	7457.28	18038.8	633.027	314855     
223	510   	5402.03	6473.69	633.027	131858     
224	510   	6586.85	27885.4	633.027	757845     
225	510   	5097.09	5316.6 	633.027	135174     
226	510   	5912.25	9898.47	633.027	243860     
227	510   	4992.53	4970.82	633.027	111199     
228	510   	5676.52	10820.5	633.027	269770     
229	510   	7319.39	72686.8	606.563	2.31632e+06
230	510   	4938.97	5067.29	633.027	95347.5    
231	510   	4975.18	3896.2 	635.883	42923.9    
232	510   	4994.76	5680.4 	635.883	140011     
233	510   	5279.94	8014.95	635.883	203698     
234	510   	5012.14	5397.59	635.883	69741.2    
235	510   	5087.62	5279.1 	635.883	77437.9    
236	510   	5729.48	13209.3	635.883	225829     
237	510   	4748.14	5186.51	635.883	136567     
238	510   	5482.98	10084.3	635.883	203260     
239	510   	4774.15	3749.16	635.883	70338.5    
240	510   	4736.27	3440.62	635.883	44066      
241	510   	5143.66	8869.96	672.736	164988     
242	510   	4696.41	3310.14	700.778	39913.1    
243	510   	4632.86	4659.97	700.778	93739.6    
244	510   	5252.07	12276.7	597.373	361403     
245	510   	5057.56	7253.25	597.373	142067     
246	510   	5025.77	6253.62	597.373	127886     
247	510   	4929.81	4765.25	597.373	87723.9    
248	510   	4760.3 	4073   	597.373	60052.1    
249	510   	5286.51	8382.34	597.373	209475     
250	510   	4571.4 	5713.88	597.373	165332     
251	510   	5921.95	33316.6	597.373	1.0521e+06 
252	510   	5028.47	5853.44	597.373	155739     
253	510   	5688.71	11566.5	597.373	188331     
254	510   	5864.7 	15494  	597.373	357447     
255	510   	5118.96	5273.48	597.373	100054     
256	510   	5424.43	6500.8 	597.373	153079     
257	510   	6109.75	10760.8	639.649	186308     
258	510   	6556.26	10988.6	639.649	188157     
259	510   	9752.09	123316 	639.463	3.92984e+06
260	510   	11696  	192935 	639.463	6.16136e+06
261	510   	23895.5	333587 	639.463	6.16136e+06
262	510   	11681  	192930 	583.82 	6.16136e+06
263	510   	17662.8	272513 	583.82 	6.16136e+06
264	510   	47909.1	508228 	583.82 	6.16136e+06
265	510   	11274  	192893 	583.82 	6.16136e+06
266	510   	11728.5	192818 	583.82 	6.16136e+06
267	510   	11375.2	192729 	583.82 	6.16136e+06
268	510   	11754.1	192979 	583.82 	6.16136e+06
269	510   	35696.4	429965 	632.967	6.16136e+06
270	510   	23690.2	333394 	632.967	6.16136e+06
271	510   	18001.2	272542 	632.967	6.16136e+06
272	510   	24026.8	333430 	632.967	6.16136e+06
273	510   	29827.9	384847 	632.967	6.16136e+06
274	510   	42739.6	471640 	632.967	6.16136e+06
275	510   	36029.9	429995 	632.967	6.16136e+06
276	510   	5088.2 	6793.43	632.967	163604     
277	510   	6207.19	15827.4	632.967	419237     
278	510   	7190.88	28543.5	632.967	499229     
279	510   	6266.85	23817  	632.967	419237     
280	510   	5885.89	19541.5	632.967	419237     
281	510   	4862.62	3713.02	632.967	41779.9    
282	510   	5448.08	11346.2	632.967	325198     
283	510   	4822.14	3928.56	632.967	60873.2    
284	510   	5152.45	8406.09	632.967	226566     
285	510   	4752.55	3314.17	647.915	46393.7    
286	510   	5337.48	5609.34	641.142	92691.9    
287	510   	4520.24	3071.46	641.142	51487.1    
288	510   	4351.75	3933.17	641.142	51487.1    
289	510   	10460.7	187749 	641.142	6.00293e+06
290	510   	6048.07	24849.1	641.142	692180     
291	510   	5072.56	11752.2	604.013	277691     
292	510   	4860.92	9622.93	604.013	296077     
293	510   	4819.71	6509.35	604.013	183974     
294	510   	4876.38	5659.61	604.013	123103     
295	510   	4610.44	3838.89	604.013	54108.8    
296	510   	5177.31	6641.99	604.013	114055     
297	510   	5021.93	6601.03	604.013	180837     
298	510   	5216.86	7215.32	604.013	130032     
299	510   	5059.69	4509.9 	604.013	55300.4    
300	510   	5181.97	6262.64	557.034	116391     
301	510   	4711.88	4432.19	557.034	103829     
302	510   	5062.18	6506.87	557.034	125064     
303	510   	5132.58	7631.76	557.034	201405     
304	510   	5272.29	10654.7	557.034	240188     
305	510   	5964.45	12280.5	557.034	292443     
306	510   	6008.86	12950.3	557.034	292443     
307	510   	5455.17	7499.57	557.034	102667     
308	510   	5465.26	9405.15	557.034	113206     
309	510   	5966.81	9502.88	557.034	100713     
310	510   	5338.32	7927.6 	557.034	150988     
311	510   	5626.76	21250.5	557.034	645103     
312	510   	5188.38	8792.18	557.034	215760     
313	510   	5128.53	6316.77	557.034	112978     
314	510   	5171.48	7133.1 	557.034	169282     
315	510   	5718.24	17096.9	613.404	405779     
316	510   	6517.88	32159.8	601.521	999964     
317	510   	4666.52	3695.59	601.521	64619      
318	510   	4797.78	6742.18	588.725	174189     
319	510   	5141.69	7311.54	588.725	174189     
320	510   	6130.86	11037.9	588.725	174189     
321	510   	5453.23	10763.8	588.725	174189     
322	510   	5541.75	11331.1	590.238	174189     
323	510   	5326.42	9544.99	590.238	202642     
324	510   	5668.37	11051.2	590.238	218671     
325	510   	5149.94	9915.08	590.238	174189     
326	510   	6219.6 	16158.7	590.238	262158     
327	510   	5146.91	10527.6	589.11 	174189     
328	510   	5923.93	18182.7	563.275	473163     
329	510   	5012.46	6695.57	582.96 	174189     
330	510   	5158.81	9005.05	582.96 	189591     
331	510   	5967.78	19745.7	582.96 	561450     
332	510   	6268.5 	12945.8	582.96 	174189     
333	510   	5779.64	14518.5	601.521	174189     
334	510   	5831.91	12511.1	601.521	174189     
335	510   	5769.75	12212.4	595.816	198568     
336	510   	5603.85	10877.4	595.816	174189     
337	510   	5416.4 	7555.18	595.816	174189     
338	510   	5410.67	9711.23	595.816	174189     
339	510   	5324.16	13138.2	601.521	301034     
340	510   	6135.79	14305.4	605.492	178130     
341	510   	5864.78	11842.5	605.492	217637     
342	510   	5240   	7307.47	599.297	180176     
343	510   	5491.97	5035.46	599.297	35603.5    
344	510   	5150.44	5065.79	605.492	66232.6    
345	510   	6031.81	11774.5	605.492	215537     
346	510   	5654.24	15938.1	605.492	488931     
347	510   	5306.13	10788.3	605.492	308334     
348	510   	5249.44	5766.2 	605.492	113270     
349	510   	5726.68	14863.6	605.492	424098     
350	510   	5578.4 	9081.02	605.492	188720     
351	510   	5058.96	4908.76	605.492	92255.1    
352	510   	5134.72	5469.9 	605.492	134129     
353	510   	5445.74	14528.7	590.068	447464     
354	510   	4940.63	4064.14	590.068	54442.5    
355	510   	5089.48	6617.57	590.068	147701     
356	510   	5037.52	5490.09	590.068	113285     
357	510   	4918.92	5219.18	590.068	80556.7    
358	510   	5032.81	5253.3 	590.068	99111.2    
359	510   	5145.22	5493.73	590.068	58360.5    
360	510   	4915.78	4694.67	590.068	66025      
361	510   	4888.72	5574.31	590.068	133236     
362	510   	5206.99	10022.4	590.068	287642     
363	510   	5119.09	6099.75	590.068	85238.5    
364	510   	4885.86	3423.03	590.068	26848      
365	510   	5000.54	5068.41	590.068	86633.8    
366	510   	5061.09	3610.54	590.068	35281.2    
367	510   	4824.73	7235.08	590.068	141650     
368	510   	5286.03	10896.8	590.068	243116     
369	510   	4982.95	10378.7	590.068	314307     
370	510   	4744.54	3997.09	590.068	83167.7    
371	510   	4421.95	3078.55	582.358	31451.4    
372	510   	4452.98	2797.12	590.068	45731.3    
373	510   	4984.39	8386.97	590.068	228362     
374	510   	4539.87	3330.83	608.074	56564.8    
375	510   	4647.73	4519.46	628.689	76864.8    
376	510   	4938.17	5151.39	628.689	85531.1    
377	510   	5085.84	9864.88	579.451	292929     
378	510   	4654.36	3119.37	628.689	54099.8    
379	510   	6614.25	54900.2	628.689	1.75372e+06
380	510   	6184.74	54867.8	628.689	1.75372e+06
381	510   	5006.59	8532.14	548.142	235339     
382	510   	4274.6 	2521.66	582.483	20824.1    
383	510   	5098.79	5894.88	582.483	112315     
384	510   	5268.46	13870.3	582.483	414994     
385	510   	5168.51	5982.47	588.235	90450      
386	510   	5881.79	8262.32	588.235	78261      
387	510   	4952.81	6411.3 	588.235	77613.2    
388	510   	5656.33	8220.92	588.235	77613.2    
389	510   	5207.48	7160.63	588.235	108687     
390	510   	5500.48	8871.21	588.235	98607.6    
391	510   	5703.78	8186.4 	566.052	77613.2    
392	510   	5311.05	9728.16	566.052	162833     
393	510   	5338.62	7713.36	566.052	96808.2    
394	510   	6116.71	13252.6	588.235	284660     
395	510   	5263.63	8232.36	571.87 	192676     
396	510   	5504.55	12205.9	571.87 	205572     
397	510   	5521.3 	9257.33	571.87 	192676     
398	510   	5495.67	10229.5	571.87 	192676     
399	510   	6582.61	19042.2	571.87 	432608     
400	510   	6972.4 	31468.3	537.529	915751     
401	510   	5999.73	9179.39	537.529	77613.2    
402	510   	5051.27	4131.5 	571.87 	77613.2    
403	510   	5420.79	6848.61	571.87 	104433     
404	510   	4950.82	5295.58	571.87 	77613.2    
405	510   	5446.32	7702.61	571.87 	130578     
406	510   	7067.28	43449.9	571.87 	1.36714e+06
407	510   	6234.62	12067.7	571.87 	184627     
408	510   	6590.3 	11780.2	571.87 	184627     
409	510   	6358.93	10780  	571.87 	184627     
410	510   	6090.86	10207.3	571.87 	171488     
411	510   	6781.88	13899.2	571.87 	292243     
412	510   	5748.14	9595.38	571.87 	142537     
413	510   	6115.34	10887.3	571.87 	182416     
414	510   	6391.55	14743.5	571.87 	313405     
415	510   	7211.62	12833.1	563.824	154876     
416	510   	6403.14	10930.5	685.67 	86079.4    
417	510   	7011.32	11658.4	643.923	105159     
418	510   	6409.6 	10039.2	643.923	92172      
419	510   	7255.52	12874.1	677.496	108835     
420	510   	6830.78	26954  	677.496	817806     
421	510   	8000.02	29774.5	677.496	817806     
422	510   	6795.24	11750.7	677.496	162778     
423	510   	7322.96	14143.6	601.812	116580     
424	510   	5893.04	10240.1	601.812	116580     
425	510   	7004.74	13327.9	601.812	144086     
426	510   	7249.81	16793.3	601.812	311326     
427	510   	6833.42	13680.2	601.812	116580     
428	510   	6841.07	12882.5	583.449	116580     
429	510   	7194.06	14499.1	583.449	142185     
430	510   	7360.24	14335.4	583.449	116580     
431	510   	6862.4 	14399.6	583.449	249714     
432	510   	6947.05	14906.7	581.241	116580     
433	510   	6341.94	12396  	581.241	116580     
434	510   	6603.68	14486  	581.241	205826     
435	510   	7861.72	32930.7	581.241	782750     
436	510   	7267.03	15113.2	581.241	179668     
437	510   	6430.56	13034.9	581.241	230179     
438	510   	6821.02	13483.8	581.241	116580     
439	510   	7013.5 	13785.5	581.241	116580     
440	510   	7038.83	15992  	581.241	289151     
441	510   	6425.01	12724.9	581.241	203944     
442	510   	7555.08	15753.9	581.241	219455     
443	510   	12210.7	147093 	581.241	4.67369e+06
444	510   	6714.7 	14265.4	581.241	269970     
445	510   	8891.65	26574.2	581.241	663847     
446	510   	7546.04	13900.8	581.241	116580     
447	510   	8021.26	24315.8	581.241	618018     
448	510   	6088.81	11061.1	581.241	116580     
449	510   	7810.16	19657  	581.241	422878     
450	510   	10391.9	64561.1	581.241	1.93682e+06
451	510   	7306.77	14485.1	581.241	178341     
452	510   	14585.4	200499 	641.445	6.35049e+06
453	510   	7796.66	15771.8	609.386	265093     
454	510   	6969.16	13874.8	599.004	170832     
455	510   	7515.07	15263.3	599.004	233166     
456	510   	6900.96	12089.8	569.656	116580     
457	510   	7880.61	20423.5	569.656	382544     
458	510   	7433.24	15871.6	569.656	286674     
459	510   	8026.08	17274  	569.656	217251     
460	510   	8276.35	15743.1	569.656	116838     
461	510   	12251.2	90103.2	569.656	2.80976e+06
462	510   	8824.33	25591.7	569.656	646415     
463	510   	7758.24	16938.1	569.656	341654     
464	510   	7103.42	15689.9	569.656	341654     
465	510   	7674.21	18511.4	569.656	415281     
466	510   	7941.66	14225.2	569.656	116580     
467	510   	7603.28	14432.5	569.656	126903     
468	510   	8678.31	20019.5	569.656	285133     
469	510   	8763.83	22553.2	569.656	454347     
470	510   	6505.22	13212.4	569.656	277782     
471	510   	7707.55	13759.9	569.656	116580     
472	510   	8020.42	16193.9	588.526	240037     
473	510   	8262.42	15873  	588.526	261725     
474	510   	5968.24	10778.7	588.526	261725     
475	510   	6980.94	17667.7	588.526	273787     
476	510   	6034.87	14129.7	588.526	337597     
477	510   	7220.95	16638.8	588.526	216290     
478	510   	7871.15	18342.7	588.526	277644     
479	510   	7519.95	17899  	588.526	281555     
480	510   	7075.58	14948.1	588.526	160231     
481	510   	8727.67	27997.2	624.398	569254     
482	510   	14549.1	190764 	624.398	6.07598e+06
483	510   	7500.18	42972  	577.709	1.34634e+06
484	510   	11413.4	76250.2	577.709	1.34634e+06
485	510   	15597.7	111174 	577.709	1.34634e+06
486	510   	24874.2	511878 	577.709	1.62516e+07
487	510   	10475.7	73949.5	624.398	1.34634e+06
488	510   	18972.4	126364 	587.913	1.34634e+06
489	510   	11026.2	62532  	587.913	1.34634e+06
490	510   	9774.12	61504.6	547.115	1.34634e+06
491	510   	8884.32	44734.5	547.115	1.34634e+06
492	510   	7463.44	15633.2	547.115	134402     
493	510   	7719.31	20272.9	547.115	401730     
494	510   	7733.52	19063.2	547.115	401730     
495	510   	8138.96	18285  	547.115	134402     
496	510   	7691.95	13677.3	547.115	134402     
497	510   	6241.37	10510.7	547.115	134402     
498	510   	6833.16	13441.5	547.115	134402     
499	510   	8728.24	18785.7	547.115	134402     
500	510   	6099.18	10446.3	648.818	134402     
Elapsed time: 22661 seconds (6h 17m 41s)
