
gen	nevals	avg    	std    	min    	max        
1  	280   	7232.53	2215.55	4306.04	9000       
2  	280   	7226.15	2215.54	4306.04	9000       
3  	280   	5135.09	1653.72	4281.76	9000       
4  	280   	4608.83	983.592	4257.83	14461.6    
5  	280   	4610.78	1472.63	4234.65	35744      
6  	280   	4445.21	1403.08	4203.15	35744      
7  	280   	4527.88	1981.73	4189.17	35744      
8  	280   	4509.81	1617.33	4189.17	35744      
9  	280   	4846.12	2984.29	4185.84	46808.4    
10 	280   	4401.29	1425.72	4164.25	31448      
11 	280   	4387.21	1447.79	4170.17	31448      
12 	280   	4329.27	706.689	4159.93	16226.2    
13 	280   	4249.03	321.311	4148.57	9186.23    
14 	280   	4344.24	1305.58	4148.57	32404.8    
15 	280   	4249.9 	380.811	4150.73	9186.23    
16 	280   	4217.87	107.431	4145.41	5967.75    
17 	280   	4198.21	95.9611	3149.02	4792.74    
18 	280   	4211.48	225.663	3149.02	9000       
19 	280   	4215.41	408.178	1970.22	11190      
20 	280   	4276.64	960.141	1057.12	12800.9    
21 	280   	4349.18	1500.89	1057.12	18979      
22 	280   	5295.56	15460.2	1057.12	366758     
23 	280   	5329.04	3269.61	1057.12	19394.6    
24 	280   	5836.55	4048.51	1041.99	23499.4    
25 	280   	5611.92	3779.04	1015.79	21546.8    
26 	280   	5247.73	3704.4 	1041.99	21546.8    
27 	280   	4953.32	3810.89	1041.99	30307.3    
28 	280   	5034.78	3391.38	963.751	17838.2    
29 	280   	4789.89	3209.79	963.751	21888.9    
30 	280   	7568.89	60947.9	963.751	1.4459e+06 
31 	280   	4634.27	3291.16	963.751	16280.1    
32 	280   	4872.13	4023.6 	963.751	41059.4    
33 	280   	5227.17	4170.79	963.751	21126      
34 	280   	5297.95	4115.96	962.595	22890.8    
35 	280   	5544.94	4173.8 	855.305	22890.8    
36 	280   	5445.52	4299.65	855.305	22890.8    
37 	280   	5133.51	3966.14	855.305	24015.9    
38 	280   	5235.4 	4022.31	855.305	24015.9    
39 	280   	5433.9 	4293.85	646.359	24015.9    
40 	280   	5259.13	4086.77	646.359	24015.9    
41 	280   	5020.74	4393.18	646.359	28684.8    
42 	280   	5108.22	4338.07	646.359	28684.8    
43 	280   	5209.32	4220.49	498.308	24592.4    
44 	280   	4981.76	4089.33	498.308	26890      
45 	280   	4885.47	4415.42	498.308	24350.4    
46 	280   	4785.12	4113.5 	498.308	25662      
47 	280   	5214.13	5061.45	498.308	32873      
48 	280   	5083.65	4808.42	498.308	33912.6    
49 	280   	5561.88	5189.46	498.308	35983.9    
50 	280   	5497.45	5568.48	498.308	42496.8    
51 	280   	6085.11	6159.6 	498.308	42496.8    
52 	280   	6040.23	6485.69	450.374	42496.8    
53 	280   	6163.34	7115.13	450.374	42496.8    
54 	280   	5170.1 	6000.75	498.308	42496.8    
55 	280   	5857.28	6458.98	312.516	45619.4    
56 	280   	6707.33	7887.92	312.516	42496.8    
57 	280   	7815.03	9315.4 	312.516	44648.7    
58 	280   	6888.73	7796.29	312.516	44567.6    
59 	280   	6524.54	7514.49	312.516	44567.6    
60 	280   	8524.01	10123.6	312.516	53425.8    
61 	280   	9051.7 	10375.3	312.516	53425.8    
62 	280   	8744.93	9880.52	312.516	53425.8    
63 	280   	8650.32	10460.3	312.516	57451.7    
64 	280   	7360.49	8727.5 	312.516	57451.7    
65 	280   	7808.39	9588.58	312.516	57451.7    
66 	280   	8386.78	10870.1	312.516	58434.3    
67 	280   	7331.29	9153.65	312.516	58434.3    
68 	280   	8944.29	11799.6	312.516	58434.3    
69 	280   	7752.98	9485.41	312.516	58434.3    
70 	280   	6716.13	7860.2 	312.516	58434.3    
71 	280   	7322.74	9363.22	312.516	98697.4    
72 	280   	7076.61	11514.1	312.516	170473     
73 	280   	7825.44	13817.4	312.516	170473     
74 	280   	7020.76	11585.2	312.516	170473     
75 	280   	8014.32	15747.7	312.516	170473     
76 	280   	7154.13	12732.3	171.484	170473     
77 	280   	7624.22	13404.3	171.484	170473     
78 	280   	7275.31	11546.8	171.484	170473     
79 	280   	7249.85	11584  	171.484	170473     
80 	280   	5967.83	6855.22	171.484	52394.4    
81 	280   	6124.47	7849.59	171.484	52394.4    
82 	280   	6476.02	8787.99	171.484	63171      
83 	280   	7753.66	10863.9	171.484	52394.4    
84 	280   	6262.18	7020.51	171.484	60670.8    
85 	280   	6765.44	8885.87	188.446	60670.8    
86 	280   	6302.22	8311.03	188.446	60670.8    
87 	280   	6483.83	8209.64	136.37 	60670.8    
88 	280   	6113.71	7170.75	136.37 	52394.4    
89 	280   	5659.51	6012.73	136.37 	52394.4    
90 	280   	5124   	5587.83	136.37 	52394.4    
91 	280   	5312.21	6669.13	136.37 	52394.4    
92 	280   	5206.95	6595.17	136.37 	52394.4    
93 	280   	5105.62	6156.4 	136.37 	52394.4    
94 	280   	5227.67	6113.51	136.37 	52394.4    
95 	280   	5838.07	6892.17	136.37 	52394.4    
96 	280   	4681.06	4982.72	136.37 	52394.4    
97 	280   	5758.23	8148.51	136.37 	81819      
98 	280   	5432.71	7893.49	136.37 	81819      
99 	280   	5023.25	5713.17	136.37 	39624.6    
100	280   	5188.39	6053.13	136.37 	38148      
101	280   	4459.13	4699.88	136.37 	44467      
102	280   	5847.24	6391.43	136.37 	41537.8    
103	280   	5245.18	11357.3	136.37 	247343     
104	280   	8149.94	27502.4	136.37 	247343     
105	280   	6114.77	18413.2	136.37 	247343     
106	280   	7022.52	21367  	136.37 	247343     
107	280   	8243.89	25864.6	136.37 	247343     
108	280   	5433.85	6864.77	136.37 	42486.1    
109	280   	5376.26	6489.27	136.37 	42486.1    
110	280   	5600.19	7043.53	136.37 	42486.1    
111	280   	4692.26	5246.82	136.37 	42486.1    
112	280   	4838.69	5470.18	136.37 	42486.1    
113	280   	4517.78	4697.88	136.37 	35014.9    
114	280   	4529.83	5312.33	136.37 	33128.8    
115	280   	4559.1 	5381.49	136.37 	44608.6    
116	280   	5163.93	6049.09	136.37 	44608.6    
117	280   	5643.01	6361.95	136.37 	45430.8    
118	280   	4667.96	5245.28	136.37 	38501.9    
119	280   	4942.65	5451.73	136.37 	34374.7    
120	280   	5251.29	6703.7 	136.37 	64813      
121	280   	5839.85	6780.49	136.37 	54804      
122	280   	5318.43	5498.83	136.37 	36700.9    
123	280   	5223.91	5665.86	136.37 	40902.8    
124	280   	4702.65	5402.89	136.37 	38597.7    
125	280   	4953.98	5870.18	136.37 	37727.2    
126	280   	5464.48	6393.83	136.37 	82697.9    
127	280   	5791.35	8771.45	136.37 	82697.9    
128	280   	5866.81	7553.11	136.37 	82697.9    
129	280   	6560.86	9210.69	136.37 	82697.9    
130	280   	6046.08	7066.65	136.37 	56584.5    
131	280   	6253.64	7150.58	119.038	64317.7    
132	280   	6042.64	7023.14	119.038	40765.2    
133	280   	6063.34	7055.65	136.37 	39637.3    
134	280   	5102.76	5460.53	136.37 	37722      
135	280   	5250.73	5972.53	136.37 	49294.9    
136	280   	5413.65	6477.13	136.37 	49294.9    
137	280   	4872.29	4891.74	136.37 	31861.6    
138	280   	5109   	6540.8 	136.37 	93827      
139	280   	5458.16	6975.96	136.37 	93827      
140	280   	5274.23	5710.41	136.37 	41886.5    
141	280   	5099.97	4919.67	136.37 	41886.5    
142	280   	4688.03	4952.14	136.37 	37600.2    
143	280   	8067.03	78733.5	136.37 	1.86638e+06
144	280   	8094.05	78842.2	136.37 	1.86638e+06
145	280   	4858.35	5487.64	136.37 	31861.6    
146	280   	4846.22	5473.68	136.37 	31861.6    
147	280   	4758.33	5852.64	136.37 	41614.1    
148	280   	5658.4 	8383.16	136.37 	137652     
149	280   	4449.62	4538.36	136.37 	44644.2    
150	280   	4512.15	4752.5 	136.37 	31861.6    
151	280   	4780.78	5672.81	136.37 	36294      
152	280   	5641.85	6906.38	136.37 	31861.6    
153	280   	5381.06	6295.75	136.37 	40097.7    
154	280   	10223.4	110816 	136.37 	2.62567e+06
155	280   	9111.68	110821 	136.37 	2.62567e+06
156	280   	14121.5	156451 	136.37 	2.62567e+06
157	280   	23170  	220823 	136.37 	2.62567e+06
158	280   	28455.4	246640 	136.37 	2.62567e+06
159	280   	23572.7	220948 	136.37 	2.62567e+06
160	280   	32794.8	270039 	136.37 	2.62567e+06
161	280   	9743.22	111476 	136.37 	2.62567e+06
162	280   	13767.8	156467 	136.37 	2.62567e+06
163	280   	4378.67	6502.62	136.37 	56334.4    
164	280   	4806   	7264.89	136.37 	56334.4    
165	280   	5309.13	7670.38	136.37 	56334.4    
166	280   	4606.47	6204.24	136.37 	56334.4    
167	280   	5282.75	7643.93	136.37 	56334.4    
168	280   	5227.83	7246.27	136.37 	56334.4    
169	280   	5178.76	7987.93	136.37 	56334.4    
170	280   	5489.69	9538.46	136.37 	56334.4    
171	280   	5114.64	7296.44	136.37 	56334.4    
172	280   	5618.35	8765.26	136.37 	56334.4    
173	280   	6784.98	11368.7	136.37 	56334.4    
174	280   	5985.89	10294.9	136.37 	56334.4    
175	280   	5522.63	10588.2	136.37 	158184     
176	280   	5810.88	9426.67	136.37 	56334.4    
177	280   	5147.03	7515   	136.37 	56334.4    
178	280   	5136.55	8763.91	136.37 	113705     
179	280   	4986.48	6329.78	136.37 	56334.4    
180	280   	5251.46	6355.1 	136.37 	56334.4    
181	280   	5108.17	6202.4 	136.37 	56334.4    
182	280   	5283.67	8736.47	136.37 	159428     
183	280   	5144.38	9093.48	136.37 	159428     
184	280   	4512.94	7788.92	136.37 	128822     
185	280   	4803.34	8158.97	136.37 	128822     
186	280   	5589.3 	17105.2	136.37 	372109     
187	280   	3928.97	4224.18	136.37 	56334.4    
188	280   	5101.89	13153.2	136.37 	216942     
189	280   	4842.53	10264.4	136.37 	196580     
190	280   	4030.04	4642.18	136.37 	31700.5    
191	280   	4058.58	4133.75	136.37 	31700.5    
192	280   	4614.58	5001.37	136.37 	33337.4    
193	280   	4631.27	4987.17	136.37 	31700.5    
194	280   	4636.25	5531.53	136.37 	46719.7    
195	280   	4421.58	5446.44	121.902	42829.1    
196	280   	4222.17	4182.13	121.902	31700.5    
197	280   	4512.62	5236.95	121.902	31700.5    
198	280   	4103.61	4304.97	121.902	31700.5    
199	280   	4508.35	5520.69	121.902	34279.6    
200	280   	4433.88	5002.09	136.37 	34279.6    
201	280   	5307.72	13588.5	136.37 	298022     
202	280   	4739.34	5673.32	136.37 	35883.9    
203	280   	4247.07	4436.86	136.37 	31700.5    
204	280   	4978.92	20995.2	136.37 	488272     
205	280   	4203.14	4379.24	136.37 	31496.8    
206	280   	4452.6 	6082.09	136.37 	97049.5    
207	280   	4017.38	4398.11	136.37 	44353.9    
208	280   	4110.26	5621.59	136.37 	88164.4    
209	280   	4493.06	15456.3	136.37 	351489     
210	280   	4073.05	4402.53	136.37 	29283.8    
211	280   	3891.1 	4450.69	136.37 	29283.8    
212	280   	3854.73	4475.97	136.37 	43845.3    
213	280   	4078.29	5009.44	122.096	43845.3    
214	280   	3762.38	4527.24	122.096	28820.3    
215	280   	4351.98	6055.48	122.096	38418.7    
216	280   	3999.75	4243.08	122.096	38418.7    
217	280   	4109.7 	4383.1 	122.096	31422.4    
218	280   	4330.94	12184.6	122.096	276454     
219	280   	3963.25	4545.01	122.096	28820.3    
220	280   	3652   	3435.19	122.096	28820.3    
221	280   	3760.37	3745.98	122.096	28820.3    
222	280   	3743.58	3539.94	122.096	36407.4    
223	280   	3750.56	4014.1 	122.096	42871.6    
224	280   	3958.44	5174.8 	112.721	46836.3    
225	280   	3761.45	4292.01	112.721	53313.8    
226	280   	3481.22	3681.17	112.721	42871.6    
227	280   	3708.18	4391.65	111.386	55904.7    
228	280   	3944.4 	7401.77	111.386	151195     
229	280   	3396.9 	3417.94	111.386	28820.3    
230	280   	3386.63	2805.21	111.386	21366      
231	280   	3434.81	3412.36	111.386	33214.6    
232	280   	3538.04	5308.47	111.386	102932     
233	280   	3636.6 	5349.12	111.386	102932     
234	280   	3503.34	5362.82	111.386	102932     
235	280   	3692.91	5733.96	111.386	100591     
236	280   	3456.92	3502.46	111.386	28442.1    
237	280   	3364.9 	3367.95	111.386	25456.3    
238	280   	3455.15	3066.09	111.386	23252.2    
239	280   	3233.78	2671.37	111.386	25529.3    
240	280   	3456.72	5175.22	111.386	96557.4    
241	280   	3461.93	5116.6 	111.386	96557.4    
242	280   	3276.67	3336.99	111.386	26230.9    
243	280   	3335.3 	4062.78	111.386	49568.8    
244	280   	3100.93	3847.98	111.386	49568.8    
245	280   	3713.13	5005.97	111.386	49568.8    
246	280   	4032.99	8649.8 	111.386	169035     
247	280   	3523.49	3938.78	111.386	33615.2    
248	280   	3645.55	4130.67	111.386	33615.2    
249	280   	4043.37	6667.74	111.386	111634     
250	280   	4433.87	5730.32	111.386	34366.5    
251	280   	4647.2 	8124.41	111.386	124710     
252	280   	4273.34	4511.62	111.386	34356.4    
253	280   	3867.28	3993.16	111.386	32304      
254	280   	3911.98	4315.2 	111.386	31344.4    
255	280   	3477.14	3392.78	111.386	30008      
256	280   	3337.37	2874.99	111.386	27301      
257	280   	3620.71	3619.73	111.386	30311.5    
258	280   	3698.01	4528.95	111.386	69224.8    
259	280   	3356.49	5175.88	111.386	69224.8    
260	280   	3566.59	4128.58	111.386	69224.8    
261	280   	3450.9 	3936.86	111.386	42529.8    
262	280   	3288.09	3740.07	111.386	53884.7    
263	280   	3473.73	4108.87	111.386	29620.3    
264	280   	3755.9 	3696.12	111.386	23543.8    
265	280   	3385.93	3416.05	111.386	28381.8    
266	280   	3264.86	3472.12	111.386	28438.5    
267	280   	3678.28	3912.72	111.386	30391.3    
268	280   	3628.17	3839.78	111.386	28528.1    
269	280   	3514.17	3442.64	111.386	27412.1    
270	280   	3577.77	4153.15	111.386	37604.1    
271	280   	3666.64	3756.97	111.386	30351.6    
272	280   	3911.16	4755.71	111.386	30351.6    
273	280   	3813.64	4924.39	111.386	31352.2    
274	280   	3998.47	3722.33	111.386	25352.2    
275	280   	3442.48	3368.98	111.386	23406.2    
276	280   	3834.9 	4145.18	111.386	36346.3    
277	280   	3487.33	3921.24	111.386	36346.3    
278	280   	3433.64	4243.86	111.386	40034      
279	280   	3474.89	3251.28	111.386	27007.7    
280	280   	3237.81	2939.22	111.386	26446.1    
281	280   	3401.9 	3639.51	111.386	31333.5    
282	280   	3689.36	3401.06	111.386	29532.3    
283	280   	3662.64	3281.74	111.386	22256.5    
284	280   	3705.56	3873.45	111.386	29547.8    
285	280   	3820.5 	8848.57	111.386	198859     
286	280   	3541.13	3520.25	111.386	34335.7    
287	280   	3550.16	4194.26	111.386	49477.8    
288	280   	3722.99	3893.24	111.386	46251.4    
289	280   	3403.6 	3017.56	111.386	30644.6    
290	280   	3666.54	4287.52	111.386	57333.9    
291	280   	3570.29	4655.77	111.386	57333.9    
292	280   	3542   	4579.8 	111.386	50331.6    
293	280   	3846.8 	8785.25	111.386	182700     
294	280   	3799.09	3780.97	111.386	37428.4    
295	280   	3415.91	3527.27	111.386	26332.8    
296	280   	3526.37	3595.64	111.386	34553.1    
297	280   	3380.68	3608.06	111.386	28963.4    
298	280   	3461.8 	4690.48	111.386	71748.9    
299	280   	3314.8 	3427.43	111.386	33043      
300	280   	3447.71	3266.1 	111.386	33043      
301	280   	3489.67	3408.9 	111.386	33043      
302	280   	3611.18	4125.01	111.386	33043      
303	280   	3711.99	4596.86	111.386	33043      
304	280   	3802.95	9820.14	111.386	216833     
305	280   	3022.26	3404.8 	111.386	29566.9    
306	280   	3435.44	4028.92	111.386	49775.1    
307	280   	3622.78	3680.11	111.386	30267.3    
308	280   	3708.88	5704.87	111.386	100185     
309	280   	3383.05	3254.68	111.386	22933.7    
310	280   	3274.52	3002.89	111.386	24746.1    
311	280   	3485.72	3436.92	111.386	22933.7    
312	280   	3690.69	4201.36	111.386	30096.4    
313	280   	4037.34	16900.4	111.386	392959     
314	280   	3944.43	5103.11	111.386	44374.2    
315	280   	3716.31	4215.6 	111.386	41830.1    
316	280   	3459.64	4485.35	111.386	62860.2    
317	280   	3570.23	4355.34	111.386	30336      
318	280   	3902.72	4484.79	111.386	36947.1    
319	280   	3360.59	3664.84	111.386	34397.1    
320	280   	3174.32	2750.65	111.386	24406.5    
321	280   	3501.88	9628.62	111.386	220945     
322	280   	3164.61	3488.11	111.386	28481.9    
323	280   	3287.79	2850.92	111.386	22447.4    
324	280   	3251.79	3275.08	111.386	34399.8    
325	280   	3665.82	3128.94	111.386	19467.4    
326	280   	3571.9 	3320.26	111.386	24544.1    
327	280   	3864.97	3998.91	111.386	29373.4    
328	280   	3719.41	3509.79	111.386	24544.1    
329	280   	3519.19	3906.71	111.386	37028.5    
330	280   	3202.23	2970.81	111.386	22364.1    
331	280   	5774.92	59208.9	111.386	1.40278e+06
332	280   	5738.32	59178.7	111.386	1.40278e+06
333	280   	3389.79	3557.31	111.386	27453.5    
334	280   	3204.13	3471.27	111.386	25243      
335	280   	3041.3 	3069.52	111.386	22898      
336	280   	3342.35	7795.11	111.386	164350     
337	280   	3417.8 	7477.69	111.386	164350     
338	280   	3112.18	2861.26	111.386	24331.3    
339	280   	3456.29	7537.87	111.386	166434     
340	280   	3118.02	3663.98	111.386	44413.7    
341	280   	2925.47	3472.28	111.386	29379.7    
342	280   	3013.5 	2747.43	111.386	23453.3    
343	280   	3202.36	2659.5 	111.386	21233.3    
344	280   	3365.65	3030.44	111.386	25235.6    
345	280   	3502.26	3450.7 	111.386	32164.6    
346	280   	3625.27	3503.87	111.386	31504.4    
347	280   	3710.45	7019.16	111.386	137942     
348	280   	3420.61	3566.39	111.386	32588.2    
349	280   	3305.61	3291.19	111.386	23341.4    
350	280   	3359.42	3405.71	111.386	28248.4    
351	280   	3903.61	5927.19	109.035	79895      
352	280   	3708.87	3957.6 	111.386	35427.9    
353	280   	3660.82	3900.15	111.386	28248.4    
354	280   	3583.19	4007.73	111.386	45429.1    
355	280   	4253.49	12577.1	111.386	288199     
356	280   	3616.93	4687.65	111.386	44190.4    
357	280   	3551.41	3624.36	111.386	30466.1    
358	280   	3456   	3402.81	111.386	30466.1    
359	280   	3504.61	3318.43	111.386	28248.4    
360	280   	3751.43	3875.82	111.386	28248.4    
361	280   	3472.94	3837.68	111.386	31531.7    
362	280   	3771.39	4240.16	111.386	28626.2    
363	280   	3595.81	3709.48	110.888	28626.2    
364	280   	3402.67	3378.45	111.386	28626.2    
365	280   	3645.83	5154.2 	111.386	100033     
366	280   	3992.89	7377.99	111.386	100033     
367	280   	3654.89	4527.12	111.386	79878      
368	280   	3567.23	4748.14	111.386	77988.9    
369	280   	3552.85	4679.22	111.386	77988.9    
370	280   	3565.1 	3478.72	111.386	30572.5    
371	280   	3317.54	3983.98	111.386	51951.8    
372	280   	4525.07	29584.7	111.386	698711     
373	280   	3671.62	4796.14	111.386	51951.8    
374	280   	3835.36	5835.81	111.386	51951.8    
375	280   	3751.95	5287.58	111.386	51951.8    
376	280   	3532.49	4016.43	111.386	51951.8    
377	280   	3866.25	5202.88	111.386	51951.8    
378	280   	3872.73	6377.16	111.386	51951.8    
379	280   	4410.66	8464.33	111.386	51951.8    
380	280   	5467.65	10786.4	111.386	51951.8    
381	280   	4375.46	7745.76	111.386	51951.8    
382	280   	5375.71	10251  	111.386	51951.8    
383	280   	4660.07	9267.82	111.386	120467     
384	280   	4266.89	7797.37	111.386	120467     
385	280   	4719.46	8533.67	111.386	51951.8    
386	280   	3935.69	5798.8 	111.386	51951.8    
387	280   	3789.09	5101.66	111.386	51951.8    
388	280   	3951.97	5851.52	111.386	51951.8    
389	280   	4499.95	7654.35	111.386	51951.8    
390	280   	4877.15	8363.06	111.386	51951.8    
391	280   	4594.34	7892.63	111.386	51951.8    
392	280   	4704.08	8485.46	111.386	54699.4    
393	280   	4925.08	9090.96	111.386	95081.9    
394	280   	5282.06	14762.6	111.386	269436     
395	280   	5252.19	14355.8	111.386	269436     
396	280   	4642.32	13070.3	111.386	269436     
397	280   	3877.82	6109.66	111.386	51951.8    
398	280   	3853.61	5762.03	111.386	51951.8    
399	280   	4300.69	8225.02	111.386	90038.7    
400	280   	4156.98	7583.5 	111.386	51951.8    
401	280   	3732.37	5757.93	111.386	51951.8    
402	280   	3677.56	5632.66	111.386	51951.8    
403	280   	3624.43	6272.71	111.386	51951.8    
404	280   	3647.34	5547.49	111.386	51951.8    
405	280   	3537.36	6131.5 	111.386	51951.8    
406	280   	4603.61	8849.03	111.386	51951.8    
407	280   	3612.98	4715.69	111.386	51951.8    
408	280   	3453.2 	5438.33	111.386	51951.8    
409	280   	3691.48	6030.49	108.86 	51951.8    
410	280   	3436.12	4714.59	108.86 	51951.8    
411	280   	3943.99	6442.61	108.86 	51951.8    
412	280   	4515.39	8529.81	108.86 	51951.8    
413	280   	3803.78	7233.65	108.86 	63488.9    
414	280   	4506.66	8523.64	108.86 	51951.8    
415	280   	3765.52	5365.25	108.86 	51951.8    
416	280   	4324.61	6428.23	108.86 	51951.8    
417	280   	3915.27	6160.51	108.86 	65717.7    
418	280   	4265.43	8139.37	108.86 	116572     
419	280   	5426.1 	11244.3	108.86 	116572     
420	280   	5009.24	11325.2	108.86 	116572     
421	280   	4591.14	10419.7	108.86 	116572     
422	280   	4381.57	7914.44	108.86 	65717.7    
423	280   	4975.87	8969.17	108.86 	65717.7    
424	280   	3926.57	6460.94	108.86 	65717.7    
425	280   	4085.02	6624.04	108.86 	65717.7    
426	280   	5186.17	8661.9 	108.86 	65717.7    
427	280   	3977.42	5684.93	108.86 	51951.8    
428	280   	4064.08	6750.74	108.86 	51951.8    
429	280   	4029.43	5721.98	108.86 	51951.8    
430	280   	4301.08	6211.49	108.86 	51951.8    
431	280   	4156.65	5550.31	108.86 	51951.8    
432	280   	4340.96	6651.65	108.86 	51951.8    
433	280   	4065.22	7567.13	108.86 	51951.8    
434	280   	3730.26	5166.54	108.86 	51951.8    
435	280   	3962.39	6106.33	108.86 	51951.8    
436	280   	4044.95	7156.74	108.86 	51951.8    
437	280   	4459.64	7357.92	108.86 	51951.8    
438	280   	4129.74	5358.42	108.86 	51951.8    
439	280   	4104.14	5425.04	108.86 	51951.8    
440	280   	4955   	7787.93	108.86 	51951.8    
441	280   	4474.7 	6018.77	108.86 	51951.8    
442	280   	4143.15	6449.54	108.86 	51951.8    
443	280   	4033.8 	5268.68	108.86 	51951.8    
444	280   	4440.1 	6834.38	108.86 	51951.8    
445	280   	3876.24	4795.26	108.86 	51951.8    
446	280   	3867.1 	4261.24	108.86 	51951.8    
447	280   	3415.21	3999.96	108.86 	51951.8    
448	280   	3060.9 	3488.67	108.86 	51951.8    
449	280   	3711.9 	4536.13	108.86 	51951.8    
450	280   	3716.22	5742.71	108.86 	51951.8    
451	280   	5223.23	29205.5	108.86 	677285     
452	280   	6044.3 	29607.1	108.86 	677285     
453	280   	4701.45	10754.4	108.86 	182431     
454	280   	3789.43	6840.77	108.86 	99981.3    
455	280   	4575.22	12308.5	108.86 	242662     
456	280   	4843.14	9560.85	108.86 	99981.3    
457	280   	4897.49	8984.58	108.86 	51951.8    
458	280   	3872.4 	5621.62	108.86 	51951.8    
459	280   	3674.12	5033.02	108.86 	51951.8    
460	280   	3823.49	5259.44	108.86 	51951.8    
461	280   	3938.93	6315.57	108.86 	51951.8    
462	280   	4196.86	7609.2 	108.86 	110345     
463	280   	4043.21	6030.52	108.86 	51951.8    
464	280   	3896.83	5545.05	108.86 	51951.8    
465	280   	4668.07	9312.73	108.86 	158924     
466	280   	4774.37	9790.06	108.86 	158924     
467	280   	4734.03	10064.3	108.86 	163128     
468	280   	4274.7 	6421.09	108.86 	51951.8    
469	280   	4938.41	8241   	108.86 	51951.8    
470	280   	4276.65	7327.38	108.86 	51951.8    
471	280   	4257.73	7088.33	108.86 	51951.8    
472	280   	3569.88	4503.71	108.86 	51951.8    
473	280   	3692.26	5040.29	108.86 	51951.8    
474	280   	3684.03	5078.13	108.86 	51951.8    
475	280   	3518.83	5074.99	108.86 	51951.8    
476	280   	3893.57	6397.3 	108.86 	51951.8    
477	280   	3639.81	5468.57	108.86 	51951.8    
478	280   	3958.24	6859.43	108.86 	51951.8    
479	280   	4020.84	6581.27	108.86 	51951.8    
480	280   	3809.76	6552.14	108.86 	51951.8    
481	280   	3668.33	5752.85	108.86 	51951.8    
482	280   	4102.72	7779.31	108.86 	86890.5    
483	280   	4694.36	9128.45	108.86 	86890.5    
484	280   	5485.28	11303  	108.86 	88895.7    
485	280   	4150.85	8551.87	108.86 	99215.2    
486	280   	4440.04	8957.21	108.86 	99215.2    
487	280   	3968.54	8675.44	102.111	116104     
488	280   	4136.16	6879.47	102.111	51951.8    
489	280   	4265.32	7793.01	102.111	51951.8    
490	280   	5078.58	10305.8	102.111	78589.3    
491	280   	4174.68	13261.5	102.111	282801     
492	280   	4034.99	7608.82	102.111	51951.8    
493	280   	3873.24	6817.09	102.111	51951.8    
494	280   	5167.44	10296.5	102.111	78569      
495	280   	4539.82	11500.2	102.111	199845     
496	280   	4321.72	7706.79	102.111	51951.8    
497	280   	3828.66	5583.87	102.111	51951.8    
498	280   	3792.36	6138.06	102.111	51951.8    
499	280   	3900.52	6582.39	102.111	51951.8    
500	280   	4018.24	6676.1 	102.111	51951.8    
Time elapsed: 42502 seconds.


Batch Job Summary Report (version 21.01.1) for Job "bpopt" (48735652) on daint

Job information (1/2)
-----------------------------------------------------------------------------------------------------
             Submit            Eligible               Start                 End    Elapsed Time limit
------------------- ------------------- ------------------- ------------------- ---------- ----------
2023-09-04T13:22:15 2023-09-04T13:22:15 2023-09-04T13:22:39 2023-09-05T01:13:20   11:50:41   23:59:00
-----------------------------------------------------------------------------------------------------

Job information (2/2)
-------------------------------------------------------------
    Username      Account    Partition   NNodes        Energy
------------ ------------ ------------ -------- -------------
    bp000145       ich030       normal        8  45054.905 kJ

