
gen	nevals	avg    	std    	min    	max    
1  	280   	6876.28	1599.48	4836.39	8250   
2  	280   	6879.64	1597.6 	4836.39	8250   
3  	280   	5413.75	1337.78	4796.42	24558.1
4  	280   	5267.71	2438.51	4796.42	48939.3
5  	280   	5155.4 	2020.61	4754.07	48939.3
6  	280   	5089.68	2047.63	4670.2 	48939.3
7  	280   	5038.49	973.689	4662.49	18005.9
8  	280   	5127.38	1774.1 	4577.93	31418.4
9  	280   	5104.58	2171.36	3474.32	34107.6
10 	280   	4842.64	1031.77	3451.01	18005.9
11 	280   	4824.53	2134.41	4031.21	54219.8
12 	280   	4813.57	1678.69	3275.35	30302.8
13 	280   	5178.01	3587.08	2317.62	38614.1
14 	280   	5953.55	5819.48	1293.97	38752  
15 	280   	7919.95	9354.11	776.891	47659.6
16 	280   	10235.8	11348.8	776.891	44791.5
17 	280   	12695.6	13075.2	776.891	44791.5
18 	280   	10365.5	11721.1	698.419	47076.5
19 	280   	9234.21	11044.5	698.419	47610.7
20 	280   	10608  	11904.1	698.419	44731.7
21 	280   	10413.4	11946.6	776.891	51020.9
22 	280   	10150.7	11064.1	515.232	46857.6
23 	280   	9078.76	9816.06	515.232	54990.1
24 	280   	8093.86	8897.61	515.232	47736  
25 	280   	9341.58	10145.2	515.232	49741.5
26 	280   	10212.7	10635.9	486.094	46394.5
27 	280   	9495.16	10458.2	486.094	48602.3
28 	280   	9201.95	9936.33	486.094	45720.5
29 	280   	9760.58	10201.9	486.094	58741.2
30 	280   	9897.72	10041.1	466.646	50979.4
31 	280   	9055.13	9661.16	466.646	45402.5
32 	280   	9328.68	11602  	461.875	144179 
33 	280   	9800.52	10594.3	466.646	51607.9
34 	280   	8838.85	10008.1	466.646	47833.1
35 	280   	8138.96	9194.74	434.111	45330.6
36 	280   	10246.8	11046.5	434.111	53633.3
37 	280   	10183.7	11509.3	434.111	53433.9
38 	280   	9296.59	10891.9	434.111	53433.9
39 	280   	8166.6 	10470.4	434.111	53433.9
40 	280   	9235.36	11333.1	434.111	53433.9
41 	280   	9307.99	11290.1	434.111	53567.8
42 	280   	9449.88	11827.3	434.111	61904.9
43 	280   	8609.79	11316.3	434.111	66484.7
44 	280   	8652.73	10669.1	434.111	53433.9
45 	280   	9994.1 	12638.3	434.111	76030.8
46 	280   	9519.36	11133  	402.106	53433.9
47 	280   	9113.49	11042.9	402.106	53433.9
48 	280   	9586.04	11735.4	402.106	63747.4
49 	280   	10439.4	11250  	398.253	51444.1
50 	280   	10340.9	12048.6	398.253	51444.1
51 	280   	8389.87	10201.8	398.253	56660.6
52 	280   	8639.22	11034.4	398.253	98628  
53 	280   	9213.88	10758.2	398.253	60644.8
54 	280   	7958.17	10073.2	398.253	60613.2
55 	280   	9425.35	11323.4	398.253	57523.7
56 	280   	7400.17	9671.21	398.253	60956.5
57 	280   	8813.88	10787.9	398.253	51343.2
58 	280   	8285.51	11618.9	398.253	120446 
59 	280   	8535.01	10683.7	398.253	46281.6
60 	280   	8137.02	10748.1	349.302	81368.9
61 	280   	8284.41	10965.3	349.302	81528.6
62 	280   	8997.2 	11492.6	349.302	50568.3
63 	280   	7861.43	10614.1	349.302	64706.3
64 	280   	8450.23	10691.1	349.302	84359.6
65 	280   	8747.98	11552.9	349.302	71073.4
66 	280   	7441.08	10404.4	349.302	54517.4
67 	280   	8861.35	10796.9	349.302	53535  
68 	280   	7895.35	10779.8	349.302	53434.9
69 	280   	9332.72	11894.6	349.302	61580.1
70 	280   	8735.47	11544.7	349.302	49323.3
71 	280   	9334.42	12231.8	349.302	81412.2
72 	280   	8768.5 	12032.7	349.302	106649 
73 	280   	8169.12	10594.2	349.302	79968.1
74 	280   	8436.49	10820.7	349.302	79968.1
75 	280   	8556.98	11410.9	349.302	93558.4
76 	280   	8237.21	11802.2	349.302	99598.6
77 	280   	8168.85	10992.7	349.302	99598.6
78 	280   	9278.63	11564.7	349.302	60031.6
79 	280   	7146.65	9475.23	349.302	48237.1
80 	280   	7577.57	10037.3	349.302	47806.7
81 	280   	7079.42	8743.54	349.302	47141.5
82 	280   	7585.19	9532.64	349.302	50328.6
83 	280   	7214.93	9204.19	349.302	64822.4
84 	280   	7874.75	9996.88	349.302	50577.3
85 	280   	7356.22	10134.6	349.302	51596.9
86 	280   	6870.13	9508.6 	349.302	54353.3
87 	280   	7067.85	9782.29	349.302	54353.3
88 	280   	8199.46	10079.4	349.302	68458  
89 	280   	8361.47	10751.5	349.302	81295.4
90 	280   	6842.84	9097.65	349.302	51477.6
91 	280   	7042.38	9658.41	349.302	74211.1
92 	280   	6945.34	8876.39	349.302	48257.7
93 	280   	7797.54	9621.86	349.302	70136  
94 	280   	6756.45	8957.62	349.302	48351.4
95 	280   	6792.57	8656.78	349.302	45364.7
96 	280   	6969.5 	8746.31	349.302	42372  
97 	280   	6854.5 	9096.5 	349.302	62190.2
98 	280   	6860.75	9215.32	349.302	55442.4
99 	280   	6903.73	8738.03	398.253	45269.4
100	280   	6248.65	9563.88	398.253	83113.1
101	280   	7355.85	9645.45	398.253	55770.8
102	280   	7440.84	9531.96	398.253	60913.6
103	280   	6541.97	9614.85	398.253	87313.9
104	280   	6914.4 	9292.17	398.253	52828.7
105	280   	7373.44	10032.3	398.253	89286.4
106	280   	6739.85	9370.35	398.253	77064.6
107	280   	6761.81	9774.44	398.253	103902 
108	280   	7284.55	9773.31	398.253	53819.5
109	280   	6596.59	9204.61	374.393	60892.4
110	280   	7462.09	9685.08	380.424	59642.8
111	280   	7039.72	9368.71	380.424	79200.8
112	280   	7111.41	9546.4 	380.424	44433.7
113	280   	6029.67	8849.35	380.424	51701.3
114	280   	7051.21	9487.8 	380.424	60870.4
115	280   	6681.88	9612.19	380.424	49512.2
116	280   	6917.65	9503.5 	380.424	43392.9
117	280   	7232.17	10470.9	380.424	57484.5
118	280   	7180.3 	9776.15	380.424	44434  
119	280   	7712.37	10454.2	380.424	71309.3
120	280   	7042.38	11760.4	358.493	134521 
121	280   	6691.15	9178.28	358.493	56726.7
122	280   	7517.56	10098.4	358.493	81207.5
123	280   	7404.67	9626.52	358.493	46240.8
124	280   	7623.22	10589.5	358.493	88301.2
125	280   	7787.26	10500  	358.493	63688.9
126	280   	7167.56	10096.7	358.493	88045.4
127	280   	6972   	9178.82	358.493	54575.7
128	280   	6614.33	10276.8	358.493	72969.9
129	280   	6007.26	9423.37	358.493	58594  
130	280   	6750.6 	9655.39	358.493	52634.9
131	280   	7323.5 	10445.9	358.493	63782.5
132	280   	6393.45	9878.91	358.493	89370.2
133	280   	6844.84	10016.1	358.493	64897.3
134	280   	6030.02	9109.27	358.493	54984.6
135	280   	7777.44	10717.3	358.493	70121.1
136	280   	7063.44	10188.7	358.493	68903  
137	280   	8613.95	11603.6	358.493	68903  
138	280   	7830.72	10122.6	358.493	46205.7
139	280   	7905.26	10450.1	358.493	52443.5
140	280   	8501.11	11539.3	358.493	64896.1
141	280   	7334.42	10410  	358.493	52387.7
142	280   	8627.43	11826.5	358.493	73943.3
143	280   	8831.65	12881.2	358.493	73943.3
144	280   	9503.57	13103.9	358.493	89318.8
145	280   	8565.31	11781.3	358.493	66888.5
146	280   	7941.55	11324.6	289.799	66888.5
147	280   	8163.64	10829.5	289.799	48402.9
148	280   	6782.17	10239.3	289.799	63833  
149	280   	6440.64	9680.36	289.799	47598.3
150	280   	7023.53	9908.52	289.799	48827.9
151	280   	6455.05	9496.82	289.799	51358.2
152	280   	7109.7 	10577.9	289.799	83050.5
153	280   	7373.84	10400.5	289.799	52524.1
154	280   	7620.41	11586.4	289.799	128476 
155	280   	7773.29	14621.3	289.799	254364 
156	280   	6521.03	9596.01	289.799	63887.3
157	280   	6400.2 	10412.7	289.799	98593.2
158	280   	6974.28	9918.53	238.26 	55624.6
159	280   	7445.42	10260.7	238.26 	55595.3
160	280   	7078.76	10103  	238.26 	53616.4
161	280   	7117.1 	10599.5	191.906	85339.6
162	280   	5166.25	7553.89	191.906	46507.3
163	280   	6422.62	10700.4	191.906	142505 
164	280   	7267.38	11069.8	191.906	91489.5
165	280   	5844.48	9602.1 	191.906	78603.2
166	280   	7140.05	11076.7	191.906	58711.3
167	280   	6721.58	10389.2	191.906	58044.9
168	280   	6815.99	12046.8	191.906	145728 
169	280   	7401.75	12717.3	191.906	145728 
170	280   	6679.33	10876.9	191.906	104747 
171	280   	6515.09	9991.35	191.906	75131.2
172	280   	5658.8 	9807.81	191.906	108815 
173	280   	5748.12	9798.49	191.906	83138.8
174	280   	4732.57	7321.96	191.906	67645.7
175	280   	5036.16	8489.34	181.74 	67645.7
176	280   	5508.7 	8592.14	181.74 	63805.2
177	280   	5148.56	8619.55	181.74 	69992.9
178	280   	5319.64	9659.22	181.74 	129868 
179	280   	4280.93	6573.43	181.74 	53583.9
180	280   	4512.4 	7885.5 	181.74 	75021.9
181	280   	6039.46	10786  	181.74 	135437 
182	280   	5362.06	8898.43	181.74 	59710.6
183	280   	4912.26	7326.79	181.74 	57619.7
184	280   	4166.26	7196.26	181.74 	69899.4
185	280   	4657.57	8503.05	181.74 	63798.5
186	280   	4498.79	7637.35	181.74 	60593.7
187	280   	4299.9 	6810.52	181.74 	42183.4
188	280   	4239.14	7578.62	181.74 	74053.3
189	280   	4886.83	8064.18	181.74 	48525.5
190	280   	4874.16	8188.99	170.677	66113.7
191	280   	4590.49	8314.42	170.677	97522.1
192	280   	4680.21	7891.44	181.74 	62566.8
193	280   	4584.45	8582.66	181.74 	91444.6
194	280   	3421.27	5369.4 	181.74 	59693.7
195	280   	3934.28	6633.12	181.74 	54630.1
196	280   	4037.64	8522.9 	181.74 	139617 
197	280   	3991.91	7399.48	181.74 	88296.2
198	280   	4583.37	7712.87	181.74 	47267.7
199	280   	4606.7 	7763.93	181.74 	66044.9
200	280   	4347.53	7368.76	172.863	55959  
201	280   	4774.88	10352.3	172.863	151437 
202	280   	4963.25	8933.37	172.863	67013.5
203	280   	3592.45	5789.24	172.863	41295.3
204	280   	3748.82	6500.89	172.863	55600.8
205	280   	5363.4 	18305  	172.863	388179 
206	280   	3943.81	6928.82	172.863	62737.2
207	280   	5255.79	9596.66	172.863	52712.7
208	280   	4663.14	8241.63	172.863	55013.1
209	280   	4174.54	7832.76	163.422	90489.7
210	280   	4495.29	8443.26	163.422	98313.9
211	280   	4331.69	7575   	163.422	46402.4
212	280   	4499.01	7612.37	163.422	51468.4
213	280   	4698.02	9225.64	163.422	78096.2
214	280   	4333.43	7827.09	163.422	78096.2
215	280   	4093.16	7018.59	172.863	50533.6
216	280   	3891.83	7070.3 	172.863	62808.3
217	280   	3652.55	6292.44	172.863	53596.2
218	280   	4187.32	8415.16	172.863	96775  
219	280   	4339.6 	8166.9 	172.863	66793.9
220	280   	3705.22	6484.11	172.863	55628.7
221	280   	4379.7 	8042.51	172.863	67738.8
222	280   	4321.52	7601.87	172.863	42395  
223	280   	3956.3 	6876.16	172.863	52340.8
224	280   	3767.9 	6231.95	172.863	44054.9
225	280   	4803.07	8803.27	172.863	74213.3
226	280   	4566.27	8089.49	172.863	58604.2
227	280   	4401.57	8462.79	172.863	75035.2
228	280   	4701.55	9212.49	172.863	125259 
229	280   	4373.92	7715.13	172.863	55690.2
230	280   	4621.34	8299.17	172.863	81315.9
231	280   	4794.16	7410.49	172.863	52527.3
232	280   	4878.55	8507.05	172.863	67815.6
233	280   	4896.28	8569.54	172.725	60771.1
234	280   	4871.63	8948.34	172.725	97632.3
235	280   	4973.32	8426.79	172.725	68835.8
236	280   	5655.86	11489.6	172.725	101888 
237	280   	5732.59	9660.1 	170.393	77206  
238	280   	4596.72	7981.46	170.393	66820.7
239	280   	5069.68	9295.98	170.393	71909.8
240	280   	5501.42	9444.21	170.393	56558.7
241	280   	6246.5 	11200.5	170.393	81166.7
242	280   	5121.59	9143.01	170.393	50438.6
243	280   	4537.26	8740.44	170.393	73069.2
244	280   	4917.45	10156.1	170.393	121213 
245	280   	5872.33	9999.71	170.393	61611.8
246	280   	5152.9 	8950.81	170.393	46410.1
247	280   	6268.35	10461.2	170.393	81234.2
248	280   	5724.25	10660.8	168.835	103808 
249	280   	5602.91	8952.37	168.835	58757.5
250	280   	7046.6 	11399  	168.835	72848.2
251	280   	6455.72	10455.2	168.835	74027.5
252	280   	5525.82	9813.19	168.835	71181.4
253	280   	6025.59	10072.3	168.835	62641.1
254	280   	6544.65	10266.7	168.835	44246.9
255	280   	6005.41	9708.96	168.835	44209.7
256	280   	7352.24	11554.3	168.835	64936.9
257	280   	6628.46	11096.5	168.835	71414.3
258	280   	6547.1 	11160.2	168.835	82190.8
259	280   	6924.17	11717.6	168.835	75021.7
260	280   	6286.72	10752.5	168.835	75021.7
261	280   	5878.44	11320.7	168.835	89347.5
262	280   	5638.7 	11291.2	168.835	96582.7
263	280   	5584.83	9772.61	168.835	72125.4
264	280   	5649.25	9977.38	168.835	71910.1
265	280   	6835.1 	12130.9	168.835	80039.5
266	280   	6620.63	11708.2	168.835	86317.4
267	280   	6601.98	11812.9	168.835	78900.2
268	280   	5620.63	10225.2	168.835	65937.7
269	280   	4799.87	8443.44	168.835	56541.7
270	280   	4660.59	8910.56	168.835	73020  
271	280   	4692.45	8666.83	168.835	56567.1
272	280   	5418.2 	10539.4	168.835	77399.8
273	280   	6802.71	11801.7	168.835	56567.1
274	280   	5739.34	11107.7	168.835	102535 
275	280   	6155.83	11148.7	168.835	82101.6
276	280   	6384.38	11235.9	168.835	56750.6
277	280   	5246.99	9836.27	168.835	77394.8
278	280   	6496.78	11288.1	168.835	68007.9
279	280   	5804.82	10473  	168.835	79297.8
280	280   	4163.66	7371.59	168.835	62745  
281	280   	5016.3 	8883.84	168.835	59859.7
282	280   	4961.59	8899.94	168.835	55696.4
283	280   	5278.66	9533.01	168.835	73991.9
284	280   	5663.01	10332.3	168.835	62849.4
285	280   	5836.97	10289.4	168.835	54790.5
286	280   	4756.41	8640.5 	168.835	66876.7
287	280   	5630.51	10258.6	168.835	69940.1
288	280   	6056.12	18923.6	168.835	387174 
289	280   	4930.5 	9062.78	168.835	97739.6
290	280   	4359.38	7226.14	168.835	46327.4
291	280   	3822.93	6372.03	168.835	55482.3
292	280   	4331.45	7975.91	168.835	67907.3
293	280   	5142.66	9888.35	168.835	70985  
294	280   	4458.64	8270.26	168.835	70985  
295	280   	4979.46	8916.61	168.835	55547.2
296	280   	4658.85	7974.62	168.835	54643.8
297	280   	4692.37	8689.39	170.393	81051  
298	280   	4934.92	9342.67	170.393	81051  
299	280   	4693.83	8009.5 	170.393	49324.1
300	280   	5574.01	9730.83	170.393	73886.3
301	280   	5802.39	8909.96	170.393	46224.2
302	280   	5387.34	9546.47	170.393	66816.3
303	280   	5241.61	9020.98	170.393	91450.3
304	280   	6762.84	10915.8	170.393	69035.5
305	280   	7119.8 	11509.6	170.393	68967.9
306	280   	7174.06	11907.3	170.393	105884 
307	280   	7082.53	11439.6	170.393	73117.6
308	280   	6341.89	12153.9	170.393	113907 
309	280   	6874.53	11506.4	170.393	87083.3
310	280   	7286.83	11590.1	170.393	62960  
311	280   	5397.26	9761.43	170.393	102605 
312	280   	5398.31	8806.69	170.393	70890  
313	280   	5191.21	8606.59	170.393	64816.4
314	280   	5822.33	9331.88	170.393	62899.3
315	280   	5670.99	10107.9	170.393	108848 
316	280   	5781.27	10568.6	170.393	89483.1
317	280   	6067.64	11193.9	170.393	81112  
318	280   	4945.22	8124.09	170.393	46264.3
319	280   	4775   	8550.49	170.393	62873.2
320	280   	5365.09	9688.13	170.393	66992.2
321	280   	4889   	9053.56	170.393	66753  
322	280   	4783.96	8727.55	170.393	66753  
323	280   	5613.05	9620.88	170.393	61695  
324	280   	5445.86	8750.3 	170.393	60577.4
325	280   	5626.92	9536.87	170.393	67923.7
326	280   	5227.41	8865.61	170.393	55564.7
327	280   	5987.34	10028  	170.393	85280  
328	280   	5359.99	9555.11	170.393	58722.5
329	280   	5927.28	10932.7	170.393	94534.7
330	280   	4722.41	8267.75	170.393	55458.6
331	280   	4748.3 	7869.86	170.393	52666.3
332	280   	4932.58	8484.51	170.393	61854.7
333	280   	5894.93	9803.21	170.393	77330.5
334	280   	5891.06	9593.54	170.393	71976.8
335	280   	6522.42	11002.7	170.393	83708.9
336	280   	7418.79	12729.2	160.089	101451 
337	280   	5315.49	9648.85	160.089	101451 
338	280   	5006.99	8470.51	160.089	49300  
339	280   	5715.67	9311.92	160.089	60815.5
340	280   	5797.26	9746.59	160.089	68947.1
341	280   	6377.61	10202.5	160.089	73991.1
342	280   	5385.3 	9162.03	160.089	81474.4
343	280   	5796.12	10027.1	160.089	83073.2
344	280   	5442.42	8838.65	160.089	83073.2
345	280   	4280.38	6723   	160.089	42167.3
346	280   	4052.23	6896.62	160.089	65935.3
347	280   	4262.16	7109.95	160.089	65935.3
348	280   	4905.68	10513.4	160.089	158348 
349	280   	4417.63	7176.23	160.089	55844.4
350	280   	5144.87	9080.96	160.089	66017.7
351	280   	4636.88	7995.46	160.089	54638.2
352	280   	5037.21	8670.68	160.089	54578.1
353	280   	4212.35	8056.15	160.089	77121.3
354	280   	4035.07	7484.29	160.089	61031  
355	280   	4265.84	8465.67	160.089	103520 
356	280   	3609.45	5958.92	160.089	42167.3
357	280   	4337.98	8880.82	160.089	110900 
358	280   	4609.9 	7757.23	160.089	71976.2
359	280   	3665.63	6097.99	160.089	51546.2
360	280   	3721.47	6773.41	160.089	60662.3
361	280   	4095.11	7943.16	160.089	61944.3
362	280   	5028.5 	9830.99	160.089	77081  
363	280   	4868.8 	9226.12	160.089	80078.6
364	280   	6158.58	15474.7	160.089	254596 
365	280   	6898.75	12041.3	160.089	81258.7
366	280   	6262.37	10775.4	160.089	59725.9
367	280   	5019.78	9268.55	160.089	104123 
368	280   	5917.89	11188.1	160.089	79134.5
369	280   	4388.61	7369.97	160.089	56621.1
370	280   	5097.57	10174  	160.089	126174 
371	280   	4861.25	10679.9	160.089	160840 
372	280   	4171.07	7781.52	160.089	67154  
373	280   	4566.19	8504.02	160.089	66864.9
374	280   	4899.75	9923.29	160.089	78108.3
375	280   	4791.46	8194.73	160.089	66864.9
376	280   	4399.08	7907.96	160.089	78276.6
377	280   	4567.56	8212.82	160.089	70072.4
378	280   	4364   	7339.42	160.089	61774.8
379	280   	3822.67	6013.42	160.089	42262  
380	280   	4342.64	7850.78	160.089	66868.9
381	280   	4338.21	7955.86	160.089	81217  
382	280   	4198.13	7473.36	160.089	65654.9
383	280   	4289.32	7346.1 	160.089	60928.6
384	280   	3931.23	6423.55	160.089	64831.9
385	280   	4069.52	6394.27	160.089	40197.3
386	280   	3865.09	6087.28	160.089	53593.7
387	280   	4454.19	7488.7 	160.089	53593.7
388	280   	4776.61	8980.33	160.089	102094 
389	280   	4074.99	6930.09	160.089	68296.9
390	280   	4285.36	7212.81	160.089	62679.7
391	280   	4584.85	7977.9 	160.089	61734.6
392	280   	4280.97	7343.25	160.089	66888.9
393	280   	4213.59	7567.05	160.089	83148.2
394	280   	4481.45	7791.85	160.089	83148.2
395	280   	3865.52	6325.06	160.089	64942.6
396	280   	3737.8 	6027.35	160.089	50535.7
397	280   	3582.86	6393.85	160.089	79378  
398	280   	3833.71	6066.43	160.089	43234.6
399	280   	4339.07	7277.13	160.089	59695.9
400	280   	3978.14	7628.59	160.089	85345.6
401	280   	4073.89	7473.58	160.089	65999.4
402	280   	4398.11	7808.58	160.089	65729.5
403	280   	4272.83	8009.15	160.089	73007.2
404	280   	4699.32	8361.56	160.089	70968.2
405	280   	4645.04	9240.77	160.089	114935 
406	280   	4314.22	8611.36	160.089	114935 
407	280   	5420.61	11093.6	160.089	114935 
408	280   	4355.24	9193.08	160.089	121181 
409	280   	3911.08	6672.73	160.089	95769.7
410	280   	3776.24	5241.14	160.089	40814.4
411	280   	3865.33	6195.46	160.089	68068.1
412	280   	4136.68	6770.82	160.089	68068.1
413	280   	4247.91	6670.79	160.089	68806.4
414	280   	3979.29	6667.8 	160.089	66749  
415	280   	4002.07	7577.22	160.089	83289.2
416	280   	4328.21	7825.68	160.089	78132.3
417	280   	3968.05	6134.32	160.089	42107.6
418	280   	4064.1 	6066.41	160.089	42107.6
419	280   	4292.6 	6789.73	160.089	59580.8
420	280   	3909.04	6273.79	160.089	52120.7
421	280   	3916.63	6399.55	170.393	50737.2
422	280   	4683.72	10658.5	170.393	195891 
423	280   	4319.04	7585.59	130.119	69032.1
424	280   	4020.65	7032.43	170.393	94313.1
425	280   	4428.41	7407.22	170.393	54525.7
426	280   	4543.5 	7850.73	170.393	66897  
427	280   	3951.08	6534.36	166.732	50348.5
428	280   	3545.03	5651.18	166.732	43346.4
429	280   	3966.84	7141.03	166.732	89178.9
430	280   	3623.44	5654.13	166.732	42346.8
431	280   	3445.63	5284.01	166.732	42346.8
432	280   	4371.93	9215.38	166.732	121595 
433	280   	4227.87	7086.97	166.732	67782.8
434	280   	4512.36	7333.93	170.393	67011.8
435	280   	4405.7 	7078.92	170.393	73008.6
436	280   	4002.24	6762.1 	170.393	65975.3
437	280   	4151.72	6640.52	170.393	50400.4
438	280   	5372.93	8683.46	170.393	92565.7
439	280   	4152.73	7738.86	141.824	101788 
440	280   	4662.91	8271.83	141.824	68822.4
441	280   	4872.72	7604.21	141.824	45208.4
442	280   	4635.74	7834.53	141.824	64232.3
443	280   	4422.65	8009.99	141.824	101924 
444	280   	4753.82	9436.02	141.824	92452.9
445	280   	4564.47	7611.17	141.824	61739.4
446	280   	3745.7 	6269.46	141.824	49315.7
447	280   	4212.58	8110.03	141.824	110828 
448	280   	4463.89	7273.01	141.824	67841.5
449	280   	4094.96	6405.79	141.824	56679.7
450	280   	4273.15	7407.04	141.824	78607.7
451	280   	3977.43	6715.31	141.824	75925.4
452	280   	3959.35	7109.14	141.824	74157.3
453	280   	3650.01	7009.06	141.824	80299.4
454	280   	4521.67	7754.92	141.824	56534.9
455	280   	3650.96	5735.6 	141.824	47611.1
456	280   	3655.11	6193.34	141.824	48461.3
457	280   	3889.84	6458.59	141.824	53457.3
458	280   	4146.49	7796.49	141.824	80001.5
459	280   	3813.11	7043.69	141.824	74346  
460	280   	3951.85	8498.84	141.824	130238 
461	280   	4345.51	8458.4 	141.824	130238 
462	280   	4296.21	7288.2 	141.824	67955.2
463	280   	4127.18	6911.24	141.824	59669.7
464	280   	4281.2 	7976.7 	141.824	74928.7
465	280   	4395.31	7673.16	141.824	96378  
466	280   	4109.59	6960.59	141.824	58709  
467	280   	3981.04	7127.15	141.824	68982.4
468	280   	4446.53	7741.75	141.824	69880.9
469	280   	4221.99	7154.79	141.824	49498.9
470	280   	4507.54	8040.27	141.824	80064.9
471	280   	4759.3 	7958.12	141.824	61945.5
472	280   	4025.71	8511.55	141.824	140608 
473	280   	4268.93	6734.62	141.824	42836.6
474	280   	4797.16	9108.17	141.824	84120.1
475	280   	4157.96	8058.97	141.824	105750 
476	280   	4210.25	7281.48	141.824	60032.9
477	280   	4247.55	7073.47	141.824	61870.4
478	280   	3790.94	6125.27	141.824	78149.4
479	280   	3825.01	6473.26	141.824	66716.5
480	280   	4196.7 	8223.76	141.824	68943.6
481	280   	4775.29	9091.03	141.824	88709.6
482	280   	4995.37	9189.92	141.824	88709.6
483	280   	4941.41	8620.48	141.824	88709.6
484	280   	4578.27	7877.36	141.824	66990.4
485	280   	4185.81	6984.37	141.824	52492.9
486	280   	3764.68	5735.04	141.824	38200  
487	280   	4326.94	8157.2 	141.824	99515.2
488	280   	4064.37	6146.59	141.824	46411.4
489	280   	4173.74	6481.8 	141.824	60664.9
490	280   	4503.12	6648.43	141.824	60664.9
491	280   	4041.16	6222.16	141.824	46732.1
492	280   	3898.92	7765.94	141.824	104232 
493	280   	4436.14	7451.6 	141.824	76941.5
494	280   	4345.44	6765.02	141.824	85119.1
495	280   	5092.29	7775.75	141.824	51399.2
496	280   	4445.6 	7656.67	141.824	91605  
497	280   	4020.62	6948.47	141.824	56547.6
498	280   	3770.44	6503.5 	141.824	59391.7
499	280   	3722.6 	5891.33	141.824	48639.7
500	280   	4145.96	7298.4 	141.824	92471.6
Time elapsed: 40523 seconds.


Batch Job Summary Report (version 21.01.1) for Job "bpopt" (46886646) on daint

Job information (1/2)
-----------------------------------------------------------------------------------------------------
             Submit            Eligible               Start                 End    Elapsed Time limit
------------------- ------------------- ------------------- ------------------- ---------- ----------
2023-05-29T10:02:23 2023-05-29T10:02:23 2023-05-29T10:03:17 2023-05-29T21:20:47   11:17:30   23:59:00
-----------------------------------------------------------------------------------------------------

Job information (2/2)
-------------------------------------------------------------
    Username      Account    Partition   NNodes        Energy
------------ ------------ ------------ -------- -------------
    bp000145       ich030       normal        3  43784.710 kJ

