
gen	nevals	avg    	std    	min    	max    
1  	510   	4645.53	35.2393	4566.91	5334.86
2  	510   	4645.55	32.3392	4566.91	5334.86
3  	510   	4629.71	54.5206	4566.91	5334.86
4  	510   	4615.42	62.3838	4562.68	5334.86
5  	510   	4594.47	29.1165	4548.52	5334.86
6  	510   	4583.19	15.6742	4547.26	4690.85
7  	510   	4578.53	16.1543	4532.69	4653.63
8  	510   	4574.97	21.3409	4530.29	4911.97
9  	510   	4569.73	59.5991	3246.82	4682.42
10 	510   	4558.44	99.4225	3205.98	4687.85
11 	510   	4529.73	277.4  	682.533	4652.06
12 	510   	4445.94	520.671	544.601	4691.23
13 	510   	4270.15	799.716	544.601	4693.96
14 	510   	3922.23	1171.91	475.419	4693.62
15 	510   	3206.31	1525.29	475.419	4696.53
16 	510   	2576.9 	1652.22	435.715	4669.15
17 	510   	2226.59	1684.86	338.069	7712.77
18 	510   	2189.36	1785.6 	365.348	21867.5
19 	510   	1984.76	1786.27	302.522	26010  
20 	510   	1933.17	1651.13	303.531	4675.83
21 	510   	1919.53	1692.59	264.711	4711.48
22 	510   	1925.75	1683.38	264.711	4719.98
23 	510   	1830.04	1816.44	264.711	24237.9
24 	510   	1830.94	1683.46	229.756	4707.3 
25 	510   	1795.97	1711.96	264.711	4689.44
26 	510   	1794   	1746.53	221.572	4668.55
27 	510   	1887.13	1710.3 	182.224	4780   
28 	510   	1675.04	1678.29	182.224	4666.63
29 	510   	1730.32	1696.46	182.224	4675.19
30 	510   	1827.33	1690.66	182.224	4654.34
31 	510   	1723.25	1719.01	182.224	4863.11
32 	510   	1710.98	1795.57	182.224	16736.1
33 	510   	1673.54	1770.69	182.224	4665.26
34 	510   	1664.12	1755.25	182.224	12743.2
35 	510   	1733.84	2114.59	182.224	40382.2
36 	510   	1644.89	1698.03	182.311	4672.86
37 	510   	1662.56	1720.89	182.311	4662.12
38 	510   	1789.9 	2630.04	182.699	65195.4
39 	510   	1688.79	1697.8 	182.699	4931.1 
40 	510   	1587.49	1688.86	182.699	4698.13
41 	510   	1689.2 	3291.29	182.699	92574.9
42 	510   	1529.7 	1776.48	182.699	20615.7
43 	510   	1627.82	1744.02	182.699	12916.8
44 	510   	1487.88	1572.32	182.699	4647.56
45 	510   	1516.43	1603.19	182.699	5693.42
46 	510   	1719.68	1693.69	182.699	4998.49
47 	510   	1861.2 	1794.94	176.768	4649.01
48 	510   	2188.44	1865.43	182.699	4664.8 
49 	510   	1759.86	1754.18	182.699	6333.12
50 	510   	1624.43	1691.75	182.699	4683.21
51 	510   	1625.39	1728.81	182.699	7981.55
52 	510   	1624.78	2230.81	182.699	46186.8
53 	510   	1578.89	1708.4 	182.699	8065.36
54 	510   	1907.88	7939.41	182.699	249028 
55 	510   	2028.66	1833.07	182.699	4686.08
56 	510   	1562.13	1817.61	182.699	22872.2
57 	510   	1929.11	1794.09	182.699	4709.11
58 	510   	1724.04	1692.65	182.699	6522.07
59 	510   	1682.16	1713.59	182.699	9041.46
60 	510   	1802.43	6070.66	182.699	184628 
61 	510   	1631.52	2909.44	182.699	77968  
62 	510   	1691.33	1757.6 	182.699	5118.3 
63 	510   	1671.54	1737.49	182.699	4648.21
64 	510   	1773.27	1857.66	132.116	19036.4
65 	510   	1792.14	1775.69	132.116	10758.4
66 	510   	1823.59	1859.84	182.552	14336.2
67 	510   	1863.39	1805.97	182.552	4688.79
68 	510   	2322.94	2335.14	182.552	43986.4
69 	510   	2023.35	3200.3 	172.579	43986.4
70 	510   	2107.45	1901.59	177.16 	10716.7
71 	510   	2344.12	1854.07	177.16 	4661.8 
72 	510   	1779.36	1753.49	177.16 	4872.6 
73 	510   	1639.79	1740.13	177.16 	4660.59
74 	510   	1813.44	1801.89	177.16 	4713.19
75 	510   	1891.69	1808.7 	177.16 	5149.62
76 	510   	1646.52	1853.01	167.457	26261.4
77 	510   	1861.39	1793.1 	177.16 	4987.58
78 	510   	1774.63	1788.46	177.16 	5738.72
79 	510   	1832.02	4446.91	177.16 	131481 
80 	510   	1935.3 	4428.08	142.195	131481 
81 	510   	1866.45	1743.74	149.404	4654.61
82 	510   	1602.54	1662.53	149.404	5467.89
83 	510   	1919.11	5261.93	149.404	160486 
84 	510   	2088.27	5269.13	149.404	160486 
85 	510   	2363.48	7286.09	149.404	160486 
86 	510   	1911.23	1784.64	149.404	4669.62
87 	510   	1716.66	1750.79	149.404	7717.28
88 	510   	1800.11	1794.41	149.404	5038.05
89 	510   	1731.37	1788.62	149.404	4645.56
90 	510   	2565.17	1917.72	178.446	4749.31
91 	510   	1933.14	1816.04	178.446	14844.7
92 	510   	1639.94	1712.63	178.446	11207.6
93 	510   	1988.53	1936.6 	178.446	19462  
94 	510   	1716.08	1754.4 	178.446	4709.38
95 	510   	1743.64	2219.48	178.446	32491.3
96 	510   	1729.47	3244.18	173.458	82068.7
97 	510   	2002.86	1849.32	168.771	7347.35
98 	510   	1697.62	2105.09	168.771	39123  
99 	510   	1722.48	1794.34	168.771	4675.69
100	510   	1665.23	1758.26	168.771	4691.61
101	510   	1984.69	1837.5 	168.771	6564.18
102	510   	1678.45	1793.25	165.5  	16143.8
103	510   	1710.91	2287.46	161.077	49365  
104	510   	1625.71	1709.29	168.771	9683.89
105	510   	1534.66	1685.98	168.771	11957.5
106	510   	1750.35	1737.35	168.771	4727.29
107	510   	1818.83	1815.14	168.771	5513.22
108	510   	1877.36	1810.93	174.03 	6461.81
109	510   	1667.6 	1683.67	166.805	4691.41
110	510   	1664.43	1683.53	166.805	6336.12
111	510   	1854.16	1853.87	166.805	16291.5
112	510   	2039.8 	1845.55	175.292	4730.92
113	510   	1823.12	1769.47	175.292	10416.8
114	510   	1574.82	1661.68	175.292	8482.7 
115	510   	1662.71	1902.55	176.583	16854.7
116	510   	1993.74	3632.2 	176.583	83462.6
117	510   	1556.94	1806   	176.583	22797.9
118	510   	1546.23	1716.97	176.583	16471.3
119	510   	1574.02	1649.46	186.171	4691.5 
120	510   	1662.81	1738.26	186.171	5799.5 
121	510   	1697.99	1725.64	167.624	4813.91
122	510   	1837.04	3545.91	167.624	99297.8
123	510   	1686.45	2828.63	167.624	75144.5
124	510   	2053.05	3853.8 	167.624	75144.5
125	510   	1802.49	2881.25	167.624	75144.5
126	510   	1692.03	1701.3 	167.624	4653.61
127	510   	1756.65	1756.46	167.624	4693.33
128	510   	1590.03	1722.53	165.99 	4653.61
129	510   	1670.45	1907.88	165.99 	23941.6
130	510   	1847.26	1986.32	157.844	25914.6
131	510   	1792.95	1884.06	167.624	10487.1
132	510   	1645.34	1786.85	167.624	8059.28
133	510   	1741.16	1755.11	167.624	8759.01
134	510   	1624.93	1758   	167.624	4652.86
135	510   	1646.14	1741.45	167.624	4681.72
136	510   	1580.27	1686.56	167.624	4645.65
137	510   	1525.82	1669.34	167.624	4660.17
138	510   	1528.91	1630.75	167.624	4723.23
139	510   	1723.59	1939.39	154.936	28139  
140	510   	1557.46	1681.36	167.624	7777.99
141	510   	1635.07	1680.34	167.624	7241.78
142	510   	1688.15	1733.91	167.624	9965.68
143	510   	1702.64	1717.79	167.624	4662.76
144	510   	1518.35	1630.26	184.044	16283.3
145	510   	2110.24	1823.07	188.809	8401.07
146	510   	2028.14	5514.41	180.909	161516 
147	510   	1979.96	4171.73	187.188	117054 
148	510   	1998.59	3125.01	184.81 	83223.4
149	510   	1775   	1733.07	166.553	7273.58
150	510   	1640.54	1931.95	166.553	29647.1
151	510   	1750.25	1785.78	166.553	4645.52
152	510   	1591.32	1763.48	166.553	13084.7
153	510   	1677.74	1793.07	166.553	9347.64
154	510   	1886.64	1861.48	181.509	13236.1
155	510   	1623.74	1869.28	181.509	20940.1
156	510   	1662.86	2171.82	181.509	38232.2
157	510   	1740.88	1791.16	180.989	13403  
158	510   	1725.92	2820   	169.838	72782  
159	510   	1839.16	1829.92	169.838	4684.27
160	510   	1764.68	1905.86	169.838	22918.3
161	510   	1685.64	2481.04	169.838	45898.8
162	510   	1629.93	3983.86	169.838	117097 
163	510   	1592.85	4099.01	169.838	121493 
164	510   	1570.08	1874.23	169.838	22031.7
165	510   	1452.47	1957.12	169.838	36617.2
166	510   	1541.33	1711.46	169.838	15453.5
167	510   	2020.02	1897.56	169.838	15453.5
168	510   	1800.09	1784.11	161.655	7884.98
169	510   	1651.25	1903.07	161.655	27218.9
170	510   	1786.44	1797.12	169.838	10005.7
171	510   	1859.68	1797.34	169.838	7028.5 
172	510   	2222.87	7731.14	169.838	242052 
173	510   	2298.02	10772.8	169.838	242052 
174	510   	1877.5 	7710.19	169.838	242052 
175	510   	1662.44	1800.82	169.838	18991.7
176	510   	1910.55	9181.78	169.838	289886 
177	510   	1700.62	2731.18	169.838	70029.5
178	510   	1730.31	3046.77	169.838	70029.5
179	510   	1881.6 	1804.53	169.838	4903.44
180	510   	2032.37	4651.07	169.838	139551 
181	510   	1816.71	1716.25	169.838	4682.09
182	510   	1804.81	2625.33	169.838	65044.9
183	510   	1690.66	4958.27	166.744	151289 
184	510   	1772.5 	1709.68	193.052	4678.19
185	510   	1718.57	1730.03	193.052	8264.01
186	510   	1879.4 	2201.67	193.052	45119.4
187	510   	1847.42	3546.73	193.052	78482.7
188	510   	1812.51	1760.09	193.052	4682.63
189	510   	1830.31	2536.06	193.052	57741.4
190	510   	1701.02	1805.17	193.052	4687.22
191	510   	1968.82	3327.89	193.052	91389.4
192	510   	1732.08	3288.02	184.886	91389.4
193	510   	2235.34	5164.57	168.194	91389.4
194	510   	1961.68	5146.01	178.01 	91389.4
195	510   	1943.4 	4329.15	178.01 	91389.4
196	510   	1762.79	3296.1 	178.01 	91389.4
197	510   	1950.38	1939.14	178.01 	24022  
198	510   	1842.84	1745.03	178.01 	5718.28
199	510   	1657.07	1719.37	178.01 	4946.28
200	510   	1608.25	1798.99	178.01 	22428.7
Elapsed time: 11142 seconds (3h 5m 42s)
