
gen	nevals	avg    	std    	min    	max        
1  	570   	9638.53	32605.6	4589.85	681779     
2  	570   	8370.67	23515.2	4589.85	681779     
3  	570   	6377.6 	5179.75	4589.85	93242.3    
4  	570   	6553.65	31738.9	4573.39	1.072e+06  
5  	570   	4904.69	1321.04	4564.04	44536.9    
6  	570   	4779.88	794.871	4558.75	27580.7    
7  	570   	4731.34	419.994	4552.43	10461.4    
8  	570   	6340.23	55522.2	4551.47	1.88014e+06
9  	570   	4736.41	1518.52	4548.14	54017.1    
10 	570   	4734.61	1032.05	4548.14	30659.4    
11 	570   	4758.94	1007.27	4548.14	30041.5    
12 	570   	4725.89	525.212	3388.4 	20177.4    
13 	570   	4732.12	353.829	3321.22	10472.9    
14 	570   	4748.34	1213   	702.28 	37172.2    
15 	570   	4756.45	1409.54	694.467	20077.3    
16 	570   	4982.85	3260.02	694.467	71879.1    
17 	570   	5382.58	4180.79	694.467	31804.4    
18 	570   	6639.54	6420.64	636.829	38334.4    
19 	570   	8382.3 	8434.83	636.829	44601.5    
20 	570   	10360.8	9732.47	636.829	44175      
21 	570   	11165.2	10970.4	562.439	44175      
22 	570   	11976.4	12057.3	562.439	47194.2    
23 	570   	13453.5	12962.8	540.563	64112.6    
24 	570   	9758.76	10575.4	532.702	47727.9    
25 	570   	13904.9	28538.5	496.03 	874985     
26 	570   	14938.1	28958.7	496.03 	874985     
27 	570   	15180.9	29134.4	529.033	874985     
28 	570   	15495.2	14961.6	489.212	67949.9    
29 	570   	17000.4	15612.5	492.964	68932.5    
30 	570   	17719.3	16673.3	486.506	68932.5    
31 	570   	20357.7	17861.7	486.506	88985      
32 	570   	19104.9	17281.2	492.964	72865      
33 	570   	20268.6	18738.2	492.964	74013.1    
34 	570   	19195.5	18235.1	492.964	86939.3    
35 	570   	13591.8	14647.6	492.964	77912.3    
36 	570   	17788.5	16759.7	438.462	77912.3    
37 	570   	17329.1	17749.3	438.462	68019.7    
38 	570   	20256.2	18829.2	402.099	84196.2    
39 	570   	22353  	18847.4	392.727	111465     
40 	570   	18844.3	18248.8	380.821	79002      
41 	570   	23629.1	19456  	448.646	115142     
42 	570   	19600.4	19613.6	369.679	228940     
43 	570   	22943.8	20241.5	369.679	83075      
44 	570   	21012.4	19768  	369.679	77781.7    
45 	570   	22926.1	20011.1	389.24 	82180      
46 	570   	22461.5	19863  	389.24 	94343.3    
47 	570   	15497.6	16600.8	389.24 	94343.3    
48 	570   	19838.9	19080.3	389.24 	94343.3    
49 	570   	21632.4	19395.5	389.24 	96997      
50 	570   	14717.1	16015.1	360.928	70947.9    
51 	570   	12958  	14580.6	360.928	161944     
52 	570   	15741.7	16717.1	389.24 	81548      
53 	570   	19689.6	18783.3	389.24 	83185.9    
54 	570   	20325.5	19798.5	395.888	83185.9    
55 	570   	21285.7	19706.7	395.888	73471.5    
56 	570   	21320.3	19766.8	326.265	91241.7    
57 	570   	22955.1	19753.8	326.265	72893.3    
58 	570   	19849.1	19452.7	326.265	78016.8    
59 	570   	22952.2	20379.8	326.265	87000      
60 	570   	19953.2	27077  	326.265	671666     
61 	570   	21266.7	19399.9	326.265	72698.1    
62 	570   	23025.9	19298  	326.265	84875.2    
63 	570   	19696.1	18618.9	326.265	85089.5    
64 	570   	21231.7	19550.3	326.265	80030.8    
65 	570   	19437.4	19262.5	326.265	117839     
66 	570   	20890.8	20034.4	326.265	87920.4    
67 	570   	21713.3	19765.3	326.265	84479.5    
68 	570   	19176.5	18982.4	326.265	104183     
69 	570   	19761  	19472.5	326.265	80573.2    
70 	570   	20731.6	20220.9	326.265	91229.2    
71 	570   	20219.7	20227.3	326.265	87988.5    
72 	570   	21784.6	20294.6	326.265	79136.3    
73 	570   	18909  	19405  	326.265	95981.6    
74 	570   	18472.2	19218.2	326.265	82177.7    
75 	570   	21661.7	21073.5	326.265	82922.6    
76 	570   	18110  	19289.2	326.265	78006.4    
77 	570   	18323.8	19685.4	326.265	77876.1    
78 	570   	18256.3	19671.5	326.265	93012      
79 	570   	18553.7	20302.8	326.265	83385.1    
80 	570   	18562.8	19953.1	326.265	123584     
81 	570   	15864.5	18941.4	320.488	74211.2    
82 	570   	20421.3	20671  	320.488	88965      
83 	570   	19600.3	20808.3	320.488	92971.4    
84 	570   	21901.8	21154.6	320.488	93010.8    
85 	570   	21949.5	21215.2	320.488	76100.3    
86 	570   	16531.9	18851.3	320.488	84165.5    
87 	570   	19486.3	19769.9	320.488	76992.6    
88 	570   	14984.8	17765.4	320.488	66809.1    
89 	570   	11032.3	14414.9	320.488	104086     
90 	570   	15083.7	17433.5	320.488	96868.8    
91 	570   	14187.4	16091.8	303.117	105715     
92 	570   	11767.5	14296.3	303.117	84863.4    
93 	570   	13507.6	15451.2	320.488	84863.4    
94 	570   	16029.4	17483.4	320.488	159194     
95 	570   	13607  	16557.8	320.488	85768.9    
96 	570   	15855.4	17196  	320.488	76638.1    
97 	570   	15442.9	17038  	320.488	104490     
98 	570   	12838  	15861.6	320.488	74060.6    
99 	570   	10705.9	13912.9	309.578	73911.7    
100	570   	15474.5	17429  	309.578	87045.9    
101	570   	14563.5	17904.4	309.578	89136      
102	570   	15429.7	18392.5	187.712	155005     
103	570   	15077.8	18472.3	187.712	83476      
104	570   	13115.2	16911.2	187.712	89704.7    
105	570   	11744.1	16086.5	187.712	192282     
106	570   	11721.9	16739.9	187.712	76856.2    
107	570   	12512.1	16443.2	187.712	81686.4    
108	570   	10637.4	14469.8	187.712	96553.1    
109	570   	11117  	15122.5	187.712	96553.1    
110	570   	11776.6	15724.7	187.712	82915.3    
111	570   	11457.9	15790.2	187.712	83824.8    
112	570   	11248.4	15451.4	187.712	94966.4    
113	570   	12697.1	17130.9	184.87 	96839.9    
114	570   	10600.1	15038.9	184.87 	78818.3    
115	570   	13097.4	17093.3	184.87 	88183.4    
116	570   	13267.8	17613.9	184.87 	110788     
117	570   	15797.3	18896.3	184.87 	90113.6    
118	570   	14052.4	74363.6	184.87 	2.46647e+06
119	570   	9755.42	13985.7	184.87 	99063.7    
120	570   	10615.3	14516.6	184.87 	83206.4    
121	570   	8815.33	12773.3	184.87 	166139     
122	570   	10535.1	14470.1	184.87 	109387     
123	570   	10421.4	14929.1	184.87 	79939      
124	570   	9619.15	15095.6	184.87 	231605     
125	570   	10775.2	16186.4	184.87 	231605     
126	570   	10576.3	15154.5	184.87 	93772.3    
127	570   	10445.8	21208.9	184.87 	527048     
128	570   	8898.63	13813.7	184.87 	86031.8    
129	570   	8794.04	12675.9	184.87 	81969      
130	570   	10269.1	14017.6	184.87 	81950.9    
131	570   	9058.45	13867.5	184.87 	72952.5    
132	570   	10677.7	16449.9	184.87 	236593     
133	570   	9286.55	13816.6	184.87 	126397     
134	570   	8878.54	13721.2	187.712	86981.3    
135	570   	9936.31	22951.5	187.712	603775     
136	570   	8833.91	14084.3	187.712	174194     
137	570   	10116.1	14290.9	187.712	107998     
138	570   	8126.28	11516.9	187.712	75882.4    
139	570   	9011.63	12817.5	187.712	74070.6    
140	570   	9578.34	14163  	187.712	134986     
141	570   	9596.88	13866.2	187.712	71803.6    
142	570   	8962.2 	13177.3	187.712	76916.1    
143	570   	10063  	17290.1	187.712	315263     
144	570   	9903.41	13789.3	187.712	76781.2    
145	570   	9460.47	13109.8	187.712	83920.5    
146	570   	9202.73	13130.3	187.712	77035.1    
147	570   	10170.5	14501  	187.712	84019.3    
148	570   	10659.7	15567.6	187.712	108370     
149	570   	10931.5	15242  	187.712	155432     
150	570   	9408.25	13763.4	187.712	92090.7    
151	570   	9066.11	13321.6	187.712	89646.2    
152	570   	8222.63	12271.7	187.712	77002.7    
153	570   	9110.94	17998  	187.712	423459     
154	570   	8860.89	12406.9	187.712	82283.5    
155	570   	7580.98	11694.5	187.712	83287.4    
156	570   	8788.09	13260  	187.712	106311     
157	570   	8155.87	21020.3	187.712	589073     
158	570   	8682.27	12923.7	187.712	94391.6    
159	570   	9241.59	13330  	187.712	82014      
160	570   	6883.33	10347.7	187.712	77156.7    
161	570   	8293.8 	11489  	187.712	69875.5    
162	570   	7388.05	11682.1	187.712	87931.5    
163	570   	6737.06	10814  	187.712	175468     
164	570   	6727.54	9794.46	187.712	72749.9    
165	570   	8943.12	13716.7	187.712	173792     
166	570   	9412.51	13814.9	187.712	88155.6    
167	570   	10226.7	14994.7	187.712	109913     
168	570   	8536.53	13530.9	187.712	148384     
169	570   	9985.78	14677.4	187.712	91732.8    
170	570   	8290.78	12844.4	187.712	111143     
171	570   	10446.3	15220.1	187.712	81622      
172	570   	8299.29	13135.9	187.712	87004.5    
173	570   	10216.7	14711.6	187.712	78923.7    
174	570   	10185  	14962.8	187.712	82005.4    
175	570   	10329.9	14620.1	187.712	89022.2    
176	570   	8588.26	20578.4	167.808	559001     
177	570   	9302.52	13836.9	167.808	115896     
178	570   	8180.22	12174.5	171.129	115896     
179	570   	7624.55	11741.9	171.129	115896     
180	570   	8484.57	12760  	182.63 	90708.8    
181	570   	7629.01	11938.7	182.63 	109100     
182	570   	8345.11	11791.7	182.63 	84005.2    
183	570   	7475.3 	10310.4	182.63 	83893.2    
184	570   	7145.79	11030.5	182.63 	85926.6    
185	570   	7669.21	11679.7	182.63 	107869     
186	570   	7635.59	17070.9	182.63 	458025     
187	570   	7536.91	11227.7	182.63 	107100     
188	570   	6258.4 	9112   	182.63 	107458     
189	570   	8330.08	12445.9	182.63 	114026     
190	570   	8625.13	27923.1	182.63 	874848     
191	570   	7800.98	10637  	181.967	57748.6    
192	570   	8366.14	11825.8	181.967	110424     
193	570   	8434.04	11217.3	181.967	101326     
194	570   	8211.34	12953.2	181.967	167217     
195	570   	8486.81	12222.6	181.967	118910     
196	570   	6837.37	11984.4	181.967	193350     
197	570   	7395.85	10866.8	181.967	84682.8    
198	570   	7704.44	11064.1	181.967	94854      
199	570   	7775.85	12345.5	169.619	110896     
200	570   	7846.02	11034.3	169.619	90773.4    
201	570   	7210.57	11454.1	169.619	121128     
202	570   	7928.35	10769.7	169.619	91829      
203	570   	6458.68	9273.12	169.619	73796.1    
204	570   	7037.25	10732  	169.619	88202      
205	570   	7358.42	10605.4	169.619	80065.5    
206	570   	8109.83	11685.6	169.619	83697.4    
207	570   	7350.37	10771  	169.619	91652.7    
208	570   	6756.12	10655.6	169.619	105048     
209	570   	7737.04	11899.1	169.619	142813     
210	570   	7738.72	11463.7	169.619	80580.3    
211	570   	7620.73	11186.7	169.619	68768.6    
212	570   	6996.77	10762.7	169.619	76677.6    
213	570   	8227.77	12578.6	169.619	104307     
214	570   	8249.8 	12682  	169.619	82853.1    
215	570   	8292.52	11729.1	169.619	80891.9    
216	570   	8734.13	13190.7	169.619	110812     
217	570   	8046.15	11899.6	169.619	78627.1    
218	570   	8364.21	13921  	169.619	208257     
219	570   	8227.04	25323.6	169.619	735495     
220	570   	7845.42	10572.7	169.619	98346.2    
221	570   	6338.33	10515.5	169.619	173278     
222	570   	6675.09	9511.96	169.619	66693.5    
223	570   	6297.97	9561.63	169.619	86895.8    
224	570   	6676.87	9719.92	169.619	86895.8    
225	570   	6159.34	8895.79	169.619	75724.8    
226	570   	7241.64	10872.6	169.619	109909     
227	570   	7196.56	10453.6	169.619	83853.5    
228	570   	5716.55	8766.41	169.619	84618      
229	570   	6143.44	8378.49	169.619	98688.7    
230	570   	6428.84	8978.82	169.619	77610.9    
231	570   	6490.89	9141.88	169.619	77610.9    
232	570   	6019.56	8632.46	169.619	77610.9    
233	570   	6968.27	9779.81	169.619	81816      
234	570   	6621.88	9401.27	169.619	81816      
235	570   	6429.85	9546.82	169.619	85978.5    
236	570   	6687.39	9457.42	169.619	78776.3    
237	570   	6964.08	23183.4	169.619	730552     
238	570   	6135.06	8695.59	169.619	65694.1    
239	570   	6258.06	34656.6	169.619	1.14434e+06
240	570   	5944.95	12859.4	164.41 	279824     
241	570   	5248.44	11464.5	169.619	279824     
242	570   	5525.11	7932.6 	169.619	93478.7    
243	570   	5842.82	9062.48	169.619	128181     
244	570   	5588.55	7912.41	169.619	88880.7    
245	570   	5253.89	8129.64	169.619	87958.6    
246	570   	12642.9	200878 	169.619	6.67442e+06
247	570   	5360.62	7674.48	169.619	121302     
248	570   	5422.94	8568.68	169.619	168776     
249	570   	5433.13	8289.01	169.619	84295.3    
250	570   	5450.62	7647.93	169.619	74813.2    
251	570   	5675.72	8125.74	169.619	83740.7    
252	570   	6066.31	7629.32	169.619	57661.8    
253	570   	5055.86	7918.87	169.619	105901     
254	570   	21223.7	529140 	169.619	1.78771e+07
255	570   	5671.37	15741.9	169.619	460475     
256	570   	5459   	7863.68	169.619	57661.8    
257	570   	5800.45	8399.86	169.619	69539.7    
258	570   	5169.81	8758.63	169.619	120606     
259	570   	5844.93	7552.58	164.473	63701.1    
260	570   	5192.4 	8078.36	164.473	141348     
261	570   	6774.41	33392.9	164.473	1.09421e+06
262	570   	6995.71	33284.6	164.473	1.09421e+06
263	570   	5102.36	7993.96	164.473	89633.5    
264	570   	5691.83	7960.06	140.685	77743.7    
265	570   	5796.7 	8079.78	164.473	124660     
266	570   	4607.24	6373.64	164.473	62798.4    
267	570   	5281.18	7558.99	164.473	72683.7    
268	570   	5961.87	10612.7	164.473	214310     
269	570   	5667.06	9805   	169.619	181281     
270	570   	5737.63	9016.81	169.619	72888.5    
271	570   	5351.54	8884.09	169.619	147991     
272	570   	4973.28	13372  	169.619	388032     
273	570   	5582.51	8813.56	169.619	120542     
274	570   	5523.96	8577.17	169.619	81765.2    
275	570   	5796.27	9262.42	169.619	79709.6    
276	570   	5593.25	9246.56	169.619	71688.8    
277	570   	5368.44	8125.13	165.451	56835.5    
278	570   	6304.22	9719.96	165.451	58806.5    
279	570   	4948.52	7551.58	165.451	56835.5    
280	570   	5285.35	7910.5 	165.451	71046.6    
281	570   	5970.09	9376.53	165.451	60615.3    
282	570   	7571.28	65125  	165.451	2.17967e+06
283	570   	4712.99	6790.66	165.451	45479.5    
284	570   	4626.77	6720.32	165.451	76608.6    
285	570   	6069.67	18504.5	165.451	565135     
286	570   	5030.38	7965.18	165.451	61816.8    
287	570   	6310.24	10101.1	165.451	98141.4    
288	570   	5713.73	8443.85	165.451	86643.5    
289	570   	5538.87	8333.05	165.451	73906      
290	570   	4945.84	8066.16	165.451	65563.6    
291	570   	5749.33	8420.19	165.451	60612.8    
292	570   	5378.87	7808.74	165.451	62613.6    
293	570   	5970.01	20229.4	165.451	627413     
294	570   	5522.92	8486.6 	165.451	83598.6    
295	570   	5541.67	8485.74	165.451	46833.8    
296	570   	6501.77	10125.9	167.058	127337     
297	570   	6511.12	10032.2	167.058	69416.8    
298	570   	5808.18	9120.55	167.058	72811.7    
299	570   	5955.49	8810.08	167.058	106969     
300	570   	5403.73	7315.45	167.058	73661.3    
301	570   	5058.15	7473.75	167.058	83207.6    
302	570   	5506.13	8073.12	167.058	86520      
303	570   	5484.84	7901   	167.058	65630.5    
304	570   	5649.7 	9120.48	167.058	68954.8    
305	570   	6273.91	10213.7	167.058	85777.3    
306	570   	6191.32	9934.9 	161.098	84820      
307	570   	7454.91	21313.8	161.098	628199     
308	570   	6318.32	10171.5	161.098	117382     
309	570   	4586.21	7693.45	161.098	75761      
310	570   	5527.16	8355.66	161.098	69883.4    
311	570   	7128.87	44369.6	161.098	1.46988e+06
312	570   	7512.27	14678.3	161.098	258389     
313	570   	6141.01	9925.48	161.098	72823      
314	570   	6656.96	11465.3	161.098	73825      
315	570   	7946.31	13961.1	161.098	108447     
316	570   	7262.32	24599.5	161.098	734289     
317	570   	8287.55	14222.8	161.098	103012     
318	570   	6623.73	11184.3	161.098	100117     
319	570   	6627.47	11828.4	161.098	156418     
320	570   	8430.66	38753.7	161.098	1.23773e+06
321	570   	8271.29	14910.3	161.098	156418     
322	570   	8000.36	13645.7	161.098	156418     
323	570   	8070.05	13514.3	161.098	76796.2    
324	570   	8004.8 	13336.9	161.098	76796.2    
325	570   	6951.73	12047  	161.098	141773     
326	570   	6659.44	11578  	161.098	122711     
327	570   	6648.38	22803.6	161.098	699069     
328	570   	7697.35	31346  	156.776	998273     
329	570   	6127.54	10612.4	161.098	130464     
330	570   	5377.01	8589.28	161.098	75861.9    
331	570   	6564.65	12549.5	161.098	200013     
332	570   	5750.43	10368.8	139.601	125527     
333	570   	6519.2 	11921.6	161.098	125527     
334	570   	7398.44	11509.9	161.098	96023.5    
335	570   	6729.04	12449.9	161.098	196507     
336	570   	7066.5 	11165.6	161.098	72643.1    
337	570   	5595.92	8653.99	161.098	110217     
338	570   	6846.82	34896.9	161.098	1.14122e+06
339	570   	5856.67	9650.17	147.095	86759.7    
340	570   	5592.2 	9334.46	161.098	113877     
341	570   	5330.37	9533.34	161.098	113877     
342	570   	6293.84	11295  	161.098	121426     
343	570   	6203.51	11048.3	161.098	94419.5    
344	570   	5678.86	9543.63	161.098	110284     
345	570   	6418.02	11063  	161.098	86012.9    
346	570   	7974.72	17213.1	161.098	389945     
347	570   	5464.23	9524.01	161.098	88654.7    
348	570   	5648.5 	9198.07	161.098	76462.2    
349	570   	5525.61	9454.87	161.098	105824     
350	570   	6827.11	11560  	161.098	74950.8    
351	570   	6649.33	11097.8	161.098	62758.3    
352	570   	6886.82	11566.6	161.098	66851.7    
353	570   	6099.2 	11257.1	161.098	187082     
354	570   	4757.09	7356.78	161.098	75702.3    
355	570   	4833.39	7583.8 	161.098	59627.8    
356	570   	5278.32	9936.86	161.098	82859      
357	570   	5136.23	8411.68	161.098	71614.1    
358	570   	5667.95	9266.27	161.098	80691.5    
359	570   	7201.41	12916.7	161.098	96683.8    
360	570   	5975.4 	10137.9	161.098	140272     
361	570   	5855.09	10600.5	161.098	129826     
362	570   	7685.45	13228.6	161.098	107697     
363	570   	6214.12	11236.8	161.098	120171     
364	570   	5601.65	15854.2	161.098	460037     
365	570   	5108.64	8904.87	161.098	84788.2    
366	570   	6485.64	42072.2	161.098	1.38992e+06
367	570   	5537.44	9949.9 	161.098	91751.6    
368	570   	6753.8 	11998  	161.098	84695.5    
369	570   	6639.63	11798.4	161.098	120634     
370	570   	5463.68	10262.5	161.098	91287.9    
371	570   	4945.42	8123.28	161.098	59627.8    
372	570   	6174.79	11607.8	161.098	131865     
373	570   	4322.5 	6782.85	161.098	59627.8    
374	570   	4917.75	8075.73	161.098	77873.2    
375	570   	4799.45	8076.44	161.098	114117     
376	570   	4638.87	7758.64	161.098	85129.8    
377	570   	4983.57	8928.19	161.098	159288     
378	570   	5638.09	9545.91	161.098	135726     
379	570   	5125.96	9308.07	161.098	103193     
380	570   	4379.4 	7505.3 	152.063	103193     
381	570   	5147.05	8733.91	161.098	135759     
382	570   	4719.25	7998.99	161.098	77413.6    
383	570   	5285.57	9214.9 	161.098	73761.1    
384	570   	4993.08	9468.71	161.098	106270     
385	570   	5822.03	14797.4	161.098	317796     
386	570   	6270.36	11977.5	161.098	145276     
387	570   	5977.59	11104.3	161.098	66744.9    
388	570   	5586.26	9934.49	161.098	111118     
389	570   	8505.78	70919.5	161.098	2.36836e+06
390	570   	5325.65	10671.6	161.098	188342     
391	570   	5221.19	9477.82	161.098	108616     
392	570   	6688.67	31642.3	161.098	1.00374e+06
393	570   	4686.36	9686.59	161.098	210132     
394	570   	5208.29	16209.9	161.098	438512     
395	570   	4899   	13079.5	145.6  	240082     
396	570   	4663.22	7949.21	145.6  	59627.8    
397	570   	4993.59	9433.93	145.6  	81940.9    
398	570   	5159.41	9085.45	145.6  	77677.2    
399	570   	7091.77	12775.5	145.6  	145909     
400	570   	5665.51	9597.18	145.6  	143320     
401	570   	4640.68	8170.05	145.6  	109398     
402	570   	5063.73	9363.15	145.6  	109398     
403	570   	4290.03	6257.45	145.6  	65586.4    
404	570   	4483.2 	7238.75	145.6  	73612.3    
405	570   	5094.99	8834.05	145.6  	100335     
406	570   	5213.95	9039.22	145.6  	59627.8    
407	570   	5485.01	10258.4	145.6  	160655     
408	570   	5715.28	10437.8	145.6  	85718      
409	570   	4477.64	6496.69	145.6  	68774.7    
410	570   	5465.21	8090.66	145.6  	59627.8    
411	570   	4486.98	6271.31	145.6  	59627.8    
412	570   	5797.91	34399  	145.6  	1.0161e+06 
413	570   	5305.59	17359.1	145.6  	528210     
414	570   	4452.98	6866.18	145.6  	81485.4    
415	570   	4572.58	7545.57	145.6  	79782.5    
416	570   	5378.73	11230.9	145.6  	216495     
417	570   	5795.94	11613.5	145.6  	216495     
418	570   	6255.02	12677.7	145.6  	216495     
419	570   	5177.6 	11663.5	145.6  	216495     
420	570   	4957.94	9813.3 	145.6  	216495     
421	570   	5467.74	14700.7	145.6  	400807     
422	570   	5718.86	11045.5	145.6  	154850     
423	570   	5510.9 	11358.7	145.6  	181581     
424	570   	4953.31	8991.07	145.6  	93555.4    
425	570   	4917.66	8644.55	145.6  	65698.8    
426	570   	5739.11	11668.8	145.6  	211536     
427	570   	5112.73	8398.43	145.6  	93120.6    
428	570   	5565.8 	9572.92	145.6  	125092     
429	570   	5748.1 	10236.6	145.6  	74909.8    
430	570   	5717.93	10246.8	145.6  	96883.3    
431	570   	5213.87	8803.21	145.6  	88632.1    
432	570   	6075.87	10565.5	145.6  	64585      
433	570   	4822.17	9235.56	145.6  	185692     
434	570   	5312.47	10711  	142.48 	220340     
435	570   	4405.3 	7767.04	142.48 	185217     
436	570   	4861.43	7261.91	142.48 	98751.8    
437	570   	4800.91	8251.82	142.48 	79923.6    
438	570   	4385.41	5930.57	142.48 	63295.7    
439	570   	4733.09	8190.39	142.48 	115386     
440	570   	4662.31	7365.54	142.48 	75735      
441	570   	5386.96	9739.82	142.48 	88644.7    
442	570   	5746.88	10084  	145.6  	85066.8    
443	570   	5508.02	9085.76	145.6  	103168     
444	570   	5278.74	9752.9 	145.6  	110740     
445	570   	6138.67	10844.4	145.6  	88625.6    
446	570   	4303.01	6341.36	145.6  	94425.6    
447	570   	4903.96	6657.83	145.6  	59627.8    
448	570   	4529.66	6940.01	145.6  	99047.8    
449	570   	5443.72	8635.55	145.6  	75268      
450	570   	5219.06	8654.46	145.6  	69333      
451	570   	5283.34	8461.47	145.6  	78673.8    
452	570   	4001.46	6108.18	145.6  	79523.9    
453	570   	4749.4 	6775.02	161.098	76325.2    
454	570   	4927.89	23665.1	155.287	778176     
455	570   	4396.85	5271.65	155.287	59627.8    
456	570   	4793.41	7195.17	155.287	88045.9    
457	570   	4914.49	8358.21	155.287	64869.2    
458	570   	5181.93	9477.51	161.098	117966     
459	570   	4790.14	7554.59	161.098	61815.9    
460	570   	5108.61	8351.49	144.541	68003.7    
461	570   	6131.41	10468.5	144.541	68982.2    
462	570   	5639.16	22088.6	144.541	697755     
463	570   	5759.85	10541.2	144.541	68751.5    
464	570   	5112.94	8541.72	144.541	109070     
465	570   	5846.97	11172.6	144.541	198941     
466	570   	6643.92	16455.4	144.541	448916     
467	570   	5223.82	8727.78	144.541	67738.8    
468	570   	6794.11	19070.9	144.541	547781     
469	570   	5675.57	9660.95	144.541	59799.4    
470	570   	6114.26	10659.8	144.541	101972     
471	570   	5071.12	8498.8 	144.541	85159.2    
472	570   	6283.03	12961.5	144.541	263780     
473	570   	5562.79	10478.1	144.541	122022     
474	570   	5013.69	7928.72	142.372	87895.9    
475	570   	5647.03	9547.8 	144.541	123447     
476	570   	7668.85	11932.5	144.541	59627.8    
477	570   	6947.7 	12115.9	144.541	141195     
478	570   	14857.8	340771 	144.541	1.15125e+07
479	570   	5006.64	8531.94	144.541	116043     
480	570   	4898.04	7315.93	144.541	80752.7    
481	570   	4836.1 	8523.19	144.541	186951     
482	570   	6945.61	27174.3	144.541	849472     
483	570   	5359.71	9189.99	144.541	119279     
484	570   	5289.56	9877.96	144.541	197744     
485	570   	5923.42	10107.4	140.606	200665     
486	570   	4668.63	7275.77	140.606	96990.3    
487	570   	5437.36	9878.82	140.606	213866     
488	570   	4888.64	8354.67	140.606	213866     
489	570   	4962.57	7647.99	140.606	75791.7    
490	570   	4486.21	7129.2 	140.606	110523     
491	570   	7484.83	85557.9	135.599	2.86912e+06
492	570   	5318.82	7552.71	140.606	113877     
493	570   	4661.87	6935.87	140.606	101340     
494	570   	4135.06	5917.65	140.606	107718     
495	570   	3976.02	5706.07	140.606	107718     
496	570   	4107.07	6376.73	140.606	99649.4    
497	570   	5848.06	18430.9	140.606	418142     
498	570   	5200.96	14409.3	140.606	418142     
499	570   	5511.2 	17629.5	140.606	552764     
500	570   	5334.15	7747.66	140.606	41640.9    
Elapsed time: 32598 seconds (9h 3m 18s)
