
gen	nevals	avg    	std        	min    	max        
1  	510   	4681.84	277.701    	4565.59	9550.33    
2  	510   	4677.82	219.178    	4565.59	9550.33    
3  	510   	4609.33	32.3542    	4565.59	4746.51    
4  	510   	4613.54	34.6329    	4565.59	4729.3     
5  	510   	4613.28	35.9945    	4565.4 	4747.17    
6  	510   	4617.06	34.5022    	4565.59	4756.42    
7  	510   	4611.76	36.5083    	4565.59	4843.25    
8  	510   	4620.32	80.3469    	3323.18	4778.13    
9  	510   	4608.84	110.122    	3323.18	4780.34    
10 	510   	4619.35	159.767    	3317.28	4785.93    
11 	510   	4579.98	218.62     	3305.85	4810.03    
12 	510   	4532.67	354.975    	1153.75	4791.52    
13 	510   	4414.19	479.467    	1153.75	4796.67    
14 	510   	4282.77	713.375    	967.721	10313.4    
15 	510   	4349.1 	938.524    	967.721	11386.3    
16 	510   	4184.69	1445.06    	967.721	16531.4    
17 	510   	4483.79	1855.05    	967.721	16531.4    
18 	510   	4273.55	2222.95    	926.787	17123.9    
19 	510   	4340.23	2289.19    	910.398	29779.8    
20 	510   	4544.07	2734.02    	931.452	17123.9    
21 	510   	4597.26	2764.09    	896.542	17161.6    
22 	510   	4390.96	2713.6     	775.955	17161.6    
23 	510   	4368.67	2867.36    	775.169	18234.6    
24 	510   	4403.48	2766.04    	775.169	51625.2    
25 	510   	4594.12	3495.44    	759.029	51625.2    
26 	510   	4386.78	3220.02    	759.029	51625.2    
27 	510   	4718.66	6859.81    	759.029	188114     
28 	510   	4489.61	2681.69    	725.321	19418.3    
29 	510   	4553.1 	6935.19    	759.029	206787     
30 	510   	5253.85	19912.3    	788.866	634063     
31 	510   	4971.19	4050.11    	759.274	54846.3    
32 	510   	4540.24	3690.96    	716.347	86993.7    
33 	510   	4918.93	4427.58    	666.079	102262     
34 	510   	4615.15	4381.54    	666.079	102262     
35 	510   	7830.45	99874.4    	666.079	3.19356e+06
36 	510   	5179.14	7421.88    	666.079	136768     
37 	510   	5553.05	16855.3    	666.079	476063     
38 	510   	5647.67	16985.1    	666.079	476063     
39 	510   	5376.46	8404.27    	666.079	136768     
40 	510   	5467.69	9377.07    	666.079	136768     
41 	510   	5536.08	10483.8    	666.079	136768     
42 	510   	5011.57	5318.08    	666.079	88938      
43 	510   	5019.06	5373.59    	664.244	121488     
44 	510   	5383.29	6315.56    	664.244	121488     
45 	510   	4895.66	9678.06    	666.079	250205     
46 	510   	4948.62	6452.6     	656.963	100183     
47 	510   	6504.46	52378.1    	656.963	1.65804e+06
48 	510   	5065.84	8634.46    	606.12 	195460     
49 	510   	5088.75	8251.08    	606.12 	168926     
50 	510   	4881.37	8217.38    	606.12 	186578     
51 	510   	4789.97	4827.59    	606.12 	82931.5    
52 	510   	5101.3 	4702.37    	606.12 	57598.3    
53 	510   	4875.09	4667.77    	606.12 	56498.7    
54 	510   	5078.61	17007.4    	595.486	533021     
55 	510   	4679.18	3763       	595.486	41074.6    
56 	510   	5258.83	14938.9    	595.486	462053     
57 	510   	5301.74	6489.72    	595.486	153457     
58 	510   	5262.56	7198.01    	595.486	169820     
59 	510   	5037.07	6570.31    	595.486	164541     
60 	510   	4819.17	4434.05    	595.486	56315.1    
61 	510   	4593.1 	3878.64    	595.486	41074.6    
62 	510   	6601.36	44894.2    	595.486	1.42615e+06
63 	510   	5203.34	7126.2     	595.486	137873     
64 	510   	5111.51	6550.19    	577.759	129395     
65 	510   	5550.6 	5889.77    	595.486	76599.6    
66 	510   	4813.21	4932.98    	595.486	66441.2    
67 	510   	5140.76	5705.03    	595.486	109779     
68 	510   	5454.07	16081.6    	595.486	448677     
69 	510   	5333.08	14323.5    	595.486	440363     
70 	510   	5002.05	4393.52    	595.486	54940.9    
71 	510   	4937.07	4570.98    	595.486	54940.9    
72 	510   	192995 	5.98695e+06	595.486	1.91307e+08
73 	510   	5610.02	21544.9    	590.1  	675293     
74 	510   	6340.91	23447      	590.1  	673785     
75 	510   	5336.97	5806.56    	595.486	95943      
76 	510   	5900.83	11026.2    	595.486	226483     
77 	510   	6242.02	10879.1    	595.486	259017     
78 	510   	6613.12	30693.1    	595.486	949747     
79 	510   	5362.43	6991.58    	595.486	186236     
80 	510   	5963.9 	10817.2    	595.486	192905     
81 	510   	7973.81	53933.6    	595.486	1.40769e+06
82 	510   	7134.18	46460.8    	595.486	1.40769e+06
83 	510   	5484.99	7363.11    	595.486	156190     
84 	510   	6589.86	47286.4    	595.486	1.50103e+06
85 	510   	5435.06	14607.3    	595.486	452537     
86 	510   	5991.55	16013.6    	595.052	452537     
87 	510   	7035.2 	41676.7    	595.052	1.1674e+06 
88 	510   	5650.71	6418.3     	601.856	97313.6    
89 	510   	5109.22	7280.53    	596.376	169837     
90 	510   	5274.41	9500.63    	596.376	257542     
91 	510   	5074.59	3828.72    	596.376	41142.9    
92 	510   	5646.42	9330.88    	596.376	256219     
93 	510   	4958.26	4925.78    	596.376	103583     
94 	510   	5561.34	5900.78    	596.376	109626     
95 	510   	5550.32	7927.43    	596.376	145991     
96 	510   	5462.92	7572.76    	596.376	146728     
97 	510   	6803.19	24015.7    	596.376	693444     
98 	510   	15762.8	327900     	596.376	1.04807e+07
99 	510   	6554.66	18067      	596.376	516946     
100	510   	5180.42	6308.76    	596.376	150960     
101	510   	6051.68	15663.5    	596.376	370582     
102	510   	5695.55	10684.1    	596.376	244858     
103	510   	5420.09	7660.41    	596.376	150960     
104	510   	4974.37	4480.72    	596.376	70848.5    
105	510   	5298.3 	5472.73    	596.376	97245.8    
106	510   	5000.07	4237.63    	596.376	36791.8    
107	510   	5559.71	12008.4    	585.624	317156     
108	510   	5488.08	5337.12    	585.624	71544.1    
109	510   	5411.2 	6570.16    	585.624	128641     
110	510   	5691.07	19620.5    	585.624	605243     
111	510   	5515.62	8712.51    	585.624	236930     
112	510   	5394.37	7267.55    	590.956	169439     
113	510   	5580.2 	11178.2    	590.956	254690     
114	510   	5610.96	8332.53    	590.956	220989     
115	510   	5028.25	4466.17    	590.956	69629      
116	510   	5922.47	9709.66    	590.956	236597     
117	510   	7432.49	49252.3    	590.956	1.55441e+06
118	510   	5501.43	4952.52    	590.956	53824.6    
119	510   	6107.27	8159.51    	590.956	175204     
120	510   	5833.7 	8508.93    	590.956	193335     
121	510   	6229.35	11561.5    	590.956	287401     
122	510   	5983.94	16536.8    	590.956	474249     
123	510   	6205.2 	7864.9     	572.762	135075     
124	510   	5576.19	14328.9    	572.762	427488     
125	510   	6603.32	14751.2    	572.762	291429     
126	510   	6607.61	23287.8    	572.762	665124     
127	510   	5952.48	9932.48    	572.762	137342     
128	510   	6194.71	11237.5    	572.762	120536     
129	510   	5973.69	11212.7    	559.389	143933     
130	510   	7262.21	17941      	572.762	377804     
131	510   	7257.15	20448.7    	572.762	343654     
132	510   	7515.17	19984.3    	572.762	281031     
133	510   	7006.67	18570.8    	574.078	281031     
134	510   	8488.98	23312.4    	574.078	281031     
135	510   	10276.1	34633.8    	574.078	309886     
136	510   	7942.97	25661      	574.078	281031     
137	510   	11185.6	37077      	574.078	281031     
138	510   	7637.72	21243.1    	574.078	281031     
139	510   	10810.6	98953.7    	574.078	3.08043e+06
140	510   	7768.66	23593.1    	574.078	281031     
141	510   	8797.36	27207.6    	574.078	311480     
142	510   	10447.4	35565.8    	574.078	302931     
143	510   	7296.86	22035      	574.078	281031     
144	510   	6703.18	20914.7    	574.078	281031     
145	510   	7889.03	26190.3    	574.078	281031     
146	510   	9885.14	33418.7    	574.078	281031     
147	510   	6730.93	17388.6    	574.078	281031     
148	510   	7695.34	23488.8    	639.046	281031     
149	510   	10259.1	36767.8    	639.046	525003     
150	510   	7356.41	18790.3    	639.046	281031     
151	510   	9423.73	31394.8    	639.415	281031     
152	510   	7757.5 	23843.1    	617.7  	281031     
153	510   	11213.1	48373.2    	617.7  	1.1006e+06 
154	510   	8964.62	25246.8    	580.29 	281031     
155	510   	8513.28	30153.2    	580.29 	281031     
156	510   	6044.37	13647      	580.29 	281031     
157	510   	7250.12	21846.2    	580.29 	281031     
158	510   	8857.5 	30503.9    	580.29 	281031     
159	510   	7542.28	21848.9    	580.29 	281031     
160	510   	8528.38	28851.7    	580.29 	281031     
161	510   	7332.4 	24580.1    	572.84 	281031     
162	510   	7940.06	26296.9    	580.29 	281031     
163	510   	7613.77	22246.4    	580.29 	281031     
164	510   	9858.23	38892.1    	580.29 	692119     
165	510   	6128.69	30793.5    	580.29 	692119     
166	510   	6167.96	23425.4    	580.29 	692119     
167	510   	5794.97	8864.55    	580.29 	133815     
168	510   	6398.91	12464.3    	584.608	287498     
169	510   	5683.33	9531.1     	584.608	217398     
170	510   	6063.49	8014.32    	584.608	155422     
171	510   	5312.08	5868.85    	584.608	63319.3    
172	510   	5974.9 	12203.1    	584.608	344087     
173	510   	5610.38	6343.88    	584.608	63319.3    
174	510   	7326.88	16208.6    	584.608	267814     
175	510   	6919.77	17282.9    	584.608	267447     
176	510   	5642.88	10810      	603.653	298125     
177	510   	7651.82	31597.9    	603.653	742291     
178	510   	6317.28	9245.61    	603.653	167072     
179	510   	7449.15	16558.2    	603.653	390740     
180	510   	5753.46	9692.46    	603.653	169553     
181	510   	5875.47	6815.99    	603.653	128098     
182	510   	6367.14	7405.25    	636.981	110176     
183	510   	6525.83	20807.6    	636.981	593909     
184	510   	6231.3 	7252.11    	573.766	122235     
185	510   	6377.75	7951       	634.837	133461     
186	510   	5397.61	5854.67    	634.837	78545.8    
187	510   	5486.21	6367.03    	595.698	80919.2    
188	510   	8102.24	56826.9    	595.698	1.80377e+06
189	510   	8262.68	56911.9    	595.698	1.80377e+06
190	510   	6732.34	10797.3    	595.698	189525     
191	510   	7419.55	14378.6    	595.698	189525     
192	510   	6408.54	9818.36    	595.698	189525     
193	510   	6094.57	10654.4    	595.698	189525     
194	510   	6060.56	11346.4    	594.413	189525     
195	510   	7303.99	18020.6    	595.698	285221     
196	510   	6609.85	15252.5    	595.698	189525     
197	510   	6840.29	17425.3    	595.698	189525     
198	510   	6956.26	14182.2    	595.698	217788     
199	510   	9203.96	88765.8    	574.034	2.8063e+06 
200	510   	10810.4	75289.7    	574.034	1.63229e+06
201	510   	6706.14	14966.1    	595.698	189525     
202	510   	6686.04	11633.5    	595.698	189525     
203	510   	7018.57	15354      	595.698	258710     
204	510   	7055.24	19891      	595.698	414337     
205	510   	6305.09	11955.6    	595.698	198175     
206	510   	6891.19	16555.7    	595.698	274453     
207	510   	6508.85	12379.2    	604.84 	194472     
208	510   	6753.69	13635.6    	604.84 	277040     
209	510   	6516.18	10129.4    	604.84 	176610     
210	510   	5568.35	9924.94    	604.84 	206233     
211	510   	6251.48	12318.9    	604.84 	271382     
212	510   	5814.97	9574.24    	604.84 	176610     
213	510   	7151.01	15715.7    	604.84 	176610     
214	510   	7230.33	16814.7    	604.84 	313551     
215	510   	6764.81	17760.4    	604.84 	393409     
216	510   	6776.38	15348.9    	604.84 	176610     
217	510   	5540.7 	7970.61    	604.84 	176610     
218	510   	6550.03	9964.86    	604.84 	176610     
219	510   	5800.17	9363.17    	604.84 	176610     
220	510   	6390.65	15948.4    	604.84 	176610     
221	510   	6206.81	12830.4    	604.84 	176610     
222	510   	6495.24	13460.1    	604.84 	176610     
223	510   	8319.5 	38469.2    	604.84 	1.1085e+06 
224	510   	5765.06	11000.7    	572.732	176610     
225	510   	6288.63	13601.1    	572.732	176610     
226	510   	4907.43	5230.28    	572.732	100198     
227	510   	4647.53	4341.17    	572.732	38318.3    
228	510   	5126.84	5440.44    	572.732	66503      
229	510   	4321.51	3276.42    	572.732	29287.4    
230	510   	4690.9 	7325.32    	572.732	169278     
231	510   	4744.7 	5742.7     	572.732	107795     
232	510   	4734.69	5322.57    	572.732	116410     
233	510   	4815.69	6095.49    	572.732	116410     
234	510   	4479.48	3464.72    	572.732	52966.4    
235	510   	4390.68	4183.77    	572.729	67596.6    
236	510   	4563.13	8266.72    	572.729	239936     
237	510   	4551.57	8010.67    	572.729	234701     
238	510   	4335.06	2914.22    	572.729	22831.6    
239	510   	4934.17	6295.94    	542.312	160984     
240	510   	4798.66	9006.38    	542.312	253211     
241	510   	5130.67	10061.8    	542.312	266032     
242	510   	5673.9 	11941.9    	524.808	266032     
243	510   	5880   	10975.6    	542.312	245860     
244	510   	5494.25	8420.75    	542.312	168987     
245	510   	6635.56	11019.1    	542.312	162352     
246	510   	4820.96	4557.18    	542.312	69915.1    
247	510   	5707.58	8208.45    	581.212	152791     
248	510   	5947.9 	9231.95    	581.212	69915.1    
249	510   	5439.65	8375.3     	581.212	216619     
250	510   	5319.58	4989.54    	581.212	57348.3    
251	510   	5428.69	6295.94    	581.212	89510.5    
252	510   	5753.2 	6074.14    	581.212	89510.5    
253	510   	5633.66	7573.82    	581.212	155792     
254	510   	5462.84	6298.25    	581.212	89510.5    
255	510   	6120.64	11423.3    	581.212	194223     
256	510   	5999.84	16997.7    	581.212	504347     
257	510   	5684.65	5637.95    	581.212	56119.1    
258	510   	5503.57	5463.44    	567.116	79615.4    
259	510   	5799.41	5549.8     	567.116	55619.7    
260	510   	6223.99	6753.23    	567.116	123836     
261	510   	6182.54	15983.1    	567.116	483096     
262	510   	7661.79	30542.4    	567.116	483096     
263	510   	9031.15	40189.2    	567.116	483096     
264	510   	8177.24	36813.8    	567.116	483096     
265	510   	10944  	46574.4    	567.116	483096     
266	510   	7139.38	29798.8    	567.116	483096     
267	510   	10646.5	45914.3    	567.116	483096     
268	510   	10138  	44327.8    	567.116	483096     
269	510   	12415.5	53052.5    	567.116	483096     
270	510   	4718.15	3773.48    	567.116	54991.3    
271	510   	5396.8 	5196.73    	535.773	24841.3    
272	510   	4810.78	4136.04    	535.773	39626.7    
273	510   	5034.42	4416.82    	535.773	30729.3    
274	510   	5235.16	4762.54    	535.773	30729.3    
275	510   	4917.85	4417.2     	535.773	46476.2    
276	510   	4847.82	4598.37    	535.773	80607      
277	510   	5481.08	16497      	535.773	485642     
278	510   	5933.45	9900.22    	535.773	197527     
279	510   	5484.73	5851.77    	535.773	87734.2    
280	510   	5328.08	6208.96    	535.773	87734.2    
281	510   	5428.93	8453.59    	535.773	204636     
282	510   	6113.38	11072.3    	535.773	204636     
283	510   	6896.92	39901.7    	535.773	1.25451e+06
284	510   	5752.91	9240.05    	522.761	116404     
285	510   	5883.37	8355.95    	522.761	87734.2    
286	510   	5489.14	7958.79    	522.761	87734.2    
287	510   	6489.46	16425.9    	522.761	469206     
288	510   	18410.7	419147     	522.761	1.33962e+07
289	510   	6539.7 	15568.9    	522.761	376163     
290	510   	5607.86	6321.21    	522.761	78547      
291	510   	6583.28	11106.3    	522.761	176991     
292	510   	6140.47	10394.9    	522.761	223912     
293	510   	6515.42	13250.6    	522.761	265330     
294	510   	5872.68	11567.8    	522.761	250867     
295	510   	6591.06	10028.7    	522.761	180144     
296	510   	7386.55	30880.3    	522.761	692694     
297	510   	6394.61	8294.12    	522.761	108458     
298	510   	6492.72	17492.7    	522.761	414477     
299	510   	6068.19	8164.18    	522.761	121250     
300	510   	6852.02	24711.1    	522.761	687782     
301	510   	5991.96	7429.44    	522.761	78363.1    
302	510   	6852.85	11060.4    	522.761	178488     
303	510   	8468.86	73324      	522.761	2.33819e+06
304	510   	11380.5	103555     	604.537	2.33819e+06
305	510   	6377.69	13458.2    	604.537	320639     
306	510   	6003.45	9395.79    	604.537	156506     
307	510   	6759.38	13683      	604.537	280461     
308	510   	5819.77	7954.95    	563.816	136570     
309	510   	5970.31	9105.25    	563.816	143604     
310	510   	6964.09	13094.4    	563.816	226698     
311	510   	6453.94	12741.2    	563.816	236695     
312	510   	7089.75	17331.3    	563.816	328076     
313	510   	7075.98	16520      	563.816	192165     
314	510   	6351.24	10763.7    	563.816	143604     
315	510   	6634.52	11998.8    	546.324	143604     
316	510   	6697.47	13213      	546.324	143604     
317	510   	6697.53	15757.1    	585.84 	283866     
318	510   	6933.2 	16648.5    	585.84 	283866     
319	510   	6615.68	13174.3    	608.145	143604     
320	510   	7122.38	16505.8    	608.145	179141     
321	510   	4761.36	4345.12    	599.289	52199      
322	510   	5664.53	7687.53    	599.289	168267     
323	510   	4921.02	4853.83    	592.064	88871.5    
324	510   	4585.05	5319.99    	592.064	103419     
325	510   	5192.07	5392.87    	582.161	93203.1    
326	510   	4819.91	3993.51    	592.064	36767.3    
327	510   	5390.55	9675.42    	592.064	278020     
328	510   	6087.68	14742.2    	592.064	327388     
329	510   	4812.47	3554.54    	592.064	24848.8    
330	510   	5864.33	11681.7    	592.064	269205     
331	510   	5572.27	7935.92    	592.064	174849     
332	510   	5783.96	9376.31    	592.064	249436     
333	510   	6258.09	9817.56    	569.803	178764     
334	510   	5653.03	9280.22    	569.803	190349     
335	510   	5777.02	9793.88    	569.803	206730     
336	510   	5244.1 	9201.59    	587.017	262721     
337	510   	5260.2 	5828.44    	587.017	95683.7    
338	510   	5765.02	9784.54    	587.017	173934     
339	510   	5288.32	6517.93    	587.017	138216     
340	510   	5611.29	11098.6    	631.488	243511     
341	510   	5037.95	4620.7     	631.488	76853.2    
342	510   	5530.67	9252.1     	631.488	250506     
343	510   	5393.79	9519.6     	631.488	189709     
344	510   	5566.29	9610.61    	633.734	213928     
345	510   	5960.49	12386.9    	634.314	274959     
346	510   	5457.56	6135.02    	561.373	76853.2    
347	510   	6099.54	10253.8    	561.373	197216     
348	510   	6140.86	16715      	634.314	497512     
349	510   	6027.23	9606.92    	634.314	191615     
350	510   	5303.46	4868.73    	634.314	54379.1    
351	510   	6544.2 	11131.3    	619.634	237101     
352	510   	5352.32	7553.16    	619.634	170110     
353	510   	6129.85	13574      	619.634	329044     
354	510   	5290.72	4881.98    	619.634	49465.9    
355	510   	6346.07	8489.74    	618.955	149687     
356	510   	5189.46	4679.97    	618.955	53664.2    
357	510   	5846.33	10374.6    	618.955	225944     
358	510   	6240.49	9712.74    	566.577	225944     
359	510   	5920.38	7569.53    	566.577	126595     
360	510   	5621.54	6941.66    	566.577	99172.9    
361	510   	7479.97	30350.6    	566.577	705986     
362	510   	6018.04	7629.36    	557.126	99172.9    
363	510   	6677.47	11580.9    	557.126	266813     
364	510   	6453.26	10534.5    	557.126	99172.9    
365	510   	6641.69	9882.4     	557.126	137011     
366	510   	5917.63	9064.71    	557.126	99172.9    
367	510   	7545.74	21767.4    	554.325	605121     
368	510   	5870.91	9878.85    	554.325	99172.9    
369	510   	6186.02	10639.4    	554.325	151232     
370	510   	6073.79	10618.2    	554.325	99172.9    
371	510   	5987.21	9570.84    	551.229	135329     
372	510   	5505.76	7603.59    	551.229	99172.9    
373	510   	6798.03	12549.5    	551.229	114530     
374	510   	6026   	13583.4    	551.229	368550     
375	510   	6367.72	11771.7    	551.229	192361     
376	510   	5847.26	11246.7    	551.229	256100     
377	510   	6430.67	11160      	551.229	158179     
378	510   	5993.75	11211.9    	551.229	232920     
379	510   	6663.67	26294.7    	551.229	792695     
380	510   	6750.32	10254.2    	551.229	114607     
381	510   	6303.91	10460.8    	551.229	116719     
382	510   	8755.37	84560.9    	583.516	2.68846e+06
383	510   	7211.02	13264.6    	583.516	185799     
384	510   	6415.91	9819.57    	583.516	121640     
385	510   	7195.77	12966      	583.516	195703     
386	510   	5893.88	9419.8     	583.516	176949     
387	510   	6025.08	9203       	583.516	99172.9    
388	510   	6729.37	12338.5    	583.516	243369     
389	510   	8125.71	26643.5    	609.584	704661     
390	510   	6153.94	9785.85    	609.584	197546     
391	510   	6285.21	8887.43    	609.584	99172.9    
392	510   	6527.45	12198      	609.584	154365     
393	510   	7631.5 	35847.2    	609.584	1.09875e+06
394	510   	7460   	14974.2    	609.599	239567     
395	510   	6599.86	11582.4    	609.599	128075     
396	510   	5767.13	6712.48    	609.599	99172.9    
397	510   	7081.35	14611.9    	609.599	319245     
398	510   	7331.7 	31588.3    	609.599	901098     
399	510   	5724.1 	7643.96    	609.599	99172.9    
400	510   	6756.73	13925.2    	631.071	352908     
401	510   	8046.09	34658.6    	650.227	1.05248e+06
402	510   	6045.68	14112.8    	667.891	377933     
403	510   	6544.39	9505.19    	640.965	161463     
404	510   	7478.39	27385.7    	674.162	824197     
405	510   	6867.95	18467      	674.162	440948     
406	510   	6433.58	9703.61    	659.923	99172.9    
407	510   	7380.36	11244.3    	659.923	178374     
408	510   	5988.33	12148.7    	635.501	250025     
409	510   	7284   	15552.3    	635.501	250025     
410	510   	8216.21	23634.8    	606.51 	250025     
411	510   	7660.69	19327.8    	606.51 	324127     
412	510   	6489.7 	16919.6    	606.51 	412097     
413	510   	6930.36	15102.1    	606.51 	250025     
414	510   	5939.26	10838.6    	606.51 	250025     
415	510   	7875.78	19455.7    	606.51 	250025     
416	510   	6484.29	13839.5    	606.51 	250025     
417	510   	7941.42	18900.6    	572.993	250025     
418	510   	7203.64	13102.4    	569.236	166453     
419	510   	8596.23	23923.6    	569.236	562092     
420	510   	6852.9 	27426.3    	569.236	820754     
421	510   	8142.85	17619.5    	569.236	303569     
422	510   	7906.01	44519.2    	569.236	1.37635e+06
423	510   	7407.89	21908.3    	569.236	534655     
424	510   	7275.18	17529.8    	569.236	344604     
425	510   	17408.1	263198     	569.236	8.37188e+06
426	510   	5838.85	8684.27    	569.236	101333     
427	510   	6733.8 	10436.5    	572.993	110031     
428	510   	6163.79	9800.06    	572.993	107912     
429	510   	15221.5	250190     	572.993	7.988e+06  
430	510   	6031.39	9168.56    	572.993	116483     
431	510   	10770.3	122791     	572.993	3.87078e+06
432	510   	10855  	121542     	572.993	3.87078e+06
433	510   	7225.29	15457.3    	572.993	275390     
434	510   	6569.59	11507.2    	572.993	99172.9    
435	510   	7168.86	19481.8    	572.993	429486     
436	510   	5323.39	5360.74    	572.993	95341.6    
437	510   	5501.34	6089.21    	572.993	95341.6    
438	510   	5392.43	8724.52    	572.993	175171     
439	510   	7421.3 	29235.2    	572.993	849941     
440	510   	5984.8 	8846.05    	572.993	138746     
441	510   	6168.94	9420.51    	572.993	138746     
442	510   	5436.24	6473.31    	572.993	143156     
443	510   	5960.15	7601.97    	572.993	144416     
444	510   	7195.58	41146      	571.803	1.29217e+06
445	510   	5971.92	10986      	571.803	291656     
446	510   	5764.92	8486.48    	571.803	108028     
447	510   	7104.58	15857.6    	571.803	270741     
448	510   	6066.9 	12145.3    	571.803	337775     
449	510   	6207.1 	12736.7    	571.803	337775     
450	510   	6548.15	9279.35    	571.803	132657     
451	510   	5818.58	8877.73    	571.803	207607     
452	510   	5254.15	8785.69    	571.803	215523     
453	510   	5491.62	7725.58    	571.803	166018     
454	510   	5197.35	8591.54    	571.803	224740     
455	510   	6144.01	13305.5    	571.803	339718     
456	510   	4751.49	3371.16    	571.803	30560.2    
457	510   	5582.56	6607.5     	571.803	124014     
458	510   	4830.44	4082.58    	571.803	49491.5    
459	510   	5253.41	6527.85    	571.803	160687     
460	510   	5989.6 	17700.6    	590    	519607     
461	510   	5715.39	6294.63    	590    	96445.9    
462	510   	6550.27	41369.1    	590    	1.31702e+06
463	510   	5961.67	6948.51    	590    	93838.5    
464	510   	25758.2	454943     	590    	1.12616e+07
465	510   	5584.28	5183.4     	566.712	85988.6    
466	510   	5961.53	7261.49    	566.712	154668     
467	510   	5699.37	5208.47    	566.712	50218.7    
468	510   	6063.17	12521.8    	542.305	337116     
469	510   	5618   	5889.21    	566.712	80504.8    
470	510   	6657.73	14245.7    	566.712	333263     
471	510   	5942.68	7129.84    	566.712	116777     
472	510   	5908.31	10739      	590    	271508     
473	510   	5232.98	6231.23    	590    	67043.3    
474	510   	6173.22	8259.47    	590    	86897      
475	510   	5756.81	7709.01    	590    	159540     
476	510   	8699.38	99877.8    	590    	3.18247e+06
477	510   	6193.01	17121      	570.908	493856     
478	510   	6837.58	24779.4    	570.908	568707     
479	510   	6211.65	9620.55    	570.908	167901     
480	510   	6758.8 	25914.1    	570.908	689049     
481	510   	6643.64	14900.8    	570.908	408187     
482	510   	5003.33	6519.15    	557.955	140915     
483	510   	5274.17	8761.03    	570.908	222961     
484	510   	5549.1 	6314.66    	572.926	74393.3    
485	510   	5683.21	9400.71    	572.926	197462     
486	510   	6857.6 	12313.5    	572.926	180175     
487	510   	5487.59	6193.4     	572.926	74393.3    
488	510   	6300.34	9680.04    	572.926	152591     
489	510   	6375.68	16835.4    	572.926	288606     
490	510   	6543.1 	14318.5    	563.818	233561     
491	510   	5241.11	7928.12    	572.926	223742     
492	510   	7278.66	27725.1    	572.926	664684     
493	510   	5323.6 	4649.2     	572.926	52735      
494	510   	11705.7	181538     	572.926	5.80018e+06
495	510   	16582.8	256513     	572.926	5.80018e+06
496	510   	5344.75	5730.61    	572.926	126316     
497	510   	5046.12	4179.15    	572.926	37269.8    
498	510   	5838.99	9251.75    	572.926	165665     
499	510   	5254.26	7087.57    	562.843	165665     
500	510   	4812.78	3828.77    	572.926	65309.2    
Elapsed time: 24792 seconds (6h 53m 12s)
