
gen	nevals	avg    	std        	min    	max        
1  	280   	7232.52	2215.56    	4305.97	9000       
2  	280   	7226.14	2215.55    	4305.97	9000       
3  	280   	5134.41	1652.33    	4278.73	9000       
4  	280   	4612.67	1179.79    	4227.79	22800.1    
5  	280   	4844.7 	2543.39    	4227.79	31007      
6  	280   	4643.94	1865.22    	4200.71	31007      
7  	280   	4458.01	1183.87    	4200.71	29107.8    
8  	280   	4590.63	3012.26    	4200.71	61604.6    
9  	280   	4336.65	384.691    	4161.23	9000       
10 	280   	4453.21	3113.78    	4161.23	76959.1    
11 	280   	4310.49	712.384    	4162.26	14455      
12 	280   	4268.29	692.94     	4156.7 	20316.9    
13 	280   	4225.07	109.718    	4151.15	5627.96    
14 	280   	4227.6 	135.258    	4149.49	6375.06    
15 	280   	4221.82	77.8628    	4146.07	5144.36    
16 	280   	4224.4 	229.612    	3143.37	9000       
17 	280   	4202.28	170.763    	3137.69	5779.81    
18 	280   	4184.48	286.139    	2171.6 	9000       
19 	280   	4224.3 	1173.63    	1033.45	21132.4    
20 	280   	4361.11	2201.03    	1033.45	21132.4    
21 	280   	4566.8 	2997.11    	1033.45	32305.2    
22 	280   	4630.48	3791.9     	1033.45	32305.2    
23 	280   	5215.7 	4768.37    	1033.45	32305.2    
24 	280   	6039.52	5688.92    	1033.45	32305.2    
25 	280   	5726.5 	5227.7     	1033.45	22393.2    
26 	280   	6352.69	5804.99    	1033.45	24173.3    
27 	280   	6158.57	5586.06    	1033.45	24173.3    
28 	280   	5891.53	6636.29    	998.329	100212     
29 	280   	6068.13	6691.25    	992.134	100212     
30 	280   	6041.65	5365.51    	833.403	26078.8    
31 	280   	5951.05	5330.94    	833.403	24858.2    
32 	280   	5960.17	5482.98    	833.403	27709.9    
33 	280   	6619.06	6306.85    	697.979	30061.7    
34 	280   	6709.68	6289.63    	670.314	30061.7    
35 	280   	5990.96	5912.21    	670.314	28600.7    
36 	280   	6366.61	6642.83    	654.499	33720.5    
37 	280   	6435.87	6350.93    	597.273	28600.7    
38 	280   	6947.12	7019.88    	654.499	32742      
39 	280   	6418.23	6793.88    	416.928	34649.1    
40 	280   	5674.24	6032.01    	416.928	28600.7    
41 	280   	6098.2 	6519.7     	416.928	32872      
42 	280   	6785.29	7163.36    	416.928	36324.5    
43 	280   	5878.97	6271.07    	416.928	38155.6    
44 	280   	6397.8 	6863.4     	416.928	36324.5    
45 	280   	6974.55	8069.73    	323.703	40395.7    
46 	280   	6896.43	8268.31    	323.703	40395.7    
47 	280   	8333.88	11665.9    	323.703	172393     
48 	280   	8432.63	11826      	323.703	172393     
49 	280   	8191.99	11476.8    	323.703	172393     
50 	280   	7019.68	8254.73    	323.703	40610.7    
51 	280   	6977.98	7703.67    	323.703	36324.5    
52 	280   	5799.25	6111.16    	323.703	36324.5    
53 	280   	6060.2 	6188.84    	323.703	36324.5    
54 	280   	5195.49	6147.51    	323.703	80115.3    
55 	280   	5746.68	6168.33    	323.703	37593      
56 	280   	5657.35	5547.06    	323.703	31348.4    
57 	280   	5868.19	6053.81    	323.703	34458.1    
58 	280   	5830.03	6173.57    	313.667	34553.3    
59 	280   	5384.39	5402.24    	313.667	37591.9    
60 	280   	5045.23	5012.09    	313.667	28496.6    
61 	280   	5308.48	6196.13    	295.221	57565.3    
62 	280   	5733.37	6596.42    	295.221	57565.3    
63 	280   	6160.1 	8297.9     	295.221	58826.6    
64 	280   	6673.95	9275.66    	313.667	58826.6    
65 	280   	7107.62	9660.28    	313.667	58826.6    
66 	280   	6948.78	8677.06    	313.667	57565.3    
67 	280   	6625.59	8717.61    	313.667	65741.6    
68 	280   	7199.52	8825.94    	313.667	52547.8    
69 	280   	6315.64	7844.36    	313.667	52547.8    
70 	280   	7186.87	8551.99    	313.667	52547.8    
71 	280   	5619.06	6508.37    	313.667	37605.2    
72 	280   	6502.33	7234       	272.914	38094.2    
73 	280   	6857.99	7549.15    	272.914	34649.2    
74 	280   	5626.17	6172.13    	272.914	40580.9    
75 	280   	5011.15	5067.83    	272.914	32281      
76 	280   	4804.08	5116.17    	272.914	32281      
77 	280   	5768.93	6805.37    	272.914	39587.2    
78 	280   	5392.22	5806.84    	272.914	32363.2    
79 	280   	5954.06	6299.44    	272.914	32281      
80 	280   	5070.6 	5354.9     	272.914	32281      
81 	280   	5336.55	5803.67    	272.914	44326.1    
82 	280   	5900.62	6158.45    	272.914	44326.1    
83 	280   	6142.11	6717.04    	272.914	44326.1    
84 	280   	5702.91	6275.46    	272.914	44326.1    
85 	280   	6349.29	7040.55    	273.75 	44326.1    
86 	280   	5579.01	5779.3     	273.75 	32281      
87 	280   	6374.28	6857.45    	273.75 	65395.6    
88 	280   	6916.92	10069      	273.75 	180677     
89 	280   	6505.39	6727.35    	255.976	32281      
90 	280   	5571.19	6155.13    	255.976	35584.5    
91 	280   	5862.69	6254.23    	255.976	38570.9    
92 	280   	5645.06	6079.47    	255.976	36532.5    
93 	280   	6261.8 	6647.03    	255.976	47465.4    
94 	280   	5379.68	5390.17    	255.976	29721.9    
95 	280   	5790.71	6418.61    	255.976	40408.5    
96 	280   	5745.31	6054.81    	255.976	29966.1    
97 	280   	5535.83	5973.84    	220.533	45630.7    
98 	280   	5145.49	5617.69    	220.533	32601.8    
99 	280   	5748.38	5970.36    	220.533	33369.5    
100	280   	5785.75	6324.03    	220.533	42814      
101	280   	5624.39	6362.19    	220.533	55501.5    
102	280   	7036.52	7794.2     	220.533	55501.5    
103	280   	5093.92	5519.32    	220.533	37638.8    
104	280   	6657.04	7409.59    	220.533	49031.9    
105	280   	5467.99	5565.42    	206.748	28292.4    
106	280   	5900.87	6486.72    	206.748	33546.6    
107	280   	6413.46	7156.31    	206.748	35495.9    
108	280   	5702.79	9042.52    	206.748	171088     
109	280   	5513.43	8870.43    	206.748	171088     
110	280   	6218.42	11497.1    	206.748	171088     
111	280   	6479.14	9295.06    	206.748	171088     
112	280   	4900.86	4950.45    	206.748	29311.1    
113	280   	4854.37	5146.01    	206.748	31630.4    
114	280   	5886.01	6305.62    	206.748	29395.1    
115	280   	5327.48	5324.34    	206.748	33568.7    
116	280   	5523.96	5678.32    	206.748	47879.7    
117	280   	5954.57	5850.1     	206.748	40755.4    
118	280   	5181.62	5249       	206.748	38477.5    
119	280   	5372.75	5647.78    	160.447	39606.7    
120	280   	5810.86	5681.13    	206.748	30615      
121	280   	5286.05	5207.13    	206.748	26570.3    
122	280   	5144.32	5106.71    	206.748	36521.4    
123	280   	5264.47	6717.16    	206.748	91319.7    
124	280   	4567.03	4711.06    	206.748	28053.3    
125	280   	4550.07	4633.14    	183.51 	31962.5    
126	280   	4220.88	3767.41    	178.032	23258.1    
127	280   	4614.19	5022.08    	178.032	48596.6    
128	280   	4863.42	5081.68    	183.51 	45728.5    
129	280   	5219.58	5470.37    	183.51 	45728.5    
130	280   	4601.14	4725.71    	183.51 	30723.4    
131	280   	4865.96	4867.09    	183.51 	30340.7    
132	280   	4713.97	6838.28    	183.51 	120929     
133	280   	4707.01	4579.95    	183.51 	28572.1    
134	280   	4716.48	4707.57    	183.51 	40387.1    
135	280   	5111.17	5131.21    	183.51 	31518.8    
136	280   	4090.98	4184.21    	183.51 	42567.5    
137	280   	4453.16	4235.84    	183.51 	29386.3    
138	280   	5137.36	16594.9    	183.51 	385337     
139	280   	4143.52	4262.83    	183.51 	34671.6    
140	280   	4475.41	4624.25    	183.51 	40716.6    
141	280   	4609.03	7278.27    	183.51 	150768     
142	280   	4300.84	7052.91    	183.51 	150768     
143	280   	4596.93	4500.62    	183.51 	34393.5    
144	280   	4612.76	4729.34    	183.51 	35634.8    
145	280   	4678.66	4964.59    	183.51 	52452.1    
146	280   	4357.24	4417.06    	183.51 	38337.5    
147	280   	4568.04	4781.99    	166.499	36371.2    
148	280   	4212.23	3954.75    	183.51 	33740      
149	280   	4288.03	3956.81    	183.51 	30235      
150	280   	4140.28	3570.65    	183.51 	30235      
151	280   	3983.13	4405.89    	183.51 	69448      
152	280   	3821.1 	3547.54    	183.51 	24955.5    
153	280   	4607.8 	4319.51    	183.51 	36278.5    
154	280   	4205.79	4362.16    	183.51 	60593.7    
155	280   	3940.73	3582.24    	181.122	31453      
156	280   	4609.86	4435.3     	181.122	47748.1    
157	280   	4443.01	4303.93    	181.122	45629.4    
158	280   	4309.91	3901.27    	181.122	30594.6    
159	280   	4727.94	4639.17    	181.122	31435.8    
160	280   	4095.86	4177.27    	181.122	38744.7    
161	280   	4097.82	3565.29    	181.122	28289      
162	280   	4468.26	4060.55    	181.122	31394.2    
163	280   	4425.85	4319.17    	181.122	29464      
164	280   	4338.17	4188.5     	181.122	38376.7    
165	280   	4019.16	4017.8     	181.122	38376.7    
166	280   	4499.89	5738.57    	181.122	65612.4    
167	280   	4278.59	4220.78    	123.719	38376.7    
168	280   	4369   	4789.12    	123.719	58069.5    
169	280   	4487.89	4257.61    	123.719	42417.6    
170	280   	4701.33	4456.37    	123.719	23887.6    
171	280   	4058.84	3983.78    	123.719	26321.9    
172	280   	3820.49	3611.69    	123.719	30493.4    
173	280   	3807.03	3297.34    	123.719	22642.7    
174	280   	3539.25	4064.25    	123.719	67134.3    
175	280   	3564.37	3180.95    	123.719	27285.9    
176	280   	3579.12	3519.43    	123.719	23550.6    
177	280   	3525.33	3592.9     	123.719	26620.7    
178	280   	3709.9 	3798.37    	123.719	27058.9    
179	280   	4019.58	3787.44    	123.719	25555.5    
180	280   	3421.1 	3513.93    	123.719	44388.3    
181	280   	3586.44	3286.67    	123.719	29471.7    
182	280   	3571.21	3508.61    	123.719	29471.7    
183	280   	3753.17	6257.58    	123.719	127631     
184	280   	3573.07	3952.19    	123.719	48588.2    
185	280   	3748.25	3558.58    	123.719	23180.4    
186	280   	3759.81	3753.91    	123.719	26445.7    
187	280   	3934.91	4110.68    	123.719	35378.3    
188	280   	3474.89	3465.95    	123.719	41732.9    
189	280   	3807.07	4176.3     	123.719	58635.3    
190	280   	3639.94	3970.91    	123.719	58635.3    
191	280   	3503.53	3199.33    	123.719	27465.7    
192	280   	3437.45	2845.93    	123.719	21729.9    
193	280   	4053.87	12064.1    	123.719	279277     
194	280   	3475.9 	3060.69    	123.719	21916.9    
195	280   	3480.75	3174.63    	123.719	22261.8    
196	280   	3886.16	7511.71    	110.471	161635     
197	280   	3884.96	9845.21    	110.471	161635     
198	280   	3233.66	2796.78    	110.471	24677.5    
199	280   	3370.06	2873.42    	110.471	21330.1    
200	280   	3317.4 	2871.52    	110.471	21208.5    
201	280   	3463.8 	3262.56    	110.471	27475.9    
202	280   	3724.01	3856.31    	110.471	26213.4    
203	280   	3442   	3331.24    	110.471	26224.3    
204	280   	3408.21	3410.13    	110.471	43049      
205	280   	3414.07	3120.14    	110.471	32383.3    
206	280   	3458.01	2983.47    	110.471	23405.8    
207	280   	3462.08	2974.1     	110.471	21539.4    
208	280   	3341.1 	3145.48    	110.471	22043.7    
209	280   	3278.88	3360.29    	110.471	43637.1    
210	280   	3549.58	3720.58    	110.471	43637.1    
211	280   	3518.17	4201.59    	110.471	43637.1    
212	280   	3830.6 	8880.37    	110.471	155679     
213	280   	3384.22	3408.01    	110.471	32317      
214	280   	3642.64	9927.42    	110.471	219775     
215	280   	10996  	182949     	110.471	4.33565e+06
216	280   	8910.75	133601     	110.471	3.16678e+06
217	280   	9113.39	133583     	110.471	3.16678e+06
218	280   	3518.4 	3605.55    	110.471	34559      
219	280   	3348.08	3218.22    	110.471	25343.7    
220	280   	3349.21	2876.34    	110.471	25445.6    
221	280   	3578.33	4227.85    	110.471	62899      
222	280   	3466.93	3177.26    	110.471	24451.1    
223	280   	3595.02	4305.34    	110.471	70990.1    
224	280   	3448.67	4134.48    	110.471	70990.1    
225	280   	3297.1 	3064.23    	110.471	26605.1    
226	280   	3278.36	2841.42    	110.471	20837.7    
227	280   	3218.81	2821.6     	117.622	25602.8    
228	280   	3442.93	3557.69    	117.622	26554      
229	280   	3096.69	2772.13    	117.622	18629      
230	280   	3386.34	3068.35    	117.622	23477.6    
231	280   	3166.43	2802.26    	117.622	20386.3    
232	280   	3084.19	2871.52    	117.622	26372.9    
233	280   	3253.9 	3293.87    	117.622	30452.6    
234	280   	3531.61	3177.7     	117.622	34635.3    
235	280   	3756.42	3625.17    	117.622	27483.9    
236	280   	3296.23	3148.26    	117.622	31396.1    
237	280   	3350.52	4155.21    	117.622	67803.7    
238	280   	3392.6 	3221.46    	117.622	23674.4    
239	280   	3828.5 	10484.6    	117.622	233949     
240	280   	3829.29	6906.44    	117.622	146151     
241	280   	3645.51	3943.14    	117.622	51705.6    
242	280   	3419.18	3695.69    	117.622	27459.9    
243	280   	3377.37	3703.11    	117.622	27342.5    
244	280   	3640.42	3406.97    	117.622	30284      
245	280   	3858.01	4303.07    	117.622	58373.2    
246	280   	3465.8 	3812.35    	117.622	33632.6    
247	280   	3743.95	4144.28    	117.622	38036.6    
248	280   	3794.71	4244.65    	117.622	36853.7    
249	280   	4081.48	8242.01    	117.622	171113     
250	280   	3893.54	3982.78    	117.622	36853.7    
251	280   	3746.75	3948.88    	117.622	36853.7    
252	280   	3635.25	3699.97    	110.689	31440.2    
253	280   	3489.37	3301.75    	110.689	23632.5    
254	280   	3635.04	4384.72    	110.689	76184      
255	280   	3853.18	4769.25    	110.689	76184      
256	280   	4026.53	3996.79    	110.689	39301.7    
257	280   	3862.57	4053.34    	110.689	39301.7    
258	280   	3564.06	3433.15    	110.689	31544.6    
259	280   	3679.99	3691.52    	110.689	23738.2    
260	280   	3944.42	6162.94    	110.689	120723     
261	280   	3725.98	3555.66    	110.689	26445.3    
262	280   	3828.83	4055.14    	110.689	34406.3    
263	280   	3801.31	3613.56    	110.689	23619.3    
264	280   	3710.18	5611.5     	106.338	99397.4    
265	280   	3912.17	4471.8     	106.338	45070.6    
266	280   	3599.86	3345.43    	106.338	25458.7    
267	280   	3522.87	3540.73    	106.338	25266.5    
268	280   	3571.13	5643.95    	106.338	95430.2    
269	280   	3718.38	3602.64    	106.338	25266.5    
270	280   	3372.09	3652.8     	106.338	30118.5    
271	280   	3859.62	4687.07    	106.338	66836.5    
272	280   	3868.62	4211.38    	106.338	66836.5    
273	280   	3638.69	3366.01    	106.338	36979.1    
274	280   	3909.46	3639.51    	106.338	36979.1    
275	280   	3793.19	3527.96    	106.338	36979.1    
276	280   	3779.14	3755.17    	106.338	36979.1    
277	280   	3684.53	3564.26    	106.338	36979.1    
278	280   	3904.02	3913.29    	106.338	54925.7    
279	280   	4000.31	4948.79    	106.338	45986.8    
280	280   	4008.41	4754.33    	106.338	54860.7    
281	280   	4150.35	4856.33    	106.338	39532.8    
282	280   	3774.55	4068.03    	106.338	36979.1    
283	280   	3824.44	4284.3     	106.338	36979.1    
284	280   	4277.6 	5724.92    	110.689	36979.1    
285	280   	3801.36	4470.46    	110.689	36979.1    
286	280   	4279.06	5804.42    	110.689	36979.1    
287	280   	3732.27	4005.29    	110.689	36979.1    
288	280   	3842.83	4188.09    	110.689	36979.1    
289	280   	3691.39	4057.69    	110.689	36979.1    
290	280   	3617.98	4229.23    	110.689	50153.3    
291	280   	3759.47	5157.25    	110.689	50153.3    
292	280   	3622.54	4122.26    	110.689	36622.6    
293	280   	3454.54	3757.64    	110.689	36622.6    
294	280   	3741.24	4072.29    	110.689	28475.9    
295	280   	3938.58	3713.18    	110.689	43478.1    
296	280   	4052.02	5324.92    	110.689	95923.3    
297	280   	3866.52	4762.64    	110.689	76407.4    
298	280   	3657.77	3478.55    	110.689	32983.7    
299	280   	3868.22	4809.81    	110.689	58688      
300	280   	4483.69	13926.6    	110.689	319450     
301	280   	5108.9 	19330      	110.689	319450     
302	280   	3608.93	4231.11    	110.689	32983.7    
303	280   	3760.43	6365.76    	110.689	127424     
304	280   	3389.18	4202.97    	110.689	38685.9    
305	280   	3342.19	3766.68    	110.689	32983.7    
306	280   	3971.85	5401.4     	110.689	89501.2    
307	280   	3560.01	3371.88    	110.689	32983.7    
308	280   	3639.14	3673.34    	110.689	32983.7    
309	280   	4150.57	8191.01    	110.689	164498     
310	280   	4380.3 	8433.2     	110.689	164498     
311	280   	3784.31	6397.72    	110.689	123675     
312	280   	4113.65	6749.62    	110.689	129049     
313	280   	3807.34	4076.07    	110.689	29458.2    
314	280   	3593.54	3870.45    	110.689	35357.6    
315	280   	3601.3 	4006.83    	110.689	35357.6    
316	280   	3691.52	4410.71    	110.689	35357.6    
317	280   	3623.19	3900.29    	110.689	29458.2    
318	280   	3468.79	3801.81    	110.689	29458.2    
319	280   	3360.02	3263.21    	110.689	29458.2    
320	280   	3229.86	3235.42    	106.641	29458.2    
321	280   	3535.71	3622.75    	106.641	29458.2    
322	280   	3811.13	6431.97    	106.641	127749     
323	280   	3627.05	3588.62    	106.641	31997.8    
324	280   	3586.68	3305.92    	106.641	24654.8    
325	280   	3534   	3145.09    	106.641	24547.4    
326	280   	3515.35	4039.94    	106.641	71846.2    
327	280   	3354.38	2761.43    	106.641	20500.7    
328	280   	3515.76	3303.26    	106.641	25461.3    
329	280   	3470.09	3042.79    	106.641	21441.4    
330	280   	3354.2 	3257.24    	106.641	25532.1    
331	280   	3726.11	3319.77    	106.641	29418.5    
332	280   	3538.39	3484.19    	106.641	36239.1    
333	280   	3958.54	8748.63    	106.641	198664     
334	280   	3779.74	3952.63    	106.641	48817.4    
335	280   	3289.75	2836.44    	106.641	21363.3    
336	280   	2960.54	3214.89    	106.641	30369      
337	280   	3309.45	2782.21    	106.641	17359.1    
338	280   	4817.47	27991.9    	106.641	661405     
339	280   	3322   	3307.74    	106.641	32430.1    
340	280   	3619.45	3474.88    	106.641	32430.1    
341	280   	3574.35	3310.66    	106.641	22399.8    
342	280   	3230.59	2848.63    	106.641	18238.5    
343	280   	3603.46	3406.75    	106.641	33038      
344	280   	55864  	1.23733e+06	106.641	2.93101e+07
345	280   	3785.73	3632.69    	106.641	22609.4    
346	280   	3728.68	3935.41    	106.641	44222.3    
347	280   	3942.56	4021.41    	106.641	44222.3    
348	280   	4960.77	26449.1    	106.641	626095     
349	280   	3716.17	3280.5     	106.641	22430.2    
350	280   	4372.36	14059      	106.641	326068     
351	280   	4253.9 	4749.13    	106.641	70237.8    
352	280   	4399.15	8326.4     	106.641	177243     
353	280   	4873.94	16539.8    	105.293	297798     
354	280   	4125.68	10851.6    	105.293	177243     
355	280   	3789.75	7979.27    	105.293	177243     
356	280   	3810.48	8068.04    	105.293	177243     
357	280   	4420.61	11435.6    	105.293	177243     
358	280   	5119.47	16707.9    	106.641	177243     
359	280   	6828.39	23221.9    	106.641	177243     
360	280   	6423.18	22086.7    	106.641	177243     
361	280   	5876.72	18305.6    	106.641	177243     
362	280   	3903.68	8200.44    	106.641	177243     
363	280   	4218.49	10857.7    	106.641	177243     
364	280   	4947.57	15054.2    	102.047	177243     
365	280   	4201.3 	11011.6    	102.047	177243     
366	280   	4194.84	10871.2    	102.047	177243     
367	280   	5912.69	32280.9    	102.047	681444     
368	280   	5864.25	19609      	102.047	177243     
369	280   	6021.89	20915.8    	102.047	177243     
370	280   	4343.32	13022.3    	106.641	177243     
371	280   	4474.78	14947      	106.641	177243     
372	280   	4660.78	15167.1    	106.641	177243     
373	280   	4373   	13169.4    	106.641	177243     
374	280   	4646.25	15016.1    	106.641	177243     
375	280   	5176.96	16874.2    	106.641	177243     
376	280   	3418.72	3809.63    	106.641	23486.6    
377	280   	3195.96	3574.1     	106.641	26329      
378	280   	3462.23	6097.61    	106.641	118148     
379	280   	3100.61	3288.98    	106.641	25059.8    
380	280   	3126.63	3645.29    	106.641	25373.9    
381	280   	3493.05	3654.53    	106.641	28301.4    
382	280   	3806.17	6168.44    	106.641	98650.8    
383	280   	3915.53	4221.1     	106.641	61358.4    
384	280   	5452.6 	29770.2    	106.641	700724     
385	280   	3984.78	6562.59    	106.641	80155.7    
386	280   	3722.48	4397.78    	106.641	61358.4    
387	280   	4131.37	4941.9     	106.641	65539.6    
388	280   	4129.86	5748.93    	106.641	65539.6    
389	280   	4013.46	5164.57    	106.641	65539.6    
390	280   	3778.98	3856.73    	106.641	44266.7    
391	280   	3767.21	4230.18    	106.641	44266.7    
392	280   	65390.7	1.46074e+06	106.641	3.46018e+07
393	280   	3419.99	2707.42    	106.641	20197.6    
394	280   	3378.35	2665.93    	106.641	29442.5    
395	280   	3461.52	3117.87    	106.641	23347.2    
396	280   	3668.36	2970.19    	106.641	20221.2    
397	280   	3455.82	2612.22    	106.641	20095.3    
398	280   	3468.5 	2799.85    	106.641	27294.9    
399	280   	3620.63	3383.13    	106.641	32982.1    
400	280   	3523.63	2892.44    	106.641	20454.8    
401	280   	3529.46	2991.24    	106.641	27423.5    
402	280   	3496.71	3538.04    	106.641	26798.9    
403	280   	3887.75	3650.29    	106.641	26206.3    
404	280   	3792.26	3094.65    	106.641	21341.5    
405	280   	3701.33	3398.51    	106.641	25456      
406	280   	3446.34	3512.6     	106.641	31551.3    
407	280   	3679.25	3458.26    	106.641	37333.4    
408	280   	3561.54	3782.86    	106.641	39909.2    
409	280   	3653.17	5256.46    	106.641	91761.8    
410	280   	3497.52	3501.68    	106.641	25357      
411	280   	3522.39	3217.98    	106.641	28684.5    
412	280   	3478.22	2914.56    	106.641	27435.9    
413	280   	3745.89	3435.92    	106.641	27435.9    
414	280   	4253.42	4704.04    	106.641	30593.9    
415	280   	3849.94	4371.75    	106.641	29662.9    
416	280   	3379.33	2992.96    	106.641	22230.1    
417	280   	3888.5 	2906.77    	106.641	19350.8    
418	280   	3899.46	4023.08    	106.641	57777.3    
419	280   	4126.87	3973.71    	106.641	27026.1    
420	280   	3978.45	3422.53    	106.641	26003.6    
421	280   	4624.23	5460.99    	106.641	87511.2    
422	280   	4131.83	4094.08    	106.641	25316.6    
423	280   	4038.71	4719.94    	106.641	52910.1    
424	280   	6733.24	66687.9    	101.23 	1.58043e+06
425	280   	4385.55	5143.85    	101.23 	77330      
426	280   	4239.53	6872.16    	106.641	135859     
427	280   	4703.59	10295.1    	106.641	135859     
428	280   	4061.27	6471.55    	106.641	135859     
429	280   	3727.56	3584.54    	106.641	32282.8    
430	280   	3713.48	3321.09    	106.641	25076.5    
431	280   	3561.9 	3091.47    	106.641	25076.5    
432	280   	3620.57	5831.69    	106.641	121435     
433	280   	3536.79	3396.57    	106.641	32548.5    
434	280   	3601.86	3239.83    	106.641	32548.5    
435	280   	3744.53	5452.51    	106.641	105764     
436	280   	3268.76	3120.93    	106.641	31962.1    
437	280   	3196.73	2847.05    	106.641	21988.4    
438	280   	3511.26	8680.02    	106.641	194224     
439	280   	3457.57	3165.5     	106.641	25397.6    
440	280   	3478.9 	3273.66    	106.641	27545.8    
441	280   	3686.61	9463.82    	106.641	217442     
442	280   	3038.13	2898.37    	106.641	22529      
443	280   	3413.55	3254.03    	106.641	24645.4    
444	280   	3264.93	3275.8     	106.641	26531.9    
445	280   	3258.54	2884.81    	106.641	21550.8    
446	280   	3403.09	3325.13    	106.641	23928.2    
447	280   	3387.27	3070.73    	106.641	34395.1    
448	280   	3729.94	3423.41    	106.641	33536.7    
449	280   	3893.92	3697.58    	106.641	28015.2    
450	280   	3740.14	3904.28    	106.641	24472.4    
451	280   	3439.98	3921.01    	106.641	39934.6    
452	280   	3475.82	4050.46    	106.641	61021.3    
453	280   	3481.23	5251.49    	106.641	61021.3    
454	280   	3551.22	3133.85    	106.641	23732      
455	280   	3759.95	4451.79    	106.641	74423.3    
456	280   	3531.3 	2943       	106.641	24113.1    
457	280   	3396.86	3285.48    	106.641	24113.1    
458	280   	3306   	2738       	106.641	26417.1    
459	280   	3426.18	2875.09    	106.641	19873.8    
460	280   	3287.56	2700.14    	106.641	20324.9    
461	280   	3655.88	3502.68    	106.641	25926.5    
462	280   	3182.77	3387.21    	106.641	24254      
463	280   	3632.52	4528.96    	106.641	81463.9    
464	280   	3563.32	3306.24    	106.641	37552.8    
465	280   	3600.24	3659.06    	106.641	22448.5    
466	280   	3640.95	4513.78    	106.641	55459.1    
467	280   	3470.68	3229.3     	106.641	30534      
468	280   	3332.73	3139.53    	106.641	30956.5    
469	280   	3532.28	3021.82    	106.641	29460.3    
470	280   	3575.83	3025.44    	106.641	24777.3    
471	280   	3394.36	3288.9     	106.641	24777.3    
472	280   	4061.02	9191.2     	106.641	203388     
473	280   	4109   	9115.48    	106.641	203388     
474	280   	3985.55	3959.88    	106.641	22299.4    
475	280   	3518.35	3507.05    	106.641	26369      
476	280   	3834.62	3877.02    	106.641	21688.6    
477	280   	3776.09	3615.32    	106.641	22656.9    
478	280   	3488.29	3153.94    	106.641	23610.2    
479	280   	3688.61	3584.72    	106.641	22613.8    
480	280   	4047   	3903.7     	106.641	22440.6    
481	280   	3684.21	3194.14    	106.641	22440.6    
482	280   	3835.42	3549.9     	106.641	26579      
483	280   	3868.9 	4496.18    	106.641	65069.2    
484	280   	3700.3 	3674.23    	106.641	23451.3    
485	280   	4081.68	3912       	106.641	25500.5    
486	280   	3880.18	4059.15    	106.641	29165.7    
487	280   	3523.84	3595.71    	106.641	30903.4    
488	280   	3302.36	3515.84    	106.641	24500.7    
489	280   	3248.61	3919.4     	106.641	43057.2    
490	280   	3154.88	2972.69    	106.641	25940.8    
491	280   	3421.22	7782.94    	106.641	162338     
492	280   	2687.47	2635.54    	106.641	23565.7    
493	280   	2801.19	3005.53    	103.903	26327.3    
494	280   	3218.54	4131.92    	106.641	66720.3    
495	280   	3977.56	8960.76    	106.641	185942     
496	280   	3623.23	4194.06    	106.641	35378.6    
497	280   	3005.61	2761.43    	106.641	21399.4    
498	280   	3324.62	3233.54    	106.641	25448.4    
499	280   	2979.61	2928.88    	106.641	21297.5    
500	280   	3249.07	3710.44    	106.641	52029.8    
Time elapsed: 46332 seconds.


Batch Job Summary Report (version 21.01.1) for Job "bpopt" (47486916) on daint

Job information (1/2)
-----------------------------------------------------------------------------------------------------
             Submit            Eligible               Start                 End    Elapsed Time limit
------------------- ------------------- ------------------- ------------------- ---------- ----------
2023-06-27T00:06:52 2023-06-27T00:06:52 2023-06-27T00:07:18 2023-06-27T13:01:55   12:54:37   23:59:00
-----------------------------------------------------------------------------------------------------

Job information (2/2)
-------------------------------------------------------------
    Username      Account    Partition   NNodes        Energy
------------ ------------ ------------ -------- -------------
    bp000145       ich030       normal        8  49414.989 kJ

