
gen	nevals	avg    	std    	min    	max    
1  	280   	17758.7	7475.1 	12143.3	129913 
2  	280   	17622.9	6066.07	12143.3	129913 
3  	280   	14561.9	3103.76	12143.3	20633.5
4  	280   	12931.3	1931.45	12118  	19500  
5  	280   	12828  	1909.77	12131.3	19500  
6  	280   	12999  	2214.04	12129  	19500  
7  	280   	13041.3	2283.51	12131.3	19500  
8  	280   	12888.6	2096.92	12131.3	19500  
9  	280   	12983.4	2221.17	12130.2	19500  
10 	280   	12981.5	2219.72	12131.3	19500  
11 	280   	12798.8	1963.31	12128.9	19500  
12 	280   	12828.4	2025.61	12128.9	19500  
13 	280   	12808.8	1983.06	12128.9	19500  
14 	280   	12926.4	2151.6 	12128.9	19500  
15 	280   	13115.8	2377.73	12128.4	19500  
16 	280   	13011  	2253.97	12128.4	19500  
17 	280   	12859.7	2061.05	12123  	19500  
18 	280   	12842.4	2021.19	12123.3	19500  
19 	280   	13013.9	2271.58	12116.9	19500  
20 	280   	12770.1	1898.83	12116.9	19500  
21 	280   	12816.2	1980.77	12116.8	19500  
22 	280   	12933  	2151.48	12116.8	19500  
23 	280   	12566.4	1543.78	12116.5	19500  
24 	280   	12529.6	1454.21	12114.7	19500  
25 	280   	12468.4	1326.69	12090.8	19500  
26 	280   	12491.7	1368.05	12090.8	19500  
27 	280   	12547.8	1511.96	12090.8	19500  
28 	280   	12518.5	1426.55	12090.8	19500  
29 	280   	12619.9	1646.86	12090.8	19500  
30 	280   	12472.1	1294.96	12090.8	19500  
31 	280   	12442.2	1251.73	8250.71	19500  
32 	280   	12339.5	1073.19	1196.52	19500  
33 	280   	12356.1	1345.02	1196.52	19500  
34 	280   	12206.1	1857.96	1061.26	24475.3
35 	280   	12093  	2237.35	1196.52	24475.3
36 	280   	12068  	3101.62	1196.52	38144.8
37 	280   	11676  	4835.76	898.147	57076.9
38 	280   	11680.2	6834.17	898.147	56070.6
39 	280   	12658  	9181.87	833.738	56265  
40 	280   	13181.8	9894.26	769.482	56644  
41 	280   	12770.3	10638.1	769.482	59941.1
42 	280   	12263.7	11924  	737.524	59941.1
43 	280   	11748.9	11472.5	736.715	76188.6
44 	280   	11617.1	10903.5	675.392	58900.7
45 	280   	12208  	12010.6	675.392	73059  
46 	280   	11863.7	11036.6	675.392	61732  
47 	280   	11493.3	11240.5	675.392	61488.6
48 	280   	9792.46	9274.52	675.392	59359  
49 	280   	11586.6	12333.1	581.692	71419.6
50 	280   	11760.3	12999.3	581.692	84282.5
Time elapsed: 1531 seconds.


Batch Job Summary Report (version 21.01.1) for Job "bpopt" (48842257) on daint

Job information (1/2)
-----------------------------------------------------------------------------------------------------
             Submit            Eligible               Start                 End    Elapsed Time limit
------------------- ------------------- ------------------- ------------------- ---------- ----------
2023-09-08T14:32:05 2023-09-08T14:32:05 2023-09-08T14:32:06 2023-09-08T14:58:59   00:26:53   23:59:00
-----------------------------------------------------------------------------------------------------

Job information (2/2)
-------------------------------------------------------------
    Username      Account    Partition   NNodes        Energy
------------ ------------ ------------ -------- -------------
    bp000145       ich030       normal        8   2014.829 kJ

