
gen	nevals	avg    	std    	min    	max    
1  	280   	7461.86	1957.8 	3865.12	26284.5
2  	280   	7417.03	1797.55	3836.69	26284.5
3  	280   	6207.28	2636.16	3835.2 	39929.6
4  	280   	4938.57	2792.58	3819.12	55528.9
5  	280   	4462.06	1342.94	3819.12	8000   
6  	280   	4317.22	1230.16	3814.3 	8000   
7  	280   	4241.74	1152.66	3814.3 	8000   
8  	280   	4214.19	1068.44	3801.32	8000   
9  	280   	4270.1 	1196.75	3792.82	8000   
10 	280   	4378.95	1335.5 	3792.82	9435.58
11 	280   	4280.66	1218.37	3792.82	8033.47
12 	280   	4351.29	1470.27	3792.82	21521  
13 	280   	4330.27	1298.57	3792.82	8000   
14 	280   	4380.15	1350.82	3789.31	8000   
15 	280   	4292.44	1254.11	3781.86	8000   
16 	280   	4192.98	1108.57	3781.63	8000   
17 	280   	4160.02	1052.19	3781.56	8000   
18 	280   	4215.65	1144.13	3781.56	8000   
19 	280   	4388.34	4548.62	3781.56	108380 
20 	280   	4222.27	1169.85	3781.56	8000   
21 	280   	4154.7 	1070.88	3781.56	8000   
22 	280   	4126.55	1008.39	3781.56	8000   
23 	280   	4014.03	771.947	3780.51	9587.76
24 	280   	4096.43	1477.39	2881.83	32655.9
25 	280   	3962.5 	665.619	2881.83	8000   
26 	280   	3979   	721.749	2581.05	8000   
27 	280   	3976.04	767.346	2581.05	8000   
28 	280   	3918.39	1348.25	1463.49	31587.4
29 	280   	4145.64	3130.52	542.291	38649  
30 	280   	4259.15	4367.8 	429.745	38649  
31 	280   	5626.92	7523.89	393.289	49603.9
32 	280   	7673.1 	9761   	393.289	53752.1
33 	280   	7621.49	8957.39	369.607	38670.9
34 	280   	6897.99	9114.96	388.833	55579.6
35 	280   	6740.4 	8426.37	346.653	54613  
36 	280   	7844.58	9939.39	346.653	53509.5
37 	280   	7000.85	8923.29	341.498	50565  
38 	280   	7531.3 	9572.2 	341.498	60570.1
39 	280   	7799.14	10137.5	309.461	61712.2
40 	280   	8436.94	9718.73	303.423	53633.3
41 	280   	6691.91	8587.86	286.14 	61602  
42 	280   	6735.1 	9006.71	283.92 	52548.9
43 	280   	5623.59	7823.85	283.92 	50553.2
44 	280   	6739.62	8277.08	283.92 	49466.8
45 	280   	6153.93	8351.94	283.92 	52575.1
46 	280   	5922.32	7795.73	283.92 	50555  
47 	280   	6153.23	7882.96	283.92 	45819.6
48 	280   	5821.86	8294.16	283.92 	55674.6
49 	280   	6348.67	8343.37	279.785	50741.6
50 	280   	5818.3 	8155.75	279.785	45727  
51 	280   	5867.06	7818.93	279.785	53605.8
52 	280   	6081.02	8228.21	281.537	45515.3
53 	280   	6381.67	8662.89	281.537	52671  
54 	280   	5630.17	8251   	281.537	46617.1
55 	280   	4456.9 	7016.11	281.537	60075.1
56 	280   	5809.19	8285.54	281.537	45510.4
57 	280   	5211.81	7840.78	278.465	42762.5
58 	280   	4751.29	8027.47	261.339	58869.7
59 	280   	5015.75	7438.88	261.339	51579.4
60 	280   	5290.37	8089.53	261.339	55677.1
61 	280   	4775.37	7677.8 	261.339	56690.2
62 	280   	4402.27	7242.5 	261.339	51520.9
63 	280   	5233.76	8811.83	261.339	53685.9
64 	280   	4955.29	8088.34	261.339	51506.7
65 	280   	5747.69	9075.36	261.339	56746.7
66 	280   	5784.01	8678.63	261.339	49779.2
67 	280   	5497.4 	8661.59	261.339	44543.6
68 	280   	6985   	10860.5	261.339	60654.8
69 	280   	7529.77	11652.4	261.339	63726.4
70 	280   	6696.07	10322.9	261.339	63594.8
71 	280   	6981.72	10355.1	261.339	70934.1
72 	280   	6463.78	9757.26	261.339	55310  
73 	280   	6537.05	9665.67	261.339	61581.6
74 	280   	6033.34	8948.23	261.339	56586.4
75 	280   	7348.78	11625.1	261.339	82743  
76 	280   	8328.47	12158.2	261.339	64905.7
77 	280   	7242.56	11604.1	261.339	91763.3
78 	280   	9464.14	13068.8	261.339	67685.1
79 	280   	8281.89	11778.5	261.339	61614.6
80 	280   	8585.6 	11711.2	261.339	60494.1
81 	280   	7985.59	11246.9	261.339	65505.1
82 	280   	7269.32	10375  	261.339	54796.4
83 	280   	7504.28	10662.3	261.339	54796.4
84 	280   	8891.35	11866.8	261.339	92358.3
85 	280   	8503   	12578.7	261.339	113835 
86 	280   	8581.51	11960.7	261.339	59593.4
87 	280   	7810.86	11084.6	261.339	67839.2
88 	280   	8083.73	11066.4	261.339	64572.7
89 	280   	7474.2 	10261.9	261.339	60657.8
90 	280   	7322.1 	10101  	261.339	59633  
91 	280   	6863.56	9765.2 	261.339	54793.9
92 	280   	7496.83	10860.2	261.339	83790.3
93 	280   	8361.96	10951.1	261.339	69559.6
94 	280   	6949.73	10056.2	261.339	54515.7
95 	280   	6746.44	10518.9	261.339	72542.6
96 	280   	7634.19	10916  	261.339	56717.1
97 	280   	7090.68	10944.6	261.339	81520.9
98 	280   	6093.9 	8961.5 	261.339	58810.8
99 	280   	7564.6 	10910.2	261.339	58929.2
100	280   	6668.88	10473.3	261.339	63836.3
101	280   	6860.51	10533.8	261.339	80658.2
102	280   	6746.69	10580.7	261.339	80658.2
103	280   	7271.89	10846.4	261.339	56416.6
104	280   	7437.15	10778.8	233.894	83842.8
105	280   	6042.63	9298.48	233.894	58896.3
106	280   	6744.23	10581.4	233.894	64742.1
107	280   	8278.81	12041.9	233.894	71862  
108	280   	7736.7 	12529.9	233.894	77697.8
109	280   	7727.94	13027.5	233.894	90723.1
110	280   	7509.67	12731.9	233.894	83672.6
111	280   	9145.28	15282.3	233.894	85497.2
112	280   	10454.9	15565  	233.894	85497.2
113	280   	11978.5	16059.4	233.894	91613.8
114	280   	11034.8	16578.1	233.894	122674 
115	280   	9491.27	13559.7	233.894	88530.8
116	280   	10269.2	12961.2	233.894	69643.7
117	280   	10127.7	12999.9	233.894	91680.1
118	280   	9015.35	12770.4	211.471	68730.1
119	280   	8231.58	12293.2	211.471	84525.8
120	280   	9817.8 	12747  	211.471	64794.1
121	280   	7839.23	11327.6	211.471	66756.3
122	280   	8927.47	12399  	211.471	66756.3
123	280   	8738.08	12327.2	211.471	77703.1
124	280   	7999.17	12162.8	211.471	71557.8
125	280   	8229.31	11228  	211.471	62559.6
126	280   	9304.69	13957  	211.471	111636 
127	280   	10326.7	13443.7	211.471	77591.7
128	280   	8870.81	13055.5	211.471	75838  
129	280   	7927.59	11722.8	211.471	90945.5
130	280   	10111.5	15083.8	211.297	104803 
131	280   	8615.55	12372.3	211.297	77787.6
132	280   	8639.94	11573.6	211.297	72515.2
133	280   	9053.1 	12085.4	211.297	84733.9
134	280   	8239.83	11855.4	211.297	68750.8
135	280   	9590.65	12214.9	211.297	65666.5
136	280   	5985.18	9633.24	211.297	83866  
137	280   	7508.21	11120.3	211.297	112668 
138	280   	9464.36	13085  	211.297	112668 
139	280   	8031.59	11438.2	211.297	70620.6
140	280   	8208.63	10861.2	211.297	67777.4
141	280   	6649.61	9668.92	211.297	64710.5
142	280   	8354.49	11385.3	163.97 	65605.5
143	280   	6724.78	9793.41	163.97 	55885.2
144	280   	7982.88	10421.9	163.97 	62567.4
145	280   	6237.26	8862.49	163.97 	51874.4
146	280   	7092.46	9870.54	163.97 	64751.4
147	280   	6335.44	9874.72	163.97 	62700.5
148	280   	7460.47	10101.4	163.97 	74556.7
149	280   	7469.43	11342.8	163.97 	74556.7
150	280   	8638.09	11197.6	163.97 	64730  
151	280   	6404.86	9421.57	163.97 	57547.3
152	280   	6606.23	9426.21	163.97 	61563.2
153	280   	6813.52	9850.87	163.97 	64557.8
154	280   	6081.88	9156.33	143.247	106729 
155	280   	6933.46	8966.76	143.247	50445.4
156	280   	5873.66	9655.48	143.247	76541.7
157	280   	6477.22	9245.47	143.247	67548.3
158	280   	5524.86	8134.63	143.247	46615.9
159	280   	6508.83	9345.21	143.247	72568.6
160	280   	6308.89	8880.07	143.247	54809.3
161	280   	6416.73	9358.3 	143.247	73828  
162	280   	5898.48	8861.68	143.247	48365  
163	280   	6607.88	9244.61	143.247	75627.6
164	280   	5541.74	8262.58	143.247	44646.1
165	280   	5767.69	8661.4 	109.607	56768  
166	280   	5402.89	8099.78	109.607	48407.8
167	280   	5266.86	7535.38	109.607	46668.4
168	280   	5481.96	8589.64	109.607	63758.1
169	280   	5960.36	8548.9 	109.607	47379  
170	280   	6296.54	9560.09	109.607	64504.2
171	280   	7015.22	10219.6	109.607	99467.1
172	280   	6285.86	10007.4	109.607	60607.6
173	280   	6623.2 	10976.6	109.607	105788 
174	280   	6508.52	9677.79	109.607	71650.2
175	280   	5519.55	8255.88	109.607	50651.9
176	280   	6202.75	8666.94	75.808 	52519.1
177	280   	5424.22	8498.58	75.808 	71874.1
178	280   	5332.74	8355.71	75.808 	53632.6
179	280   	5953.59	9554.38	75.808 	90694.7
180	280   	5645.28	8775.42	75.808 	72541.7
181	280   	5313.35	7799.43	75.808 	50666.8
182	280   	5024.73	7831.44	75.808 	50784.6
183	280   	5509.12	8298.9 	75.808 	63489.5
184	280   	5069.77	7937.35	75.808 	62677.6
185	280   	4724.4 	7294.85	75.808 	49605.8
186	280   	4661.09	7316.25	75.808 	46588.7
187	280   	4701.58	6703.4 	75.808 	41544.8
188	280   	4723.94	7004.77	75.808 	60592.9
189	280   	4886.71	7485.71	75.808 	69707.1
190	280   	4862.45	7390.09	75.808 	61809.7
191	280   	5002.56	7070.46	75.808 	55608.8
192	280   	4828.85	7804.72	75.808 	68860.7
193	280   	4681.84	7519.61	75.808 	50547.4
194	280   	5574.54	8380.19	75.808 	55775.9
195	280   	4603.93	7319.54	75.808 	67450.7
196	280   	5672.26	7773.63	75.808 	60620.9
197	280   	4241.71	6381.54	75.808 	48439.9
198	280   	5032.74	6822.35	79.9725	59660.9
199	280   	4792.7 	7519.77	79.9725	49597.1
200	280   	4301.84	6897.31	79.9725	54397.8
Time elapsed: 12118 seconds.


Batch Job Summary Report (version 21.01.1) for Job "bpopt" (48988123) on daint

Job information (1/2)
-----------------------------------------------------------------------------------------------------
             Submit            Eligible               Start                 End    Elapsed Time limit
------------------- ------------------- ------------------- ------------------- ---------- ----------
2023-09-18T16:22:33 2023-09-18T16:22:33 2023-09-18T16:22:38 2023-09-18T19:45:52   03:23:14   23:59:00
-----------------------------------------------------------------------------------------------------

Job information (2/2)
-------------------------------------------------------------
    Username      Account    Partition   NNodes        Energy
------------ ------------ ------------ -------- -------------
    bp000145       ich030       normal        8  14538.024 kJ

