
gen	nevals	avg    	std    	min    	max        
1  	280   	7071.12	2428.85	4613.12	22467.6    
2  	280   	7054.33	2332.36	4607   	22467.6    
3  	280   	5363.65	2114.56	4594.49	36781.5    
4  	280   	4909.15	1021.59	4584.06	9419.06    
5  	280   	4927.77	1084.75	4584.06	9000       
6  	280   	4849.09	928.626	4558.12	9000       
7  	280   	4802.65	869.749	4539.21	9000       
8  	280   	4804.57	885.544	4528.94	10399.1    
9  	280   	4787.67	859.628	4528.94	9000       
10 	280   	4767.61	980.262	4528.84	18836      
11 	280   	4688.68	671.581	3207.43	9000       
12 	280   	4662.99	642.897	3207.43	9000       
13 	280   	4628.94	573.954	3182.15	9000       
14 	280   	4756.84	1660.88	3182.15	29086.9    
15 	280   	4935.47	2237.89	2006.74	24957.9    
16 	280   	5865.18	4801.9 	675.507	52659.9    
17 	280   	8515.83	8037.67	604.834	45947.2    
18 	280   	10231.3	9984.02	589.796	55653.5    
19 	280   	9108.67	9799.28	589.796	46706.6    
20 	280   	8850.01	10353.2	589.796	54008.6    
21 	280   	9522.41	13309.5	417.947	173470     
22 	280   	9744.17	13160.1	417.947	54229.5    
23 	280   	10995  	14544.7	417.947	111408     
24 	280   	9401.32	11375.8	515.26 	56246.9    
25 	280   	9378.12	11534.1	535.721	56730.4    
26 	280   	11092.2	12177.7	535.721	64040.3    
27 	280   	11200.4	13570.3	480.112	64040.3    
28 	280   	10298.9	13859.6	480.112	67006      
29 	280   	11776.7	14576.7	476.825	67006      
30 	280   	9318.26	12522.1	360.878	63992.8    
31 	280   	9181.61	11583.6	399.661	59026.7    
32 	280   	9521.96	11925.5	399.661	66123      
33 	280   	9448.12	12569.9	336.798	76043.8    
34 	280   	8604.88	12480.5	344.173	62122.7    
35 	280   	8769.7 	11332.6	306.959	72227.1    
36 	280   	9786.76	12739.4	306.959	69120.5    
37 	280   	10254.7	12629.7	306.959	71114.8    
38 	280   	10556.3	13128.5	306.959	109460     
39 	280   	10826.6	14652  	306.959	109460     
40 	280   	9931.12	12999.8	286.046	73001.8    
41 	280   	8097.99	11585.4	205.023	67046.2    
42 	280   	6697.2 	11113.9	205.023	85371.3    
43 	280   	8991.31	13091.1	205.023	112512     
44 	280   	9026.73	13128.6	205.023	114600     
45 	280   	10486.1	17987.8	205.023	270054     
46 	280   	9545.14	13517.3	205.023	85220.3    
47 	280   	6805.1 	10675.2	205.023	87116      
48 	280   	7713.45	11152.9	130.802	95226.7    
49 	280   	7420.11	10897.4	130.802	70033.4    
50 	280   	6981.25	10721.4	130.802	96462.1    
51 	280   	7145.83	11452.1	130.802	106330     
52 	280   	6087.59	10912.8	130.802	133598     
53 	280   	6338.6 	10389.7	130.802	87282.6    
54 	280   	6216.21	10404.6	130.802	95330.1    
55 	280   	8907.87	13245  	130.802	96522.5    
56 	280   	11606.9	14842.8	130.802	115416     
57 	280   	8189.8 	11511.2	130.802	80152.4    
58 	280   	6985.81	10372.1	130.802	92329.1    
59 	280   	6093.73	10103.2	130.802	66955.2    
60 	280   	5700.61	11574.1	130.802	133692     
61 	280   	6193.95	10789.5	130.802	105280     
62 	280   	5099.3 	9023.95	130.802	79015.5    
63 	280   	5385.23	9412.53	130.802	61842      
64 	280   	5921.53	11245.1	130.802	82130.6    
65 	280   	6287.85	10230.7	130.802	83171.6    
66 	280   	5940.85	12305.1	130.802	149810     
67 	280   	7355.85	10806  	130.802	133614     
68 	280   	6724.74	10769.5	130.802	94245      
69 	280   	6232.23	9776.14	130.802	87341.1    
70 	280   	5774.32	11277.8	130.802	98396.8    
71 	280   	5015.88	8663.84	130.802	67946.2    
72 	280   	6473.59	8572.74	151.467	56914.8    
73 	280   	6779.12	12184.3	156.395	98376.4    
74 	280   	6245.54	10543.3	136.111	95357.5    
75 	280   	6475.96	13245.2	136.111	128520     
76 	280   	7373.79	11905  	136.111	107377     
77 	280   	6759.7 	11369.9	136.111	108279     
78 	280   	6014.75	11502.4	156.395	112508     
79 	280   	7620.72	9941.23	156.395	76075.6    
80 	280   	7525.61	11493.3	156.395	90076.7    
81 	280   	7401.21	9713.03	152.47 	75121.5    
82 	280   	6865.84	9633.27	152.47 	71014.9    
83 	280   	5830.82	10257.3	152.47 	84431      
84 	280   	5728.06	10143.1	136.043	101315     
85 	280   	6644.86	10110  	136.043	84116.2    
86 	280   	7995.63	11909.2	136.043	84116.2    
87 	280   	6788.31	14055.9	122.256	244458     
88 	280   	6704.49	10213.4	142.081	109493     
89 	280   	7254.76	10276.5	151.799	97285.5    
90 	280   	6936.28	12911.7	151.799	121621     
91 	280   	7335.91	10758.2	151.799	87311      
92 	280   	7245.12	12815.8	144.983	121546     
93 	280   	9080.66	13609.6	116.546	101422     
94 	280   	8484.45	11663.9	152.47 	111408     
95 	280   	7048.54	11095.4	108.069	114427     
96 	280   	6130   	10916.1	148.178	91041.2    
97 	280   	5417.67	9708.69	148.178	97151.2    
98 	280   	5343.45	9272.62	113.19 	86485.2    
99 	280   	7364.16	11511.3	112.22 	116330     
100	280   	6080.27	9873.73	112.22 	73142.3    
101	280   	5903.79	9926.27	102.621	102308     
102	280   	6700.73	13334.3	97.6426	213190     
103	280   	6047.73	9437.1 	97.6426	67141.3    
104	280   	6699.34	9388.17	97.6426	65932.8    
105	280   	5748.98	9832.25	97.6426	100077     
106	280   	5707.55	8919.03	97.6426	58920.3    
107	280   	5581.45	10579.6	97.6426	102279     
108	280   	5363.97	10053  	80.4034	122091     
109	280   	5900.98	10564.7	80.4034	95470.9    
110	280   	6310.59	10248.1	80.4034	76437.6    
111	280   	6468.87	13077.8	80.4034	188389     
112	280   	6238.76	9781.78	91.0688	82247.4    
113	280   	5647.7 	10316.4	91.0688	88258.6    
114	280   	6036.55	9634.9 	80.4223	62829.4    
115	280   	5399.07	7639.33	80.4223	56866.7    
116	280   	5465.59	10078.7	80.4223	91197.1    
117	280   	6264.38	10125.2	80.4223	71980.5    
118	280   	6113.42	9194.8 	80.4223	71980.5    
119	280   	5880.29	9307.27	80.4223	87117      
120	280   	6114.99	8044.32	80.4223	79076.5    
121	280   	5875.51	7506.52	80.4223	52715.5    
122	280   	6573.04	10300  	80.4223	134917     
123	280   	8371.63	51739.4	80.4223	1.18968e+06
124	280   	6350.26	8946.02	80.4223	65916.3    
125	280   	6020.26	8707.15	80.4223	82271.1    
126	280   	5766.94	10160.6	80.4223	94237.5    
127	280   	5927.16	9160.06	80.4223	87463.9    
128	280   	6301.84	11009.3	80.4223	127577     
129	280   	5576.28	8754.18	76.617 	85143.1    
130	280   	4641.13	6237.02	76.617 	53830.9    
131	280   	5098.1 	8351.42	76.617 	84149.6    
132	280   	5849.59	9298.96	76.617 	73132.3    
133	280   	5324.26	9525.63	76.617 	61855.4    
134	280   	4983.51	7797.48	76.617 	71168.7    
135	280   	5806.29	9245.67	76.617 	101724     
136	280   	5571.68	8960.92	76.617 	79001.7    
137	280   	5540.96	12214.2	76.617 	227302     
138	280   	5451.56	8514.52	76.617 	83293.7    
139	280   	5366.19	7950.73	80.4223	61945.8    
140	280   	5429.98	8790.65	80.4223	89710.3    
141	280   	5203.71	8304.32	80.4223	111338     
142	280   	5973.04	9086.26	80.4223	70992.9    
143	280   	5628.15	9057.45	80.4223	105346     
144	280   	5514.59	7918.17	80.4223	86249      
145	280   	5634.05	8420.55	80.4223	92245.1    
146	280   	5484.34	8345.86	80.4223	73974.8    
147	280   	5471.27	7091.62	80.4223	57621.7    
148	280   	4927.69	7267.06	80.4223	60928      
149	280   	4770.95	7513.1 	80.4223	60004.4    
150	280   	5250.11	8025.65	80.4223	72237.8    
151	280   	4984.99	8419.21	80.4223	101252     
152	280   	5535.69	9166.98	80.4223	128653     
153	280   	5228.51	8200.05	80.4223	106604     
154	280   	5534.91	14758.2	80.4223	298059     
155	280   	4819.34	8227.64	80.4223	92095.8    
156	280   	5388.71	8614.78	80.4223	62993.1    
157	280   	5155.69	8328.68	80.4223	55805.1    
158	280   	5522.7 	9606.67	80.4223	92250.1    
159	280   	5273.62	8007.35	80.4223	60871.6    
160	280   	4876.2 	8056.12	80.4223	81137.9    
161	280   	4578.48	8480.48	80.4223	100238     
162	280   	4980.05	7898.91	80.4223	70972.8    
163	280   	5198.55	6815.9 	80.4223	56819.7    
164	280   	6193.47	8855.95	80.4223	93260.3    
165	280   	6358.63	8994.09	80.4223	84088.1    
166	280   	5024.7 	7572.41	80.4223	62755.4    
167	280   	5108.93	7168.78	80.4223	69886.3    
168	280   	4915.06	7005.48	80.4223	56846.9    
169	280   	5546.51	10041.3	80.4223	88568.4    
170	280   	4744.92	7354.45	80.4223	66069      
171	280   	5150.09	8571.14	80.4223	72946.8    
172	280   	5846.11	8027.62	80.4223	53839.6    
173	280   	5932.35	9278.05	80.4223	108377     
174	280   	5752.72	8113   	86.9085	83293.3    
175	280   	5519.67	6023.35	72.8112	49790.6    
176	280   	5053.85	7136.53	72.8112	61042.9    
177	280   	5875.18	8335.84	72.8112	71962.9    
178	280   	5478.18	7381.81	86.9085	50776.5    
179	280   	5298.59	7654.27	86.9085	50677.4    
180	280   	5376.54	8716.28	76.9448	115434     
181	280   	5263.28	6216.62	76.9448	50814.6    
182	280   	5510.1 	9139.75	76.9448	108329     
183	280   	4779.16	7062.37	76.9448	65848.2    
184	280   	6026.07	8790.61	76.9448	89141.2    
185	280   	6104.59	24350.8	76.9448	550057     
186	280   	7051.73	24617.9	76.9448	550057     
187	280   	6960.87	24428.9	76.9448	550057     
188	280   	5002.68	7269.08	76.9448	76984.5    
189	280   	5631.9 	6839.2 	76.9448	56922.7    
190	280   	4808.56	7733.29	76.9448	95432.2    
191	280   	5653.01	7529.98	76.9448	60799.6    
192	280   	4645.68	5935.47	76.9448	59306.3    
193	280   	5151.19	7289.85	76.9448	74237.9    
194	280   	5585.53	9096.32	76.9448	88150.4    
195	280   	5437.06	9446.94	76.9448	91146.9    
196	280   	5023.92	7568.57	76.9448	73031.9    
197	280   	5271.79	7602.97	76.9448	62844.1    
198	280   	5345.96	8775.77	76.9448	94116.4    
199	280   	5207.74	7699.15	76.9448	63901.6    
200	280   	4744.02	8627   	76.9448	90176.7    
201	280   	4385.19	7011.54	76.9448	62821.4    
202	280   	4973.35	9018.32	76.9448	70105.3    
203	280   	5103.16	8433.44	76.9448	66920.6    
204	280   	5604.55	9480.62	76.9448	68811.7    
205	280   	5356.48	7780.65	76.9448	61288.9    
206	280   	5193.77	7941.6 	76.9448	60991.8    
207	280   	4868.61	6437.58	76.9448	55006.8    
208	280   	5236.69	9108.03	76.9448	149139     
209	280   	5841.68	10171.2	76.9448	116925     
210	280   	5101.92	6775.77	76.9448	70996.9    
211	280   	5466.55	7689.74	76.9448	77090      
212	280   	5023.87	6904.85	76.9448	47944.6    
213	280   	5869.77	9635.77	76.9448	100218     
214	280   	5817.83	14034.5	76.9448	267370     
215	280   	5316.51	13900  	76.9448	267370     
216	280   	4723.61	7990.6 	76.9448	63008.4    
217	280   	5201.67	8804.13	76.9448	81302.6    
218	280   	5928.46	8786.97	76.9448	66843.5    
219	280   	5536.72	8478.01	76.9448	56726.8    
220	280   	6294.34	9400.93	76.9448	69203.1    
221	280   	4556.65	7649.5 	76.9448	62914      
222	280   	5685.9 	10839.5	76.9448	116780     
223	280   	5516.7 	9327.85	76.9448	107628     
224	280   	5181.48	6922.74	76.9448	69280.5    
225	280   	4650.75	9885.06	76.9448	180496     
226	280   	5741.94	12344.9	76.9448	203956     
227	280   	5627.32	8907.16	76.9448	106816     
228	280   	5382.22	8266.22	76.9448	74935.7    
229	280   	4561.4 	6662.36	76.9448	88477.2    
230	280   	5151.85	7198.96	76.9448	79001.4    
231	280   	4824.49	6402.99	76.9448	56035.8    
232	280   	5000.48	8061.63	76.9448	114594     
233	280   	5225.04	7826.64	76.9448	100211     
234	280   	5592.04	9011.73	76.9448	100211     
235	280   	5750.45	8898.72	76.9448	100211     
236	280   	5657.51	8534.98	76.9448	100211     
237	280   	5212.23	7680.04	76.9448	60938.2    
238	280   	4977.83	9510.52	76.9448	144937     
239	280   	5176.1 	7315.69	76.9448	71952      
240	280   	5064.35	8834.65	76.9448	143577     
241	280   	6020.71	7814.19	76.9448	56774.7    
242	280   	4429.05	5471.58	76.9448	51192.9    
243	280   	5043.43	8087.55	76.9448	106328     
244	280   	5370.52	7115.15	76.9448	59867.7    
245	280   	5319   	7438.3 	76.9448	80053.1    
246	280   	5139.4 	7862.31	76.9448	83953.3    
247	280   	5662.27	8244.35	76.9448	80271.2    
248	280   	5409.04	8575.02	76.9448	77241.5    
249	280   	5587.04	8038.2 	76.9448	75096.6    
250	280   	5841.72	7844.94	76.9448	56953.5    
251	280   	5100.84	7455.56	76.9448	67413.2    
252	280   	5177.24	7779.23	76.9448	105209     
253	280   	5399.15	7822.32	76.9448	58880.7    
254	280   	5928.7 	8379.14	76.9448	62985.5    
255	280   	4530.89	6474.42	76.9448	50822.6    
256	280   	5298.12	7211.68	76.9448	48855.5    
257	280   	4407.15	6318.1 	76.9448	54819.5    
258	280   	5697.66	9335.09	76.9448	95288.7    
259	280   	4871.96	6801.56	76.9448	76139.6    
260	280   	5201.25	7460.39	76.9448	65853.7    
261	280   	5299.98	8547.78	76.9448	77023.8    
262	280   	4865.93	7114.32	76.9448	59172.2    
263	280   	5515.26	7926.1 	76.9448	67041.4    
264	280   	4739.9 	6574.3 	76.9448	55834.8    
265	280   	5729.61	8588.75	76.9448	58953.1    
266	280   	4723.89	6877.25	76.9448	46847.8    
267	280   	4886.6 	7011.62	76.9448	66998.7    
268	280   	5171.06	7920.36	76.9448	67911.1    
269	280   	5388.03	7080.53	76.9448	58583.2    
270	280   	5261.42	7219.62	76.9448	52067.5    
271	280   	5627.22	8017.16	76.9448	52978.9    
272	280   	5352.86	6864.34	76.9448	49921.4    
273	280   	5432.98	8010.2 	103.151	82342.7    
274	280   	5753.62	9847.82	103.151	91245.7    
275	280   	5377.1 	8542.33	103.151	100191     
276	280   	5053.11	8934.4 	103.151	74180.2    
277	280   	4654.39	6876.53	103.151	51937      
278	280   	4020.86	7014.74	103.151	75356.8    
279	280   	4484.9 	5963.31	103.151	39645.7    
280	280   	4568.94	7718.88	95.472 	68925.2    
281	280   	4562.19	7495.81	95.472 	70895      
282	280   	4885.14	7022.13	103.151	45819.5    
283	280   	4834.79	7100.3 	103.151	91359      
284	280   	5558.16	7867.94	103.151	74030.5    
285	280   	5188.78	6329.67	103.151	45107.9    
286	280   	4926.56	7269.81	103.151	69954.9    
287	280   	4459.77	6501.7 	103.151	62814      
288	280   	4857.85	5993.11	103.151	49861      
289	280   	4994.97	8357.73	103.151	69058      
290	280   	4809.1 	7765.24	103.151	68147      
291	280   	5625.72	7543.99	110.649	78437.1    
292	280   	5917.6 	9721.45	99.1103	78437.1    
293	280   	5872.56	8998.83	99.1103	78437.1    
294	280   	5386.5 	8353.12	99.1103	78437.1    
295	280   	5713.63	10065.1	99.1103	114378     
296	280   	5451.79	8009.33	99.1103	77229.2    
297	280   	5843.3 	8960.66	99.1103	77229.2    
298	280   	4789.67	7468.33	95.4533	68038      
299	280   	5019.35	7482.79	99.1103	68038      
300	280   	5443.18	7108.29	99.1103	54843.7    
301	280   	4898.12	7022.02	99.1103	51799.7    
302	280   	5001.4 	6616.91	110.649	48838.4    
303	280   	5069.98	6712.5 	110.649	75213.5    
304	280   	7118.36	25475.9	110.649	566069     
305	280   	5658.88	8572.16	110.649	84116.5    
306	280   	5014.5 	8262.96	86.0113	97312.6    
307	280   	4777.12	5953.92	86.0113	42612.7    
308	280   	5186.61	7114.82	86.0113	52879.8    
309	280   	5022.6 	6511.75	86.0113	50772.3    
310	280   	4863.06	7035.7 	86.0113	42667.4    
311	280   	5185.71	7240.87	86.0113	68994.8    
312	280   	5371.41	9092.19	86.0113	89196      
313	280   	4447.83	6095.85	86.0113	46841.7    
314	280   	4675.58	7101.2 	86.0113	60903      
315	280   	4842.48	6289.82	86.0113	72908      
316	280   	5052.54	6799.19	86.0113	60904.9    
317	280   	4671.53	6747.65	86.0113	71105.5    
318	280   	5745.34	8557.67	86.0113	75367.4    
319	280   	5869.38	9559.77	86.0113	110506     
320	280   	5021.46	9430.56	86.0113	137564     
321	280   	6529.44	13425.3	77.9507	177111     
322	280   	6162.25	10452.3	86.0113	122532     
323	280   	5859.24	10784.9	86.0113	107440     
324	280   	5320.51	7886.27	86.0113	74010.1    
325	280   	5559.74	6878.48	86.0113	45776.1    
326	280   	5252.59	7852.7 	86.0113	98218.6    
327	280   	5983.47	9191.4 	86.0113	85116.1    
328	280   	6198.11	8142.32	86.0113	63938      
329	280   	5077.79	7302.19	86.0113	58805.1    
330	280   	5284.5 	9543.41	86.0113	93544.7    
331	280   	4724.02	6551.98	81.8358	53798.2    
332	280   	4602.52	5430.16	80.7745	39830.1    
333	280   	4927.04	6713.14	80.7745	66989.6    
334	280   	5181.5 	7405.43	80.7745	61110.7    
335	280   	4936.42	8821   	80.7745	114385     
336	280   	5000.65	9080.89	80.7745	114385     
337	280   	4710.39	6819.27	80.7745	53914.9    
338	280   	5445.37	8303.99	78.9387	83012.9    
339	280   	5407.34	9496.39	78.9387	110422     
340	280   	4770.68	8009.4 	78.9387	117576     
341	280   	5284.92	7325.27	78.9387	87263.7    
342	280   	5580.2 	7789.88	78.9387	74968.5    
343	280   	5063.74	7711.49	78.9387	58820      
344	280   	5331.71	6642.98	78.9387	53769.3    
345	280   	4776.56	6391.58	78.9387	45931.4    
346	280   	5294.98	7551.96	78.9387	46978.8    
347	280   	5281.64	7343.75	78.9387	54813.4    
348	280   	5315.07	8334.05	78.9387	93443.5    
349	280   	5061.49	7472.64	78.9387	81204.8    
350	280   	5762.33	7903.51	78.9387	77221      
351	280   	5363.88	8402.7 	78.9387	62869.5    
352	280   	5685.72	8756.06	78.9387	124488     
353	280   	5108.25	7656.16	78.9387	71962.1    
354	280   	4969.36	8234.5 	78.9387	78026.6    
355	280   	5426.3 	9318.31	78.9387	78098.4    
356	280   	5278.83	8328.64	78.9387	67976.7    
357	280   	4900.43	7851.78	78.9387	81029.4    
358	280   	5301.2 	8755.69	78.9387	81029.4    
359	280   	5428.86	8161.88	78.9387	69941.4    
360	280   	5421.34	8606.53	78.9387	72944.7    
361	280   	5309.5 	8083.34	78.9387	78501.4    
362	280   	5267.8 	7669.96	60.8289	43706.6    
363	280   	5378.6 	8315.57	60.8289	60982.9    
364	280   	4180.82	5955.89	78.9387	53977.9    
365	280   	4404.47	7676.86	78.9387	56936      
366	280   	4928.8 	7281.11	78.9387	56029.2    
367	280   	4971.55	6866.99	78.6534	49804.7    
368	280   	5076.21	8285.1 	78.6534	84406.9    
369	280   	4936.66	8150.41	78.6534	56902.5    
370	280   	4443.35	6272.48	78.6534	65015.8    
371	280   	4411.16	6366.77	78.6534	53752      
372	280   	4655.49	6204.77	78.9387	46702.6    
373	280   	6795.74	34250.2	78.9387	784395     
374	280   	4520.21	7587.16	78.9387	75988.8    
375	280   	5815.72	11842.4	78.9387	134415     
376	280   	4708.16	7242.34	78.9387	75988.8    
377	280   	5016.45	7141.02	78.9387	63018.8    
378	280   	5199.26	7863.88	78.9387	67893      
379	280   	5286.88	7497.13	78.9387	55743.3    
380	280   	4300.02	6554.16	78.9387	55765.6    
381	280   	5080.75	9248.97	78.9387	85174.9    
382	280   	4915.51	8584.07	78.9387	104346     
383	280   	5307.72	8196.04	78.9387	68874.8    
384	280   	5214.5 	7948.15	78.9387	84151.4    
385	280   	4915.87	6658.38	78.9387	52879.7    
386	280   	4776.3 	7151.13	78.9387	60780.5    
387	280   	4629.6 	6674   	78.9387	63910.7    
388	280   	5129.92	8112.73	78.9387	69034      
389	280   	4899.54	7889.24	78.9387	76163.1    
390	280   	4859.52	7419.21	78.9387	90298.7    
391	280   	5174.92	7336.76	78.9387	69189.6    
392	280   	4886.22	7046.7 	78.9387	52821.6    
393	280   	4410.92	7091.23	78.9387	52821.6    
394	280   	5419.97	7684.62	78.9387	88150.9    
395	280   	6365.56	28341.7	78.9387	658356     
396	280   	4973.12	7322.49	78.9387	53922.3    
397	280   	5210.16	7814.35	78.9387	105858     
398	280   	5315.2 	7446.98	78.9387	61980.9    
399	280   	5245.41	9614.52	78.9387	113562     
400	280   	4865.77	6743.38	78.9387	46671.3    
401	280   	5106.97	8328.53	78.9387	78354.7    
402	280   	4696.64	8076.78	78.9387	66185.2    
403	280   	7513.04	11163.1	78.9387	77032.6    
404	280   	7581.86	11768.7	78.9387	85135.5    
405	280   	6415.68	10981.5	78.9387	86075.8    
406	280   	4543.76	7326.65	78.9387	62934.3    
407	280   	5701.84	8949.53	78.9387	64955.4    
408	280   	7608.68	10164.3	78.9387	72933.9    
409	280   	7072.15	9605.2 	78.9387	64915.7    
410	280   	5948.93	9292.81	78.9387	87189.5    
411	280   	6227.57	10001.8	78.9387	95307.6    
412	280   	5055.29	7057.05	78.9387	72007.2    
413	280   	5038.71	7534.47	78.9387	62780      
414	280   	5961.45	8480.07	78.9387	65905.6    
415	280   	5762.77	9442.39	78.9387	86342.5    
416	280   	5429.15	7931.49	78.9387	72991.1    
417	280   	5337.93	7832.26	78.9387	70998.3    
418	280   	5288.24	7951.27	78.9387	83027.6    
419	280   	5296.45	8661.84	78.9387	69984.6    
420	280   	5468.43	10424.9	78.9387	97225.4    
421	280   	5730.22	9577.77	78.9387	116397     
422	280   	7042.74	11616.4	78.9387	89115.1    
423	280   	5621.5 	8814.92	78.9387	90355.5    
424	280   	5474.06	9705.73	78.9387	86104.5    
425	280   	5616.5 	9623.22	78.9387	84140.3    
426	280   	5551.32	9326.94	78.9387	86192.7    
427	280   	5885.07	8484.71	78.9387	67890.2    
428	280   	4807.78	7235.81	78.9387	67890.2    
429	280   	5614.59	6970.49	78.9387	59988.1    
430	280   	5572.17	7242.68	78.9387	62857.6    
431	280   	5430.3 	7972.46	78.9387	73012.8    
432	280   	5296.59	7836.29	78.9387	71955.1    
433	280   	5274.89	6997.45	78.9387	55587      
434	280   	5250.86	6486.74	78.9387	58847.5    
435	280   	4798.97	6001.78	78.9387	51633      
436	280   	5265.92	7546.84	78.9387	80137.7    
437	280   	4846.49	7093.82	78.9387	64864.8    
438	280   	4769.99	7940.11	78.9387	54828.7    
439	280   	5097.85	8767.29	78.9387	75097.1    
440	280   	5528.39	7505.5 	78.9387	58874      
441	280   	5182.14	6139.85	78.9387	50732.4    
442	280   	5102.34	8274.05	78.9387	87085.6    
443	280   	4980.16	7371.95	78.9387	81185.9    
444	280   	5142.58	8245.87	78.9387	73146.9    
445	280   	4929.02	7515.14	78.9387	73151.9    
446	280   	5079   	7594.2 	78.9387	65925.4    
447	280   	4825.73	7425.23	78.9387	69059.6    
448	280   	5151.53	6352.56	78.9387	60797.6    
449	280   	4677.88	6331.37	78.9387	47772      
450	280   	5960.57	6974.24	78.9387	71019.9    
451	280   	6717.82	8815.35	78.9387	105473     
452	280   	6566.75	8602.13	78.9387	67076.1    
453	280   	5421.54	8064.09	78.9387	70087.1    
454	280   	5482.64	8668.23	78.9387	79006.1    
455	280   	5417.99	9021.65	78.9387	73029      
456	280   	6159.88	9389.41	78.9387	73029      
457	280   	5869.62	8493.93	78.9387	59921      
458	280   	5942.8 	9050.58	78.9387	84134.4    
459	280   	6165.96	9226.1 	78.9387	73167.9    
460	280   	5356.19	7938.46	78.9387	76005.9    
461	280   	5606.86	8065.75	78.9387	107333     
462	280   	5458.69	8400.2 	78.9387	80105.7    
463	280   	5209.01	6712.84	78.9387	60042.4    
464	280   	5584.08	8240.4 	78.9387	69054.5    
465	280   	4819.75	6062.44	78.9387	52720.1    
466	280   	4727.47	6246.79	78.9387	36767      
467	280   	4869.29	8886.23	78.9387	79013.8    
468	280   	4704.92	7984.07	78.9387	59820      
469	280   	5499.74	8563.54	78.9387	86126.3    
470	280   	5614.72	7521.06	78.9387	53832.1    
471	280   	5616.82	8995.79	78.9387	112548     
472	280   	6570.91	7568.06	78.9387	54783.5    
473	280   	5810.53	7856.78	78.9387	54783.5    
474	280   	5746.42	6799.63	78.9387	59848.5    
475	280   	5305.03	6595.57	78.9387	73034.1    
476	280   	4697.4 	6796.67	78.9387	113497     
477	280   	5654.26	8927.1 	78.9387	113497     
478	280   	5041.59	6446.27	78.9387	41675.7    
479	280   	5146.3 	6837.88	78.9387	61990.4    
480	280   	5052.52	9767.46	78.9387	186280     
481	280   	5138.92	6389.35	78.9387	56846.5    
482	280   	6297.63	7612.97	78.9387	79169.5    
483	280   	6553.09	9029.5 	78.9387	93421      
484	280   	6319.78	9382.22	78.9387	94188.6    
485	280   	5714.01	10087.1	78.9387	124502     
486	280   	5459.47	9405.09	78.9387	95404.3    
487	280   	6093.78	9550.59	78.9387	71968.8    
488	280   	5001.37	8934.19	78.9387	78068.9    
489	280   	4933.76	7155.85	78.9387	76412.7    
490	280   	5099.49	8743.39	78.9387	162122     
491	280   	5657.41	7231.94	78.9387	71942.4    
492	280   	5261.43	7548.1 	78.9387	69977.2    
493	280   	4971.77	7046.92	78.9387	66908.5    
494	280   	4946.1 	8136.33	78.9387	66908.5    
495	280   	4653.45	6964.36	78.9387	61961.9    
496	280   	5035.17	8571.07	78.9387	86108.6    
497	280   	4658.16	8109.34	78.9387	90147.2    
498	280   	5098.72	7021.57	78.9387	68924.4    
499	280   	5600.8 	8690.51	78.9387	110457     
500	280   	6241.66	10525.7	78.9387	96274.7    
Time elapsed: 43219 seconds.


Batch Job Summary Report (version 21.01.1) for Job "bpopt" (46312438) on daint

Job information (1/2)
-----------------------------------------------------------------------------------------------------
             Submit            Eligible               Start                 End    Elapsed Time limit
------------------- ------------------- ------------------- ------------------- ---------- ----------
2023-04-28T12:22:32 2023-04-28T12:22:32 2023-04-28T12:22:55 2023-04-29T00:24:33   12:01:38   21:59:00
-----------------------------------------------------------------------------------------------------

Job information (2/2)
-------------------------------------------------------------
    Username      Account    Partition   NNodes        Energy
------------ ------------ ------------ -------- -------------
    bp000145       ich030       normal        6  46454.983 kJ

