
gen	nevals	avg    	std    	min    	max    
1  	140   	1186.26	1647.68	67.2553	11221.6
2  	140   	1160.33	1567.02	48.5154	11221.6
3  	140   	447.234	408.998	48.5154	5199.39
4  	140   	290.918	193.851	48.5154	1099.8 
5  	140   	297.042	639.387	36.4696	10303.3
6  	140   	339.031	882.479	36.4696	10303.3
7  	140   	254.863	401.787	36.4696	6022.32
8  	140   	263.42 	432.707	36.4696	6022.32
9  	140   	283.895	837.397	36.4696	13849.7
10 	140   	204.281	188.029	30.9259	1106.67
11 	140   	187.649	181.859	29.316 	994.503
12 	140   	248.538	663.195	29.316 	10770.5
13 	140   	185.52 	178.972	26.881 	876.789
14 	140   	178.003	183.448	26.881 	1268.27
15 	140   	180.506	182.614	26.3958	835.984
16 	140   	196.047	363.092	26.3958	4927.96
17 	140   	176.374	194.476	26.881 	1373.12
18 	140   	179.822	253.341	26.881 	2972.5 
19 	140   	175.03 	208.379	25.669 	1462.42
20 	140   	178.595	219.554	25.669 	1462.42
21 	140   	186.14 	240.375	22.872 	1462.42
22 	140   	187.639	223.432	22.872 	1462.42
23 	140   	187.445	225.17 	22.872 	1723.38
24 	140   	201.541	338.145	22.872 	4550.15
25 	140   	169.549	178.132	22.872 	949.2  
26 	140   	173.437	185.504	21.6975	966.632
27 	140   	186.441	416.59 	21.6975	6560.63
28 	140   	168.943	183.029	21.6975	875.723
29 	140   	150.955	255.055	21.6975	3625.17
30 	140   	167.465	213.433	21.6975	1841.93
31 	140   	194.401	437.342	21.6975	6746.53
32 	140   	148.749	157.708	21.6975	818.535
33 	140   	214.341	553.34 	21.6975	8897.18
34 	140   	153.663	184.293	21.6591	1228.13
35 	140   	189.953	191.195	21.6975	1276.11
36 	140   	159.218	169.439	21.6975	1112.51
37 	140   	150.61 	173.001	20.6961	1277.07
38 	140   	165.894	197.792	20.4432	1551.61
39 	140   	188.32 	191.306	20.4432	1090.22
40 	140   	177.958	202.805	20.4432	1650.64
41 	140   	167.065	208.88 	20.4432	1681.33
42 	140   	179.157	203.064	20.4432	1258.62
43 	140   	225.938	218.518	20.4432	1468.94
44 	140   	185.113	187.146	20.4432	926.546
45 	140   	203.906	203.923	20.4432	1078.91
46 	140   	190.681	215.94 	20.4432	1439.29
47 	140   	198.432	443.858	20.4432	6877.63
48 	140   	168.523	195.679	20.1175	1088.22
49 	140   	196.082	373.81 	20.4432	4586.19
50 	140   	150.339	176.391	20.3913	822.203
51 	140   	246.176	770.145	20.4432	12751  
52 	140   	154.163	259.429	20.4432	3552.5 
53 	140   	160.921	198.345	20.4044	925.319
54 	140   	163.187	222.717	20.4044	2371.1 
55 	140   	131.525	150.4  	20.4098	774.081
56 	140   	172.254	188.497	20.4432	1178.45
57 	140   	170.297	197.752	20.4432	1260.79
58 	140   	131.326	214.352	19.4403	1979.52
59 	140   	127.341	259.816	19.4403	3845.28
60 	140   	134.774	218.675	19.4403	2721.42
61 	140   	274.565	2032.81	20.1934	34078.8
62 	140   	125.385	173.87 	20.1934	1881.29
63 	140   	133.745	218.163	20.1934	2806.7 
64 	140   	130.52 	159.521	20.1934	1177.36
65 	140   	117.094	156.49 	20.1934	1265.98
66 	140   	185.999	710.314	20.1934	11451.3
67 	140   	130.194	223.464	19.2808	2904.19
68 	140   	163.316	196.49 	20.1934	2120.78
69 	140   	131.547	265.69 	20.1934	3912.13
70 	140   	132.15 	208.591	20.1934	1904.15
71 	140   	182.645	639.011	20.6961	10484.8
72 	140   	130.683	164.988	20.6961	1291.63
73 	140   	141.739	160.115	20.0118	918.967
74 	140   	122.311	151.058	20.0118	723.804
75 	140   	143.994	168.689	20.4495	1328.05
76 	140   	153.122	203.019	20.4111	1650.08
77 	140   	124.683	162.8  	20.4111	942.252
78 	140   	118.984	153.013	20.2247	683.36 
79 	140   	127.545	194.768	20.2247	2140.16
80 	140   	130.515	194.059	19.0286	1982.25
81 	140   	113.431	132.079	19.0286	699.101
82 	140   	124.279	167.35 	19.0286	1632.66
83 	140   	214.611	244.669	19.8198	2672.99
84 	140   	142.133	156.461	19.8198	921.579
85 	140   	562.829	6048.86	19.8198	101549 
86 	140   	149.211	185.597	19.8198	1882.68
87 	140   	141.858	189.024	19.8198	1791.64
88 	140   	114.227	135.513	19.106 	706.656
89 	140   	222.117	1791.37	19.8198	30038.7
90 	140   	149.262	291.494	19.8198	3114.29
91 	140   	124.474	160.877	19.8198	1181.25
92 	140   	136.156	149.891	19.6011	808.859
93 	140   	117.055	130.849	19.6011	553.758
94 	140   	124.41 	139.826	19.6011	651.101
95 	140   	147.161	242.595	19.6011	2613.16
96 	140   	125.176	146.488	19.6011	832.884
97 	140   	136.72 	292.601	19.6011	4353.8 
98 	140   	123.22 	158.383	19.6011	768.148
99 	140   	140.633	146.577	19.3249	664.913
100	140   	122.832	183.153	19.3249	2391.42
Time elapsed: 2395 seconds.


Batch Job Summary Report (version 21.01.1) for Job "bpopt" (46100959) on daint

Job information (1/2)
-----------------------------------------------------------------------------------------------------
             Submit            Eligible               Start                 End    Elapsed Time limit
------------------- ------------------- ------------------- ------------------- ---------- ----------
2023-04-18T10:39:19 2023-04-18T10:39:19 2023-04-18T10:39:28 2023-04-18T11:21:37   00:42:09   00:59:00
-----------------------------------------------------------------------------------------------------

Job information (2/2)
-------------------------------------------------------------
    Username      Account    Partition   NNodes        Energy
------------ ------------ ------------ -------- -------------
    bp000145       ich030       normal        4   1387.298 kJ

