
gen	nevals	avg    	std    	min    	max    
1  	140   	488.34 	213.469	159.826	1228.54
2  	140   	490.748	226.887	146.408	1488.02
3  	140   	437.415	381.597	92.7157	5921.43
4  	140   	439.101	247.814	92.7157	2767.62
5  	140   	425.145	239.446	72.7335	2312.93
6  	140   	380.599	267.915	69.3806	2312.93
7  	140   	290.48 	267.435	35.965 	2312.93
8  	140   	259.208	347.318	23.117 	4743.22
9  	140   	265.179	666.029	23.117 	10458.3
10 	140   	211.969	209.868	23.117 	952.017
11 	140   	216.828	568.232	20.359 	9018.58
12 	140   	186.657	227.571	19.4112	1944.3 
13 	140   	204.377	209.872	20.359 	1150.12
14 	140   	193.563	209.559	20.359 	1201.79
15 	140   	192.026	215.165	20.359 	1491.44
16 	140   	181.276	201.441	20.3289	910.495
17 	140   	165.014	187.339	19.6105	916.287
18 	140   	174.536	243.094	20.3289	3133.23
19 	140   	164.724	186.266	20.3289	1493.04
20 	140   	176.632	192.83 	20.3289	1326.98
21 	140   	167.641	179.086	20.3289	852.944
22 	140   	188.65 	375.223	20.0527	5547.69
23 	140   	216.809	225.162	20.5094	1482.84
24 	140   	193.097	194.513	22.026 	786.219
25 	140   	250.45 	1078.12	22.026 	17891.7
26 	140   	368.505	2914.54	22.026 	48516.5
27 	140   	158.817	182.512	22.026 	1539.12
28 	140   	158.105	176.683	22.026 	1532.27
29 	140   	142.258	152.502	22.026 	694.963
30 	140   	165.774	200.047	22.026 	1835.43
31 	140   	175.915	188.769	21.4195	1262.99
32 	140   	179.994	245.127	21.4195	2644.66
33 	140   	165.89 	162.935	21.4195	695.217
34 	140   	165.502	234.776	22.026 	2763.09
35 	140   	135.44 	148.183	22.026 	779.465
36 	140   	164.86 	229.09 	22.026 	2431.8 
37 	140   	182.339	453.724	19.9366	6622.66
38 	140   	202.488	216.187	19.9366	1989.46
39 	140   	178.92 	160.281	20.1325	787.9  
40 	140   	160.647	175.569	20.1325	1237.11
41 	140   	171.216	191.888	20.1325	1493.39
42 	140   	156.637	152.93 	20.1325	664.841
43 	140   	180.973	177.317	20.1325	935.538
44 	140   	173.733	168.417	20.1325	846.497
45 	140   	153.388	166.339	19.1179	1177.47
46 	140   	180.323	202.156	19.1179	1905.8 
47 	140   	263.403	1151.94	19.1179	19072.5
48 	140   	221.599	283.776	19.1179	3828.76
49 	140   	195.521	188.959	19.1179	1135.3 
50 	140   	163.078	181.013	19.1179	1195.24
51 	140   	156.351	172.418	19.1179	1093.61
52 	140   	176.206	211.976	19.1179	1975.61
53 	140   	201.587	519.704	19.1179	8173.77
54 	140   	458.067	5191.02	19.1179	87099.3
55 	140   	156.725	190.106	19.1179	822.944
56 	140   	185.293	526.811	19.1179	8599.88
57 	140   	194.462	429.163	19.1179	6689.27
58 	140   	149.073	156.853	19.1179	757.153
59 	140   	165.745	169.604	19.1179	849.075
60 	140   	187.698	206.901	19.1179	1795.93
61 	140   	178.835	388.695	19.1179	6003.3 
62 	140   	148.695	162.059	19.1179	1135.65
63 	140   	149.95 	145.003	19.1179	809.198
64 	140   	221.24 	175.239	19.1179	695.682
65 	140   	154.567	148.719	19.1179	755.038
66 	140   	170.328	191.635	19.1179	1239.73
67 	140   	194.519	211.752	19.1179	1573.27
68 	140   	135.292	154.122	19.1179	1160.63
69 	140   	150.195	233.524	19.1179	2917.88
70 	140   	156.224	183.276	19.1179	1425.74
71 	140   	161.296	183.109	19.1179	1011.8 
72 	140   	147.198	149.25 	19.1179	712.074
73 	140   	147.404	165.842	19.1179	940.76 
74 	140   	154.842	167.817	19.9932	1086.82
75 	140   	158.911	201.914	19.9932	2198.08
76 	140   	159.689	206.108	19.9932	2198.08
77 	140   	160.92 	172.616	19.9932	1036.68
78 	140   	147.419	172.175	19.9932	1171.3 
79 	140   	148.346	175.474	19.9932	1263.85
80 	140   	160.576	202.538	19.9932	1505.9 
81 	140   	196.237	201.792	19.9932	1023.72
82 	140   	171.271	184.153	19.7412	1010.72
83 	140   	146.892	164.784	19.286 	809.55 
84 	140   	126.428	136.324	19.286 	1050.07
85 	140   	158.292	153.939	18.9967	1021.83
86 	140   	147.912	190.201	18.9967	1755.81
87 	140   	182.784	384.772	18.9967	5652.84
88 	140   	144.491	190.998	18.9967	1541.21
89 	140   	158.423	162.531	18.9967	979.183
90 	140   	175.495	173.294	18.9967	816.408
91 	140   	141.371	162.85 	18.9967	969.504
92 	140   	148.222	144.349	18.9967	612.242
93 	140   	153.439	168.007	18.9967	789.249
94 	140   	178.175	188.853	18.9967	1387.28
95 	140   	136.274	151.111	18.9967	881.755
96 	140   	169.282	181.872	18.9967	1037.59
97 	140   	154.508	190.988	18.9967	1562.32
98 	140   	145.628	171.247	18.9967	1311.81
99 	140   	160.553	158.527	18.9967	619.203
100	140   	221.186	1133.3 	18.9967	18835.5
Time elapsed: 1120 seconds.


Batch Job Summary Report (version 21.01.1) for Job "bpopt" (46074422) on daint

Job information (1/2)
-----------------------------------------------------------------------------------------------------
             Submit            Eligible               Start                 End    Elapsed Time limit
------------------- ------------------- ------------------- ------------------- ---------- ----------
2023-04-17T16:01:58 2023-04-17T16:01:58 2023-04-17T16:05:00 2023-04-17T16:27:29   00:22:29   00:59:00
-----------------------------------------------------------------------------------------------------

Job information (2/2)
-------------------------------------------------------------
    Username      Account    Partition   NNodes        Energy
------------ ------------ ------------ -------- -------------
    bp000145       ich030       normal        4    651.607 kJ

