
gen	nevals	avg    	std    	min    	max    
1  	140   	974.881	1066.04	30.9521	8232.87
2  	140   	1007.09	1201.72	30.9521	11561.8
3  	140   	416.92 	263.685	27.8871	1630.05
4  	140   	309.523	248.514	27.8871	1204.45
5  	140   	262.878	228.17 	27.8871	1298.85
6  	140   	231.434	205.778	27.8871	857.568
7  	140   	206.658	242.63 	27.8871	2651.67
8  	140   	189.584	266.195	23.9882	2651.67
9  	140   	170.471	350.854	23.9882	5475.37
10 	140   	161.991	349.265	23.9882	5475.37
11 	140   	155.639	185.197	23.7602	1732.13
12 	140   	178.433	277.025	23.7602	3032.8 
13 	140   	171.529	288.884	23.7602	4205.35
14 	140   	180.467	293.814	23.7602	3208.36
15 	140   	167.843	162.706	23.7602	820.281
16 	140   	161.339	167.534	23.9712	1185.16
17 	140   	160.961	163.384	22.4011	766.35 
18 	140   	159.576	177.889	22.4011	1569.59
19 	140   	137.217	140.293	22.4011	701.558
20 	140   	167.698	475.373	22.4011	7672.72
21 	140   	144.003	187.829	22.1567	1957.49
22 	140   	319.245	2341.3 	22.1567	38948  
23 	140   	152.315	155.125	22.1567	638.114
24 	140   	150.546	154.159	22.1439	813.353
25 	140   	173.001	332.062	22.1439	4962.57
26 	140   	129.637	144.809	22.1439	755.57 
27 	140   	138.702	145.757	20.6588	683.012
28 	140   	132.49 	138.605	20.6588	725.155
29 	140   	151.598	238.076	20.6588	3408.31
30 	140   	176.682	695.605	18.5422	11528.4
31 	140   	132.499	142.088	18.5422	625.007
32 	140   	140.514	157.274	18.5422	1018.32
33 	140   	133.19 	145.676	18.5422	704.705
34 	140   	135.931	142.961	18.5422	585.54 
35 	140   	148.489	148.391	18.5422	663.498
36 	140   	177.59 	162.635	18.5422	711.989
37 	140   	145.668	141.86 	18.5422	620.632
38 	140   	150.828	160.698	18.5422	667.068
39 	140   	140.401	146.955	18.5422	711.647
40 	140   	156.467	210.815	18.5422	2404.39
41 	140   	160.289	208.254	18.5422	2404.39
42 	140   	160.755	234.503	18.5422	2755.17
43 	140   	126.087	134.369	18.5422	746.171
44 	140   	199.37 	1098.59	18.5422	18386.2
45 	140   	134.269	152.21 	18.5422	805.404
46 	140   	125.863	131.202	18.5422	760.758
47 	140   	183.336	656.103	18.5422	10594.8
48 	140   	152.874	425.456	18.5422	6108.16
49 	140   	142.614	168.947	18.5422	949.212
50 	140   	127.783	156.824	18.5422	1473.77
51 	140   	139.56 	208.61 	18.5422	2216.97
52 	140   	144.6  	152.719	18.5422	866.674
53 	140   	154.397	334.721	18.5422	5148.55
54 	140   	152.19 	157.302	18.5422	942.184
55 	140   	130.719	157.213	18.5422	1272.61
56 	140   	158.859	229.107	18.5422	2474.44
57 	140   	158.683	432.161	18.5422	6664.49
58 	140   	147.441	264.46 	18.5422	3878.94
59 	140   	136.546	192.818	18.5422	2147.62
60 	140   	127.366	210.368	18.5422	2938.04
61 	140   	136.074	228.743	18.5422	3045.9 
62 	140   	119.467	156.779	18.5422	1505.36
63 	140   	137.006	218.391	18.5422	2926.5 
64 	140   	128.754	173.936	18.5422	2056.11
65 	140   	115.447	129.408	17.6228	593.43 
66 	140   	123.009	132.603	17.6228	638.454
67 	140   	121.854	138.355	17.6228	667.13 
68 	140   	128.799	161.368	17.6228	1278.84
69 	140   	125.566	142.836	17.6228	900.359
70 	140   	159.497	271.962	17.6228	3510.34
71 	140   	125.376	139.367	17.6228	676.244
72 	140   	118.796	183.107	17.6228	2284.23
73 	140   	113.515	130.9  	17.6228	682.978
74 	140   	123.112	132.834	17.6228	592.703
75 	140   	185.724	172.308	17.6228	1259.62
76 	140   	159.698	180.588	17.6228	1562.44
77 	140   	154.475	170.255	17.6228	759.812
78 	140   	121.015	149.387	17.6228	832.179
79 	140   	126.803	141.76 	17.6228	699.155
80 	140   	131.318	182.198	17.6228	2231.13
81 	140   	117.042	138.499	17.6228	918.331
82 	140   	132.673	260.211	17.6228	3006.38
83 	140   	125.47 	182.197	17.6228	2281.31
84 	140   	156.112	155.583	17.6228	685.258
85 	140   	124.641	142.022	17.6228	763.847
86 	140   	105.814	137.019	17.6228	873.462
87 	140   	113.099	127.454	17.6228	934.061
88 	140   	120.426	143.497	17.6228	784.554
89 	140   	127.825	232.215	17.6228	3293.3 
90 	140   	115.864	142.963	17.6228	1102.13
91 	140   	142.635	130.546	17.6228	703.978
92 	140   	134.758	148.161	17.6228	943.866
93 	140   	116.776	135.619	17.6228	1146.61
94 	140   	117.483	131.521	17.6228	764.815
95 	140   	132.745	154.571	17.6228	1039.47
96 	140   	116.585	153.585	17.6228	1039.47
97 	140   	127.364	151.037	17.6228	1012.18
98 	140   	139.066	346.592	17.6228	5450.15
99 	140   	114.106	139.772	17.6228	737.823
100	140   	118.484	138.96 	17.6228	848.445
Time elapsed: 1929 seconds.


Batch Job Summary Report (version 21.01.1) for Job "bpopt" (46097210) on daint

Job information (1/2)
-----------------------------------------------------------------------------------------------------
             Submit            Eligible               Start                 End    Elapsed Time limit
------------------- ------------------- ------------------- ------------------- ---------- ----------
2023-04-18T09:47:48 2023-04-18T09:47:48 2023-04-18T09:48:19 2023-04-18T10:21:48   00:33:29   00:59:00
-----------------------------------------------------------------------------------------------------

Job information (2/2)
-------------------------------------------------------------
    Username      Account    Partition   NNodes        Energy
------------ ------------ ------------ -------- -------------
    bp000145       ich030       normal        4   1107.926 kJ

