
gen	nevals	avg    	std    	min    	max    
1  	140   	740.889	664.731	75.8497	5098.59
2  	140   	740.39 	649.926	75.8497	5098.59
3  	140   	367.541	347.537	67.113 	3101.95
4  	140   	327.416	294.768	66.5425	1467.21
5  	140   	360.558	308.737	66.5425	1432.99
6  	140   	271.367	241.732	60.2501	1432.99
7  	140   	283.931	226.369	60.2501	1078.16
8  	140   	223.883	190.132	60.2501	1131.89
9  	140   	262.867	638.77 	55.1526	10270.1
10 	140   	246.986	268.778	51.8842	2859.13
11 	140   	250.408	342.488	49.862 	2859.13
12 	140   	208.332	168.979	49.862 	810.651
13 	140   	221.858	210.353	49.3731	1220.59
14 	140   	243.358	386.216	49.3731	5314.96
15 	140   	235.73 	231.264	45.7477	1749.27
16 	140   	230.871	249.416	43.5104	1637.78
17 	140   	229.169	265.219	45.7477	2001.22
18 	140   	287.174	847.278	45.7477	13447  
19 	140   	297.117	903.79 	43.7857	13447  
20 	140   	449.525	2074.04	43.7857	26295.2
21 	140   	463.596	2073   	43.7857	26295.2
22 	140   	587.28 	2483.27	43.7857	26757.9
23 	140   	673.587	3047.3 	43.7857	26757.9
24 	140   	577.816	3158.94	43.7857	26757.9
25 	140   	402.819	2244.7 	46.1867	26757.9
26 	140   	680.984	3524.06	45.1914	26757.9
27 	140   	1248.11	5163.08	44.2186	26757.9
28 	140   	405.947	2243.03	44.2186	26757.9
29 	140   	272.476	1592.13	46.1867	26757.9
30 	140   	285.774	1594.47	46.1867	26757.9
31 	140   	303.131	1622.36	46.1867	26757.9
32 	140   	224.069	244.859	46.2324	3101.8 
33 	140   	231.923	363.12 	48.8626	5223.34
34 	140   	208.953	258.499	48.8626	2755.76
35 	140   	250.861	289.589	47.3824	2755.76
36 	140   	280.31 	396.239	39.6976	2755.76
37 	140   	269.884	408.152	39.6976	2755.76
38 	140   	282.676	485.091	39.6976	3334.62
39 	140   	368.009	803.809	39.6976	9826.34
40 	140   	258.324	361.52 	39.6976	2755.76
41 	140   	278.917	348.984	39.6976	2755.76
42 	140   	255.253	758.583	39.6976	12377.3
43 	140   	323.227	1084.14	39.6976	12377.3
44 	140   	438.465	1625.18	39.6976	12377.3
45 	140   	334.159	1268.94	39.6976	12377.3
46 	140   	220.903	225.341	39.6976	1255.83
47 	140   	211.655	188.83 	39.6976	1172.26
48 	140   	209.369	221.192	39.6976	1219.87
49 	140   	222.161	215.37 	39.6976	1185.62
50 	140   	205.027	213.979	39.6976	2185.91
51 	140   	248.75 	290.417	39.6976	2860.02
52 	140   	225.261	265.994	38.6378	3058.35
53 	140   	260.711	322.458	38.6378	3403.13
54 	140   	253.802	440.159	38.6378	5631.61
55 	140   	304.468	438.579	41.2809	5631.61
56 	140   	232.37 	220.108	39.6747	1128.56
57 	140   	219.543	201.09 	39.6747	1177.77
58 	140   	228.639	228.144	39.6747	1166.91
59 	140   	271.577	473.115	39.6747	7069.94
60 	140   	269.646	493.323	39.6747	7069.94
61 	140   	245.435	304.204	39.6747	2174.36
62 	140   	265.995	335.962	39.6747	2056.02
63 	140   	289.062	394.598	39.6747	2056.02
64 	140   	232.28 	264.288	39.6747	2056.02
65 	140   	243.877	567.472	39.6747	8842.01
66 	140   	214.038	212.718	39.6747	1695.34
67 	140   	239.625	233.675	39.6747	1695.34
68 	140   	237.33 	262.23 	39.6747	1695.34
69 	140   	212.796	207.973	39.6747	1235.43
70 	140   	267.678	272.632	39.6747	1594.31
71 	140   	213.132	217.949	39.6747	1107.56
72 	140   	227.348	223.14 	39.6747	1434.28
73 	140   	261.432	295.311	39.6747	2408.43
74 	140   	246.14 	556.976	39.6747	8483.25
75 	140   	263.101	320.867	39.6747	2240.68
76 	140   	294.502	882.234	35.964 	13831.7
77 	140   	249.374	428.389	35.964 	4096.31
78 	140   	264.217	371.064	35.964 	4096.31
79 	140   	278.981	600.353	35.964 	7924.5 
80 	140   	271.229	690.853	35.964 	7924.5 
81 	140   	304.646	701.628	35.964 	7924.5 
82 	140   	233.078	283.264	35.964 	1378.89
83 	140   	276.39 	295.237	35.964 	1669.93
84 	140   	289.668	510.09 	35.964 	6637.91
85 	140   	268.842	393.052	35.964 	3829.45
86 	140   	224.684	238.262	35.964 	1378.89
87 	140   	229.04 	237.661	35.964 	1378.89
88 	140   	229.068	229.143	35.964 	1153.33
89 	140   	253.36 	279.48 	35.964 	1636.58
90 	140   	210.384	241.631	35.964 	2301.63
91 	140   	299.853	1046.51	35.964 	17218.6
92 	140   	216.42 	241.094	35.964 	1260.11
93 	140   	262.077	539.201	35.964 	7424.79
94 	140   	230.706	335.317	35.964 	4139.76
95 	140   	242.119	324.863	35.964 	4139.76
96 	140   	805.098	9781.26	35.964 	164137 
97 	140   	236.467	264.809	37.7885	1553.86
98 	140   	304.365	415.444	37.7885	4835.48
99 	140   	273.021	315.159	37.7885	1845.29
100	140   	258.92 	292.828	36.4812	1845.29
Time elapsed: 840 seconds.


Batch Job Summary Report (version 21.01.1) for Job "bpopt" (45999488) on daint

Job information (1/2)
-----------------------------------------------------------------------------------------------------
             Submit            Eligible               Start                 End    Elapsed Time limit
------------------- ------------------- ------------------- ------------------- ---------- ----------
2023-04-14T16:51:13 2023-04-14T16:51:13 2023-04-14T16:51:30 2023-04-14T17:06:43   00:15:13   00:59:00
-----------------------------------------------------------------------------------------------------

Job information (2/2)
-------------------------------------------------------------
    Username      Account    Partition   NNodes        Energy
------------ ------------ ------------ -------- -------------
    bp000145       ich030       normal        4    618.209 kJ

