
gen	nevals	avg    	std    	min    	max    
1  	570   	1190.55	951.726	179.89 	8405.9 
2  	570   	1225.55	1073.7 	179.89 	11395.3
3  	570   	1116.44	1298.88	180.285	38158.3
4  	570   	1103.91	2269.91	168.738	38158.3
5  	570   	972.21 	871.589	173.393	16799  
6  	570   	972.297	2318.9 	136.482	76914.8
7  	570   	858.179	809.435	107.285	19398.3
8  	570   	848.152	669.451	107.285	13449.3
9  	570   	886.064	586.793	107.285	9705.32
10 	570   	864    	1224.33	88.9965	38333.2
11 	570   	896.448	541.181	88.9965	3643.47
12 	570   	920.537	550.891	88.9965	3393.5 
13 	570   	872.619	819.877	89.2569	22584.9
14 	570   	739.025	500.929	82.041 	3221.04
15 	570   	624.576	806.194	60.5739	21132.7
16 	570   	577.419	510.241	54.329 	4147.78
17 	570   	588.372	640.426	46.9068	14628.9
18 	570   	538.721	841.163	46.9068	20852.5
19 	570   	460.798	458.081	40.0746	4859.36
20 	570   	485.174	422.959	40.0746	2357.6 
21 	570   	430.785	445.755	40.0746	5795.41
22 	570   	407.03 	419.521	40.0746	4612.34
23 	570   	468.549	1586.75	40.0746	48429.3
24 	570   	399.099	529.403	40.0746	10018.6
25 	570   	396.408	424.637	40.0746	3755.16
26 	570   	400.186	783.762	40.0746	22557.9
27 	570   	385.152	464.156	39.6845	6675.58
28 	570   	357.565	420.625	39.9105	4693.85
29 	570   	350.655	384.596	39.9105	3124.36
30 	570   	372.974	743.285	37.535 	20810.9
31 	570   	357.494	437.298	39.2566	5105.58
32 	570   	375.456	523.075	39.3744	8455.68
33 	570   	344.827	415.536	39.3744	3926.83
34 	570   	339.978	448.22 	37.207 	5781.21
35 	570   	350.28 	419.445	39.4742	4377.27
36 	570   	385.981	545.981	39.4742	9832.32
37 	570   	380.512	456.144	39.8728	5483.56
38 	570   	385.29 	923.396	38.13  	27833.8
39 	570   	368.887	439.051	38.13  	4303.47
40 	570   	362.006	441.16 	39.8728	4757.41
41 	570   	375.859	456.974	39.8728	7614.34
42 	570   	387.953	1428.21	39.8728	46054.7
43 	570   	352.64 	419.184	39.8728	3857.61
44 	570   	364.701	501.303	39.8728	7817.93
45 	570   	335.332	400.142	38.5682	2616.8 
46 	570   	368.403	416.266	39.4903	4305.51
47 	570   	362.421	418.183	38.7023	4052.74
48 	570   	351.98 	499.494	38.7023	7582.4 
49 	570   	364.978	535.532	38.7023	8076.52
50 	570   	376.126	553.711	38.7023	10361.2
51 	570   	377.991	1150.08	38.7023	36575  
52 	570   	328.606	389.421	38.874 	3496.25
53 	570   	384.578	677.006	38.874 	12556.9
54 	570   	377.78 	508.294	38.874 	6670.88
55 	570   	332.002	400.803	38.874 	3370.31
56 	570   	348.434	417.722	38.874 	5057.91
57 	570   	360.302	455.191	39.4903	4948.99
58 	570   	367.988	476.02 	39.1752	6429.03
59 	570   	386.516	459.378	39.0473	4663.54
60 	570   	427.045	1615.03	38.8698	51379.7
61 	570   	373.438	554.825	38.8698	8073.45
62 	570   	389.139	878.821	38.8698	25523.4
63 	570   	385.181	929.063	38.8698	25523.4
64 	570   	356.707	486.22 	38.8698	7799.71
65 	570   	342.886	464.358	38.8698	8047.22
66 	570   	369.961	458.141	38.8698	5178.94
67 	570   	352.253	464.959	38.8698	5567.96
68 	570   	328.605	428.414	38.546 	6912.79
69 	570   	353.83 	487.4  	38.546 	6903.68
70 	570   	367.018	520.585	38.8698	7496.59
71 	570   	353.454	439.977	38.7566	4735.39
72 	570   	368.148	437.986	38.7566	6512.4 
73 	570   	351.53 	442.485	38.7695	5776.58
74 	570   	490.102	4850.67	38.6345	163613 
75 	570   	356.286	494.006	38.6345	6627.22
76 	570   	384.778	577.137	38.6345	10591.2
77 	570   	358.53 	554.736	38.6345	9071.57
78 	570   	371.099	470.141	38.6345	5010.6 
79 	570   	343.013	473.831	38.6345	7913.41
80 	570   	340.145	404.337	38.6345	4196.56
81 	570   	413.028	2140.91	38.6345	70279.6
82 	570   	353.856	440.781	38.6345	3933.01
83 	570   	355.634	439.936	38.6345	3634.07
84 	570   	363.566	494.757	38.6345	7027.48
85 	570   	368.707	510.566	38.6345	5662.28
86 	570   	355.893	435.724	38.6345	5319.13
87 	570   	362.551	579.208	38.6345	13964  
88 	570   	366.235	976.137	38.6345	30072.2
89 	570   	607.824	8330.57	38.484 	281147 
90 	570   	338.157	445.738	38.484 	7413.85
91 	570   	390.932	1504.1 	38.484 	49267.2
92 	570   	366.692	432.55 	38.6345	5198.7 
93 	570   	351.103	465.27 	38.6345	7553.83
94 	570   	368.876	525.182	38.6345	9984.4 
95 	570   	357.531	418.729	37.6512	3848.26
96 	570   	346.624	444.669	37.6512	5081.24
97 	570   	439.901	1885.7 	38.4785	61741.2
98 	570   	377.517	540.729	37.8319	9851.36
99 	570   	379.553	1020.35	38.3523	31266.8
100	570   	350.149	594.778	38.4785	13322.5
Elapsed time: 3615 seconds (1h 0m 15s)


Batch Job Summary Report (version 21.01.1) for Job "bpopt" (50582979) on daint

Job information (1/2)
-----------------------------------------------------------------------------------------------------
             Submit            Eligible               Start                 End    Elapsed Time limit
------------------- ------------------- ------------------- ------------------- ---------- ----------
2023-12-21T14:48:07 2023-12-21T14:48:07 2023-12-21T14:48:09 2023-12-21T15:49:38   01:01:29   01:59:00
-----------------------------------------------------------------------------------------------------

Job information (2/2)
-------------------------------------------------------------
    Username      Account    Partition   NNodes        Energy
------------ ------------ ------------ -------- -------------
    bp000145       ich030       normal        4   4083.413 kJ

