
gen	nevals	avg    	std    	min    	max    
1  	120   	1209.34	1004.7 	197.353	7580.88
2  	120   	1209.75	945.428	179.148	7580.88
3  	120   	919.251	561.152	157.13 	3082.36
4  	120   	905.054	558.543	169.45 	4558.89
5  	120   	1113.68	2145.78	155.624	28895.3
6  	120   	813.329	561.818	125.238	3541.75
7  	120   	893.756	547.01 	142.18 	4697.91
8  	120   	856.554	588.994	119.522	4735.54
9  	120   	927.102	517.639	118.294	3067.26
10 	120   	702.441	488.458	91.8299	2642.23
11 	120   	667.535	466.477	106.796	2224   
12 	120   	649.019	462.097	106.796	2243.46
13 	120   	572.257	438.317	99.2822	2182.79
14 	120   	634.806	500.92 	99.2822	2467.53
15 	120   	536.171	448.664	95.1861	1990.56
16 	120   	557.136	429.843	102.523	2538.89
17 	120   	577.486	452.866	102.523	2188.75
18 	120   	627.474	543.842	82.6698	4428.23
19 	120   	537.84 	394.682	82.6698	1682.88
20 	120   	536.436	428.044	79.3335	2260.08
21 	120   	510.946	465.721	78.1967	2867.96
22 	120   	508.885	643.238	79.3335	8872.64
23 	120   	563.912	886.288	70.5923	8872.64
24 	120   	502.607	663.545	70.5923	8872.64
25 	120   	458.659	658.51 	70.5923	8872.64
26 	120   	528.715	877.45 	70.5923	12198.4
27 	120   	433.21 	455.35 	70.5923	4913.07
28 	120   	472.137	423.17 	70.5923	2013.76
29 	120   	518.917	791.72 	67.5837	7284.55
30 	120   	474.594	517.917	70.5923	5137.03
31 	120   	453.959	348.974	65.2076	2111.48
32 	120   	461.044	997.181	65.2076	14531.7
33 	120   	493.581	1790.33	65.2076	27690.6
34 	120   	408.656	369.534	65.2076	2537.82
35 	120   	457.991	636.277	65.2076	6952.83
36 	120   	430.409	425.838	65.2076	3133.21
37 	120   	409.062	399.591	65.801 	3133.21
38 	120   	360.89 	385.646	65.801 	3133.21
39 	120   	482.403	656.475	65.801 	7142.85
40 	120   	421.214	442.022	65.801 	3133.21
41 	120   	389.128	368.739	65.801 	3133.21
42 	120   	712.342	3792.39	65.801 	58165  
43 	120   	462.969	513.288	65.801 	3133.21
44 	120   	380.969	393.118	65.801 	3133.21
45 	120   	411.484	369.403	67.8434	3133.21
46 	120   	475.679	467.257	68.4083	3133.21
47 	120   	429.206	479.141	68.4083	3211.95
48 	120   	462.271	507.719	71.1358	3133.21
49 	120   	402.379	363.127	62.9371	3133.21
50 	120   	382.108	369.904	62.9371	1579.53
51 	120   	447.632	392.376	62.9371	2536.17
52 	120   	417.496	325.703	62.9371	1766.37
53 	120   	414.673	305.784	66.1743	1618.94
54 	120   	432.696	733.472	66.1743	10371  
55 	120   	484.658	517.054	66.1743	5092.58
56 	120   	417.559	330.392	66.1743	2148.82
57 	120   	445.203	349.848	69.2401	1843.97
58 	120   	517.332	1434.44	69.2401	22113.1
59 	120   	515.353	1444.95	69.2401	22113.1
60 	120   	470.561	438.797	69.2401	3177.67
61 	120   	444.816	508.691	69.2401	5297.5 
62 	120   	422.546	649.648	69.2401	8491.64
63 	120   	382.661	386.289	69.2401	2112.61
64 	120   	533.086	578.836	59.8186	7053.22
65 	120   	421.136	348.635	59.8186	1633.64
66 	120   	378.061	337.013	59.8186	1970.3 
67 	120   	456.297	456.927	59.8186	4229.08
68 	120   	457.128	766.023	59.8186	10562.5
69 	120   	391.765	322.891	59.8186	1900.76
70 	120   	324.331	261.149	59.8186	1271.73
71 	120   	418.462	337.815	59.8186	2554.38
72 	120   	384.725	343.851	59.8186	1629.88
73 	120   	511.083	1054.27	59.8186	11640.4
74 	120   	420.185	771.446	59.8186	11107.7
75 	120   	433.684	459.883	59.8186	4082.86
76 	120   	361.321	398.452	59.8186	4082.86
77 	120   	393.613	348.4  	59.8186	1939.78
78 	120   	427.634	434.677	59.8186	4545.58
79 	120   	379.799	290.479	59.8186	1412.79
80 	120   	332    	303.003	59.8186	1504.45
81 	120   	367.905	426.506	64.2327	4990.43
82 	120   	333.835	304.064	61.0551	2218.21
83 	120   	384.799	370.344	61.0551	2258.52
84 	120   	353.679	597.648	61.0551	8369.62
85 	120   	525.649	2602.42	61.0551	39376.5
86 	120   	317.977	276.096	61.0551	1438.41
87 	120   	349.794	366.526	60.9694	3585.9 
88 	120   	369.028	387.979	60.9694	3791.74
89 	120   	365.209	391.362	60.9694	3791.74
90 	120   	353.914	459.676	60.6718	5475.87
91 	120   	306.787	271.695	61.0551	1256.56
92 	120   	336.227	334.196	61.0551	2108.23
93 	120   	315.373	276.538	60.0842	1629.39
94 	120   	384.599	327.849	60.0842	1629.39
95 	120   	405.894	303.23 	61.0551	1764.6 
96 	120   	387.08 	297.982	61.0551	1892.93
97 	120   	371.197	312.743	61.0551	1892.93
98 	120   	407.077	564.437	61.0551	6965.59
99 	120   	330.79 	532.832	61.0551	6965.59
100	120   	355.7  	279.101	61.0551	1758.25
101	120   	393.076	346.075	60.9055	2070.93
102	120   	388.426	360.712	61.0551	1872.92
103	120   	444.653	374.718	61.0551	2960.33
104	120   	358.228	327.871	61.0551	2186.6 
105	120   	405.192	358.122	61.0551	2239.76
106	120   	383.949	462.737	61.0551	4345.29
107	120   	358.799	483.746	56.2488	4345.29
108	120   	335.555	397.653	61.0551	4345.29
109	120   	396.518	571.79 	61.0551	5612.66
110	120   	403.721	630.628	61.0551	4345.29
111	120   	346.205	327.121	61.0551	2545.81
112	120   	346.423	311.989	57.9228	2211.16
113	120   	330.583	312.864	57.9228	2211.16
114	120   	364.095	780.619	61.0551	11034.5
115	120   	322.107	278.208	61.0551	1439.05
116	120   	359.581	295.145	61.0551	1886.46
117	120   	351.147	328.37 	61.0551	2153.17
118	120   	310.581	276.739	61.0551	1229.92
119	120   	530.946	1700.77	61.0551	17242.4
120	120   	531.761	1485.62	61.0551	11657.9
121	120   	476.607	1190.79	61.0551	13820.4
122	120   	376.893	423.247	61.0551	2730.26
123	120   	430.567	402.667	61.0551	2639.86
124	120   	467.269	1366.83	61.0551	20401  
125	120   	337.996	334.37 	56.79  	2639.86
126	120   	455.914	654.468	64.3222	8785.71
127	120   	457.065	1331.25	64.3222	20169.4
128	120   	377.848	424.483	63.7624	2693.01
129	120   	383.871	393.696	63.7624	2639.86
130	120   	1950.28	24468.5	63.7624	380091 
131	120   	396.405	719.573	63.7624	7949.81
132	120   	825.882	7152.62	63.7624	110936 
133	120   	377.836	594.493	62.8604	7537.93
134	120   	762.38 	6259.58	62.8604	97241.6
135	120   	317.167	321.361	63.7624	3400.73
136	120   	371.795	706.937	63.7624	9694.33
137	120   	339.509	409.844	63.7624	3741.93
138	120   	390.005	414.42 	63.7624	3400.73
139	120   	414.741	513.641	60.5453	4669.25
140	120   	326.216	497.867	60.5453	6382.5 
141	120   	337.017	344.369	58.9354	2873.71
142	120   	338.442	374.041	58.9354	2873.71
143	120   	317.961	313.88 	58.9354	2008.69
144	120   	406.269	521.905	63.7624	5641.88
145	120   	396.295	576.652	63.3694	5641.88
146	120   	446.944	527.806	63.7624	5641.88
147	120   	442.344	575.121	63.7624	5641.88
148	120   	347.863	440.516	63.7624	5641.88
149	120   	337.69 	427.816	57.9526	4953.71
150	120   	357.628	335.523	52.8986	2227.57
151	120   	349.807	325.576	52.8986	2433.29
152	120   	357.579	497.242	59.7475	5445.82
153	120   	360.711	461.821	59.7475	5720.93
154	120   	411.546	1109.82	54.2051	16833.3
155	120   	305.01 	302.275	54.2051	1963.3 
156	120   	384.83 	331.823	54.2051	2277.96
157	120   	426.318	373.626	67.0943	2766.52
158	120   	358.108	290.835	67.0943	1908.15
159	120   	385.737	330.368	67.0943	2861.55
160	120   	326.086	299.294	63.9934	1709.04
161	120   	368.064	311.902	52.5372	1607.47
162	120   	337.175	284.558	52.5372	1380.87
163	120   	353.765	318.288	52.5372	1952.21
164	120   	393.961	359.683	52.5372	1676.31
165	120   	342.46 	385.965	52.5372	2762.75
166	120   	545.256	1960.04	52.5372	30423.3
167	120   	403.24 	378.578	52.5372	2122.88
168	120   	456.094	428.03 	52.5372	3379.57
169	120   	393.748	389.926	52.5372	3379.57
170	120   	498.379	1656.62	52.5372	24110.3
171	120   	371.723	358.052	52.5372	1860.37
172	120   	384.046	363.327	52.5372	2466.75
173	120   	389.737	366.136	52.5372	2722.59
174	120   	418.522	383.784	52.5372	2209.84
175	120   	467.877	464.054	52.5372	4057.66
176	120   	410.326	716.02 	52.5372	8759.98
177	120   	364.146	681.092	52.5372	8759.98
178	120   	365.18 	343.864	52.5372	2533.04
179	120   	321.215	325.118	52.5372	2744.22
180	120   	360.51 	346.43 	52.5372	3836.51
181	120   	378.161	354.429	52.5372	2332.77
182	120   	333.892	299.987	52.5372	1229.57
183	120   	352.136	325.37 	52.5372	1834.18
184	120   	418.408	365.837	52.5372	1876.75
185	120   	588.528	2152.98	52.5372	33378.4
186	120   	434.766	439.333	52.5372	3176.66
187	120   	410.346	475.18 	52.5372	3176.66
188	120   	394.068	484.734	52.5372	3176.66
189	120   	360.128	420.698	52.5372	3755.43
190	120   	375.312	348.843	52.5372	2516.01
191	120   	383.599	545.662	52.5372	6773.59
192	120   	330.934	328.417	52.5372	2121.61
193	120   	406.978	409.225	55.5293	4054.67
194	120   	394.708	339.619	55.5293	2438.05
195	120   	358.866	425.473	55.5293	3672.51
196	120   	311.767	335.114	55.5293	2548.43
197	120   	315.245	285.203	55.5293	1594.06
198	120   	384.031	689.241	55.5293	9131.93
199	120   	313.936	273.494	55.5293	1582.41
200	120   	493.925	1390   	55.5293	21220.4
