
gen	nevals	avg    	std    	min    	max    
1  	280   	8828.82	5716.5 	6123.51	98488.9
2  	280   	8910.17	5522.54	6121.22	98488.9
3  	280   	7395.55	6454.71	6112.32	98488.9
4  	280   	6712.84	4052.18	6112.32	99102.3
5  	280   	6428.63	956.851	6103.05	10500  
6  	280   	6422.39	974.585	6090.86	10500  
7  	280   	6462.61	1062.41	6090.86	10500  
8  	280   	6451.69	1034.27	6079.35	10500  
9  	280   	6505.79	1116.78	6070.11	10500  
10 	280   	6435.32	990.597	6070.11	10500  
11 	280   	6381.22	898.758	6047.51	10500  
12 	280   	6306.33	708.674	6045.64	10500  
13 	280   	6262.37	572.208	6037.66	10500  
14 	280   	6257.21	530.084	6043.03	10500  
15 	280   	6299.33	981.139	4187.62	22462.4
16 	280   	6241.13	670.914	4187.62	15720  
17 	280   	6148.58	595.467	676.725	15720  
18 	280   	6120.47	814.92 	606.991	15720  
19 	280   	6032.3 	821.9  	596.845	10500  
20 	280   	6138.68	3803.52	596.845	69543.1
21 	280   	6702.44	5842.31	544.415	64705.6
22 	280   	8392.56	9900.88	486.648	65022.7
23 	280   	9076.02	11197.7	471.585	94270.1
24 	280   	7953.47	10499.4	471.585	79202  
25 	280   	10520.9	12847  	471.585	112698 
26 	280   	9439.88	11756.8	471.585	121934 
27 	280   	10044.5	14285  	383.616	138038 
28 	280   	8955.24	12505.1	367.246	112866 
29 	280   	9845.92	14342.5	367.246	114124 
30 	280   	9071.36	12634.9	367.246	109725 
31 	280   	8993.04	12661.4	367.246	99664.8
32 	280   	8164.12	11391.4	367.246	111256 
33 	280   	9438.16	13543.1	352.611	104399 
34 	280   	9134.59	13833.1	352.611	115450 
35 	280   	9175.72	18848.3	352.611	369814 
36 	280   	8620.76	13294.1	352.611	111571 
37 	280   	8465.18	14561.2	352.611	120604 
38 	280   	11380.6	21116.3	352.611	134067 
39 	280   	10412  	16810.7	352.611	148079 
40 	280   	12887.7	20887.7	367.246	173869 
41 	280   	11147.3	15904.5	383.616	114708 
42 	280   	9539.49	13769.8	355.633	111288 
43 	280   	11627.5	17137.9	355.633	135077 
44 	280   	10209.7	14590.1	355.633	107237 
45 	280   	9298.9 	14927  	346.922	147170 
46 	280   	8949.71	12841.3	346.922	145318 
47 	280   	11387.2	18088.1	322.788	161536 
48 	280   	11065.3	17337.3	275.661	170226 
49 	280   	9519.64	15823.8	275.661	136230 
50 	280   	8674.81	14410.6	270.726	126812 
51 	280   	7781.32	14035.5	270.726	139285 
52 	280   	9450.15	15684  	270.726	134132 
53 	280   	9220.96	12923.1	270.726	113385 
54 	280   	10775.4	17058.1	270.726	128019 
55 	280   	8535.99	13930.2	270.726	105554 
56 	280   	8479.64	15856.6	270.726	142063 
57 	280   	9482.39	15991  	270.726	112307 
58 	280   	10289.8	15939.3	199.923	112307 
59 	280   	9355.54	16065.2	199.923	158891 
60 	280   	8273.11	15767  	199.923	184090 
61 	280   	8199.02	13631.1	199.923	140145 
62 	280   	8246.68	11554.9	199.923	113172 
63 	280   	7108.03	10865.2	199.923	126158 
64 	280   	9240.9 	15169  	199.923	151344 
65 	280   	9110.85	13039.5	199.923	139238 
66 	280   	7936.48	10980.3	199.923	91726.4
67 	280   	6873.78	10777.4	199.923	107579 
68 	280   	7267.22	10115.5	199.923	89697.5
69 	280   	7270.39	12678.4	199.923	135571 
70 	280   	7763.94	13501.5	199.923	135571 
71 	280   	7287.84	11765.3	199.923	111444 
72 	280   	8678.77	14421.9	199.923	114660 
73 	280   	6660.22	10054.7	199.923	113066 
74 	280   	6974.48	10411.1	199.923	86859.6
75 	280   	7055.61	10997.4	199.923	95172.3
76 	280   	6797.67	10381.9	199.923	79923.8
77 	280   	7282.63	11863.4	199.923	121475 
78 	280   	6861.59	9990.45	199.923	101209 
79 	280   	6939.16	12294.3	199.923	129676 
80 	280   	7379.48	11863.8	199.923	106035 
81 	280   	8192.62	14088.6	199.923	126464 
82 	280   	7315.18	11752.1	194.522	121675 
83 	280   	6073.31	8991.62	194.522	81738.5
84 	280   	7328.69	12342.4	194.522	85195.3
85 	280   	7940.09	12002.6	194.522	102208 
86 	280   	7960.96	12130.9	194.522	92971.3
87 	280   	8026.82	13542.2	194.522	96047.8
88 	280   	7858.94	12548.6	194.522	93850.4
89 	280   	7002.59	8999.11	178.83 	70310.5
90 	280   	7930.16	12059.8	178.83 	101139 
91 	280   	7819.1 	11613.2	178.83 	89763.5
92 	280   	7387.82	10515.8	178.83 	84940.3
93 	280   	6922.09	10876.6	178.83 	82540.3
94 	280   	7475.77	11736.8	178.83 	94028.7
95 	280   	8550.79	15210.7	178.83 	140997 
96 	280   	8227.92	13145  	178.83 	91998.1
97 	280   	7388.12	12055.4	178.83 	96831.9
98 	280   	7810.06	14304.1	178.83 	133774 
99 	280   	7067.42	10587.5	178.83 	100667 
100	280   	7642.47	10812.3	178.83 	97045.6
101	280   	7958.3 	13151.1	178.83 	141999 
102	280   	8402.8 	14651.5	178.83 	129725 
103	280   	6910.76	11972.1	178.83 	122975 
104	280   	7405.62	10732.9	178.83 	103957 
105	280   	6603.6 	9710.15	178.83 	74235.7
106	280   	7006.99	11885.8	178.83 	117339 
107	280   	6978.08	12242.3	178.83 	136331 
108	280   	8946.43	14442.8	178.83 	114414 
109	280   	7972.57	13459.6	178.83 	102239 
110	280   	7504.42	13323.7	178.83 	140845 
111	280   	6938.28	10900.5	178.83 	88934.2
112	280   	6961.4 	11651.5	178.83 	113263 
113	280   	6859.95	10608.9	188.501	83649  
114	280   	6683.28	12628.3	188.501	150300 
115	280   	6409.58	9941.43	188.501	99136.1
116	280   	6513.66	11327.2	188.501	113589 
117	280   	7675.97	12443.5	188.501	124674 
118	280   	6840.92	11855.6	188.501	115689 
119	280   	6565.8 	11402.8	188.501	126709 
120	280   	7070.97	11857.7	188.501	103170 
121	280   	6396.76	10754.7	188.501	107139 
122	280   	6688.74	9761.18	188.501	95927.2
123	280   	7375.43	11566.3	188.501	101089 
124	280   	8747.09	15052.6	188.501	159465 
125	280   	7373.38	11075  	188.501	96890.5
126	280   	7687.32	12322.8	176.275	88831.1
127	280   	8126.32	12900.7	176.275	98298.6
128	280   	8394.13	13856.1	176.275	146813 
129	280   	8554.46	14164.8	176.275	107351 
130	280   	8212.03	14895.6	176.275	126408 
131	280   	6442.55	10665.8	176.275	88627.6
132	280   	6741.22	11167  	188.501	119550 
133	280   	7187.41	12067.1	188.501	133924 
134	280   	7987.14	12657.2	188.501	95094.9
135	280   	6998.03	12106.6	188.501	100017 
136	280   	5780.37	8248.34	188.501	62399.5
137	280   	7735.13	13888.3	188.501	145983 
138	280   	7091.7 	14954.1	188.501	156156 
139	280   	7104.93	12511.6	188.501	156156 
140	280   	7461.02	13759.9	188.501	121523 
141	280   	8123.76	14834.9	187.119	167468 
142	280   	7509.25	15518.5	188.501	167468 
143	280   	6958.4 	12742.3	188.501	167468 
144	280   	7932.18	14695.1	188.501	167468 
145	280   	7503.08	14668.3	188.501	167468 
146	280   	6215.88	11965.4	188.501	101266 
147	280   	5424.25	9709.15	188.501	110360 
148	280   	7048.96	12100.5	188.501	103985 
149	280   	8591.32	15022.9	188.501	125294 
150	280   	5891.97	9586.57	188.501	96869  
151	280   	6175.01	11193.9	188.501	107237 
152	280   	6706.11	11727.8	188.501	91766.1
153	280   	6085.51	11739.4	188.501	145902 
154	280   	7653.96	13593.2	188.501	133564 
155	280   	6679.47	10101.4	188.501	71163.8
156	280   	6076.1 	9941.37	188.501	109488 
157	280   	7192.47	13334.7	188.501	101052 
158	280   	6516.66	12278  	142.332	124542 
159	280   	6203.9 	9357.15	142.332	76712.3
160	280   	7142.12	11706.4	142.332	109054 
161	280   	7614.94	11422.1	142.332	105906 
162	280   	8116.59	13544.5	142.332	105308 
163	280   	7113.51	14750.4	142.332	220662 
164	280   	7318.56	12968.8	142.332	99962  
165	280   	6733.3 	12404.6	142.332	90829  
166	280   	6602.88	11260.5	142.332	122696 
167	280   	6708.22	12119.5	142.332	114610 
168	280   	6713.49	11414.1	142.332	89824.8
169	280   	6619.11	11897  	142.332	93984.9
170	280   	6111.2 	11194.5	142.332	93984.9
171	280   	6016.63	9174.92	142.332	67573.4
172	280   	7322.78	14128.4	142.332	119293 
173	280   	6079.94	11830.7	142.332	126640 
174	280   	6657.68	12083.7	142.332	119322 
175	280   	7161.27	13263.1	142.332	119322 
176	280   	7158.82	11515.1	142.332	115313 
177	280   	6914.06	10868.2	142.332	84694.6
178	280   	7719.45	13296.3	142.332	99086.8
179	280   	6806.33	11716.2	142.332	128358 
180	280   	6788.49	11645.6	142.332	101986 
181	280   	5587.46	9414.77	142.332	109963 
182	280   	6027.49	9840.56	142.332	104150 
183	280   	6157.31	10353.8	142.332	99008.4
184	280   	5489.26	9464.11	142.332	110404 
185	280   	6048.08	11188.9	142.332	113058 
186	280   	5524.17	9200.68	142.332	102117 
187	280   	6242.36	11617.3	142.332	121576 
188	280   	7212.05	14486.3	141.144	166207 
189	280   	6786.43	12006.4	141.144	112166 
190	280   	5933.24	10611.1	141.144	103185 
191	280   	6236.9 	12282.6	141.144	116314 
192	280   	6096.18	9903.24	141.144	90879.1
193	280   	6126.22	9567.85	141.144	90530.9
194	280   	6253.22	11650.2	141.144	170558 
195	280   	6404.32	11025.9	141.144	111332 
196	280   	5681.21	8555.61	141.144	99044.8
197	280   	6450.01	11837.5	141.144	95871.2
198	280   	6152.57	10108.9	141.144	75424.5
199	280   	6565.2 	11794.2	141.144	158396 
200	280   	6303.44	12313.7	141.144	127548 
Time elapsed: 25054 seconds.


Batch Job Summary Report (version 21.01.1) for Job "bpopt" (46153286) on daint

Job information (1/2)
-----------------------------------------------------------------------------------------------------
             Submit            Eligible               Start                 End    Elapsed Time limit
------------------- ------------------- ------------------- ------------------- ---------- ----------
2023-04-20T09:11:21 2023-04-20T09:11:21 2023-04-20T09:11:41 2023-04-20T16:10:38   06:58:57   11:59:00
-----------------------------------------------------------------------------------------------------

Job information (2/2)
-------------------------------------------------------------
    Username      Account    Partition   NNodes        Energy
------------ ------------ ------------ -------- -------------
    bp000145       ich030       normal        2  25446.020 kJ

