
gen	nevals	avg    	std    	min    	max        
1  	510   	9490.86	44314.2	4610.37	991632     
2  	510   	8747.38	34451.4	4585.58	991632     
3  	510   	6303.3 	5396.95	4579.5 	85793.9    
4  	510   	5063.75	2779.7 	4579.5 	74432.9    
5  	510   	4754.51	489.504	4568.54	12739.2    
6  	510   	4711.65	257.733	4555.74	9646.88    
7  	510   	4730.93	592.565	4553.58	21225      
8  	510   	4761.68	675.422	4550.11	16607      
9  	510   	4733.24	616.443	4550.11	21926.5    
10 	510   	4988.34	8544.16	4545.09	276524     
11 	510   	4846.49	3022.54	4544.5 	92394.5    
12 	510   	4701.99	966.127	4544.5 	34453.9    
13 	510   	4692.91	351.346	4543.86	10647.8    
14 	510   	4703.22	581.243	4542.15	19765.9    
15 	510   	4745.66	1164.75	4542.15	37078.3    
16 	510   	4754.56	644.639	2431.42	14328.3    
17 	510   	4714.31	628.461	2431.42	21208.3    
18 	510   	4713.11	1348.46	769    	45688.7    
19 	510   	4662.65	914.92 	769    	18921.3    
20 	510   	4755.97	1988.96	755.681	23077.5    
21 	510   	4890.84	3026.2 	742.866	31067.7    
22 	510   	5432.35	4352.32	730.32 	28888.7    
23 	510   	12309.4	198131 	560.272	6.33481e+06
24 	510   	6243.3 	5912.41	560.272	64802.5    
25 	510   	6680.58	5896.92	432.654	37871.8    
26 	510   	6123.91	5957.2 	432.654	37871.8    
27 	510   	6423.09	6393.65	432.654	59556.8    
28 	510   	6279.75	6375.31	432.654	38804      
29 	510   	7318.13	7660.91	432.654	62856.8    
30 	510   	7004.28	7135.16	409.244	41855.5    
31 	510   	6936.73	7103.94	409.244	38804      
32 	510   	6401.61	6882.18	409.244	38804      
33 	510   	5572.51	5639.42	409.244	42736.5    
34 	510   	5953.94	5877.85	409.244	38804      
35 	510   	5542.47	7633.42	408.301	180363     
36 	510   	5894.15	8104.95	408.301	180363     
37 	510   	5368.56	5189.01	408.301	37603.6    
38 	510   	5744.48	5468.6 	408.301	42788.6    
39 	510   	5778.55	5581.96	408.301	44648.9    
40 	510   	6638.62	6009.09	408.301	37732.8    
41 	510   	5713.18	5523.53	385.685	36987.2    
42 	510   	5827.46	7575.13	298.19 	179490     
43 	510   	6163.25	5694.52	298.19 	41717.3    
44 	510   	5528.97	5153.85	272.937	35711.1    
45 	510   	5371.32	5143.17	272.937	56063.6    
46 	510   	5423.64	4948.19	267.137	27867      
47 	510   	5426.36	10250.3	267.137	293974     
48 	510   	5132.66	5123.55	267.137	44621.6    
49 	510   	4719.28	4464.31	267.137	36563.7    
50 	510   	4473.94	4216.99	246.022	30946.8    
51 	510   	4441.37	4591.78	246.022	42627.2    
52 	510   	4707.3 	4574.82	246.022	36803      
53 	510   	4908.93	4821.53	246.022	56757.6    
54 	510   	4519.48	4777.33	246.022	56757.6    
55 	510   	4698.98	5422.56	246.022	86272.5    
56 	510   	4295.99	4702.75	246.022	40489.8    
57 	510   	4800.31	4774.65	246.022	30617.5    
58 	510   	5217.93	4137.66	246.022	27833.3    
59 	510   	5229.42	5320.24	246.022	42697.7    
60 	510   	4628.97	4855.23	246.022	53603.2    
61 	510   	4770.53	5014.81	228.264	53603.2    
62 	510   	4620.32	8071.1 	246.022	190977     
63 	510   	4710.26	7692.32	246.022	190977     
64 	510   	5105.14	7944.31	237.405	190977     
65 	510   	4727.95	5119.73	246.022	39570.9    
66 	510   	4261.32	4757.65	246.022	46520.2    
67 	510   	5019.3 	6076.17	246.022	54605.5    
68 	510   	4667.79	5392.54	246.022	46520.2    
69 	510   	4617.28	5602.68	246.022	72943.6    
70 	510   	4913.89	5434.67	246.022	34709      
71 	510   	4827.92	4291.67	246.022	37749.5    
72 	510   	5602.48	4891.96	246.022	32600.5    
73 	510   	5424.44	5291.69	246.022	44815.7    
74 	510   	5068.58	6130.2 	246.022	92970.4    
75 	510   	4849.24	5471.54	246.022	39537.4    
76 	510   	5083.28	6112.32	246.022	52734.3    
77 	510   	5218.34	6479.25	246.022	57744      
78 	510   	5030.75	5985.07	246.022	41712.4    
79 	510   	5118.56	6293.14	246.022	48935.5    
80 	510   	5647.07	7919.03	246.022	129449     
81 	510   	5345.79	6291.04	246.022	36577.5    
82 	510   	5566.82	6777.36	246.022	38017.8    
83 	510   	6006.82	7433.21	246.022	50847      
84 	510   	6282.24	7535.27	246.022	46476.2    
85 	510   	6219.69	7787.97	228.477	55396.8    
86 	510   	7607.3 	9032.42	228.477	61081.5    
87 	510   	7328.18	9882.93	228.477	170100     
88 	510   	6367.72	9000.68	228.477	170100     
89 	510   	6663.09	7758.01	228.477	51571.6    
90 	510   	6877.79	7523.84	209.722	48587.1    
91 	510   	5433.06	6532.06	209.722	38582.3    
92 	510   	5336.01	6641.07	209.722	49454.1    
93 	510   	5654.19	6544.09	209.722	49454.1    
94 	510   	5567.26	8357.96	209.722	168816     
95 	510   	5416.92	7442.57	209.722	93118.3    
96 	510   	4518.4 	5509.64	209.722	44312.6    
97 	510   	5122.36	9152.87	209.722	217248     
98 	510   	5647.04	7131.54	209.722	47590.9    
99 	510   	5321.7 	10058.2	209.722	237304     
100	510   	4931.26	5784.27	209.722	31477.3    
101	510   	5620.21	7516.9 	209.722	93237      
102	510   	5449.09	6350.12	209.722	40570.7    
103	510   	5047.89	6160.31	203.351	34321.2    
104	510   	4841.35	5816.84	203.351	44492.4    
105	510   	5326.32	5968.56	203.351	34291.6    
106	510   	4756.47	5088.59	203.351	39381.9    
107	510   	5205.08	5930.94	203.351	36555.1    
108	510   	4601.91	5279.21	203.351	56742.2    
109	510   	5197.53	6050.1 	203.351	45785.3    
110	510   	5501.66	9529.67	203.351	246286     
111	510   	5499.37	9328.49	203.351	246286     
112	510   	5525.23	9590.05	203.351	246286     
113	510   	6395.15	14850.3	203.351	246286     
114	510   	5665.06	9548.98	203.351	246286     
115	510   	5456.33	9451.12	203.351	246286     
116	510   	5173.82	5713.56	200.336	43468.7    
117	510   	5386.15	7594.86	200.336	160588     
118	510   	3943.37	4658.31	200.336	66586.7    
119	510   	3945.11	7873.61	203.351	218353     
120	510   	3904.98	4807.37	203.351	61210.2    
121	510   	3793.19	4767.49	203.351	44595.6    
122	510   	4000.54	4802.49	203.351	41478.5    
123	510   	4031.9 	5187.79	203.351	84600.5    
124	510   	4101.69	5084.39	168.774	53197.8    
125	510   	4082.57	6098.41	168.774	121515     
126	510   	4310.71	6015.75	168.774	99736.1    
127	510   	4354.2 	5277.83	168.774	37567.1    
128	510   	3822.43	5009.93	168.774	75564.1    
129	510   	4543   	6514.12	168.774	75564.1    
130	510   	5031.74	6222.09	168.774	75564.1    
131	510   	4647.59	8989.09	168.774	181220     
132	510   	4333.28	5559.68	168.774	67228.3    
133	510   	4174.45	4993.37	168.774	63391.5    
134	510   	4106   	4889.03	168.774	31505.7    
135	510   	4606.45	6693.44	168.774	98929      
136	510   	4436.98	5281.44	168.774	43794.2    
137	510   	4071.61	5620.75	168.774	96634.9    
138	510   	4636.06	8341.29	168.774	188728     
139	510   	4180.82	7592.03	168.774	188728     
140	510   	4080.19	4724.84	168.774	38812.8    
141	510   	4278.22	5385.73	168.774	53701.5    
142	510   	4677.25	8196.57	168.774	167377     
143	510   	4422.93	6448.11	168.774	88448.5    
144	510   	4709.12	5408.54	168.774	37666.2    
145	510   	3974.34	4854.41	168.774	34620.6    
146	510   	3695.63	4143.83	168.774	46734      
147	510   	4037.64	4679.79	168.774	40816.4    
148	510   	3956.8 	4572.38	168.774	47786.1    
149	510   	4110.05	4937.55	168.774	42716.2    
150	510   	3943.42	4608.03	168.774	42716.2    
151	510   	4275.76	4997.98	168.774	33202.6    
152	510   	4655.34	20312.4	168.774	634462     
153	510   	3812.12	4578.53	168.774	46844.6    
154	510   	3446.11	4265.64	168.774	46844.6    
155	510   	3828.09	4603.07	168.774	34919.6    
156	510   	4037.14	5246.73	168.774	45607.3    
157	510   	3913.98	4865.72	168.774	41641.5    
158	510   	4251.31	4808   	168.774	41695.4    
159	510   	3911.04	4379.31	168.774	43622.1    
160	510   	3857.45	4780.34	168.774	43347.3    
161	510   	4056.57	4886.15	168.774	38471.4    
162	510   	3945.39	4569.43	168.774	27431.2    
163	510   	3520.73	4547.12	168.774	64132.6    
164	510   	4034.78	8209.47	168.774	221816     
165	510   	3983.37	5365   	168.774	78323.2    
166	510   	4119.2 	5121.34	168.774	78323.2    
167	510   	4382.69	5114.03	168.774	38066.6    
168	510   	3855.57	5434.61	168.774	103524     
169	510   	4410.21	10135.6	168.774	289674     
170	510   	4477.23	5760.16	168.774	71821.7    
171	510   	3849.34	4431.56	191.685	51157.4    
172	510   	4148.91	5414.75	191.685	59184.3    
173	510   	4224.89	5141.97	191.685	44377.2    
174	510   	4597.42	6556.36	191.685	123354     
175	510   	4944.33	16076  	191.685	464826     
176	510   	3865.2 	4668.75	181.71 	34955.2    
177	510   	4202.84	5077.12	191.685	37765.9    
178	510   	4104.27	5191.57	191.685	52523      
179	510   	4417.5 	5227.21	191.685	58560.5    
180	510   	4963.73	7125.26	191.685	122352     
181	510   	4600.13	5366.97	191.685	60601.6    
182	510   	4205.91	5518.86	191.685	82636.1    
183	510   	4051   	4835.49	191.685	42100.3    
184	510   	4317.49	7866.24	191.685	180275     
185	510   	4182.39	4854.92	191.685	39342.6    
186	510   	4387.94	8315.2 	191.685	215671     
187	510   	4539.96	5356.47	191.685	53194.3    
188	510   	4509.74	6381.07	191.685	114047     
189	510   	4041.14	5827.8 	191.685	114047     
190	510   	3794.54	5585.85	191.685	114047     
191	510   	5264.98	21586.5	191.685	668579     
192	510   	5583.74	33479.6	191.685	1.05679e+06
193	510   	4186.19	5300.51	191.685	52566.5    
194	510   	4373.47	16034.1	191.685	487324     
195	510   	4223.34	6004.15	191.685	90245.4    
196	510   	3832.96	4941   	191.685	61318      
197	510   	3994.04	4730.58	191.685	37596.7    
198	510   	3883.9 	5316.39	191.685	88935.2    
199	510   	3762.18	4185.51	191.685	31789.2    
200	510   	4095.29	4666.92	191.685	32714.5    
201	510   	4317.44	6500.36	191.685	143032     
202	510   	4154.33	5571.43	191.685	102044     
203	510   	4034.57	4785.79	191.685	39706.8    
204	510   	4115.01	5183.78	191.685	40556.2    
205	510   	4387.1 	6213.17	191.685	102138     
206	510   	3564.43	4108.18	191.685	34297      
207	510   	4088.09	6171.41	191.685	118975     
208	510   	3980.99	4588.44	179.711	33691.1    
209	510   	3944.66	7655.24	179.711	154844     
210	510   	3974.07	4739.08	179.711	40550      
211	510   	4015.4 	5008.46	179.711	43535.6    
212	510   	3988.76	4877.52	179.711	34341.3    
213	510   	3938.8 	4627.14	179.711	43073.4    
214	510   	3812.09	6741.98	179.711	165304     
215	510   	3661.59	4358.21	179.711	53855.7    
216	510   	4012.46	4732.79	179.711	58462.2    
217	510   	3848.31	4866.62	179.711	46026.8    
218	510   	3707.21	5356.22	179.711	113767     
219	510   	3607.62	5275.7 	179.711	113767     
220	510   	3641.55	4385.41	179.711	54269.5    
221	510   	3574.07	4227.31	179.711	54269.5    
222	510   	3579.79	4644.55	179.711	54371.7    
223	510   	3629.72	4290.74	179.711	39342.5    
224	510   	3961.31	8711.59	179.711	238917     
225	510   	3699.05	5472.47	179.711	128567     
226	510   	3752.68	4074.46	179.711	31381.1    
227	510   	3884.84	5708.36	179.711	132526     
228	510   	4161.13	14565.9	179.711	409351     
229	510   	3624.57	4129.25	179.711	40656.4    
230	510   	3860.46	4143.6 	179.711	42587.3    
231	510   	3811.61	4826.36	179.711	95904.6    
232	510   	3844.96	4607.39	179.711	43731.3    
233	510   	4214.19	11098.5	185.657	330806     
234	510   	3565.49	3718.68	185.657	28288.4    
235	510   	3997.47	4447.5 	185.657	43569.4    
236	510   	3900.43	4306.85	185.657	43569.4    
237	510   	3787.53	4121.59	185.657	45273.4    
238	510   	3701.03	6193.35	185.657	158438     
239	510   	3618.56	3925.78	185.657	38462.1    
240	510   	3750.92	4029.43	185.657	38462.1    
241	510   	3844.04	4376   	185.657	41598.5    
242	510   	4377.43	15653.8	185.657	485748     
243	510   	3804.67	3946.87	185.657	32547.5    
244	510   	3863.3 	4526.79	185.657	50821      
245	510   	3898.25	7812.89	185.657	171709     
246	510   	4036.8 	5427.89	185.657	85765.9    
247	510   	3685.67	3851.42	185.657	29259.7    
248	510   	3432.96	4050.19	185.657	48839.1    
249	510   	3923.38	6665.8 	185.657	169129     
250	510   	3645.26	4233.18	185.657	52550.8    
251	510   	3468.09	3946.88	185.657	35344.4    
252	510   	3642.81	4287.41	185.657	38520.4    
253	510   	3416.89	4014.88	185.657	65328.9    
254	510   	3440.35	4111.1 	185.657	53735.4    
255	510   	3465.94	3891.64	185.657	41352.4    
256	510   	3845.13	4460.81	185.657	41352.4    
257	510   	3668.93	5190.67	185.657	114703     
258	510   	3674.27	6755.88	193.094	182206     
259	510   	3805.23	11739.9	193.094	358930     
260	510   	3761.92	7966.71	193.094	200162     
261	510   	3428.07	5860.27	193.094	156513     
262	510   	3485.19	4669.62	193.094	89489.4    
263	510   	3551.57	3927.46	193.094	39870.2    
264	510   	3607.71	4354.85	193.094	52041.6    
265	510   	3817.49	6236.61	193.094	159478     
266	510   	4064.39	7098.82	193.094	158780     
267	510   	3935.2 	8330.17	193.094	238274     
268	510   	3770.5 	4971.64	193.094	82911.2    
269	510   	3402.27	3696.15	163.365	30951.9    
270	510   	3569.72	4824.97	193.094	84940.4    
271	510   	3987.57	5261.58	193.094	84940.4    
272	510   	3496.08	7118.69	193.094	197377     
273	510   	3577.11	3826.24	193.094	27593.5    
274	510   	3657.68	4425.03	193.094	38893.9    
275	510   	3393.18	3840.11	188.977	35576.4    
276	510   	3701.49	4151.6 	188.977	43155.9    
277	510   	3765.83	4525.76	188.977	48679.7    
278	510   	3946.39	4465.93	188.977	31500.8    
279	510   	3623.84	4416.72	188.977	54815.7    
280	510   	3542.7 	3630.03	188.977	30642.3    
281	510   	3700.5 	7629.33	188.977	164895     
282	510   	3929.3 	11422.4	188.977	343072     
283	510   	3964.08	4069.42	188.977	41718.2    
284	510   	3336.76	3665.05	188.977	34553.4    
285	510   	3590.23	4675.33	188.977	74332.1    
286	510   	3600.91	4387.4 	188.977	49263.1    
287	510   	13888.6	322228 	188.977	1.02984e+07
288	510   	3604.73	5616.34	188.977	107160     
289	510   	3499.97	5218.19	188.977	107160     
290	510   	3690.64	4206   	188.977	46679.4    
291	510   	3441.96	3756.23	188.977	27548.4    
292	510   	3584.55	5847.14	188.977	152975     
293	510   	3658.72	4347.12	188.977	46483.8    
294	510   	3742.43	4900.69	188.977	77171.5    
295	510   	3485.09	4574.52	174.457	77171.5    
296	510   	3714.94	5747.82	174.457	128294     
297	510   	3746.76	8936.24	174.457	257311     
298	510   	3907.19	4296.32	174.457	60050.4    
299	510   	3408.54	3759   	174.457	35537.8    
300	510   	3460.56	4003.85	174.457	43416.7    
301	510   	3814.96	5952.92	174.457	133392     
302	510   	3626.96	3987.35	162.808	31336.7    
303	510   	3596.69	4444.98	162.808	76437.9    
304	510   	3546.84	3972.23	162.808	40518.2    
305	510   	3583.22	3817.38	162.808	35031.2    
306	510   	3346.41	3614.62	174.457	31556.1    
307	510   	3579.09	4505.76	174.457	69339.3    
308	510   	3868.01	4387.49	174.457	43799.8    
309	510   	3768.24	4595.53	174.457	45579.7    
310	510   	3699.24	4805.15	174.457	96775.3    
311	510   	3839.53	7605.86	174.457	150018     
312	510   	3523.35	3940.47	174.457	47961.2    
313	510   	3698.39	4454.8 	174.457	47961.2    
314	510   	3738.31	4288.95	174.457	48704.1    
315	510   	3897.76	4154.62	174.457	43635.7    
316	510   	4118.87	5733.18	174.457	116505     
317	510   	4124.23	4842.43	174.457	69175.2    
318	510   	4294.86	5633.3 	174.457	69175.2    
319	510   	3602.71	4515.09	174.457	69175.2    
320	510   	3626.96	4915.84	174.457	87717.8    
321	510   	3697.04	5376.63	174.457	87717.8    
322	510   	3865.82	4642.31	174.457	69829.1    
323	510   	4457.24	24052.7	174.457	763360     
324	510   	4132.61	5160.97	174.457	104057     
325	510   	4226.63	6663.27	174.457	180179     
326	510   	3564.03	3947.74	174.457	36554.5    
327	510   	3852.83	4727.55	174.457	78940.8    
328	510   	3846.43	5599.8 	174.457	134555     
329	510   	3866.39	4219.18	174.457	44127.9    
330	510   	3510.38	3944.88	174.457	57024.6    
331	510   	3978.32	4122.64	174.457	36383.8    
332	510   	4194.55	10396.7	174.457	301270     
333	510   	4027.61	4070.97	174.457	36383.8    
334	510   	3721.29	4084.38	174.457	43640.3    
335	510   	6061.01	83159.6	174.457	2.65793e+06
336	510   	3588.66	3870.07	174.457	33860.6    
337	510   	3835.05	4758.37	174.457	54612.4    
338	510   	3429.23	3753.51	174.457	31345.3    
339	510   	3379.22	3547.69	174.457	28960.9    
340	510   	3817.17	4268.46	174.457	36531      
341	510   	4211.02	14252.9	174.457	440766     
342	510   	3768.36	4735.35	174.457	55676.4    
343	510   	3584.43	3690.77	174.457	26569.3    
344	510   	3783.19	4535.05	174.457	69596.7    
345	510   	3687.69	4363.14	174.457	42476.6    
346	510   	3560.59	3837.44	174.457	42476.6    
347	510   	3500.06	5532.61	174.457	131748     
348	510   	4028.59	5487.42	174.457	90814.3    
349	510   	4031.75	4184.96	174.457	28588.1    
350	510   	3797.86	4338.09	170.421	38101.5    
351	510   	3482.58	4275.91	170.421	43627.9    
352	510   	3600.19	4111.66	174.457	40514.7    
353	510   	3721.07	4158.85	174.457	41142.7    
354	510   	4359.75	9382.77	174.457	188093     
355	510   	3879.45	6845.77	174.457	183313     
356	510   	3818.82	4017.58	174.457	31618.5    
357	510   	4269.58	6936.79	174.457	155498     
358	510   	4187.76	6442   	174.457	155498     
359	510   	3944.18	4662.24	174.457	78393.6    
360	510   	3879.58	6618.06	174.457	169796     
361	510   	3740.35	6515.33	174.457	169796     
362	510   	3679.7 	4057.53	174.457	37517.3    
363	510   	3652.75	4288.3 	174.457	61254.8    
364	510   	3481.38	3825.11	174.457	31996.8    
365	510   	3636.16	4060.32	174.457	36097.4    
366	510   	3668.54	5955.05	174.457	139368     
367	510   	3578.38	4188.27	170.146	48353.7    
368	510   	4277.91	7992.09	174.457	167184     
369	510   	4096.68	4611.09	174.457	47601.3    
370	510   	4174.13	4219.27	174.457	47110.3    
371	510   	3905.29	5079.56	174.457	93637.8    
372	510   	3978.76	7131.54	174.457	188638     
373	510   	3817.94	4694.29	174.457	84170      
374	510   	3770.06	3767.85	174.457	33710.2    
375	510   	4595.46	17487.7	174.457	515696     
376	510   	3694.44	4474.22	174.457	60682      
377	510   	4124.67	4425.74	174.457	51646.4    
378	510   	3972.22	4241.03	174.457	37514.7    
379	510   	4301.33	4378.73	174.457	27425.9    
380	510   	3973.91	4312.93	174.457	46374      
381	510   	4436.2 	4871.06	174.457	46374      
382	510   	4380.3 	4618.33	174.457	32508.6    
383	510   	4325.03	4384.2 	174.457	50524.9    
384	510   	4257.19	4882.88	174.457	70969.3    
385	510   	3821.58	4662.42	174.457	70969.3    
386	510   	3925.51	4638.04	174.457	84173.7    
387	510   	3776.39	3998.19	174.457	32467      
388	510   	3901.56	3973.62	174.457	30541.4    
389	510   	4014.2 	4290.04	174.457	35436.4    
390	510   	3921.41	4554.89	174.457	46924.7    
391	510   	3904.56	3983.71	174.457	42576.9    
392	510   	3911.71	3729.49	174.457	35373.8    
393	510   	3839.45	4423.6 	174.457	66215.7    
394	510   	3676.43	4292.78	174.457	53227.8    
395	510   	3794.35	3959.91	174.457	32449.9    
396	510   	4069.3 	8790.35	174.457	249512     
397	510   	3944.01	4028.25	174.457	32513.1    
398	510   	3821.6 	4053.64	174.457	39332.5    
399	510   	3858.18	5543.17	174.457	119053     
400	510   	4074.44	5624.88	174.457	89421.3    
401	510   	3844.56	4122.41	174.457	30321      
402	510   	3651.45	3822.35	174.457	34448.2    
403	510   	4067.99	4320.01	174.457	33497.1    
404	510   	3627.46	4033.42	174.457	33480.3    
405	510   	4284.71	10193  	174.457	259281     
406	510   	3938.68	5078.77	174.457	85464.4    
407	510   	3761.78	4575.61	174.457	86791.9    
408	510   	3655.46	3902.84	174.457	34282.8    
409	510   	3617.12	4300.52	174.457	54153.8    
410	510   	3733.01	4459.7 	174.457	64223.5    
411	510   	3756.49	7377.9 	166.592	175992     
412	510   	3820.31	6197.99	166.592	118199     
413	510   	3597.02	4335.7 	174.457	60619.7    
414	510   	3693.16	4205.18	174.457	39405.7    
415	510   	3739.87	5920.61	174.457	135739     
416	510   	3735.88	4225.41	174.457	38481.2    
417	510   	3774.52	4061.26	174.457	38481.2    
418	510   	3556.57	3857.49	174.457	38620.4    
419	510   	3724.83	3830.97	174.457	27573.4    
420	510   	4356.6 	14793  	174.457	368432     
421	510   	3897.6 	4045.54	174.457	29595.3    
422	510   	3941.63	5148.16	174.457	76504.7    
423	510   	4007.52	4762.67	174.457	55623      
424	510   	4104.11	4767.49	174.457	60146.8    
425	510   	3733.54	3846.65	174.457	42637.3    
426	510   	3885.52	4167.97	174.457	37436      
427	510   	3618.78	3742.36	174.457	36546.3    
428	510   	3510.2 	3857.66	174.457	30388.3    
429	510   	3468.75	3809.18	174.457	63351.5    
430	510   	3572.69	3717.69	174.457	35480.6    
431	510   	3782.34	4192.14	174.457	37570.1    
432	510   	3446.93	3918.88	174.457	42332      
433	510   	3427.34	4259.87	174.457	55031.8    
434	510   	3411.72	4027.15	174.457	45650.6    
435	510   	3389.69	3808.14	174.457	36495.4    
436	510   	3562.82	5772.66	174.457	141498     
437	510   	3630.34	3988.3 	174.457	31893.8    
438	510   	3348.52	3593.86	174.457	32553.8    
439	510   	3259.46	3797.93	174.457	38171.3    
440	510   	3417.19	4564.56	174.457	56689.5    
441	510   	3264.68	3872.67	174.457	40618.8    
442	510   	3688.32	4925.15	174.457	91451.1    
443	510   	3484.2 	5002.21	174.457	91451.1    
444	510   	3509.59	3939.92	174.457	34382.4    
445	510   	3370.75	4143.78	174.457	72140.6    
446	510   	3433.59	3771.85	174.457	35567.8    
447	510   	3396.93	3975.16	174.457	44697.9    
448	510   	3206.26	3599.7 	174.457	32681.4    
449	510   	3356.76	3653.37	174.457	34317      
450	510   	3732.49	4089.3 	174.457	37632.6    
451	510   	3520.35	5878.55	174.457	153463     
452	510   	3664.11	5905.44	174.457	108728     
453	510   	3827.26	4223.16	174.457	30045.3    
454	510   	4123.15	5266.88	174.457	97964.4    
455	510   	3903.5 	4218.4 	174.457	29728      
456	510   	3934.07	4183.26	174.457	29728      
457	510   	4244.33	12069.7	174.457	362474     
458	510   	3776.74	4807.66	174.457	69875.8    
459	510   	3310.87	3665.56	174.457	41595.1    
460	510   	3374.66	4113.13	174.457	35769.5    
461	510   	3311.18	3872.14	174.457	35470.7    
462	510   	3459.74	3608.31	174.457	27475.4    
463	510   	3645.55	3803.2 	174.457	31541.2    
464	510   	3418.13	3531.8 	174.457	26277.5    
465	510   	3660.75	3891.59	174.457	29999      
466	510   	3637.73	5574.53	174.457	124214     
467	510   	6701.77	94971.6	174.457	3.03573e+06
468	510   	3693.08	5128.36	174.457	107135     
469	510   	4289.17	10596.8	174.457	292919     
470	510   	3649.69	3776.11	174.457	29453.1    
471	510   	3803.85	4576.78	174.457	61103.6    
472	510   	3843.43	4154.42	174.457	34105      
473	510   	3888.73	4167.08	174.457	41606.4    
474	510   	3629.1 	4087.06	174.457	38613.4    
475	510   	4015.51	4349.57	174.457	41484.9    
476	510   	3884.92	4301.36	174.457	36465      
477	510   	3901.57	4361.88	174.457	34578.2    
478	510   	3558.72	3983.95	174.457	43506      
479	510   	3557.22	4358.81	174.457	40648.7    
480	510   	3576.7 	4834.58	174.457	81069.3    
481	510   	3908.42	7008.75	174.457	134871     
482	510   	3863.76	4731.65	174.457	72657.4    
483	510   	3745.96	4344.26	174.457	34772.5    
484	510   	3898.29	4069.8 	174.457	36722.7    
485	510   	3650.31	4019.17	174.457	37485      
486	510   	3824.92	4454.45	174.457	35559.9    
487	510   	3677.09	5646.25	174.457	110619     
488	510   	3574.45	4011.69	174.457	34583.9    
489	510   	3606.99	3985.01	174.457	31327.2    
490	510   	3381.78	3800.51	174.457	35388.6    
491	510   	3389.95	4719.64	174.457	80902.1    
492	510   	3668.19	4043.22	174.457	31495.4    
493	510   	3486.9 	4906.15	174.457	97736.3    
494	510   	3782.94	7439.23	174.457	149329     
495	510   	3637.64	4065.61	174.457	39453.6    
496	510   	3803.59	4087.97	174.457	28446      
497	510   	4089.3 	7488.91	174.457	194806     
498	510   	4101.14	4177.12	174.457	26581.7    
499	510   	3820.04	4217.73	174.457	33531.3    
500	510   	3973.99	4726.01	174.457	96183.7    
Elapsed time: 17615 seconds (4h 53m 35s)
