
gen	nevals	avg    	std    	min    	max    
1  	140   	1792.28	750.851	816.386	4595.03
2  	140   	1802.96	728.028	757.648	4863.5 
3  	140   	1694.12	1480.4 	414.673	21654.9
4  	140   	1505.98	659.914	414.673	5624.64
5  	140   	1255.01	490.465	414.673	4489.04
6  	140   	1202.72	636.316	264.078	5248.39
7  	140   	1014.58	684.622	221.408	8606.06
8  	140   	969.865	827.056	171.931	8606.06
9  	140   	888.1  	1078.6 	148.365	14222.5
10 	140   	916.058	1485.62	79.1587	14222.5
11 	140   	737.431	942.861	79.1587	14222.5
12 	140   	541.387	460.342	79.1587	2420.25
13 	140   	512.46 	473.757	75.2746	3191.17
14 	140   	511.513	785.682	73.9807	10367  
15 	140   	506.375	466.381	73.9807	2783   
16 	140   	491.283	433.904	69.3456	2355.92
17 	140   	493.472	487.959	73.9807	5024.2 
18 	140   	515.477	464.83 	73.9807	2256.82
19 	140   	489.696	435.319	73.9807	1983.48
20 	140   	470.096	473.296	73.9807	2893.95
21 	140   	396.903	408.248	73.9807	2664.87
22 	140   	457.123	1043.95	71.328 	15403.3
23 	140   	463.288	479.884	71.328 	2993.79
24 	140   	437.567	461.129	68.5608	2448.37
25 	140   	446.372	437.743	68.5608	4034.36
26 	140   	476.047	457.434	72.1319	2675.47
27 	140   	435.111	483.431	72.1319	4800.07
28 	140   	373.333	363.11 	72.1319	1598.41
29 	140   	404.799	462.364	72.1319	2213.46
30 	140   	381.561	392.896	72.1319	1796.69
31 	140   	380.869	415.889	64.1955	2805.81
32 	140   	425.181	490.941	70.3438	3194.93
33 	140   	444.402	534.89 	70.3438	5515.8 
34 	140   	414.425	452.295	70.3438	2434.55
35 	140   	429.218	456.989	70.3438	2400.61
36 	140   	413.434	429.984	70.3438	2134.47
37 	140   	412.872	414.589	65.5336	1931.55
38 	140   	394.062	411.893	65.5336	1824.68
39 	140   	479.868	545.867	70.3438	4449.06
40 	140   	383.815	437.865	69.8917	2663.79
41 	140   	372.116	407.966	69.8917	2627.05
42 	140   	389.086	429.908	69.8917	3569.6 
43 	140   	379.259	415.883	69.8917	2057.68
44 	140   	417    	440.638	70.3438	2362.27
45 	140   	433.539	477.882	70.3438	3414.79
46 	140   	439.178	565.834	67.0839	4776.02
47 	140   	400.172	548.251	67.0839	4624.55
48 	140   	388.201	411.528	67.0839	1928.96
49 	140   	403.643	411.131	70.3438	1855.09
50 	140   	376.072	437.81 	70.3438	3984.7 
51 	140   	431.667	481.152	70.3438	4002.78
52 	140   	402.26 	392.349	70.3438	1802.61
53 	140   	403.602	424.416	70.3438	3436.86
54 	140   	456.311	605.581	70.3438	7204.51
55 	140   	413.812	403.791	70.3438	1926.27
56 	140   	475.018	658.31 	70.3438	8292.91
57 	140   	409.203	451.257	66.6978	3902.34
58 	140   	422.823	434.092	66.6978	3185.66
59 	140   	375.574	391.685	66.6978	1861.95
60 	140   	401.299	655.476	63.802 	8318.61
61 	140   	494.478	515.867	63.802 	3719.43
62 	140   	435.471	477.391	63.802 	2405.1 
63 	140   	422.633	431.724	66.6978	1835.92
64 	140   	399.476	441.78 	66.6978	2874.62
65 	140   	366.8  	507.395	66.6978	6713.15
66 	140   	464.239	745.76 	66.6978	10428.8
67 	140   	385.733	549.458	62.9127	6529.49
68 	140   	400.651	417.16 	66.6978	1959.17
69 	140   	420.492	426.116	66.0545	2419.97
70 	140   	428.269	451.903	66.0545	2435.68
71 	140   	456.876	468.441	66.0545	2408.2 
72 	140   	388.428	413.558	66.0545	2667.06
73 	140   	401.702	395.405	65.0288	1716.68
74 	140   	390.621	426.743	64.3049	3497.85
75 	140   	391.588	412.481	64.3049	2435.54
76 	140   	380.36 	394.742	64.3049	2009.64
77 	140   	438.094	454.454	65.0288	4278   
78 	140   	385.928	398.275	65.0288	2336.56
79 	140   	451.623	438.112	65.0288	2471.02
80 	140   	400.743	386.542	65.0288	1831.36
81 	140   	444.447	492.506	65.0288	4186.73
82 	140   	413.194	429.312	65.0288	2127.47
83 	140   	436.925	442.214	65.0288	3151.21
84 	140   	524.316	510.035	65.0288	3058.04
85 	140   	435.274	492.626	64.4469	3058.04
86 	140   	361.388	390.781	64.4469	2178.85
87 	140   	422.041	436.771	65.0288	2002.14
88 	140   	368.801	398.811	65.0288	2293.59
89 	140   	421.967	430.018	65.0288	2142.68
90 	140   	505.562	518.581	70.3387	4075.18
91 	140   	417.81 	588.789	70.3387	6812.14
92 	140   	432.438	446.186	70.3387	2537.3 
93 	140   	367.316	381.602	70.3387	1775.45
94 	140   	397.887	403.362	66.4204	1909.47
95 	140   	431.068	428.431	62.7736	1909.85
96 	140   	528.052	1274.21	62.7736	15199  
97 	140   	461.988	613.686	62.7736	6483.53
98 	140   	420.262	465.018	62.7736	3070.99
99 	140   	432.181	462.132	62.7736	3070.99
100	140   	405.357	498.579	62.7736	5027.52
Time elapsed: 837 seconds.


Batch Job Summary Report (version 21.01.1) for Job "bpopt" (46761469) on daint

Job information (1/2)
-----------------------------------------------------------------------------------------------------
             Submit            Eligible               Start                 End    Elapsed Time limit
------------------- ------------------- ------------------- ------------------- ---------- ----------
2023-05-22T13:43:59 2023-05-22T13:43:59 2023-05-22T13:44:42 2023-05-22T13:59:50   00:15:08   00:59:00
-----------------------------------------------------------------------------------------------------

Job information (2/2)
-------------------------------------------------------------
    Username      Account    Partition   NNodes        Energy
------------ ------------ ------------ -------- -------------
    bp000145       ich030       normal        2    601.487 kJ

