
gen	nevals	avg    	std    	min    	max        
1  	140   	1170.81	1311.59	185.944	12045.1    
2  	140   	1203.68	1360.64	185.944	12713.4    
3  	140   	904.025	1116.26	166.153	17208.2    
4  	140   	884.255	542.91 	161.613	4312.39    
5  	140   	834.983	507.286	107.237	3109.16    
6  	140   	806.437	518.475	94.414 	4576.21    
7  	140   	718.598	476.064	77.3505	2570.13    
8  	140   	540.598	458.397	42.1346	4278.63    
9  	140   	606.554	548.555	37.4933	3928.83    
10 	140   	510.859	517.66 	40.9423	3090.77    
11 	140   	541.689	500.635	37.8661	2389.97    
12 	140   	460.849	487.056	37.8661	3330.76    
13 	140   	463.982	592.914	35.7492	7110.32    
14 	140   	373.004	436.119	35.7492	2462.72    
15 	140   	454.424	529.282	37.8661	4026.71    
16 	140   	464.609	478.258	33.5285	2750.37    
17 	140   	512.465	847.147	33.5285	11731.1    
18 	140   	430.127	462.582	33.5285	2119.44    
19 	140   	520.914	530.793	33.5285	4637.59    
20 	140   	430.709	471.45 	33.5285	3717.36    
21 	140   	389.279	419.133	28.7107	3294.16    
22 	140   	358.597	401.523	28.7107	2152.12    
23 	140   	538.639	530.367	28.7107	4212.32    
24 	140   	459.227	442.46 	28.7107	2169.41    
25 	140   	451.332	463.049	32.0261	2170.6     
26 	140   	409.434	447.554	32.0261	2254.91    
27 	140   	465.941	420.825	33.1403	2848.66    
28 	140   	403.719	403.646	33.1403	1883.2     
29 	140   	384.989	552.982	32.7034	5084.11    
30 	140   	369.902	406.431	32.7034	1749.82    
31 	140   	520.828	489.047	33.5285	3489.34    
32 	140   	378.865	407.342	33.5285	2331.6     
33 	140   	364.226	402.176	33.5285	2419.08    
34 	140   	456.052	564.218	29.33  	5439.71    
35 	140   	446.526	836.776	29.33  	10469.2    
36 	140   	434.478	1056.87	29.33  	16279.6    
37 	140   	27295.8	449251 	29.33  	7.53125e+06
38 	140   	27251.3	449253 	29.33  	7.53125e+06
39 	140   	438.263	996.37 	29.33  	15427.6    
40 	140   	350.985	426.635	29.33  	2324.96    
41 	140   	425.517	570.425	29.33  	5290.13    
42 	140   	329.319	405.507	29.33  	1904.72    
43 	140   	439.119	458.025	29.33  	2001.17    
44 	140   	438.567	526.724	29.33  	4303.78    
45 	140   	383.846	441.18 	29.33  	2531.5     
46 	140   	362.301	456.911	29.33  	3447       
47 	140   	406.555	652.653	29.33  	8114.71    
48 	140   	381.364	615.289	29.33  	7191.14    
49 	140   	360.16 	459.285	29.33  	2303.56    
50 	140   	417.326	477.825	29.33  	3062.83    
51 	140   	417.119	485.558	29.33  	2078.97    
52 	140   	486.565	580.751	29.33  	5835.21    
53 	140   	397.399	422.377	29.33  	2123.93    
54 	140   	546.711	436.815	29.33  	2549.85    
55 	140   	472.973	646.63 	29.33  	8431.18    
56 	140   	381.448	436.875	29.33  	3304       
57 	140   	340.544	415.968	29.33  	2489.36    
58 	140   	392.281	689.095	29.33  	9233.63    
59 	140   	316.304	442.451	29.33  	2522.19    
60 	140   	546.895	2057.17	29.33  	32646      
61 	140   	563.004	1999.07	29.33  	32646      
62 	140   	391.191	410.141	29.33  	1954.36    
63 	140   	389.222	429.474	29.33  	1866.22    
64 	140   	390.548	457.838	29.33  	3275.57    
65 	140   	352.285	469.368	29.33  	4135.82    
66 	140   	385.809	486.103	29.33  	3499.78    
67 	140   	383.713	502.215	29.33  	3990.08    
68 	140   	475.968	2124.15	29.33  	35237.5    
69 	140   	360.746	395.472	29.33  	1874.28    
70 	140   	377.399	519.005	29.33  	3748.37    
71 	140   	365.861	426.744	29.33  	2611.42    
72 	140   	446.56 	477.785	29.33  	1975.75    
73 	140   	583.716	431.574	29.33  	2609.86    
74 	140   	489.496	415.854	29.33  	2407.6     
75 	140   	372.102	351.933	29.33  	1733.24    
76 	140   	385.243	472.201	29.33  	3387.7     
77 	140   	419.314	518.914	29.33  	4984.56    
78 	140   	348.263	441.189	29.33  	4308.02    
79 	140   	398.421	412.6  	29.33  	1824.51    
80 	140   	577.681	561.967	29.33  	6404.77    
81 	140   	529.526	661.327	28.3928	8810.98    
82 	140   	470.954	787.136	29.33  	11311.9    
83 	140   	493.344	831.382	29.33  	12134.9    
84 	140   	384.863	791.431	29.33  	11475.3    
85 	140   	352.877	883.117	29.33  	13162.1    
86 	140   	368.501	546.378	29.33  	5671.86    
87 	140   	319.459	440.301	29.33  	3904.52    
88 	140   	356.765	471.979	28.8893	4022.3     
89 	140   	358.688	433.297	28.8893	3553.36    
90 	140   	336.171	407.466	29.33  	2378.68    
91 	140   	339.401	457.085	29.33  	2596.34    
92 	140   	503.591	609.641	31.3707	7545.41    
93 	140   	480.544	660.512	31.3707	7545.41    
94 	140   	406.746	449.564	31.3707	2860.86    
95 	140   	367.038	527.332	30.3396	3902.91    
96 	140   	332.422	513.741	30.3396	3369.21    
97 	140   	315.242	374.099	30.3396	1992.79    
98 	140   	376.358	450.006	30.3396	2503.07    
99 	140   	474.629	425.619	30.3874	2023.86    
100	140   	434.661	503.087	30.3874	3581.9     
101	140   	375.617	536.601	30.3874	5264.26    
102	140   	337.229	441.558	30.3874	2637.52    
103	140   	361.206	516.452	30.3874	3474.99    
104	140   	419.424	687.638	30.3874	7251.23    
105	140   	382.66 	494.791	30.3874	3650.15    
106	140   	398.539	458.655	30.0744	2057.66    
107	140   	392.716	519.618	30.3874	5164.78    
108	140   	412.707	966.33 	30.3874	13248      
109	140   	997.92 	10153.3	30.3874	170313     
110	140   	960.81 	10149.3	30.3874	170313     
111	140   	316.885	392.975	30.3874	2317.49    
112	140   	537.027	443.14 	31.3707	2320.55    
113	140   	452.482	508.252	31.3707	4886.38    
114	140   	370.757	668.066	31.3707	9569.79    
115	140   	458.584	1052.62	31.3707	16570      
116	140   	510.23 	430.121	31.3707	3224.46    
117	140   	480.878	515.519	31.3707	3189.71    
118	140   	438.011	567.541	31.3707	4813.87    
119	140   	415.781	490.375	31.1581	3816.79    
120	140   	395.493	463.923	31.1581	4091.59    
121	140   	432.466	489.191	30.9856	3836.59    
122	140   	389.265	490.982	30.9856	3349.16    
123	140   	410.641	861.267	30.9856	10190.9    
124	140   	352.685	491.519	29.1111	3811.33    
125	140   	365.108	525.713	30.9856	4379.71    
126	140   	361.246	600.94 	30.9856	6895.73    
127	140   	479.483	1911.25	30.9856	31422.7    
128	140   	432.808	444.64 	30.9856	3642.12    
129	140   	364.816	471.557	30.2533	3813.52    
130	140   	377.123	469.756	30.2533	2595.14    
131	140   	694.989	3771.64	30.2533	52251.2    
132	140   	339.476	435.089	30.2533	3934.81    
133	140   	400.047	700.423	30.2533	8679.29    
134	140   	361.464	505.777	30.2533	4096.55    
135	140   	351.285	432.769	29.986 	2050.19    
136	140   	401.279	498.149	30.2533	4446.59    
137	140   	333.834	433.474	30.2533	2595.05    
138	140   	410.131	490.526	30.2533	3344.81    
139	140   	369.26 	515.287	30.2533	3472.42    
140	140   	327.289	433.422	29.3277	2746.89    
141	140   	430.54 	830.839	29.3277	7363.49    
142	140   	312.41 	385.627	29.8906	3053.8     
143	140   	383.985	458.07 	29.9156	2401.51    
144	140   	401.474	421.848	30.2533	2725.73    
145	140   	482.018	599.772	30.2533	7516.36    
146	140   	521.193	1865.84	30.2533	30556.9    
147	140   	485.18 	1853.58	30.2533	30556.9    
148	140   	392.76 	543.294	30.2533	4445.57    
149	140   	395.763	592.624	30.2533	5228.21    
150	140   	329.782	426.934	30.2533	2253.8     
151	140   	439.712	627.317	30.2533	4533.66    
152	140   	278.344	344.099	30.2533	2011.12    
153	140   	390.392	418.556	30.2533	2567.63    
154	140   	568.149	580.513	30.2533	6583.25    
155	140   	419.172	457.374	29.8795	3267.64    
156	140   	396.946	544.553	29.8795	3613.57    
157	140   	353.06 	432.088	29.8795	2200.25    
158	140   	523.373	539.994	28.4646	6160.41    
159	140   	617.179	647.74 	28.4646	6160.41    
160	140   	481.659	456.38 	28.4646	2581.28    
161	140   	535.895	1121.2 	30.9856	16150.1    
162	140   	413.487	602.782	30.6076	5650.22    
163	140   	410.425	1267.97	30.0101	20223.1    
164	140   	355.022	449.914	29.1254	2395.17    
165	140   	406.951	476.16 	29.1254	2748.91    
166	140   	493.575	480.473	29.1254	2950.94    
167	140   	455.621	1127.85	29.1254	17786.9    
168	140   	544.017	1123.41	29.1254	17786.9    
169	140   	458.413	503.384	29.1254	3138.68    
170	140   	351.324	465.073	29.1254	2826.35    
171	140   	376.67 	604.718	29.1254	7385.11    
172	140   	392.136	556.365	29.1254	3822.46    
173	140   	368.638	433.03 	29.1254	2378.88    
174	140   	505.203	425.036	29.1254	2373.69    
175	140   	427.102	429.963	29.1254	2220.33    
176	140   	547.13 	617.218	29.1254	5704.28    
177	140   	408.109	378.941	28.5426	1790.55    
178	140   	425.954	603.655	28.5426	7079.23    
179	140   	371.232	455.995	29.1254	2929.74    
180	140   	498.079	1845.72	29.1254	29998      
181	140   	2509.79	32877.2	29.1254	550041     
182	140   	972.739	3540.98	29.1254	29998      
183	140   	756.13 	2787.08	29.1254	29998      
184	140   	392.256	656.503	29.1254	8984.72    
185	140   	324.745	397.747	29.1254	1884.85    
186	140   	358.652	403.608	29.1254	2820.72    
187	140   	382.298	542.947	29.1254	5384.77    
188	140   	496.378	706.345	29.1254	9602.31    
189	140   	333.016	423.584	29.1254	2690.84    
190	140   	404.124	466.021	29.1254	3589.04    
191	140   	319.558	436.496	29.1254	3638.03    
192	140   	413.038	609.189	29.1254	5556.93    
193	140   	335.011	420.349	29.1254	3282.34    
194	140   	351.355	525.725	29.1254	5114.48    
195	140   	314.164	409.675	29.1254	2927.32    
196	140   	501.796	452.765	29.1254	2124.96    
197	140   	422.937	459.014	29.1254	2051.63    
198	140   	351.248	384.177	29.1254	2246.02    
199	140   	478.643	492.241	29.1254	3427.95    
200	140   	385.738	680.205	29.1254	9810.23    
Time elapsed: 1105 seconds.


Batch Job Summary Report (version 21.01.1) for Job "bpopt" (48965024) on daint

Job information (1/2)
-----------------------------------------------------------------------------------------------------
             Submit            Eligible               Start                 End    Elapsed Time limit
------------------- ------------------- ------------------- ------------------- ---------- ----------
2023-09-15T14:22:48 2023-09-15T14:22:48 2023-09-15T14:22:49 2023-09-15T14:42:26   00:19:37   00:59:00
-----------------------------------------------------------------------------------------------------

Job information (2/2)
-------------------------------------------------------------
    Username      Account    Partition   NNodes        Energy
------------ ------------ ------------ -------- -------------
    bp000145       ich030       normal        4    868.340 kJ

