
gen	nevals	avg    	std    	min    	max    
1  	140   	504.332	799.445	67.689 	6181.05
2  	140   	751.37 	3880.32	67.6417	63977.4
3  	140   	468.123	3813.86	57.8334	63977.4
4  	140   	214.382	255.783	46.9316	1984.86
5  	140   	162.51 	172.467	27.4846	1976.87
6  	140   	151.112	249.982	27.4846	3018.23
7  	140   	126.17 	154.687	27.4846	1148.87
8  	140   	109.694	115.681	19.5715	1024.34
9  	140   	123.704	211.752	19.5715	2694.46
10 	140   	138.49 	305.138	16.6415	4818.85
11 	140   	122.618	188.26 	16.6415	1618.04
12 	140   	118.506	182.273	16.6415	1618.04
13 	140   	127.625	348.181	16.6415	5418.78
14 	140   	105.103	142.483	16.6415	1579.27
15 	140   	112.42 	143.488	16.6415	1875.87
16 	140   	122.17 	239.391	15.764 	2791.63
17 	140   	116.566	304.757	15.764 	4807.69
18 	140   	125.964	308.5  	15.764 	4807.69
19 	140   	155.675	459.366	15.764 	4807.69
20 	140   	98.2785	130.276	15.764 	1275.76
21 	140   	89.9347	122.694	15.764 	1481.42
22 	140   	87.3612	83.3722	15.764 	592.108
23 	140   	104.306	178.397	15.764 	2146.28
24 	140   	91.5298	124.962	15.764 	1055.87
25 	140   	94.9681	128.251	15.764 	1471.59
26 	140   	96.7644	115.711	15.764 	1064.75
27 	140   	92.0316	101.827	15.764 	702.59 
28 	140   	84.4301	78.181 	15.764 	661.549
29 	140   	121.871	197.22 	15.764 	1580.1 
30 	140   	118.669	377.56 	15.6748	6065.74
31 	140   	143.571	518.574	15.6748	6065.74
32 	140   	157.055	625.871	15.764 	6065.74
33 	140   	234.575	1776.14	15.764 	28632.5
34 	140   	119.516	206.574	15.764 	2284.89
35 	140   	114.762	277.963	15.764 	4100.6 
36 	140   	93.7955	98.3309	15.764 	1209.07
37 	140   	114.8  	192.409	15.764 	1935.15
38 	140   	89.3079	93.5989	15.764 	850.253
39 	140   	109.354	172.489	15.764 	1425.88
40 	140   	95.5973	138.031	15.764 	1620.99
41 	140   	153.964	1115.51	15.764 	18695.8
42 	140   	110.846	228.966	15.764 	2633.5 
43 	140   	102.242	137.585	15.764 	1479.54
44 	140   	190.61 	1103.02	15.764 	18143.1
45 	140   	106.082	159.304	15.764 	1479.54
46 	140   	160.513	737.822	15.764 	12068  
47 	140   	108.913	218.515	15.764 	2707.91
48 	140   	96.0853	186.795	15.764 	2707.91
49 	140   	97.866 	133.564	15.764 	1316.97
50 	140   	102.858	175.642	14.6505	1586.37
Time elapsed: 381 seconds.


Batch Job Summary Report (version 21.01.1) for Job "bpopt" (48837728) on daint

Job information (1/2)
-----------------------------------------------------------------------------------------------------
             Submit            Eligible               Start                 End    Elapsed Time limit
------------------- ------------------- ------------------- ------------------- ---------- ----------
2023-09-08T10:12:06 2023-09-08T10:12:06 2023-09-08T10:12:12 2023-09-08T10:19:54   00:07:42   00:59:00
-----------------------------------------------------------------------------------------------------

Job information (2/2)
-------------------------------------------------------------
    Username      Account    Partition   NNodes        Energy
------------ ------------ ------------ -------- -------------
    bp000145       ich030       normal        4    275.965 kJ

