
gen	nevals	avg    	std    	min    	max        
1  	570   	8046.74	3015.67	4592.66	52393.6    
2  	570   	7976.2 	2534.11	4591.41	52393.6    
3  	570   	6802.7 	13918.3	4577.83	466803     
4  	570   	5174.68	1340.4 	4569.94	17160.5    
5  	570   	5009.53	1162.65	4560.8 	9000       
6  	570   	4984.97	1150.89	4560.8 	9000       
7  	570   	4944.43	1101.62	4560.8 	9000       
8  	570   	5032.86	1220.31	4560.8 	9000       
9  	570   	5012.39	1213.04	4554.71	9000       
10 	570   	5065.16	1294.26	4560.8 	9000       
11 	570   	5000.9 	1222.27	4560.8 	9000       
12 	570   	4962.03	1164.23	4546.16	9000       
13 	570   	4929.76	1113.08	4546.16	9000       
14 	570   	4967.93	1256.67	4546.16	21952.2    
15 	570   	4936.17	1248.07	4547.92	24285.7    
16 	570   	4855.92	977.179	4534.77	10141.9    
17 	570   	4881.62	1027.22	4535.47	10141.9    
18 	570   	4868.73	991.242	4535.47	9000       
19 	570   	4950.82	2717.55	4520.14	90119.1    
20 	570   	4808.38	860.257	3349.64	9231.63    
21 	570   	4826.24	1029.25	3349.64	22493.1    
22 	570   	4804.43	918.823	3157.27	9000       
23 	570   	4761.95	988.969	1904.9 	17490.9    
24 	570   	4666.93	1432.96	774.33 	29543.8    
25 	570   	4569.97	2205.73	675.747	29543.8    
26 	570   	6076   	44253.2	607.278	1.49298e+06
27 	570   	6306.02	7258.52	590.884	44149.9    
28 	570   	8185.55	9191.83	540.525	48167.2    
29 	570   	7737.4 	8788.4 	521.685	49044.3    
30 	570   	7353.68	8747.22	515.201	87177.9    
31 	570   	6286.69	7544.64	430.892	48918      
32 	570   	6822.77	8130.24	462.86 	53744.7    
33 	570   	6998.4 	8477.92	406.643	66572.7    
34 	570   	7430.9 	8645.48	406.643	47045.6    
35 	570   	7154.82	8379.64	406.643	49959.1    
36 	570   	7972.33	9071.22	406.643	47403.4    
37 	570   	7544.35	8788.52	406.053	73897.4    
38 	570   	7030.57	8325.15	378.66 	46260.1    
39 	570   	7119.95	8767.31	378.66 	45752.8    
40 	570   	6939.76	9517.99	378.66 	117511     
41 	570   	6763.51	9015.33	378.66 	129500     
42 	570   	6975.07	11360.2	378.66 	232441     
43 	570   	8142.37	10193.5	375.417	70253.4    
44 	570   	7964.67	9954.24	375.417	57834.6    
45 	570   	9076.77	11000.9	374.776	52443      
46 	570   	9616.93	11158.2	375.417	52443      
47 	570   	8720.11	10699.9	334.127	56731.4    
48 	570   	9452.75	11202.7	295.686	96959.2    
49 	570   	8010.87	10354.1	295.686	96959.2    
50 	570   	8009.93	10302.4	295.686	117129     
51 	570   	7761.65	10118.6	295.686	117129     
52 	570   	7638.37	13056.7	295.686	255122     
53 	570   	8108.79	12594.4	295.62 	255122     
54 	570   	7400.71	11914.7	275.241	255122     
55 	570   	7436.75	13903.5	270.994	255122     
56 	570   	7334.85	15630.7	270.994	255122     
57 	570   	7515.5 	14129.7	238.984	255122     
58 	570   	7685.91	12627.1	238.984	255122     
59 	570   	7434.57	12123.1	238.984	255122     
60 	570   	7776.75	12039.5	238.984	255122     
61 	570   	6264.87	13533.8	238.984	255122     
62 	570   	7212.46	11933.9	238.984	255122     
63 	570   	6599.25	9061.26	238.984	78729.8    
64 	570   	7710.36	10058.6	214.827	62709.7    
65 	570   	7362.87	9493.89	214.827	76857.8    
66 	570   	7221.58	9312.15	214.827	57691.6    
67 	570   	7662.73	11212.2	214.827	208877     
68 	570   	8539.54	11784.4	214.827	208877     
69 	570   	7876.68	10965.5	214.827	66769.8    
70 	570   	8963.97	12315.8	214.827	166997     
71 	570   	9467.24	11749  	214.827	84547.6    
72 	570   	7822.82	10803.7	214.827	67682.8    
73 	570   	9075.23	11145  	214.827	59377      
74 	570   	8605.82	11320.3	168.139	90721.3    
75 	570   	8139.29	10885.6	168.139	74596      
76 	570   	8554.33	11011  	168.139	66660.2    
77 	570   	8205.69	11233.5	168.139	70457.3    
78 	570   	7954.07	10706.3	168.139	81736.5    
79 	570   	8102.94	11375.2	168.139	105401     
80 	570   	8453.07	10941.1	168.139	64547.5    
81 	570   	7686.58	10370.3	168.139	58783.7    
82 	570   	7955.92	11167.8	168.139	93662.8    
83 	570   	8501.14	12248.1	168.139	155431     
84 	570   	8188.12	10790.3	168.139	100681     
85 	570   	7518.79	10699  	168.139	64476      
86 	570   	8729.9 	11646.9	166.229	71635.9    
87 	570   	7144.04	10099.6	166.229	95834.3    
88 	570   	7624.48	10704.9	166.229	65638.4    
89 	570   	7732.61	10230  	166.229	86686      
90 	570   	6560.17	9298.16	166.229	58663.3    
91 	570   	7705.33	10946.6	166.229	129978     
92 	570   	7157.68	10035.2	136.271	72667.3    
93 	570   	6783.25	9937.4 	166.229	98769.3    
94 	570   	6647.86	8853.58	166.229	54472.9    
95 	570   	6797.24	9835.26	154.611	118780     
96 	570   	6222.1 	9546.72	150.867	74758      
97 	570   	6786.05	9558.84	154.611	88541.8    
98 	570   	5942.24	8529.58	154.611	88541.8    
99 	570   	7201.8 	9857.75	154.611	88541.8    
100	570   	5768.56	9409.69	154.611	88541.8    
101	570   	6149.42	9441.75	154.611	91596.7    
102	570   	5935.04	8687.22	148.775	87742.3    
103	570   	5998.38	8663.34	148.775	63416.1    
104	570   	5816.83	8398.42	148.775	84832.5    
105	570   	6297.43	8637.67	148.775	81524.1    
106	570   	6161.74	10076.3	148.775	194348     
107	570   	6458.26	8938.42	136.423	89185      
108	570   	6086.46	9394.98	136.423	89185      
109	570   	6694.03	9220.1 	136.423	81566.8    
110	570   	6087.77	9597.76	136.423	115765     
111	570   	6355.08	8497.05	135.627	61728.8    
112	570   	5715.43	8682.34	135.627	79718.3    
113	570   	6074.15	8678.61	135.627	127858     
114	570   	6024.64	8298.36	135.627	71653      
115	570   	6277.17	8220.75	116.429	58018.3    
116	570   	5354.12	8620.13	116.429	100931     
117	570   	6089.68	9334.28	116.429	123929     
118	570   	6531.47	8641.86	116.429	87186.8    
119	570   	5519.97	8711.16	116.429	94657.5    
120	570   	6467.19	8311.12	116.429	63527.6    
121	570   	5297.08	8169.98	116.429	87680.3    
122	570   	5318.93	7346.87	116.429	62867.3    
123	570   	5707.19	9009.39	116.429	122240     
124	570   	6165.37	12531.6	116.429	317931     
125	570   	5362.98	8340.77	116.429	79549.7    
126	570   	5550.64	7648.56	105.545	54638.5    
127	570   	4605.41	7287.24	105.545	59664      
128	570   	5618.57	8967.85	105.545	100406     
129	570   	5362.33	8476.81	105.545	89747.9    
130	570   	6117.93	8909.95	105.545	83745.5    
131	570   	5136.26	8443.65	105.545	72989.1    
132	570   	5565.31	9112.85	105.545	89883.4    
133	570   	6033.09	9803.59	105.545	87391.2    
134	570   	5144.83	8955.71	105.545	114434     
135	570   	5417.26	8179.36	105.545	66447.2    
136	570   	4723.69	7630.85	105.545	61712.4    
137	570   	4967.3 	7706.81	105.545	53623.8    
138	570   	5208.83	7933.48	105.545	53665      
139	570   	5042.84	8522.42	105.545	83464.9    
140	570   	5214.03	8298.79	105.545	63422.1    
141	570   	4559.17	7188.33	105.545	59803      
142	570   	4791   	7706.2 	105.545	54361.8    
143	570   	4570.38	7980.82	105.545	73718.7    
144	570   	4729.29	7939.27	105.545	61447      
145	570   	5119.4 	8392.44	96.648 	71976.9    
146	570   	4770.22	7887.98	96.648 	74517      
147	570   	4878.06	8347.37	96.648 	63507.6    
148	570   	4954.23	8213.44	96.648 	74606.4    
149	570   	4722.69	7549.6 	96.648 	56462.7    
150	570   	4812.07	7872.37	96.648 	66371.4    
151	570   	4735.63	7848.7 	96.648 	78829.5    
152	570   	4400.88	7486.29	96.648 	75712.5    
153	570   	3992.71	6623.66	96.648 	63657.8    
154	570   	4485.08	7536.51	96.648 	68812.2    
155	570   	4634.5 	9028.15	96.648 	155862     
156	570   	4938   	8331.64	96.648 	81472.4    
157	570   	4633.68	8093.65	96.648 	88735.6    
158	570   	4771.83	8396.82	96.648 	85475.2    
159	570   	4260.46	7126.71	96.648 	59531.2    
160	570   	4403.2 	7325.48	96.648 	49615.8    
161	570   	4327.75	8172.17	96.648 	114736     
162	570   	4952.49	8401.44	96.648 	81554.9    
163	570   	4876.67	9683.05	96.648 	131941     
164	570   	4473.35	7051.61	96.648 	55684.6    
165	570   	4522.63	7594.26	96.648 	57599.5    
166	570   	4407.11	7705.91	96.648 	90473.3    
167	570   	4684.45	8173.91	96.648 	91125.5    
168	570   	4491.91	7036.94	96.648 	73575.4    
169	570   	4215.53	8541.24	96.648 	178284     
170	570   	4444.11	7375.26	96.648 	66503.5    
171	570   	4360.24	6951.41	96.648 	62592.9    
172	570   	4410.54	7484.71	96.648 	53693      
173	570   	4091.68	6770.33	96.648 	52415.1    
174	570   	4135.72	6659.5 	96.648 	57602.5    
175	570   	4411.25	7474.09	96.648 	82827.1    
176	570   	4434.31	7226   	96.648 	68570.7    
177	570   	5009.71	8693.83	96.648 	109805     
178	570   	4757.82	7808.48	96.648 	79824.6    
179	570   	4721.5 	8452.12	96.648 	128145     
180	570   	4449.11	8524.75	96.648 	142410     
181	570   	4633.45	9362.38	96.648 	146561     
182	570   	4142.91	7270.36	96.648 	112675     
183	570   	4513.48	7924.62	96.648 	76578.5    
184	570   	4284.21	7599.39	96.648 	102291     
185	570   	4209.4 	6599.28	93.9481	78776.4    
186	570   	4392.55	7592.02	93.9481	72596.8    
187	570   	4247.94	7415.73	93.9481	72596.8    
188	570   	4611.06	7281.21	93.9481	48447      
189	570   	4410.43	7305.27	93.9481	78836.8    
190	570   	4245.61	7349.18	93.9481	78836.8    
191	570   	4437   	8051.83	93.9481	79723.5    
192	570   	4646.63	7724.63	88.6282	72571.5    
193	570   	4373.5 	7436.84	88.6282	62798      
194	570   	4316.41	7350.81	93.9481	85624.4    
195	570   	4763.04	8422.76	93.9481	93631.2    
196	570   	4463.91	7484.4 	93.9481	81668.5    
197	570   	4176.82	7281.97	93.9481	101435     
198	570   	4204.79	7442.17	93.9481	77476      
199	570   	4248.64	7295   	93.9481	77476      
200	570   	4577.45	7720.03	93.9481	80993.5    
Elapsed time: 19560 seconds (5h 26m 0s)


Batch Job Summary Report (version 21.01.1) for Job "bpopt" (50478620) on daint

Job information (1/2)
-----------------------------------------------------------------------------------------------------
             Submit            Eligible               Start                 End    Elapsed Time limit
------------------- ------------------- ------------------- ------------------- ---------- ----------
2023-12-14T14:57:43 2023-12-14T14:57:43 2023-12-14T14:57:58 2023-12-14T20:25:10   05:27:12   23:59:00
-----------------------------------------------------------------------------------------------------

Job information (2/2)
-------------------------------------------------------------
    Username      Account    Partition   NNodes        Energy
------------ ------------ ------------ -------- -------------
    bp000145       ich030       normal        7  26100.098 kJ

