
gen	nevals	avg    	std    	min    	max        
1  	280   	7626.29	1599.46	5586.48	9000       
2  	280   	7629.64	1597.59	5586.48	9000       
3  	280   	6171.07	1334.1 	5546.48	24945.5    
4  	280   	5819.9 	675.265	5431.17	17878.5    
5  	280   	5752.82	1067.09	5454.61	30339.2    
6  	280   	5837.01	3405.23	5397.49	85687.5    
7  	280   	5919.63	3940.03	5397.49	85687.5    
8  	280   	5927.27	3950.36	5359.23	85687.5    
9  	280   	5927.49	4088.26	5350.15	90169.7    
10 	280   	5641.79	2040.07	3865.68	36599.3    
11 	280   	5901.51	3467.08	1064.1 	36599.3    
12 	280   	6488.2 	5287.3 	1008.35	39923.5    
13 	280   	8336.8 	8408.95	1008.35	39923.5    
14 	280   	10207.7	10463.2	1004.59	42466.7    
15 	280   	9704.23	10384.1	1004.59	40565.2    
16 	280   	10339  	11485.4	978.8  	51607.3    
17 	280   	10655.6	11257.5	882.719	51607.3    
18 	280   	10437.9	11050.1	923.304	43738.2    
19 	280   	9529.71	10889.6	849.024	61422.2    
20 	280   	9061.57	10415.5	849.024	52845.2    
21 	280   	8873.62	9884.91	849.024	43637.8    
22 	280   	10146.5	10627.1	842.246	43175.4    
23 	280   	8919.6 	9840.41	790.319	44650.4    
24 	280   	9485.55	10402.6	790.319	46370.8    
25 	280   	9173.64	10742.7	790.319	54416.6    
26 	280   	10229.5	11333.8	725.725	54416.6    
27 	280   	10646.1	12021.5	650.622	51436.6    
28 	280   	9437.52	11043.7	650.622	55587.5    
29 	280   	9917.64	11873.4	650.622	52223.4    
30 	280   	9786.45	12493.7	650.622	55672      
31 	280   	10940.1	12866.2	650.622	63498.5    
32 	280   	10085.8	12509.7	471.884	54346.9    
33 	280   	11671.8	12962.1	471.884	54561.2    
34 	280   	9782.34	12162.1	471.884	87976.6    
35 	280   	10053  	12243.9	471.884	89979.2    
36 	280   	9557.26	10657.9	471.884	51421.4    
37 	280   	9848.72	11521.7	471.884	59502.9    
38 	280   	11975  	13864.8	471.884	96691.3    
39 	280   	11460.8	13032.4	471.884	67737      
40 	280   	10856.9	12732  	471.884	77655      
41 	280   	10703.8	13159.4	471.884	128218     
42 	280   	11271.7	13175.9	471.884	78596.7    
43 	280   	11467.4	13857.1	471.884	80833.4    
44 	280   	11421.4	13281.3	471.884	62493      
45 	280   	10829.7	13613.7	471.884	87415      
46 	280   	10189.4	13632.5	471.884	87415      
47 	280   	10256.7	15040.4	471.884	87415      
48 	280   	11367.4	15835.9	471.884	87415      
49 	280   	10075.9	13786.1	460.589	102898     
50 	280   	12579.2	15891.9	460.589	87415      
51 	280   	11812.3	15823.7	460.589	116936     
52 	280   	10296.7	14651.5	460.589	87415      
53 	280   	13246.4	17113.1	460.589	116234     
54 	280   	12661.4	16105.9	460.589	102447     
55 	280   	11962.8	15501  	460.589	102447     
56 	280   	12042.7	15296  	460.589	95962.4    
57 	280   	11152.6	15119.2	460.589	95962.4    
58 	280   	9314.19	13931.5	460.589	98937.5    
59 	280   	11277.4	16652  	460.589	155445     
60 	280   	12472.5	18822.2	460.589	127257     
61 	280   	9297.52	13086.5	430.184	71533.3    
62 	280   	11191.2	15020.3	430.184	125134     
63 	280   	9855.07	14329.4	430.184	95370.9    
64 	280   	12607.4	16425.1	430.184	127164     
65 	280   	9849.6 	13688  	375.493	75080      
66 	280   	9358.43	13945.2	430.184	75080      
67 	280   	11965.7	17003.1	430.184	121028     
68 	280   	10785.4	14965.3	430.184	95523.1    
69 	280   	11629.1	15304.4	430.184	114639     
70 	280   	11966.3	14955.4	430.184	87441.6    
71 	280   	9305.11	13424.2	430.184	97685.6    
72 	280   	12345.8	16394.7	430.184	132029     
73 	280   	8787.29	12796.8	430.184	117921     
74 	280   	11258.4	15008.3	430.184	100632     
75 	280   	8815.28	12106  	430.184	81335.3    
76 	280   	10148.3	12958.8	430.184	63194.5    
77 	280   	9084.65	12067.6	430.184	64451.7    
78 	280   	10289  	12773.1	430.184	66206.3    
79 	280   	9519.3 	12415.3	430.184	94527      
80 	280   	8057.75	11291.4	433.561	104683     
81 	280   	10301.2	12740.3	445.686	85389.5    
82 	280   	9157.19	14321.4	445.686	149410     
83 	280   	10553.1	13094.4	445.686	81186.7    
84 	280   	7953.06	11387  	445.686	84453.5    
85 	280   	10373.4	12845.3	339.936	67386.6    
86 	280   	8996.26	11869.5	339.936	87360.2    
87 	280   	8439.7 	11039  	339.936	54378.9    
88 	280   	8552.88	13412.6	339.936	115949     
89 	280   	8417.1 	11529.9	339.936	62091.2    
90 	280   	9906.94	13234.8	339.936	102689     
91 	280   	8173.02	11566.1	339.936	93963.5    
92 	280   	9505.35	12784  	339.936	93963.5    
93 	280   	8491.21	13191.1	339.936	133158     
94 	280   	9190.46	12725.9	339.936	116006     
95 	280   	8341.73	11283.9	339.936	93557.9    
96 	280   	8538.19	13805.5	339.936	134270     
97 	280   	7800.99	12173.7	339.936	101202     
98 	280   	8592.4 	11890.8	287.266	92577.5    
99 	280   	7430.76	10266.9	287.266	73442.1    
100	280   	7089.86	9846.85	287.266	76454.7    
101	280   	7941.8 	12357.1	287.266	134365     
102	280   	7910.25	11481.8	287.266	84732.2    
103	280   	7978.6 	12231  	287.266	99334.4    
104	280   	7838.87	11823.6	287.266	104649     
105	280   	8305.48	12766.1	287.266	133425     
106	280   	6499.08	10648.5	287.266	84929.6    
107	280   	6243.36	9851.11	280.704	87928.3    
108	280   	6994.11	10376.4	280.704	97412.2    
109	280   	7157.32	10742.8	280.704	97412.2    
110	280   	7474.81	11135.4	280.704	84474.8    
111	280   	6481.37	9564.86	253.039	64095.9    
112	280   	7062.86	12321.2	253.039	142195     
113	280   	7337.25	11678  	231.009	137963     
114	280   	6617.11	12473.8	231.009	137963     
115	280   	5884.32	9458   	231.009	86702.9    
116	280   	5354.03	8221.38	231.009	68011.5    
117	280   	6004.29	9323.66	231.009	78251.1    
118	280   	6404.91	10119.2	231.009	96850.5    
119	280   	5745.33	8744.1 	231.009	64212.2    
120	280   	5728.8 	10029.4	231.009	101567     
121	280   	5949.68	9805.24	231.009	93909.6    
122	280   	5553   	9331.02	222.301	101627     
123	280   	6237.85	8906.56	222.301	49267.7    
124	280   	5102.33	7920.73	231.009	62476.9    
125	280   	5562.5 	8736.03	228.543	53876.4    
126	280   	5853.13	9479.28	231.009	78678.5    
127	280   	6414.29	11042.3	231.009	96508.5    
128	280   	7563.83	12763.7	231.009	101712     
129	280   	6205.12	10896.1	231.009	125488     
130	280   	8125.22	13987.5	231.009	125488     
131	280   	8371.51	14308.9	231.009	132278     
132	280   	6742.32	11885.9	217.47 	125488     
133	280   	6971.78	10441.7	217.47 	64042.4    
134	280   	6647.8 	12661.7	217.47 	154823     
135	280   	7473.48	12027.5	217.47 	82331.2    
136	280   	6072.37	9906.64	217.47 	82331.2    
137	280   	7413.74	12547.6	217.47 	138882     
138	280   	7524.51	12664.7	217.47 	119922     
139	280   	6455.61	11319.8	217.47 	100660     
140	280   	7410.07	11531.7	217.47 	89379.9    
141	280   	6539.13	11377.6	217.47 	130099     
142	280   	6125.62	10438.3	186.921	79512      
143	280   	6531.89	10608  	186.921	79512      
144	280   	6165.6 	11242.4	186.921	103620     
145	280   	6156.86	10667  	186.921	123106     
146	280   	6875.02	10315.5	186.921	72458.9    
147	280   	5152.86	7872.11	186.921	53291.3    
148	280   	6570.86	11627.6	186.921	120204     
149	280   	6146.49	11633.8	186.921	157475     
150	280   	6176.06	10365.3	186.921	96340.1    
151	280   	5717.07	11931.9	186.921	107032     
152	280   	5949.88	9714.07	186.921	82464.8    
153	280   	6596.69	11555  	186.921	82464.8    
154	280   	6694.9 	13068.2	186.921	116770     
155	280   	7585.12	15334.5	186.921	145444     
156	280   	7493.92	13591.3	186.921	119997     
157	280   	6357.99	10342.6	186.921	111773     
158	280   	5815.62	10405.1	186.921	119082     
159	280   	7417.83	16334.4	186.921	286727     
160	280   	6786.11	10512.6	186.921	85239.1    
161	280   	6840.71	10043.5	186.921	95448.5    
162	280   	7124.73	13620.8	186.921	239612     
163	280   	7334.69	10477  	186.921	97313.9    
164	280   	5293.21	7415.41	186.921	56939.1    
165	280   	5704.41	10192.9	186.921	104622     
166	280   	6160.27	9418.19	186.921	63399.4    
167	280   	5482.36	11472.9	186.921	159248     
168	280   	7195.57	14587.2	186.921	159248     
169	280   	6813.91	12597.7	186.921	159248     
170	280   	7403.29	11142.7	186.921	108769     
171	280   	6439.47	11187.1	186.921	122116     
172	280   	6633.38	11958.5	186.921	108754     
173	280   	6073.25	11430.9	186.921	159623     
174	280   	5275.64	9366.69	186.921	83988.4    
175	280   	5334.72	9745.61	186.921	86780.5    
176	280   	5608.81	9567.86	186.921	71209.9    
177	280   	6589.37	11891.9	186.921	104661     
178	280   	5687.17	9364.14	186.921	104661     
179	280   	5757.84	9811.63	186.921	104661     
180	280   	5701.94	11353.3	186.921	139184     
181	280   	6527.71	11772  	186.921	107885     
182	280   	5322.8 	9740.38	186.921	144337     
183	280   	6483.22	10898  	186.921	87478.7    
184	280   	6783.57	13526  	186.921	124922     
185	280   	6001.86	11780.4	186.921	105553     
186	280   	6639.19	13538.3	186.921	144622     
187	280   	6224.65	14331.3	186.921	189019     
188	280   	5808.62	10887  	186.921	132790     
189	280   	6036.17	10611.1	186.921	80583      
190	280   	5880.21	11583.1	186.921	120151     
191	280   	6110.3 	12640.8	186.921	126134     
192	280   	6719.73	11906.8	186.921	105827     
193	280   	7197.86	15297  	186.921	140148     
194	280   	7349.19	14846.1	186.921	114485     
195	280   	5467.37	10347  	186.921	114485     
196	280   	6189.75	11438.6	186.921	92555.2    
197	280   	5953.35	11021.8	186.921	128919     
198	280   	5919.99	10976.9	186.921	118912     
199	280   	5861.72	10129.5	186.921	69399.2    
200	280   	6185.83	11444.8	186.921	108670     
201	280   	6139.32	10437.3	186.921	100811     
202	280   	6045.77	10423.5	186.921	85478.6    
203	280   	5887.76	10669.8	186.921	76129.5    
204	280   	6761.03	11836.9	186.921	107575     
205	280   	6623.9 	12953.1	186.921	115746     
206	280   	7097.17	13156.1	186.921	107575     
207	280   	6064.66	10414.6	186.921	98833.9    
208	280   	6359.84	12306.6	186.921	104677     
209	280   	6428.62	12232.7	186.921	128058     
210	280   	5566.16	9987.9 	186.921	90501.7    
211	280   	6432.06	11517.4	186.921	77877.1    
212	280   	6677.04	12710.6	186.921	110582     
213	280   	5990.82	11442.9	186.921	122819     
214	280   	5601.01	10356.5	186.921	82591.4    
215	280   	5532.14	10435.6	186.921	78469.5    
216	280   	5023.69	9082.66	186.921	101713     
217	280   	5765.97	10359  	186.921	98664.1    
218	280   	5983.26	10014.3	186.921	78252.5    
219	280   	5569.65	9386.8 	186.921	90747.8    
220	280   	5240.76	9539.94	186.921	82443.6    
221	280   	6345.09	12354.5	186.921	108633     
222	280   	7063.05	13090.6	186.921	110793     
223	280   	7300.39	13126.7	186.921	107703     
224	280   	6594.3 	12819.2	186.921	113913     
225	280   	6554.59	12110.9	186.921	113734     
226	280   	6448.18	11597.1	186.921	113734     
227	280   	6571.65	12455.3	186.921	123091     
228	280   	6466.44	11203.6	186.921	109683     
229	280   	5888.75	9930.27	186.921	92728.6    
230	280   	6617.26	10749.2	186.921	93860.1    
231	280   	6238.06	9683.25	186.921	62201.3    
232	280   	5858.99	9767.57	186.921	72385.2    
233	280   	6415.06	12629.1	186.921	112902     
234	280   	5531.68	8686.55	186.921	74416.9    
235	280   	6047.36	11635.5	186.921	110822     
236	280   	6517   	12234.9	186.921	112744     
237	280   	7007.1 	12192.9	186.921	104552     
238	280   	6174.09	10865.3	186.921	106918     
239	280   	6780.39	13294.9	186.921	125213     
240	280   	5552.47	10214.4	186.921	106673     
241	280   	6500.8 	11219.9	186.921	82484.7    
242	280   	5861.16	12319.8	186.921	106868     
243	280   	6816.17	13261.5	186.921	120745     
244	280   	5926.47	10157.4	186.921	75363      
245	280   	5587.42	9909.13	186.921	81628.9    
246	280   	7708.93	14200.7	186.921	111262     
247	280   	6670.98	11149.3	186.921	106843     
248	280   	7551.01	12678.3	186.921	122961     
249	280   	7063.26	13147.5	186.921	121620     
250	280   	5993.18	10780.4	186.921	110805     
251	280   	6617.03	11217  	186.921	79556.5    
252	280   	5711.91	10581.2	186.921	107051     
253	280   	5619.49	9098.42	186.921	95446.5    
254	280   	6320.93	13091.7	186.921	119074     
255	280   	6071.31	10667.1	186.921	84325.4    
256	280   	5156.3 	8992.49	186.921	70420.7    
257	280   	6389.63	13377.1	186.921	123089     
258	280   	5937.63	11464.5	186.921	131187     
259	280   	6398.17	12306.3	186.921	120063     
260	280   	7572.37	12444.5	186.921	107931     
261	280   	6515.26	12395.8	186.921	129303     
262	280   	7143.39	13116.6	186.921	102633     
263	280   	6082.93	11560.2	186.921	110816     
264	280   	7200.86	14169.3	186.921	128730     
265	280   	5627.72	12008.3	186.921	157296     
266	280   	5290.24	9816.13	186.921	106854     
267	280   	6141.39	12350.9	186.921	113958     
268	280   	6175.37	10224.7	186.921	75053.6    
269	280   	5678.49	11445.3	186.921	145384     
270	280   	5641.35	11147.7	186.921	98343.6    
271	280   	5923.68	12006.9	186.921	109614     
272	280   	5462.64	9298.97	186.921	89507.2    
273	280   	5346.45	9770.43	186.921	89507.2    
274	280   	6207.39	12111.9	179.637	95712.3    
275	280   	6360.62	13173.3	179.637	156546     
276	280   	7551.23	15189.9	179.637	168441     
277	280   	6645.25	13402.2	179.637	104968     
278	280   	5920.1 	12365.1	179.637	151238     
279	280   	6338.4 	12573.2	179.637	124963     
280	280   	5064.2 	13853.8	179.637	137067     
281	280   	4854.08	11277.4	179.637	137067     
282	280   	4687.96	10581.4	179.637	137067     
283	280   	4372.47	8168.15	179.637	94716.1    
284	280   	4630.77	9208.13	179.637	94549.8    
285	280   	4213.87	7259.27	179.637	65246.2    
286	280   	4722.82	9099.98	179.637	104626     
287	280   	4893.94	10035.7	179.637	112703     
288	280   	4950.19	10108  	179.637	97808.2    
289	280   	4213.35	9383.99	179.637	113847     
290	280   	4835.37	10933  	179.637	88664.9    
291	280   	4469.01	9609.34	179.637	124970     
292	280   	4770.06	10750.8	179.637	124970     
293	280   	4505.3 	9271.43	179.637	108872     
294	280   	4284.75	7397.15	179.637	76432.8    
295	280   	4169.67	7061.56	179.637	68284.7    
296	280   	4406.12	8453.92	179.637	98744.6    
297	280   	4914.81	9704.17	179.637	78490.3    
298	280   	4797.71	9769.32	179.637	90796.1    
299	280   	5273.48	11161  	179.637	111335     
300	280   	4545.72	8512.23	179.637	86344.7    
301	280   	4557.44	8308.52	179.637	79367      
302	280   	4865.66	9141.01	179.637	79367      
303	280   	5074.16	9672.8 	179.637	101680     
304	280   	5027.91	12216.1	179.637	145904     
305	280   	5292.31	13348.9	179.637	145904     
306	280   	4819.95	8498.27	179.637	64213.6    
307	280   	5262.07	10828.2	179.637	121110     
308	280   	5472.39	8659.65	179.637	85457.3    
309	280   	5786.72	10512.4	179.637	107753     
310	280   	6049.62	11350.7	179.637	109729     
311	280   	6212.16	13102.3	179.637	152609     
312	280   	4764.27	8167.25	179.637	80307.8    
313	280   	4851.51	8570.34	179.637	82528.6    
314	280   	5868.33	11765.9	179.637	111759     
315	280   	5203.07	10210.5	179.637	132436     
316	280   	5706.93	11683.3	179.637	132436     
317	280   	5034.48	9328.71	179.637	87780      
318	280   	5675.44	17279.4	179.637	338820     
319	280   	5226.13	9907.91	179.637	136775     
320	280   	6181.92	12275.5	179.637	139192     
321	280   	5229.14	10876.7	179.637	123131     
322	280   	5572.78	11488.7	179.637	136545     
323	280   	4944.59	8481.23	179.637	79413.7    
324	280   	5083.15	9223.26	179.637	74244.4    
325	280   	5718.53	11177.3	179.637	95461.9    
326	280   	5289.98	10135.6	179.637	105715     
327	280   	6153.49	11126.5	179.637	104884     
328	280   	6275.48	10912.3	179.637	97853.6    
329	280   	6841.84	12055.6	179.637	122165     
330	280   	6035.44	10671  	179.637	129344     
331	280   	6272.84	11165.9	179.637	79517.1    
332	280   	5648.85	10287  	179.637	124123     
333	280   	5440.65	11597.7	179.637	137262     
334	280   	5476.95	10674.5	179.637	104565     
335	280   	5377.93	10215.6	179.637	97481.7    
336	280   	5139.84	9523.14	179.637	77343.6    
337	280   	6031   	16694.3	179.637	222307     
338	280   	5821.89	13522.7	179.637	222307     
339	280   	6125.19	11433.9	179.637	105524     
340	280   	5286.59	12076.9	179.637	186447     
341	280   	4633.37	7375.87	179.637	93440.9    
342	280   	5802.57	13064.2	179.637	136206     
343	280   	5382.69	9815.46	179.637	116050     
344	280   	4974.06	9850.86	179.637	132110     
345	280   	5170.08	9275.61	179.637	85286.6    
346	280   	5512.97	12106.5	179.637	142247     
347	280   	5413.14	10641.2	179.637	129039     
348	280   	5613.93	11444  	179.637	165832     
349	280   	5571.76	9934   	179.637	86433.7    
350	280   	5147.44	10053.5	179.637	121986     
351	280   	5179.93	9284.62	179.637	79215.4    
352	280   	5256.3 	9696.08	179.637	73264.1    
353	280   	5326.01	10759.9	179.637	128885     
354	280   	5968.73	11709.9	179.637	106809     
355	280   	5435.01	11445.3	179.637	134012     
356	280   	5287.73	10724.2	179.637	110855     
357	280   	4899.71	9637.12	179.637	120095     
358	280   	5332.75	10304.1	179.637	97949.9    
359	280   	5010.14	8105   	179.637	69652.9    
360	280   	4974.89	9262.97	175.312	89606.9    
361	280   	5449.05	9745.52	175.312	92513.2    
362	280   	6626.94	19805.3	175.312	370529     
363	280   	4796.78	9661.8 	175.312	120681     
364	280   	4704.56	10052  	175.312	120044     
365	280   	5181.4 	10197.7	175.312	131175     
366	280   	5596.1 	11797.1	175.312	125253     
367	280   	5002.75	9141.55	175.312	70634.1    
368	280   	5648.72	11138.2	152.025	90381.5    
369	280   	5659.14	9132.48	179.637	77546.3    
370	280   	6280.43	11484.1	179.637	119836     
371	280   	5446.16	11268.9	179.637	134270     
372	280   	5263.27	10150  	179.637	89674.3    
373	280   	5214.88	10734.8	179.637	114088     
374	280   	4802.86	8826.14	179.637	84346      
375	280   	4734.2 	8051   	179.637	77308.8    
376	280   	5541.44	10147.6	179.637	85537.6    
377	280   	4775.29	8910.42	179.637	98513.8    
378	280   	5189.76	11410.5	179.637	139191     
379	280   	5432.43	8810.2 	179.637	113741     
380	280   	5952.78	11863.4	173.543	121931     
381	280   	7001.87	15270  	173.543	138241     
382	280   	8326.03	57840.1	173.543	1.33116e+06
383	280   	4834.94	8777.93	173.543	91613      
384	280   	4839.51	9520.41	173.543	120205     
385	280   	4838.66	8866.34	173.543	85527.3    
386	280   	5167.78	10201.2	173.543	91576.4    
387	280   	5368.09	10488  	170.79 	99631.5    
388	280   	4876.17	9216.39	170.79 	91511.4    
389	280   	5274.98	10389.1	170.79 	79799.2    
390	280   	4767.92	9489.54	170.79 	98674.3    
391	280   	5522.44	11227.1	170.79 	137302     
392	280   	5575.19	10450  	170.79 	88105.1    
393	280   	5302.96	10089  	170.79 	95370.1    
394	280   	5002.62	8693.25	170.79 	70310.8    
395	280   	5013.37	8919.85	170.79 	78407.6    
396	280   	5839.38	11051.7	170.79 	107889     
397	280   	4963.27	8851.31	170.79 	99808.6    
398	280   	5447.56	11179.1	170.79 	127422     
399	280   	5204.85	10516.3	170.79 	120341     
400	280   	6063.37	13576.7	170.79 	122870     
401	280   	5168.06	10281.1	170.79 	106840     
402	280   	5809.32	10135.9	170.79 	112732     
403	280   	6404.24	13393.6	170.79 	156840     
404	280   	6385.89	13408.2	170.79 	127214     
405	280   	5274.54	9868.87	170.79 	97475.6    
406	280   	5384.69	11159  	170.79 	110665     
407	280   	5665.46	11433.6	170.79 	109885     
408	280   	6066.08	12989.2	166.652	149444     
409	280   	5680.69	11032.9	170.79 	105797     
410	280   	5141.4 	10959.6	170.79 	133117     
411	280   	5191.81	10493.5	170.79 	138481     
412	280   	4766.62	9275.4 	161.958	113842     
413	280   	5470.75	10502.3	156.728	89682.1    
414	280   	6042.21	12606.4	156.728	154577     
415	280   	5427.77	11360.3	156.728	145389     
416	280   	4543.49	8555.41	156.728	85370.3    
417	280   	5002   	11608.2	156.728	151518     
418	280   	5438.86	11371.8	156.728	104022     
419	280   	5006.39	10261.4	156.728	98583.5    
420	280   	5129.62	10186.7	156.728	107778     
421	280   	5103.15	10164.6	156.728	103682     
422	280   	5165.91	10107.5	156.728	74346.2    
423	280   	5181.07	9846.21	156.728	100780     
424	280   	5371.37	10818.9	156.728	106920     
425	280   	6543.46	12443.5	156.728	122988     
426	280   	6515.71	12191.2	156.728	74257.9    
427	280   	5867.58	11317.1	156.728	82368.9    
428	280   	5970.6 	10945.7	156.728	82368.9    
429	280   	5527.97	10677  	156.728	110931     
430	280   	5110.5 	10989.7	156.728	124151     
431	280   	4726.81	9232.8 	156.728	94452.9    
432	280   	4749.44	9534.12	156.728	98659.1    
433	280   	6153.32	22898.3	156.728	453983     
434	280   	4788.86	10252.7	156.728	109745     
435	280   	4929.99	9447.94	156.728	78815.5    
436	280   	6106.86	11321.7	156.728	97650.6    
437	280   	5994.46	13063.9	156.728	112799     
438	280   	4825.45	8881.43	156.728	75373.7    
439	280   	5752.14	9910.62	156.728	109788     
440	280   	5667.03	9254.21	156.728	71640.3    
441	280   	5182.32	9869.02	156.728	115854     
442	280   	7732.11	15504.6	156.728	172420     
443	280   	6331.21	11944.6	156.728	115951     
444	280   	5672.82	11509.5	156.728	127006     
445	280   	5107.56	9609.86	156.728	100446     
446	280   	5458.1 	10643.3	156.728	129080     
447	280   	6650.62	14562.2	156.728	152128     
448	280   	5494.85	10270.4	156.728	111904     
449	280   	5724.47	11732.5	156.728	147618     
450	280   	5366.7 	11927.7	156.728	132788     
451	280   	5046.47	9287.11	156.728	100747     
452	280   	5464.54	9915.03	156.728	100747     
453	280   	5678.23	9678.08	156.728	85510.8    
454	280   	5971.78	12450.6	156.728	104874     
455	280   	6179.42	11971.7	156.728	114843     
456	280   	5480.4 	11267.1	156.728	99544.9    
457	280   	5150.13	12131  	156.728	167686     
458	280   	5097.2 	10184.2	156.728	119837     
459	280   	6038.49	11664.7	156.728	107483     
460	280   	6305.11	38347.7	130.483	885725     
461	280   	5774.73	12058.7	156.728	144160     
462	280   	6204.1 	16181.5	156.728	289104     
463	280   	5088.14	10324.8	156.728	111802     
464	280   	10428.5	129073 	127.038	3.05365e+06
465	280   	5811.81	13398  	127.038	139104     
466	280   	4820.24	9089.11	127.038	71427.2    
467	280   	4929.64	9434.32	127.038	96493.9    
468	280   	5323.27	11791.8	127.038	107873     
469	280   	5307.84	11223.8	127.038	97310.9    
470	280   	5678.2 	11491  	127.038	117802     
471	280   	6758.21	26909.6	127.038	556896     
472	280   	5305.95	10337.9	127.038	110671     
473	280   	5154.86	9529.27	127.038	93855      
474	280   	4399.57	8745.71	127.038	90440.1    
475	280   	5121.14	9108.69	127.038	82212.4    
476	280   	4420.25	8199.39	127.038	82212.4    
477	280   	3603.37	5929.91	127.038	70431.8    
478	280   	4430.96	9703.18	127.038	126865     
479	280   	4690.16	9713.48	127.038	93444.6    
480	280   	4984.13	10946.6	127.038	114899     
481	280   	4813.39	8820.36	127.038	85431.5    
482	280   	4156.94	7982.59	127.038	80422      
483	280   	5123.26	11445.9	127.038	146249     
484	280   	5221.47	11682.9	125.88 	130083     
485	280   	4679.58	9717.12	125.88 	119754     
486	280   	4543.86	9815.02	125.88 	136067     
487	280   	4092.72	7076.56	125.88 	76297.8    
488	280   	4076.41	8048.12	125.88 	113117     
489	280   	4297.99	8120.86	125.88 	93535.4    
490	280   	4157.83	7236.86	125.88 	76673.3    
491	280   	4653.9 	8359.42	125.88 	77201.4    
492	280   	4989.9 	10006.3	125.88 	104804     
493	280   	5057.51	11540.7	125.88 	129254     
494	280   	4713.82	8512.1 	125.88 	77506.6    
495	280   	4923.94	10425.2	125.88 	116860     
496	280   	4553.81	9184.42	125.88 	107609     
497	280   	4558.54	8568.14	125.88 	76405.9    
498	280   	5180.59	11663.7	125.88 	124864     
499	280   	5558   	12256.4	125.88 	132388     
500	280   	5507.76	10912.3	125.88 	81088.4    
Time elapsed: 38979 seconds.


Batch Job Summary Report (version 21.01.1) for Job "bpopt" (46976261) on daint

Job information (1/2)
-----------------------------------------------------------------------------------------------------
             Submit            Eligible               Start                 End    Elapsed Time limit
------------------- ------------------- ------------------- ------------------- ---------- ----------
2023-06-03T13:01:53 2023-06-03T13:01:54 2023-06-03T13:01:55 2023-06-03T23:52:54   10:50:59   23:59:00
-----------------------------------------------------------------------------------------------------

Job information (2/2)
-------------------------------------------------------------
    Username      Account    Partition   NNodes        Energy
------------ ------------ ------------ -------- -------------
    bp000145       ich030       normal        8  40067.008 kJ

