
gen	nevals	avg    	std    	min    	max    
1  	280   	6876.28	1599.48	4836.41	8250   
2  	280   	6879.64	1597.6 	4836.41	8250   
3  	280   	5412.33	1337.88	4798.9 	24554.8
4  	280   	5218.28	2859.82	4766.51	66965.7
5  	280   	5480.54	7624.93	4701.95	183608 
6  	280   	5051.09	786.127	4677.28	13154.2
7  	280   	5111.72	951.057	4582.37	13154.2
8  	280   	4881.1 	1308.13	4563.34	34299.8
9  	280   	4890.9 	1310.04	4416.48	30404.2
10 	280   	4809.7 	1126.76	4088.59	30404.2
11 	280   	4774.03	1939.29	866.181	49674.7
12 	280   	4838.72	2087.21	866.181	49674.7
13 	280   	4828.49	1509.11	866.181	17368.5
14 	280   	5093.14	2440.35	865.977	20236.9
15 	280   	5821.2 	3758.15	866.181	20236.9
16 	280   	6629.75	4348.11	866.181	20236.9
17 	280   	6341.17	4297.22	783.22 	22127.3
18 	280   	6281.94	4596   	708.702	56318  
19 	280   	5935.27	4008.22	708.702	19490.1
20 	280   	6191.08	4411.89	708.702	19465.6
21 	280   	6271.37	4510.21	708.702	18937.4
22 	280   	6203.84	4522.52	708.702	19130.6
23 	280   	5909.25	4195.44	528.741	19130.6
24 	280   	5921.49	4394.9 	528.741	18885.2
25 	280   	5741.92	4584.02	528.741	44226.5
26 	280   	5954.79	4694.41	528.741	44226.5
27 	280   	5776.62	4547.52	515.678	19420.6
28 	280   	5611.13	4504.01	515.678	18679.7
29 	280   	5520.21	4232.08	515.678	19169.1
30 	280   	5860.63	4567.82	515.678	18973.8
31 	280   	5779.52	4500.4 	515.678	20699.7
32 	280   	5497.59	4337.21	515.678	18871.4
33 	280   	5751.5 	4498.24	515.678	19232.9
34 	280   	6146.56	5065.25	515.678	20660.4
35 	280   	6000.24	4715.05	515.678	19072.8
36 	280   	6135.69	4808.96	515.678	19318.4
37 	280   	6228.66	8706.46	515.678	179345 
38 	280   	6145.4 	4875.59	515.678	19130.9
39 	280   	6582.14	5147.26	515.678	20084.4
40 	280   	6236.59	4804.02	515.678	19730.9
41 	280   	6541.08	4965.36	460.596	27567.1
42 	280   	6432.11	4875.67	460.596	23733.8
43 	280   	5911.51	4517.1 	460.596	20400.5
44 	280   	5427.01	4364.27	460.596	24753.6
45 	280   	5356.6 	4271.79	460.596	24753.6
46 	280   	5674.37	4427.62	460.596	24753.6
47 	280   	5358.84	4281.17	449.079	25845.2
48 	280   	5324.82	4226.97	449.079	28248.3
49 	280   	5181.04	4113.74	449.079	18755.2
50 	280   	5549.66	5301.76	449.079	71938.7
51 	280   	5744.59	5805.01	449.079	71938.7
52 	280   	5696.52	5718.89	449.079	71938.7
53 	280   	5867.51	5246.63	449.079	59053.4
54 	280   	5600.83	4442.53	449.079	19417.3
55 	280   	5809.15	4714.45	449.079	26051.8
56 	280   	5769.01	4934.58	449.079	37557.2
57 	280   	6287.9 	5410.71	449.079	37557.2
58 	280   	6361.54	5566.7 	449.079	55666.6
59 	280   	6137.95	5231.27	449.079	42594.4
60 	280   	5771.62	5275.83	449.079	68124.1
61 	280   	5575.48	5859.01	449.079	68124.1
62 	280   	6187.34	5856.33	473.157	79061  
63 	280   	5676.93	6199.02	473.157	99601.3
64 	280   	5795.37	4831.49	473.157	20904.2
65 	280   	6066.9 	5748.56	473.157	58657.4
66 	280   	5268.85	4487.93	473.157	36495.3
67 	280   	5654.98	4982.06	473.157	42172.5
68 	280   	5581.32	6942.99	473.157	118172 
69 	280   	6221.49	5594.44	473.157	59545.4
70 	280   	5499.01	6370.53	473.157	82147.6
71 	280   	5654.31	5323.04	473.157	68167.1
72 	280   	5743.15	6543.33	473.157	80649.1
73 	280   	5921.14	4924.78	473.157	36215.2
74 	280   	5521.01	5325.93	473.157	60959.6
75 	280   	5964.74	8364.06	473.157	165434 
76 	280   	5533.64	5755.04	473.157	78333.6
77 	280   	6145.73	7034.02	473.157	102732 
78 	280   	5922.14	8080.95	396.809	102732 
79 	280   	5978.97	6574.25	391.373	76017.1
80 	280   	6010.03	7148   	391.373	102918 
81 	280   	6088.64	6633.36	391.373	84327.4
82 	280   	6584.76	8505.52	391.373	121220 
83 	280   	6757.16	6679.84	391.373	56601  
84 	280   	5883.76	5815.21	391.373	53418.6
85 	280   	5638.68	5849.83	391.373	71055.3
86 	280   	6486.9 	7879.39	391.373	123817 
87 	280   	6659.12	7273.97	391.373	87375.4
88 	280   	5890.5 	7199.57	396.809	80343.2
89 	280   	6637.61	8797.98	396.809	96687.6
90 	280   	5877.51	7013.52	353.898	75069  
91 	280   	6252.2 	7442   	353.898	68770.7
92 	280   	6405.57	8136.09	353.898	70110.9
93 	280   	5776.98	7113.89	353.898	76063  
94 	280   	6039.24	7075.82	353.898	73939.9
95 	280   	6244.06	7634.78	353.898	85697.1
96 	280   	5792.94	5469.33	353.898	43391.6
97 	280   	5237.25	5767.8 	353.898	61700.8
98 	280   	5844.95	7190.1 	353.898	68894.5
99 	280   	5214.45	5390.66	353.898	44478.9
100	280   	4776.94	5208.47	353.898	52419.9
101	280   	5371.37	5370.37	353.898	43372.3
102	280   	5112.57	6170.44	353.898	62587.9
103	280   	6137.62	8562.42	353.898	93349.5
104	280   	6211.11	7511.9 	353.898	66017.4
105	280   	6081.11	10241.8	353.898	123263 
106	280   	6585.42	10194.1	353.898	129454 
107	280   	6933.55	10548.1	353.898	92336.8
108	280   	6368.27	8466.18	353.898	91602.2
109	280   	5546.88	7490.62	353.898	72884.8
110	280   	6431.37	7992.13	373.776	69818.5
111	280   	6751.98	7642.24	373.776	66774.3
112	280   	6169.11	7797.31	373.776	66774.3
113	280   	6031.52	8817.56	373.776	102772 
114	280   	5278.84	5851.78	367.278	76078.2
115	280   	5170.09	5467.71	367.278	55880.5
116	280   	5379.4 	6999.12	360.534	73996.9
117	280   	5896.99	8291.39	360.534	80306.6
118	280   	6370.12	10130.5	360.534	99644  
119	280   	6333.34	7122.39	360.534	81125.6
120	280   	6560.51	10166.7	360.534	113899 
121	280   	6212.21	8172.74	360.534	93560.5
122	280   	5060.71	5137.93	360.534	47471.9
123	280   	5758.31	8035.56	360.534	72881.3
124	280   	5467.27	10313.7	360.534	122425 
125	280   	5452.92	7604.56	277.137	107809 
126	280   	5925.3 	11276.3	277.137	107809 
127	280   	5605.75	7471.67	277.137	73062.3
128	280   	5198.36	6701.97	220.279	72937.6
129	280   	5718.53	8177.28	220.279	91466.1
130	280   	5704.72	7683.63	220.279	81099.8
131	280   	5348.94	7384.67	220.279	81099.8
132	280   	5443.02	6299.81	220.279	62550.2
133	280   	5773.21	8922.32	220.279	110747 
134	280   	6015.25	7571.7 	220.279	82193.6
135	280   	5766.08	8179.37	220.279	77089.4
136	280   	4865.81	4805.92	220.279	41239.6
137	280   	5302.32	8276.14	220.279	133452 
138	280   	5777.77	6815.65	220.279	63958.9
139	280   	5552.04	7671.39	220.279	69169.9
140	280   	5841.25	7526.83	220.279	74030.3
141	280   	6452.42	8272.73	220.279	63768.8
142	280   	5382.31	7830.48	220.279	96833.9
143	280   	6066.28	9071.94	220.279	111107 
144	280   	5966.22	9629.62	220.279	93447.9
145	280   	6346   	8533.29	220.279	64771.1
146	280   	5739.69	7982.24	220.279	74151.5
147	280   	6773.31	10259.7	220.279	92747.5
148	280   	5675.78	7004.62	220.279	81985.1
149	280   	5938.74	7952.82	220.279	79936.8
150	280   	6241.73	7460.03	220.279	74160.9
151	280   	5041.56	7485.24	220.279	122279 
152	280   	6011.58	8252.19	220.279	94606.1
153	280   	5954.35	8185.03	220.279	90565.8
154	280   	5301.3 	7400.66	220.279	71839.5
155	280   	5932.75	8757.71	220.279	78598  
156	280   	7095.21	11721  	220.279	121955 
157	280   	5551.99	7522.7 	220.279	76211.9
158	280   	5161.72	7681.38	220.279	75980.4
159	280   	5666.14	9475.65	220.279	111921 
160	280   	5556.9 	7633.38	220.279	84330.2
161	280   	6675.21	9714.26	220.279	84330.2
162	280   	5503.83	8679.23	220.279	88275.7
163	280   	5900.72	9045.3 	220.279	84330.2
164	280   	6033.13	9953.07	220.279	84330.2
165	280   	6498.57	8289.74	220.279	84330.2
166	280   	5759.53	8343.14	220.279	84330.2
167	280   	6039.17	10475  	220.279	84330.2
168	280   	6266.53	11031.4	220.279	84330.2
169	280   	7014.97	12091.5	220.279	84330.2
170	280   	6428.51	12404.5	220.279	84330.2
171	280   	6755.88	12038.9	220.279	119802 
172	280   	6181.3 	10475.6	220.279	84330.2
173	280   	6450.95	11545.4	220.279	84330.2
174	280   	5658.36	9029.72	220.279	91444.5
175	280   	6226.86	11131.5	220.279	84330.2
176	280   	6213.09	8792.25	220.279	84330.2
177	280   	5871.58	9806.38	220.279	125344 
178	280   	6630.32	9664.35	220.279	97503.5
179	280   	6684.5 	10698.5	220.279	99514.8
180	280   	6520.42	10665.8	220.279	84330.2
181	280   	6066.29	9050.42	261.717	110800 
182	280   	5218.58	7865.52	261.717	84330.2
183	280   	6692.51	9560.2 	261.717	84330.2
184	280   	5756.33	8505.77	277.137	84330.2
185	280   	5471.41	9502.56	277.137	84330.2
186	280   	7613.96	13447.3	277.137	84330.2
187	280   	7305.32	13101.6	277.137	89651.7
188	280   	6609.61	11058.1	277.137	84330.2
189	280   	7638.84	13192.4	215.577	84330.2
190	280   	6748.79	12358.2	215.577	117048 
191	280   	8438.76	15368.9	215.577	87603.7
192	280   	7066.06	11383.1	215.577	87603.7
193	280   	8271.28	14455.7	215.577	87603.7
194	280   	6929.81	9428.99	215.577	84330.2
195	280   	5735.26	6403.08	215.577	59706.9
196	280   	4848.27	5941.63	215.577	49301.9
197	280   	5661.5 	6910.92	215.577	71932  
198	280   	5764.52	6319.13	215.577	76184.8
199	280   	6042.26	7839.07	215.577	66879.3
200	280   	5801.43	8725.02	215.577	118948 
201	280   	5967.72	8734.28	215.577	84210.3
202	280   	5847.77	8351.12	215.577	89238  
203	280   	5990.31	8492.67	215.577	89238  
204	280   	5960.17	8227.97	215.577	105706 
205	280   	5508.63	7468.09	215.577	96807  
206	280   	6222.33	8353.51	215.577	73027  
207	280   	5322.91	6755.22	215.577	54667  
208	280   	5764.26	6991.68	215.577	72039.9
209	280   	5068.95	6476.65	215.577	62839.6
210	280   	5452.2 	6025.05	215.577	63720.2
211	280   	5153.85	6932.41	215.577	84440.4
212	280   	5314.87	6578.87	215.577	68911  
213	280   	5418.51	7651.64	215.577	83217.7
214	280   	5107.15	7410.95	206.097	92453.1
215	280   	5495.3 	7869.63	206.097	92453.1
216	280   	4937.28	5889.09	206.097	64812.8
217	280   	5990.53	8915.48	206.097	78223.1
218	280   	5045.64	6021.32	206.097	63781.2
219	280   	5395.74	6790.75	206.097	63781.2
220	280   	5511.4 	7074.81	206.097	79204.8
221	280   	6023.03	7296.14	206.097	60807.7
222	280   	5159.01	7563.58	206.097	74905.4
223	280   	5640.23	8186.28	206.097	84275.2
224	280   	5647.65	7416.08	206.097	64763.2
225	280   	5034.76	6166.44	206.097	55469.4
226	280   	5557.48	7406.47	206.097	91222  
227	280   	5077.57	7457.57	206.097	80103.9
228	280   	5484.49	8396.86	206.097	99514.8
229	280   	6086.18	9929.57	206.097	105633 
230	280   	6113.25	8444.57	206.097	100538 
231	280   	5581.77	7520.51	206.097	81082.5
232	280   	5887.36	7550.31	206.097	67968.2
233	280   	5021.89	6574.89	206.097	51486.6
234	280   	5524.4 	8354.68	206.097	99245.2
235	280   	6537.12	10774.8	206.097	114965 
236	280   	5797.41	11519.9	206.097	114965 
237	280   	6179.58	7908.48	206.097	81150.1
238	280   	5628.68	7609.49	206.097	63956.2
239	280   	5960.79	8495.45	206.097	69035.5
240	280   	6773.49	11501.5	206.097	141579 
241	280   	6312.95	9899.82	206.097	107722 
242	280   	5862.06	9371.83	204.63 	103603 
243	280   	7331.5 	12666  	206.097	171664 
244	280   	7557.37	11986.7	206.097	132317 
245	280   	6140.78	9431.84	206.097	90275.8
246	280   	5147.15	6987.99	206.097	84259.8
247	280   	6980.7 	9724.53	206.097	95437.3
248	280   	6116.49	8598.74	206.097	73214.3
249	280   	6628.65	9512.55	206.097	76001.6
250	280   	6153.54	9710.76	206.097	91431.5
251	280   	7197.88	10699.5	206.097	122060 
252	280   	6144.14	7931.15	206.097	82255.6
253	280   	5658.13	7919.88	206.097	82255.6
254	280   	6175.53	9589.33	206.097	104723 
255	280   	6541.96	8365.62	206.097	104492 
256	280   	6217.91	10250.4	206.097	102562 
257	280   	6663.45	10721.7	206.097	94660.9
258	280   	6527.83	10989.6	206.097	96326.3
259	280   	6094.64	9257.22	168.236	71982.2
260	280   	4919.84	6840.62	168.236	59820.1
261	280   	5129.04	7043.09	168.236	64947  
262	280   	5389.9 	7083.43	168.236	69219.3
263	280   	5077.57	6820.63	168.236	69999.7
264	280   	5657.26	7495.74	168.236	83072.4
265	280   	5324.86	9358.75	168.236	96484.9
266	280   	5756.2 	9719.33	168.236	108060 
267	280   	5851.33	9156.9 	168.236	95253.9
268	280   	5556.07	19321.1	168.236	418834 
269	280   	5445.89	8322.66	168.236	80236.5
270	280   	5398.09	7139.25	168.236	69951.1
271	280   	5998.34	9067.97	168.236	69951.1
272	280   	5066.52	7898.23	168.236	94366.4
273	280   	5527.01	7082.25	168.236	58452.8
274	280   	5669.45	8598.2 	168.236	95557.8
275	280   	4836.93	6308.27	168.236	58452.8
276	280   	4274.18	6436.97	168.236	58452.8
277	280   	4166.2 	6690.69	168.236	63987.6
278	280   	4228.52	5809.55	168.236	86288  
279	280   	4658.97	7340.39	168.236	67796.6
280	280   	4661.54	7167.6 	168.236	92408.5
281	280   	4840.82	7035   	168.236	84327.3
282	280   	4819.04	7280.2 	168.236	80135.3
283	280   	4558.58	5526.61	168.236	63771.6
284	280   	4637.71	6153.58	121.665	58668.4
285	280   	4362.1 	5716.11	121.665	61843.3
286	280   	4856.26	7344.9 	121.665	84161.7
287	280   	4961.48	9479.6 	121.665	153841 
288	280   	5264.07	8341.01	121.665	90500.9
289	280   	4069.38	6671.3 	121.665	100560 
290	280   	4425.89	7438.87	121.665	102998 
291	280   	4101.12	5892.67	121.665	60789.3
292	280   	5048.72	8188.85	121.665	105794 
293	280   	3931.48	5115.48	121.665	59736  
294	280   	4288.74	6439.8 	121.665	72999.6
295	280   	4311.03	4965.15	121.665	39241  
296	280   	4119.05	6894.94	121.665	82918.7
297	280   	3989.05	5946.4 	121.665	64850.1
298	280   	3816.88	4874.5 	121.665	40343.9
299	280   	4126.16	6333.71	121.665	73037.8
300	280   	4323.93	6868.66	121.665	69064.1
301	280   	4112.13	5835.94	121.665	58597.9
302	280   	4686.22	7609.89	121.665	94472  
303	280   	3989.64	6265.31	121.665	67690.6
304	280   	3972.03	7152.41	121.665	92449.4
305	280   	3601.79	5537.22	121.665	76894.9
306	280   	3612.34	4598.23	108.519	41189.4
307	280   	3576.68	5035.25	121.665	64663.5
308	280   	3820.86	5096.91	121.665	62876.1
309	280   	4108.48	5620.78	121.665	63883.2
310	280   	4100.68	5887.9 	121.665	70891.9
311	280   	4642.27	6199.08	108.219	53775.4
312	280   	5054.3 	17529.9	108.219	374603 
313	280   	4045.69	6278.29	121.665	78026.2
314	280   	4456.35	5366.77	121.665	56648.1
315	280   	3836.66	6311.5 	121.665	93463.3
316	280   	4450.57	6732.59	121.665	93463.3
317	280   	4813.32	7600.1 	121.665	93463.3
318	280   	4775.65	8939.84	121.665	93463.3
319	280   	3997.71	6638.1 	121.665	75134.8
320	280   	4172.2 	6097.41	121.665	63128.8
321	280   	4542.67	6220.18	109.602	58860.7
322	280   	4586.7 	8130.41	109.602	92491.9
323	280   	4520.18	6183.84	121.665	50615.7
324	280   	3718.59	5890.95	121.665	63736.1
325	280   	3772.19	5811.06	121.665	86222.8
326	280   	3831.82	5363.45	121.665	50630.1
327	280   	3734.26	5593.51	121.665	73219.3
328	280   	3858.09	5930.04	121.665	73219.3
329	280   	4300.34	5710.21	121.665	73219.3
330	280   	4571.29	9247.82	121.665	130136 
331	280   	4742.44	7703.77	121.665	93431.8
332	280   	3899.52	4737.23	121.665	45474  
333	280   	3821.85	7618.93	121.665	94307.3
334	280   	4498.24	9348.34	121.665	94307.3
335	280   	4267.86	8133.9 	121.665	94307.3
336	280   	3831.68	7401.57	121.665	94581.7
337	280   	4197.12	6799.13	121.665	72869.8
338	280   	4103.23	7134.11	121.665	96342.6
339	280   	3652.36	5462.28	118.296	55672.1
340	280   	4017.81	7298.92	118.296	66048.2
341	280   	3615.51	6110.02	118.296	96444.6
342	280   	3988.22	6876.05	118.296	86415.1
343	280   	3606.46	6846.62	118.296	100874 
344	280   	3526.2 	5431.64	118.296	75452.2
345	280   	3703.17	7021.05	118.296	95595.7
346	280   	3527.64	6078.57	118.296	101704 
347	280   	3542.24	7320.57	118.296	101704 
348	280   	4148.26	8307.19	118.296	101704 
349	280   	4032.2 	6767.08	118.296	72090.7
350	280   	4134.71	6054.34	118.296	63833.8
351	280   	4632.53	9556.36	118.296	108694 
352	280   	3804.32	5441.06	118.296	55422.8
353	280   	4003.54	5970.14	118.296	71856.9
354	280   	3350.24	4332.29	118.296	37235  
355	280   	3402.58	3959.73	118.296	37350.3
356	280   	3187.22	4380.65	118.296	51692.5
357	280   	3772.32	6436.88	118.296	62813  
358	280   	3517.6 	6537.44	118.296	81330.5
359	280   	3931.57	6802.56	118.296	81330.5
360	280   	3585.17	4847.83	118.296	56484.8
361	280   	4065.85	14173.5	118.296	312550 
362	280   	3802.27	4956.19	118.296	48462.3
363	280   	3557.35	6117.27	118.296	89432.3
364	280   	4363.34	8655.36	118.296	92299.4
365	280   	4186.88	8611.42	118.296	128586 
366	280   	4025.89	7716.33	118.296	116991 
367	280   	3369.73	6063.09	118.296	81160.7
368	280   	3514.94	5733.23	118.296	62765.6
369	280   	3522.23	5681.55	118.296	59762.3
370	280   	3368.15	5915.93	118.296	87197.7
371	280   	3321.95	4180.51	118.296	41311.5
372	280   	3292.12	5002.64	118.296	62791.5
373	280   	3716.91	6246.61	118.296	72096.4
374	280   	3326.55	5514.68	118.296	98728.3
375	280   	4418.38	7542.06	97.4823	98728.3
376	280   	4086.3 	6281.86	97.4823	78064.8
377	280   	3877.38	6698.15	118.296	89593.7
378	280   	3939.29	7103.56	118.296	91263.6
379	280   	3467.52	4950.45	118.296	54775.3
380	280   	3267.76	5109.39	118.296	63770.7
381	280   	3170.26	4465.01	118.296	53480.9
382	280   	3390.07	5704.24	107.583	59465.1
383	280   	4420.05	8179.24	107.583	71204.1
384	280   	4336.3 	7812.1 	107.583	82100.8
385	280   	3171.59	4321.88	107.583	40419.9
386	280   	3183.65	4193.75	107.583	40419.9
387	280   	3006.29	3976.45	107.583	46608.5
388	280   	3138.75	3953.06	107.583	32129.4
389	280   	3088.53	3868.28	107.583	32111.7
390	280   	2933.35	3718   	107.583	39432.7
391	280   	3539.05	6635.4 	107.583	65957.5
392	280   	3471.53	7231.92	107.583	119295 
393	280   	3668.4 	6214.27	107.583	72976.3
394	280   	3745.21	5565.05	107.583	68911.9
395	280   	3872.42	5446.39	107.583	56776.9
396	280   	4309   	5844.71	107.583	47275.5
397	280   	4587.89	7514.08	107.583	92497.3
398	280   	3705.86	6183.4 	107.583	69955.2
399	280   	3411.38	5537.75	107.583	69936.5
400	280   	3256.76	4948.62	107.583	54464.3
401	280   	3349.96	5479.29	107.583	74951  
402	280   	3207.96	5154.61	107.583	78991.7
403	280   	3166.83	6501.04	107.583	99658.1
404	280   	3279.78	5726.63	107.583	81233.5
405	280   	3486.85	6109.64	107.583	69001.1
406	280   	3566.43	6449.69	107.583	84244.1
407	280   	3357.76	5912.25	107.583	84244.1
408	280   	3475.74	6424.53	107.583	82041.9
409	280   	3624.71	6328.51	107.583	58487.9
410	280   	3832.49	7457.74	107.583	90482.4
411	280   	4399.45	9721.06	107.583	91412.8
412	280   	4079.17	8552.12	107.583	55722.8
413	280   	4194.81	8541.26	107.583	63762.6
414	280   	5828.66	11879.6	107.583	106812 
415	280   	4718.67	9320.32	107.583	61636.7
416	280   	5866.44	11839.7	107.583	65826.4
417	280   	4032.81	7549.59	107.583	112011 
418	280   	5376.03	10866.6	107.583	111714 
419	280   	4287.92	8506.8 	107.583	58931.6
420	280   	5060.17	10582.1	107.583	109550 
421	280   	5624.25	9911.7 	107.583	65755.3
422	280   	5591.39	10136  	107.583	101692 
423	280   	5386.87	10165.8	107.583	72987.9
424	280   	4575.74	8425.32	107.583	74990.9
425	280   	4756.33	8784.82	107.583	57633.8
426	280   	5471.44	12363  	107.583	127192 
427	280   	3825.39	5890.67	107.583	55722.8
428	280   	4148.44	8033.24	107.583	74975.1
429	280   	4871.79	8457.41	107.583	111623 
430	280   	5065.72	8394.58	107.583	66640  
431	280   	4331.65	6599.95	107.583	69966.5
432	280   	4855.42	8217.79	107.583	94540.7
433	280   	4285.14	7292.39	107.583	87632.5
434	280   	3784.9 	5421.96	107.583	71793.4
435	280   	3581.62	6713.54	107.583	90411.1
436	280   	4510.11	7661.25	107.583	90458.2
437	280   	4525.5 	6137.27	107.583	58610.9
438	280   	4143.56	5549.11	107.583	46520.7
439	280   	3962.25	6597.23	107.583	66818.4
440	280   	3898.35	7249.55	107.583	97409.6
441	280   	3905.04	7100.15	107.583	67812.6
442	280   	3479.35	4534.8 	107.583	32971.6
443	280   	4080.26	5955.72	107.583	99639.3
444	280   	4147.12	6294.9 	107.583	67980.1
445	280   	4524.77	8138.02	107.583	98572  
446	280   	4243.41	7443.85	107.583	98572  
447	280   	4097.83	8535.93	102.713	108969 
448	280   	4866.23	9556.86	107.583	92423.7
449	280   	5144.96	10252.9	107.583	92423.7
450	280   	4681.45	9655.88	107.583	113039 
451	280   	3961.41	7079.93	107.583	70999.4
452	280   	3712.9 	5575.04	107.583	60669.9
453	280   	3731.63	7005.24	107.583	94523.4
454	280   	3399.77	5000.77	107.583	49470.3
455	280   	3732.38	6571.34	107.583	100170 
456	280   	3673.08	6189.46	107.583	70842.6
457	280   	3985.84	6546.36	107.583	64880.9
458	280   	3916.19	6159.84	107.583	77130  
459	280   	4133.02	8227.66	107.583	85079.8
460	280   	3592.66	6651.84	107.583	92257.6
461	280   	4258.38	5570.48	107.583	75079.5
462	280   	5061.1 	9075.91	107.583	154439 
463	280   	4698.31	7685.13	107.583	81129.9
464	280   	4715.18	9703.58	107.583	133452 
465	280   	3633.25	8088.61	107.583	137111 
466	280   	3708.15	6952.6 	107.583	74278.6
467	280   	3674.84	8232.92	107.583	97390.4
468	280   	3843.42	8497.76	107.583	132018 
469	280   	3829.17	9162.62	107.583	132018 
470	280   	3657.35	7180.63	107.583	94424.6
471	280   	4664.44	9671.07	107.583	127556 
472	280   	4523.35	8929.19	107.583	108777 
473	280   	4661.29	8015.97	107.583	87268  
474	280   	3660.05	5940.83	107.583	67775.8
475	280   	3819.47	6960.84	107.583	84586.2
476	280   	4410.28	6991.48	107.583	92452.1
477	280   	4606.42	7389.41	107.583	61793.3
478	280   	4450.79	7142.18	107.583	68970.7
479	280   	4871.64	6913.13	107.583	50609.5
480	280   	4653.21	7217.88	107.583	58836.8
481	280   	4965.38	8663.95	107.583	112866 
482	280   	4565.23	7241.16	107.583	83122.5
483	280   	4456.98	6491.25	107.583	57198.1
484	280   	4052.16	7243.62	107.583	84409.7
485	280   	4488.56	7084.07	107.583	74302.8
486	280   	5813.92	9065.99	107.583	103569 
487	280   	4495   	7147.84	107.583	72867.2
488	280   	4757.98	7075.49	107.583	78931.5
489	280   	4768.18	8173.51	107.583	103533 
490	280   	4784.81	8285.85	107.583	82117.5
491	280   	4663   	8249.14	107.583	90393.4
492	280   	4856.44	7953.57	107.583	81138.9
493	280   	5171.81	8775.72	107.583	81138.9
494	280   	3912.8 	6758.43	107.583	81346.3
495	280   	4628.74	8305.56	107.583	89278.1
496	280   	5621.18	10222.1	91.267 	96476.2
497	280   	5208.97	9681.75	107.583	74915.1
498	280   	3887.5 	5356.44	107.583	57636.8
499	280   	5128.21	10668.5	107.583	168550 
500	280   	4567.83	7930.91	107.583	68908  
Time elapsed: 41120 seconds.


Batch Job Summary Report (version 21.01.1) for Job "bpopt" (46886647) on daint

Job information (1/2)
-----------------------------------------------------------------------------------------------------
             Submit            Eligible               Start                 End    Elapsed Time limit
------------------- ------------------- ------------------- ------------------- ---------- ----------
2023-05-29T10:03:12 2023-05-29T10:03:12 2023-05-29T10:03:17 2023-05-29T21:30:59   11:27:42   23:59:00
-----------------------------------------------------------------------------------------------------

Job information (2/2)
-------------------------------------------------------------
    Username      Account    Partition   NNodes        Energy
------------ ------------ ------------ -------- -------------
    bp000145       ich030       normal        2  41368.527 kJ

