
gen	nevals	avg    	std    	min    	max    
1  	140   	384.026	364.368	44.9067	3004.71
2  	140   	374.13 	335.581	44.9067	3004.71
3  	140   	211.7  	361.104	44.9067	5740.34
4  	140   	162.808	204.208	44.9067	2746.21
5  	140   	164.68 	368.467	43.7009	5827.27
6  	140   	166.081	334.844	44.7126	4570.09
7  	140   	139.54 	154.647	31.1616	1781.13
8  	140   	156.866	186.206	32.0562	1781.13
9  	140   	154.53 	215.735	32.5992	2443.95
10 	140   	143.483	152.294	28.1931	1155.57
11 	140   	201.255	393.362	28.1931	3892.08
12 	140   	525.652	5892.51	23.401 	98789.2
13 	140   	152.053	204.746	22.8156	2387.74
14 	140   	153.201	199.75 	22.8156	2387.74
15 	140   	125.558	155.055	22.8156	1726.75
16 	140   	242.842	2159.59	22.8156	36248.5
17 	140   	163.943	385.707	20.7421	5263.18
18 	140   	156.951	180.871	22.8156	1443.11
19 	140   	117.845	164.324	22.8156	1911.56
20 	140   	141.406	227.605	22.8156	2556.82
21 	140   	146.475	259.589	22.8156	2556.82
22 	140   	159.32 	223.021	22.8156	2816.01
23 	140   	176.267	468.889	23.0412	5326.01
24 	140   	195.333	495.76 	23.0412	4502.55
25 	140   	167.507	413.818	22.8998	4559.19
26 	140   	226.947	479.45 	23.0412	4647.8 
27 	140   	215.897	525.843	23.0412	4397.94
28 	140   	190.827	542.731	23.0412	6594.61
29 	140   	195.924	421.731	23.0412	4262.71
30 	140   	186.454	371.279	24.4079	4287.72
31 	140   	191.021	448.166	24.4079	4389.18
32 	140   	165.569	342.383	20.6486	4313.56
33 	140   	201.95 	451.46 	24.4079	4736.98
34 	140   	263.36 	1003.83	24.7974	14598  
35 	140   	451.066	1086.14	24.2326	7970.91
36 	140   	416.645	1121.69	23.4447	9709.56
37 	140   	402.131	2905.17	21.4224	47520  
38 	140   	232.869	619.64 	22.1031	7179.07
39 	140   	178.172	357.226	25.0421	4666.13
40 	140   	349.39 	2921.11	24.4471	48430.4
41 	140   	192.536	518.802	25.0421	4707.72
42 	140   	124.59 	227.588	23.492 	2568.95
43 	140   	276.434	729.754	20.0413	4510.37
44 	140   	187.844	538.475	20.0413	4500.15
45 	140   	165.162	458.357	19.1961	4481.24
46 	140   	147.571	404.377	21.21  	4407.6 
47 	140   	344.127	1838.86	21.21  	28988.8
48 	140   	244.62 	675.515	21.21  	4386.77
49 	140   	114.705	195.643	22.435 	2340.57
50 	140   	122.004	323.879	22.435 	4338.86
51 	140   	138.232	365.372	21.7709	3944.24
52 	140   	168.939	382.669	21.3808	4569.75
53 	140   	194.718	515.382	21.7709	5102.69
54 	140   	124.429	241.028	21.7709	3218.76
55 	140   	97.9409	86.4286	21.7709	538.185
56 	140   	115.663	263.555	21.7709	3060.91
57 	140   	119.651	237.823	21.7709	2368.96
58 	140   	111.501	175.721	21.7709	1887.95
59 	140   	137.853	319.464	21.3966	2699.77
60 	140   	159.495	342.285	21.3966	2699.77
61 	140   	122.557	213.429	21.7274	2721.09
62 	140   	135.274	377.583	21.7709	6093.3 
63 	140   	115.092	159.593	21.7709	2051.56
64 	140   	89.6783	118.697	19.3698	1249.66
65 	140   	81.6863	82.0521	19.3698	513.462
66 	140   	85.6581	87.3466	19.3698	617.469
67 	140   	138.561	483.249	19.3698	6049.2 
68 	140   	102.624	274.405	19.3698	4461.36
69 	140   	91.5196	112.749	19.3698	1013.14
70 	140   	106.544	171.826	19.3698	1996.59
71 	140   	129.449	585.148	18.5437	9246.28
72 	140   	80.6424	77.9316	18.5437	567.298
73 	140   	77.3222	98.25  	17.9352	1111.84
74 	140   	83.0685	133.632	17.9352	1957.3 
75 	140   	1756.07	24280.7	17.9352	401385 
76 	140   	86.0329	150.273	17.9352	1968.11
77 	140   	93.709 	133.782	17.9352	1278.7 
78 	140   	73.8962	82.5753	17.9352	850.523
79 	140   	75.1306	79.9998	17.9352	610.823
80 	140   	103.113	185.501	17.9352	2057.13
81 	140   	105.245	211.772	17.9352	2906.47
82 	140   	86.0127	181.695	17.9352	2697.07
83 	140   	75.9992	92.3319	17.9352	840.166
84 	140   	70.5676	103.362	17.9352	1051.86
85 	140   	72.7936	71.1404	17.9352	503.666
86 	140   	73.8947	85.9143	18.5663	650.118
87 	140   	82.7283	88.3498	18.2918	550.842
88 	140   	76.6788	119.798	18.5663	1551.43
89 	140   	88.9779	126.121	18.5663	1711.81
90 	140   	108.336	297.641	18.5663	4490.54
91 	140   	81.5839	99.2294	18.5663	1166.98
92 	140   	77.3959	86.9304	19.054 	621.461
93 	140   	75.1139	107.966	19.054 	1458.42
94 	140   	85.7325	105.455	19.054 	1050.94
95 	140   	87.711 	208.601	19.054 	3168.1 
96 	140   	81.5367	95.2654	19.054 	907.302
97 	140   	110.471	111.854	20.1493	1119.87
98 	140   	86.5955	77.647 	20.1493	592.32 
99 	140   	91.7333	110.254	19.0906	1015.33
100	140   	83.092 	90.6714	19.0906	659.054
Time elapsed: 760 seconds.


Batch Job Summary Report (version 21.01.1) for Job "bpopt" (46171715) on daint

Job information (1/2)
-----------------------------------------------------------------------------------------------------
             Submit            Eligible               Start                 End    Elapsed Time limit
------------------- ------------------- ------------------- ------------------- ---------- ----------
2023-04-21T07:55:02 2023-04-21T07:55:02 2023-04-21T07:55:12 2023-04-21T08:09:09   00:13:57   00:59:00
-----------------------------------------------------------------------------------------------------

Job information (2/2)
-------------------------------------------------------------
    Username      Account    Partition   NNodes        Energy
------------ ------------ ------------ -------- -------------
    bp000145       ich030       normal        4    563.079 kJ

