
gen	nevals	avg    	std    	min    	max        
1  	510   	6162.84	53.7852	6034.83	6354.2     
2  	510   	6162.83	53.2923	6034.83	6354.2     
3  	510   	6122.2 	32.4947	6020.26	6294.11    
4  	510   	6102.82	29.2553	6030.64	6294.11    
5  	510   	6098.42	325.864	6019.55	16382.5    
6  	510   	6072.31	46.3505	6019.55	6922.47    
7  	510   	6057.76	54.2677	6016.62	7280.52    
8  	510   	6045.75	125.09 	4836.19	9761.68    
9  	510   	6064.98	1046.87	3387.03	39233.1    
10 	510   	6022.41	203.054	3387.03	7390.13    
11 	510   	5983.32	340.378	3387.03	6332.42    
12 	510   	5880.23	583.482	3387   	6371.89    
13 	510   	5693.74	821.395	3383.59	6212.47    
14 	510   	5373   	1051.69	3333.98	6284.05    
15 	510   	4918.94	1298.94	3323.76	22699.2    
16 	510   	4526.19	1264.97	3324.05	22699.2    
17 	510   	4651.29	2930.8 	3292.5 	90546.4    
18 	510   	4830.02	9032.64	3204.74	264853     
19 	510   	4623.01	1199.65	3204.74	8061.25    
20 	510   	4500.54	1153.17	3204.74	7768.66    
21 	510   	4400.62	1183.63	3204.74	10159.3    
22 	510   	4343.93	1182.4 	3210.58	6749.95    
23 	510   	4490.04	2454.94	3210.24	49331.3    
24 	510   	4525.82	2736.61	3184.62	49331.3    
25 	510   	4609.71	1274.65	3184.62	6934.16    
26 	510   	4386.37	1252.59	3184.62	9139.9     
27 	510   	4303.31	1239.57	3184.32	7634.21    
28 	510   	4552.48	3776   	3184.32	117955     
29 	510   	4601.41	3776.67	3151.11	117955     
30 	510   	4417.68	3771.84	3124.17	117955     
31 	510   	4440.87	1279.95	3124.17	7290.21    
32 	510   	4431.21	1255.16	3124.17	7697.51    
33 	510   	4326.9 	1228.24	3124.17	6268.38    
34 	510   	4230.71	1180.45	3124.17	6533.8     
35 	510   	4220.23	1242.37	3121.16	6453.83    
36 	510   	4343.25	3274.56	3110.58	98595.1    
37 	510   	4637.94	4389.79	3110.58	98595.1    
38 	510   	4925.3 	7370.36	3110.58	140427     
39 	510   	4496.25	4354.44	3117.29	98595.1    
40 	510   	4513.97	4465.12	3117.29	98595.1    
41 	510   	4415.11	1888.09	3117.29	41226.7    
42 	510   	4229.65	1191.71	3117.29	7155.89    
43 	510   	4204.17	1276.47	3096.33	13632      
44 	510   	4310.52	2164.43	3092.86	57526.9    
45 	510   	4577.2 	1867.04	3092.86	46380.7    
46 	510   	4425.81	2298.66	3092.86	46380.7    
47 	510   	4539.55	3849.52	3092.86	117976     
48 	510   	4375.95	1754.69	3087.08	41713.5    
49 	510   	4498.46	1310.94	3087.08	6384.55    
50 	510   	4381.17	1278.54	3087.08	6688.22    
51 	510   	4265.25	1288.52	3087.08	7540.14    
52 	510   	4359   	2232.26	3087.08	62167.6    
53 	510   	4369.08	1306.1 	3087.08	6310.25    
54 	510   	4244.25	1310.59	3086.81	9097.56    
55 	510   	4386.99	1335.4 	3080.13	7530.63    
56 	510   	4359   	1320.1 	3080.13	6214.88    
57 	510   	4336.75	1782.93	3079.07	43311.2    
58 	510   	4487.42	1316.7 	3092.48	7540.65    
59 	510   	4342.72	1488.36	3092.48	27376.9    
60 	510   	4429.65	1881.25	3092.48	41078      
61 	510   	4302.34	1314.44	3092.48	10778.3    
62 	510   	4358.49	1302.9 	3092.48	7523.93    
63 	510   	4324.13	3925.9 	3076.43	122493     
64 	510   	4196.82	1327.26	3076.43	7532.46    
65 	510   	4454.22	1376.89	3076.43	8569.89    
66 	510   	4468.24	1452.82	3061.29	19893.8    
67 	510   	4519.19	5666.23	3061.29	180130     
68 	510   	4333.57	1356.98	3061.29	6435.46    
69 	510   	4361.67	1339.81	3061.29	6636.97    
70 	510   	4398.81	1366.9 	3061.29	7243.03    
71 	510   	4295.63	1319.48	3064.91	6470.98    
72 	510   	4389.71	3324   	3064.91	99461.6    
73 	510   	4393.43	1316.09	3065.38	6442.42    
74 	510   	4326.63	1293.77	3065.38	6556.06    
75 	510   	4243.07	2450.69	3076.43	70755.3    
76 	510   	4425.16	1362.98	3076.43	6557.91    
77 	510   	4354.47	1771.89	3062.23	41260.5    
78 	510   	4437.13	1353.35	3062.23	6690.62    
79 	510   	4276.51	1333.88	3062.23	6426.89    
80 	510   	4299.75	1317.58	3062.23	6882.88    
81 	510   	4290.6 	1301.38	3062.23	6616.12    
82 	510   	4313.07	1722.81	3062.23	39652.7    
83 	510   	4243.82	1700.27	3062.23	39652.7    
84 	510   	4271.27	1286.18	3062.23	7982.66    
85 	510   	4210.73	1261.54	3062.23	8790.31    
86 	510   	4170.96	1306.39	3062.23	14406.4    
87 	510   	4311.77	2209.69	3060.57	60550.6    
88 	510   	4257.75	1338.52	3060.57	10115.5    
89 	510   	4273.55	1323.78	3060.57	6317.16    
90 	510   	4238.9 	1401.66	3060.57	18700.4    
91 	510   	4332.63	1478.44	3062.23	25138.5    
92 	510   	4214.18	1286.57	3062.23	6719.63    
93 	510   	4238.58	1521.44	3062.23	28116      
94 	510   	4253.09	1921.79	3062.23	40628.2    
95 	510   	4437.59	1425.78	3062.23	12812.9    
96 	510   	4222.87	1385.17	3058.9 	12812.9    
97 	510   	4243.94	1344.27	3058.9 	6223.89    
98 	510   	4532.28	2189.82	3058.9 	59392.6    
99 	510   	4323.7 	1731.07	3058.9 	40091.2    
100	510   	4537.57	3920.26	3058.9 	120736     
101	510   	4401.22	1599.24	3053   	32222      
102	510   	4317.84	1741.17	3053   	40425.5    
103	510   	4361.44	1291.05	3053   	8827.3     
104	510   	4487.23	4941.03	3053   	155249     
105	510   	4502.49	1728.57	3053   	33526.1    
106	510   	4572.17	4146.85	3053   	118805     
107	510   	4564.05	4292.36	3062.23	106650     
108	510   	4485.52	3286.55	3062.23	101232     
109	510   	4279.15	1330.81	3062.23	11826      
110	510   	4417.19	2391.14	3062.23	63104.2    
111	510   	4504.34	3703.28	3062.23	109131     
112	510   	4377.32	2379.21	3062.23	55078.7    
113	510   	4376.07	1307.47	3062.23	8848.43    
114	510   	4423.54	2518.2 	3062.23	62530.4    
115	510   	4300.36	1357.22	3062.23	18213.6    
116	510   	4569.21	4575.63	3062.23	142719     
117	510   	4543.96	3035.38	3061.74	72846.1    
118	510   	4626.72	1380.49	3061.74	14329.3    
119	510   	4604.87	5556.41	3061.74	169791     
120	510   	4436.49	1430.2 	3061.74	21518.4    
121	510   	4352.58	1355.14	3061.74	15576.4    
122	510   	4580.58	7370.18	3051.81	234901     
123	510   	4400.96	1579.5 	3051.81	32989.7    
124	510   	4573.63	3109.86	3051.81	94430      
125	510   	4692.92	5110.97	3051.81	94430      
126	510   	4563.65	2499.54	3051.81	56938.8    
127	510   	4807.39	9007.21	3102.03	279362     
128	510   	4505.32	2246.09	3102.03	60619.6    
129	510   	4598.82	5434.33	3112.7 	165222     
130	510   	4679.14	3909.41	3117.01	119871     
131	510   	4608   	3939.7 	3103.57	119871     
132	510   	4414.3 	1310.89	3103.57	12774.1    
133	510   	4445.01	2194.22	3117.01	58089.7    
134	510   	4420.88	1296.45	3097.42	7657.89    
135	510   	4490.05	3156.62	3097.42	85793.8    
136	510   	4439.03	5053.16	3097.42	157477     
137	510   	4413.01	2220.84	3110.18	51758.9    
138	510   	4611.52	3122.15	3117.01	87444.5    
139	510   	4546.46	4796.25	3105.86	151083     
140	510   	4575.31	1532.48	3120.57	28686.8    
141	510   	4663.25	4183.25	3120.57	98707      
142	510   	4602.13	3326.36	3130.9 	99554      
143	510   	4593.86	2211.4 	3093.12	49609      
144	510   	4523.31	1478.21	3093.12	22047.4    
145	510   	4688.35	4507.92	3093.12	90954.2    
146	510   	4536.03	2952.05	3134.73	79604.1    
147	510   	4760.6 	4957.99	3134.73	108201     
148	510   	4632.47	3991.8 	3103.39	83538.5    
149	510   	4510.94	3258.91	3129.78	97542.2    
150	510   	4763.18	5238.74	3143.93	165991     
151	510   	4506.58	1381.22	3154.8 	18088.2    
152	510   	4678.66	4817.96	3145.45	151388     
153	510   	4491.94	1768.25	3128.54	43150.7    
154	510   	4405.26	1273.67	3129.35	11673.3    
155	510   	4472.95	1545.94	3129.35	30722      
156	510   	4484.14	1311.92	3113.37	11673.3    
157	510   	4757.31	6421.15	3083.85	162302     
158	510   	4493.28	1278.2 	3113.37	13792.6    
159	510   	4588.87	2429.22	3116.6 	59840.7    
160	510   	4497.63	1285.09	3111.91	10338.3    
161	510   	4505.09	1316.58	3084.64	14504.8    
162	510   	4605.9 	4934.03	3084.64	156755     
163	510   	4448.49	1274.49	3084.64	8011.97    
164	510   	4547.1 	2503.5 	3084.64	73338.4    
165	510   	4582.43	2518.35	3137.12	73338.4    
166	510   	4437.86	1284.97	3137.12	6385.15    
167	510   	4458.57	1364.65	3131.15	19213      
168	510   	4672.09	1825.91	3143.05	40006.8    
169	510   	4406.95	1308.86	3090.52	9414.92    
170	510   	4455.38	1290.61	3090.52	6250.86    
171	510   	4426.55	1350.36	3090.52	17470      
172	510   	4462.28	1305.78	3110.26	7101.53    
173	510   	4507.86	2295.01	3110.26	60446.7    
174	510   	4444.79	2247.56	3090.74	63161.6    
175	510   	4562.36	4901.25	3090.74	136338     
176	510   	4507.83	2415.38	3090.74	65497.5    
177	510   	4448.44	1407.67	3090.74	23203.8    
178	510   	4525.54	3579.83	3090.74	93627.4    
179	510   	4465.91	1298.38	3091.71	7124.4     
180	510   	4552.57	4524.16	3091.18	142718     
181	510   	4720.76	5981.02	3091.18	173535     
182	510   	4406.5 	1817.74	3091.18	45588.6    
183	510   	4443.14	1278.28	3091.18	6749.42    
184	510   	4422.09	1374.09	3084.65	17533.7    
185	510   	4681.6 	4722.48	3084.65	147932     
186	510   	4444.65	1312.53	3091.71	11140      
187	510   	4775.22	8091.6 	3091.71	259854     
188	510   	4487.18	1509.68	3091.71	29889.1    
189	510   	4529.13	1942.85	3083.34	43875.9    
190	510   	4538.38	1701.3 	3083.34	29889.1    
191	510   	4444.36	1285.17	3091.71	11448.4    
192	510   	4429.87	1295.7 	3091.71	6257.42    
193	510   	4461.82	1449.33	3091.71	26089.2    
194	510   	4466.51	1289.66	3091.71	6224.84    
195	510   	4375.59	1282.95	3081.35	7286.01    
196	510   	4364.7 	1305.28	3081.35	7530.66    
197	510   	4352.44	1299.65	3065.2 	9888.96    
198	510   	4402.88	1313.43	3065.2 	10102.1    
199	510   	4398.71	1460.8 	3065.2 	21798      
200	510   	4446.4 	1511.98	3065.2 	19726.3    
201	510   	4354.68	1308.05	3065.2 	6527.92    
202	510   	4356.17	1290.14	3065.2 	6804.93    
203	510   	4344.8 	1331.26	3065.2 	8511.44    
204	510   	4412.82	1840.05	3065.2 	43904.7    
205	510   	4448.4 	1309.58	3083.19	6263.05    
206	510   	4464.73	1941.31	3083.19	47329.8    
207	510   	4450.28	1301.62	3087.45	6365.39    
208	510   	4442.59	2075.77	3078.91	44099.1    
209	510   	4370.15	1371.15	3078.88	15273.3    
210	510   	4363.47	1358.83	3078.88	15273.3    
211	510   	4505.59	3435.36	3078.91	105815     
212	510   	4521.3 	3270.41	3075.83	97984.3    
213	510   	4463.24	1802.56	3075.83	41563.7    
214	510   	4471.18	1308.22	3087.45	9869.12    
215	510   	4339.63	1291.14	3087.45	6370.74    
216	510   	4379.31	1314.99	3087.45	8012.21    
217	510   	4392.49	1719.58	3087.45	39606      
218	510   	4426.79	1282.54	3087.45	7425.45    
219	510   	6237.68	55420.2	3079.51	1.77464e+06
220	510   	4397.18	1723.4 	3094.42	40080      
221	510   	4707.36	8772.54	3094.42	281576     
222	510   	4412.56	1327.03	3094.42	7970.29    
223	510   	4322.34	1315.97	3087.31	7517.31    
224	510   	4330.89	1418.52	3086.77	20131.7    
225	510   	4450.93	1318.99	3087.31	7481.93    
226	510   	4397.98	1387.84	3075.16	16016.2    
227	510   	4298.91	1325.11	3075.16	7434.84    
228	510   	4421.09	1337.79	3090.66	6772.11    
229	510   	4482.81	2861.99	3077.54	85387.8    
230	510   	4325.5 	1377.72	3088.13	16316      
231	510   	4346.05	1296.42	3078.63	6521.45    
232	510   	4345.34	1334.56	3080.88	10689.4    
233	510   	4423.36	1341.14	3087.07	9673.98    
234	510   	4375.05	1316.1 	3070.47	8098.88    
235	510   	4398.47	2000.32	3070.47	51726.5    
236	510   	4437.13	1336.68	3092.04	8865.18    
237	510   	4386.16	3045.05	3076.92	91975.7    
238	510   	4434.19	1426.94	3092.04	20685.7    
239	510   	4612.62	1333.74	3092.04	7023.94    
240	510   	4357.73	1297.85	3079   	6421.71    
241	510   	4376.6 	1869.27	3079   	45317.7    
242	510   	4523.35	4368.66	3079   	137162     
243	510   	4406.39	1423.66	3079   	22373.4    
244	510   	4697.41	4874.67	3079   	129196     
245	510   	4369.03	1323.48	3079   	8779.29    
246	510   	4554.4 	4583.81	3079   	116040     
247	510   	4578.79	4490.47	3094.42	89432.1    
248	510   	4455.88	1674.75	3094.42	33026.6    
249	510   	4437.61	1317.49	3094.42	8438.69    
250	510   	4346.69	1305.45	3089.7 	8438.69    
251	510   	4345.01	1340.09	3089.7 	8438.69    
252	510   	4461.86	3161.79	3084.98	80068.9    
253	510   	4395.44	1465.86	3089.7 	23152.8    
254	510   	4450.79	1736.48	3089.7 	34125.2    
255	510   	4311.11	1316.26	3089.7 	9548.14    
256	510   	4424.51	1328.97	3089.7 	10100.7    
257	510   	4339.14	2447.85	3084.88	69259.7    
258	510   	4418.69	1328.17	3069.14	7128.97    
259	510   	4544.15	3587.69	3089.7 	111106     
260	510   	4466.76	3806.21	3089.7 	118635     
261	510   	4457.72	1906.56	3094.42	48499.4    
262	510   	4509.71	2050   	3094.42	47833.4    
263	510   	4355.73	1313.63	3094.42	6296.4     
264	510   	4525.82	2083.99	3077.55	51425.9    
265	510   	4409.82	1329.11	3077.55	10240.5    
266	510   	4381.86	1317.26	3053.91	6802.31    
267	510   	4523.77	3736.27	3053.91	108370     
268	510   	4460.99	1318.43	3053.91	7653.09    
269	510   	4414.81	1326.02	3104.06	7653.09    
270	510   	4390.08	1357.12	3100.96	13839.5    
271	510   	4528.27	3654.87	3095.66	111243     
272	510   	4426.53	1482.11	3095.66	26073.2    
273	510   	4370.18	1527.66	3095.01	26073.2    
274	510   	4398.93	1345.43	3095.01	11670.5    
275	510   	4372.39	1386.52	3095.01	17111.5    
276	510   	4391.4 	1358.68	3095.01	15746.1    
277	510   	4345.8 	1332.38	3081.11	6893.48    
278	510   	4546.66	4963.93	3081.11	127686     
279	510   	4308.18	1328.81	3081.11	6486.51    
280	510   	4376.84	1532.47	3095.01	25034.2    
281	510   	4486.04	3089.85	3095.01	93352      
282	510   	4535.38	2099.47	3095.01	56115.2    
283	510   	4541.92	3039.6 	3095.01	85195.8    
284	510   	4417.81	1382.96	3087.38	18407.9    
285	510   	5024.68	19673.3	3095.01	631368     
286	510   	4528.85	5087.46	3095.01	161521     
287	510   	4392.49	1310.68	3091.11	6706.44    
288	510   	4367.19	1303.65	3091.11	7638.83    
289	510   	4414.21	1836.14	3091.11	44606.5    
290	510   	4398.83	1338.29	3087.72	12726      
291	510   	4333.96	1324.59	3087.72	6416.52    
292	510   	4421.64	2385.6 	3085.33	64908.8    
293	510   	4425.19	2016.06	3087.72	38730.2    
294	510   	4406.64	1761.96	3095.01	38730.2    
295	510   	4366.53	1555.76	3095.01	30926      
296	510   	4332.54	1352.41	3095.01	12766.5    
297	510   	4266.95	1304.4 	3070.97	7184.09    
298	510   	4408.54	1326.78	3070.97	6527.12    
299	510   	4490.09	5717.65	3070.97	181830     
300	510   	4375   	2072.95	3082.02	52818.5    
301	510   	4618.55	7556.06	3095.01	242032     
302	510   	4365.45	1328.12	3095.01	7278.49    
303	510   	4420.13	1332.54	3093.73	7537.82    
304	510   	4365.84	1777.13	3077.17	41116.5    
305	510   	4443.54	1338.31	3075.27	8258.75    
306	510   	4364.85	1383.99	3060.13	16489.5    
307	510   	4689.24	5653.49	3060.13	126982     
308	510   	4357.18	1374.55	3060.13	14387.7    
309	510   	4463.76	2207.92	3060.13	58959.5    
310	510   	4417.16	1455.63	3087.52	14387.7    
311	510   	4580.64	1522.75	3115.16	14387.7    
312	510   	4561.64	2503.26	3115.16	59668.6    
313	510   	4538.45	2261.84	3055.14	40295.4    
314	510   	4602.97	2125.55	3055.14	37873      
315	510   	4436.31	1405.76	3087.07	14387.7    
316	510   	4545.67	3307.52	3086.44	100117     
317	510   	4453.46	1505.76	3087.07	14387.7    
318	510   	4482.97	1463.46	3087.07	14387.7    
319	510   	4486.43	1692.4 	3087.07	36849.3    
320	510   	4647.82	7014.7 	3077.17	224585     
321	510   	4379.45	1310.97	3077.17	7558.36    
322	510   	4395.57	1571.24	3077.17	31245.2    
323	510   	4438.88	1779.56	3077.17	31245.2    
324	510   	4476.86	1565.1 	3109.39	31245.2    
325	510   	4471.99	1561.11	3109.39	31245.2    
326	510   	4391.33	1556.41	3109.39	31245.2    
327	510   	4598.08	2761.98	3109.39	71636.7    
328	510   	4472.89	1578.2 	3109.39	31245.2    
329	510   	4471.09	1536.85	3109.39	31245.2    
330	510   	4470.12	1456.87	3109.39	24893.3    
331	510   	4664.41	3856.27	3109.39	113139     
332	510   	4499.46	1844.36	3109.39	45577.1    
333	510   	4448.04	1359.83	3109.39	16229.4    
334	510   	4471.94	1634.54	3109.39	35607.9    
335	510   	4601.91	3892.81	3109.39	119947     
336	510   	4471.81	1300.21	3099.26	6658.41    
337	510   	4375.42	1303.95	3099.26	6498.4     
338	510   	4501.24	4613.58	3072.36	145617     
339	510   	4432.55	1314.73	3099.26	8463.75    
340	510   	4443.55	1316.11	3099.26	8494.93    
341	510   	4408.31	1308.4 	3099.26	6671.46    
342	510   	4399.93	1323.41	3099.26	8613.85    
343	510   	4419.82	1310.04	3079.94	6930.84    
344	510   	4654.82	7876.11	3079.94	251029     
345	510   	4713.8 	8502.16	3079.94	251029     
346	510   	4392.22	1314.22	3074.57	6638.21    
347	510   	4741.21	7001.78	3074.57	163059     
348	510   	4625.48	4914.38	3074.57	152445     
349	510   	4498.46	1598.84	3074.57	33379.5    
350	510   	4581.09	2976.34	3074.57	72474.8    
351	510   	4490.29	1592.64	3074.57	33379.5    
352	510   	4531   	1299.87	3110.39	6716.94    
353	510   	4410.34	1314.5 	3115.16	7055.33    
354	510   	4522.45	3037.04	3115.16	92049.2    
355	510   	4464.61	1345.7 	3100.97	12047.8    
356	510   	4543.89	4168.47	3100.97	119104     
357	510   	4456.43	2241.26	3105.83	48602.2    
358	510   	4444.92	1321.54	3115.16	7198.13    
359	510   	4458.79	1368.33	3114.81	17492.7    
360	510   	4364.18	1327.31	3114.81	9678.73    
361	510   	4357.72	1526.06	3089.55	28743.8    
362	510   	4338.47	1296.69	3114.6 	8754.23    
363	510   	4346.38	2092.55	3077.29	54105.1    
364	510   	4673.47	5471.72	3115.03	172153     
365	510   	4407.6 	1332.95	3115.16	6694.08    
366	510   	4386.49	1327.3 	3115.16	10131.1    
367	510   	4333.47	1316.38	3099.45	7386.82    
368	510   	4417.95	1662.99	3099.45	27484.9    
369	510   	4475.19	1643.63	3115.16	27484.9    
370	510   	4396.38	1312.59	3115.16	10673      
371	510   	4530.92	3481.66	3115.16	84419.2    
372	510   	4328.47	1305.08	3115.16	6865.65    
373	510   	4372.22	1320.39	3115.16	6449.69    
374	510   	4316.67	1616.41	3115.16	34203      
375	510   	4340.3 	1613.69	3099.24	34203      
376	510   	5109.35	22918.7	3099.29	735137     
377	510   	4435.93	2118.34	3089.48	49924.1    
378	510   	4400.63	1557.71	3086.72	23012.3    
379	510   	4302.61	1319.48	3086.72	9862.89    
380	510   	4358.98	1323.67	3086.72	7527.46    
381	510   	4399.1 	1361.82	3115.16	15987.6    
382	510   	4377.96	1345.17	3064.14	7079.11    
383	510   	4486.76	3415.49	3064.14	105122     
384	510   	4342.84	1396.86	3064.14	18189.5    
385	510   	4348.54	1319.38	3100.27	10753.9    
386	510   	4405.75	1391.7 	3100.27	14921.9    
387	510   	4387.65	1380.23	3100.27	14921.9    
388	510   	4364.88	1374.68	3100.27	14921.9    
389	510   	4333.7 	1354.72	3098.13	10413.5    
390	510   	5169.61	25423  	3098.13	815510     
391	510   	4440.74	1331.78	3100.27	6331.6     
392	510   	4407.08	1321.63	3094.98	7399.94    
393	510   	4460.31	4165.27	3088.31	130713     
394	510   	4337.62	1480.46	3088.31	24578.4    
395	510   	4354.41	1341.15	3088.31	7200.74    
396	510   	4346.98	1400.73	3088   	14257.8    
397	510   	4407.25	1367.98	3091.73	13147.9    
398	510   	4306.66	1339.5 	3091.73	14477.7    
399	510   	4388.02	2317.42	3100.27	65452      
400	510   	4324.08	1303.4 	3091.36	7658.05    
401	510   	4380.57	1487.49	3091.36	26513.2    
402	510   	4460.27	1375.05	3091.36	13461.3    
403	510   	4540.9 	3779.57	3091.36	117522     
404	510   	4390.13	1327.4 	3091.36	7343.19    
405	510   	4363.58	1409.73	3053.83	19645      
406	510   	4361.41	1342.08	3053.83	9456.11    
407	510   	4339.19	1509.86	3053.83	25356.3    
408	510   	4414.67	2122.99	3075.5 	56660.8    
409	510   	4353.39	1329.02	3075.5 	6793.37    
410	510   	4731.6 	1364.28	3075.5 	6356.32    
411	510   	4474.11	1396.97	3075.5 	15834.4    
412	510   	4433.22	1371.66	3075.5 	15834.4    
413	510   	4408.54	1327.68	3075.5 	11213      
414	510   	4330.91	1489.13	3075.5 	24103.5    
415	510   	4386.08	2149.51	3075.5 	51286.4    
416	510   	4319.53	1383.36	3075.5 	16811.4    
417	510   	4349.07	1304.39	3075.5 	6545.17    
418	510   	4297.88	1816.04	3065.92	44434.8    
419	510   	4330.26	1910.24	3065.92	44434.8    
420	510   	4404.33	1392.39	3064.64	15863.5    
421	510   	4352.33	1346.14	3064.64	9895.53    
422	510   	4340.34	1329.86	3064.64	6647.38    
423	510   	4310.75	2004.32	3064.64	51529.3    
424	510   	4406.3 	2169.57	3064.64	55231.6    
425	510   	4344.53	1446.41	3064.64	22826.3    
426	510   	5109.8 	1254.89	3094.67	7682.86    
427	510   	4612.09	1321.05	3090.4 	7860.44    
428	510   	4395.88	1961.16	3082.13	46993      
429	510   	4282.99	1290.84	3082.13	6397.71    
430	510   	4330.34	1322.44	3082.13	6307.52    
431	510   	4328.27	1338.1 	3060.29	6788.7     
432	510   	4393.59	2175.11	3057.74	59655.1    
433	510   	4430.48	1457.11	3060.29	22579      
434	510   	4360.05	1581.13	3060.29	22579      
435	510   	4296.82	1468.4 	3060.29	22579      
436	510   	4361.18	3305.59	3060.29	99191.6    
437	510   	4349.29	2077.86	3060.29	51810      
438	510   	4363.2 	3546.77	3060.29	109133     
439	510   	4254.6 	1345.47	3060.29	7027.01    
440	510   	4338.63	1378.05	3060.29	11914.3    
441	510   	4268.51	1355.51	3060.29	10637.6    
442	510   	4375.62	1337.93	3060.29	6282.77    
443	510   	4400.15	1635.47	3060.29	31519.6    
444	510   	4288.9 	1714.44	3059.07	38340.1    
445	510   	4363.03	1634.65	3060.29	33918.7    
446	510   	4266.09	1361.9 	3060.29	7736.29    
447	510   	4301.41	1573.51	3060.29	28911.2    
448	510   	4401.45	1357.14	3060.29	7957.05    
449	510   	4384.97	3682.72	3060.29	113741     
450	510   	4509.73	5022.7 	3060.29	113741     
451	510   	4357.36	1536.98	3060.29	29218.2    
452	510   	4349.68	1362.68	3060.29	6322.19    
453	510   	4440.68	4140.54	3060.29	129398     
454	510   	4408   	1334.63	3060.29	6184       
455	510   	4461.86	3469.38	3060.29	106491     
456	510   	4482.45	3486.5 	3060.29	106491     
457	510   	4504.18	2727.81	3060.29	80119.2    
458	510   	4544.53	1669.6 	3072.45	33900      
459	510   	4371.15	1345.86	3072.45	8193.53    
460	510   	4398.1 	2639.52	3072.45	57313.3    
461	510   	4433.12	1342.14	3072.45	6332.92    
462	510   	4366.25	1415.74	3072.45	19101.2    
463	510   	4337.27	1694.76	3072.45	34946.5    
464	510   	4413.89	1345.13	3072.45	6245.76    
465	510   	4314.15	1349.56	3070.27	9548.79    
466	510   	4333.97	2193.51	3070.27	58535.5    
467	510   	4349.78	1354.55	3068.21	6546.61    
468	510   	4375.73	1341.02	3072.45	6232.68    
469	510   	4328.13	1354.57	3061.33	9926.85    
470	510   	4306.53	1369.8 	3061.33	6257.14    
471	510   	4370.58	1391.54	3061.33	15271.5    
472	510   	4435.02	2152.82	3061.33	57967.6    
473	510   	4482.89	2731.62	3061.33	57967.6    
474	510   	5176.67	2080.5 	3084.33	57967.6    
475	510   	4605.87	2138.03	3084.33	57967.6    
476	510   	4336.84	1324.92	3062.97	13043.3    
477	510   	4309.39	1321.81	3062.97	6178.08    
478	510   	4224.04	1308.55	3069.68	6950.42    
479	510   	4590.87	6869.52	3073.26	219339     
480	510   	4352.39	1362.22	3076.39	9441.36    
481	510   	4409.33	1344.98	3084.33	6499.31    
482	510   	5066.91	1296.5 	3084.33	6610.38    
483	510   	4602.9 	2260.13	3084.33	60642.5    
484	510   	4450.44	2536.58	3084.33	60642.5    
485	510   	4492.19	2819.64	3084.33	60642.5    
486	510   	4479.84	2810.72	3082.85	60642.5    
487	510   	4317.58	2192.06	3075.37	60642.5    
488	510   	4327.01	2240.89	3082.85	60642.5    
489	510   	4417.05	1780.25	3082.85	41859.8    
490	510   	4413.55	1961.04	3078.17	50736.2    
491	510   	4390.21	1331.61	3084.33	7375.06    
492	510   	4344.93	1329.22	3084.33	6195.64    
493	510   	4287.46	1329.81	3066.02	6279.6     
494	510   	4309.72	1328.3 	3066.02	6373.03    
495	510   	4424.09	2129.32	3066.02	53578.7    
496	510   	4330.34	1344.69	3066.02	6266.97    
497	510   	4467.06	4307.81	3066.02	134511     
498	510   	4325.21	1331.18	3066.02	9121.84    
499	510   	4314.29	1348.5 	3066.02	7840.44    
500	510   	4509.54	1353.08	3066.02	6165.94    
Elapsed time: 13135 seconds (3h 38m 55s)
