
gen	nevals	avg    	std    	min    	max        
1  	280   	7626.29	1599.48	5586.42	9000       
2  	280   	7629.65	1597.6 	5586.42	9000       
3  	280   	6163.61	1337.05	5546.43	25278.1    
4  	280   	5936.92	2380.61	5546.43	56815.9    
5  	280   	5922.42	2260.38	5448.66	57381.2    
6  	280   	5897   	2380.91	5394.63	57381.2    
7  	280   	5978.49	1355.54	1781.4 	15872.1    
8  	280   	5627.4 	1287.58	1781.4 	34693.8    
9  	280   	5671.72	1470.62	1781.4 	34693.8    
10 	280   	5692.38	2024.94	998.667	34693.8    
11 	280   	5972.96	3388.56	1061.57	39581.6    
12 	280   	6666.37	5438.42	1061.57	39792.7    
13 	280   	8763.59	8812.57	1061.57	44721.1    
14 	280   	11201.2	11888.3	1022.45	57883.3    
15 	280   	12533.2	14228.2	967.478	143024     
16 	280   	10322.1	12164.1	923.933	57883.3    
17 	280   	12007.6	13806.6	923.933	75758.6    
18 	280   	11660.2	12594.5	967.478	75758.6    
19 	280   	10398.4	11937.3	1037.8 	75758.6    
20 	280   	11556.1	11902.3	766.969	75758.6    
21 	280   	11682.1	12561.4	766.969	71603.9    
22 	280   	11346.7	13273.8	766.969	62917.4    
23 	280   	12054.7	13904.4	766.969	82875      
24 	280   	11324.7	13123.8	766.969	62917.4    
25 	280   	10145.3	11295.6	763.096	53812.7    
26 	280   	11817  	12392  	707.887	59928.9    
27 	280   	10945  	12135.5	668.617	59928.9    
28 	280   	10914.3	12510.2	668.617	92758.8    
29 	280   	11749.2	13442.7	668.617	98936.4    
30 	280   	12197.2	13191.2	668.617	60150.2    
31 	280   	12149.6	12760.4	668.617	53863.8    
32 	280   	10773.3	12638.4	668.617	64936.5    
33 	280   	12106.6	12717.6	660.215	64936.5    
34 	280   	11441.3	11724.2	620.913	49848.3    
35 	280   	10255.2	11463.7	620.913	51596.4    
36 	280   	11405.5	12061.9	620.913	65990.4    
37 	280   	10086.6	10828.3	620.913	45479.6    
38 	280   	10138.4	10881.2	620.913	65288.2    
39 	280   	10399.2	11546.8	594.237	100964     
40 	280   	8941.71	11321  	469.728	100100     
41 	280   	9258.36	10530.5	469.728	72218.7    
42 	280   	9357.87	11818.7	469.728	96723.2    
43 	280   	9820.89	10565.2	469.728	55726      
44 	280   	8681.42	10744  	469.728	74471      
45 	280   	9024.47	10914.8	469.728	76694      
46 	280   	9513.51	10828  	469.728	66099.1    
47 	280   	9015.03	11676.8	469.728	103266     
48 	280   	9003.52	11460.4	469.728	100219     
49 	280   	9256.75	11180.9	469.728	59641      
50 	280   	8865.17	11434.9	469.728	83631.4    
51 	280   	9044.1 	10715.8	469.728	68021.5    
52 	280   	9325.42	11644.4	469.728	78254.3    
53 	280   	10977.9	13010.4	469.728	125534     
54 	280   	9060.18	10983.3	469.728	78254.3    
55 	280   	9728.46	13049.6	469.728	117108     
56 	280   	9488.48	15371.9	469.728	151145     
57 	280   	10492.2	13734.8	469.728	105031     
58 	280   	10067.9	13476.2	469.728	125351     
59 	280   	10132.2	13022.7	469.728	118164     
60 	280   	9341.7 	12766.3	469.728	118514     
61 	280   	9383.25	12890.4	469.728	105645     
62 	280   	10450.6	13090  	469.728	117475     
63 	280   	9388.91	12549.1	469.728	99629.9    
64 	280   	10784.9	14642.6	469.728	99629.9    
65 	280   	11979.1	16449  	469.728	107768     
66 	280   	9869.37	15429.4	469.728	99629.9    
67 	280   	10888.2	15117.4	469.728	109096     
68 	280   	10740  	15396.4	469.728	99629.9    
69 	280   	10410.3	13844  	469.728	79220.6    
70 	280   	10155.1	13385.9	469.728	79220.6    
71 	280   	11443.2	14690.2	469.728	84429.8    
72 	280   	11603.6	14817.4	469.728	112460     
73 	280   	9616.35	13113.2	469.728	90284.4    
74 	280   	9556.22	13202.5	403.273	79465.3    
75 	280   	10668.7	21952.3	469.728	423339     
76 	280   	9749.22	13726.9	469.728	97364.7    
77 	280   	12943.1	18155.3	469.728	112013     
78 	280   	11510.9	14926.5	469.728	97364.7    
79 	280   	10153.4	15060.4	469.728	124557     
80 	280   	9841.25	14129.9	469.728	98686.9    
81 	280   	8752.03	12346.1	469.728	80207.7    
82 	280   	8285.04	11627.6	469.728	87366.6    
83 	280   	8793.63	12398.8	469.728	72895.5    
84 	280   	6898.05	11309.6	469.728	87714.6    
85 	280   	7803.12	13135.1	469.728	120198     
86 	280   	8933.97	13624.3	469.728	120198     
87 	280   	8703.98	15195  	456.614	116285     
88 	280   	9385.29	16668.7	389.388	127630     
89 	280   	8893.06	14137.1	389.388	131619     
90 	280   	8871   	13505.3	389.388	107548     
91 	280   	9639.19	14324.9	389.388	94562.3    
92 	280   	9480.12	14440.3	389.388	110189     
93 	280   	8758.91	11101.4	389.388	64698.7    
94 	280   	6741.48	10471.7	389.388	74701.2    
95 	280   	7917.84	12828.1	389.388	124615     
96 	280   	8257.97	12500.3	389.388	119182     
97 	280   	8919.84	11898.1	343.859	71196.2    
98 	280   	7224.74	11852.2	343.859	85110.8    
99 	280   	6932.06	10828.4	343.859	79137.4    
100	280   	6844.42	10248  	343.859	80513.9    
101	280   	7497.28	10867.7	343.859	98639.1    
102	280   	8055.53	13059.9	343.859	108904     
103	280   	7382.57	11106.3	343.859	94344.8    
104	280   	8146.1 	12289.9	241.888	98672.7    
105	280   	6864.32	12109.9	241.888	131366     
106	280   	7642.39	11912.6	241.888	85352.7    
107	280   	6253.04	10177.3	241.888	78253.9    
108	280   	6637.85	10351.9	241.888	72177.7    
109	280   	7314.11	11295  	241.888	97524.5    
110	280   	8086.76	12082.7	241.888	138620     
111	280   	7066.92	11318.7	241.888	94673.3    
112	280   	8053.53	11298.2	241.888	95715.5    
113	280   	6626.81	10155.3	241.888	96389.1    
114	280   	7960.61	12912.2	241.888	125179     
115	280   	7261.2 	11545.9	241.888	101771     
116	280   	6525.16	12212.1	241.888	161994     
117	280   	8460.89	15310.5	241.888	161994     
118	280   	9003.25	13331.2	241.888	108738     
119	280   	7278.25	12721.3	241.888	119084     
120	280   	7044.75	11459.6	241.888	117133     
121	280   	8872.24	14022.3	241.888	152025     
122	280   	6683.63	10291  	241.888	94412.8    
123	280   	8133.02	13088.7	241.888	114126     
124	280   	7454.01	12375.1	241.888	126154     
125	280   	9225.4 	15811.2	241.888	111978     
126	280   	10218.5	16540.4	241.888	125325     
127	280   	10680.6	16612.6	241.888	131797     
128	280   	10400.2	16042.9	241.888	117007     
129	280   	8707.37	14844  	241.888	135412     
130	280   	6636.54	11321.6	241.888	99806.7    
131	280   	5997.48	9004.22	241.888	53534.4    
132	280   	7303.24	13378.1	241.888	124227     
133	280   	7279.21	12669.2	241.888	116065     
134	280   	6890   	10415.9	241.888	89462.8    
135	280   	6179.65	10498.1	241.888	102767     
136	280   	6681.55	10855.5	241.888	94411.1    
137	280   	6602.44	10557.2	241.888	107088     
138	280   	5340.67	8799.33	241.888	78366.6    
139	280   	5708.25	10431  	241.888	94562.8    
140	280   	6040.49	9268.51	241.888	65798.2    
141	280   	6463.93	11828.2	241.888	108782     
142	280   	6582.72	9895.83	241.888	106535     
143	280   	6744.5 	10732.3	241.888	83144.2    
144	280   	6300.26	10690.1	241.888	73165.5    
145	280   	7164.65	11705.4	241.888	114050     
146	280   	7272.75	11056.5	241.888	77299.6    
147	280   	7499.76	13186.5	241.888	114297     
148	280   	6920.9 	11687.6	241.888	91437.7    
149	280   	7329.58	12390.3	241.888	86843.5    
150	280   	7763.23	13105.7	241.888	89386.8    
151	280   	7007.2 	11851.4	241.888	89386.8    
152	280   	7076.91	29010.1	241.888	652980     
153	280   	6403.31	11857.8	241.888	111890     
154	280   	6533.64	11719  	241.888	115973     
155	280   	5675.17	9468.73	241.888	71214.2    
156	280   	6255.99	10228  	241.888	72920.8    
157	280   	7814.79	12361.4	241.888	99718.5    
158	280   	8977.49	14525.5	241.888	127403     
159	280   	8915.3 	14681.7	241.888	137193     
160	280   	9548.84	15148  	241.888	130753     
161	280   	8547.93	13591.8	241.888	109843     
162	280   	7686.84	10971.9	241.888	64999.2    
163	280   	5821.11	8964.8 	241.888	60932      
164	280   	6426.37	10203.9	241.888	72303.5    
165	280   	6700.02	11122.8	241.888	86418.9    
166	280   	7673.31	12838.7	241.888	86418.9    
167	280   	7523.29	12206.7	241.888	93510.3    
168	280   	8718.66	15011.9	241.888	167711     
169	280   	9202.34	15390.6	210.51 	167711     
170	280   	7365.44	12326.3	210.51 	81267.9    
171	280   	7307.59	12071.1	210.51 	91433.4    
172	280   	8608.43	13276.3	210.51 	80608.2    
173	280   	8382.62	13906.3	210.51 	160371     
174	280   	9294.17	13561.9	210.51 	87345.6    
175	280   	7385.86	11466.2	210.51 	72303.5    
176	280   	9611.81	13678.1	210.51 	72303.5    
177	280   	8621.93	13660.8	210.51 	113032     
178	280   	8979.51	15473.2	210.51 	136828     
179	280   	9864.5 	15469.3	210.51 	108619     
180	280   	10842  	16495.7	210.51 	96840.3    
181	280   	8064.8 	13074.8	210.51 	90494.7    
182	280   	8246.61	14019  	210.51 	106822     
183	280   	8843.33	14833.1	210.51 	85629.8    
184	280   	9425.8 	16129  	210.51 	122941     
185	280   	10603.9	16642.3	210.51 	122941     
186	280   	13656.3	19939.1	210.51 	85629.8    
187	280   	10074.3	15991.6	210.51 	92345      
188	280   	10390.9	16877  	210.51 	92345      
189	280   	9899.26	17801.3	210.51 	219681     
190	280   	13627.9	19975.7	210.51 	95778.8    
191	280   	9519.58	14526  	210.51 	85629.8    
192	280   	8316.67	14515.8	210.51 	85629.8    
193	280   	10601.2	16173.7	210.51 	85629.8    
194	280   	9055.21	17039  	210.51 	135515     
195	280   	9960.99	15491.5	210.51 	92539.1    
196	280   	8623.85	13890.1	210.51 	85629.8    
197	280   	8543.48	14279  	210.51 	118390     
198	280   	7905.13	13879.7	210.51 	113203     
199	280   	7178.82	12797.3	210.51 	75906.7    
200	280   	8737.41	14758.8	210.51 	75906.7    
201	280   	10463.2	18183.7	210.51 	86412.9    
202	280   	8326.24	14025.8	210.51 	89518.7    
203	280   	9427.96	16415.8	210.51 	100758     
204	280   	11072.7	19455.4	210.51 	122467     
205	280   	8637.57	14939.4	210.51 	98621.7    
206	280   	9407.5 	16728.7	210.51 	91532.4    
207	280   	8513.52	15529.5	210.51 	93455.3    
208	280   	7918.81	13879.8	210.51 	97718.1    
209	280   	9557.96	16058.9	210.51 	91155.8    
210	280   	9007.62	15378  	210.51 	91155.8    
211	280   	9645.83	17054.7	210.51 	102934     
212	280   	9933.98	17867.1	210.51 	97388.6    
213	280   	8052.28	14710.7	210.51 	96525.7    
214	280   	7561.01	13429.7	210.51 	75906.7    
215	280   	7056.81	13047.4	210.51 	75906.7    
216	280   	6124.8 	11154.7	210.51 	93555.8    
217	280   	7886.86	13531.8	210.51 	97665.8    
218	280   	6520.36	12058.2	210.51 	115612     
219	280   	6968.35	12471.2	210.51 	78191.8    
220	280   	7558.22	13700.2	210.51 	103870     
221	280   	7680.67	14312.1	210.51 	107560     
222	280   	11174.7	19558.4	210.51 	101550     
223	280   	8493   	14884.3	210.51 	80315.7    
224	280   	7438.03	13795  	210.51 	80315.7    
225	280   	7978.72	14121.6	210.51 	110756     
226	280   	8530.28	15589  	210.51 	75906.7    
227	280   	6764.83	12030.5	210.51 	75906.7    
228	280   	6494.83	12912.6	210.51 	94393.5    
229	280   	7386.63	13159.3	210.51 	75906.7    
230	280   	6074.06	9662.15	210.51 	75906.7    
231	280   	6698.8 	11362.6	210.51 	75906.7    
232	280   	6112.69	13873.3	210.51 	233766     
233	280   	7539.72	13045.2	210.51 	117011     
234	280   	6921.21	12411.2	210.51 	105713     
235	280   	7778.6 	14065.6	210.51 	75906.7    
236	280   	6118.95	12228.8	210.51 	151990     
237	280   	6548.03	12972.6	210.51 	75906.7    
238	280   	7086.98	14598.4	210.51 	81464.4    
239	280   	10637.3	19226.7	210.51 	102743     
240	280   	7306.44	12308  	210.51 	75906.7    
241	280   	8007.29	13863.8	210.51 	80022.8    
242	280   	8852.4 	15994.2	210.51 	79494.7    
243	280   	6227.38	12963.5	210.51 	105706     
244	280   	7465.58	13952.5	210.51 	105676     
245	280   	8879.24	16876.6	210.51 	105676     
246	280   	8151.13	15263.5	210.51 	98564      
247	280   	10028  	15963.3	196.93 	104443     
248	280   	8498.44	15739.3	196.93 	165601     
249	280   	8967.49	17232.8	196.93 	114033     
250	280   	9110.57	15628.5	196.93 	89611.1    
251	280   	8735.48	15555.4	196.93 	94526.9    
252	280   	8302.67	15669.4	196.93 	85387.4    
253	280   	8450.12	15156.1	196.93 	86245.2    
254	280   	6248.88	10078.7	196.93 	75906.7    
255	280   	7621.11	12315.5	196.93 	101133     
256	280   	6974.65	13245.6	196.93 	101133     
257	280   	7954.19	14147.3	196.93 	106862     
258	280   	8495.47	13198.3	196.93 	101133     
259	280   	8346.05	15585.8	196.93 	101133     
260	280   	6513.53	12344.5	196.93 	109846     
261	280   	7115   	12210.7	196.93 	82215.8    
262	280   	5989.47	10460.4	196.93 	75906.7    
263	280   	8470.08	14451.3	196.93 	96978      
264	280   	8520.52	15475.7	196.93 	79009.8    
265	280   	8527.98	16724.4	196.93 	120978     
266	280   	6574.67	12143.2	196.93 	79039.3    
267	280   	6974.82	12817.4	196.93 	75906.7    
268	280   	7587.55	13362.4	196.93 	102508     
269	280   	6555.27	10738.2	196.93 	75906.7    
270	280   	6402.46	11222.4	196.93 	84375.7    
271	280   	7288.91	15455.6	196.93 	148820     
272	280   	6887.16	13686.8	196.93 	109132     
273	280   	7623.29	14098.2	196.93 	118054     
274	280   	9823.48	16849.2	196.93 	87229.4    
275	280   	8171.3 	14559  	196.93 	79305      
276	280   	8473.37	15635.1	196.93 	90207      
277	280   	7838.93	14619.9	196.93 	135352     
278	280   	7485.53	14111.7	196.93 	146116     
279	280   	8054.99	15162.9	196.93 	102489     
280	280   	10806.6	19056.1	196.93 	108852     
281	280   	8550.18	15110.3	196.93 	75906.7    
282	280   	8150.62	14806.7	196.93 	128814     
283	280   	7608.23	13161.1	196.93 	75906.7    
284	280   	8736.82	16390  	196.93 	112865     
285	280   	10890.7	18947.5	196.93 	93181.4    
286	280   	8966.89	15393.8	196.93 	85887.2    
287	280   	7891.18	13818.7	196.93 	79162.2    
288	280   	8324.41	14822.6	196.93 	86318.9    
289	280   	7779.14	13394.5	196.93 	75906.7    
290	280   	7732.07	14322.3	196.93 	116907     
291	280   	8063.03	15751.3	196.93 	130311     
292	280   	7717.55	12836.7	196.93 	92307.6    
293	280   	8349.9 	15076.9	196.93 	81213.2    
294	280   	9626.55	16479.2	196.93 	79076.3    
295	280   	8387.84	16299.1	196.93 	148581     
296	280   	9066.04	17343.2	196.93 	94528.7    
297	280   	8643.82	15945.1	196.93 	94733.6    
298	280   	7464.97	12886.8	196.93 	75906.7    
299	280   	8517.12	14652.9	196.93 	122027     
300	280   	9248.73	15929.6	196.93 	103088     
301	280   	8889.58	15431.4	196.93 	115815     
302	280   	8615.43	15234.8	196.93 	115815     
303	280   	8627.23	15641.2	196.93 	119907     
304	280   	9133.93	15516.4	196.93 	119907     
305	280   	7516.32	13945.7	196.93 	107642     
306	280   	8786.92	15504.3	196.93 	90918      
307	280   	8677.96	15607.4	196.93 	138639     
308	280   	9220.69	16191.2	196.93 	107864     
309	280   	7684.72	13714  	196.93 	107864     
310	280   	8996.72	15258.3	196.93 	116968     
311	280   	10631.8	19217.1	196.93 	149331     
312	280   	10415.3	18141.9	196.93 	149331     
313	280   	12816.7	22307.6	196.93 	149331     
314	280   	10111.5	18459.7	196.93 	149331     
315	280   	12394.8	21964.1	196.93 	149331     
316	280   	10628.8	19437.3	196.93 	149331     
317	280   	10556.1	21598.6	196.93 	149331     
318	280   	16866.9	28146.1	196.93 	149331     
319	280   	10408.1	20308.3	196.93 	149331     
320	280   	10205.5	20016.1	178.357	149331     
321	280   	12923.8	23822.7	178.357	149331     
322	280   	12070.3	40939.3	178.357	865923     
323	280   	10602.4	18807.4	178.357	149331     
324	280   	9694.37	15764.9	178.357	100589     
325	280   	7110.11	13691.9	178.357	142604     
326	280   	9689.57	16126.7	178.357	110049     
327	280   	10892.7	17169.9	178.357	83606.2    
328	280   	8927.14	15423.6	178.357	94497.3    
329	280   	11045.5	18982.3	178.357	133709     
330	280   	8944.6 	15332.7	178.357	133709     
331	280   	10165.6	16448.8	178.357	100569     
332	280   	8355.93	15200.8	178.357	108637     
333	280   	11263.6	18003.4	178.357	85396.1    
334	280   	8551.05	15064.2	178.357	102725     
335	280   	9054.03	15829.3	178.357	115829     
336	280   	11386.3	19784.9	178.357	146626     
337	280   	9023.24	16155  	178.357	128089     
338	280   	10186.1	16467.7	178.357	128089     
339	280   	9033.51	15567.2	178.357	86473.2    
340	280   	10214.9	19095.1	178.357	142696     
341	280   	8842.29	14030.8	178.357	84580.4    
342	280   	8820.57	13886.9	178.357	86349.3    
343	280   	9696.1 	16182.8	178.357	126320     
344	280   	9718.04	17698  	178.357	147558     
345	280   	11736.5	19052.3	178.357	133662     
346	280   	8881.58	15647.2	178.357	109833     
347	280   	10046.1	17424.2	178.357	91495.7    
348	280   	8336.34	15725.4	178.357	98378.3    
349	280   	21217  	288962 	178.357	6.84217e+06
350	280   	8673.39	15791  	178.357	100616     
351	280   	10530.2	18665.6	178.357	115502     
352	280   	11840  	21307  	178.357	161386     
353	280   	8447.41	15190.7	178.357	109648     
354	280   	7749.84	14905.3	178.357	110816     
355	280   	8668.15	14939.6	178.357	80826      
356	280   	6454.07	10682.3	178.357	78127.6    
357	280   	7212.23	14083.6	178.357	92421.5    
358	280   	7499.08	13851.4	178.357	90237.2    
359	280   	7126.76	14425.9	178.357	168517     
360	280   	7641.45	14061.7	178.357	82435.8    
361	280   	8034.1 	15039.8	178.357	81359.4    
362	280   	6498.43	12480.8	178.357	75906.7    
363	280   	7960.53	16189.7	178.357	141224     
364	280   	9102.27	17879.2	178.357	178024     
365	280   	11782.9	19056.3	178.357	114916     
366	280   	7910.59	14633.8	178.357	85275.8    
367	280   	7714.66	14210  	178.357	100558     
368	280   	9056.24	17017.9	178.357	153729     
369	280   	9546.94	17593.4	178.357	109789     
370	280   	7782.52	13930.5	178.357	92257.8    
371	280   	7832.93	13607.3	178.357	92257.8    
372	280   	8126.13	14152.7	178.357	92396      
373	280   	8501.43	14805.4	178.357	125440     
374	280   	7113.96	12953.4	178.357	104806     
375	280   	7652.12	14473.8	178.357	136469     
376	280   	8366.9 	15088.4	178.357	106725     
377	280   	8219.3 	14790.6	178.357	84335.3    
378	280   	9308.58	17290.3	178.357	75906.7    
379	280   	9704.46	16203.7	178.357	75906.7    
380	280   	7424.54	14060.6	178.357	129615     
381	280   	9085.33	15779.6	178.357	88677.7    
382	280   	7122.62	13595.3	178.357	93439.3    
383	280   	7694.41	13678.9	178.357	115991     
384	280   	8879.87	15420.6	178.357	103974     
385	280   	8065.8 	14783  	178.357	92533.3    
386	280   	7154.77	13286.2	178.357	92562.6    
387	280   	8503.19	14227  	178.357	75906.7    
388	280   	7475.98	13913.6	178.357	75998.2    
389	280   	7953.72	13911.8	178.357	93412.8    
390	280   	10900.2	17836.6	178.357	117112     
391	280   	7417.4 	13634.9	178.357	98645.7    
392	280   	6954.69	12603.6	178.357	127354     
393	280   	7111.42	12663.3	178.357	75906.7    
394	280   	7464.64	14004.7	178.357	119155     
395	280   	8333.44	15699.8	178.357	149942     
396	280   	9482.06	17546.9	178.357	109883     
397	280   	7436.1 	13923.6	178.357	148065     
398	280   	8370.14	15816.7	178.357	127622     
399	280   	8010.29	14896.3	178.357	125444     
400	280   	7424.2 	15049.1	178.357	175261     
401	280   	8942.37	16385.7	178.357	125291     
402	280   	7726.25	13607.8	178.357	78366.8    
403	280   	8768.07	17043.5	178.357	146937     
404	280   	7384.1 	14108.3	178.357	96913      
405	280   	9320.64	16871  	178.357	98802.9    
406	280   	8834.95	15384.8	178.357	86194.8    
407	280   	8210.67	14967.8	178.357	94222.5    
408	280   	9765.08	17454.3	178.357	92531.1    
409	280   	6707.95	12047.5	178.357	106546     
410	280   	6735.17	11627.3	178.357	75906.7    
411	280   	8010.56	15805.8	178.357	152075     
412	280   	8214.89	15530.1	178.357	96573.2    
413	280   	9398.04	16622.7	178.357	96685.7    
414	280   	8413.66	15853.8	178.357	103902     
415	280   	9945.04	17250.4	178.357	91761.4    
416	280   	8307.34	13968  	178.357	79124.8    
417	280   	9589.8 	16685.3	178.357	123317     
418	280   	7692.24	13857.5	178.357	86298.3    
419	280   	6580.64	12010.1	178.357	79977.5    
420	280   	6896.26	12536.5	178.357	89417.9    
421	280   	8466.91	16066.4	178.357	121205     
422	280   	10025.5	18132.1	178.357	121205     
423	280   	8868.35	15112.9	178.357	90666.6    
424	280   	7790.73	14507.7	178.357	117841     
425	280   	6209   	10703.1	178.357	78158.1    
426	280   	7158.73	13289.9	178.357	122372     
427	280   	10453.7	17543.1	178.357	94404      
428	280   	8232.87	13274.7	178.357	76076.9    
429	280   	11884.5	19574.3	178.357	131373     
430	280   	7090.26	12191  	178.357	75906.7    
431	280   	7209.84	12560.1	178.357	75906.7    
432	280   	8286.63	13654.3	178.357	117074     
433	280   	7545.95	14122  	178.357	112433     
434	280   	10766.3	19245  	178.357	119099     
435	280   	10295.3	17262.2	178.357	120020     
436	280   	10267.8	39969.1	178.357	889666     
437	280   	8119.29	13893.1	178.357	98639.2    
438	280   	6567.42	10929.7	178.357	75906.7    
439	280   	8522   	16243.1	178.357	138575     
440	280   	11702  	18478.6	178.357	78443.6    
441	280   	8772.97	14910  	178.357	105682     
442	280   	9826.32	15779.2	178.357	82528.1    
443	280   	9589.93	16533.6	178.357	101734     
444	280   	12565.3	20289.9	178.357	152069     
445	280   	9646.43	15715.5	178.357	81697.5    
446	280   	10364.9	16064.4	178.357	77374.6    
447	280   	7420.47	11926.5	178.357	75906.7    
448	280   	7744.51	13338.2	178.357	88395.9    
449	280   	10209.2	16947  	178.357	96338.6    
450	280   	8813.41	15204  	178.357	102008     
451	280   	7440.62	12980  	178.357	106825     
452	280   	8150.8 	12926  	178.357	75906.7    
453	280   	11020.7	18338.9	178.357	95547.3    
454	280   	8133.43	13818.6	178.357	110943     
455	280   	8240.11	13497.5	178.357	75906.7    
456	280   	7719.05	12663.1	178.357	118903     
457	280   	7509.57	13720  	178.357	119132     
458	280   	7900.24	13546.2	178.357	84376.3    
459	280   	8217.93	13693.4	178.357	106748     
460	280   	9744.8 	15432.9	178.357	116084     
461	280   	7665.06	13259.3	178.357	102816     
462	280   	8057.74	12884.6	178.357	75906.7    
463	280   	6794.71	12018.7	178.357	81515.9    
464	280   	6991.86	11969.1	178.357	97995.9    
465	280   	7950.88	14915.3	178.357	112801     
466	280   	8632.79	15819.2	178.357	124176     
467	280   	7968.42	14495.7	178.357	110429     
468	280   	8355.31	16814.7	178.357	166933     
469	280   	9498.77	17494.5	178.357	122016     
470	280   	10166.7	18182  	178.357	108854     
471	280   	8187.93	14438.8	178.357	102555     
472	280   	9199.6 	16316.7	178.357	125891     
473	280   	10386.3	34304.1	178.357	739751     
474	280   	7469.24	11799.4	178.357	76248.5    
475	280   	7997.08	13788.8	178.357	93535.2    
476	280   	8761.46	15085.8	178.357	95625.1    
477	280   	9763.71	16882.7	178.357	109742     
478	280   	9059.53	14705.5	178.357	117109     
479	280   	8367.83	14777.5	178.357	110833     
480	280   	8650.14	14173.7	178.357	101644     
481	280   	8529.3 	12350  	178.357	75906.7    
482	280   	8423.04	13679.5	178.357	118155     
483	280   	8237.91	12911.5	178.357	103003     
484	280   	8360.11	14296.5	178.357	121249     
485	280   	8178.87	14433.9	178.357	91409      
486	280   	8556.56	13560.1	178.357	87617.4    
487	280   	8761.39	13623.8	178.357	102549     
488	280   	9472.57	14625.9	178.357	109108     
489	280   	7700.45	12862.8	178.357	75906.7    
490	280   	7297.9 	11606.7	178.357	98712.5    
491	280   	7746.28	12199.6	178.357	89325      
492	280   	7295.02	11567.4	178.357	82510.7    
493	280   	8307.54	12887.1	178.357	101567     
494	280   	8533.45	13873.9	178.357	110839     
495	280   	10100.9	16220.5	178.357	96295.7    
496	280   	8614.61	14424.8	178.357	96295.7    
497	280   	6554.35	9858.35	206.293	92670      
498	280   	5724.03	9145.79	206.293	67893      
499	280   	7210.65	12693.1	206.293	111846     
500	280   	6770.99	9790.34	206.293	80267.7    
Time elapsed: 34894 seconds.


Batch Job Summary Report (version 21.01.1) for Job "bpopt" (46943439) on daint

Job information (1/2)
-----------------------------------------------------------------------------------------------------
             Submit            Eligible               Start                 End    Elapsed Time limit
------------------- ------------------- ------------------- ------------------- ---------- ----------
2023-06-01T19:24:50 2023-06-01T19:24:50 2023-06-01T19:26:34 2023-06-02T05:09:35   09:43:01   23:59:00
-----------------------------------------------------------------------------------------------------

Job information (2/2)
-------------------------------------------------------------
    Username      Account    Partition   NNodes        Energy
------------ ------------ ------------ -------- -------------
    bp000145       ich030       normal        8  36374.692 kJ

