
gen	nevals	avg    	std    	min    	max    
1  	140   	629.312	479.471	99.6898	3310.2 
2  	140   	640.233	507.517	99.6898	3835.85
3  	140   	364.441	216.944	80.0259	1165.02
4  	140   	278.679	170.679	81.6825	879.659
5  	140   	330.603	246.164	63.9021	2863.32
6  	140   	234.347	137.5  	59.8201	961.824
7  	140   	251.082	410.829	61.8938	6414.99
8  	140   	235.456	409.665	60.2451	6414.99
9  	140   	223.577	418.498	60.2451	6499.92
10 	140   	334.941	779.517	51.907 	6499.92
11 	140   	255.275	652.681	51.5794	8465.83
12 	140   	221.593	420.771	45.8138	6499.92
13 	140   	360.201	1004.13	45.8138	12068.7
14 	140   	784.949	4259.86	45.8138	51148.3
15 	140   	378.893	1205.26	45.8138	16555.8
16 	140   	349.299	1482.71	45.8138	16555.8
17 	140   	233.414	552.389	45.8138	6499.92
18 	140   	254.276	589.945	34.5848	6499.92
19 	140   	350.482	874.875	34.5848	6499.92
20 	140   	253.351	762.571	34.5848	6499.92
21 	140   	199.567	211.041	34.5848	2715.48
22 	140   	220.3  	492.491	34.5848	7219.22
23 	140   	203.445	189.815	40.7992	2139.19
24 	140   	209.613	257.182	38.8625	2660.18
25 	140   	203.592	192.163	38.8625	1539.63
26 	140   	232.951	380.596	38.8625	5650.87
27 	140   	262.596	231.981	35.1942	1645.25
28 	140   	178.818	162.978	35.1942	1110.5 
29 	140   	257    	1280.2 	35.1942	21466  
30 	140   	166.865	161.398	32.7227	1531.02
31 	140   	148.653	137.323	32.7227	1250.39
32 	140   	215.281	288.528	32.7227	3941.8 
33 	140   	171.553	183.826	32.7227	1535.08
34 	140   	204.081	246.326	32.7227	2033.36
35 	140   	237.2  	989.242	31.9294	16175.2
36 	140   	184.457	219.096	30.746 	2022.02
37 	140   	233.903	217.87 	35.1178	1541.12
38 	140   	317.118	396.923	35.1178	5478.09
39 	140   	183.185	184.435	31.2245	1436.15
40 	140   	156.414	150.152	31.0697	896.312
41 	140   	194.396	180.036	31.0697	937.404
42 	140   	250.809	256.152	30.6157	2840.77
43 	140   	274.223	1140.76	30.6157	18958.4
44 	140   	291.124	841.923	31.0697	13525  
45 	140   	214.718	258.586	31.0697	2638.24
46 	140   	236.742	559.167	31.0697	8298.3 
47 	140   	252.679	191.064	31.0697	889.201
48 	140   	286.96 	1246.6 	31.0697	20809.4
49 	140   	204.022	295.689	31.0697	4035.67
50 	140   	208.857	432.202	31.0697	4035.67
51 	140   	254.664	395.526	31.0697	4035.67
52 	140   	233.441	302.581	31.0697	4035.67
53 	140   	261.627	436.188	31.0697	6274.58
54 	140   	375.218	1135.7 	31.4553	14421.2
55 	140   	239.534	347.413	31.4424	5090.71
56 	140   	332.144	1688.72	31.3286	27340.2
57 	140   	3141.58	49713.5	31.3286	833515 
58 	140   	187.469	201.551	31.4424	1980.51
59 	140   	213.959	218.326	31.4424	1361.61
60 	140   	251.662	692.078	31.0262	11247.6
61 	140   	327.829	971.595	31.0262	15373.9
62 	140   	416.777	1589.84	30.5531	25975.4
63 	140   	227.648	297.334	30.5531	3348.68
64 	140   	271.24 	286.415	31.0262	2463.33
65 	140   	259.887	296.323	30.4485	2329.27
66 	140   	415.577	449.94 	30.3008	3731.83
67 	140   	255.948	256.046	30.4485	2329.27
68 	140   	230.841	343.582	30.4485	4754.3 
69 	140   	278.374	450.09 	30.4485	5725.05
70 	140   	235.434	406.876	30.4485	4420.6 
71 	140   	229.586	314.753	30.4485	4420.6 
72 	140   	250.527	848.105	30.4485	14030  
73 	140   	338.576	1178.8 	29.5636	14030  
74 	140   	211.67 	209.396	30.4485	1324.9 
75 	140   	242.058	241.303	29.3068	2333.56
76 	140   	177.965	189.279	29.3068	2040.1 
77 	140   	278.47 	890.021	33.2176	14665.2
78 	140   	246.795	280.168	35.2561	3399.33
79 	140   	174.358	179.04 	31.7455	1727.74
80 	140   	205.005	307.532	31.7455	3518.8 
81 	140   	210.272	261.645	31.7455	3518.8 
82 	140   	209.764	231.139	31.7455	1693.64
83 	140   	281.159	225.521	31.7455	1038.13
84 	140   	254.279	400.828	29.9591	5382.78
85 	140   	268.987	831.361	29.9591	13793.6
86 	140   	189.22 	187.382	29.9591	1122.84
87 	140   	232.319	223.436	31.7455	1174.67
88 	140   	295.117	358.304	31.7455	3893.99
89 	140   	259.695	302.529	31.7455	2824.38
90 	140   	233.851	809.793	31.7455	10824.9
91 	140   	141.048	125.941	31.7455	646.657
92 	140   	172.536	162.508	31.6132	954.289
93 	140   	312.003	1437.69	31.7455	23863.3
94 	140   	184.713	218.357	31.7455	2457.71
95 	140   	257.372	229.15 	30.6059	1504.67
96 	140   	163.495	161.374	31.7455	1089.09
97 	140   	180.288	187.186	31.7455	1387.5 
98 	140   	247.696	410.916	31.7455	4400.68
99 	140   	252.035	391.942	31.7455	4400.68
100	140   	189.34 	184.358	31.7455	1339.9 
Time elapsed: 655 seconds.


Batch Job Summary Report (version 21.01.1) for Job "bpopt" (46001390) on daint

Job information (1/2)
-----------------------------------------------------------------------------------------------------
             Submit            Eligible               Start                 End    Elapsed Time limit
------------------- ------------------- ------------------- ------------------- ---------- ----------
2023-04-14T18:32:54 2023-04-14T18:32:54 2023-04-14T18:33:50 2023-04-14T18:45:59   00:12:09   00:59:00
-----------------------------------------------------------------------------------------------------

Job information (2/2)
-------------------------------------------------------------
    Username      Account    Partition   NNodes        Energy
------------ ------------ ------------ -------- -------------
    bp000145       ich030       normal        4    499.761 kJ

