
gen	nevals	avg    	std    	min    	max    
1  	280   	10213.7	2592.2 	7564.2 	30065.9
2  	280   	10241.1	2825.73	7564.2 	45586.4
3  	280   	8342.78	2129   	7564.2 	36126.2
4  	280   	7900.11	1011.69	7561.52	12000  
5  	280   	7935.57	1099.08	7532.29	12000  
6  	280   	7798.02	850.832	7532.29	12000  
7  	280   	7733.62	712.593	7532.29	13587.4
8  	280   	7704.06	656.812	7532.13	12000  
9  	280   	7624.26	417.843	7526.35	12000  
10 	280   	7626.97	444.013	7526.35	12000  
11 	280   	7611.32	377.335	7525.36	12000  
12 	280   	7603.2 	376.688	7525.36	12000  
13 	280   	7592.82	331.7  	7525.36	12000  
14 	280   	7581.61	268.43 	7525.36	12000  
15 	280   	7583.61	334.63 	5931.93	12000  
16 	280   	7577.94	306.158	5931.93	12000  
17 	280   	7582.98	355.828	5931.93	12000  
18 	280   	7567.55	372.975	5931.93	12000  
19 	280   	7527.58	336.591	5931.93	12000  
20 	280   	7699.36	4700.28	4916.6 	117792 
21 	280   	8032.12	8214.78	4618.53	117792 
22 	280   	9208   	13603.8	2242.05	117792 
23 	280   	11813.1	19833.9	2242.05	117792 
24 	280   	14615.4	21027  	1050.29	117792 
25 	280   	16096.8	18000.2	1050.29	117792 
26 	280   	15839.5	19093.7	1050.29	117792 
27 	280   	15238.7	18789.7	1050.29	117792 
28 	280   	16186.4	18651.5	1050.29	117792 
29 	280   	16757.9	19425.8	1050.29	117792 
30 	280   	15560.6	17564.6	1050.29	147440 
31 	280   	14833.8	17626.2	1050.29	147440 
32 	280   	15906.3	18364.9	1050.29	147440 
33 	280   	14863.3	17909.7	941.608	147440 
34 	280   	14544.2	16731.2	941.608	147440 
35 	280   	11449.6	11419  	941.608	100595 
36 	280   	13022  	13345.1	941.608	83440.5
37 	280   	14566.8	16559.3	887.569	100711 
38 	280   	14257.1	15410  	941.608	88131.3
39 	280   	14635.1	15242.2	856.218	89399.2
40 	280   	16354.2	17291.4	856.218	88131.3
41 	280   	15021.5	14749.3	856.218	75218.3
42 	280   	13064.2	12839.8	856.218	71038.5
43 	280   	13756.7	13106.2	856.218	71038.5
44 	280   	13999.9	14909.9	794.288	76135.4
45 	280   	13951.5	14953.6	794.288	74076.3
46 	280   	13403.6	14530.5	794.288	96484.6
47 	280   	14937.6	15241.4	686.455	77421.9
48 	280   	14342.9	15948.4	686.455	113662 
49 	280   	16704  	16660.6	686.455	86196  
50 	280   	13850  	16418.5	686.455	126024 
Time elapsed: 2810 seconds.


Batch Job Summary Report (version 21.01.1) for Job "bpopt" (46295550) on daint

Job information (1/2)
-----------------------------------------------------------------------------------------------------
             Submit            Eligible               Start                 End    Elapsed Time limit
------------------- ------------------- ------------------- ------------------- ---------- ----------
2023-04-27T11:59:27 2023-04-27T11:59:27 2023-04-27T11:59:28 2023-04-27T12:47:40   00:48:12   11:59:00
-----------------------------------------------------------------------------------------------------

Job information (2/2)
-------------------------------------------------------------
    Username      Account    Partition   NNodes        Energy
------------ ------------ ------------ -------- -------------
    bp000145       ich030       normal        8   3387.996 kJ

