
gen	nevals	avg    	std    	min    	max    
1  	140   	1614.05	4379.63	102.475	50767.7
2  	140   	2125.44	10339.8	97.2169	165336 
3  	140   	1091.81	4379.91	97.2169	50767.7
4  	140   	461.336	308.639	85.0265	1553.92
5  	140   	451.765	348.81 	59.8859	2978.23
6  	140   	316.77 	272.983	55.9286	1553.92
7  	140   	359.005	331.332	37.1959	2285.59
8  	140   	310.851	391.914	37.1959	4869.02
9  	140   	359.305	600.371	37.1959	4869.02
10 	140   	347.988	661.568	37.1959	4869.02
11 	140   	305.02 	471.187	37.1959	4869.02
12 	140   	278.037	380.99 	37.1959	4869.02
13 	140   	298.96 	464.025	37.1959	4869.02
14 	140   	280.778	462.295	37.1959	4869.02
15 	140   	295.921	595.489	36.7351	4869.02
16 	140   	243.674	369.656	36.7351	4869.02
17 	140   	305.917	467.553	36.7351	4869.02
18 	140   	289.385	412.891	36.7351	4869.02
19 	140   	314.317	512.76 	37.1959	4869.02
20 	140   	321.043	448.792	37.1959	2437.08
21 	140   	271.909	310.109	37.1959	2317.64
22 	140   	346.952	330.824	37.1959	2317.64
23 	140   	274.772	272.202	37.1959	1481.54
24 	140   	268.733	260.658	37.1959	1172.55
25 	140   	281.284	254.398	38.2682	1362.4 
26 	140   	251.809	251.598	38.2682	1179.31
27 	140   	290.704	677.577	36.5853	10944.6
28 	140   	268.866	296.346	38.2682	2775.54
29 	140   	253.186	240.871	38.2682	1132.75
30 	140   	256.872	264.444	38.2682	1306.27
31 	140   	262.815	266.163	38.2682	1501.24
32 	140   	231.427	251.987	37.079 	1579.33
33 	140   	206.696	227.053	37.1373	1062.67
34 	140   	253.53 	250.45 	37.1373	1680.52
35 	140   	256.441	324.665	37.1373	3289.64
36 	140   	238.736	300.323	37.1373	3289.64
37 	140   	211.915	228.714	37.0359	1120.41
38 	140   	252.255	268.579	38.2682	1255.92
39 	140   	264.935	258.318	38.2682	1160.38
40 	140   	302.305	287.926	38.2682	1308.12
41 	140   	247.075	255.61 	36.5901	1135.35
42 	140   	284.247	262.15 	36.5901	1122.93
43 	140   	266.865	258.738	36.5901	1507.82
44 	140   	254.215	256.87 	36.5901	1085.03
45 	140   	324.946	811.147	36.5901	13092.7
46 	140   	227.27 	232.566	36.5901	1165.31
47 	140   	247.705	262.398	36.5901	1317.43
48 	140   	236.495	236.298	36.5901	1309.82
49 	140   	219.894	236.014	36.5901	1222.25
50 	140   	248.46 	254.929	36.5901	1196.12
51 	140   	268.035	611.261	36.5901	9623.32
52 	140   	279.866	284.448	36.5901	1399   
53 	140   	268.104	301.676	36.5901	1399   
54 	140   	233.145	393.299	36.5901	5353.73
55 	140   	239.838	258.487	35.7257	1399   
56 	140   	255.738	286.782	35.7257	1399   
57 	140   	354.099	1566.6 	36.5901	26058.7
58 	140   	269.304	277.665	36.5901	1250.42
59 	140   	298.552	333.296	36.5901	2380.73
60 	140   	273.013	272.59 	36.5901	1200.7 
61 	140   	280.996	289.406	36.5901	1248.33
62 	140   	263.412	276.772	36.5901	1713.05
63 	140   	350.439	1278.59	36.5901	21167.8
64 	140   	355.323	1279.86	36.5901	21167.8
65 	140   	353.001	1320.03	36.5901	21167.8
66 	140   	275.746	427.599	36.5901	6210.97
67 	140   	313.396	562.994	36.5901	6210.97
68 	140   	268.046	428.862	36.5901	6210.97
69 	140   	248.396	257.863	36.5901	1868.43
70 	140   	260.931	269.992	36.5901	1149.99
71 	140   	289.154	337.623	36.5901	2870.54
72 	140   	302.949	436.805	36.5901	5345.98
73 	140   	286.83 	359.23 	36.5901	2870.54
74 	140   	212.593	234.354	35.7826	1340.6 
75 	140   	252.957	267.719	36.5901	1259.64
76 	140   	258.447	311.498	36.5901	3536.37
77 	140   	262.674	333.123	36.5901	4052.46
78 	140   	253.615	312.973	36.5901	3066.7 
79 	140   	271.287	315.602	36.5901	1802.64
80 	140   	252.621	285.685	36.5901	2378.9 
81 	140   	265.24 	274.425	36.5901	2378.9 
82 	140   	285.958	279.532	37.0253	1284.32
83 	140   	224.195	233.612	37.0253	1353.12
84 	140   	296.541	669.209	37.0253	10480.8
85 	140   	245.814	263.722	37.0253	1474.6 
86 	140   	277.979	283.009	37.0253	1164.58
87 	140   	312.678	642.882	36.8649	8583.94
88 	140   	220.676	236.433	36.8649	1246.65
89 	140   	263.41 	305.12 	36.8649	2589.07
90 	140   	291.089	357.473	36.8649	3442.18
91 	140   	229.758	249.209	33.7426	1824.44
92 	140   	236.262	240.977	33.7426	1084.54
93 	140   	262.588	277.918	33.7426	1181.69
94 	140   	273.009	290.178	36.0124	1421.02
95 	140   	338.236	318.473	36.0124	2323.16
96 	140   	281.467	271.565	36.0124	1247.15
97 	140   	275.842	305.621	34.9243	1960.25
98 	140   	485.597	3372.45	34.9243	56586.9
99 	140   	246.301	268.066	34.9243	1232.93
100	140   	276.931	287.574	34.9243	1496.8 
Time elapsed: 805 seconds.


Batch Job Summary Report (version 21.01.1) for Job "bpopt" (45992350) on daint

Job information (1/2)
-----------------------------------------------------------------------------------------------------
             Submit            Eligible               Start                 End    Elapsed Time limit
------------------- ------------------- ------------------- ------------------- ---------- ----------
2023-04-14T11:24:00 2023-04-14T11:24:00 2023-04-14T11:25:45 2023-04-14T11:40:27   00:14:42   00:59:00
-----------------------------------------------------------------------------------------------------

Job information (2/2)
-------------------------------------------------------------
    Username      Account    Partition   NNodes        Energy
------------ ------------ ------------ -------- -------------
    bp000145       ich030       normal        4    573.765 kJ

