
gen	nevals	avg    	std    	min    	max        
1  	280   	4711.1 	45.4475	4579.29	4783.99    
2  	280   	4711.1 	45.1812	4578.46	4783.99    
3  	280   	4687.54	62.878 	4564.91	4786.58    
4  	280   	4647.61	65.9446	4559.35	4786.19    
5  	280   	4609.82	45.4256	4543.85	4783.24    
6  	280   	4589.66	27.6936	4543.64	4780.37    
7  	280   	4578.45	63.5256	3170.38	4666.78    
8  	280   	4534.52	263.167	395.347	4668.64    
9  	280   	4451   	520.022	352.832	4667.3     
10 	280   	4234.49	842.541	352.832	7384.28    
11 	280   	3819.45	1320.04	324.222	9412.49    
12 	280   	3625.36	1732.38	345.196	11432.6    
13 	280   	3684.79	2290.84	291.522	13403.1    
14 	280   	3822.23	2731.97	255.961	13725.7    
15 	280   	4342.54	3027.61	255.961	13375.1    
16 	280   	3525.7 	2474.29	255.961	13343.9    
17 	280   	3815.65	2943.4 	279.884	13458.2    
18 	280   	3834.52	2686.99	275.546	13458.2    
19 	280   	4051.06	3450.4 	263.254	14344.2    
20 	280   	3549.42	2804.6 	275.546	15233.6    
21 	280   	4066.83	3452.31	275.546	14715.3    
22 	280   	3594.63	2851.91	272.29 	15773.3    
23 	280   	4314.44	3603.19	275.546	19433      
24 	280   	3482.61	2655.1 	262.765	14510.7    
25 	280   	3749.28	3274   	262.765	14781      
26 	280   	3631.53	3078.65	225.559	14510.7    
27 	280   	4428.67	3753.63	210.038	15398.7    
28 	280   	3515.19	3006.97	210.038	15398.7    
29 	280   	4227.35	3839.31	210.038	19698.4    
30 	280   	3824.36	3579.33	220.091	16251.5    
31 	280   	4829.64	4194.98	220.091	16251.5    
32 	280   	4023.73	3471.69	192.695	22178.6    
33 	280   	5243.5 	4518.82	172.98 	22178.6    
34 	280   	3800.18	3153.11	192.695	22178.6    
35 	280   	3955.45	3475.56	191.172	22178.6    
36 	280   	3498.03	2814.7 	191.172	17239.2    
37 	280   	3819.89	3727.42	191.172	17239.2    
38 	280   	3493.73	2950.82	176.837	19141.9    
39 	280   	4469.3 	4435.1 	191.172	53634.6    
40 	280   	4144.86	3943.06	190.866	21496.4    
41 	280   	3737.91	3763.78	190.866	31231.7    
42 	280   	4202.83	4032.38	196.281	20515      
43 	280   	5525.12	4742.35	184.904	22931.9    
44 	280   	3974.41	3534.09	184.904	25181.5    
45 	280   	5329.86	4733.22	184.904	23443.3    
46 	280   	4283.59	4628.11	184.904	52528.5    
47 	280   	5053.15	4674.96	133.97 	30989.1    
48 	280   	5004.51	4573.68	133.97 	30989.1    
49 	280   	4259.51	3965.97	133.97 	21336.3    
50 	280   	4555.41	4393.3 	133.97 	36879.2    
51 	280   	3515.18	3260.52	119.073	36879.2    
52 	280   	4184.03	4390.17	119.073	36879.2    
53 	280   	3738.97	3210.57	119.073	17247.5    
54 	280   	4128.2 	3921.89	119.073	17833.2    
55 	280   	3559.15	3384.22	119.073	15288.5    
56 	280   	4584.15	6966.14	119.073	135062     
57 	280   	4203.73	8502.08	133.97 	135062     
58 	280   	4572.92	8692.96	133.97 	135062     
59 	280   	3641.61	4221.57	133.97 	61363.5    
60 	280   	5158.41	33975  	133.97 	804063     
61 	280   	7152.73	47893.2	133.97 	804063     
62 	280   	5102.07	33960.3	133.97 	804063     
63 	280   	8877.22	59041.1	133.97 	804063     
64 	280   	13700.4	82443.5	133.97 	804063     
65 	280   	9360.57	67497.7	165.718	804063     
66 	280   	7083.3 	49223.6	165.718	804063     
67 	280   	11538.9	62919  	165.718	804063     
68 	280   	6955.95	47884.1	165.718	804063     
69 	280   	11789  	75323.5	165.718	804063     
70 	280   	4881.87	33939.6	165.718	804063     
71 	280   	4347.71	4349.85	165.718	48928.9    
72 	280   	3766.84	4252.58	165.718	48928.9    
73 	280   	4358.66	5178.43	140.016	78539.7    
74 	280   	3837.17	3395.79	140.016	30805.5    
75 	280   	3834.32	3740.96	140.016	30805.5    
76 	280   	3907.8 	3701.25	140.016	28389.6    
77 	280   	4539.83	4248.09	140.016	28389.6    
78 	280   	4410.46	5056.74	140.016	74328.9    
79 	280   	3476.32	3100.43	140.016	16267.2    
80 	280   	4559.2 	4313.3 	140.016	28837.1    
81 	280   	3254.73	3169.54	140.016	18730.5    
82 	280   	3872.14	3707.97	140.016	18255.6    
83 	280   	4777.86	4116.76	140.016	16828      
84 	280   	3689.49	3126.61	140.016	25220.6    
85 	280   	4797.12	4600.88	140.016	34032.2    
86 	280   	3764.81	3590.81	139.76 	34032.2    
87 	280   	4757.92	4496.65	139.76 	23523.4    
88 	280   	4197.3 	3686.71	139.76 	23523.4    
89 	280   	3919.69	3935.73	139.76 	33086.6    
90 	280   	4131.61	3879.47	153.973	23523.4    
91 	280   	4920.86	4874.07	132.252	32192.4    
92 	280   	4589.87	4956.74	132.252	67811.9    
93 	280   	4000.96	4329.44	132.252	43227      
94 	280   	4362.85	4334.8 	119.648	38980.7    
95 	280   	4748.66	9775.37	119.648	200577     
96 	280   	6701.35	50961.1	119.648	1.20638e+06
97 	280   	6606.33	50983.8	119.648	1.20638e+06
98 	280   	4412.14	4526.2 	119.648	45661.4    
99 	280   	5033.86	5990.68	119.648	64459.7    
100	280   	4191   	3974.4 	119.648	45661.4    
101	280   	4625.36	5505.55	119.648	61502.7    
102	280   	3502.8 	3357.31	132.252	23523.4    
103	280   	4558.05	5187.93	132.252	65340.3    
104	280   	4142.79	4293.46	132.252	35548.9    
105	280   	4240.3 	4057.68	132.252	35548.9    
106	280   	4804.36	6607.51	132.252	122458     
107	280   	4121.01	6266.79	132.252	122458     
108	280   	3927.66	3785.29	132.252	46556.1    
109	280   	3830.65	3675.24	132.252	46556.1    
110	280   	3771.92	3548.89	132.252	42379.6    
111	280   	4544   	3824.76	132.252	19989.4    
112	280   	3824.58	3700.92	132.252	25682.9    
113	280   	3479.38	3526.72	132.252	26897.1    
114	280   	4792.1 	5113.11	132.252	62618.3    
115	280   	3956.98	3558.11	132.252	41047.5    
116	280   	3897.01	3835.29	132.252	37737.7    
117	280   	4389.13	4493.84	132.252	46249      
118	280   	3467.7 	3080.38	132.252	24275.1    
119	280   	3449.7 	3424.16	132.252	24275.1    
120	280   	4106.3 	4356.27	118.924	29478.8    
121	280   	3762.47	3398.83	118.924	18322.9    
122	280   	4319.06	4897.62	118.924	53162.9    
123	280   	4227.35	4739.27	132.252	53162.9    
124	280   	5049.62	4944.81	132.252	53162.9    
125	280   	3688.95	2840.83	132.252	14284.5    
126	280   	4153.11	3763.73	132.252	17398.7    
127	280   	4349.45	4640.3 	132.252	68070.8    
128	280   	3493.47	3912.92	132.252	31721.6    
129	280   	4338.47	6304.55	132.252	108011     
130	280   	6071.45	9294.46	132.252	108011     
131	280   	4539.05	7385.93	132.252	108011     
132	280   	4414.9 	4212.95	132.252	37491.6    
133	280   	5102.6 	4877.13	132.252	38319.8    
134	280   	3768.37	3114.1 	132.252	19132.4    
135	280   	4039.25	3915.83	132.252	19132.4    
136	280   	4385.87	4903.78	132.252	63380.5    
137	280   	4547.56	7984.62	132.252	157295     
138	280   	4038.98	4654.41	132.252	39454.8    
139	280   	4304.28	5447.16	132.252	79938.6    
140	280   	3929.61	4698.09	132.252	79938.6    
141	280   	4871.98	4419.03	132.252	21246      
142	280   	4182.04	3391.23	132.252	21246      
143	280   	4387.74	3888.58	132.252	28400.9    
144	280   	3991.92	3645.51	132.252	25035.2    
145	280   	4115.01	3766.89	132.252	25035.2    
146	280   	3965.5 	4016.76	132.252	35575.8    
147	280   	3568.95	3217.12	132.252	25035.2    
148	280   	4217.4 	3784.53	132.252	25035.2    
149	280   	3487.24	3160.24	132.252	25035.2    
150	280   	4394.01	4619.96	132.252	34423.6    
151	280   	3553.33	3705.13	132.252	34423.6    
152	280   	4006.9 	3918.78	132.252	34423.6    
153	280   	3566.65	3200.04	132.252	34423.6    
154	280   	3939.78	4203.64	132.252	38887      
155	280   	3560.46	3476.43	132.252	38887      
156	280   	4335.4 	4911.25	132.252	38887      
157	280   	4610.5 	5556   	132.252	38887      
158	280   	4054.62	3876.95	132.252	34423.6    
159	280   	3853.73	3972.66	167.969	36148.5    
160	280   	4621.86	4712.95	167.969	34423.6    
161	280   	4012.1 	3848.2 	167.969	34423.6    
162	280   	3680.12	3815.41	179.117	33358      
163	280   	4670.24	4796.52	152.867	33358      
164	280   	4216.22	7501.06	152.867	164281     
165	280   	4291.86	7763.91	145.697	164281     
166	280   	3880.56	7863.74	145.697	164281     
167	280   	4044.24	5414.39	145.697	43786.8    
168	280   	3507.01	3808.29	145.697	43786.8    
169	280   	4292.23	4330.9 	136.78 	39128.1    
170	280   	3608.08	3849.2 	136.78 	39128.1    
171	280   	3681.3 	3311.56	136.78 	29462.2    
172	280   	4322.63	3821.01	136.78 	19829.9    
173	280   	3880.82	3315.82	145.697	33750.8    
174	280   	4790.95	6483.81	141.959	117211     
175	280   	3911.53	3610.03	145.697	33750.8    
176	280   	4352.87	8491.62	145.697	179341     
177	280   	3951.69	3272.15	145.697	16934.1    
178	280   	4351.57	19158.8	145.697	451274     
179	280   	4228.97	3514.53	145.697	25596.5    
180	280   	4107.09	3647.02	145.697	26360.4    
181	280   	3816.16	3617.16	145.697	19234.3    
182	280   	4029.72	3894.72	145.697	26839.1    
183	280   	3770.39	3309.24	145.697	19234.3    
184	280   	4237.94	4618.69	145.697	66899.9    
185	280   	3549.84	3683.65	164.967	35811      
186	280   	4133.1 	4027.36	153.44 	30309.8    
187	280   	3645.7 	3184.39	164.967	20400.6    
188	280   	4333.68	4100.46	164.967	31013.7    
189	280   	3917.36	3406.06	164.967	19242.5    
190	280   	4594.42	5214.19	140.739	67043.3    
191	280   	3723.38	4815.95	140.739	85713.4    
192	280   	4349.94	4988.22	140.739	43739.6    
193	280   	3679.22	3869.72	140.739	35521.4    
194	280   	4021.87	4396.89	140.739	36497.6    
195	280   	4659.09	5282.07	140.739	49290.2    
196	280   	3872.53	4334.09	119.868	34482      
197	280   	5423.84	14930.2	119.868	335454     
198	280   	3515.62	3268.35	119.868	21587.5    
199	280   	5035.36	11571.2	119.868	257135     
200	280   	3903.32	3803.29	119.868	23654.8    
Time elapsed: 12112 seconds.


Batch Job Summary Report (version 21.01.1) for Job "bpopt" (48896460) on daint

Job information (1/2)
-----------------------------------------------------------------------------------------------------
             Submit            Eligible               Start                 End    Elapsed Time limit
------------------- ------------------- ------------------- ------------------- ---------- ----------
2023-09-12T09:31:33 2023-09-12T09:31:33 2023-09-12T09:35:25 2023-09-12T12:58:33   03:23:08   23:59:00
-----------------------------------------------------------------------------------------------------

Job information (2/2)
-------------------------------------------------------------
    Username      Account    Partition   NNodes        Energy
------------ ------------ ------------ -------- -------------
    bp000145       ich030       normal        8  17396.296 kJ

