
gen	nevals	avg    	std    	min    	max    
1  	280   	5660.62	1702.77	4573.65	9250   
2  	280   	5703.24	1733.94	4570.56	9250   
3  	280   	4785.32	647.674	4570.56	16844.8
4  	280   	4735.62	826.929	4570.56	16844.8
5  	280   	4702.31	526.263	4570.56	9250   
6  	280   	4653.05	289.064	4569.07	9250   
7  	280   	4659.81	403.285	4569.07	11095.7
8  	280   	4635.2 	107.849	4569.07	6322.44
9  	280   	4705.59	362.471	4565.71	9250   
10 	280   	4661.52	298.879	4565.71	9250   
11 	280   	4839.68	3897.73	4565.71	96590.4
12 	280   	4641.62	112.581	4565.71	6088.1 
13 	280   	4688.37	139.711	4565.71	6088.1 
14 	280   	4695.11	144.764	4563.79	6088.1 
15 	280   	4730.6 	138.742	4560.28	5105.91
16 	280   	4701.11	123.187	4549.26	5085.44
17 	280   	4722.28	142.714	4538.83	5346.66
18 	280   	4728.98	149.4  	4538.83	5782.3 
19 	280   	4690.47	151.436	3181.88	5662.2 
20 	280   	4724.91	746.132	2636.66	19473.4
21 	280   	4663.24	880.56 	568.399	18532.2
22 	280   	4782.44	1951.16	568.399	20842  
23 	280   	4988.81	2992.48	436.059	29858  
24 	280   	5674.11	4768.1 	372.475	33049.6
25 	280   	6493.16	5868.74	372.475	33049.6
26 	280   	6009.78	5729.27	372.475	34721  
27 	280   	5097.3 	4822.01	372.475	37136.2
28 	280   	4532.87	4394.54	370.497	30948.4
29 	280   	4642.36	4458.95	370.497	38193.4
30 	280   	4369.51	4282.48	259.721	26938.4
31 	280   	4487.86	4228.45	259.721	23908.3
32 	280   	4432.52	4565.86	259.721	34877.4
33 	280   	4638.45	5426.01	259.721	60203.8
34 	280   	5318.17	6265.03	259.721	60203.8
35 	280   	6180.61	7380.52	355.47 	60203.8
36 	280   	5484.77	6486.28	355.47 	61493.6
37 	280   	5189.67	6245.58	355.47 	60203.8
38 	280   	6929.8 	31009.4	355.47 	723279 
39 	280   	6575.17	7452.28	300.031	47860.1
40 	280   	6512.27	8092.3 	300.031	42775  
41 	280   	6744.5 	16375.1	284.659	350180 
42 	280   	6891   	8481.79	284.659	42522.2
43 	280   	8298.26	9572.31	263.054	42522.2
44 	280   	6371.59	7723.63	263.054	44296.9
45 	280   	6871.74	7724.43	263.054	51994.3
46 	280   	6431.88	7743.11	263.054	49090.2
47 	280   	6823.02	8472.57	263.054	44296.9
48 	280   	7959.36	10051.2	263.054	46264.8
49 	280   	7060.75	8937.79	263.054	51887  
50 	280   	7845.45	9583.21	263.054	53671  
51 	280   	7627.94	9724.1 	232.826	54742.8
52 	280   	7066.07	8528.82	232.826	46794.2
53 	280   	7832.35	9823.32	232.826	57247.3
54 	280   	6842.54	8840.09	232.826	44803.9
55 	280   	7929.29	9694.24	152.1  	47334.2
56 	280   	7857.87	9643.46	152.1  	67842.6
57 	280   	8243.91	9908.39	152.1  	57451.7
58 	280   	7167.72	8664.37	152.1  	57802  
59 	280   	6504.62	8313.81	152.1  	77760.3
60 	280   	6540.73	8412.91	152.1  	77760.3
61 	280   	6979.87	8139.83	152.1  	54815.8
62 	280   	5801.22	7385.22	152.1  	49354.6
63 	280   	5685.74	6377.7 	152.1  	49354.6
64 	280   	6362.84	7451.33	152.1  	51435.8
65 	280   	6482.33	7737.68	152.1  	57774.5
66 	280   	5232.32	6885.73	152.1  	52721.5
67 	280   	6414   	8456.28	152.1  	77903.8
68 	280   	6717.9 	9429.54	152.1  	93920.3
69 	280   	6547.55	8442.37	152.1  	50892.5
70 	280   	5714.19	6289.49	152.1  	50283.3
71 	280   	6219.11	7560.85	152.1  	50283.3
72 	280   	6514.34	9293.35	152.1  	74688.5
73 	280   	7140.61	13028  	152.1  	233818 
74 	280   	7389.7 	10050.1	152.1  	60643.5
75 	280   	6294.85	8770.54	152.1  	59693.7
76 	280   	6296.61	8104.63	152.1  	59693.7
77 	280   	5596.53	6743.14	152.1  	56874.7
78 	280   	6684.35	7882.19	152.1  	50283.3
79 	280   	5890.53	8309.36	152.1  	90675.2
80 	280   	6259.75	8794.95	152.1  	60831.9
81 	280   	6726.97	9249.29	152.1  	67181.2
82 	280   	6939.5 	9486.68	152.1  	67181.2
83 	280   	6909.64	9534.35	121.003	78815.2
84 	280   	7398.56	9855.04	121.003	52794.6
85 	280   	5871.41	9444.64	121.003	144175 
86 	280   	6955.46	13976.6	121.003	144175 
87 	280   	6228.37	10987.8	121.003	144175 
88 	280   	5855.18	7265.94	121.003	44994.4
89 	280   	6513.15	8638.34	121.003	58721.9
90 	280   	6132.75	8183.88	121.003	96703.8
91 	280   	7604.56	9831.53	121.003	83104.3
92 	280   	5914.82	7474.18	121.003	52006  
93 	280   	6673.55	9341.71	121.003	118494 
94 	280   	6454.73	8867.86	121.003	65937.3
95 	280   	7384.54	9697.36	121.003	69118.6
96 	280   	6608.19	8233.49	121.003	47281  
97 	280   	7563.09	9596.74	121.003	62701.8
98 	280   	7841.42	8642.89	121.003	64318.3
99 	280   	6809.73	8626.29	121.003	58644.2
100	280   	7294.31	8722.82	121.003	76829.7
Time elapsed: 8689 seconds.


Batch Job Summary Report (version 21.01.1) for Job "bpopt" (48920632) on daint

Job information (1/2)
-----------------------------------------------------------------------------------------------------
             Submit            Eligible               Start                 End    Elapsed Time limit
------------------- ------------------- ------------------- ------------------- ---------- ----------
2023-09-13T10:10:51 2023-09-13T10:10:51 2023-09-13T10:11:30 2023-09-13T12:37:50   02:26:20   23:59:00
-----------------------------------------------------------------------------------------------------

Job information (2/2)
-------------------------------------------------------------
    Username      Account    Partition   NNodes        Energy
------------ ------------ ------------ -------- -------------
    bp000145       ich030       normal        1  10110.084 kJ

