
gen	nevals	avg    	std    	min    	max    
1  	140   	594.491	365.145	66.5912	1743.16
2  	140   	597.945	354.698	66.5912	1919.3 
3  	140   	364.169	291.872	60.1738	3580.21
4  	140   	330.531	221.497	60.1738	1364.03
5  	140   	303.188	440.049	60.1738	5042.79
6  	140   	231.457	320.423	60.1738	4488.54
7  	140   	214.285	222.248	60.1738	2230.68
8  	140   	230.42 	306.082	58.9321	2230.68
9  	140   	249.135	613.501	50.5196	9534.33
10 	140   	183.475	136.239	50.5196	726.039
11 	140   	203.255	237.396	50.5196	2955.84
12 	140   	208.495	306.36 	43.235 	3666.23
13 	140   	194.42 	222.884	46.553 	2172.25
14 	140   	210.436	420.846	44.141 	5936.9 
15 	140   	195.989	240.797	35.6751	2304.73
16 	140   	254.304	580.872	30.7922	8336.29
17 	140   	186.88 	338.993	24.6325	5048.25
18 	140   	934.016	12741.8	24.6325	213736 
19 	140   	944.251	12741.4	24.6325	213736 
20 	140   	167.735	219.603	24.6325	2016.43
21 	140   	157.505	217.92 	24.6325	2016.43
22 	140   	184.993	234.262	24.6325	2505.08
23 	140   	188.067	472.911	24.6325	7599.02
24 	140   	191.948	817.073	24.6325	13648.4
25 	140   	188.315	600.157	24.6325	9901.84
26 	140   	158.287	165.618	24.6325	949.105
27 	140   	185.382	253.91 	24.6325	3224.49
28 	140   	158.978	154.862	24.6325	1020.93
29 	140   	162.123	161.828	24.6325	734.945
30 	140   	162.972	175.427	24.6325	2142.59
31 	140   	257.291	1222.91	24.6325	19615.4
32 	140   	164.721	201.742	24.6325	2588.55
33 	140   	150.109	154.185	24.6325	851.209
34 	140   	225.051	976.052	24.6325	14184.7
35 	140   	161.274	244.763	24.6325	2885.3 
36 	140   	297.545	2039.27	24.6325	34100.1
37 	140   	130.587	131.382	24.6325	724.435
38 	140   	159.555	174.001	24.6325	1263.89
39 	140   	159.567	141.107	24.6325	767.906
40 	140   	183.591	221.219	24.6325	2244.54
41 	140   	183.307	421.438	24.6325	4940.34
42 	140   	265.936	1873.41	24.6325	31419.2
43 	140   	190.009	308.89 	24.6325	3084.42
44 	140   	148.228	147.612	24.6325	983.176
45 	140   	167.489	171.937	24.6325	1283.53
46 	140   	199.782	627.768	26.9967	10142.4
47 	140   	148.274	140.977	26.9967	719.685
48 	140   	163.887	153.597	26.6923	889.261
49 	140   	182.34 	557.85 	25.9286	9125.15
50 	140   	151.178	146.546	26.3817	710.431
51 	140   	166.152	181.804	26.0235	1634.88
52 	140   	157.59 	162.065	25.6801	821.744
53 	140   	208.901	1022.94	25.6801	16993.3
54 	140   	171.447	337.458	25.6801	4113.98
55 	140   	159.525	181.815	26.0235	1515.57
56 	140   	217.442	820.065	26.0235	13529.7
57 	140   	140.143	154.811	26.0235	716.074
58 	140   	175.959	356.73 	24.7852	4572.59
59 	140   	147.125	156.828	24.7852	769.482
60 	140   	147.658	156.818	24.7852	756.779
61 	140   	171.359	285.269	24.7852	4121.25
62 	140   	165.886	194.758	26.3817	1451.04
63 	140   	144.406	144.496	26.3817	747.294
64 	140   	141.705	140.896	26.3817	854.287
65 	140   	155.44 	178.502	26.3817	1366.72
66 	140   	150.671	155.091	26.3817	650.746
67 	140   	197.411	584.239	26.3817	8574.49
68 	140   	181.789	272.88 	26.3817	3717.1 
69 	140   	155.67 	241.658	26.3817	3251.66
70 	140   	153.004	150.874	26.3817	795.224
71 	140   	153.21 	191.382	26.3817	2118.1 
72 	140   	168.268	269.035	26.3817	3872.67
73 	140   	151.478	153.472	26.3817	703.687
74 	140   	172.171	455.641	26.3817	7342.72
75 	140   	151.818	157.117	26.3817	1067.06
76 	140   	147.486	150.221	26.3817	858.789
77 	140   	231.544	1570.41	26.3817	26361.7
78 	140   	171.281	184.31 	26.3817	1458.89
79 	140   	144.063	157.186	26.3817	1110.27
80 	140   	172.086	344.412	26.0413	5319.13
81 	140   	171.8  	160.618	26.0413	1284.06
82 	140   	197.104	365.304	26.0413	4058.15
83 	140   	166.344	263.646	26.0413	3297.92
84 	140   	138.428	148.442	26.0413	760.68 
85 	140   	176    	191.907	26.0413	1625.71
86 	140   	171.115	241.837	26.0413	2578.9 
87 	140   	162.627	184.885	26.0413	1746.4 
88 	140   	165.392	153.699	26.0413	819.572
89 	140   	186.708	347.473	26.0413	3757.71
90 	140   	170.434	179.504	26.0413	1147.11
91 	140   	165.038	194.979	26.0413	1753.1 
92 	140   	147.16 	154.334	26.0413	735.707
93 	140   	163.031	258.532	26.0413	3534.32
94 	140   	200.24 	468.223	26.0413	6241.91
95 	140   	196.999	420.451	26.0413	6176.59
96 	140   	150.396	208.096	26.0413	2422.97
97 	140   	177.871	196.919	26.0413	1600.89
98 	140   	163.95 	176.778	26.0413	1290.2 
99 	140   	166.786	169.916	26.0413	819.823
100	140   	180.496	253.109	26.0413	3366.26
Time elapsed: 700 seconds.


Batch Job Summary Report (version 21.01.1) for Job "bpopt" (46002458) on daint

Job information (1/2)
-----------------------------------------------------------------------------------------------------
             Submit            Eligible               Start                 End    Elapsed Time limit
------------------- ------------------- ------------------- ------------------- ---------- ----------
2023-04-14T19:31:46 2023-04-14T19:31:46 2023-04-14T19:32:05 2023-04-14T19:45:08   00:13:03   00:59:00
-----------------------------------------------------------------------------------------------------

Job information (2/2)
-------------------------------------------------------------
    Username      Account    Partition   NNodes        Energy
------------ ------------ ------------ -------- -------------
    bp000145       ich030       normal        4    520.865 kJ

