
gen	nevals	avg    	std    	min    	max    
1  	140   	1176.32	2181.32	103.767	18362.8
2  	140   	1308.91	2658.75	103.767	19586  
3  	140   	567.289	907.883	95.8435	7483.73
4  	140   	469.888	655.979	59.4898	6450.44
5  	140   	517.24 	688.678	46.0222	5049.49
6  	140   	451.96 	674.53 	46.0222	6889.3 
7  	140   	337.96 	464.553	28.8448	3420.58
8  	140   	245.875	260.45 	28.8448	1606.25
9  	140   	286.889	1248.14	28.8448	20692.1
10 	140   	312.391	1270.5 	28.8448	20692.1
11 	140   	239.342	358.243	28.8448	3342.28
12 	140   	237.542	306.882	28.8448	2534.87
13 	140   	294.714	883.205	22.9629	13870.4
14 	140   	223.585	518.784	22.9629	6887.78
15 	140   	211.722	352.953	25.7957	2771.58
16 	140   	183.887	350.139	25.7957	3671.73
17 	140   	190.324	343.91 	23.4433	3671.73
18 	140   	246.491	1264.44	23.4433	20936.7
19 	140   	626.012	7123.09	23.4433	119416 
20 	140   	167.623	297.43 	23.4433	3285.05
Time elapsed: 1514 seconds.


Batch Job Summary Report (version 21.01.1) for Job "bpopt" (47069142) on daint

Job information (1/2)
-----------------------------------------------------------------------------------------------------
             Submit            Eligible               Start                 End    Elapsed Time limit
------------------- ------------------- ------------------- ------------------- ---------- ----------
2023-06-07T11:40:21 2023-06-07T11:40:21 2023-06-07T12:02:01 2023-06-07T12:28:52   00:26:51   00:59:00
-----------------------------------------------------------------------------------------------------

Job information (2/2)
-------------------------------------------------------------
    Username      Account    Partition   NNodes        Energy
------------ ------------ ------------ -------- -------------
    bp000145       ich030       normal        4 not available kJ

