
gen	nevals	avg    	std    	min    	max    
1  	140   	407.019	259.021	83.3672	2221.31
2  	140   	412.811	299.306	83.3672	2772.91
3  	140   	361.949	315.641	73.2548	2221.31
4  	140   	277.12 	238.526	63.6894	2421.71
5  	140   	243.278	198.429	58.2444	1551.02
6  	140   	923.683	8747.22	46.2434	124410 
7  	140   	711.12 	6161.93	45.9086	78527.3
8  	140   	205.445	184.262	45.9086	2058.48
9  	140   	195.988	154.209	45.9086	1410.85
10 	140   	194.673	167.997	45.9086	1410.85
11 	140   	198.495	184.135	46.0169	1855.66
12 	140   	242.332	916.159	38.7427	15345.5
13 	140   	316.968	1288.6 	38.7427	15345.5
14 	140   	204.103	171.204	38.7427	857.938
15 	140   	283.771	799.696	46.0169	12439.7
16 	140   	187.645	147.893	41.4317	787.37 
17 	140   	177.064	238.273	41.4317	2652.21
18 	140   	193.155	377.95 	41.4317	5478.51
19 	140   	208.348	452.13 	36.8343	7298.99
20 	140   	189.588	236.093	30.9167	2448.4 
21 	140   	160.015	203.645	39.1479	1933.99
22 	140   	152.572	170.328	39.1479	1891.06
23 	140   	174.413	161.368	39.1479	826.075
24 	140   	206.492	248.923	29.1727	3250.17
25 	140   	184.516	161.137	37.1643	816.478
26 	140   	225.161	471.557	35.6223	7415.11
27 	140   	162.89 	171.762	25.3829	1303.32
28 	140   	150.494	134.951	27.9719	815.495
29 	140   	141.673	154.534	27.9719	1809.64
30 	140   	200.49 	837.693	27.9719	13962  
31 	140   	137.851	119.863	27.9719	703.554
32 	140   	137.111	121.057	27.9719	591.144
33 	140   	137.9  	150.444	27.9719	1447.43
34 	140   	130.382	137.549	27.9719	1149.51
35 	140   	133.658	126.34 	27.9719	1111.38
36 	140   	122.976	105.151	27.9719	919.473
37 	140   	174.185	352.535	24.1489	5268.72
38 	140   	120.839	167.213	24.1489	2020.18
39 	140   	124.213	114.85 	24.1489	625.043
40 	140   	129.947	185.16 	23.2556	2049.89
41 	140   	118.835	116.808	23.2556	844.136
42 	140   	140.584	458.428	23.2556	7520.51
43 	140   	134.529	163.641	23.2556	1663.08
44 	140   	127.027	252.441	23.2556	2921.17
45 	140   	127.887	258.855	23.3606	3830.73
46 	140   	114.656	127.728	23.3606	1389.73
47 	140   	210.153	1496.88	23.3606	25105.3
48 	140   	117.295	102.004	23.3606	852.482
49 	140   	133.408	168.019	23.3606	1557.14
50 	140   	137.926	247.753	23.3606	2619.52
51 	140   	111.589	106.021	23.3606	876.386
52 	140   	104.987	94.1927	24.3132	557.456
53 	140   	123.7  	119.794	23.7211	1009.36
54 	140   	114.932	123.027	23.4831	802.352
55 	140   	120.097	181.999	23.4784	1758.17
56 	140   	118.148	129.841	23.1372	762.535
57 	140   	139.641	281.246	23.1372	4242.13
58 	140   	116.195	109.013	23.1372	681.792
59 	140   	118.747	126.961	23.1372	884.041
60 	140   	125.302	167.467	24.3523	1490.83
61 	140   	122.512	128.345	24.3523	998.683
62 	140   	135.016	161.909	24.3523	1730.63
63 	140   	269.086	2011.01	24.3523	33766.9
64 	140   	137.805	157.104	23.3753	1433.1 
65 	140   	130.092	219.822	22.3894	3173.9 
66 	140   	133.296	217.095	22.3894	3173.9 
67 	140   	155.052	149.752	22.3894	1352.27
68 	140   	120.643	119.157	23.9768	739.233
69 	140   	126.366	139.18 	23.5787	949.032
70 	140   	171.289	199.432	23.9768	2048.93
71 	140   	129.691	132.458	23.9768	1014.22
72 	140   	138.645	195.733	23.5645	2393.65
73 	140   	129.051	122.436	23.9768	806.056
74 	140   	124.365	143.484	21.0744	1552.82
75 	140   	405.119	4562.8 	23.9768	76595.4
76 	140   	164.107	795.192	23.9768	13264  
77 	140   	127.725	165.835	23.9768	1656.9 
78 	140   	155.441	604.708	24.3647	9919.7 
79 	140   	162.563	599.343	24.3647	9919.7 
80 	140   	158.138	595.803	23.4385	9919.7 
81 	140   	144.779	145.224	23.4385	939.974
82 	140   	128.664	232.108	23.4385	3213.31
83 	140   	128.525	339.184	23.4385	5365.21
84 	140   	159.187	317.133	23.4385	3524.6 
85 	140   	160.902	209.635	23.4385	2395.39
86 	140   	142.215	194.972	23.0889	2395.39
87 	140   	110.872	133.077	22.7148	1328.04
88 	140   	130.258	334.832	24.3555	4820.4 
89 	140   	114.651	175.175	22.3102	2037.4 
90 	140   	140.889	219.805	23.9565	2037.4 
91 	140   	143.009	271.466	24.3915	3583.33
92 	140   	150.628	139.669	25.075 	1218.73
93 	140   	278.654	2412.3 	25.075 	40515.7
94 	140   	155.442	418.328	23.1771	6689.12
95 	140   	117.323	121.128	23.1771	1028.39
96 	140   	135.52 	365.77 	23.1771	5882.47
97 	140   	121.49 	130.605	23.1771	1027.11
98 	140   	133.977	140.153	24.3585	1102.14
99 	140   	139.212	497.989	24.4757	8226.14
100	140   	127.012	116.499	24.4757	679.014
Time elapsed: 752 seconds.


Batch Job Summary Report (version 21.01.1) for Job "bpopt" (46022553) on daint

Job information (1/2)
-----------------------------------------------------------------------------------------------------
             Submit            Eligible               Start                 End    Elapsed Time limit
------------------- ------------------- ------------------- ------------------- ---------- ----------
2023-04-15T21:37:00 2023-04-15T21:37:01 2023-04-15T21:37:02 2023-04-15T21:50:52   00:13:50   00:59:00
-----------------------------------------------------------------------------------------------------

Job information (2/2)
-------------------------------------------------------------
    Username      Account    Partition   NNodes        Energy
------------ ------------ ------------ -------- -------------
    bp000145       ich030       normal        4 not available kJ



Batch Job Summary Report (version 21.01.1) for Job "bpopt" (46022553) on daint

Job information (1/2)
-----------------------------------------------------------------------------------------------------
             Submit            Eligible               Start                 End    Elapsed Time limit
------------------- ------------------- ------------------- ------------------- ---------- ----------
2023-04-15T21:37:00 2023-04-15T21:37:01 2023-04-15T21:37:02 2023-04-15T21:50:52   00:13:50   00:59:00
-----------------------------------------------------------------------------------------------------

Job information (2/2)
-------------------------------------------------------------
    Username      Account    Partition   NNodes        Energy
------------ ------------ ------------ -------- -------------
    bp000145       ich030       normal        1    543.091 kJ

