
gen	nevals	avg    	std    	min    	max        
1  	570   	7886.6 	1839.63	4608.57	9000       
2  	570   	7851.14	1864.84	4570.52	11330.4    
3  	570   	6122.78	1988.88	4581.26	21047.5    
4  	570   	5030.56	1089.07	4587.25	9000       
5  	570   	4914.75	963.127	4587   	9000       
6  	570   	4846.46	830.084	4587   	9000       
7  	570   	4941.27	1050.56	4577.95	9000       
8  	570   	4856.99	909.108	4567.72	9000       
9  	570   	4867.25	960.024	4561.46	9000       
10 	570   	4893.78	1029.15	4561.46	9000       
11 	570   	4876.12	1008.37	4561.46	9000       
12 	570   	4899.37	1067.27	4561.46	9000       
13 	570   	4916.11	1108.95	4552.87	9000       
14 	570   	4841.81	978.039	4552.87	9000       
15 	570   	4839.17	990.774	4545.36	12059.5    
16 	570   	4744.87	760.721	4545.36	9000       
17 	570   	4762.17	797.115	4545.36	9000       
18 	570   	4770.64	820.107	4533.04	9000       
19 	570   	4739.03	729.797	4533.04	9000       
20 	570   	4762.31	806.194	4533.04	9000       
21 	570   	4695.4 	630.94 	4531.34	11845      
22 	570   	4698.74	615.941	4529.01	9000       
23 	570   	4701.5 	670.604	3282.44	13155.5    
24 	570   	5000.02	11200.9	3208.07	382524     
25 	570   	5013.61	11250.2	3135.21	382524     
26 	570   	4705.93	1315.38	3135.21	21943.4    
27 	570   	4869.3 	2664.65	647.023	52350.5    
28 	570   	5071.33	4026.33	647.023	52350.5    
29 	570   	5901.17	6000.09	647.023	52350.5    
30 	570   	7665.07	8347.01	632.037	52350.5    
31 	570   	8611.75	9109.78	608.061	52350.5    
32 	570   	8989.27	9985.37	494.967	52350.5    
33 	570   	9276.98	11578.6	494.967	113176     
34 	570   	9300.24	11109.7	445.943	68969.7    
35 	570   	10516.2	12123.9	445.943	70044.3    
36 	570   	10069.9	11433.3	445.943	52350.5    
37 	570   	10124.8	10901.3	436.534	52350.5    
38 	570   	8992.54	10172.9	436.534	50822.9    
39 	570   	8779.98	10303.5	390.068	53723.7    
40 	570   	8918.7 	10974.9	390.068	63605.4    
41 	570   	8946.46	11179.2	390.068	52388.1    
42 	570   	9899.72	11962.1	390.068	66596.8    
43 	570   	8781.16	11871.5	371.526	178112     
44 	570   	8667.11	11654.1	371.526	78134      
45 	570   	9895.38	12556.4	337.215	78134      
46 	570   	9480.76	12971.5	278.212	78134      
47 	570   	9079.31	12324.1	278.212	78134      
48 	570   	8391.72	11810.3	278.212	78134      
49 	570   	8423.47	12314.2	278.212	78134      
50 	570   	8192.38	11625.5	278.212	91989.5    
51 	570   	8633.35	11745.7	278.212	86010      
52 	570   	7307.08	10123.1	229.786	55559.4    
53 	570   	7534.47	10823.5	229.786	68678.1    
54 	570   	7709.28	10883.7	229.786	70708.6    
55 	570   	7118.14	9583.03	229.786	56140.4    
56 	570   	6874.17	9657.04	229.786	72779.2    
57 	570   	6547.5 	9749.99	229.786	101563     
58 	570   	6848.49	10159.9	229.786	64746.5    
59 	570   	6689.68	9538.67	207.111	59627.3    
60 	570   	7159.4 	9964.49	220.259	61567.8    
61 	570   	7382.99	10282.7	219.067	68707      
62 	570   	6692.04	9571.19	219.067	65447.7    
63 	570   	7135.92	10184.7	219.067	85726.5    
64 	570   	8175.18	11413.5	219.067	79479      
65 	570   	8911.11	12385.7	219.067	92811.4    
66 	570   	8756.07	11787.8	219.067	72574.3    
67 	570   	8776.63	13869.3	219.067	258336     
68 	570   	9857.57	13037.7	219.067	77591.6    
69 	570   	8392.55	11754.1	219.067	83516.3    
70 	570   	9682.23	12286.2	219.067	72574.3    
71 	570   	8035.83	10352.3	156.031	70653.1    
72 	570   	7267.74	10167.8	156.031	76716.5    
73 	570   	7255.97	9780.51	156.031	57352      
74 	570   	7670.65	10821.6	156.031	97701.5    
75 	570   	7130.93	9485.98	156.031	63507.6    
76 	570   	6464.05	9259.57	156.031	102143     
77 	570   	8148.9 	10877.2	156.031	115092     
78 	570   	6960.11	9154.97	156.031	49235.8    
79 	570   	7458.1 	9853.88	156.031	94040.3    
80 	570   	7491.31	10045.7	156.031	84559.2    
81 	570   	6745.6 	9224.96	150.346	86682.2    
82 	570   	6751.89	8715.47	150.346	55620.2    
83 	570   	5618.02	7272.71	127.98 	50457.8    
84 	570   	6071.73	8133.04	127.98 	67372.1    
85 	570   	5252.02	7345.66	127.98 	75534      
86 	570   	5597.79	7789.46	127.98 	74459.1    
87 	570   	6247.24	9078.96	127.98 	88830      
88 	570   	4991.09	7337.68	127.98 	67772.3    
89 	570   	5520.89	8184.71	127.98 	70443.4    
90 	570   	6035.88	8505.77	127.98 	67707.5    
91 	570   	4969.18	7695.74	127.98 	101442     
92 	570   	5885.18	8779.69	127.98 	75596.2    
93 	570   	5317.82	7289.04	124.773	51410.8    
94 	570   	4814.15	7306.75	124.773	87503.2    
95 	570   	4939.23	7320.93	124.773	84841.9    
96 	570   	5461.57	8039.02	124.773	83725.6    
97 	570   	5166.99	6970.57	124.773	51592.1    
98 	570   	4857.51	7342.99	124.773	72796      
99 	570   	5104.16	6851.13	124.773	45939.5    
100	570   	4729.91	6800.62	124.773	49493.9    
101	570   	4521.69	6583.61	124.773	54462.4    
102	570   	4183.79	5933.44	124.773	43447.1    
103	570   	4157.74	6730.43	124.773	93906.3    
104	570   	4118   	5678.61	124.773	45573.4    
105	570   	4816.79	21749.1	124.773	710571     
106	570   	4336.99	6169.64	124.773	49719.4    
107	570   	4145.94	6499.22	124.773	49719.4    
108	570   	4334.93	6121.53	124.773	48345.2    
109	570   	4058.82	6345.24	124.773	60429.9    
110	570   	4417.97	7214.98	111.718	101531     
111	570   	4449.9 	7114.98	111.718	72520.3    
112	570   	4439.45	6752.27	111.718	49519.3    
113	570   	3834.5 	5704   	111.718	37512.2    
114	570   	4228.32	6388.71	111.718	47728.3    
115	570   	4194.31	6099.31	111.718	44423.4    
116	570   	4236.59	6362.1 	111.718	71277.2    
117	570   	4645.66	7435.65	110.717	83546.8    
118	570   	4223.17	6980.17	110.717	90647.9    
119	570   	4086.92	6555.68	110.717	66444.8    
120	570   	3807.66	6617.36	106.3  	83579.3    
121	570   	3896.75	7067.31	106.3  	98755.7    
122	570   	4568.36	7779.15	106.3  	72665.5    
123	570   	4586.91	7296.17	110.717	54548.2    
124	570   	4355.43	7029.21	106.227	74499.7    
125	570   	4354.16	6422.81	106.227	74499.7    
126	570   	4695.44	10193.9	106.227	256120     
127	570   	4693.96	17760.7	106.227	526419     
128	570   	5191.61	33139.2	106.227	1.09766e+06
129	570   	4326.04	6961.54	106.227	83549.6    
130	570   	4508.73	6918.52	106.227	51603      
131	570   	4454.42	6811.37	106.227	60792.4    
132	570   	4322.52	7252.99	106.227	90916.1    
133	570   	4736.12	7969.08	102.169	92543.2    
134	570   	4144.98	7011.89	102.169	105156     
135	570   	4190.45	6493.25	102.169	62551.8    
136	570   	4821.81	7695.18	102.169	88129.9    
137	570   	3875.65	6548.37	102.169	71608.1    
138	570   	3719.48	5820.24	102.169	59471      
139	570   	4196.01	6908.14	102.169	72704.6    
140	570   	4033.36	7261.68	102.169	123260     
141	570   	3784.91	5980.14	102.169	60859.9    
142	570   	4063.81	6828.5 	102.169	61813.3    
143	570   	4336.81	7742.82	102.169	114094     
144	570   	3981.92	7047.56	101.921	114094     
145	570   	4648.27	22054.4	102.169	714219     
146	570   	5306.54	49617.5	102.169	1.66522e+06
147	570   	3963.94	6581.42	102.169	45286.6    
148	570   	4183.4 	9423.06	102.169	198019     
149	570   	4195.68	13047.2	95.9459	338204     
150	570   	4100.23	7352.48	95.9459	76482.3    
151	570   	4018.13	7174.41	95.9459	108482     
152	570   	3973.14	7814.46	95.9459	114378     
153	570   	3820.82	6534.03	95.9459	65787      
154	570   	3927.94	6748.51	95.9459	56434.5    
155	570   	3714.92	6963.28	95.9459	92752.5    
156	570   	3580.06	5912.58	95.9459	61534.2    
157	570   	3554.19	6069.14	95.9459	69602.8    
158	570   	3611.07	6157.42	95.9459	70556.9    
159	570   	3289.22	5429.72	95.9459	62491.1    
160	570   	3426.23	5531.74	94.4159	45455.9    
161	570   	3395.75	5787.18	94.4159	58536.8    
162	570   	3700.19	6496.26	94.4159	92645.5    
163	570   	3381.28	5987.65	94.4159	75551.6    
164	570   	3557.98	5666.35	94.4159	48711.9    
165	570   	3722.86	6974.26	94.4159	122225     
166	570   	4062.15	7323.7 	94.4159	122841     
167	570   	4162.06	7170.72	94.4159	69602.5    
168	570   	3752.12	6419.1 	94.4159	56530.8    
169	570   	3775.07	6422.22	94.4159	59621.2    
170	570   	3691.26	6411.72	94.4159	77153.3    
171	570   	4235.54	15571.4	94.4159	478188     
172	570   	3940.96	7482.79	94.4159	75702.7    
173	570   	3763.51	6863.31	94.4159	85452.2    
174	570   	3653.24	7255.05	94.4159	100472     
175	570   	3684.62	6108.97	94.4159	75518.1    
176	570   	3247.82	5695   	94.4159	75518.1    
177	570   	3569.41	5892.8 	94.4159	59496.1    
178	570   	3309.94	5470.67	94.4159	59496.1    
179	570   	3441.69	6008.74	94.4159	62584      
180	570   	3364.14	5592.39	94.4159	50318.5    
181	570   	3566.92	6859.64	94.4159	122254     
182	570   	3434.73	6290.71	94.4159	70433      
183	570   	3234.85	5822.64	94.4159	93389.9    
184	570   	3899.43	9289.33	93.7828	192938     
185	570   	3785.72	7402.33	94.4159	96632.5    
186	570   	3468.83	6036.42	94.4159	79678      
187	570   	3231.19	5626.78	94.4159	78652.2    
188	570   	3670.9 	6407.78	94.4159	82543      
189	570   	3631.57	6402.13	94.4159	54424.8    
190	570   	3327.4 	5634.53	94.4159	73407.7    
191	570   	3212.63	5069.78	94.4159	43372.8    
192	570   	3545.6 	5879.49	94.4159	55547.5    
193	570   	3411.64	5950.52	94.4159	50021.5    
194	570   	3995.74	7484.16	94.4159	96269.3    
195	570   	3616.09	6090.06	94.4159	56547.5    
196	570   	3814.11	6518.71	94.4159	79798.3    
197	570   	3836.5 	9229.45	94.4159	204844     
198	570   	3591.1 	6629.82	94.4159	86312.2    
199	570   	3463.03	5966.27	94.4159	58686.6    
200	570   	3406.86	5738.35	94.4159	55341.6    
201	570   	3794.21	14826.7	94.4159	466593     
202	570   	4366.6 	20331.1	94.4159	467501     
203	570   	3455.56	6000.3 	94.4159	53404.9    
204	570   	3597.62	6245.75	94.4159	80710.2    
205	570   	3743.67	7743.26	94.4159	101810     
206	570   	3852.1 	7108.03	94.4159	80710.2    
207	570   	3580.78	6909.18	94.4159	80710.2    
208	570   	3842.06	7222.93	94.4159	98082.3    
209	570   	3839.92	6796.21	94.4159	67493.5    
210	570   	3863.19	6693.43	94.4159	69202.4    
211	570   	3646.23	6966.05	94.4159	107352     
212	570   	3742.03	6958.58	94.4159	69202.4    
213	570   	3365.98	6493.05	94.4159	85507.5    
214	570   	3743.54	6983.43	94.4159	71718.3    
215	570   	3738.9 	7022.39	94.4159	105787     
216	570   	3748.99	6277.47	94.4159	63704.3    
217	570   	3559.87	6741.67	94.4159	78334.7    
218	570   	3453.26	6194.82	94.2466	70596.6    
219	570   	3525.1 	6713.21	94.4159	78191.4    
220	570   	3485.53	5919.86	94.4159	52259.6    
221	570   	3432.1 	5864.87	94.4159	58655.5    
222	570   	3424.51	5215.86	94.4159	44412.2    
223	570   	3390.47	6366.13	94.4159	86974.6    
224	570   	3661.97	6512.68	93.7971	75520.4    
225	570   	3719.21	6362.67	93.7971	75520.4    
226	570   	3731.99	6333.24	93.7971	49408.5    
227	570   	3515.64	6521.75	94.4159	70983.6    
228	570   	3781.77	6782.04	94.4159	98014.4    
229	570   	3577.66	6862.4 	94.4159	98014.4    
230	570   	3221.43	5581.85	85.2872	48483.5    
231	570   	3567.18	8243.76	93.7667	210406     
232	570   	3479.18	6018.5 	93.7667	79535.9    
233	570   	3448.4 	5651.76	93.7667	44379.9    
234	570   	3137.6 	5079.43	94.4159	41454.1    
235	570   	3370.38	5219.25	94.4159	43891.8    
236	570   	3168   	5271.09	94.4159	67497.9    
237	570   	3523.07	7465   	94.4159	143192     
238	570   	3376.06	6010.72	94.4159	79567.3    
239	570   	3275.29	5488.84	94.4159	71462.1    
240	570   	3609.4 	6733.04	94.4159	99689.1    
241	570   	3587.8 	11116.5	94.4159	280734     
242	570   	3621.66	7152.52	94.4159	105725     
243	570   	3871.98	7993.67	94.4159	101744     
244	570   	3643.58	6326.19	94.4159	84242.7    
245	570   	4061.64	19300.9	94.4159	612470     
246	570   	3448.95	5710.29	94.4159	51862.1    
247	570   	3434.18	6443.12	94.4159	96726.6    
248	570   	3297.31	6021   	94.4159	118595     
249	570   	4156.05	21092.8	88.8268	674697     
250	570   	3667.88	7438.67	88.8268	92703.7    
251	570   	3351.5 	6225.46	88.8268	102834     
252	570   	3552.78	6601.85	88.8268	94097.9    
253	570   	3462.49	6377.92	88.8268	82456.4    
254	570   	3492.48	6177.76	88.8268	54525.3    
255	570   	3196.81	6053.13	88.8268	71332.4    
256	570   	3612.46	6989.83	88.8268	75710.4    
257	570   	3267.44	5307.3 	88.8268	45414.8    
258	570   	3460.78	6303.6 	88.8268	88692      
259	570   	3705.67	6738.95	88.8268	88692      
260	570   	3360.33	6278.09	88.8268	110641     
261	570   	3482.49	6408.64	88.8268	118701     
262	570   	3609.28	6897.54	88.8268	118701     
263	570   	3482.1 	7223.02	88.8268	118701     
264	570   	3590.03	7048.51	88.8268	109067     
265	570   	3908.74	7941.94	88.8268	98834.2    
266	570   	3445.64	6068.77	88.8268	58445.5    
267	570   	3567.46	6323.01	88.8268	59239      
268	570   	3256.19	5146.62	88.8268	50566.5    
269	570   	3550.83	6593.38	88.8268	83507.2    
270	570   	3476.21	6373.8 	88.8268	64457.1    
271	570   	3297.26	6368.66	88.8268	120466     
272	570   	3531.9 	7802.92	88.8268	134975     
273	570   	3609.29	6531.28	88.8268	80458.7    
274	570   	3619.32	7246.19	88.8268	96711.4    
275	570   	3500.73	6765.5 	88.8268	96711.4    
276	570   	3497.63	6961.71	88.8268	96711.4    
277	570   	3265.51	6251.92	88.8268	96711.4    
278	570   	3306.28	6307.37	87.7545	89553.4    
279	570   	3250.9 	5754.02	87.7545	55482.1    
280	570   	3427.78	6229.04	88.8268	62273.3    
281	570   	3474.16	6341.98	88.8268	72783.7    
282	570   	3349.41	5564.91	88.8268	65468      
283	570   	3585.15	6661.85	88.8268	75566.9    
284	570   	3566.25	6356.47	88.8268	74591.1    
285	570   	3461.21	6403.68	88.8268	74591.1    
286	570   	3446.58	5949.07	88.8268	58528.1    
287	570   	3239.71	5980.3 	88.8268	103357     
288	570   	3636.38	6957.75	88.8268	63333.7    
289	570   	3482   	6096.15	88.8268	43612.6    
290	570   	3481.53	7027.33	88.8268	109296     
291	570   	3525.82	7479.47	88.8268	116547     
292	570   	3096.86	6169.12	88.8268	90551.1    
293	570   	3312.39	6263.45	88.8268	91730.7    
294	570   	3276.89	5550.68	88.8268	40337.6    
295	570   	3224.56	5829.65	88.8268	81358      
296	570   	3448.39	6078.27	88.8268	71163.1    
297	570   	3401.29	6003.42	88.8268	46585.3    
298	570   	3515.99	6853.12	88.8268	111737     
299	570   	3485.7 	6563.37	88.8268	90680.6    
300	570   	3663.03	7638.29	88.8268	89058.3    
301	570   	3510.44	6215.94	88.8268	67609.8    
302	570   	3691.35	7978.22	88.8268	162621     
303	570   	3474.21	6950.77	88.8268	125901     
304	570   	3369.13	6675.7 	88.8268	112392     
305	570   	3831.72	15148.5	88.8268	451617     
306	570   	3513.56	6440.26	88.8268	91674.7    
307	570   	3176.84	5324.25	88.8268	51322.6    
308	570   	3143.05	6163.89	88.8268	91878.6    
309	570   	3467.82	6135.43	88.8268	52454.2    
310	570   	3879.3 	17761.9	88.8268	521306     
311	570   	3104.77	5997.38	88.8268	72381.5    
312	570   	3107.82	5462.64	88.8268	51825.2    
313	570   	3370.55	6307.87	88.8268	66481.3    
314	570   	3123.06	5476.98	88.8268	72481.7    
315	570   	3312.01	6013.28	88.8268	73502.4    
316	570   	3329.03	5935.97	88.8268	57782.9    
317	570   	3363.43	6267.2 	88.8268	63598.9    
318	570   	3559.67	6256.1 	88.8268	63330.2    
319	570   	3673.32	7255.64	88.8268	102129     
320	570   	3051.7 	5193.39	88.8268	54705.2    
321	570   	3525.26	12145.9	88.8268	356807     
322	570   	3640.54	12544.5	88.8268	356807     
323	570   	3243.6 	5575.43	88.8268	48348.9    
324	570   	3344.71	5937.53	88.8268	63611.9    
325	570   	3543.17	5779.58	88.8268	44390.6    
326	570   	3478.7 	6212.23	88.8268	74865.6    
327	570   	3772.11	7248.42	88.8268	68319.1    
328	570   	3612.78	7075.72	88.8268	93240.8    
329	570   	3567.96	8279.1 	88.8268	167122     
330	570   	3467.92	6409.87	88.8268	72732.7    
331	570   	3304.28	5889.43	88.8268	67630.5    
332	570   	3226.18	5527.7 	88.8268	52542.9    
333	570   	3365.81	6017.06	88.8268	72533.3    
334	570   	3515.05	6330.81	88.8268	71983.5    
335	570   	3226.84	5520.81	88.8268	47945.3    
336	570   	3401.37	6746.59	88.8268	104025     
337	570   	3248.16	5519.26	88.8268	59072.7    
338	570   	3407.54	6523.36	88.8268	92632      
339	570   	3261.02	5975.75	88.8268	80356.4    
340	570   	2963.52	5122.06	88.8268	60972.6    
341	570   	3024.2 	5033.13	88.8268	61830.2    
342	570   	3300.93	8361.11	88.8268	222611     
343	570   	3184.59	5354.52	88.8268	58638.7    
344	570   	3283.05	5801.54	88.8268	90931.4    
345	570   	3202.03	5451.05	88.8268	48429.4    
346	570   	3290.94	6210.48	88.8268	97658.9    
347	570   	3057.68	5413.23	88.8268	53518.9    
348	570   	3200.23	6812.95	88.8268	122753     
349	570   	4023.52	27800.1	88.8268	923293     
350	570   	3420.13	7865.55	88.8268	190374     
351	570   	3048.54	5125.53	88.8268	55585.9    
352	570   	3570.93	6693.85	88.8268	82561      
353	570   	3432.34	6064.19	88.8268	69438.8    
354	570   	3579.56	6781.8 	88.8268	95722.1    
355	570   	3476.12	6789.6 	88.8268	82632.2    
356	570   	3594.47	10188.4	88.8268	281617     
357	570   	3513.79	6912.96	88.8268	105462     
358	570   	3592.02	6209.43	88.8268	46394.1    
359	570   	3232.47	5281.7 	88.8268	48672.5    
360	570   	3299.24	6886.07	88.8268	86353.8    
361	570   	2954.61	5058.73	88.8268	62300.3    
362	570   	3449.93	6276.87	88.8268	95255.9    
363	570   	3738.1 	6865.93	88.8268	75553.4    
364	570   	3603.4 	9139.8 	88.8268	237787     
365	570   	3621.73	6489.79	88.8268	72346.5    
366	570   	3202.16	5690.61	87.4572	64563.5    
367	570   	3338.17	11002.3	88.8268	329488     
368	570   	3925.43	9071.06	88.8268	203634     
369	570   	3603.86	7499.02	88.8268	147533     
370	570   	3757.78	7056.5 	88.8268	75503.2    
371	570   	3470.33	6113.64	88.8268	73286.2    
372	570   	3260.3 	5847.17	88.8268	90755.6    
373	570   	3260.27	5597.13	88.8268	51542.9    
374	570   	3457.63	6443.74	88.8268	59505.8    
375	570   	3675.19	6894.96	88.8268	90710      
376	570   	3408.29	7054.13	88.8268	100114     
377	570   	3083.47	5817.77	88.8268	96658.6    
378	570   	3291.52	5868.39	88.8268	77741.5    
379	570   	3284.97	6828.3 	88.8268	124028     
380	570   	3623.62	6547.13	88.8268	77564.8    
381	570   	3577.09	6231.84	88.8268	57144.4    
382	570   	3317.86	6479.86	88.8268	79480.3    
383	570   	3265.39	5769.81	88.8268	67512.1    
384	570   	3234.73	5605.38	88.8268	67583.5    
385	570   	3575.66	6348.85	88.8268	75613.8    
386	570   	3197.28	5572.57	88.8268	52447.4    
387	570   	4425.99	34699.7	88.8268	1.15597e+06
388	570   	3214.19	5343.03	88.8268	53395.3    
389	570   	3716.86	8381.17	88.8268	119690     
390	570   	3624.73	6237.51	88.8268	50443.2    
391	570   	3336.6 	5726.41	88.8268	50429.6    
392	570   	3352.76	6740.19	88.8268	101491     
393	570   	3216.44	5355.03	88.8268	46755.3    
394	570   	3390.47	6370.74	88.8268	82739.4    
395	570   	3213.19	5388.53	88.8268	51589.9    
396	570   	3360.17	6208.83	88.8268	61628.5    
397	570   	3308.07	5872.3 	88.8268	72554      
398	570   	3410.45	6325.09	88.8268	69472.1    
399	570   	3488.94	9574.27	88.8268	266665     
400	570   	3305.78	6436.9 	88.8268	113651     
401	570   	3483.9 	9027.56	88.8268	201247     
402	570   	3038.21	5203.25	88.8268	50518      
403	570   	3384.4 	6157.55	88.8268	70580.4    
404	570   	3202.6 	5649.77	88.8268	53436.6    
405	570   	3188.47	7015.31	88.8268	139880     
406	570   	3131.3 	5402.52	88.8268	45092.1    
407	570   	3665.65	7297.42	88.8268	80673.2    
408	570   	3276.41	5962.33	88.8268	65380      
409	570   	3462.31	6569.73	88.8268	92741.3    
410	570   	3433.74	6575.05	88.8268	100663     
411	570   	3474.74	6833.12	88.8268	89969.7    
412	570   	3335.09	5946.52	88.8268	60424.8    
413	570   	3419.73	6577.39	88.8268	87652.7    
414	570   	3206.23	5744.96	88.8268	53376.8    
415	570   	3499.46	6795.89	88.8268	96631.1    
416	570   	3757.91	7336.43	88.8268	90588.7    
417	570   	3192.03	5738.74	88.8268	57462.6    
418	570   	3657.25	6414.62	88.8268	55184.8    
419	570   	3387.17	5938.71	88.8268	64542.1    
420	570   	3404.87	5620.45	88.8268	44485.2    
421	570   	3544.17	6927.22	88.8268	78578      
422	570   	3513.84	6842.74	88.8268	81722      
423	570   	3408.73	6028.74	88.8268	67580.1    
424	570   	3603.19	7942.13	88.8268	111041     
425	570   	3040.93	5422.97	88.8268	82429.4    
426	570   	3189.47	6202.81	88.8268	116340     
427	570   	3344.43	6068.06	88.8268	78695.1    
428	570   	3598.18	7903.35	88.8268	143098     
429	570   	3476.37	6690.77	88.8268	83471      
430	570   	3198.28	6246.2 	88.8268	125879     
431	570   	3449.19	6565.47	88.8268	95639.3    
432	570   	3373.49	7351.06	88.8268	145977     
433	570   	3309.4 	5865.59	88.8268	57607.7    
434	570   	3459.88	7052.16	88.8268	98884      
435	570   	3107.29	5342.37	88.8268	51507.6    
436	570   	3422.47	6237.45	88.8268	62538.7    
437	570   	3308.34	7271.99	88.8268	107753     
438	570   	3261.15	6184.6 	88.8268	67586.1    
439	570   	3302.34	6569.68	88.8268	100682     
440	570   	3207.83	5907.77	88.8268	68561.4    
441	570   	3369.24	6213.48	88.8268	77523.2    
442	570   	5692.75	83347  	88.8268	2.81167e+06
443	570   	3353.14	5850.89	88.8268	61521.6    
444	570   	3400.76	5823.11	88.8268	55485.2    
445	570   	3597.02	6742.55	88.8268	73496      
446	570   	3364.69	6053.1 	88.8268	59530      
447	570   	3386.65	8180.75	88.8268	138638     
448	570   	3333.32	6549.21	88.8268	80621.2    
449	570   	3339.21	6176.06	88.8268	84173.4    
450	570   	3167.4 	6127.28	88.8268	112396     
451	570   	3658.7 	10500.1	88.8268	292376     
452	570   	3081.12	6301.19	88.8268	118692     
453	570   	3216.95	5384.38	88.8268	47435.9    
454	570   	3420.89	6473.97	88.8268	115215     
455	570   	3547.6 	6299.94	88.8268	70542.9    
456	570   	3733.33	7198.08	88.8268	106294     
457	570   	3906.79	14464.1	88.8268	432462     
458	570   	3929.05	14721  	88.8268	432462     
459	570   	3629.49	7933.95	88.8268	114314     
460	570   	3106.85	5500.33	88.8268	60728      
461	570   	3239.04	6586.74	88.8268	105680     
462	570   	3354.27	7055.06	88.8268	104427     
463	570   	3271.71	6071.04	88.8268	77683.5    
464	570   	3372.24	6292.16	88.8268	75634      
465	570   	3559.86	9796.09	88.8268	273432     
466	570   	3071.62	5086.15	88.8268	51788.1    
467	570   	3258.42	6365.69	83.998 	111828     
468	570   	3425.89	5695.97	83.998 	42541.7    
469	570   	3295.35	5878.94	88.8268	79245.9    
470	570   	3295.39	6641.31	88.8268	113091     
471	570   	3383.45	6311.56	88.8268	57948.1    
472	570   	3410.19	6842.19	88.8268	83791.6    
473	570   	3499.75	6939.63	88.8268	105636     
474	570   	3175.53	5628.93	88.8268	64977.5    
475	570   	3223.69	5485.73	88.8268	51501.3    
476	570   	3309.19	6591.67	88.8268	108155     
477	570   	3517.1 	7240.9 	88.8268	108155     
478	570   	3086.3 	6093.9 	88.8268	108155     
479	570   	3265.6 	6028.98	88.8268	63627.9    
480	570   	3423.51	6055.29	88.8268	84583.8    
481	570   	3475.48	6251.32	88.8268	64640.1    
482	570   	3693.68	7190.27	88.8268	68527.4    
483	570   	3288.99	5622.59	88.8268	43111.2    
484	570   	3776.06	15580  	88.8268	476925     
485	570   	3445.9 	8014.05	88.8268	163317     
486	570   	3632.92	7332.83	88.8268	81528.8    
487	570   	3660.51	10194.5	88.8268	251577     
488	570   	3154.61	5379.68	88.8268	49571.2    
489	570   	3194.86	6541.62	88.8268	111894     
490	570   	3179.66	5587.85	88.8268	73534.2    
491	570   	8168.68	168606 	88.8268	5.69515e+06
492	570   	3559.21	6675.41	88.8268	61472.1    
493	570   	3640.8 	6765.73	88.8268	80734.9    
494	570   	3479.74	6351.51	88.8268	69520.9    
495	570   	2998.42	4800.11	88.8268	44474.7    
496	570   	3465.87	6161.39	88.8268	69624.2    
497	570   	3600.85	6601.88	88.8268	70410.2    
498	570   	3333.32	5976.29	88.8268	61580.1    
499	570   	3118.31	5245.98	88.8268	48994.5    
500	570   	3048.89	5276.75	88.8268	52878.8    
Elapsed time: 21303 seconds (5h 55m 3s)
