
gen	nevals	avg    	std    	min    	max    
1  	280   	7370.04	1893.28	4988.57	9000   
2  	280   	7374.47	1891.84	4988.57	9000   
3  	280   	5643.63	1488.52	4948.58	24347.6
4  	280   	5224.13	686.175	4833.26	17280.6
5  	280   	5155.98	1070.64	4856.7 	29741.3
6  	280   	5243.38	3409.57	4799.58	85089.6
7  	280   	5322.52	3946.23	4799.58	85089.6
8  	280   	5330.16	3956.54	4761.32	85089.6
9  	280   	5331.17	4100.2 	4752.24	89571.8
10 	280   	5046.44	2071.22	3502.57	36444.4
11 	280   	5142.81	3029.09	2335.47	36444.4
12 	280   	5697.51	5242.7 	2335.47	38751.5
13 	280   	7016.47	8166.28	944.238	39584  
14 	280   	9132.1 	11045.6	944.238	44431.7
15 	280   	11603.2	12949.9	944.238	44431.7
16 	280   	9928.98	11390.6	944.238	63898.8
17 	280   	11391.7	12998.1	944.238	63898.8
18 	280   	11458.8	12996.4	944.238	76386.1
19 	280   	8314.89	10235.8	944.238	46472.8
20 	280   	11006.8	12659.8	871.438	112756 
21 	280   	9448.77	10291.9	837.443	55314.9
22 	280   	10667  	11275.5	837.443	55314.9
23 	280   	9327.15	9982.74	762.621	55314.9
24 	280   	8385.94	10021.7	762.621	55314.9
25 	280   	11133.7	11621  	762.621	55314.9
26 	280   	11052.9	11950.3	762.621	55314.9
27 	280   	10802.1	11975.7	762.621	67539.9
28 	280   	11983.9	12824  	658.513	67539.9
29 	280   	11528.9	12752.2	762.621	65411.2
30 	280   	11977.1	13041.1	762.621	57170.1
31 	280   	13229.5	14598.3	762.621	57170.1
32 	280   	11892.2	14149.4	684.475	64342.4
33 	280   	12020.1	13470.8	684.475	64342.4
34 	280   	11996.7	13302.1	684.475	64342.4
35 	280   	12165.7	14686.4	762.621	113582 
36 	280   	14118  	15650.6	762.621	64342.4
37 	280   	12819.5	14269.4	725.797	57170.1
38 	280   	11409.4	13983.1	725.797	103700 
39 	280   	12217.7	13805.7	631.841	64241.7
40 	280   	11338.2	13827.3	631.841	80436.3
41 	280   	11962  	13464.7	592.105	61215.5
42 	280   	12208.9	14649.5	592.105	114834 
43 	280   	12255.5	13643.8	592.105	52211.8
44 	280   	11674.3	14199.3	592.105	63049  
45 	280   	13394.9	15299.3	592.105	65373  
46 	280   	12067.4	15040.1	592.105	75424.1
47 	280   	11485.3	14395.2	592.105	65010.3
48 	280   	10068.5	13786.5	592.105	77298.1
49 	280   	11486.5	14569.6	592.105	72153.6
50 	280   	11780.2	16184.9	573.016	130721 
51 	280   	11305.7	15031.2	573.016	72153.6
52 	280   	10821.1	14338.2	572.535	60172.9
53 	280   	10919.7	14342.3	573.016	82892.9
54 	280   	11709.8	14757.8	573.016	64051.9
55 	280   	11301.9	14947  	573.016	70103.2
56 	280   	10432.5	13823.8	523.25 	122728 
57 	280   	10035.8	13300.8	432.782	62154.3
58 	280   	9028.86	12641.6	432.782	62275.2
59 	280   	10808.7	14155.2	432.782	70216.3
60 	280   	11324.8	15821.6	432.782	117059 
61 	280   	10387.5	14678  	432.782	119728 
62 	280   	11953.9	16911  	432.782	156327 
63 	280   	10898.9	15357.8	432.782	111560 
64 	280   	12216.9	15850.5	432.782	131635 
65 	280   	10037.2	13729.1	432.782	65320.7
66 	280   	11454.7	13931.6	432.782	61994.6
67 	280   	11267  	15067  	432.782	142812 
68 	280   	10915.2	13409.8	432.782	86387.6
69 	280   	9794.29	13581.5	432.782	113677 
70 	280   	10022.4	12361.7	452.352	63032.8
71 	280   	9999.82	13501.6	452.352	130222 
72 	280   	11205.6	14718.6	452.352	102417 
73 	280   	10429.3	12904.5	452.352	67161.7
74 	280   	10769.5	13806.4	452.352	91402.3
75 	280   	9916.37	14028.1	452.352	125882 
76 	280   	9617.01	13464.8	452.352	104385 
77 	280   	9411.89	13235.1	452.352	73179.6
78 	280   	10288.8	13751.4	452.352	93404.4
79 	280   	10479.2	14057.9	452.352	73847  
80 	280   	10071.2	14723.9	435.062	138809 
81 	280   	10850.8	15829.2	435.062	134310 
82 	280   	9453.89	12657.4	435.062	63884.2
83 	280   	8518.22	11448.4	435.062	56904.9
84 	280   	10955.5	14774.5	435.062	132091 
85 	280   	9340.1 	12724.5	435.062	80070.1
86 	280   	10080.7	12964.4	435.062	65869.2
87 	280   	10628  	14108.1	435.062	100662 
88 	280   	11950  	14629  	435.062	91312.8
89 	280   	10729.2	14353.9	435.062	109562 
90 	280   	12425.2	17150.1	435.062	112726 
91 	280   	10507.8	14461.2	435.062	96362.8
92 	280   	9320.66	12672.9	435.062	80069.8
93 	280   	10780.4	13914  	435.062	89219.2
94 	280   	10234.5	13264.7	435.062	90400.4
95 	280   	10725.7	15799.5	435.062	121701 
96 	280   	10772.5	13201.7	435.062	73061.4
97 	280   	9816.97	13401.3	445.733	113337 
98 	280   	10386.3	13765.6	445.733	103332 
99 	280   	9731.22	14520.4	445.733	109139 
100	280   	10151  	15388.2	445.733	146874 
101	280   	10981.6	15789.7	445.733	131662 
102	280   	9730.04	13900.3	445.733	86259.8
103	280   	10404.3	15834.9	445.733	109526 
104	280   	11339.3	16772  	445.733	147450 
105	280   	11873  	15531  	445.733	95615.3
106	280   	10061.7	14826  	424.81 	97310.9
107	280   	12002.9	17650.2	404.033	123688 
108	280   	12710.4	16590.7	404.033	146016 
109	280   	12163  	16883  	404.033	119498 
110	280   	10716.3	15786.9	404.033	108483 
111	280   	11913.1	16116.5	402.184	126635 
112	280   	11550.4	16410.5	395.077	108512 
113	280   	9697.42	15132.3	395.077	111337 
114	280   	11548.4	16722.4	395.077	103359 
115	280   	11860.1	16848.1	404.033	110599 
116	280   	13065.9	18145.3	404.033	151133 
117	280   	11936.8	17751.1	404.033	159824 
118	280   	12124.6	16348.4	404.033	99235.5
119	280   	11307.6	15967.7	404.033	139393 
120	280   	14692.6	19861.4	404.033	129845 
121	280   	12356.8	16700.2	404.033	127650 
122	280   	13363.4	18923.8	404.033	148151 
123	280   	14464.7	20845.5	404.033	161170 
124	280   	13008.6	17842.8	404.033	134543 
125	280   	10609.4	15244.4	404.033	148874 
126	280   	10619.7	15401.5	404.033	98408.7
127	280   	11486.1	18622.6	404.033	140578 
128	280   	11749.4	18574.7	404.033	146835 
129	280   	13145.7	20772.1	404.033	135172 
130	280   	12858.3	19584.4	404.033	131785 
131	280   	11762.6	17718.2	404.033	125174 
132	280   	14089.5	20408.6	404.033	135491 
133	280   	13431.2	21014.4	404.033	133803 
134	280   	14211.5	20082  	404.033	151063 
135	280   	11432  	18066  	404.033	133712 
136	280   	12188.1	19318.7	404.033	122713 
137	280   	13267.5	18888.5	404.033	117435 
138	280   	12062.2	18253.1	404.033	113490 
139	280   	11411.4	18317.6	404.033	134908 
140	280   	13397.7	20525.6	404.033	157897 
141	280   	12232  	19718.8	370.195	137651 
142	280   	11927.6	17582.6	404.033	113623 
143	280   	11895.8	17877.3	404.033	137756 
144	280   	12025.7	18260.1	404.033	132932 
145	280   	11104.2	18208.7	404.033	130755 
146	280   	13099.4	21102.7	404.033	141126 
147	280   	11883.9	18408.6	404.033	133714 
148	280   	11595.5	18189  	404.033	127482 
149	280   	11658.6	17569.9	366.595	114280 
150	280   	9646.77	16581.3	366.595	126504 
151	280   	11258.7	17627.8	404.033	147651 
152	280   	11250  	18491.1	404.033	134803 
153	280   	11861.5	18919.9	404.033	109454 
154	280   	11945.9	17445  	404.033	127804 
155	280   	11844.8	20472.5	404.033	148659 
156	280   	12239.7	19769.1	404.033	129590 
157	280   	13423  	22218.6	404.033	132030 
158	280   	14973.5	23594.4	404.033	157076 
159	280   	10859.5	17764.8	404.033	154855 
160	280   	11872.9	17971.3	386.998	136015 
161	280   	9784.49	16430  	380.285	125682 
162	280   	10721.3	18643.1	386.998	139310 
163	280   	12261.6	20043.7	386.998	139310 
164	280   	12455.3	20823.6	335.534	139310 
165	280   	13642.8	24946.1	335.534	146715 
166	280   	10499.9	18414.3	335.534	133753 
167	280   	10190.3	17684  	335.534	128743 
168	280   	12340.4	20206.8	335.534	153987 
169	280   	13995.5	22943.9	335.534	148923 
170	280   	11277.9	19613.6	335.534	131123 
171	280   	10395.1	18161.9	335.534	133119 
172	280   	9541.82	17695.8	335.534	127710 
173	280   	9103.22	15828.4	335.534	107003 
174	280   	10015.5	18252.3	335.534	143004 
175	280   	10974  	18936.5	335.534	128746 
176	280   	10260.3	20430.8	335.534	149882 
177	280   	11980.4	20219.5	335.534	147008 
178	280   	9583.19	16635.5	335.534	122528 
179	280   	9886.39	17423.6	335.534	148088 
180	280   	10428.2	17775.3	335.534	130887 
181	280   	10221.4	18711.5	315.992	138796 
182	280   	10329.1	18848.5	335.534	135192 
183	280   	9999.94	16311.8	335.534	126400 
184	280   	9935.12	16553.1	355.78 	122632 
185	280   	9469.08	16499.7	249.797	145722 
186	280   	11307.2	19607.2	249.797	132602 
187	280   	8382.83	14100.7	249.797	165861 
188	280   	9015.45	13851.3	249.797	121835 
189	280   	9732.19	18338.3	249.797	119580 
190	280   	9885.35	15992.4	249.797	138608 
191	280   	9168.34	17668.6	249.797	138654 
192	280   	10895.7	18177.2	249.797	141869 
193	280   	9218.16	16452.7	249.797	120507 
194	280   	10620.1	16856  	249.797	140706 
195	280   	9955.02	16574.8	249.797	127595 
196	280   	9620.82	16130.1	249.797	123470 
197	280   	10661.5	18073  	249.797	127421 
198	280   	9360.71	16968.9	249.797	141631 
199	280   	13221.9	23149.5	249.797	153034 
200	280   	9932.62	18368  	249.797	121980 
201	280   	9627.04	16915.6	249.797	118193 
202	280   	11283  	19536  	249.797	132593 
203	280   	11878.1	21084.4	249.797	135159 
204	280   	10136.2	18655.1	249.797	147729 
205	280   	12093.6	20856.6	249.797	135916 
206	280   	10311.1	18507.1	249.797	151231 
207	280   	10342.2	17390.5	249.797	108576 
208	280   	9880.43	17672.3	249.797	128943 
209	280   	9323.04	16564.4	249.797	142987 
210	280   	11076.7	19712.6	249.797	138860 
211	280   	11738.5	21083.2	249.797	146781 
212	280   	9408.57	18215.8	249.797	149653 
213	280   	12029.1	20732.5	249.797	141709 
214	280   	11162.6	20063.6	249.797	140006 
215	280   	11244.9	18495.9	249.797	131752 
216	280   	9554.17	18480.4	249.797	125448 
217	280   	11824.4	20113.3	249.797	126424 
218	280   	12010.2	20931.3	249.797	152738 
219	280   	10436.5	17567.8	249.797	124560 
220	280   	11071  	18863.1	249.797	122633 
221	280   	11075.2	20048.2	249.797	127562 
222	280   	12521  	22152.4	249.797	155942 
223	280   	10708.1	20582.7	249.797	120997 
224	280   	12237.8	21489.4	249.797	135840 
225	280   	9861.09	16893.5	245.877	120412 
226	280   	8430.46	15543.5	249.797	121703 
227	280   	9345.2 	17728.9	249.797	142098 
228	280   	9957.87	17664.3	259.524	116310 
229	280   	10506.8	19069  	182.54 	125537 
230	280   	11521.4	19832.6	182.54 	128166 
231	280   	9185.9 	17819.8	182.54 	128166 
232	280   	9365.06	16982.8	182.54 	153670 
233	280   	10421.3	18765.5	182.54 	137538 
234	280   	10946.9	21739.4	182.54 	174264 
235	280   	9049.63	17713.4	182.54 	145589 
236	280   	10144.1	19275.1	182.54 	128688 
237	280   	8700.49	16759.9	182.54 	126438 
238	280   	10544.7	19065.4	182.54 	144289 
239	280   	9119.09	18904.8	182.54 	150870 
240	280   	9143.14	17599.3	182.54 	142477 
241	280   	9209.01	17716.2	182.54 	140984 
242	280   	9487.17	18603.8	182.54 	133482 
243	280   	9267.42	17321.2	182.54 	155828 
244	280   	10334.1	20489.3	182.54 	155828 
245	280   	11191  	21883.1	182.54 	197198 
246	280   	9729.95	17726.9	182.54 	128340 
247	280   	9172.47	19175.9	182.54 	129931 
248	280   	9728.71	18776.3	182.54 	120077 
249	280   	9601.31	18972.3	182.54 	133544 
250	280   	11397.2	22830.2	182.54 	137613 
251	280   	9132.42	17011.1	182.54 	131664 
252	280   	9094.72	19016.4	182.54 	143667 
253	280   	9400.19	19458.7	182.54 	124396 
254	280   	10275.6	21393.6	182.54 	143495 
255	280   	10105.4	20653.1	182.54 	143495 
256	280   	9980.36	20127.2	182.54 	143068 
257	280   	11686.7	21697.4	182.54 	123086 
258	280   	10094.1	19095.4	182.54 	147606 
259	280   	12331.2	24632.7	182.54 	156664 
260	280   	13011  	25203.2	182.54 	151071 
261	280   	11705.6	21446.5	182.54 	124462 
262	280   	9490.41	18314.4	182.54 	132500 
263	280   	9026.76	18013  	182.54 	122769 
264	280   	10820.2	22024  	182.54 	145589 
265	280   	13799.6	27240  	182.54 	149993 
266	280   	13378  	25123.2	182.54 	148328 
267	280   	12949.7	25409.2	182.54 	154721 
268	280   	12024  	23360.9	182.54 	144604 
269	280   	11343.1	21296.7	182.54 	137801 
270	280   	12619.2	24633.1	182.54 	149778 
271	280   	13404  	24536.1	182.54 	146793 
272	280   	13110.4	23918.6	182.54 	146564 
273	280   	11759.2	22724.8	182.54 	111436 
274	280   	11929.6	24323.5	182.54 	155798 
275	280   	11670.9	21152.1	182.54 	121181 
276	280   	12075.1	21830.1	182.54 	136671 
277	280   	13418.7	24136.9	182.54 	152597 
278	280   	10186.4	19386.9	182.54 	145613 
279	280   	11184.6	21578.2	182.54 	147723 
280	280   	11976.8	21027.1	182.54 	121566 
281	280   	10676  	20101.3	182.54 	156935 
282	280   	12704.6	23740.6	182.54 	138804 
283	280   	10223  	20760.4	182.54 	138639 
284	280   	12081.4	24223.5	182.54 	162770 
285	280   	13888.6	24573.5	182.54 	163613 
286	280   	11306  	21350.6	182.54 	150848 
287	280   	12182.7	24724.6	182.54 	134625 
288	280   	13597.8	25946.2	182.54 	146674 
289	280   	12488.7	24586.2	182.54 	171235 
290	280   	12963.8	24452.4	182.54 	133394 
291	280   	11489.8	21269.7	182.54 	120497 
292	280   	11444.4	21263.2	182.54 	119230 
293	280   	11921.4	23622  	182.54 	126558 
294	280   	13388.4	24861.4	182.54 	162609 
295	280   	11171.9	21535  	182.54 	147876 
296	280   	11911  	21733.6	182.54 	119910 
297	280   	10887.6	19989.8	182.54 	102511 
298	280   	10326  	18932  	182.54 	94355.2
299	280   	11806.7	21813.7	182.54 	142903 
300	280   	13581.1	24124.1	179.472	132105 
301	280   	11937.2	22229.9	179.472	142119 
302	280   	13216.1	23536.5	174.115	105174 
303	280   	11302.5	20539.9	174.115	102074 
304	280   	11210  	21845.7	174.115	138753 
305	280   	14028.5	24981.4	179.472	155965 
306	280   	14059.7	24949.5	179.472	154915 
307	280   	13443.4	23221.2	179.472	169096 
308	280   	14845.7	24874.1	179.472	148909 
309	280   	13483.1	23582.9	179.472	143312 
310	280   	12220.2	21591.6	179.472	94047.6
311	280   	13307.2	22358.4	179.472	159877 
312	280   	13582.9	22459.1	179.472	113183 
313	280   	10946.5	17453.3	179.472	100087 
314	280   	10223.2	20157  	179.472	154168 
315	280   	13010  	23456.3	179.472	139723 
316	280   	13304.8	21013.8	179.472	125280 
317	280   	12941.7	22664.6	179.472	128363 
318	280   	12079.4	20225.8	179.472	151984 
319	280   	9407.55	16427.4	179.472	114229 
320	280   	9086.13	17240.2	179.472	135587 
321	280   	8943.23	16115.6	179.472	121414 
322	280   	9821.11	17491.2	179.472	165362 
323	280   	12676.5	19973  	179.472	137666 
324	280   	12498.7	21527.8	179.472	120296 
325	280   	13882.5	24415  	179.472	137761 
326	280   	11298.9	21750.5	179.472	148858 
327	280   	13568.3	24358.3	179.472	128884 
328	280   	13272.2	23156.7	179.472	159064 
329	280   	13028.2	22509.1	179.472	167002 
330	280   	13439.6	23148.1	179.472	130326 
331	280   	12690.7	20540.5	179.472	132223 
332	280   	10538.9	18825  	179.472	120484 
333	280   	9808.04	19947.7	179.472	111585 
334	280   	11393.6	21155  	179.472	128418 
335	280   	13973.4	23381.1	179.472	133010 
336	280   	12084.8	20835.4	179.472	143997 
337	280   	12020  	21107.4	179.472	128504 
338	280   	12705.7	21696.5	179.472	115454 
339	280   	12044.7	23446.5	179.472	172808 
340	280   	14016.7	25680.5	179.472	172808 
341	280   	10514.5	18118.7	179.472	172808 
342	280   	11138.5	19830.5	179.472	123008 
343	280   	10257.8	17895.3	179.472	147725 
344	280   	10308.9	18633.3	179.472	170130 
345	280   	10028.4	17503.4	179.472	98313.3
346	280   	9874.99	18107.6	179.472	103284 
347	280   	11321  	19944.1	179.472	104340 
348	280   	12673.3	22196.5	179.472	126351 
349	280   	10305.5	19177.1	179.472	112669 
350	280   	11525.1	22623.9	179.472	146337 
351	280   	12212.6	23980.4	179.472	137791 
352	280   	10985  	20520.7	179.472	127311 
353	280   	13998.4	24186.8	179.472	124659 
354	280   	9861.8 	17490.1	179.472	106239 
355	280   	11282.4	20369.8	179.472	106289 
356	280   	12003.8	21410.7	179.472	106598 
357	280   	11162.4	17615.5	179.472	113153 
358	280   	10948.3	17619.7	179.472	97264.7
359	280   	10622.6	19003.6	179.472	131748 
360	280   	9802.94	18692.7	179.472	121199 
361	280   	12712  	23931.2	179.472	139555 
362	280   	11372.1	20402.7	179.472	131533 
363	280   	13189.1	23189.4	179.472	139824 
364	280   	11446.1	21884.9	179.472	123617 
365	280   	12401.3	22720.4	179.472	142616 
366	280   	15601.1	27195.8	179.472	157762 
367	280   	11991.1	19960.4	179.472	109534 
368	280   	11847.2	18918.1	179.472	115114 
369	280   	12300.7	19613.4	179.472	125637 
370	280   	12037.4	20840.9	179.472	122868 
371	280   	13027.8	22541.2	179.472	127355 
372	280   	11662  	21521.4	179.472	139080 
373	280   	12032.7	20786.6	179.472	120227 
374	280   	11442.8	18207.1	179.472	118600 
375	280   	12685.7	22247.6	179.472	154747 
376	280   	12886.3	22103.4	179.472	112613 
377	280   	15240.6	26379.6	179.472	160886 
378	280   	14759.2	26415.3	179.472	186340 
379	280   	12504.4	21999.4	179.472	142507 
380	280   	13147.2	23791.7	179.472	172761 
381	280   	14995.3	25224.8	179.472	115414 
382	280   	13825.5	21907.1	179.472	122498 
383	280   	15629.2	24659.1	179.472	126632 
384	280   	14093.4	23758.9	179.472	139638 
385	280   	15075.1	24360.9	179.472	109345 
386	280   	12480.6	23740.9	179.472	164159 
387	280   	13515.1	24129.4	179.472	160105 
388	280   	12460.5	24017.7	179.472	139415 
389	280   	13414.2	24969.1	179.472	154807 
390	280   	12293.1	21889.1	179.472	113415 
391	280   	15475.2	26808.5	179.472	166121 
392	280   	14726.4	25269.6	179.472	135957 
393	280   	13915.9	23956.3	179.472	112643 
394	280   	13510.5	24703.1	179.472	151147 
395	280   	14219.5	24689.1	179.472	150706 
396	280   	12974  	22669.1	179.472	110417 
397	280   	13669.6	24898.4	179.472	128610 
398	280   	12804.2	22568.1	179.472	129347 
399	280   	12919  	23991  	179.472	142606 
400	280   	15359.7	26325.8	179.472	166788 
401	280   	15267.5	25879.2	179.472	138887 
402	280   	11003.1	20796.7	179.472	150006 
403	280   	16516.4	27296.3	179.472	146051 
404	280   	11455.9	21579.9	179.472	144700 
405	280   	11537.5	21518.7	179.472	127229 
406	280   	13148.4	23220.4	179.472	118434 
407	280   	13091.1	23511.1	179.472	131560 
408	280   	10915.4	21291.1	179.472	148509 
409	280   	13060.6	24438.7	179.472	127602 
410	280   	15521.8	26334.5	179.472	129177 
411	280   	12033.7	21544  	179.472	139526 
412	280   	13339  	22807.8	179.472	137660 
413	280   	13557.3	26327.3	179.472	175297 
414	280   	13965.7	24392.2	179.472	137660 
415	280   	14993.9	26309.7	179.472	137660 
416	280   	13326.2	24496.9	179.472	143888 
417	280   	16381.3	27585.7	179.472	143056 
418	280   	12182.7	22274.4	179.472	134054 
419	280   	11520.2	21729.8	173.781	121662 
420	280   	13130.8	24370.6	169.853	107315 
421	280   	9072.39	19296.6	169.853	123376 
422	280   	10468.2	19933  	169.853	157956 
423	280   	11590.6	23052.1	169.853	139557 
424	280   	15738.4	27172  	169.853	138730 
425	280   	13072.8	24733.7	169.853	119367 
426	280   	13237.1	22648.4	169.853	99499.3
427	280   	12318.5	22902.2	169.853	139521 
428	280   	12031.6	25019.9	169.853	171960 
429	280   	13760.2	24945.7	169.853	129605 
430	280   	11800.4	20436.3	152.247	98047.6
431	280   	12552.4	23634  	152.247	108105 
432	280   	13812  	25323.4	152.247	110227 
433	280   	15532.4	25994.9	152.247	112041 
434	280   	13447.1	24313.4	152.247	109212 
435	280   	14324.2	25506.1	152.247	134570 
436	280   	16436.8	27735.6	152.247	148765 
437	280   	13168.8	24813.4	152.247	131336 
438	280   	16071.7	27055.5	152.247	129846 
439	280   	17160.3	40606.5	152.247	735528 
440	280   	16192  	28522.2	152.247	142512 
441	280   	19275.6	29817.3	152.247	172401 
442	280   	11867.6	20946.8	148.473	111438 
443	280   	15757.3	27115  	148.473	141672 
444	280   	14302.7	24446.3	148.473	144075 
445	280   	12850.1	23812.5	148.473	138499 
446	280   	14771.3	25368.5	152.247	130474 
447	280   	13202.3	23509.4	152.247	134647 
448	280   	14921.6	25143.2	152.247	154676 
449	280   	13853.4	24176.6	152.247	121251 
450	280   	18998.5	29384.3	152.247	155693 
451	280   	14079.4	26516.8	152.247	142749 
452	280   	13799  	24613.4	152.247	154061 
453	280   	18388.3	29126.7	152.247	150004 
454	280   	12139.4	20674.3	152.247	150600 
455	280   	13418.4	22341.2	152.247	138823 
456	280   	16128.2	25626.6	152.247	145587 
457	280   	18694.9	27309.6	152.247	132717 
458	280   	12307.1	20026.4	152.247	121357 
459	280   	14434.9	23349.6	152.247	125557 
460	280   	17768.9	26792.6	152.247	137534 
461	280   	11766.7	20657  	152.247	163793 
462	280   	12668.5	20947.4	152.247	129453 
463	280   	16110.7	25623.3	152.247	142613 
464	280   	14209.5	24317.8	152.247	141675 
465	280   	11522.3	21418.5	152.247	118650 
466	280   	14939.7	25378.4	152.247	156787 
467	280   	11193.6	20513.5	152.247	157051 
468	280   	15508.2	24746  	152.247	110246 
469	280   	11987.6	21459  	152.247	117646 
470	280   	12292.2	22645.2	152.247	137663 
471	280   	15512.8	26429.8	152.247	125797 
472	280   	14981.9	25771.5	152.247	166104 
473	280   	16923.8	27781.7	152.247	159818 
474	280   	17156.3	27598  	152.247	143994 
475	280   	12948.7	22560.4	152.247	130740 
476	280   	13167.7	23886.6	152.247	131409 
477	280   	15811.8	27409.3	152.247	159850 
478	280   	13969.3	25869  	152.247	146217 
479	280   	16664.4	29097.9	152.247	174720 
480	280   	17484.2	30336.7	152.247	184989 
481	280   	16976.1	29959  	152.247	156000 
482	280   	17099.4	29470.1	152.247	146217 
483	280   	16102.1	30776.2	152.247	194461 
484	280   	19866.4	33434.2	152.247	163603 
485	280   	14988.7	27780.1	152.247	146217 
486	280   	18371.9	33228.7	152.247	146217 
487	280   	17061  	32366.6	152.247	159664 
488	280   	15926.5	29149.2	152.247	159664 
489	280   	15352.4	28362.7	152.247	156863 
490	280   	13405.8	24986.7	152.247	146217 
491	280   	15074.7	28741.6	152.247	154390 
492	280   	17329.2	30771.1	152.247	154390 
493	280   	17532.3	31881.4	152.247	150860 
494	280   	14877.9	26186.2	152.247	151592 
495	280   	14855.8	27564.2	152.247	152057 
496	280   	12525.7	24440.8	152.247	166713 
497	280   	13285.7	25752.8	152.247	154758 
498	280   	15717.5	28018.4	152.247	146217 
499	280   	12937  	27106.6	152.247	146217 
500	280   	13183.5	23317.2	152.247	161662 
Time elapsed: 60975 seconds.


Batch Job Summary Report (version 21.01.1) for Job "bpopt" (46996706) on daint

Job information (1/2)
-----------------------------------------------------------------------------------------------------
             Submit            Eligible               Start                 End    Elapsed Time limit
------------------- ------------------- ------------------- ------------------- ---------- ----------
2023-06-04T17:41:35 2023-06-04T17:41:35 2023-06-04T17:41:36 2023-06-05T10:39:09   16:57:33   23:59:00
-----------------------------------------------------------------------------------------------------

Job information (2/2)
-------------------------------------------------------------
    Username      Account    Partition   NNodes        Energy
------------ ------------ ------------ -------- -------------
    bp000145       ich030       normal        1  55270.268 kJ

