
gen	nevals	avg    	std    	min    	max        
1  	280   	7626.29	1599.46	5586.48	9000       
2  	280   	7629.64	1597.59	5586.48	9000       
3  	280   	6171.07	1334.1 	5546.48	24945.5    
4  	280   	5819.9 	675.265	5431.17	17878.5    
5  	280   	5752.82	1067.09	5454.61	30339.2    
6  	280   	5837.01	3405.23	5397.49	85687.5    
7  	280   	5919.65	3940.14	5397.49	85687.5    
8  	280   	5927.29	3950.46	5359.23	85687.5    
9  	280   	5927.52	4088.45	5350.15	90169.7    
10 	280   	5642.65	2040.04	3867.58	36606.6    
11 	280   	5904.72	3466.47	1064.26	36606.6    
12 	280   	6421.72	5078.54	1064.26	40437.7    
13 	280   	8115.92	8314.39	1064.26	42647.8    
14 	280   	9994.98	10829.4	1041.06	52280.1    
15 	280   	11573.8	11824.7	879.148	52280.1    
16 	280   	10220.7	11160.4	879.148	43589      
17 	280   	10099.2	11205.7	879.148	52798.2    
18 	280   	9141.63	10257.9	886.974	46747.4    
19 	280   	8321.48	11611.7	880.943	166532     
20 	280   	8477.52	9883.42	880.943	44577.5    
21 	280   	8597.44	10064.6	880.943	46735.7    
22 	280   	9365.55	10153  	880.943	50241.4    
23 	280   	8806.36	9978.07	750.735	50241.4    
24 	280   	7953.14	8912.96	851.425	41908.3    
25 	280   	8206.33	8835.17	851.425	39324.7    
26 	280   	8664.59	9851.74	802.074	43586.8    
27 	280   	9310.96	10617.6	793.459	102662     
28 	280   	9738.15	10723.7	785.555	67612.3    
29 	280   	8930.24	9721.1 	720.439	42526.3    
30 	280   	8385.37	9427.72	720.439	42341.1    
31 	280   	9503.32	10299  	720.439	46351.4    
32 	280   	8693.26	9839.09	720.439	46351.4    
33 	280   	9292.17	10260  	720.439	48670.4    
34 	280   	9689.33	10482.1	720.439	46351.4    
35 	280   	9116.34	10867.5	720.439	46351.4    
36 	280   	9899.65	10884  	720.439	49302.5    
37 	280   	9567.16	10489.3	720.439	51690.2    
38 	280   	11138.1	11814.8	720.439	49973.3    
39 	280   	10824.6	11533.5	628.158	47949.6    
40 	280   	8699.75	9938.22	628.158	46351.4    
41 	280   	10582.6	11247.7	628.158	56295.4    
42 	280   	10280.1	11090.9	628.158	52944      
43 	280   	9744.29	10824.9	628.158	50071.4    
44 	280   	10436.2	11587.4	628.158	58474.5    
45 	280   	10286.9	10820.9	628.158	51057.7    
46 	280   	10074.5	12205.5	628.158	108399     
47 	280   	11287  	12873.8	628.158	57236.1    
48 	280   	11181.5	13237.2	605.218	85590.8    
49 	280   	11308.9	14788.3	625.965	149789     
50 	280   	10500.1	12398  	625.965	56375.1    
51 	280   	10061.1	12125.1	542.087	56375.1    
52 	280   	9888.21	12449.6	542.087	74489.8    
53 	280   	10502.3	13585.9	542.087	78526.5    
54 	280   	10381.7	14068.6	542.087	78526.5    
55 	280   	10455.3	13417.7	575.789	78526.5    
56 	280   	11715  	15612.2	575.789	142490     
57 	280   	12083.2	14279.9	575.789	83668.3    
58 	280   	11870.7	14161.8	553.797	65412.4    
59 	280   	11492.6	14808.8	540.435	99006.8    
60 	280   	11502.9	15097.7	540.435	85135.2    
61 	280   	10044.6	14039.2	540.435	125335     
62 	280   	11033.4	14201.7	540.435	89649.4    
63 	280   	10479  	13930.7	540.435	89649.4    
64 	280   	11563.8	14645.1	540.435	78662.3    
65 	280   	10548.9	13757.3	540.435	101869     
66 	280   	11075.1	14319  	517.992	93624.6    
67 	280   	11969.5	15211.8	517.992	97675.6    
68 	280   	11386.4	15364  	517.992	115910     
69 	280   	11286.2	14018.3	486.487	96980.6    
70 	280   	10109.3	13460.8	486.487	66298.5    
71 	280   	10238.2	13185.9	486.487	67238.5    
72 	280   	12309.1	14708.5	486.487	73362      
73 	280   	10877.6	14973.8	486.487	108045     
74 	280   	11298.5	14408.1	486.487	138405     
75 	280   	11705  	15453.5	486.487	134519     
76 	280   	11618.7	15903.2	486.487	134636     
77 	280   	11412.7	15033.9	484.231	95809.1    
78 	280   	10787.3	15531.8	484.231	106143     
79 	280   	11593.1	15387  	484.231	100064     
80 	280   	11152.8	13698.7	484.231	90746.4    
81 	280   	10867.3	15254.3	484.231	100947     
82 	280   	9859.75	14640.4	484.231	110841     
83 	280   	12549  	16622.6	486.487	136926     
84 	280   	10437.3	14771.6	486.487	101637     
85 	280   	11580.9	17138.8	486.487	110209     
86 	280   	10769.9	14480.3	423.309	77373.5    
87 	280   	9961.84	14354.9	423.309	112165     
88 	280   	9700.41	14162.8	423.309	84402.4    
89 	280   	11006.4	16315.3	423.309	118020     
90 	280   	11347.6	16730.5	423.309	112987     
91 	280   	10694.1	15500.3	423.309	115352     
92 	280   	9696.43	14387.3	423.309	89515.1    
93 	280   	8207.1 	12204.2	423.309	65095.5    
94 	280   	9100   	13657.3	423.309	130030     
95 	280   	9854.07	13481.6	423.309	93533.5    
96 	280   	8608.38	13552.9	423.309	107925     
97 	280   	10555.4	16337.7	423.309	129162     
98 	280   	9536.8 	12310  	383.099	68268.6    
99 	280   	8064.35	11781.3	383.099	75444.2    
100	280   	9231.44	13874.1	383.099	118115     
101	280   	10755.6	15561.3	383.099	109237     
102	280   	9268.88	14465.3	340.414	116230     
103	280   	9582.66	14464.6	340.414	97835.8    
104	280   	8006.11	10682.6	408.383	59706.9    
105	280   	9110.04	13611.5	408.383	106853     
106	280   	9681.47	15684.3	408.383	128431     
107	280   	9197.9 	13338  	408.383	100085     
108	280   	9891.38	13562.5	408.383	85600.2    
109	280   	9247.77	13838.3	399.004	94985.6    
110	280   	8634.16	14403.9	399.004	128037     
111	280   	8516.4 	12154.9	399.004	67459.5    
112	280   	8301.43	13205.1	399.004	116757     
113	280   	10935  	16013.3	346.989	127072     
114	280   	9859.86	14386.1	345.324	115963     
115	280   	10060.4	15800.2	399.004	116028     
116	280   	10948.3	17007.7	399.004	132217     
117	280   	12353.8	16561.6	365.822	115917     
118	280   	9545.13	15301.1	399.004	122354     
119	280   	9586.91	14710.9	394.379	105156     
120	280   	10355.9	16279.9	394.379	117018     
121	280   	11337.9	17809  	394.379	145464     
122	280   	10351.7	15019  	394.379	108900     
123	280   	11754  	17307.2	381.168	111919     
124	280   	9493.35	14912.2	381.168	131916     
125	280   	9858.25	14823.3	381.168	103719     
126	280   	10643.8	16487.9	381.168	119995     
127	280   	9935.54	15282  	381.168	115008     
128	280   	10818.2	15287.1	381.168	94829.9    
129	280   	9837.61	16718.7	381.168	128373     
130	280   	10935.4	16003.9	381.168	109987     
131	280   	10799.9	16722.5	381.168	164289     
132	280   	13254.3	18726.3	383.05 	120917     
133	280   	10093.4	14230.3	383.05 	101699     
134	280   	13557.3	95071.7	383.05 	2.23705e+06
135	280   	8925.09	14542.6	383.05 	130113     
136	280   	12180.5	17700.9	383.05 	127645     
137	280   	10599  	15451.5	383.05 	121217     
138	280   	12719.4	19834.1	383.05 	142606     
139	280   	13469.3	20713.7	383.05 	155661     
140	280   	13662.8	19438.5	383.05 	112949     
141	280   	10078.5	15815.7	383.05 	119517     
142	280   	12100.2	17335.4	394.275	120151     
143	280   	11521.3	16658.1	394.275	106810     
144	280   	11642.7	17466.4	394.275	101837     
145	280   	10235.4	16028.5	383.22 	127434     
146	280   	10545  	15951.1	383.22 	139396     
147	280   	8383.36	13640  	368.713	118993     
148	280   	10079.6	14594.4	368.713	107128     
149	280   	9738.62	15456.6	368.713	120159     
150	280   	11465  	17129.4	368.713	129208     
151	280   	10731.2	16090.6	368.713	112087     
152	280   	9405.55	14565.1	368.713	110909     
153	280   	9405.44	14644.9	368.713	119190     
154	280   	12148  	18212.5	368.713	152390     
155	280   	11384.8	18802.8	368.713	158510     
156	280   	10083.9	14414.4	368.713	114164     
157	280   	10289.9	15108.7	368.713	121058     
158	280   	10322.7	16010.9	368.713	123477     
159	280   	10510.6	17049.4	368.713	147606     
160	280   	11988  	18077.7	368.713	141252     
161	280   	10498.3	16753.1	368.713	109834     
162	280   	13388.5	22076.9	368.713	148472     
163	280   	11886.8	19182.2	368.713	136409     
164	280   	11652  	18140.1	368.713	94473.5    
165	280   	12559.4	20376.6	300.005	123192     
166	280   	10686.4	18096  	300.005	135346     
167	280   	10849.3	17708.5	300.005	135346     
168	280   	10749.1	18099.6	276.117	110817     
169	280   	10060  	15929.1	276.117	115801     
170	280   	11212.9	18429.7	276.117	123234     
171	280   	10113.2	17819.5	276.117	114916     
172	280   	9656.04	16279.5	276.117	108010     
173	280   	10586.1	18107.7	276.117	153822     
174	280   	10652.4	18495.1	276.117	124204     
175	280   	9604   	15393.6	276.117	92708.7    
176	280   	9406.16	15577.3	276.117	131091     
177	280   	9241.66	16806.3	259.314	122121     
178	280   	8054.79	13275.4	259.314	108496     
179	280   	8369.62	13893.6	259.314	120898     
180	280   	9438.56	16277.8	259.314	120898     
181	280   	9297.69	15787.6	259.314	113931     
182	280   	9153.78	16178.2	259.314	109685     
183	280   	10411.6	18659.3	259.314	143215     
184	280   	7019.49	11762.2	257.162	78099      
185	280   	8866.81	16151.3	257.162	127085     
186	280   	8458.44	13629.6	257.162	120936     
187	280   	7336.14	11651  	257.162	89724.7    
188	280   	8129.42	12775.1	257.162	104731     
189	280   	8664.98	14651  	257.162	132267     
190	280   	10043  	16882.4	257.162	106764     
191	280   	8639.45	15456.4	257.162	126187     
192	280   	7904.92	13099.7	254.365	90676.4    
193	280   	8135.6 	14043.6	254.365	128065     
194	280   	8024.36	14428.5	254.365	113947     
195	280   	8023.72	13145.6	254.365	78093.1    
196	280   	7938.83	14855.6	254.365	117898     
197	280   	9404.13	16546.1	254.365	128490     
198	280   	9475.56	17617.6	254.365	143745     
199	280   	8940.27	15908  	254.365	104916     
200	280   	8436.53	16513.1	228.099	156871     
201	280   	9112.02	16081.5	228.099	110813     
202	280   	8572.14	13994.3	228.099	86522.8    
203	280   	8664.54	14963.1	228.099	163771     
204	280   	8588.33	15039.6	228.099	163771     
205	280   	8807.63	15034.4	228.099	114105     
206	280   	8815.7 	15224.3	228.099	130806     
207	280   	8736.43	15615.2	228.099	125004     
208	280   	8049.49	14150.9	228.099	138345     
209	280   	7943.58	14016.8	228.099	139311     
210	280   	8550   	15353  	228.099	121230     
211	280   	6686.92	12495.5	228.099	127030     
212	280   	7452.17	13370.7	228.099	121012     
213	280   	8659.11	15478.3	228.099	131158     
214	280   	7830.56	15243.8	228.099	186138     
215	280   	7140.05	13880.8	228.099	123256     
216	280   	9440.08	17006.7	228.099	135210     
217	280   	8811.3 	16173.9	228.099	156936     
218	280   	8958.63	14630.9	228.099	108880     
219	280   	7068.17	12344.3	228.099	141337     
220	280   	8172.21	13978.4	228.099	90736.4    
221	280   	7838.88	13783  	228.099	91273.5    
222	280   	8248.61	14172.5	228.099	118998     
223	280   	9098.58	15056.1	228.099	110844     
224	280   	8497.82	13868.7	228.099	76405.1    
225	280   	8614.53	14734.4	228.099	121419     
226	280   	7140.38	12521.8	228.099	91616.4    
227	280   	8351.88	14845.8	228.099	135322     
228	280   	7572.61	13448.3	228.099	93630.5    
229	280   	6216.97	11399.5	212.505	111707     
230	280   	6646.49	11444.6	228.099	79480.5    
231	280   	7381.62	13677.8	228.099	121039     
232	280   	7290.08	12526.2	228.099	93504.2    
233	280   	8425.48	14582.4	228.099	110856     
234	280   	8578.77	14193.9	228.099	120174     
235	280   	7574.89	12313  	228.099	78491.3    
236	280   	8205.47	15417.2	228.099	120863     
237	280   	8834.76	15036.9	228.099	120863     
238	280   	7635.17	12426.7	228.099	85493      
239	280   	7878.74	14780.5	228.099	137675     
240	280   	7349.64	13274.5	228.099	137675     
241	280   	8936.36	13933.1	228.099	102788     
242	280   	8769.18	15129.4	228.099	109747     
243	280   	7188.28	11541.1	228.099	91698.3    
244	280   	6900.67	12013.3	228.099	118381     
245	280   	8492.63	14115.7	228.099	93523.4    
246	280   	6840.96	12208.8	228.099	136189     
247	280   	7577.18	13892  	228.099	136189     
248	280   	7125.98	10933.2	228.099	59730.5    
249	280   	6571.64	11657  	228.099	103121     
250	280   	7425.91	11985.1	228.099	84946.6    
251	280   	6811.97	12257.1	228.099	102663     
252	280   	7598.05	13653.1	228.099	102663     
253	280   	7495.13	13362.2	228.099	137290     
254	280   	8567.94	16656.3	228.099	137290     
255	280   	7044   	11374.4	228.099	108816     
256	280   	8197.69	12518.3	228.099	103233     
257	280   	8179.69	14966.4	228.099	151442     
258	280   	8041.67	15073.2	228.099	115896     
259	280   	9937.94	17041  	228.099	131733     
260	280   	8036.64	12901.5	215.458	83845.1    
261	280   	7582.05	13883.2	215.458	157596     
262	280   	8208.25	13470  	215.458	108080     
263	280   	6791.91	12636  	215.458	107288     
264	280   	7004.16	12002.9	228.099	88643.6    
265	280   	7073.22	12348.4	228.099	112009     
266	280   	8059.53	13018.9	228.099	84547.4    
267	280   	7347.34	13021.9	228.099	112943     
268	280   	8034.46	14033.3	228.099	97650.8    
269	280   	9053.34	13862.9	228.099	96894.3    
270	280   	7588.41	12218.3	228.099	89324.3    
271	280   	8624.05	15998.6	228.099	165564     
272	280   	8303.12	13060.5	228.099	109171     
273	280   	9062.89	13888.5	228.099	86368.2    
274	280   	9270.59	14443.9	228.099	93523.2    
275	280   	10471.5	17108.6	228.099	132377     
276	280   	8652.55	15454.7	228.099	134537     
277	280   	9024.43	14801.9	228.099	130430     
278	280   	8846.19	14926.6	214.766	126253     
279	280   	8205.54	12156.8	214.766	105818     
280	280   	9203.45	14103.2	216.992	107180     
281	280   	8225.28	13844.8	216.992	124310     
282	280   	11145.6	54340  	216.992	1.2549e+06 
283	280   	8718.43	14975.5	216.992	126113     
284	280   	9908.24	15042.7	216.992	103915     
285	280   	8668.87	14560.1	216.992	113015     
286	280   	9710.74	14966.9	216.992	124127     
287	280   	8699.74	14213.8	216.992	124127     
288	280   	9264.26	15122  	216.992	132263     
289	280   	9234.72	15638.3	216.992	150340     
290	280   	9022.17	14253  	216.992	90389.3    
291	280   	8677.39	14286.1	216.992	98896.9    
292	280   	9488.69	15496.8	216.992	132282     
293	280   	10659.9	15287.6	216.992	88602.8    
294	280   	8679.39	13937.4	216.992	92599.4    
295	280   	8515.58	14767.8	216.992	130505     
296	280   	8722.55	13601.1	216.992	98847      
297	280   	6535.39	11902.7	216.992	111861     
298	280   	7698.1 	13652.4	216.992	151549     
299	280   	8018.46	13140.2	208.227	96835.1    
300	280   	8044.16	12587.4	216.992	140362     
301	280   	8537.38	12727  	216.992	108712     
302	280   	6924.7 	11513.6	216.992	108817     
303	280   	7845.1 	13107.2	216.992	121207     
304	280   	7692.44	12142.6	216.992	119282     
305	280   	8663.77	14920.1	216.992	132218     
306	280   	9052.35	15169.1	216.992	132218     
307	280   	8156.13	14000.1	216.992	154910     
308	280   	8942.19	15384.1	216.992	121144     
309	280   	8730   	13868.3	216.992	97858      
310	280   	8742.92	12870.5	216.992	125100     
311	280   	9943.76	16071.4	216.992	118061     
312	280   	8606.63	13663.2	216.992	114007     
313	280   	8516.67	12585.6	216.992	108177     
314	280   	8408.52	14162.4	216.992	120507     
315	280   	10562.3	16397.2	216.992	111269     
316	280   	7912.69	12599.6	216.992	106923     
317	280   	9053.31	13915.2	216.992	99864.1    
318	280   	10085.9	15240.7	216.992	135268     
319	280   	9598.43	14055.2	216.992	84228.3    
320	280   	9981.54	15840.8	216.992	143176     
321	280   	7932.64	11520.7	216.992	114960     
322	280   	8131.69	10237.8	216.992	57055      
323	280   	9741.59	15840.4	216.992	141671     
324	280   	10688.5	15821.5	199.699	155862     
325	280   	9024.27	13258  	199.699	100658     
326	280   	9267.47	14087.8	199.699	127173     
327	280   	8693.03	13104.6	199.699	110814     
328	280   	9833.81	13871.2	199.699	93645.7    
329	280   	9045.44	13758.8	199.699	115127     
330	280   	8343.85	13231.7	199.699	114060     
331	280   	8872.32	12310.5	199.699	107066     
332	280   	8112.05	11840.1	199.699	71217.2    
333	280   	9923.53	15366  	199.699	126467     
334	280   	9603.1 	13289  	199.699	75452.4    
335	280   	8560.68	13939  	199.699	120249     
336	280   	7249.09	10295.5	199.699	67401.3    
337	280   	7612.96	11698.9	199.699	68449.2    
338	280   	7823.15	11067.1	199.699	82441.3    
339	280   	9191.76	14099.2	199.699	115077     
340	280   	7408.68	12714.6	199.699	140222     
341	280   	7533.35	12275.5	199.699	119203     
342	280   	8019.22	14921.3	199.699	167587     
343	280   	7705.08	11710.3	199.699	124063     
344	280   	8254.21	12276.4	199.699	86325.7    
345	280   	6248.99	8984.57	199.699	81158.4    
346	280   	6658.49	10986.9	199.699	81158.4    
347	280   	7081.66	10890.6	199.699	106801     
348	280   	8157.25	13762.4	199.699	112225     
349	280   	7732.01	10435.2	199.699	71402.4    
350	280   	7236.81	11225.8	199.699	112861     
351	280   	7785.34	11798.1	199.699	107688     
352	280   	7374.13	11123.4	199.699	101948     
353	280   	7977.75	13031  	199.699	97811.2    
354	280   	6655.7 	11093.7	199.699	96722.1    
355	280   	7662.28	12709.7	199.699	88579.1    
356	280   	8017.68	13470.7	199.699	91041.3    
357	280   	7017.87	12017.9	199.699	102756     
358	280   	7859.15	12354.7	199.699	82255.8    
359	280   	8550.3 	14003.8	199.699	101308     
360	280   	6248.27	11715  	199.699	119878     
361	280   	6998.42	10705.3	199.699	106551     
362	280   	6704.99	11881.3	199.699	97649.1    
363	280   	8951.45	17103.7	199.699	231373     
364	280   	7157.76	11698.4	199.699	86661.7    
365	280   	6521.47	10432.7	199.699	116874     
366	280   	7178.63	18330.2	199.699	332007     
367	280   	6436.37	11642  	199.699	110907     
368	280   	6012.08	9076.85	199.699	105045     
369	280   	6854.44	13019.7	199.699	131197     
370	280   	5865.39	9093.63	199.699	71449.5    
371	280   	5849.05	9406.86	199.699	83617.4    
372	280   	6675.65	11326.1	199.699	98938.5    
373	280   	7757.16	22599.7	199.699	462072     
374	280   	6722.52	11552.7	199.699	102881     
375	280   	5798.43	9149.1 	199.699	79375.4    
376	280   	6339.06	11509.3	199.699	120960     
377	280   	6658.08	11725.8	199.699	131433     
378	280   	6595.95	12102.1	199.699	144577     
379	280   	6120.35	10190  	199.699	102785     
380	280   	5987.87	8232.68	199.699	48938.6    
381	280   	5310.14	9192.19	199.699	134311     
382	280   	6821.95	11726.7	199.699	121181     
383	280   	6026.29	8888.1 	199.699	70106      
384	280   	7167.56	11489.3	199.699	89781.4    
385	280   	6774.79	10059.1	199.699	69135.6    
386	280   	5648.3 	8988.38	199.699	80666.9    
387	280   	6090.05	10022.2	199.699	77332.8    
388	280   	5731.41	9460.48	199.699	77305.6    
389	280   	6256.47	11470.1	199.699	117123     
390	280   	7385.25	12937.7	199.699	162609     
391	280   	7755.51	12252.2	199.699	93688.4    
392	280   	6540.72	12234.2	199.699	106678     
393	280   	6761.03	12212.4	199.699	106678     
394	280   	7533.99	12825.2	199.699	138142     
395	280   	7329.61	12378.4	199.699	118956     
396	280   	7214.69	10928  	199.699	85311.9    
397	280   	6968.81	12021  	199.699	98838.9    
398	280   	7183.11	13179.4	199.699	142303     
399	280   	7393.48	12625.2	199.699	104577     
400	280   	7471.14	12408.4	199.699	89710.2    
401	280   	6777.92	12799.3	199.699	101807     
402	280   	8062.86	16100  	194.381	135562     
403	280   	8951.98	16626  	194.381	104656     
404	280   	6049.29	10480.6	194.381	102907     
405	280   	6466.05	11772.8	194.381	81679.7    
406	280   	6910.99	11582.8	194.381	114816     
407	280   	7176.8 	13061.7	193.527	77501.5    
408	280   	8812.22	16969.5	193.527	122856     
409	280   	7752.18	14371.5	193.527	85698.9    
410	280   	8751.69	16222.4	193.527	112978     
411	280   	9188.53	16534.2	193.527	79722.7    
412	280   	7464.4 	13181.5	193.527	75176.6    
413	280   	9303.34	18503.6	193.527	162879     
414	280   	9573.67	17236.7	193.527	139367     
415	280   	10552.6	38056.5	193.527	810480     
416	280   	9935   	17523.1	193.527	117972     
417	280   	6754.06	12402.4	193.527	87065.1    
418	280   	6876.32	12007.5	193.527	75176.6    
419	280   	8489.91	15432  	193.527	77154.8    
420	280   	8276.6 	15350.7	193.527	75176.6    
421	280   	7769.98	15704.4	193.527	99723.4    
422	280   	10347.8	18966.7	193.527	77427.1    
423	280   	7394.43	13915.4	193.527	132093     
424	280   	8378.74	16682.2	193.527	132093     
425	280   	10779.2	20087.5	193.527	137540     
426	280   	7960.88	14386.8	189.253	75436      
427	280   	6557.92	11756.5	193.527	75176.6    
428	280   	6166.02	11006.1	193.527	75135.8    
429	280   	6889.42	13947.3	193.527	140001     
430	280   	7622.67	14343.9	193.527	78512      
431	280   	11360.9	112433 	193.527	2.65385e+06
432	280   	7100.79	13533.8	193.527	101855     
433	280   	6495.41	15332.1	193.527	162728     
434	280   	7580.66	15143.9	193.527	75135.8    
435	280   	6242.78	12599.7	193.527	104830     
436	280   	7517.82	15012.8	193.527	96131.4    
437	280   	6228.79	11860.5	193.527	82436.8    
438	280   	7493.49	15028.5	193.527	86229      
439	280   	6222.17	10651.4	193.527	75135.8    
440	280   	6921.46	13589.6	193.527	92518.5    
441	280   	7719.34	14439.4	193.527	84635.9    
442	280   	6900.31	12141.9	193.527	81680.7    
443	280   	6769.89	13605.1	193.527	109738     
444	280   	7711.34	14753.8	193.527	83667.6    
445	280   	6749.69	12720  	193.527	75135.8    
446	280   	7563.34	13960.6	193.527	75135.8    
447	280   	7903.84	15081  	193.527	95684.7    
448	280   	8901.98	16664.5	193.527	135221     
449	280   	9454.47	16582.1	193.527	135221     
450	280   	7967.19	15118.9	193.527	97612.6    
451	280   	10107.3	17358.1	193.527	86438.2    
452	280   	7541.83	13229  	193.527	75135.8    
453	280   	7297.52	13748.7	193.527	86374.4    
454	280   	9750.93	16932.8	193.527	118896     
455	280   	6406.25	12295  	193.527	104623     
456	280   	7872.32	13333.2	193.527	97797.2    
457	280   	6894.51	11914.8	193.527	75135.8    
458	280   	7448.19	13474  	193.527	95308.4    
459	280   	7255.25	13118.1	193.527	75135.8    
460	280   	7007.56	12859.7	193.527	137840     
461	280   	7040.85	11437.2	193.527	99873.3    
462	280   	5795.59	10272  	193.527	140779     
463	280   	5366.78	9088.45	193.527	96794.3    
464	280   	6292.21	10802.1	193.527	126322     
465	280   	6766.49	13389.1	193.527	138505     
466	280   	6935.51	11571.2	190.252	120126     
467	280   	5999.47	9377.6 	190.252	71267.2    
468	280   	5325.55	9789.29	193.527	125859     
469	280   	6021.55	9695.97	193.527	91658.5    
470	280   	5646.64	8473.3 	193.527	75560      
471	280   	5300.05	10269.7	193.527	151848     
472	280   	5621.91	8843.06	193.527	101076     
473	280   	5128.2 	8338.32	193.527	75384.2    
474	280   	5013.71	7755.99	193.527	75384.2    
475	280   	5817.15	9917.94	193.527	132406     
476	280   	4942.17	7862.25	191.485	87491.1    
477	280   	5326.41	9510.8 	191.485	103132     
478	280   	6229.23	10818.5	193.527	103132     
479	280   	5633.92	9119.68	193.527	82738.5    
480	280   	5441.45	7769.7 	193.527	57144.9    
481	280   	5852.24	8988.41	193.527	75725.5    
482	280   	5744.07	8259.97	193.527	63122.3    
483	280   	4851.65	6784.3 	193.527	55070.6    
484	280   	4802.26	6785.06	193.527	51024.1    
485	280   	5207.49	7738.15	193.527	64287.1    
486	280   	5234.35	8263.39	193.527	78432.1    
487	280   	4492.77	6721.4 	193.527	47067.1    
488	280   	5156.19	7740.4 	193.527	78485.2    
489	280   	5339.67	8956.37	193.527	80944.6    
490	280   	5693.52	8676.43	193.527	60017.3    
491	280   	5651.48	8624.95	193.527	71246.4    
492	280   	4631.59	7040.24	193.527	75377.8    
493	280   	5486.28	8565.29	193.527	75192.8    
494	280   	5371.9 	8348.02	193.527	101975     
495	280   	5486.89	8076.53	193.527	76473.9    
496	280   	5905.74	8780.02	193.527	85454.7    
497	280   	6481.25	11050.2	193.527	101564     
498	280   	6618.6 	11019.6	193.527	101564     
499	280   	6148.89	10095.4	193.527	105432     
500	280   	5598.26	8332.43	193.527	69221.4    
Time elapsed: 52570 seconds.


Batch Job Summary Report (version 21.01.1) for Job "bpopt" (46994538) on daint

Job information (1/2)
-----------------------------------------------------------------------------------------------------
             Submit            Eligible               Start                 End    Elapsed Time limit
------------------- ------------------- ------------------- ------------------- ---------- ----------
2023-06-04T15:29:36 2023-06-04T15:29:36 2023-06-04T15:29:37 2023-06-05T06:07:06   14:37:29   23:59:00
-----------------------------------------------------------------------------------------------------

Job information (2/2)
-------------------------------------------------------------
    Username      Account    Partition   NNodes        Energy
------------ ------------ ------------ -------- -------------
    bp000145       ich030       normal        4  47314.520 kJ

