
gen	nevals	avg    	std    	min    	max    
1  	280   	7556.83	1969.51	4694.82	9000   
2  	280   	7535.27	1969.02	4694.82	9000   
3  	280   	5667.68	1636.7 	4679.73	9000   
4  	280   	5018.57	1038.79	4597.11	19170.5
5  	280   	5155.86	2895.25	4597.11	68943.6
6  	280   	5468.27	6041.23	4597.11	110645 
7  	280   	5443.54	6108.48	4583.89	110645 
8  	280   	5832.27	7943.58	4583.89	110645 
9  	280   	5061.17	4759.01	4555.77	110645 
10 	280   	4711.63	555.595	4551.61	12513.3
11 	280   	4681.39	554.737	4551.61	12513.3
12 	280   	4730.31	886.319	4551.61	15512.6
13 	280   	5138.01	8543.69	2473.49	205091 
14 	280   	5722.78	12134.5	2473.49	205091 
15 	280   	7055.9 	17202.2	2473.49	205091 
16 	280   	8152.28	15564.2	2451.97	205091 
17 	280   	8984.35	16830.5	2422.57	250001 
18 	280   	8715.22	7090.03	2422.57	30936.4
19 	280   	9042.6 	27470.2	2422.57	636673 
20 	280   	8406.45	6939.97	2415.44	37602.4
21 	280   	8301.7 	6966.61	2395.21	37602.4
22 	280   	7554.08	6710.69	2395.21	33650.1
23 	280   	8659.01	7612.9 	2369.83	33650.1
24 	280   	9103.5 	7751.03	2369.83	33650.1
25 	280   	8234.13	7054.16	2352.52	31470.4
26 	280   	8396.54	7050.53	2352.52	35632.3
27 	280   	7533.28	6119.73	2270.92	33491.3
28 	280   	7502.29	6631.71	2087.29	34709  
29 	280   	8484.46	7310.04	2359.14	33491.3
30 	280   	7376.35	8242.96	2158.83	131662 
31 	280   	7522.47	8261.44	2269.52	101534 
32 	280   	8956.4 	8161.28	2163.61	52162.7
33 	280   	7485.81	7730.29	2152.8 	80517.4
34 	280   	8271.07	7378.83	2129.46	40523.9
35 	280   	7570.31	7285.27	2129.46	36470.1
36 	280   	7835.15	7098.57	2129.46	39453.7
37 	280   	8561.91	8367.81	2129.46	67413.6
38 	280   	8157.62	7927.7 	2129.46	54341.4
39 	280   	8496.05	7969.12	2129.46	44360.9
40 	280   	8622.56	9064.72	2073.1 	98796.7
41 	280   	9964.67	10707.5	2057.95	81020.9
42 	280   	11132.7	14234.5	2065.31	88429.2
43 	280   	11695.7	14836.9	2065.31	105699 
44 	280   	13588.2	16697  	2065.31	98318.2
45 	280   	11735.6	15128.3	2065.31	91481.5
46 	280   	10933.1	14041.2	2065.31	101369 
47 	280   	11593.3	14499.6	2065.31	95469.2
48 	280   	9542.63	11404.3	2065.31	75246.8
49 	280   	9477.45	12091.2	2065.31	114659 
50 	280   	10498.9	12502.3	2065.31	114659 
51 	280   	9595.22	12117.9	1982.31	97251.5
52 	280   	9698.6 	12405.1	1982.31	98980.4
53 	280   	8715.66	11749.4	1982.31	111430 
54 	280   	9236.95	11908.1	1982.31	94634.1
55 	280   	8324.29	12209.4	1982.31	100748 
56 	280   	10494.6	14653.1	1982.31	95055.4
57 	280   	9593.79	14035  	1982.31	86272.9
58 	280   	10333.5	14180.3	1982.31	80133.3
59 	280   	8745.59	12190.1	1982.31	135247 
60 	280   	9042.23	11782.2	1948.08	83462.7
61 	280   	7880.65	9925.8 	1948.08	91934.8
62 	280   	9876.5 	13459.5	1948.08	106880 
63 	280   	8658.81	11973.9	1948.08	102231 
64 	280   	8165.93	11139.4	1948.08	94779.2
65 	280   	7913.33	10370.6	1948.08	94779.2
66 	280   	8463.59	11363.3	1948.08	94779.2
67 	280   	8366.7 	10779.2	1948.08	113630 
68 	280   	8928.27	10506  	1948.08	83250.9
69 	280   	7737.83	10104.5	1948.08	84571.4
70 	280   	9471.6 	11973.3	1948.08	81394.1
71 	280   	7875.18	10521  	1948.08	103438 
72 	280   	8010.67	9930.73	1948.08	73633.8
73 	280   	8150.21	10790.1	1948.08	103337 
74 	280   	7874.22	12579.8	1948.08	115124 
75 	280   	9793.51	15791.7	1948.08	115124 
76 	280   	9926.67	15145.5	1948.08	127273 
77 	280   	8931.32	11999.9	1948.08	115124 
78 	280   	7615.51	10165.9	1944.34	81655.8
79 	280   	8662.82	12516.9	1944.34	96566.8
80 	280   	6983.84	10514.6	1911.16	145345 
81 	280   	8696   	13369.1	1911.16	145345 
82 	280   	7782.71	10715.7	1911.16	90494.6
83 	280   	8036.51	11758.7	1911.16	109403 
84 	280   	8927.34	11842.4	1911.16	113096 
85 	280   	7074.44	9758.69	1911.16	88074.3
86 	280   	8017.58	11712.3	1905.75	90264.8
87 	280   	7470.02	10051.8	1905.75	106407 
88 	280   	7613.61	11987.5	1905.75	162228 
89 	280   	9024.87	13067  	1905.75	109571 
90 	280   	8835.4 	12935.3	1905.75	113528 
91 	280   	8213.22	12227.4	1883.8 	109471 
92 	280   	7474.98	9332.24	1883.8 	84244.4
93 	280   	7016.91	9680.06	1883.19	118394 
94 	280   	7460.43	9837.4 	1860.42	87534.7
95 	280   	7150.8 	11427.1	1860.42	123498 
96 	280   	6907.99	10787.6	1860.42	114314 
97 	280   	6799.63	9862.67	1841.68	108491 
98 	280   	7240.82	10394.6	1841.68	86824.6
99 	280   	6818.46	11411.9	1841.68	107498 
100	280   	7813.98	13812.6	1841.68	143326 
101	280   	6757.2 	9346.66	1841.68	91989.1
102	280   	6381.03	8915.43	1841.68	79259.2
103	280   	6763.8 	9947.65	1841.68	99650.2
104	280   	6042.22	7720.67	1841.68	75182.3
105	280   	6184.21	8301.88	1841.68	103500 
106	280   	6954.44	10503.9	1841.68	107606 
107	280   	7043.21	10748.8	1841.68	96454.4
108	280   	6715.74	11011.7	1836.62	111556 
109	280   	6717.66	10844.7	1836.62	134147 
110	280   	7301.31	12312.9	1826.97	149444 
111	280   	7401.46	13398.6	1826.97	149562 
112	280   	6925.59	10520.2	1826.97	103427 
113	280   	7415.55	10933.9	1826.97	92861.7
114	280   	6351.63	9236.99	1822.96	82332.4
115	280   	6548.69	8819.01	1822.96	77239.5
116	280   	6384.12	8374.02	1822.96	81256.3
117	280   	5744.82	7016.84	1800.63	62196.8
118	280   	6698.34	11124  	1800.63	125832 
119	280   	7758.75	12451.5	1800.63	90312.9
120	280   	6078.39	9686.22	1800.63	119521 
121	280   	7089.97	12487.3	1800.63	119521 
122	280   	6277.29	9582.04	1800.63	100122 
123	280   	6453.04	9343.32	1800.63	95381.7
124	280   	5735.9 	8054.43	1800.63	81341.3
125	280   	6123.55	9429.39	1800.63	104381 
126	280   	6387.74	9215.07	1800.63	104381 
127	280   	5455.87	8524.69	1800.63	99518.8
128	280   	6170.89	9920.54	1800.63	103420 
129	280   	5745.35	7712.3 	1800.63	81814.9
130	280   	6808.35	7922.91	1800.63	88304.3
131	280   	7456.25	9974.87	1800.63	88304.3
132	280   	6264.82	9584.96	1800.63	132414 
133	280   	6551.32	10180.1	1800.63	118616 
134	280   	6232.1 	7643.17	1800.63	80827.4
135	280   	5697.92	7433.15	1800.63	71155.9
136	280   	5680.77	6686.9 	1800.63	60085.2
137	280   	5408.69	7201.56	1800.63	75196  
138	280   	5982.41	10330.2	1800.63	100402 
139	280   	5476.7 	8499.59	1800.63	114615 
140	280   	5572.83	7236.4 	1798.48	74244.1
141	280   	5386.76	6583.21	1798.48	78287.4
142	280   	5821.94	6948.29	1798.48	86274.8
143	280   	6898.57	9597.21	1798.48	86274.8
144	280   	6447.27	10153.4	1798.48	110475 
145	280   	5692.69	8171.89	1798.48	80386.6
146	280   	5785.19	7471.65	1798.48	81128.7
147	280   	6292.46	11035.5	1798.48	103898 
148	280   	6176.17	9911.77	1798.48	108594 
149	280   	6232.84	9639.84	1798.48	108594 
150	280   	5775.49	7705.21	1798.48	71276.1
151	280   	5753.27	8860.36	1798.48	102250 
152	280   	5830.35	9693.65	1798.48	107619 
153	280   	6656.93	10019.8	1798.48	109428 
154	280   	5966.73	7397.19	1798.48	74179.1
155	280   	5030.13	6515.66	1798.48	87348  
156	280   	5449.69	6137.16	1798.48	66173.1
157	280   	5317.72	6582.86	1798.48	82250.9
158	280   	5731.65	8314.67	1798.48	109405 
159	280   	6152.84	7810.33	1798.48	74174.1
160	280   	5353.69	6615.74	1798.48	57051.6
161	280   	5365.06	6632.14	1798.48	72203.9
162	280   	5572.87	7967.47	1798.48	105484 
163	280   	6490.05	9813.2 	1798.48	107487 
164	280   	4890.82	6098.87	1798.48	74229.1
165	280   	5340.13	6865.93	1798.48	83269.5
166	280   	5217.55	5313.81	1798.48	75159.3
167	280   	5851.27	8769.38	1798.48	94363.8
168	280   	6607.26	10719  	1798.48	118556 
169	280   	6376.6 	7621.63	1798.48	73239  
170	280   	5101.97	5614.09	1798.48	63706.8
171	280   	5617.83	7061.01	1798.48	95523.6
172	280   	5933.54	7042.83	1798.48	73273  
173	280   	6681.53	9852.23	1798.48	94338.6
174	280   	5693.15	9445.82	1798.48	112421 
175	280   	5426.86	5463.75	1798.48	53138.2
176	280   	6170.11	8262.43	1798.48	83163.4
177	280   	5464.88	7070.15	1798.48	95319  
178	280   	6481.87	10255.5	1800.63	144579 
179	280   	5446.65	7284.82	1800.63	87189  
180	280   	6728.67	9352.5 	1800.63	105684 
181	280   	6003.55	8213.51	1800.63	91338.8
182	280   	6013.55	7176.96	1800.63	60136.5
183	280   	6533.02	9993.71	1800.63	85301.7
184	280   	5666.04	7405.8 	1800.63	94291.3
185	280   	5502.08	7397.76	1800.63	81459.5
186	280   	5522.33	8472.13	1800.63	81459.5
187	280   	6039.91	9162.66	1800.63	93301.8
188	280   	5559.99	8772.65	1800.63	93301.8
189	280   	5784.7 	8675.31	1800.63	110434 
190	280   	5743.17	7708.42	1800.63	105653 
191	280   	5852.13	7877.63	1800.63	75202.2
192	280   	5299.82	6933.73	1800.63	80156.6
193	280   	5700.88	9904.84	1800.63	104477 
194	280   	5394.96	6741.97	1800.63	60131.6
195	280   	5681.99	9405.32	1800.63	80130.2
196	280   	5877.54	10296.6	1800.63	103478 
197	280   	4893.39	5620.34	1800.63	74199.5
198	280   	4973.16	5458.71	1800.63	56149.7
199	280   	5367.56	7992.64	1800.63	104513 
200	280   	5464.74	8731.13	1800.63	110885 
Time elapsed: 13609 seconds.


Batch Job Summary Report (version 21.01.1) for Job "bpopt" (48684159) on daint

Job information (1/2)
-----------------------------------------------------------------------------------------------------
             Submit            Eligible               Start                 End    Elapsed Time limit
------------------- ------------------- ------------------- ------------------- ---------- ----------
2023-09-01T10:12:19 2023-09-01T10:12:19 2023-09-01T10:12:37 2023-09-01T14:00:51   03:48:14   23:59:00
-----------------------------------------------------------------------------------------------------

Job information (2/2)
-------------------------------------------------------------
    Username      Account    Partition   NNodes        Energy
------------ ------------ ------------ -------- -------------
    bp000145       ich030       normal        6  14061.228 kJ

