
gen	nevals	avg    	std    	min    	max    
1  	280   	8197.21	31412.3	5417.48	532391 
2  	280   	7340.98	22271.6	5311.73	532391 
3  	280   	5675.6 	416.448	5311.73	10869.1
4  	280   	5633.17	734.191	5311.73	9750   
5  	280   	5585.37	1479.42	5311.73	38096.9
6  	280   	5604.51	2005.83	5293.8 	38096.9
7  	280   	5667.47	2767.07	5274.14	38096.9
8  	280   	5931.84	4126.38	5274.14	38096.9
9  	280   	6247.59	5102.71	5274.14	38096.9
10 	280   	5953.37	4118.73	5274.14	38477  
11 	280   	5420.22	370.637	1851.63	9188.29
12 	280   	5327.87	343.643	1851.63	6019.07
13 	280   	5387.91	1197.92	970.433	17988.3
14 	280   	5561.16	2346.58	970.433	21309.6
15 	280   	6121.13	4117.75	970.433	26897.6
16 	280   	6533.28	5070.87	613.222	27223  
17 	280   	6543.78	5248.02	613.222	26573.3
18 	280   	6044.19	4768.01	509.705	26573.3
19 	280   	5471.39	4147.4 	395.86 	26573.3
20 	280   	5724.88	4687.79	395.86 	28192.3
21 	280   	5453.69	4559.17	395.86 	31050.6
22 	280   	5495.32	4774.54	395.86 	30865.5
23 	280   	5075.9 	4412.05	395.86 	30865.5
24 	280   	5524.74	4914.69	395.86 	28775.7
25 	280   	5499.01	4838.21	395.86 	27927.2
26 	280   	5645.89	4787.74	395.86 	27046.4
27 	280   	5611.15	4901.98	395.86 	28301.9
28 	280   	5331.31	4598.6 	395.86 	27956.4
29 	280   	5779   	5559.21	395.86 	41589.3
30 	280   	6037.75	5681.09	395.86 	41589.3
31 	280   	6223.42	6453.62	400.149	40670.8
32 	280   	7636.39	8830.32	418.57 	76546.2
33 	280   	8418.91	10807.7	418.57 	82558.2
34 	280   	10324.3	12560.5	383.959	82558.2
35 	280   	9922.29	12970.9	385.144	78580.4
36 	280   	9937.46	11112.6	385.144	78580.4
37 	280   	7603.14	8303.16	385.144	63885.9
38 	280   	7322.17	7874.2 	385.144	59966.1
39 	280   	7154.58	8090.21	385.144	59536.1
40 	280   	8116.91	9230.57	269.741	77839.3
41 	280   	7189.99	7768.86	269.741	61400.4
42 	280   	7310.96	7761.31	269.741	67548.3
43 	280   	7759.93	8704.22	269.741	77098.9
44 	280   	5870.17	6289.51	269.741	55719.9
45 	280   	6789.74	7753.75	303.504	85550.5
46 	280   	6443.69	7629.87	260.158	85550.5
47 	280   	7141.58	7575.41	260.158	65631.7
48 	280   	6566.47	8594.94	243.568	100052 
49 	280   	7723.81	9791.87	243.568	100929 
50 	280   	7180.38	7701.79	243.568	52505.7
51 	280   	6650.75	7467.4 	243.568	79715.4
52 	280   	6892.08	7638.04	224.255	79715.4
53 	280   	6476.02	7591.35	189.151	83682.2
54 	280   	6240.22	7057.79	189.151	72618.7
55 	280   	6439.39	7991.93	208.221	116556 
56 	280   	7401.68	7912.14	208.221	58545.7
57 	280   	6760.91	7245.92	138.752	64562.3
58 	280   	6863.36	8699.52	166.548	90034.1
59 	280   	6376.58	7570.35	166.548	88987.6
60 	280   	6107.11	7749.16	166.548	124674 
61 	280   	7261.05	8024.82	166.548	63586.4
62 	280   	6215.74	7205.56	166.548	52759.1
63 	280   	5972.88	6262.21	166.548	49476.7
64 	280   	6030.25	6324.66	166.548	42416.5
65 	280   	6608.98	6506.16	134.718	37656.2
66 	280   	6442.93	7703.92	134.718	63596.7
67 	280   	5601.77	5773.06	134.718	59401.1
68 	280   	6163.16	7641.51	134.718	88675.5
69 	280   	6305.36	6352.03	134.718	49504.8
70 	280   	6298.48	7009.61	134.718	71843.1
71 	280   	6200.06	7878.72	134.718	92105.8
72 	280   	6299.58	6810.93	112.852	55661.1
73 	280   	5833.83	6038.53	112.852	45418.7
74 	280   	5604.03	8392.14	112.852	134899 
75 	280   	6125.81	7191.51	112.852	84723.6
76 	280   	6415.62	7075.82	112.852	57444.2
77 	280   	5734.68	7173.89	116.336	98692.6
78 	280   	6906.98	7428.15	174.568	73706.5
79 	280   	7651.67	10585.7	174.568	73706.5
80 	280   	6781.01	8627.87	150.136	84908.3
81 	280   	6910.08	9529.26	155.153	153936 
82 	280   	7200.25	7802.28	174.568	86942.5
83 	280   	6503.9 	7194.95	131.488	82575.2
84 	280   	6701.77	7101.61	131.488	56411.5
85 	280   	5613.07	7484.3 	131.488	112994 
86 	280   	7205.49	7932.28	131.488	63420.7
87 	280   	6348.8 	7042.38	131.488	68456.5
88 	280   	5904.01	6816.62	131.488	72572.5
89 	280   	5566.26	6249.31	131.488	43341.1
90 	280   	6593.01	7897.54	131.488	79643.9
91 	280   	6720.81	7403.37	131.488	73565.5
92 	280   	6206.42	7508.23	162.414	78785.6
93 	280   	7227.25	9056.9 	162.414	87539.5
94 	280   	6520.47	7361.53	162.414	57516.9
95 	280   	6338.14	7269.97	162.414	67472.3
96 	280   	6074.44	7733.66	162.414	67472.3
97 	280   	6476.79	8358.75	162.414	93622.6
98 	280   	6749.25	8533.34	162.414	81506.4
99 	280   	7048.9 	7612.84	72.9145	62467.7
100	280   	5953.05	8209.02	108.345	78015.8
101	280   	6510.52	10256.6	108.345	173398 
102	280   	6406.94	7537.24	108.345	65650.5
103	280   	7255.2 	9567.07	108.345	116732 
104	280   	6387.29	9000.11	108.345	110833 
105	280   	6895.66	8174.41	108.345	69487.1
106	280   	6046.26	7793.72	108.345	88825.7
107	280   	6399.52	9111.48	97.0514	90635.8
108	280   	6167.21	7926.66	108.345	100605 
109	280   	6813.16	9429.25	108.345	107765 
110	280   	6090.24	7008.67	108.345	60418.4
111	280   	5827.72	7816.69	108.345	102751 
112	280   	6839.8 	8466.41	108.345	88708.3
113	280   	5588.1 	7161.6 	108.345	90767.5
114	280   	5793.51	7905.93	108.345	76575.5
115	280   	5272.24	7736.59	108.345	80779  
116	280   	6848.51	9346.66	120.402	92601.5
117	280   	6836.72	9053.61	120.402	89549.6
118	280   	6627.93	7989.77	121.786	75470.8
119	280   	6990.46	12167  	121.786	205960 
120	280   	7288.73	8405.44	115.368	68851.6
121	280   	6631.14	8634   	115.368	63493.6
122	280   	6781.25	7575.1 	119.625	63493.6
123	280   	6784.45	8683.97	119.625	102910 
124	280   	5849.46	7078.61	119.625	62816.8
125	280   	5827.98	5981.71	102.803	40386  
126	280   	5614.4 	8212.16	119.625	85968.4
127	280   	6061.88	6767.29	119.625	56779.7
128	280   	6415.45	9202.01	119.625	110876 
129	280   	5820.91	6761.86	119.625	59758.9
130	280   	7828.39	11894.7	124.882	110657 
131	280   	7437.87	11359.8	124.882	132780 
132	280   	6420.39	7094.54	124.882	43736.7
133	280   	6782.54	8774.85	118.6  	83635.4
134	280   	6320.17	7204.72	118.6  	75855.6
135	280   	5882.98	5996.45	118.6  	61168  
136	280   	6440.23	9757.71	118.6  	152898 
137	280   	6146.94	6698.41	115.17 	54428.6
138	280   	6119.91	6937.52	115.17 	54740.5
139	280   	5524.37	7047.92	115.17 	88637.5
140	280   	5409.02	8618.14	92.6174	119023 
141	280   	6103.7 	7179.52	92.6174	50417.3
142	280   	5894.13	7604.57	92.6174	72692.3
143	280   	6003.52	10380.5	92.6174	162116 
144	280   	5816.81	7644.23	92.6174	66590.4
145	280   	5751.08	7129.43	92.6174	70479.8
146	280   	6415.92	7143.36	92.6174	62478.1
147	280   	6351.19	9019.92	92.6174	109682 
148	280   	6981.73	8142.36	92.6174	92738.6
149	280   	5890.65	7379.59	92.6174	60401.5
150	280   	5006.08	5467.51	92.6174	40354.9
151	280   	5543.46	5857.75	92.6174	42490.1
152	280   	5779.21	8121.65	92.6174	89665.1
153	280   	6326.13	8510.07	92.6174	97775.6
154	280   	6367.8 	6374.25	92.6174	44347  
155	280   	6224.62	7583.98	92.6174	71473.2
156	280   	6096.04	8211.33	109.123	80559.8
157	280   	6142.65	7623.64	109.123	60419.9
158	280   	5893.86	8619.52	109.123	102824 
159	280   	6260.2 	10873.4	109.123	189646 
160	280   	5539.77	11114.2	109.123	172024 
161	280   	5770.12	6885.61	109.123	69857.6
162	280   	6723.09	8714.15	109.123	97088  
163	280   	6241.91	7657.04	109.123	76641.7
164	280   	5970.36	7184.84	109.123	55397.1
165	280   	6210.48	8620.39	109.123	117731 
166	280   	6010.93	7044.52	109.123	67565.7
167	280   	5431   	6038.37	109.123	54511.6
168	280   	6104.62	6719.08	109.123	57602.8
169	280   	6670.81	22760.8	109.123	515055 
170	280   	6520.46	6584.9 	109.123	49501.6
171	280   	5087.8 	6082.11	109.123	78791.1
172	280   	5885.78	7136.93	109.123	84701.7
173	280   	6769.79	12795.1	109.123	255097 
174	280   	5051.2 	5964.93	109.123	51621.7
175	280   	5829.58	6571.48	109.123	73413.3
176	280   	5641.97	5756.48	109.123	54506  
177	280   	6573.77	9032.44	109.123	101350 
178	280   	6555.32	10519.2	109.123	110871 
179	280   	5291.79	5992.55	109.123	56471.7
180	280   	5684.66	6622.61	109.123	48372.1
181	280   	6027.22	13497.2	109.123	279528 
182	280   	5609.06	6139.63	109.123	46464.6
183	280   	5094.05	6478.84	109.123	70529.5
184	280   	6288.09	7983.21	97.6542	74960.6
185	280   	5829.73	7501.41	93.4862	100563 
186	280   	4809.62	6367.39	93.4862	82504.1
187	280   	6222.95	9418.73	97.6542	92733.8
188	280   	6095.15	7164.32	97.6542	58992  
189	280   	5475.45	7318.15	97.6542	97805.2
190	280   	5935.9 	6791.23	97.6542	65547.9
191	280   	5467.84	7310.68	112.22 	92927.1
192	280   	5657.08	6249.14	116.174	78581.1
193	280   	5718.3 	6637.8 	116.174	80669.3
194	280   	6188.78	8238.2 	123.068	119695 
195	280   	6041.59	8655.04	123.068	120024 
196	280   	6479.99	8418.86	126.381	90633.9
197	280   	6645.4 	9000.17	126.381	96677.1
198	280   	5618.35	7107.94	109.447	73689.3
199	280   	5153.7 	5995.53	109.447	54644.1
200	280   	5694.4 	8904.2 	109.447	112642 
201	280   	6679.14	8059.56	111.654	76486.8
202	280   	5893.49	8840.4 	108.701	106647 
203	280   	7003.88	14268.7	108.701	245221 
204	280   	6409.36	7386.9 	108.701	66616.6
205	280   	6170.67	7485.38	108.701	68539.3
206	280   	5618.2 	9805.56	108.701	111661 
207	280   	5057.55	7754.1 	107.275	118758 
208	280   	6009.71	8633.08	108.701	76508.8
209	280   	5695.21	7842.75	108.701	80568.8
210	280   	5596.98	8196.4 	104.574	138917 
211	280   	5826.53	8094.42	93.8074	84637.3
212	280   	5668.66	6159.73	93.8074	49363.7
213	280   	6355.33	10299.9	104.574	160859 
214	280   	6652.17	11194.8	104.574	160859 
215	280   	5977.23	8657.69	104.574	100722 
216	280   	6051.09	6646.77	104.574	67565.3
217	280   	5634.22	6413.1 	104.574	65434.8
218	280   	6572.93	8915.81	104.574	99707.4
219	280   	6452.49	8465.99	104.574	85645.6
220	280   	6241.23	7163.58	95.1455	61171.2
221	280   	6100.21	7307.3 	95.1455	94568.5
222	280   	4700.89	5859.59	95.1455	63652.6
223	280   	5471.85	6039.45	95.1455	43362.8
224	280   	5383.94	5968.04	95.1455	47424  
225	280   	5097.18	6434.21	95.1455	77577.8
226	280   	5432.77	5758.98	95.1455	49370.7
227	280   	5902.3 	8211.06	95.1455	99638.3
228	280   	5711.65	7543.72	95.1455	123797 
229	280   	5344.76	5767.23	104.574	65400.7
230	280   	5858.94	6905.71	104.574	70639  
231	280   	5247.46	7469.33	104.574	82562.3
232	280   	6358.61	8432.79	104.574	71540.8
233	280   	5192.05	6675.24	104.574	67531.6
234	280   	4655.01	5393.64	104.574	37475.3
235	280   	5877.28	7242.45	104.574	92605.1
236	280   	5231.04	7239.04	104.574	102724 
237	280   	4739.12	5824.78	103.84 	42311.1
238	280   	5077.15	6585.57	103.84 	69519.9
239	280   	6258.54	10023.1	103.84 	150016 
240	280   	5899.96	8307.82	103.84 	71458.4
241	280   	6258.74	8532.94	103.84 	82484.8
242	280   	5731.64	6726.81	103.84 	67485.4
243	280   	5529.1 	10999.2	103.84 	178886 
244	280   	5068.95	6556.62	103.84 	81693.5
245	280   	5795.22	7142.62	103.84 	66519.8
246	280   	5194.14	6396.65	108.843	50434.7
247	280   	5472.27	7948.66	101.521	100636 
248	280   	5460.33	6165.75	101.521	48447.2
249	280   	6083.14	6957.17	101.521	73481.6
250	280   	5311.23	6305.2 	101.521	54506.1
251	280   	5628.07	6415.05	101.521	57505.8
252	280   	5480.53	6817.92	119.936	82576.1
253	280   	5341.34	6942.77	119.936	100628 
254	280   	5445.85	4988.7 	119.936	38739.1
255	280   	5033.68	5771.4 	119.936	59548.4
256	280   	5281.18	6808.3 	119.936	82872.7
257	280   	5214.58	5169.16	119.936	31630.2
258	280   	5429.78	8178   	119.936	89556  
259	280   	5538.49	6264.53	119.936	49583.8
260	280   	5951.1 	8423.75	119.936	73996.6
261	280   	5777.57	7156.55	116.755	66666.6
262	280   	5211.8 	6682.05	116.755	73661.9
263	280   	5770.21	7728.68	116.755	93901.4
264	280   	6139.94	7761.07	116.755	81703  
265	280   	6267.9 	7338.68	116.755	81703  
266	280   	5846.39	7099.73	116.755	80438.2
267	280   	5624.95	6082.55	116.755	48580.9
268	280   	4910.81	6323.29	116.755	59366.7
269	280   	5371.32	7013.29	116.755	71615.3
270	280   	5924.6 	8047.03	116.755	79652.4
271	280   	5466.47	7796.57	116.755	83600.1
272	280   	5291.91	5920.48	116.755	64426.1
273	280   	5732.5 	7538.82	116.755	65569.4
274	280   	5258.88	6051.63	116.755	45294.9
275	280   	5599.63	6614.57	116.755	54411.7
276	280   	5358.65	6373   	116.755	50415.1
277	280   	6244.09	8295.74	116.755	88679.2
278	280   	6371.51	7664.51	116.755	49306.4
279	280   	5055.8 	6106.02	116.755	49306.4
280	280   	5429.67	6565.76	110.099	59359.3
281	280   	5789.44	7316.6 	116.755	80566.6
282	280   	6203.59	9110.26	116.755	134805 
283	280   	6408.28	9961.47	116.449	134805 
284	280   	6329.1 	7772.01	116.755	75488.8
285	280   	5239.96	6364.45	116.755	59516.3
286	280   	5519.46	6497.41	116.755	57426  
287	280   	5536.67	6060.39	116.755	41349.1
288	280   	5789.73	7431.3 	116.755	89861.9
289	280   	5594.97	6190.96	116.755	72634.8
290	280   	5374.5 	6067.42	116.755	51352.6
291	280   	5462.34	6800.9 	116.755	94669.9
292	280   	7046.32	8030.94	105.341	80534.5
293	280   	6195.09	8079.31	116.755	81716.9
294	280   	6730.56	9138.21	116.755	116695 
295	280   	6372.24	7968.23	116.755	78733.9
296	280   	6307.76	7364.98	116.755	69516.6
297	280   	5734.1 	6621.19	116.755	49731.3
298	280   	6378.33	8091.64	116.755	67897.2
299	280   	6139.87	7922.34	116.755	71561.5
300	280   	6180.68	7519.38	116.755	77435.7
301	280   	5628.45	6632.39	116.755	70452.4
302	280   	5857.78	7653.42	116.755	102805 
303	280   	6424.96	8026.41	116.755	102805 
304	280   	5895.37	8171.8 	111.63 	75534.3
305	280   	6470.55	8717.8 	116.755	92628.9
306	280   	6195.01	7031.32	116.755	83592.4
307	280   	5951.62	8791.26	116.755	115159 
308	280   	6170.81	6719.15	116.755	50438.8
309	280   	5398.55	6771.68	116.755	56522  
310	280   	5694.76	7102.45	116.755	55492.9
311	280   	6384.88	8329.75	116.755	99165.7
312	280   	5882.5 	6832.41	116.755	60523.9
313	280   	6225.98	7165.14	116.755	70667.6
314	280   	5867.64	6772.1 	115.068	70667.6
315	280   	6462.09	7580.39	116.755	52571.7
316	280   	5580.17	6418.87	116.755	46356.3
317	280   	6032.25	6897.3 	116.755	73494.9
318	280   	6690.67	7556.02	116.755	61610.3
319	280   	5500.31	6262.33	116.755	55441.5
320	280   	5938.65	6527.07	116.755	80802.4
321	280   	6019.3 	7793.99	116.755	82585.1
322	280   	5463.87	5723.87	116.755	42339.3
323	280   	5276.35	5797.19	116.755	59618.5
324	280   	5829.35	6733.46	116.755	66541.6
325	280   	5799.04	6229.52	116.755	50843.6
326	280   	5894.09	6686.28	116.655	44554.6
327	280   	5803.52	6281.46	116.655	34448.5
328	280   	5898.96	6735.51	116.755	61797.9
329	280   	4823.97	6044.14	116.755	47493  
330	280   	5673.67	6520.86	116.755	55374.7
331	280   	5281.29	6388.35	116.755	57455  
332	280   	5748.5 	6768.27	116.755	62793.9
333	280   	5324.36	7059.06	116.755	86505.1
334	280   	6034.39	7616.69	116.755	73780  
335	280   	6980.49	10565.2	116.755	110950 
336	280   	5469.31	6100.3 	116.755	42397.8
337	280   	5507.36	6501.9 	108.032	66527.7
338	280   	5786.51	7655.25	108.032	99701.8
339	280   	5872.7 	8034.9 	108.032	86634.2
340	280   	5748.21	7711.34	108.032	91809.2
341	280   	5814.15	7776.2 	108.032	95029.6
342	280   	5505.86	6008.93	108.032	36595.4
343	280   	6135.35	8029.3 	108.032	88658.3
344	280   	5917.76	6924.29	108.032	87708.3
345	280   	5625.45	5661.54	116.755	34376.3
346	280   	5071.77	5645.8 	116.755	53568.5
347	280   	5183.78	5352.18	116.755	28318.5
348	280   	5721.29	7180.88	116.755	61610  
349	280   	4372.31	5414.43	116.755	62407.2
350	280   	5827.81	7476.77	116.755	77661.2
351	280   	6170.02	8866.56	116.755	77661.2
352	280   	5291.88	7085.25	110.687	76532.9
353	280   	6050.34	7537.67	110.687	63680.3
354	280   	5595.59	6818.92	110.687	56420.2
355	280   	5832.24	7554.98	110.687	78517.2
356	280   	6437.6 	7904.59	110.687	71487.3
357	280   	6341.53	9970.71	116.755	114954 
358	280   	5603.86	8015.87	116.755	88614.3
359	280   	5669.99	6699.71	116.755	68556.5
360	280   	5173.47	7907.93	116.755	100643 
361	280   	5524   	6592.22	116.755	53479.1
362	280   	5316.37	5692.64	116.755	56419.9
363	280   	4818.29	5446.49	106.291	58521.2
364	280   	5521.6 	6240.05	106.291	66669.9
365	280   	4692.59	5532.98	106.291	60729.2
366	280   	5846.71	7579.55	106.291	103745 
367	280   	6428.91	8493.6 	106.291	103745 
368	280   	5010.19	5330.37	106.291	42297  
369	280   	5451.12	8137   	106.291	105071 
370	280   	6371.55	8277.04	106.291	75065.1
371	280   	5344.85	7495.62	106.291	73013.7
372	280   	5833.88	7747.36	106.291	86738.7
373	280   	6465.49	8054.2 	106.291	78766.8
374	280   	5768.26	8468.62	106.291	100108 
375	280   	5744.8 	8309.96	106.291	91628.7
376	280   	5781.25	7100.18	106.291	67592.6
377	280   	5424.02	6801.11	106.291	76874.8
378	280   	5385.21	6465.69	106.291	59940.9
379	280   	5598.06	6726.33	106.291	75727.9
380	280   	5771.41	6863.28	106.291	86888.3
381	280   	5754.57	6556.04	106.291	53430.8
382	280   	4929.75	5644.36	106.291	70537.6
383	280   	5233.71	5280.85	106.291	40441.7
384	280   	5071.13	5484.92	106.291	48514.8
385	280   	5767   	6460.9 	106.291	56399.7
386	280   	4912.22	5378.54	106.291	51550.1
387	280   	5698.68	7639.96	106.291	83539.9
388	280   	5438.56	5453.62	106.291	36320.8
389	280   	5371.76	7197.21	106.291	90657.7
390	280   	5871.91	6628.95	106.291	64613.5
391	280   	5269.66	6369.27	106.291	61519.9
392	280   	5310.94	5056.92	106.291	40366.2
393	280   	4840.64	5883.24	106.291	48540.3
394	280   	5594.49	7445.44	96.4508	75604  
395	280   	6578.14	8190.97	96.4508	105711 
396	280   	5362.94	6513.51	96.4508	62449.1
397	280   	5367.11	5870.92	96.4508	41354.2
398	280   	6121.7 	6270.45	96.4508	43880.1
399	280   	5177.13	5628.31	96.4508	42612.9
400	280   	4764.27	5000.41	96.4508	34342.7
401	280   	5462.07	5776.23	88.7466	54560.5
402	280   	5108.34	5503.1 	101.527	44428.3
403	280   	5225.88	5173.65	101.527	43484.5
404	280   	4767.09	6512.14	101.527	80534.9
405	280   	5679.73	6974.98	101.527	60599  
406	280   	5882   	6740.29	101.527	65826.9
407	280   	5550.66	11585  	101.527	223134 
408	280   	4781.36	4786.06	101.527	40383.9
409	280   	4997.33	5412.61	101.527	60492.8
410	280   	5222.95	6589.7 	101.527	76517.8
411	280   	5513.13	6599.72	101.527	72783.6
412	280   	5890.9 	6711.73	101.527	62434.7
413	280   	5270.8 	5010.96	101.527	38291.1
414	280   	5052.91	6939.06	101.527	83597.3
415	280   	5567.32	6454.26	101.527	75573.3
416	280   	5654.91	6000.51	101.527	49710.1
417	280   	4422.51	5876.83	101.527	55425.6
418	280   	4704.52	5430.69	101.527	64570.7
419	280   	5142.26	8589.78	101.527	160489 
420	280   	4858.9 	6522.35	101.527	56726.4
421	280   	5106.65	6266.02	101.527	107721 
422	280   	5279.69	7698.11	101.527	113882 
423	280   	5903.73	6823.4 	101.527	71568  
424	280   	5226.62	7516.31	101.527	108821 
425	280   	5804.7 	10146.2	101.527	191982 
426	280   	5194.25	8344.88	101.527	104753 
427	280   	6011.53	7253.98	108.697	117676 
428	280   	6500.56	8845.21	108.697	118622 
429	280   	5352.29	5366.52	108.697	46402.6
430	280   	4715.73	5414.91	108.697	48504.9
431	280   	5463.26	6528.17	108.697	54504.8
432	280   	6374.7 	7054.64	108.697	56423  
433	280   	5142.35	7527.12	108.697	91661.9
434	280   	5515.95	6157.2 	87.1959	58461.9
435	280   	5802.92	5896.78	87.1959	36267.9
436	280   	4660.28	6872.39	87.1959	111980 
437	280   	5462.16	6897.86	87.1959	100724 
438	280   	5941.52	12894.1	87.1959	281589 
439	280   	6583.61	9624.57	87.1959	174026 
440	280   	6952.47	10506.5	87.1959	174026 
441	280   	6245.69	7785.75	87.1959	85407.9
442	280   	6164.52	7232.17	87.1959	88558.1
443	280   	6197.33	6879.79	87.1959	53495.8
444	280   	4891.88	7122.74	87.1959	99641.2
445	280   	5577.77	10016  	87.1959	135830 
446	280   	5772.11	8717.65	87.1959	138738 
447	280   	5812.71	6879.52	114.005	86578  
448	280   	6273.21	11012.6	113.497	137031 
449	280   	6120.88	6534.27	107.781	51418.6
450	280   	6384.04	9467.92	107.781	113703 
451	280   	5918.21	7816.24	98.3002	111717 
452	280   	5821.6 	6409.37	98.3002	53683.4
453	280   	5067.45	6722.66	98.3002	91746  
454	280   	6064.73	12057.3	98.3002	224118 
455	280   	6526.88	7387.56	98.3002	71678  
456	280   	6156.72	11342  	98.3002	165266 
457	280   	6424.32	7765.95	98.3002	69733.2
458	280   	6349.98	8536.97	98.3002	127327 
459	280   	5416.21	6252.25	98.3002	52505.9
460	280   	4823.78	6309.07	98.3002	51462.5
461	280   	5311.41	6626.7 	98.3002	67533.3
462	280   	5094.01	5587.02	98.3002	57460.7
463	280   	4916.61	6046.75	98.3002	85715.1
464	280   	5477.87	9976.73	98.3002	199969 
465	280   	6126.47	11122.8	98.3002	199969 
466	280   	6484.91	7485.14	99.0997	86697.2
467	280   	5279.03	6298.53	99.0997	62654.4
468	280   	5521.52	7446.37	99.0997	79566  
469	280   	5775.98	6122.57	99.0997	58505.1
470	280   	5320.67	8941.67	99.0997	140807 
471	280   	6010.53	8964.19	99.0997	112692 
472	280   	5796.34	8255.3 	99.0997	100930 
473	280   	5799.76	5666.67	96.0642	40246  
474	280   	4614.06	7158.73	85.8946	139876 
475	280   	5030.41	5440.77	85.8946	53560.4
476	280   	4917.73	7358.94	85.8946	101803 
477	280   	5547.13	6972.97	85.8946	83571.2
478	280   	5226.21	7217.76	85.8946	104620 
479	280   	5790.49	7907.09	85.8946	128757 
480	280   	5798.69	9375.78	85.8946	161897 
481	280   	5808.05	7207.74	85.8946	69811.2
482	280   	4956.29	6443.09	85.8946	79797.4
483	280   	6585.9 	9834.66	85.8946	131697 
484	280   	5426.96	5675.41	85.8946	48358.8
485	280   	5272.7 	6174.27	85.8946	55827.9
486	280   	5175.14	5441.28	85.8946	42516.7
487	280   	5372.93	6308.42	85.8946	61500.4
488	280   	5499.82	9057.7 	85.8946	143246 
489	280   	5123.57	6288.5 	85.8946	81746.3
490	280   	5799.19	7462.92	85.8946	103705 
491	280   	6213.13	8542.81	85.8946	109107 
492	280   	6118.99	8546.26	85.8946	97635.4
493	280   	4969.89	4698.81	85.8946	31443.1
494	280   	5493.45	8558.55	99.0997	134822 
495	280   	6227.91	8799.62	99.0997	99654.5
496	280   	5911.78	6700.69	99.0997	56446  
497	280   	5264.48	5429.74	99.0997	56446  
498	280   	5649.03	7426.51	99.0997	120726 
499	280   	6020.37	9034.58	99.0997	150833 
500	280   	6063.04	6787.82	99.0997	54342.3
Time elapsed: 39756 seconds.


Batch Job Summary Report (version 21.01.1) for Job "bpopt" (46201148) on daint

Job information (1/2)
-----------------------------------------------------------------------------------------------------
             Submit            Eligible               Start                 End    Elapsed Time limit
------------------- ------------------- ------------------- ------------------- ---------- ----------
2023-04-22T13:14:27 2023-04-22T13:14:27 2023-04-22T13:15:10 2023-04-23T00:19:06   11:03:56   15:59:00
-----------------------------------------------------------------------------------------------------

Job information (2/2)
-------------------------------------------------------------
    Username      Account    Partition   NNodes        Energy
------------ ------------ ------------ -------- -------------
    bp000145       ich030       normal        3  41775.771 kJ

