
gen	nevals	avg    	std    	min    	max    
1  	280   	7906.27	16537.8	4816.87	282758 
2  	280   	7387.76	11760.2	4816.87	282758 
3  	280   	5492.36	1224.82	4816.77	13604.4
4  	280   	6293.6 	23881.3	4767.84	569237 
5  	280   	5222.81	2054.54	4715.85	36358.1
6  	280   	5255.62	6314.73	4552   	153868 
7  	280   	5025.75	2964.35	4552   	73559.2
8  	280   	4827.11	570.531	3833.43	11915.4
9  	280   	4848.5 	754.758	3239.47	11915.4
10 	280   	4780.51	1037.79	2470.35	15423.4
11 	280   	4571.15	794.571	1935.51	14985.3
12 	280   	4493.04	1540.68	801.321	16941.3
13 	280   	4518.94	2639.9 	801.321	18282.3
14 	280   	5258.93	4011.62	801.321	31337.3
15 	280   	5634.25	4354.67	767.898	31337.3
16 	280   	5610.66	4258.32	800.866	31337.3
17 	280   	5393.73	4257.43	757.306	32500.2
18 	280   	5298.6 	4084.5 	757.306	20820.8
19 	280   	5113.72	3999.95	800.866	21319.9
20 	280   	5707.32	4514.39	800.866	21319.9
21 	280   	5480.08	4355.45	800.866	21319.9
22 	280   	5853.9 	4669.29	720.793	21319.9
23 	280   	5938.84	5333.83	674.564	62827.6
24 	280   	6134.14	5125.69	674.564	24076.6
25 	280   	6528.32	5647.97	674.564	23215.7
26 	280   	6788.62	5733.48	674.564	21570  
27 	280   	6207.23	6215.15	674.564	82500.7
28 	280   	6215.47	6337.08	674.564	82500.7
29 	280   	6897.78	6791.21	674.564	82500.7
30 	280   	7227.21	7766.53	674.564	82500.7
31 	280   	7696.98	7858.88	560.597	82500.7
32 	280   	7024.48	7696.52	560.597	82500.7
33 	280   	7737.64	9472.19	560.597	82500.7
34 	280   	7650.97	7691.73	560.597	70614.8
35 	280   	7590.42	7601.73	433.197	70614.8
36 	280   	7261.34	7859.88	433.197	70614.8
37 	280   	7483.31	9766.16	433.197	138298 
38 	280   	7609.62	8463.77	433.197	70614.8
39 	280   	6368.86	7292.6 	433.197	88797.9
40 	280   	7332.53	7723.21	433.197	88797.9
41 	280   	7453.79	9413.77	433.197	104884 
42 	280   	7765.67	9806.41	346.871	104884 
43 	280   	8394.8 	11748.6	346.871	104884 
44 	280   	9652.31	13260.8	346.871	104884 
45 	280   	9609.85	18079.8	346.871	292370 
46 	280   	10645.3	15871.7	340.95 	104884 
47 	280   	9214.64	14320.9	340.95 	114110 
48 	280   	10846.7	16455.2	346.871	122997 
49 	280   	9716.54	14815.3	346.871	111190 
50 	280   	9266.7 	14602.9	346.871	140367 
51 	280   	9101.79	14188.5	323.84 	104884 
52 	280   	10138.2	14838.3	323.84 	104884 
53 	280   	11062.4	17208.3	346.871	127778 
54 	280   	10368.7	16667.1	346.871	145158 
55 	280   	9347.41	14705  	310.669	108931 
56 	280   	9682.01	15378.2	310.669	107492 
57 	280   	11017.3	18781.7	310.669	109909 
58 	280   	10442.5	18957.3	310.669	140813 
59 	280   	13391.3	20888  	282.337	130093 
60 	280   	13068.9	20882.9	310.669	124073 
61 	280   	10786  	16930.8	310.669	97599.6
62 	280   	11509.4	18641.9	289.816	128186 
63 	280   	9640.36	14590.4	289.816	127077 
64 	280   	12444.9	18783.5	289.816	133038 
65 	280   	9040.07	13689.1	289.816	104743 
66 	280   	9171.4 	13524.2	289.816	136212 
67 	280   	11147.4	16371.1	289.816	122999 
68 	280   	9945.06	17519.5	289.816	118949 
69 	280   	12158.3	18638.4	289.816	117813 
70 	280   	10506.5	17442.3	289.816	139092 
71 	280   	13124.2	19656.3	281.933	126117 
72 	280   	12425.8	18107.9	281.933	108109 
73 	280   	11306.9	15866.4	281.933	107900 
74 	280   	10093.6	15132.9	281.933	118926 
75 	280   	13698  	19855.2	281.933	144240 
76 	280   	10747.2	15953.8	289.816	111705 
77 	280   	12149.4	18479.8	289.816	97882.7
78 	280   	13000.7	18818.9	289.816	96573  
79 	280   	10797.7	15509.5	289.816	101744 
80 	280   	10146.3	16413  	289.816	135651 
81 	280   	11587.9	17605  	289.816	131709 
82 	280   	10181.8	15665  	289.816	131709 
83 	280   	13305.5	18738.1	268.087	121844 
84 	280   	10624.2	16436.5	268.087	136948 
85 	280   	10776.8	17317.7	268.087	147914 
86 	280   	10856.7	16239.4	259.504	112647 
87 	280   	10037.9	14697.6	259.504	94506.4
88 	280   	10904.6	18586.2	259.504	129850 
89 	280   	12835  	20414.3	259.504	128249 
90 	280   	13327.2	20907.5	259.504	93781.2
91 	280   	10655  	17159.2	218.995	103869 
92 	280   	10600.3	18340.8	255.942	132183 
93 	280   	12753  	21317.9	255.942	137762 
94 	280   	11801.8	19541.6	255.942	186501 
95 	280   	13650.8	19352.2	255.942	115518 
96 	280   	10055.6	16179.8	255.942	102859 
97 	280   	11792.9	18496.3	237.882	114719 
98 	280   	14160  	20418.9	237.882	120870 
99 	280   	14062.9	22093.6	255.942	179581 
100	280   	10960.5	18827.3	255.942	126051 
101	280   	12704.6	19665.7	255.942	123816 
102	280   	13411.9	21266.5	255.942	111101 
103	280   	12891.9	21918.4	255.942	118780 
104	280   	14285.4	22493.7	255.078	118884 
105	280   	12101.9	20348.3	255.078	114673 
106	280   	11901.2	18607.8	255.078	106894 
107	280   	12072.9	20055.9	221.796	126973 
108	280   	9051.33	16505.9	221.796	107532 
109	280   	10359.3	18028.8	221.796	111113 
110	280   	11922.9	20049.9	221.796	133940 
111	280   	11991.8	20375.4	221.796	120915 
112	280   	11167  	17414.7	221.796	107532 
113	280   	10974.1	17441.6	221.796	107532 
114	280   	11161.9	18408.7	221.796	127777 
115	280   	10961.8	19398.2	221.796	134848 
116	280   	13997.1	21433.2	221.796	122043 
117	280   	10153.7	17512.8	221.796	102997 
118	280   	10874.4	17773.2	221.796	102113 
119	280   	9189.31	16083.4	221.796	109790 
120	280   	11861.9	19900.9	221.796	163915 
121	280   	12051.9	19069.7	221.796	101962 
122	280   	11374.3	18836.6	221.796	94473.2
123	280   	11309.9	19597  	221.796	137951 
124	280   	12786.2	19677  	221.796	127947 
125	280   	12033.9	19718.5	221.796	101873 
126	280   	10815.1	18779.1	221.796	93682.9
127	280   	9026.85	16491.7	221.796	101738 
128	280   	11437.6	19521.3	221.796	118166 
129	280   	12752.7	22048.5	221.796	152361 
130	280   	12861  	21231.8	221.796	105915 
131	280   	9953.56	18035.2	221.796	141712 
132	280   	9980.02	16805.6	221.796	87616.4
133	280   	11279  	18807.4	221.796	120741 
134	280   	9216   	15635.8	179.532	101692 
135	280   	9827.69	17226.2	179.532	112581 
136	280   	10552.4	18425.7	179.532	115523 
137	280   	8385.31	15728.8	179.532	105574 
138	280   	10632.6	18317.6	179.532	89694.7
139	280   	8853.86	16313.4	179.532	120751 
140	280   	10682.4	18066  	179.532	106091 
141	280   	10242.9	19876.8	179.532	240800 
142	280   	8980.96	16187.4	179.532	104780 
143	280   	11184.2	18801.4	179.532	108115 
144	280   	11994.8	20030.1	179.532	99543.5
145	280   	9967.34	17482.8	179.532	116838 
146	280   	10831.6	19827.4	179.532	116838 
147	280   	11491.2	19691.1	179.532	109966 
148	280   	11990.6	19454.4	179.532	99881.1
149	280   	12220.6	20120  	209.04 	111508 
150	280   	15433.9	22192.6	209.04 	114918 
151	280   	11116.2	19485  	209.04 	147789 
152	280   	16269.1	22473.5	209.04 	126267 
153	280   	14281.2	21274.1	209.04 	93760.6
154	280   	13095.7	19714.8	221.107	132918 
155	280   	14496.9	21276.8	221.107	145282 
156	280   	14152.6	22106  	221.107	155131 
157	280   	10610.7	17089.4	221.107	117845 
158	280   	11559.2	18628.2	221.107	111795 
159	280   	13581.6	20082.7	221.107	100863 
160	280   	10968.3	16972  	221.107	122240 
161	280   	11601  	18590.2	221.107	112715 
162	280   	9872.37	17759.4	221.107	146835 
163	280   	11034.3	17314.1	221.107	131793 
164	280   	11365.7	18674.7	221.107	131793 
165	280   	11558.2	19318.5	221.107	130700 
166	280   	9538.96	15666.3	221.107	115957 
167	280   	11537.9	18792  	221.107	114708 
168	280   	12130.7	18176  	221.107	109762 
169	280   	9658.19	15589.9	221.107	97730.5
170	280   	10419  	17784.2	221.107	131916 
171	280   	9847.75	15288.2	221.107	101957 
172	280   	9708.29	17611.3	221.107	215007 
173	280   	11436.6	17624.2	190.171	104720 
174	280   	9919.25	16826.7	190.171	107745 
175	280   	10243.6	16551.9	221.107	117187 
176	280   	9831.18	17274  	221.107	131920 
177	280   	10474.9	19378.9	221.107	134090 
178	280   	12318.5	19899.6	221.107	114098 
179	280   	12285.5	20707.5	221.107	106260 
180	280   	11525  	18999  	221.107	120996 
181	280   	12264.6	20056.4	221.107	120996 
182	280   	9454.14	16709.8	221.107	119000 
183	280   	12726.3	20647.5	221.107	140661 
184	280   	13407.2	20772  	221.107	158871 
185	280   	10812.5	16772.8	221.107	117988 
186	280   	10826.6	18587.9	206.463	140102 
187	280   	10421.8	18180.5	206.463	133691 
188	280   	10670  	18639.8	206.463	112705 
189	280   	7585.7 	13627.9	206.463	106831 
190	280   	9578.7 	15725.2	206.463	111873 
191	280   	12396.4	19735  	196.2  	119792 
192	280   	13168.6	22232.8	206.463	267726 
193	280   	11882.7	19543.4	206.463	156184 
194	280   	11308.6	18811.3	206.463	117691 
195	280   	10950.7	18071.8	206.463	131826 
196	280   	8941.01	14159.8	206.463	90565.9
197	280   	9106.4 	16802  	206.463	171851 
198	280   	10507.6	17322.8	206.463	121931 
199	280   	9088.64	15916.6	206.463	151983 
200	280   	10189.9	17021.1	206.463	117747 
201	280   	8652.47	14891.7	157.862	107871 
202	280   	10782.2	18010.2	157.862	122876 
203	280   	9069.76	15573.8	157.862	122876 
204	280   	10829.3	17937  	157.862	119764 
205	280   	9582.17	15783.3	157.862	109735 
206	280   	11019.3	20075  	157.862	113624 
207	280   	11021.3	19258.2	157.862	112755 
208	280   	11325.7	18271.3	157.862	116263 
209	280   	11038.7	17556.5	157.862	144077 
210	280   	11644.1	19865.2	157.862	144077 
211	280   	9974.49	16905  	157.862	141422 
212	280   	11774.3	20923.2	157.862	134661 
213	280   	11675.3	19305.6	157.862	128138 
214	280   	11632.1	18077.9	157.862	110802 
215	280   	10725  	17805.1	157.862	144905 
216	280   	9426.84	18851.5	157.862	299766 
217	280   	10059.4	17266  	157.862	171458 
218	280   	9734.31	16138.4	157.862	118538 
219	280   	8717.74	15845.1	148.777	116940 
220	280   	9234.98	14731.9	148.777	127792 
221	280   	8932.88	18073.6	148.777	197268 
222	280   	10627.1	18377.7	148.777	151895 
223	280   	9372.7 	17186.4	148.777	219548 
224	280   	9622.41	17085.3	148.777	124607 
225	280   	9426.16	14917.7	148.777	126506 
226	280   	9844.38	15273.1	148.777	117661 
227	280   	9315.15	14527.2	148.777	123765 
228	280   	8601.27	15363.9	148.777	120005 
229	280   	8522.04	14023  	148.777	104857 
230	280   	8370.66	15042.1	148.777	115881 
231	280   	10364.4	18675.4	148.777	135973 
232	280   	8921.65	14274.7	148.777	90506.3
233	280   	10098.3	17581.2	148.777	129953 
234	280   	9912.55	16500  	148.777	112839 
235	280   	11331.5	17280.1	148.777	134798 
236	280   	7818.08	14126.6	148.777	130693 
237	280   	8833.48	13951.7	148.777	102504 
238	280   	9071.39	15923.5	148.777	119906 
239	280   	9164.3 	16302.7	148.777	134555 
240	280   	6760.42	12534.9	143.476	105636 
241	280   	8713.37	15593  	143.476	134802 
242	280   	8228.28	14749.2	143.476	134802 
243	280   	6826.92	12293.2	143.476	103696 
244	280   	8112.8 	14465.9	143.476	105763 
245	280   	7895.6 	16372.1	143.476	122531 
246	280   	7002.74	16459.4	143.476	123923 
247	280   	8868.19	18146.5	137.154	114778 
248	280   	9266.57	20016.7	114.497	127009 
249	280   	7809.14	15906.3	114.497	124873 
250	280   	8445.85	16448.8	106.046	107799 
251	280   	6888.9 	13795.5	114.497	150938 
252	280   	6568.18	12552.7	114.497	107854 
253	280   	7090.29	15881.7	114.497	131871 
254	280   	6614.14	13179.1	114.497	129714 
255	280   	8700.85	17747.2	114.497	113917 
256	280   	8904.95	20873.9	114.497	213785 
257	280   	8931.04	17470.6	114.497	126728 
258	280   	6601.45	11504.6	114.497	95714.8
259	280   	6885.43	13383.7	114.497	110899 
260	280   	7213.73	16043.4	114.497	169375 
261	280   	7429.58	16820.6	114.497	198698 
262	280   	8197.84	17457.5	114.497	113818 
263	280   	6928.21	15037.8	114.497	136976 
264	280   	6847.17	15235  	114.497	149165 
265	280   	6998.04	14656.6	114.497	138751 
266	280   	7038.86	28041.2	114.497	624367 
267	280   	6729.04	10493.8	114.497	118774 
268	280   	7908.61	16522.9	114.497	142632 
269	280   	7728.94	16634.1	114.497	179362 
270	280   	7524.83	18059.3	114.497	258838 
271	280   	7839.31	16229.9	114.497	117000 
272	280   	7584.43	15517.4	114.497	119685 
273	280   	6945.58	13490.6	114.497	110819 
274	280   	7243.74	16355  	114.497	146830 
275	280   	6519.95	11524.5	114.497	146830 
276	280   	6543.01	10748.2	114.497	96707.8
277	280   	6051.48	11269.8	114.497	103821 
278	280   	6443.85	10867.4	114.497	93394.7
279	280   	7014.7 	14949  	114.497	149076 
280	280   	6158.57	12725.2	114.497	104650 
281	280   	6981.1 	15519.8	114.497	136959 
282	280   	6912.13	15341.7	114.294	121490 
283	280   	7408.84	16061.3	114.294	121490 
284	280   	6056.04	11276  	114.294	103567 
285	280   	6166.52	13226.7	114.294	118821 
286	280   	6098.53	12643  	114.294	108708 
287	280   	6195.5 	12948.2	114.294	114554 
288	280   	6230.02	14623.2	114.294	199486 
289	280   	7128.18	13874.2	114.294	124561 
290	280   	5869.95	12214.4	114.294	104543 
291	280   	7451.7 	16522.3	114.294	127958 
292	280   	7082   	15715.6	114.294	114860 
293	280   	6139.52	13434.8	114.294	173565 
294	280   	7080.24	14561.6	114.294	108902 
295	280   	6231.23	12697  	114.294	103890 
296	280   	5994.12	12850.3	114.294	126071 
297	280   	5009.81	8690.53	114.294	82707.1
298	280   	5996.27	12411.7	114.294	105572 
299	280   	7080.32	17443.7	114.294	150856 
300	280   	7032.46	14667.8	114.294	119620 
301	280   	6325.51	12726.6	114.294	101480 
302	280   	6259.96	13183.7	114.294	101480 
303	280   	5981.95	12139.2	114.294	94810.3
304	280   	5699.4 	12406.9	114.294	122815 
305	280   	5739.24	11734.6	114.294	89955.9
306	280   	5493.82	11492.2	114.294	140425 
307	280   	5574.01	11143.1	114.294	95818.6
308	280   	5918.77	12618.2	114.294	114052 
309	280   	5780.03	12517.5	114.294	114665 
310	280   	5806.98	12955.2	114.294	130353 
311	280   	6339.36	11547  	114.294	95977.9
312	280   	5974.74	13244.3	114.294	105918 
313	280   	6043.22	13571.6	114.294	128430 
314	280   	7228.84	17218.3	114.294	224681 
315	280   	5948.82	11366.2	114.294	88579.5
316	280   	5682.11	12251.7	114.294	116734 
317	280   	7290.28	15755.6	114.294	131018 
318	280   	6993.66	17649.8	114.294	162335 
319	280   	5462.5 	11199.1	114.294	120764 
320	280   	5846.82	11813.2	114.294	114126 
321	280   	6336.86	14293  	114.294	111604 
322	280   	6574.89	12982.7	114.294	107907 
323	280   	5574.06	11226.9	114.294	96827.2
324	280   	5954.09	12215.9	114.294	118104 
325	280   	5149.16	12203.2	114.294	216862 
326	280   	5533.31	11236.9	114.294	116978 
327	280   	5663.15	11664.4	114.294	97516.3
328	280   	5274.77	12253.4	114.294	110955 
329	280   	7226.96	17115.6	100.611	114060 
330	280   	5162.69	11400.9	100.611	106937 
331	280   	6212.75	13524.1	100.611	110709 
332	280   	6860.92	15848.8	100.611	154173 
333	280   	5744.48	15830.3	100.611	228597 
334	280   	5481.97	12241.4	100.611	150247 
335	280   	4775.02	9854.74	100.611	110887 
336	280   	6590.67	13578.5	100.611	141145 
337	280   	6156.86	13682  	100.611	138132 
338	280   	5365.51	10947.7	100.611	96687.8
339	280   	5159.14	10198.7	100.611	77977.5
340	280   	5231.13	11673.1	100.611	105421 
341	280   	4849.55	11833.7	100.611	140931 
342	280   	6392.28	15552.4	100.611	206515 
343	280   	4501.16	9730.08	100.611	112664 
344	280   	5475.74	12623.5	100.611	138134 
345	280   	5139.23	9828.81	94.4128	84515  
346	280   	6165.47	13565.2	94.4128	122696 
347	280   	5256.08	12729.8	94.4128	129126 
348	280   	4907.05	10571.5	94.4128	114599 
349	280   	5630.44	13101.1	94.4128	122563 
350	280   	5692.26	17081.8	94.4128	203600 
351	280   	5624.41	13800.2	94.4128	159217 
352	280   	5138.91	12636.6	94.4128	115865 
353	280   	5880.5 	14494.8	94.4128	125391 
354	280   	6100.57	15237.5	94.4128	124736 
355	280   	5984.93	18616.6	94.4128	271774 
356	280   	6762.01	15803.1	94.4128	125883 
357	280   	5596.07	12955  	94.4128	125072 
358	280   	6514.58	19744.4	94.4128	295926 
359	280   	6469.03	18150.6	94.4128	291820 
360	280   	5963.9 	13701.8	94.4128	140451 
361	280   	6099.53	14129.8	94.4128	120715 
362	280   	5395.84	13505.1	94.4128	121264 
363	280   	5759.38	12913  	94.4128	106696 
364	280   	6731.77	15624.5	94.4128	128709 
365	280   	6304.56	13716.3	94.4128	140946 
366	280   	5854.98	12721.5	94.4128	112881 
367	280   	5651.61	14432.9	94.4128	166113 
368	280   	5534.83	12775.4	94.4128	125884 
369	280   	5191.62	12642  	94.4128	125884 
370	280   	5247.88	12662.1	94.4128	117662 
371	280   	5426.51	12850.5	94.4128	132174 
372	280   	5533.47	12789.4	84.7417	129796 
373	280   	5175.62	12096.6	84.7417	147714 
374	280   	5683.04	12874.4	84.7417	102853 
375	280   	6315.2 	16333.5	84.7417	171962 
376	280   	5522.97	13947.8	84.7417	136832 
377	280   	7166.1 	19160.5	84.7417	155922 
378	280   	5745.15	15467.2	84.7417	149722 
379	280   	6055.43	14874.2	72.7244	142387 
380	280   	5200.52	12412.1	84.7417	134558 
381	280   	5722.67	11915  	84.7417	102878 
382	280   	5883.11	12653  	78.9556	97711.7
383	280   	5133.08	10663.8	78.9556	81612.1
384	280   	5626.85	12898.8	78.9556	101616 
385	280   	4863.12	10328.5	78.9556	91818.1
386	280   	5027.12	13270.5	78.9556	163434 
387	280   	6045.95	15322.8	78.9556	210337 
388	280   	6622.64	18578.1	78.9556	245645 
389	280   	5968.78	13890.2	78.9556	111913 
390	280   	5757.09	13719.8	78.9556	172328 
391	280   	6668.72	16415.8	78.9556	147820 
392	280   	5607.69	13502.4	78.9556	123896 
393	280   	6585.46	16459.1	78.9556	137990 
394	280   	6193.94	15249.4	78.9556	146090 
395	280   	5125.91	12670.7	78.9556	112882 
396	280   	5747.95	14783.9	78.9556	161944 
397	280   	5369.49	16674.5	78.9556	262684 
398	280   	5175.14	14739.1	78.9556	226589 
399	280   	5858.37	13737.7	78.9556	111769 
400	280   	6152.44	17223.2	78.9556	206440 
401	280   	6404.05	17592.6	78.9556	187432 
402	280   	6032.22	16914.7	78.9556	245585 
403	280   	4693.43	11307.1	78.9556	110714 
404	280   	5076.31	12382.8	78.9556	130848 
405	280   	5622.87	13743.8	78.9556	132701 
406	280   	5587   	14324.1	78.9556	150242 
407	280   	5145.27	12297.3	78.9556	118020 
408	280   	5863.32	16551.9	78.9556	143154 
409	280   	5821.39	14206.2	78.9556	104872 
410	280   	4970.89	12622.4	78.9556	194448 
411	280   	5746.55	14544.6	78.9556	153310 
412	280   	4860.72	12699  	78.9556	145153 
413	280   	6229.34	16607  	78.9556	178433 
414	280   	5217.27	14949.9	78.9556	212490 
415	280   	4034.59	8801.16	78.9556	94900.2
416	280   	4959.85	11594.6	78.9556	103747 
417	280   	4836.72	11357.2	78.9556	123983 
418	280   	4612.8 	11215  	78.9556	128822 
419	280   	5941.91	17092  	78.9556	238564 
420	280   	5988.22	14603.2	78.9556	128979 
421	280   	5424.71	13415.2	78.9556	124886 
422	280   	5509.6 	14319.1	78.9556	160456 
423	280   	5840.05	13673.7	78.9556	103625 
424	280   	6499.8 	16069.7	78.9556	126804 
425	280   	5951.9 	14333.9	78.9556	136019 
426	280   	5823.71	15484.8	78.9556	156997 
427	280   	5262.23	11984.4	78.9556	105679 
428	280   	5736.17	13530.3	78.9556	130805 
429	280   	6118.84	13853.8	78.9556	130805 
430	280   	6316.87	17899.4	78.9556	254648 
431	280   	5248.56	11504.4	78.9556	114799 
432	280   	5725.61	13495.8	78.9556	165175 
433	280   	5666.79	14100.7	78.9556	152845 
434	280   	6636.68	15668  	78.9556	152845 
435	280   	6702.18	15669.9	78.9556	166237 
436	280   	5716.91	11811.8	78.9556	99706.8
437	280   	6225.81	13426.8	78.9556	128676 
438	280   	6434.55	15368.6	78.9556	162220 
439	280   	5556.9 	13827.5	78.9556	155972 
440	280   	6507.39	17602.3	78.9556	157136 
441	280   	5251.08	11400.7	78.9556	155972 
442	280   	6277.03	14608.6	78.9556	122145 
443	280   	6010.58	13445  	78.9556	140327 
444	280   	6045.65	13081.1	78.9556	159132 
445	280   	5731.91	13577.3	78.9556	126690 
446	280   	5303.11	12337.9	78.9556	114618 
447	280   	4662.29	10766.7	78.9556	114618 
448	280   	5850.98	14986  	78.9556	134362 
449	280   	6804.81	16070.2	78.9556	134362 
450	280   	6022.16	14276.8	78.9556	127893 
451	280   	5381.05	14085.9	78.9556	147608 
452	280   	5269.22	12801.3	78.9556	141993 
453	280   	6053.96	14587.2	78.9556	130647 
454	280   	6143.55	15310.2	78.9556	165716 
455	280   	5191.03	12354  	78.9556	120870 
456	280   	5082.81	13109.6	78.9556	132140 
457	280   	5783.07	16139  	78.9556	132140 
458	280   	5427.87	12194.2	78.9556	89513.9
459	280   	5532.98	13443.5	78.9556	134082 
460	280   	6034.58	15998  	78.9556	184362 
461	280   	6021.54	17555.5	78.9556	224567 
462	280   	6150.87	14922.8	78.9556	135099 
463	280   	5253.64	13804.1	78.9556	135099 
464	280   	5613.64	14742.3	78.9556	118670 
465	280   	5720.87	15404.4	78.9556	196638 
466	280   	6674.92	19753.8	78.9556	210160 
467	280   	5681.09	12733.5	78.9556	106785 
468	280   	5879.73	13826.1	78.9556	134367 
469	280   	5912.55	14486  	78.9556	135511 
470	280   	5885.29	14892.8	78.9556	169980 
471	280   	6488.71	17418.2	78.9556	150103 
472	280   	6580.87	19721.5	78.9556	255667 
473	280   	3460.45	5974.05	78.9556	68508  
474	280   	4607.5 	11131.6	78.9556	113017 
475	280   	4656.04	12741.4	78.9556	141750 
476	280   	5506.59	14008  	78.9556	146129 
477	280   	5299.31	11705.5	78.9556	107778 
478	280   	5581.03	18320.1	78.9556	290799 
479	280   	4737.05	13364.6	78.9556	160455 
480	280   	4713.5 	12228.1	78.9556	128188 
481	280   	4561.08	10013.1	78.9556	86389.2
482	280   	4236.43	8729.97	78.9556	111568 
483	280   	5111.49	13765.5	78.9556	142839 
484	280   	5447.1 	14656.3	78.9556	175154 
485	280   	5752.18	12815.3	78.9556	131542 
486	280   	6125.61	15774.3	78.9556	144145 
487	280   	6180.94	14642.2	78.9556	128002 
488	280   	5638.05	14535.5	78.9556	146322 
489	280   	6075.01	16995.5	78.9556	193501 
490	280   	5798.38	15129.1	78.9556	130772 
491	280   	4718.02	10811.7	72.2502	111833 
492	280   	5034.81	11015.8	72.2502	86239.7
493	280   	5201.05	12144.9	72.2502	121051 
494	280   	5704.85	14577.3	72.2502	126082 
495	280   	4237.36	10640.8	72.2502	138728 
496	280   	4697.35	10590  	72.2502	107815 
497	280   	4633.38	10772.9	72.2502	117744 
498	280   	5319.54	13009.3	72.2502	147209 
499	280   	5075.7 	12467.9	72.2502	127946 
500	280   	5918.96	15634.6	72.2502	134206 
Time elapsed: 41154 seconds.


Batch Job Summary Report (version 21.01.1) for Job "bpopt" (46871555) on daint

Job information (1/2)
-----------------------------------------------------------------------------------------------------
             Submit            Eligible               Start                 End    Elapsed Time limit
------------------- ------------------- ------------------- ------------------- ---------- ----------
2023-05-27T11:42:28 2023-05-27T11:42:28 2023-05-27T11:42:40 2023-05-27T23:09:47   11:27:07   23:59:00
-----------------------------------------------------------------------------------------------------

Job information (2/2)
-------------------------------------------------------------
    Username      Account    Partition   NNodes        Energy
------------ ------------ ------------ -------- -------------
    bp000145       ich030       normal        1  41348.763 kJ

