
gen	nevals	avg    	std    	min    	max    
1  	120   	1262.74	1077.03	182.801	8371.45
2  	120   	1272.13	1020.21	182.801	8371.45
3  	120   	1056.51	753.58 	171.438	6037.73
4  	120   	987.806	678.063	171.438	7138.07
5  	120   	895.591	488.138	167.909	2975.88
6  	120   	953.781	529.89 	167.909	2546.91
7  	120   	892.726	544.358	140.307	4004.53
8  	120   	1021.53	1395.07	140.307	18662.9
9  	120   	864.124	480.839	135.373	2108.56
10 	120   	971.642	831.18 	133.765	9802.03
11 	120   	999.655	542.185	102.384	3152.6 
12 	120   	922.883	553.175	102.384	2278.73
13 	120   	874.445	531.064	101.591	2203.93
14 	120   	838.518	556.496	108.49 	3522.35
15 	120   	890.818	513.787	105.245	2964.86
16 	120   	750.096	484.885	113.274	2169.78
17 	120   	836.486	533.64 	105.8  	3762.47
18 	120   	801.98 	873.087	113.274	11151.7
19 	120   	738.153	550.218	113.527	3490.96
20 	120   	677.762	507.67 	105.001	3275.09
21 	120   	685.385	658.987	105.001	5625.23
22 	120   	631.148	518.253	81.1804	2734.62
23 	120   	729.261	1013.78	81.1804	10256.1
24 	120   	589.072	468.694	81.1804	2873.41
25 	120   	607.117	1786.67	81.1804	27552  
26 	120   	653.845	523.551	81.1804	4697.37
27 	120   	562.903	619.906	81.1804	7348.92
28 	120   	497.606	463.556	78.2278	2658.81
29 	120   	555.227	529.418	78.2278	5603.72
30 	120   	522.601	455.653	78.2278	2591.39
31 	120   	457.682	369.396	78.2278	1972.36
32 	120   	556.039	443.919	78.2278	3654.71
33 	120   	460.832	350.835	78.2278	1749.19
34 	120   	554.114	410.559	83.5634	3120.03
35 	120   	520.392	657.307	83.5634	5771.45
36 	120   	457.325	611.537	83.5634	8223.15
37 	120   	468.249	438.353	75.2542	4297.12
38 	120   	440.322	423.535	75.2542	2418.65
39 	120   	494.633	655.392	75.2542	5849.57
40 	120   	477.71 	568.7  	75.2542	5515.78
41 	120   	452.109	458.143	75.0968	3714.1 
42 	120   	431.483	449.116	74.2088	2861.42
43 	120   	492.525	683.337	75.2542	8697.54
44 	120   	413.737	384.279	75.2542	1769.41
45 	120   	531.831	495.525	79.2022	3983.73
46 	120   	431.734	447.602	79.2022	2854.69
47 	120   	469.666	438.831	79.1304	2713.43
48 	120   	664.623	408.946	82.0106	2379.4 
49 	120   	608.109	521.285	82.0106	5438   
50 	120   	500.36 	481.595	82.0106	3176   
51 	120   	498.31 	535.993	82.0106	4115.26
52 	120   	475.352	691.331	82.0106	8432.13
53 	120   	433.941	610.657	78.8855	6915.38
54 	120   	444.253	556.281	82.0106	4565.19
55 	120   	445.503	583.87 	80.1907	6117.68
56 	120   	399.244	512.17 	82.0106	6050.28
57 	120   	410.181	518.232	71.4608	4975.88
58 	120   	416.22 	484.289	71.4608	4327.43
59 	120   	365.604	376.782	82.0106	2077.53
60 	120   	467.484	674.01 	82.0106	6556.13
61 	120   	424.072	666.69 	81.3647	7840.26
62 	120   	418.556	543.149	81.3647	6142.1 
63 	120   	471.524	551.259	79.6468	6142.1 
64 	120   	572.519	497.323	81.3647	3561.41
65 	120   	483.3  	732.25 	79.7688	9825   
66 	120   	431.246	435.8  	78.3453	2362.8 
67 	120   	487.551	505.109	81.3647	4249.73
68 	120   	554.597	1546.44	81.3647	20618.9
69 	120   	385.881	382.182	80.5381	1970.45
70 	120   	530.18 	374.348	81.3647	1745.41
71 	120   	539.52 	416.19 	81.3647	2370.71
72 	120   	522.557	520.763	78.3664	4850.23
73 	120   	492.39 	541.558	81.3647	3475.59
74 	120   	434.469	497.152	81.3647	4053.69
75 	120   	413.303	410.72 	77.3472	2400.71
76 	120   	529.578	592.733	81.3647	5674.83
77 	120   	504.195	662.647	75.8614	6743.97
78 	120   	403.238	409.274	79.3002	3023.52
79 	120   	513.905	517.475	81.3647	3942.73
80 	120   	435.158	411.611	72.342 	1886.04
81 	120   	582.667	580.972	72.342 	6480.78
82 	120   	489.533	365.551	72.342 	1835.3 
83 	120   	438.615	572.615	72.342 	6674.05
84 	120   	449.91 	631.542	72.342 	6507.05
85 	120   	405.02 	398.228	72.342 	2045.15
86 	120   	617.924	548.281	72.342 	6462.78
87 	120   	482.974	664.562	71.7234	8712.41
88 	120   	445.653	450.756	72.342 	3377.25
89 	120   	371.803	373.861	72.342 	2440.01
90 	120   	490.151	590.806	81.3647	6674.39
91 	120   	401.883	381.189	81.3647	2172.02
92 	120   	548.844	713.431	81.3647	9297.2 
93 	120   	443.968	438.938	81.3647	3600.87
94 	120   	419.872	392.964	81.3647	2466.31
95 	120   	545.052	709.4  	81.3647	8955.24
96 	120   	541.965	962.606	81.2743	9633.14
97 	120   	469.944	513.854	81.3647	4609.56
98 	120   	447.369	400.297	80.9617	2496.75
99 	120   	411.203	432.178	81.3647	4366.85
100	120   	459.629	689.682	81.3647	8170.47
101	120   	380.644	354.776	81.3647	1868.63
102	120   	606.238	461.391	81.3647	3759.48
103	120   	565.602	1038.87	82.0106	14731.5
104	120   	431.333	422.709	79.7218	2589.08
105	120   	487.343	365.323	79.7218	1943.9 
106	120   	479.886	437.417	79.7218	3221.83
107	120   	547.811	365.884	82.0106	3182.43
108	120   	448.986	343.641	82.0106	2372.91
109	120   	475.83 	393.755	77.8651	2029.83
110	120   	384.98 	371.669	82.0106	2706.11
111	120   	600.055	1989.37	82.0106	29822.7
112	120   	423.124	531.083	82.0106	5111.45
113	120   	371.026	359.647	82.0106	1869.88
114	120   	463.582	401.18 	80.0658	2338.55
115	120   	509.134	408.38 	82.0106	2857.03
116	120   	457.931	438.065	82.0106	2712.97
117	120   	385.658	385.252	82.0106	3309.08
118	120   	679.362	3235.42	82.0106	49882  
119	120   	398.682	536.24 	81.6675	6391.7 
120	120   	380.987	419.163	81.6675	3350.26
121	120   	427.867	484.185	82.0106	3871.87
122	120   	913.287	4771.16	82.0106	74084.9
123	120   	476.845	408.374	82.0106	2182.46
124	120   	448.652	387.12 	70.6388	2249.43
125	120   	457.181	451.489	70.6388	4198.87
126	120   	438.044	556.936	70.6388	5514.82
127	120   	531.196	641.055	70.6388	5514.82
128	120   	545.62 	908.422	70.6388	11137.6
129	120   	378.607	373.817	70.6388	2221.71
130	120   	556.474	397.002	70.6388	2480.71
131	120   	492.969	551.817	70.6388	4820.86
132	120   	422.946	561.276	70.6388	6498.23
133	120   	398.695	398.371	70.6388	2283.3 
134	120   	429.695	500.991	70.6388	5898.22
135	120   	412.327	432.96 	70.6388	2880.81
136	120   	408.527	422.185	70.6388	2673.02
137	120   	495.733	624.366	70.6388	7956.86
138	120   	407.282	394.706	70.6388	2083.97
139	120   	460.136	455.495	70.6388	4524.26
140	120   	503.544	662.352	70.6388	8472.34
141	120   	434.294	574    	70.6388	4571.5 
142	120   	393.934	486.874	70.6388	3985.77
143	120   	389.369	439.329	70.6388	3751.79
144	120   	399.019	495.697	70.6388	5421.58
145	120   	459.094	668.276	70.6388	5537.54
146	120   	445.457	597.37 	70.6388	6163.15
147	120   	434.565	439.326	70.6388	2740.36
148	120   	525.568	1491.7 	70.6388	19735.4
149	120   	384.189	404.369	70.6388	2146.81
150	120   	598.949	385.261	70.6388	2968.45
151	120   	479.831	392.163	70.6388	2781.29
152	120   	505.165	409.229	70.6388	2716.68
153	120   	451.19 	413.856	70.6388	2521.38
154	120   	394.767	432.261	70.6388	3212.71
155	120   	415.257	532.877	70.6388	4330.88
156	120   	361.662	356.309	70.6388	1821.49
157	120   	514.879	545.422	70.6388	4968.87
158	120   	402.672	403.772	70.6388	2519.25
159	120   	475.792	401.788	70.6388	2519.25
160	120   	438.519	548.112	70.6388	7195.07
161	120   	462.162	461.798	70.6388	2724.39
162	120   	376.993	416.765	70.6388	2733.27
163	120   	453.996	427.785	70.6388	2075.38
164	120   	559.503	548.511	70.6388	5517.85
165	120   	465.841	515.3  	70.6388	5263.2 
166	120   	425.46 	648.17 	70.6388	8211.16
167	120   	375.245	369.69 	70.6388	1934.23
168	120   	545.912	430.36 	70.6388	2491.03
169	120   	415.392	349.35 	70.6388	1532.65
170	120   	558.45 	464.703	70.6388	5303.94
171	120   	475.962	324.172	70.6388	1437.84
172	120   	499.858	462.241	70.6388	3621.17
173	120   	492.204	432.887	70.6388	2555.38
174	120   	452.928	475.407	70.6388	3377.33
175	120   	409.976	789.409	70.6388	11275.8
176	120   	509.159	823.811	70.6388	10809.9
177	120   	386.567	401.449	70.6388	3005.28
178	120   	612.287	2807.05	70.6388	42922.3
179	120   	411.391	964.264	70.6388	14314.5
180	120   	843.146	7089.47	70.6388	110313 
181	120   	441.891	490.04 	70.6388	4489.59
182	120   	419.348	418.963	70.6388	3329.99
183	120   	411.445	435.064	70.6388	4225.69
184	120   	403.714	403.685	70.6388	2276.53
185	120   	501.073	677.062	70.6388	9012.8 
186	120   	425.847	384.209	70.6388	3063.96
187	120   	414.099	565.501	70.6388	7113.12
188	120   	398.345	355.601	70.6388	1687.13
189	120   	498.814	396.063	70.6388	2267.64
190	120   	455.318	380.899	70.6388	1972.59
191	120   	527.256	682.012	70.6388	9388.71
192	120   	446.021	442.836	74.9818	3615.03
193	120   	486.615	551.022	74.9818	5125.21
194	120   	465.176	740.363	74.9818	8351.37
195	120   	361.19 	330.101	74.9818	1585.42
196	120   	569.483	327.903	74.9818	1528.35
197	120   	679.747	1649.9 	74.9818	25064.8
198	120   	560.309	447.243	74.9818	2979.93
199	120   	493.204	464.366	74.9818	3749.83
200	120   	474.685	469.193	74.9818	2953.36
Elapsed time: 754 seconds (0h 12m 34s)
