
gen	nevals	avg    	std    	min    	max    
1  	140   	495.694	257.516	68.0768	1347.18
2  	140   	491.608	274.376	38.8568	1448.95
3  	140   	297.461	194.089	38.8568	1217.33
4  	140   	218.486	173.387	38.8568	1477.52
5  	140   	192.753	176.431	38.8568	1441   
6  	140   	186.341	159.883	28.1561	857.718
7  	140   	169.853	151.519	28.3188	1399.35
8  	140   	152.754	143.94 	27.4094	777.15 
9  	140   	154.588	164.575	26.9776	1272.88
10 	140   	130.275	132.51 	26.9776	783.893
11 	140   	158.482	282.274	23.6249	4082.1 
12 	140   	116.934	129.321	24.3446	906.067
13 	140   	127.839	134.316	23.7221	658.189
14 	140   	132.326	280.893	23.7221	3937.03
15 	140   	142.552	294.615	23.0696	4497.9 
16 	140   	124.376	147.396	23.0696	1363   
17 	140   	161.362	272.711	23.0696	3545   
18 	140   	208.511	1094.35	22.7549	17592.2
19 	140   	156.588	139.936	22.7549	738.043
20 	140   	137.045	167.244	21.6488	1380.26
21 	140   	127.951	200.118	22.4997	1976.43
22 	140   	155.151	230.88 	21.0994	3082.66
23 	140   	140.946	369.071	21.0994	5865.39
24 	140   	108.06 	113.479	23.0696	559.541
25 	140   	122.434	139.289	23.0696	998.508
26 	140   	122.609	178.358	23.0696	2263.77
27 	140   	178.723	926.145	23.0696	15494.3
28 	140   	129.834	164.129	23.0696	1654.32
29 	140   	104.029	124.147	23.0696	700.142
30 	140   	122.373	185.742	23.1278	2301.53
31 	140   	115.196	126.709	23.1278	694.235
32 	140   	108.958	126.228	23.1278	790.757
33 	140   	156.238	162.073	23.1278	999.727
34 	140   	121.354	138.138	23.1278	859.42 
35 	140   	157.93 	153.735	22.7702	1017.56
36 	140   	127.426	135.35 	21.0945	1060.55
37 	140   	116.733	119.563	21.0945	630.833
38 	140   	141.649	234.059	21.0945	3293   
39 	140   	175.921	420.532	22.8375	5873.34
40 	140   	172.385	319.68 	22.8375	3293   
41 	140   	139.931	239.274	22.8375	3293   
42 	140   	122.699	169.345	22.8375	2123.7 
43 	140   	121.022	138.907	22.8375	1147.21
44 	140   	126.597	169.69 	22.8375	1981.12
45 	140   	123.969	148.216	22.8375	1476.24
46 	140   	131.68 	178.974	22.8375	1484.1 
47 	140   	183.061	970.599	22.8375	16109.2
48 	140   	136.734	492.079	22.8375	8135.64
49 	140   	121.618	144.097	23.3679	1013.83
50 	140   	1798.12	27125.1	23.3679	454868 
51 	140   	1813.73	27132.1	23.3679	454868 
52 	140   	152.029	343.407	23.2749	5003.14
53 	140   	130.577	135.413	22.8275	741.272
54 	140   	118.683	128.449	23.0676	808.607
55 	140   	153.863	158.245	23.3679	1083.86
56 	140   	150.023	220.45 	23.2875	2841.59
57 	140   	134.958	219.297	23.1145	2902.13
58 	140   	129.449	233.124	23.3215	3479.03
59 	140   	155.726	133.281	23.3679	626.677
60 	140   	158.874	268.631	23.3679	3069.82
61 	140   	152.75 	267.082	23.3679	2434.13
62 	140   	199.074	417.717	22.6122	3273.55
63 	140   	162.507	333.977	22.6122	2434.13
64 	140   	173.151	569.465	22.6122	8264.52
65 	140   	244.572	595.579	22.6122	6902.16
66 	140   	221.828	412.737	22.1013	2434.13
67 	140   	233.922	457.058	22.6074	2434.13
68 	140   	157.005	237.788	22.6074	2434.13
69 	140   	169.382	260.739	21.3388	2434.13
70 	140   	139.445	232.465	21.3388	2434.13
71 	140   	155.121	241.529	21.3388	2434.13
72 	140   	170.505	336.504	21.3388	2434.13
73 	140   	224.144	481.488	21.3388	2434.13
74 	140   	323.063	646.357	22.6074	2434.13
75 	140   	158.541	307.975	22.6074	4624.56
76 	140   	145.092	372.392	22.6074	5810.23
77 	140   	121.977	129.451	21.8815	760.013
78 	140   	298.529	2922.3 	22.6074	49067.7
79 	140   	317.762	2922.53	22.867 	49067.7
80 	140   	145.493	155.059	22.9998	1062.44
81 	140   	129.191	150.263	22.9998	1459.86
82 	140   	120.082	138.667	22.9998	883.111
83 	140   	134.743	135.032	22.9998	701.063
84 	140   	143.643	160.288	22.9998	1450.86
85 	140   	180.435	178.559	22.4844	1450.86
86 	140   	124.035	123.649	21.9817	649.185
87 	140   	228.048	542.09 	22.4728	8865.17
88 	140   	191.523	541.893	22.4728	8865.17
89 	140   	145.24 	174.57 	22.4728	1326.82
90 	140   	157.928	413.241	23.2809	4951.58
91 	140   	180.431	302.577	23.2809	4417.7 
92 	140   	167.96 	635.349	23.2809	10421.3
93 	140   	122.439	206.597	20.9272	2882.9 
94 	140   	243.375	1732.97	21.1508	29094.3
95 	140   	334.181	3401.74	20.9602	57109.2
96 	140   	123.718	129.626	21.1508	629.684
97 	140   	169.425	234.717	21.1508	3021.32
98 	140   	140.92 	177.105	21.5493	1392.14
99 	140   	114.663	127.34 	21.2355	711.456
100	140   	189.724	599.287	21.2355	9372   
Time elapsed: 744 seconds.


Batch Job Summary Report (version 21.01.1) for Job "bpopt" (46036855) on daint

Job information (1/2)
-----------------------------------------------------------------------------------------------------
             Submit            Eligible               Start                 End    Elapsed Time limit
------------------- ------------------- ------------------- ------------------- ---------- ----------
2023-04-16T09:30:49 2023-04-16T09:30:49 2023-04-16T09:30:49 2023-04-16T09:45:16   00:14:27   00:59:00
-----------------------------------------------------------------------------------------------------

Job information (2/2)
-------------------------------------------------------------
    Username      Account    Partition   NNodes        Energy
------------ ------------ ------------ -------- -------------
    bp000145       ich030       normal        4    533.851 kJ

