
gen	nevals	avg    	std    	min    	max        
1  	280   	6981.28	1625.23	4760.15	12060.2    
2  	280   	6969.67	1615.97	4760.15	12060.2    
3  	280   	5732.38	4870.47	4753.01	116539     
4  	280   	4970.39	559.017	4752.6 	8452.98    
5  	280   	4962.33	675.777	4645.04	8250       
6  	280   	4847.52	428.504	3376.14	8250       
7  	280   	4831.43	495.518	3376.14	8250       
8  	280   	4810.86	1267.68	2256.17	33067      
9  	280   	4702.89	1311.86	911.127	33067      
10 	280   	4973.17	3709.47	911.127	36154.1    
11 	280   	5746.53	6491.84	722.024	38752.3    
12 	280   	8390.29	10102.2	722.024	41102.2    
13 	280   	8745.94	10691.8	701.373	39117.9    
14 	280   	8733.04	10900.9	696.32 	47243.9    
15 	280   	8188.43	11602.8	699.531	96645.6    
16 	280   	9229.58	11556.5	686.019	47243.9    
17 	280   	9440.28	11882.6	585.088	49102.6    
18 	280   	9372.36	11904.3	585.088	45567.9    
19 	280   	9802.08	12447.2	533.215	45567.9    
20 	280   	9719.78	12428  	533.215	50892.5    
21 	280   	10757.9	12887.8	510.754	50885      
22 	280   	10532.9	12924.8	510.754	53030.3    
23 	280   	9975.46	12601.5	510.754	53493.7    
24 	280   	9333.52	12449.9	510.754	53030.3    
25 	280   	9685.77	13347.6	510.754	150150     
26 	280   	10321.6	13059  	510.754	57124.3    
27 	280   	10813.8	13865.8	510.754	57124.3    
28 	280   	11580.9	13675  	510.754	53030.3    
29 	280   	10385.9	12937.3	539.237	46752.8    
30 	280   	12074.7	14148.3	539.237	48327.9    
31 	280   	11709  	13997  	539.237	52158.2    
32 	280   	10978.9	14264.6	530.181	87101.6    
33 	280   	12624.9	15492.6	530.181	87101.6    
34 	280   	11003.3	15888.7	530.181	87101.6    
35 	280   	12082.6	16603.6	424.753	87101.6    
36 	280   	12507  	15805.6	424.753	87101.6    
37 	280   	13437.7	16294.3	424.753	87101.6    
38 	280   	10623.7	14218.5	424.753	87101.6    
39 	280   	12704.4	15059.6	424.753	87101.6    
40 	280   	12396.4	14722.8	424.753	62779.5    
41 	280   	11978.8	14414.5	424.753	61593.4    
42 	280   	11200.2	13879.6	377.673	63035.2    
43 	280   	12959.4	15428.9	377.673	69070.2    
44 	280   	10505.6	13877  	377.673	69070.2    
45 	280   	12180  	15521.1	377.673	69070.2    
46 	280   	13716.2	16898.8	377.673	93287.3    
47 	280   	11286.9	15136.4	377.673	69070.2    
48 	280   	10064.2	14152.4	377.673	73998.3    
49 	280   	9198.01	13601.1	377.673	66941.4    
50 	280   	11399.7	15937  	377.673	86040.6    
51 	280   	10654.3	15009.2	377.673	71933.1    
52 	280   	8834.96	15219.9	377.673	161464     
53 	280   	12290.4	17055.1	377.673	74239      
54 	280   	14492.8	18802.2	371.222	84964.8    
55 	280   	12637.3	17679.9	371.222	74209      
56 	280   	11864  	16586.8	347.804	81056      
57 	280   	12135.7	16371.6	347.804	65900      
58 	280   	10728.1	14695.7	347.804	61964.4    
59 	280   	10495.2	14606.4	347.804	67036.4    
60 	280   	10047.6	13871.7	347.804	64681.6    
61 	280   	9652.97	13829.6	347.804	62592.8    
62 	280   	11201.8	15712.9	347.804	98968.7    
63 	280   	10351.9	15371.3	347.804	98968.7    
64 	280   	12030.8	16253.6	347.804	75658.2    
65 	280   	11332.4	15926.4	347.804	67870.3    
66 	280   	13043.2	17792.6	347.804	67870.3    
67 	280   	14196.7	18913.5	347.804	71838.8    
68 	280   	16015.4	20492.7	347.804	89757.2    
69 	280   	14824.5	19030.2	347.804	89757.2    
70 	280   	14261.8	19243.5	347.804	72933.2    
71 	280   	12002.5	16918.8	325.709	69561      
72 	280   	14856.2	18985.8	278.79 	93059.3    
73 	280   	13353.4	18351.2	278.79 	104828     
74 	280   	12585.6	16941.6	278.79 	69561      
75 	280   	9795.58	14682.4	347.804	86873.3    
76 	280   	9805.53	14814.4	347.804	61796.3    
77 	280   	10210.5	15699.3	347.804	81438.2    
78 	280   	11844.1	16417.1	347.804	75943.2    
79 	280   	11868.4	17249.3	347.804	77551.2    
80 	280   	12363.4	17448.4	347.804	87006.3    
81 	280   	12209.9	17481.6	347.804	87006.3    
82 	280   	13866.2	18902.4	347.804	99979.7    
83 	280   	14446.3	19222.9	347.804	81015.1    
84 	280   	15531.1	20939.2	347.804	103060     
85 	280   	12322.5	18588.6	347.804	103816     
86 	280   	14156.9	19871.5	347.804	101149     
87 	280   	15165.3	19999.6	347.804	96979.3    
88 	280   	15073  	20268.2	260.732	75943.2    
89 	280   	14217.4	19494.5	260.732	119745     
90 	280   	12775.8	18931.7	314.852	119745     
91 	280   	14173.9	20643.7	314.852	121585     
92 	280   	14098.2	21550.2	314.852	121585     
93 	280   	14457  	21190.2	314.852	121585     
94 	280   	20522.8	136277 	314.525	3.20535e+06
95 	280   	15145.3	21020.4	314.525	121187     
96 	280   	14390.5	19102.2	304.016	107080     
97 	280   	12761.1	20538.2	304.016	94751.6    
98 	280   	15193.7	21995.7	314.525	125681     
99 	280   	14591.4	20962.9	314.525	94752.4    
100	280   	14101.5	21115.7	314.525	124964     
101	280   	13857.2	19411.9	314.525	97663.9    
102	280   	11148.9	16528.9	314.525	94751.6    
103	280   	12317.8	19165.5	314.525	167843     
104	280   	13846.9	22157.5	314.525	167843     
105	280   	13496.1	19855.2	281.219	167843     
106	280   	13859.6	20309.6	281.219	167843     
107	280   	12269.3	18582.2	281.219	167843     
108	280   	11284.8	17941.2	281.219	114676     
109	280   	9919.57	15931.2	279.898	102755     
110	280   	10541.7	16054.1	279.898	102755     
111	280   	10666.6	15457.2	255.761	71559.3    
112	280   	11720.2	16799.4	255.761	83030.2    
113	280   	9610.69	15955.8	207.002	112149     
114	280   	11026.2	17392.8	207.002	98520.2    
115	280   	9865.06	15759.9	207.002	93611.5    
116	280   	8867.9 	14515.8	207.002	80786.8    
117	280   	10212.6	16349.5	207.002	93784.6    
118	280   	10151.9	16208.9	207.002	93784.6    
119	280   	11327.4	16488.9	207.002	93784.6    
120	280   	10233.3	16059.6	207.002	97632.4    
121	280   	11231.7	16736.1	207.002	96731.2    
122	280   	10950.4	16811.3	207.002	115552     
123	280   	9967.76	16159.8	207.002	115582     
124	280   	10716.8	16293.5	207.002	88061      
125	280   	9354.94	15594.4	207.002	87890.7    
126	280   	10401.7	16354.5	207.002	86618.4    
127	280   	9896.81	15848.7	207.002	93005.6    
128	280   	11957  	18148.1	207.002	98615.8    
129	280   	8912.65	17612.5	207.002	148669     
130	280   	10953.7	18723  	207.002	104898     
131	280   	11413.6	18569.8	207.002	95652.4    
132	280   	13244.5	20167.6	207.002	118927     
133	280   	13322.3	20171.2	207.002	126203     
134	280   	13114.1	20279.1	207.002	100553     
135	280   	15922.9	21667.3	207.002	95711.6    
136	280   	14974.1	21209  	207.002	108957     
137	280   	14381.1	20078.2	207.002	96471.3    
138	280   	13340.2	19270.9	207.002	105753     
139	280   	13127.3	20063.4	207.002	96632.3    
140	280   	15947.6	22455  	207.002	116832     
141	280   	12413  	17909.3	207.002	89979.6    
142	280   	15252.7	20359.8	207.002	95032.5    
143	280   	13978  	20481.2	207.002	125676     
144	280   	17462  	23297.8	207.002	130390     
145	280   	15377.8	20805.9	207.002	89748.2    
146	280   	12003.7	17825.1	207.002	105798     
147	280   	12931.6	19223.2	207.002	98950.4    
148	280   	15278.3	20996.7	207.002	96982.9    
149	280   	14665.9	20959.9	207.002	125992     
150	280   	13457.8	20120.8	207.002	104577     
151	280   	16169.7	21354.2	207.002	139985     
152	280   	12959.9	19274  	207.002	138585     
153	280   	14452.5	21034.5	207.002	138585     
154	280   	13455.4	20007.4	207.002	113955     
155	280   	12788.8	17989.1	207.002	109863     
156	280   	11075.2	16191.4	207.002	101738     
157	280   	10169.9	16760.3	207.002	109843     
158	280   	9442.52	15632.6	207.002	108668     
159	280   	11882.1	17028.4	207.002	94728.8    
160	280   	9872.48	17011.9	207.002	106725     
161	280   	12414.6	17658.1	207.002	85594.6    
162	280   	14122.4	19847.4	207.002	136795     
163	280   	10560.8	16353.5	207.002	121998     
164	280   	12380.9	18076  	203.949	119155     
165	280   	13581.5	19112.8	207.002	105842     
166	280   	12132.5	18140.2	207.002	153017     
167	280   	11786.4	25018.6	207.002	445796     
168	280   	13098  	25571  	207.002	445796     
169	280   	11566.2	17637  	207.002	120254     
170	280   	10586.4	16929.9	207.002	101883     
171	280   	12298.6	17100.1	207.002	123855     
172	280   	11068.5	18239.4	207.002	130666     
173	280   	10105  	15791.2	207.002	102114     
174	280   	11085.7	17482.6	207.002	117178     
175	280   	9909.31	16408.8	207.002	111829     
176	280   	9739.5 	17902.9	207.002	125761     
177	280   	11735  	17740.1	207.002	92991.7    
178	280   	11579  	18995.8	207.002	130374     
179	280   	12304  	19003.7	207.002	114781     
180	280   	11114  	18101.8	207.002	108670     
181	280   	13809.7	19739.8	207.002	103807     
182	280   	10503.6	16911.9	207.002	83805.5    
183	280   	13330  	20125.2	207.002	92565      
184	280   	13365.7	19894.6	207.002	128999     
185	280   	10015.4	16567.1	207.002	97652.1    
186	280   	11652.3	18791.1	207.002	119975     
187	280   	10501.4	17883  	207.002	93713.9    
188	280   	11692.8	18892.1	207.002	117884     
189	280   	12017.6	19618.8	207.002	109762     
190	280   	14044.3	20291.4	207.002	128731     
191	280   	13331.5	20281.5	207.002	93810.6    
192	280   	12324.9	19372.6	207.002	88678.4    
193	280   	13482.4	19677.5	207.002	98738.3    
194	280   	15277.3	20396.1	207.002	91794      
195	280   	11216.6	16664.2	207.002	101856     
196	280   	13633.5	18210.6	207.002	88490      
197	280   	12690.6	18905.3	207.002	133920     
198	280   	11780.7	17668.6	207.002	117839     
199	280   	10425.5	15740.6	207.002	83806.4    
200	280   	10420.7	16571.2	207.002	97998.8    
201	280   	12228.7	17860.4	207.002	101976     
202	280   	12058.7	17807.4	207.002	96642.7    
203	280   	10681.8	17552.7	207.002	122028     
204	280   	10687.4	16486.6	207.002	101897     
205	280   	12455.9	17316  	207.002	86001.4    
206	280   	9915.76	16274.2	207.002	105811     
207	280   	12832.5	17820  	207.002	77705.9    
208	280   	11554.4	16546.5	207.002	93842.8    
209	280   	12144.9	16875.7	207.002	76375.1    
210	280   	10000.3	15281.9	207.002	94848.4    
211	280   	13328  	18387.8	207.002	104798     
212	280   	10121.6	15580.5	207.002	100781     
213	280   	10278.6	17092.6	207.002	104764     
214	280   	10099.5	16497.8	207.002	126611     
215	280   	11706.4	17369.3	207.002	106920     
216	280   	9453.6 	15435.7	207.002	150827     
217	280   	11410  	17312.1	207.002	117717     
218	280   	10313.2	16267.8	207.002	122186     
219	280   	11031.9	18881.7	207.002	116844     
220	280   	11216.3	17037.6	207.002	86461.2    
221	280   	11245.9	19449.4	207.002	138013     
222	280   	11254.7	18208.7	207.002	111926     
223	280   	10327.3	17363.7	207.002	114570     
224	280   	10226.3	15667.6	207.002	83048.5    
225	280   	10155  	15537.9	207.002	93955.2    
226	280   	8262.32	14449.7	207.002	99016.5    
227	280   	10657.3	15719.6	207.002	75900.8    
228	280   	10997.1	16713.3	207.002	104025     
229	280   	9068.91	15673.6	207.002	128679     
230	280   	9828.37	14731.4	207.002	85564.4    
231	280   	9347.05	15531.9	207.002	104994     
232	280   	9590.41	14893  	207.002	76970.1    
233	280   	9524.25	16198.1	207.002	122117     
234	280   	9575.43	15095.6	207.002	81773.4    
235	280   	9996.07	15341.9	207.002	81773.4    
236	280   	10821  	17545.5	207.002	125081     
237	280   	9877.84	15231  	207.002	75626.7    
238	280   	10062.7	15279.9	207.002	140944     
239	280   	10957.7	16642.4	207.002	106153     
240	280   	10595.9	16143.5	207.002	110753     
241	280   	10382.9	15509.8	207.002	103835     
242	280   	10231.5	17207.3	207.002	123956     
243	280   	10129.9	16400.7	207.002	122010     
244	280   	9920.3 	16112.9	207.002	114763     
245	280   	10613.3	15892.6	207.002	82374.5    
246	280   	9020.75	15481.2	207.002	114664     
247	280   	10772.9	17547.8	207.002	114664     
248	280   	11793.7	16863  	207.002	93506.2    
249	280   	9399.51	14872.1	207.002	86687.9    
250	280   	9926.74	16243.1	207.002	110723     
251	280   	10615.9	16766.1	207.002	108829     
252	280   	10310.3	15843.6	207.002	90992.5    
253	280   	9999.51	15030.8	207.002	84943.8    
254	280   	11414.3	17703.6	207.002	117662     
255	280   	13098.5	18524  	207.002	94995      
256	280   	11281.5	17682.4	207.002	100972     
257	280   	10373.8	16267.6	207.002	88530.1    
258	280   	11187.7	16534.7	207.002	96862.6    
259	280   	11037.1	17753.6	207.002	131566     
260	280   	11363.9	17261.2	207.002	115122     
261	280   	10728.6	16844.7	207.002	117722     
262	280   	10433.1	21600.9	207.002	355018     
263	280   	10334.5	18850.2	207.002	147941     
264	280   	11392.1	19308.8	207.002	144161     
265	280   	11758.4	18245.2	207.002	94641.8    
266	280   	11810.4	18086.1	207.002	92703.7    
267	280   	14191.5	19970.9	207.002	118207     
268	280   	11236.4	17291  	207.002	92907.7    
269	280   	14961  	22034.4	207.002	229926     
270	280   	14605.1	21800.6	207.002	103954     
271	280   	12040  	19461.8	207.002	104667     
272	280   	15513.6	23238.7	207.002	127509     
273	280   	13654.1	19681.3	207.002	88594.6    
274	280   	10922.4	17936.7	205.781	109702     
275	280   	12072.8	18787.4	207.002	139752     
276	280   	10319.7	17363.3	207.002	107592     
277	280   	12426.9	19446.9	207.002	96970      
278	280   	11904.1	19617.1	207.002	139239     
279	280   	12108.5	19286.3	182.106	136695     
280	280   	11892.1	18699.1	182.106	94768.3    
281	280   	9783.74	15998.4	182.106	113645     
282	280   	10329.8	16383.8	182.106	113645     
283	280   	11448.6	18012.2	182.106	108073     
284	280   	11215.3	17369  	182.106	104704     
285	280   	10566  	16650.3	182.106	103913     
286	280   	11637.3	16741.5	182.106	91425.3    
287	280   	10792.4	15016.3	182.106	71755      
288	280   	10681.2	16861.5	182.106	141951     
289	280   	10145.6	16673  	182.106	138810     
290	280   	12950.8	18473.6	182.106	138810     
291	280   	12319.3	20094.8	182.106	141807     
292	280   	11216.1	17162.4	182.106	122694     
293	280   	9640.88	16054.2	207.002	103649     
294	280   	8847   	13817.6	207.002	115257     
295	280   	11441.5	15270.2	207.002	67656.9    
296	280   	10693.9	20217.5	207.002	281561     
297	280   	11836  	16344.8	196.681	94879.9    
298	280   	9699.77	15509.5	196.681	104439     
299	280   	9535.09	14519.5	196.681	104439     
300	280   	9261.72	14959.4	207.002	102009     
301	280   	10172.2	16492.2	207.002	116988     
302	280   	8234.13	13192.3	207.002	87594.1    
303	280   	9565.4 	14699.9	222.873	98902.9    
304	280   	9388.13	13361.9	222.873	74733.7    
305	280   	11857.2	16721  	222.873	133804     
306	280   	9782.5 	14540.7	222.873	103800     
307	280   	10131.5	14575.8	222.873	84461      
308	280   	9551.36	14512.3	222.873	86746.9    
309	280   	10672  	14798.6	222.873	95795.1    
310	280   	8413.33	13000.1	222.873	96882.6    
311	280   	9003.92	13353  	222.873	81079.4    
312	280   	9576.41	14406.2	222.873	89198      
313	280   	9113.16	14447.8	222.873	99615.2    
314	280   	10674.6	15703.1	222.873	89602.8    
315	280   	9680.72	15059.3	222.873	119007     
316	280   	9892.24	15125.6	222.873	119007     
317	280   	10673.6	14632.7	222.873	91534.5    
318	280   	9903.44	13920.7	222.873	86681.6    
319	280   	9382.61	13532.5	222.873	98830.1    
320	280   	9858.12	14505.3	222.873	98830.1    
321	280   	10995.9	14855.9	222.873	66776.4    
322	280   	10888.5	14804.4	222.873	66342.9    
323	280   	8904.96	13480.5	222.873	68860.2    
324	280   	8488.58	14917.6	222.873	98870.4    
325	280   	8540.2 	13689.8	222.873	110108     
326	280   	8890.65	13178.2	222.873	93715      
327	280   	9028.43	13713.1	222.873	121896     
328	280   	9899.21	14274.4	222.873	116887     
329	280   	9721.38	13946.1	218.289	89072.5    
330	280   	9917.82	14934  	218.289	91814.7    
331	280   	8918.47	14415.3	218.289	102717     
332	280   	9552.43	14273.4	218.289	73331.3    
333	280   	10627.7	14816.7	222.873	81602.1    
334	280   	10487.2	15321.8	222.873	88550      
335	280   	10415.8	15136.3	222.873	114943     
336	280   	10581.4	15245.3	222.873	105033     
337	280   	10050.6	13652.3	222.873	81541.3    
338	280   	10761.2	15445.1	222.873	118786     
339	280   	10687.7	15541.2	222.873	87642.3    
340	280   	11056.5	15523.3	222.873	96888      
341	280   	10458.9	14946.2	222.873	100110     
342	280   	9679.76	14222.1	222.873	102784     
343	280   	10400.4	13472.4	222.873	69816.2    
344	280   	10966  	16063.9	222.873	111128     
345	280   	9014.67	14244.8	222.873	121988     
346	280   	11091  	15912.6	222.873	121988     
347	280   	10818.2	15556  	222.873	103717     
348	280   	11723.7	16037.2	222.873	113733     
349	280   	11015.2	15139.7	222.873	94933.1    
350	280   	11312.1	16732.9	222.873	111903     
351	280   	10715.1	14973  	222.873	97113.4    
352	280   	10404.3	15475  	183.724	114808     
353	280   	11422.8	15872.9	183.724	103783     
354	280   	11687.7	15773.3	183.724	98945.3    
355	280   	10128.5	13797.9	183.724	78590.7    
356	280   	11343.6	15844.5	183.724	100100     
357	280   	9284.77	15103.7	183.724	118787     
358	280   	9251.44	13553.8	183.724	67792.6    
359	280   	10485.2	14317.2	183.724	70654.4    
360	280   	11142.5	16844.1	182.232	131011     
361	280   	11487.4	16098.4	182.232	95764.5    
362	280   	10813.2	16251.8	182.232	120325     
363	280   	9820.99	14262.1	182.232	97367.8    
364	280   	10084.5	13433.8	181.688	86619.4    
365	280   	10293.3	14641  	181.688	101859     
366	280   	10502.8	14659.9	181.688	90759.9    
367	280   	9067.3 	13765.8	181.688	109177     
368	280   	10625.2	14887.2	181.688	75145.5    
369	280   	10984.7	15820.8	181.688	90531      
370	280   	11577.9	14832.1	181.688	84879.7    
371	280   	10202.6	14018  	181.276	79439.5    
372	280   	10041  	13497.5	181.276	87729.3    
373	280   	12200.5	15359.4	181.276	68659.7    
374	280   	10300.1	15802.7	181.276	132290     
375	280   	10950.6	15867  	181.276	152813     
376	280   	12376.7	16640.8	181.276	152813     
377	280   	11650.2	15027.8	181.276	115690     
378	280   	10741.9	15564.7	181.276	115690     
379	280   	9738.13	15528.4	181.276	99851.3    
380	280   	10685.8	14740.9	181.276	83493.5    
381	280   	8587.54	12789.7	181.276	83493.5    
382	280   	9665.21	14445.4	181.276	83493.5    
383	280   	10745.2	17144  	181.276	90704.5    
384	280   	10825.9	15549.1	181.276	98594      
385	280   	10190.1	14959.9	181.276	98594      
386	280   	10600.6	14496.1	181.276	83536.3    
387	280   	9653.22	14035.2	181.276	83649.6    
388	280   	10099.2	14672.8	181.276	95677.1    
389	280   	10030.8	15830  	181.276	99617.5    
390	280   	11062.3	17147.7	181.276	135894     
391	280   	9958.57	14774.6	181.276	83493.5    
392	280   	10347.7	14743.6	181.276	93879      
393	280   	9950.11	15632.2	181.276	97969.7    
394	280   	8064.3 	12735.8	181.276	78489.3    
395	280   	9803.71	14614.2	180.037	128099     
396	280   	9892.86	14443.1	180.037	111874     
397	280   	10015.9	14373.5	181.276	78371.7    
398	280   	10165.1	14985.1	181.276	89684.9    
399	280   	10555.9	16183.7	181.276	117005     
400	280   	9116.79	14197.7	181.276	92626.6    
401	280   	7992.18	13766.2	181.276	103855     
402	280   	10843.2	15325.3	181.276	92626.6    
403	280   	9054.01	14853  	181.276	91636.1    
404	280   	9683.64	16410.4	181.276	98742.2    
405	280   	8222.89	15165.9	181.276	128004     
406	280   	8812.14	13751.7	181.276	74622.6    
407	280   	9330.16	14439.7	181.276	72626.8    
408	280   	8815.77	14355  	181.276	88773      
409	280   	10248  	15381.8	181.276	81668.4    
410	280   	11330.4	16449.1	181.276	85724.3    
411	280   	8681.67	13883.1	181.276	73808.8    
412	280   	11591.3	16715.5	181.276	115061     
413	280   	10661.4	16635.1	181.276	103983     
414	280   	9874.43	16218.7	181.276	123023     
415	280   	10402  	17431.8	181.276	142201     
416	280   	10487.8	17406.2	181.276	121248     
417	280   	10853.8	16604.1	178.964	95606.8    
418	280   	11948.5	17702.5	178.964	116927     
419	280   	10547  	16408.7	178.964	106310     
420	280   	10089.7	16066.7	178.964	99869.4    
421	280   	11746.2	50026.7	178.964	1.12901e+06
422	280   	13152.9	21206  	178.964	103723     
423	280   	16968.5	24318  	154.681	99577.6    
424	280   	13971.9	20491  	154.681	87701.1    
425	280   	11191.1	18119.1	154.681	118776     
426	280   	10727  	16255.3	154.681	78607.6    
427	280   	12278.4	18193.9	154.681	80582      
428	280   	9661.7 	15655.9	154.681	123791     
429	280   	9307.77	14910.1	154.681	95800.7    
430	280   	11946.3	18876.7	154.681	113927     
431	280   	11586.4	17355.7	154.681	103867     
432	280   	8783.95	15242.4	154.681	111817     
433	280   	11666.3	18202.3	154.681	108056     
434	280   	10429.8	16178.8	154.681	107516     
435	280   	10761.5	17040.1	154.681	120131     
436	280   	11264.1	17281.5	154.681	114702     
437	280   	10652.2	16474.8	154.681	94522.6    
438	280   	9220.04	16345.4	154.681	166674     
439	280   	10459.4	16234.4	154.681	89536.2    
440	280   	10433  	15435.2	154.681	91727.8    
441	280   	10231.6	15479.2	154.681	90631.1    
442	280   	12466.6	19485.2	154.681	159137     
443	280   	10279.6	16665.1	154.681	108793     
444	280   	10036  	16204  	154.681	90646.1    
445	280   	11677.8	17036.3	154.681	93743.7    
446	280   	10233.5	16451.2	154.681	115732     
447	280   	9185.51	15652.3	154.681	138952     
448	280   	11143.6	16117.1	154.681	99958      
449	280   	12053.6	16548.9	154.681	101564     
450	280   	11223.3	16345.7	154.681	107740     
451	280   	10368.7	14646.3	154.681	92700.7    
452	280   	10638.8	15515.4	154.681	89892.3    
453	280   	10576.1	15341.6	154.681	91955.7    
454	280   	9968.54	14934.2	154.681	78411.6    
455	280   	9508.46	15147.4	154.681	99933.5    
456	280   	10475.3	14652.4	154.681	80811.9    
457	280   	9955.27	16302.7	154.681	117827     
458	280   	9196.17	16308.9	154.681	149850     
459	280   	10478.1	16528.6	154.681	86836.5    
460	280   	8748.04	14203.5	154.681	97873.1    
461	280   	8787.88	15243.5	154.681	143193     
462	280   	10413.7	16656.5	154.681	96652.3    
463	280   	10245  	17087.5	154.681	172110     
464	280   	9598.53	14802.7	154.681	84666.5    
465	280   	9865.16	14264.2	154.681	80094.5    
466	280   	9405.51	15621.5	154.681	102728     
467	280   	9896.76	15608.4	154.681	102728     
468	280   	8137.15	13472  	154.681	102728     
469	280   	9582.45	16544.2	154.681	151909     
470	280   	10210.4	24628.9	154.681	448876     
471	280   	9841.71	16847  	154.681	100954     
472	280   	10591.6	18572.2	154.681	117881     
473	280   	10254.6	16336.7	154.681	88394.8    
474	280   	11003.4	16880.2	154.681	105572     
475	280   	10470.4	15500.2	154.681	85511.2    
476	280   	12180.8	18550.3	154.681	114662     
477	280   	9855.21	15040.1	154.681	101698     
478	280   	9528.11	15193.8	154.681	103768     
479	280   	10626  	16369.5	154.681	103768     
480	280   	8747.72	15027.5	154.681	103768     
481	280   	12051  	18768.9	154.681	111981     
482	280   	10301.7	16641.6	154.681	109966     
483	280   	10945.3	16686.2	154.681	132066     
484	280   	9886.57	15921.1	154.681	103542     
485	280   	11822.1	17190.4	154.681	101797     
486	280   	10050  	15645.3	154.681	80602.1    
487	280   	10269.2	14682.5	154.681	82896.9    
488	280   	9058.4 	13762.9	154.681	98648.6    
489	280   	10382.7	14660.1	154.681	101663     
490	280   	8923.13	13703.7	154.681	80701.4    
491	280   	7811.45	13353.4	154.681	99757.7    
492	280   	8657.28	14653.4	154.681	109973     
493	280   	10211.8	16583.2	154.681	162876     
494	280   	10022.9	15350.5	154.681	79588.9    
495	280   	10306.2	17194.7	154.681	181846     
496	280   	9474.2 	14092.1	154.681	73518.9    
497	280   	9493.51	14058.2	154.681	88889.4    
498	280   	9148.53	14515.9	154.681	78450.8    
499	280   	12058.5	17113.4	154.681	89704.4    
500	280   	10207.8	16008.5	154.681	100715     
Time elapsed: 35279 seconds.


Batch Job Summary Report (version 21.01.1) for Job "bpopt" (46871483) on daint

Job information (1/2)
-----------------------------------------------------------------------------------------------------
             Submit            Eligible               Start                 End    Elapsed Time limit
------------------- ------------------- ------------------- ------------------- ---------- ----------
2023-05-27T11:34:23 2023-05-27T11:34:23 2023-05-27T11:34:24 2023-05-27T21:23:42   09:49:18   23:59:00
-----------------------------------------------------------------------------------------------------

Job information (2/2)
-------------------------------------------------------------
    Username      Account    Partition   NNodes        Energy
------------ ------------ ------------ -------- -------------
    bp000145       ich030       normal        5  41828.760 kJ

